2.9767 	INFO 	Loaded monitor calibration from ['2022_11_13 16:33']
2.9797 	WARNING 	User requested fullscreen with size [1536  864], but screen is actually [1920, 1080]. Using actual size
4.3580 	EXP 	Created window1 = Window(allowGUI=True, allowStencil=False, autoLog=True, backendConf=UNKNOWN, bitsMode=UNKNOWN, blendMode='avg', bpc=(8, 8, 8), color=array([0.3254902, 0.3254902, 0.3254902]), colorSpace='rgb', depthBits=8, fullscr=<method-wrapper '__getattribute__' of attributeSetter object at 0x000002085AC1AFD0>, gamma=None, gammaErrorPolicy='raise', lms=UNKNOWN, monitor=<psychopy.monitors.calibTools.Monitor object at 0x000002085CD41160>, multiSample=False, name='window1', numSamples=2, pos=(0, 0), screen=0, size=array([1920, 1080]), stencilBits=0, stereo=False, units='pix', useFBO=False, useRetina=False, viewOri=0.0, viewPos=None, viewScale=None, waitBlanking=True, winType='pyglet')
4.3582 	EXP 	window1: mouseVisible = True
4.3583 	EXP 	window1: mouseVisible = False
4.3584 	EXP 	window1: Attempting to measure frame rate of screen (0) ...
4.3584 	EXP 	window1: recordFrameIntervals = False
4.5238 	EXP 	window1: recordFrameIntervals = True
5.0407 	EXP 	Screen (0) actual frame rate measured at 59.99Hz
5.0407 	EXP 	window1: recordFrameIntervals = False
5.0408 	INFO 	Detected framerate: 60 frames per sec.
5.0408 	INFO 	FRAME RATE: 60
5.0409 	INFO 	SCREEN RES: odict_values([1536, 864])
5.1906 	EXP 	Created unnamed TextStim = TextStim(__class__=<class 'psychopy.visual.text.TextStim'>, alignHoriz=method-wrapper(...), alignText='center', alignVert=method-wrapper(...), anchorHoriz='center', anchorVert='center', antialias=True, autoDraw=False, autoLog=True, bold=False, color=array([-1, -1, -1]), colorSpace='rgb', contrast=1.0, depth=0, flipHoriz=False, flipVert=False, font='', fontFiles=[], height=100.0, italic=False, languageStyle='LTR', name='unnamed TextStim', opacity=1.0, ori=0.0, pos=array([0., 0.]), rgb=UNKNOWN, text='+', units='pix', win=Window(...), wrapWidth=500)
5.1948 	EXP 	Created unnamed Circle = Circle(__class__=<class 'psychopy.visual.circle.Circle'>, anchor=('center', 'center'), autoDraw=False, autoLog=True, closeShape=True, color=method-wrapper(...), colorSpace='rgb', contrast=None, depth=0, fillColor=array([ 0.09019608, -1.        , -1.        ]), fillColorSpace='rgb', fillRGB=array([ 0.09019608, -1.        , -1.        ]), interpolate=True, lineColor=array([ 0.09019608, -1.        , -1.        ]), lineColorSpace='rgb', lineRGB=array([ 0.09019608, -1.        , -1.        ]), lineWidth=1.5, name='unnamed Circle', opacity=1.0, ori=0.0, pos=array([0., 0.]), size=array([1., 1.]), units='pix', vertices=ndarray(...), win=Window(...))
5.1962 	EXP 	Created unnamed TextStim = TextStim(__class__=<class 'psychopy.visual.text.TextStim'>, alignHoriz=method-wrapper(...), alignText='center', alignVert=method-wrapper(...), anchorHoriz='center', anchorVert='center', antialias=True, autoDraw=False, autoLog=True, bold=False, color=array([-0.17647059, -0.17647059, -0.17647059]), colorSpace='rgb', contrast=1.0, depth=0, flipHoriz=False, flipVert=False, font='', fontFiles=[], height=25, italic=False, languageStyle='LTR', name='unnamed TextStim', opacity=1.0, ori=0.0, pos=array([0., 0.]), rgb=UNKNOWN, text='', units='pix', win=Window(...), wrapWidth=500)
5.2043 	EXP 	Created unnamed ImageStim = ImageStim(__class__=<class 'psychopy.visual.image.ImageStim'>, anchor=('center', 'center'), autoLog=True, color=array([1., 1., 1.]), colorSpace='rgb', contrast=1.0, depth=0, flipHoriz=False, flipVert=False, image='images\\mask4.png', interpolate=False, mask=None, maskParams=None, name='unnamed ImageStim', opacity=1.0, ori=0.0, pos=array([0., 0.]), size=array([25., 25.]), texRes=128, units='pix', win=Window(...))
5.2124 	EXP 	Created unnamed TextStim = TextStim(__class__=<class 'psychopy.visual.text.TextStim'>, alignHoriz=method-wrapper(...), alignText='center', alignVert=method-wrapper(...), anchorHoriz='center', anchorVert='center', antialias=True, autoDraw=False, autoLog=True, bold=False, color=array([-1, -1, -1]), colorSpace='rgb', contrast=1.0, depth=0, flipHoriz=False, flipVert=False, font='', fontFiles=[], height=30.0, italic=False, languageStyle='LTR', name='unnamed TextStim', opacity=1.0, ori=0.0, pos=array([ 100., -300.]), rgb=UNKNOWN, text=str(...), units='pix', win=Window(...), wrapWidth=10000)
5.2237 	EXP 	Created unnamed TextStim = TextStim(__class__=<class 'psychopy.visual.text.TextStim'>, alignHoriz=method-wrapper(...), alignText='center', alignVert=method-wrapper(...), anchorHoriz='center', anchorVert='center', antialias=True, autoDraw=False, autoLog=True, bold=False, color=array([-1, -1, -1]), colorSpace='rgb', contrast=1.0, depth=0, flipHoriz=False, flipVert=False, font='', fontFiles=[], height=30.0, italic=False, languageStyle='LTR', name='unnamed TextStim', opacity=1.0, ori=0.0, pos=array([ 100., -330.]), rgb=UNKNOWN, text=str(...), units='pix', win=Window(...), wrapWidth=10000)
5.2763 	EXP 	Created unnamed TextStim = TextStim(__class__=<class 'psychopy.visual.text.TextStim'>, alignHoriz=method-wrapper(...), alignText='center', alignVert=method-wrapper(...), anchorHoriz='center', anchorVert='center', antialias=True, autoDraw=False, autoLog=True, bold=False, color=array([-1, -1, -1]), colorSpace='rgb', contrast=1.0, depth=0, flipHoriz=False, flipVert=False, font='', fontFiles=[], height=20.0, italic=False, languageStyle='LTR', name='unnamed TextStim', opacity=1.0, ori=0.0, pos=array([0., 0.]), rgb=UNKNOWN, text=str(...), units='pix', win=Window(...), wrapWidth=1536)
12.2385 	DATA 	Keypress: space
12.2517 	EXP 	Created unnamed TextStim = TextStim(__class__=<class 'psychopy.visual.text.TextStim'>, alignHoriz=method-wrapper(...), alignText='center', alignVert=method-wrapper(...), anchorHoriz='center', anchorVert='center', antialias=True, autoDraw=False, autoLog=True, bold=False, color=array([-1, -1, -1]), colorSpace='rgb', contrast=1.0, depth=0, flipHoriz=False, flipVert=False, font='', fontFiles=[], height=20.0, italic=False, languageStyle='LTR', name='unnamed TextStim', opacity=1.0, ori=0.0, pos=array([0., 0.]), rgb=UNKNOWN, text=str(...), units='pix', win=Window(...), wrapWidth=1536)
13.8481 	DATA 	Keypress: space
13.8648 	EXP 	Created unnamed TextStim = TextStim(__class__=<class 'psychopy.visual.text.TextStim'>, alignHoriz=method-wrapper(...), alignText='center', alignVert=method-wrapper(...), anchorHoriz='center', anchorVert='center', antialias=True, autoDraw=False, autoLog=True, bold=False, color=array([-1, -1, -1]), colorSpace='rgb', contrast=1.0, depth=0, flipHoriz=False, flipVert=False, font='', fontFiles=[], height=20.0, italic=False, languageStyle='LTR', name='unnamed TextStim', opacity=1.0, ori=0.0, pos=array([0., 0.]), rgb=UNKNOWN, text=str(...), units='pix', win=Window(...), wrapWidth=1536)
14.4232 	DATA 	Keypress: space
14.4406 	EXP 	unnamed TextStim: height = 25.0
14.4406 	EXP 	unnamed TextStim: height = 25.0
14.4406 	EXP 	unnamed TextStim: height = 25.0
14.4406 	EXP 	unnamed TextStim: text = '←'
17.8910 	DATA 	No keypress (maxWait exceeded)
17.9007 	EXP 	Created unnamed TextStim = TextStim(__class__=<class 'psychopy.visual.text.TextStim'>, alignHoriz=method-wrapper(...), alignText='center', alignVert=method-wrapper(...), anchorHoriz='center', anchorVert='center', antialias=True, autoDraw=False, autoLog=True, bold=False, color=array([-1, -1, -1]), colorSpace='rgb', contrast=1.0, depth=0, flipHoriz=False, flipVert=False, font='', fontFiles=[], height=50.0, italic=False, languageStyle='LTR', name='unnamed TextStim', opacity=1.0, ori=0.0, pos=array([0., 0.]), rgb=UNKNOWN, text='Niepoprawnie', units='pix', win=Window(...), wrapWidth=500)
18.7085 	DATA 	Keypress: q
18.7086 	DATA 	Keypress: q
18.8688 	DATA 	Keypress: q
18.9239 	EXP 	unnamed TextStim: height = 25.0
18.9239 	EXP 	unnamed TextStim: height = 25.0
18.9239 	EXP 	unnamed TextStim: height = 25.0
18.9239 	EXP 	unnamed TextStim: text = '↑'
19.2588 	DATA 	Keypress: q
19.5913 	DATA 	Keypress: q
19.8243 	DATA 	Keypress: q
20.0420 	DATA 	Keypress: q
20.2416 	DATA 	Keypress: q
20.6788 	DATA 	Keypress: f7
21.0963 	DATA 	Keypress: f7
21.3253 	DATA 	Keypress: f7
21.5196 	DATA 	Keypress: f7
21.7271 	DATA 	Keypress: f7
21.9246 	DATA 	Keypress: f7
22.0959 	DATA 	Keypress: f7
22.1244 	DATA 	No keypress (maxWait exceeded)
22.1274 	EXP 	Created unnamed TextStim = TextStim(__class__=<class 'psychopy.visual.text.TextStim'>, alignHoriz=method-wrapper(...), alignText='center', alignVert=method-wrapper(...), anchorHoriz='center', anchorVert='center', antialias=True, autoDraw=False, autoLog=True, bold=False, color=array([-1, -1, -1]), colorSpace='rgb', contrast=1.0, depth=0, flipHoriz=False, flipVert=False, font='', fontFiles=[], height=50.0, italic=False, languageStyle='LTR', name='unnamed TextStim', opacity=1.0, ori=0.0, pos=array([0., 0.]), rgb=UNKNOWN, text='Niepoprawnie', units='pix', win=Window(...), wrapWidth=500)
22.9414 	DATA 	Keypress: f7
22.9417 	DATA 	Keypress: f7
22.9419 	DATA 	Keypress: f7
22.9423 	DATA 	Keypress: f7
23.0677 	DATA 	Keypress: f7
23.1573 	EXP 	unnamed TextStim: height = 25.0
23.1573 	EXP 	unnamed TextStim: height = 25.0
23.1573 	EXP 	unnamed TextStim: height = 25.0
23.1573 	EXP 	unnamed TextStim: text = '→'
23.2756 	DATA 	Keypress: f7
23.4755 	DATA 	Keypress: f7
23.6748 	DATA 	Keypress: f7
23.8581 	DATA 	Keypress: f7
24.0582 	DATA 	Keypress: f7
24.2582 	DATA 	Keypress: f7
24.4426 	DATA 	Keypress: f7
24.6422 	DATA 	Keypress: f7
24.8423 	DATA 	Keypress: f7
25.0417 	DATA 	Keypress: f7
25.2455 	DATA 	Keypress: f7
25.4573 	DATA 	Keypress: f7
26.6577 	DATA 	Keypress: q
26.6579 	DATA 	No keypress (maxWait exceeded)
26.6610 	EXP 	Created unnamed TextStim = TextStim(__class__=<class 'psychopy.visual.text.TextStim'>, alignHoriz=method-wrapper(...), alignText='center', alignVert=method-wrapper(...), anchorHoriz='center', anchorVert='center', antialias=True, autoDraw=False, autoLog=True, bold=False, color=array([-1, -1, -1]), colorSpace='rgb', contrast=1.0, depth=0, flipHoriz=False, flipVert=False, font='', fontFiles=[], height=50.0, italic=False, languageStyle='LTR', name='unnamed TextStim', opacity=1.0, ori=0.0, pos=array([0., 0.]), rgb=UNKNOWN, text='Niepoprawnie', units='pix', win=Window(...), wrapWidth=500)
27.4754 	DATA 	Keypress: q
27.4758 	DATA 	Keypress: q
27.4761 	DATA 	Keypress: q
27.4764 	DATA 	Keypress: q
27.6035 	DATA 	Keypress: q
27.6910 	EXP 	unnamed TextStim: height = 25.0
27.6910 	EXP 	unnamed TextStim: height = 25.0
27.6910 	EXP 	unnamed TextStim: height = 25.0
27.6910 	EXP 	unnamed TextStim: text = '↑'
27.7923 	DATA 	Keypress: q
28.1591 	DATA 	Keypress: f7
28.3584 	DATA 	Keypress: f7
28.5251 	DATA 	Keypress: f7
31.0748 	DATA 	No keypress (maxWait exceeded)
31.0781 	EXP 	Created unnamed TextStim = TextStim(__class__=<class 'psychopy.visual.text.TextStim'>, alignHoriz=method-wrapper(...), alignText='center', alignVert=method-wrapper(...), anchorHoriz='center', anchorVert='center', antialias=True, autoDraw=False, autoLog=True, bold=False, color=array([-1, -1, -1]), colorSpace='rgb', contrast=1.0, depth=0, flipHoriz=False, flipVert=False, font='', fontFiles=[], height=50.0, italic=False, languageStyle='LTR', name='unnamed TextStim', opacity=1.0, ori=0.0, pos=array([0., 0.]), rgb=UNKNOWN, text='Niepoprawnie', units='pix', win=Window(...), wrapWidth=500)
32.1078 	EXP 	unnamed TextStim: height = 25.0
32.1078 	EXP 	unnamed TextStim: height = 25.0
32.1078 	EXP 	unnamed TextStim: height = 25.0
32.1078 	EXP 	unnamed TextStim: text = '↓'
35.4416 	DATA 	No keypress (maxWait exceeded)
35.4447 	EXP 	Created unnamed TextStim = TextStim(__class__=<class 'psychopy.visual.text.TextStim'>, alignHoriz=method-wrapper(...), alignText='center', alignVert=method-wrapper(...), anchorHoriz='center', anchorVert='center', antialias=True, autoDraw=False, autoLog=True, bold=False, color=array([-1, -1, -1]), colorSpace='rgb', contrast=1.0, depth=0, flipHoriz=False, flipVert=False, font='', fontFiles=[], height=50.0, italic=False, languageStyle='LTR', name='unnamed TextStim', opacity=1.0, ori=0.0, pos=array([0., 0.]), rgb=UNKNOWN, text='Niepoprawnie', units='pix', win=Window(...), wrapWidth=500)
36.4745 	EXP 	unnamed TextStim: height = 25.0
36.4745 	EXP 	unnamed TextStim: height = 25.0
36.4745 	EXP 	unnamed TextStim: height = 25.0
36.4745 	EXP 	unnamed TextStim: text = '←'
39.9584 	DATA 	No keypress (maxWait exceeded)
39.9614 	EXP 	Created unnamed TextStim = TextStim(__class__=<class 'psychopy.visual.text.TextStim'>, alignHoriz=method-wrapper(...), alignText='center', alignVert=method-wrapper(...), anchorHoriz='center', anchorVert='center', antialias=True, autoDraw=False, autoLog=True, bold=False, color=array([-1, -1, -1]), colorSpace='rgb', contrast=1.0, depth=0, flipHoriz=False, flipVert=False, font='', fontFiles=[], height=50.0, italic=False, languageStyle='LTR', name='unnamed TextStim', opacity=1.0, ori=0.0, pos=array([0., 0.]), rgb=UNKNOWN, text='Niepoprawnie', units='pix', win=Window(...), wrapWidth=500)
40.9916 	EXP 	unnamed TextStim: height = 25.0
40.9916 	EXP 	unnamed TextStim: height = 25.0
40.9916 	EXP 	unnamed TextStim: height = 25.0
40.9916 	EXP 	unnamed TextStim: text = '↑'
44.3419 	DATA 	No keypress (maxWait exceeded)
44.3447 	EXP 	Created unnamed TextStim = TextStim(__class__=<class 'psychopy.visual.text.TextStim'>, alignHoriz=method-wrapper(...), alignText='center', alignVert=method-wrapper(...), anchorHoriz='center', anchorVert='center', antialias=True, autoDraw=False, autoLog=True, bold=False, color=array([-1, -1, -1]), colorSpace='rgb', contrast=1.0, depth=0, flipHoriz=False, flipVert=False, font='', fontFiles=[], height=50.0, italic=False, languageStyle='LTR', name='unnamed TextStim', opacity=1.0, ori=0.0, pos=array([0., 0.]), rgb=UNKNOWN, text='Niepoprawnie', units='pix', win=Window(...), wrapWidth=500)
45.3750 	EXP 	unnamed TextStim: height = 25.0
45.3750 	EXP 	unnamed TextStim: height = 25.0
45.3750 	EXP 	unnamed TextStim: height = 25.0
45.3750 	EXP 	unnamed TextStim: text = '↓'
48.6087 	DATA 	No keypress (maxWait exceeded)
48.6118 	EXP 	Created unnamed TextStim = TextStim(__class__=<class 'psychopy.visual.text.TextStim'>, alignHoriz=method-wrapper(...), alignText='center', alignVert=method-wrapper(...), anchorHoriz='center', anchorVert='center', antialias=True, autoDraw=False, autoLog=True, bold=False, color=array([-1, -1, -1]), colorSpace='rgb', contrast=1.0, depth=0, flipHoriz=False, flipVert=False, font='', fontFiles=[], height=50.0, italic=False, languageStyle='LTR', name='unnamed TextStim', opacity=1.0, ori=0.0, pos=array([0., 0.]), rgb=UNKNOWN, text='Niepoprawnie', units='pix', win=Window(...), wrapWidth=500)
49.6419 	EXP 	unnamed TextStim: height = 25.0
49.6419 	EXP 	unnamed TextStim: height = 25.0
49.6419 	EXP 	unnamed TextStim: height = 25.0
49.6419 	EXP 	unnamed TextStim: text = '↑'
53.0255 	DATA 	No keypress (maxWait exceeded)
53.0289 	EXP 	Created unnamed TextStim = TextStim(__class__=<class 'psychopy.visual.text.TextStim'>, alignHoriz=method-wrapper(...), alignText='center', alignVert=method-wrapper(...), anchorHoriz='center', anchorVert='center', antialias=True, autoDraw=False, autoLog=True, bold=False, color=array([-1, -1, -1]), colorSpace='rgb', contrast=1.0, depth=0, flipHoriz=False, flipVert=False, font='', fontFiles=[], height=50.0, italic=False, languageStyle='LTR', name='unnamed TextStim', opacity=1.0, ori=0.0, pos=array([0., 0.]), rgb=UNKNOWN, text='Niepoprawnie', units='pix', win=Window(...), wrapWidth=500)
54.0587 	EXP 	unnamed TextStim: height = 25.0
54.0587 	EXP 	unnamed TextStim: height = 25.0
54.0587 	EXP 	unnamed TextStim: height = 25.0
54.0587 	EXP 	unnamed TextStim: text = '←'
57.6258 	DATA 	No keypress (maxWait exceeded)
57.6288 	EXP 	Created unnamed TextStim = TextStim(__class__=<class 'psychopy.visual.text.TextStim'>, alignHoriz=method-wrapper(...), alignText='center', alignVert=method-wrapper(...), anchorHoriz='center', anchorVert='center', antialias=True, autoDraw=False, autoLog=True, bold=False, color=array([-1, -1, -1]), colorSpace='rgb', contrast=1.0, depth=0, flipHoriz=False, flipVert=False, font='', fontFiles=[], height=50.0, italic=False, languageStyle='LTR', name='unnamed TextStim', opacity=1.0, ori=0.0, pos=array([0., 0.]), rgb=UNKNOWN, text='Niepoprawnie', units='pix', win=Window(...), wrapWidth=500)
58.6723 	EXP 	Created unnamed TextStim = TextStim(__class__=<class 'psychopy.visual.text.TextStim'>, alignHoriz=method-wrapper(...), alignText='center', alignVert=method-wrapper(...), anchorHoriz='center', anchorVert='center', antialias=True, autoDraw=False, autoLog=True, bold=False, color=array([-1, -1, -1]), colorSpace='rgb', contrast=1.0, depth=0, flipHoriz=False, flipVert=False, font='', fontFiles=[], height=20.0, italic=False, languageStyle='LTR', name='unnamed TextStim', opacity=1.0, ori=0.0, pos=array([0., 0.]), rgb=UNKNOWN, text=str(...), units='pix', win=Window(...), wrapWidth=1536)
70.6560 	DATA 	Keypress: q
71.0989 	DATA 	Keypress: q
72.7074 	DATA 	Keypress: f7
72.7075 	CRITICAL 	Experiment finished by user on info screen! F7 pressed.
72.7989 	EXP 	window1: mouseVisible = True
