9.1994 	WARNING 	User requested fullscreen with size [1536  864], but screen is actually [1920, 1080]. Using actual size
10.7088 	INFO 	FRAME RATE: 60
10.7088 	INFO 	SCREEN RES: odict_values([1536, 864])
10.7677 	EXP 	Created unnamed TextStim = TextStim(__class__=<class 'psychopy.visual.text.TextStim'>, alignHoriz=method-wrapper(...), alignText='center', alignVert=method-wrapper(...), anchorHoriz='center', anchorVert='center', antialias=True, autoDraw=False, autoLog=True, bold=False, color=array([-1, -1, -1]), colorSpace='rgb', contrast=1.0, depth=0, flipHoriz=False, flipVert=False, font='', fontFiles=[], height=100.0, italic=False, languageStyle='LTR', name='unnamed TextStim', opacity=1.0, ori=0.0, pos=array([0., 0.]), rgb=UNKNOWN, text='+', units='pix', win=Window(...), wrapWidth=500)
10.7719 	EXP 	Created unnamed Circle = Circle(__class__=<class 'psychopy.visual.circle.Circle'>, anchor=('center', 'center'), autoDraw=False, autoLog=True, closeShape=True, color=method-wrapper(...), colorSpace='rgb', contrast=None, depth=0, fillColor=array([ 0.09019608, -1.        , -1.        ]), fillColorSpace='rgb', fillRGB=array([ 0.09019608, -1.        , -1.        ]), interpolate=True, lineColor=array([ 0.09019608, -1.        , -1.        ]), lineColorSpace='rgb', lineRGB=array([ 0.09019608, -1.        , -1.        ]), lineWidth=1.5, name='unnamed Circle', opacity=1.0, ori=0.0, pos=array([0., 0.]), size=array([1., 1.]), units='pix', vertices=ndarray(...), win=Window(...))
10.7728 	EXP 	Created unnamed TextStim = TextStim(__class__=<class 'psychopy.visual.text.TextStim'>, alignHoriz=method-wrapper(...), alignText='center', alignVert=method-wrapper(...), anchorHoriz='center', anchorVert='center', antialias=True, autoDraw=False, autoLog=True, bold=False, color=array([-0.17647059, -0.17647059, -0.17647059]), colorSpace='rgb', contrast=1.0, depth=0, flipHoriz=False, flipVert=False, font='', fontFiles=[], height=25, italic=False, languageStyle='LTR', name='unnamed TextStim', opacity=1.0, ori=0.0, pos=array([0., 0.]), rgb=UNKNOWN, text='', units='pix', win=Window(...), wrapWidth=500)
10.7814 	EXP 	Created unnamed ImageStim = ImageStim(__class__=<class 'psychopy.visual.image.ImageStim'>, anchor=('center', 'center'), autoLog=True, color=array([1., 1., 1.]), colorSpace='rgb', contrast=1.0, depth=0, flipHoriz=False, flipVert=False, image='mask4.png', interpolate=False, mask=None, maskParams=None, name='unnamed ImageStim', opacity=1.0, ori=0.0, pos=array([0., 0.]), size=array([25., 25.]), texRes=128, units='pix', win=Window(...))
10.7888 	EXP 	Created unnamed TextStim = TextStim(__class__=<class 'psychopy.visual.text.TextStim'>, alignHoriz=method-wrapper(...), alignText='center', alignVert=method-wrapper(...), anchorHoriz='center', anchorVert='center', antialias=True, autoDraw=False, autoLog=True, bold=False, color=array([-1, -1, -1]), colorSpace='rgb', contrast=1.0, depth=0, flipHoriz=False, flipVert=False, font='', fontFiles=[], height=30.0, italic=False, languageStyle='LTR', name='unnamed TextStim', opacity=1.0, ori=0.0, pos=array([ 100., -300.]), rgb=UNKNOWN, text=str(...), units='pix', win=Window(...), wrapWidth=10000)
10.7992 	EXP 	Created unnamed TextStim = TextStim(__class__=<class 'psychopy.visual.text.TextStim'>, alignHoriz=method-wrapper(...), alignText='center', alignVert=method-wrapper(...), anchorHoriz='center', anchorVert='center', antialias=True, autoDraw=False, autoLog=True, bold=False, color=array([-1, -1, -1]), colorSpace='rgb', contrast=1.0, depth=0, flipHoriz=False, flipVert=False, font='', fontFiles=[], height=30.0, italic=False, languageStyle='LTR', name='unnamed TextStim', opacity=1.0, ori=0.0, pos=array([ 100., -330.]), rgb=UNKNOWN, text=str(...), units='pix', win=Window(...), wrapWidth=10000)
10.8368 	EXP 	Created unnamed TextStim = TextStim(__class__=<class 'psychopy.visual.text.TextStim'>, alignHoriz=method-wrapper(...), alignText='center', alignVert=method-wrapper(...), anchorHoriz='center', anchorVert='center', antialias=True, autoDraw=False, autoLog=True, bold=False, color=array([-1, -1, -1]), colorSpace='rgb', contrast=1.0, depth=0, flipHoriz=False, flipVert=False, font='', fontFiles=[], height=28.0, italic=False, languageStyle='LTR', name='unnamed TextStim', opacity=1.0, ori=0.0, pos=array([0., 0.]), rgb=UNKNOWN, text=str(...), units='pix', win=Window(...), wrapWidth=1536)
30.3113 	DATA 	Keypress: space
30.3245 	EXP 	unnamed TextStim: height = 25.0
30.3245 	EXP 	unnamed TextStim: height = 25.0
30.3245 	EXP 	unnamed TextStim: height = 25.0
30.3245 	EXP 	unnamed TextStim: text = '↓'
32.0091 	DATA 	Keypress: down
32.0219 	EXP 	Created unnamed TextStim = TextStim(__class__=<class 'psychopy.visual.text.TextStim'>, alignHoriz=method-wrapper(...), alignText='center', alignVert=method-wrapper(...), anchorHoriz='center', anchorVert='center', antialias=True, autoDraw=False, autoLog=True, bold=False, color=array([-1, -1, -1]), colorSpace='rgb', contrast=1.0, depth=0, flipHoriz=False, flipVert=False, font='', fontFiles=[], height=50.0, italic=False, languageStyle='LTR', name='unnamed TextStim', opacity=1.0, ori=0.0, pos=array([0., 0.]), rgb=UNKNOWN, text='Poprawnie', units='pix', win=Window(...), wrapWidth=500)
33.6077 	EXP 	unnamed TextStim: height = 25.0
33.6077 	EXP 	unnamed TextStim: height = 25.0
33.6077 	EXP 	unnamed TextStim: height = 25.0
33.6077 	EXP 	unnamed TextStim: text = '→'
35.4242 	EXP 	Created unnamed TextStim = TextStim(__class__=<class 'psychopy.visual.text.TextStim'>, alignHoriz=method-wrapper(...), alignText='center', alignVert=method-wrapper(...), anchorHoriz='center', anchorVert='center', antialias=True, autoDraw=False, autoLog=True, bold=False, color=array([-1, -1, -1]), colorSpace='rgb', contrast=1.0, depth=0, flipHoriz=False, flipVert=False, font='', fontFiles=[], height=50.0, italic=False, languageStyle='LTR', name='unnamed TextStim', opacity=1.0, ori=0.0, pos=array([0., 0.]), rgb=UNKNOWN, text='Brak reakcji', units='pix', win=Window(...), wrapWidth=500)
36.6465 	DATA 	Keypress: right
36.8490 	EXP 	unnamed TextStim: height = 25.0
36.8490 	EXP 	unnamed TextStim: height = 25.0
36.8490 	EXP 	unnamed TextStim: height = 25.0
36.8490 	EXP 	unnamed TextStim: text = '↓'
38.6273 	DATA 	Keypress: down
38.6473 	EXP 	Created unnamed TextStim = TextStim(__class__=<class 'psychopy.visual.text.TextStim'>, alignHoriz=method-wrapper(...), alignText='center', alignVert=method-wrapper(...), anchorHoriz='center', anchorVert='center', antialias=True, autoDraw=False, autoLog=True, bold=False, color=array([-1, -1, -1]), colorSpace='rgb', contrast=1.0, depth=0, flipHoriz=False, flipVert=False, font='', fontFiles=[], height=50.0, italic=False, languageStyle='LTR', name='unnamed TextStim', opacity=1.0, ori=0.0, pos=array([0., 0.]), rgb=UNKNOWN, text='Brak reakcji', units='pix', win=Window(...), wrapWidth=500)
40.2205 	EXP 	unnamed TextStim: height = 25.0
40.2205 	EXP 	unnamed TextStim: height = 25.0
40.2205 	EXP 	unnamed TextStim: height = 25.0
40.2205 	EXP 	unnamed TextStim: text = '↑'
41.8590 	DATA 	Keypress: up
41.8639 	EXP 	Created unnamed TextStim = TextStim(__class__=<class 'psychopy.visual.text.TextStim'>, alignHoriz=method-wrapper(...), alignText='center', alignVert=method-wrapper(...), anchorHoriz='center', anchorVert='center', antialias=True, autoDraw=False, autoLog=True, bold=False, color=array([-1, -1, -1]), colorSpace='rgb', contrast=1.0, depth=0, flipHoriz=False, flipVert=False, font='', fontFiles=[], height=50.0, italic=False, languageStyle='LTR', name='unnamed TextStim', opacity=1.0, ori=0.0, pos=array([0., 0.]), rgb=UNKNOWN, text='Poprawnie', units='pix', win=Window(...), wrapWidth=500)
43.4520 	EXP 	unnamed TextStim: height = 25.0
43.4520 	EXP 	unnamed TextStim: height = 25.0
43.4520 	EXP 	unnamed TextStim: height = 25.0
43.4520 	EXP 	unnamed TextStim: text = '→'
45.1093 	DATA 	Keypress: right
45.1142 	EXP 	Created unnamed TextStim = TextStim(__class__=<class 'psychopy.visual.text.TextStim'>, alignHoriz=method-wrapper(...), alignText='center', alignVert=method-wrapper(...), anchorHoriz='center', anchorVert='center', antialias=True, autoDraw=False, autoLog=True, bold=False, color=array([-1, -1, -1]), colorSpace='rgb', contrast=1.0, depth=0, flipHoriz=False, flipVert=False, font='', fontFiles=[], height=50.0, italic=False, languageStyle='LTR', name='unnamed TextStim', opacity=1.0, ori=0.0, pos=array([0., 0.]), rgb=UNKNOWN, text='Poprawnie', units='pix', win=Window(...), wrapWidth=500)
46.6174 	EXP 	unnamed TextStim: height = 25.0
46.6174 	EXP 	unnamed TextStim: height = 25.0
46.6174 	EXP 	unnamed TextStim: height = 25.0
46.6174 	EXP 	unnamed TextStim: text = '↓'
48.1092 	DATA 	Keypress: down
48.1139 	EXP 	Created unnamed TextStim = TextStim(__class__=<class 'psychopy.visual.text.TextStim'>, alignHoriz=method-wrapper(...), alignText='center', alignVert=method-wrapper(...), anchorHoriz='center', anchorVert='center', antialias=True, autoDraw=False, autoLog=True, bold=False, color=array([-1, -1, -1]), colorSpace='rgb', contrast=1.0, depth=0, flipHoriz=False, flipVert=False, font='', fontFiles=[], height=50.0, italic=False, languageStyle='LTR', name='unnamed TextStim', opacity=1.0, ori=0.0, pos=array([0., 0.]), rgb=UNKNOWN, text='Poprawnie', units='pix', win=Window(...), wrapWidth=500)
49.6334 	EXP 	unnamed TextStim: height = 25.0
49.6334 	EXP 	unnamed TextStim: height = 25.0
49.6334 	EXP 	unnamed TextStim: height = 25.0
49.6334 	EXP 	unnamed TextStim: text = '←'
51.3432 	DATA 	Keypress: left
51.3484 	EXP 	Created unnamed TextStim = TextStim(__class__=<class 'psychopy.visual.text.TextStim'>, alignHoriz=method-wrapper(...), alignText='center', alignVert=method-wrapper(...), anchorHoriz='center', anchorVert='center', antialias=True, autoDraw=False, autoLog=True, bold=False, color=array([-1, -1, -1]), colorSpace='rgb', contrast=1.0, depth=0, flipHoriz=False, flipVert=False, font='', fontFiles=[], height=50.0, italic=False, languageStyle='LTR', name='unnamed TextStim', opacity=1.0, ori=0.0, pos=array([0., 0.]), rgb=UNKNOWN, text='Poprawnie', units='pix', win=Window(...), wrapWidth=500)
53.0326 	EXP 	unnamed TextStim: height = 25.0
53.0326 	EXP 	unnamed TextStim: height = 25.0
53.0326 	EXP 	unnamed TextStim: height = 25.0
53.0326 	EXP 	unnamed TextStim: text = '↑'
54.6096 	DATA 	Keypress: up
54.6148 	EXP 	Created unnamed TextStim = TextStim(__class__=<class 'psychopy.visual.text.TextStim'>, alignHoriz=method-wrapper(...), alignText='center', alignVert=method-wrapper(...), anchorHoriz='center', anchorVert='center', antialias=True, autoDraw=False, autoLog=True, bold=False, color=array([-1, -1, -1]), colorSpace='rgb', contrast=1.0, depth=0, flipHoriz=False, flipVert=False, font='', fontFiles=[], height=50.0, italic=False, languageStyle='LTR', name='unnamed TextStim', opacity=1.0, ori=0.0, pos=array([0., 0.]), rgb=UNKNOWN, text='Poprawnie', units='pix', win=Window(...), wrapWidth=500)
56.1394 	EXP 	Created unnamed TextStim = TextStim(__class__=<class 'psychopy.visual.text.TextStim'>, alignHoriz=method-wrapper(...), alignText='center', alignVert=method-wrapper(...), anchorHoriz='center', anchorVert='center', antialias=True, autoDraw=False, autoLog=True, bold=False, color=array([-1, -1, -1]), colorSpace='rgb', contrast=1.0, depth=0, flipHoriz=False, flipVert=False, font='', fontFiles=[], height=28.0, italic=False, languageStyle='LTR', name='unnamed TextStim', opacity=1.0, ori=0.0, pos=array([0., 0.]), rgb=UNKNOWN, text=str(...), units='pix', win=Window(...), wrapWidth=1536)
58.6955 	DATA 	Keypress: space
58.7091 	EXP 	unnamed TextStim: height = 25.0
58.7091 	EXP 	unnamed TextStim: height = 25.0
58.7091 	EXP 	unnamed TextStim: height = 25.0
58.7091 	EXP 	unnamed TextStim: text = '→'
60.3946 	DATA 	Keypress: right
60.4259 	EXP 	unnamed TextStim: height = 25.0
60.4259 	EXP 	unnamed TextStim: height = 25.0
60.4259 	EXP 	unnamed TextStim: height = 25.0
60.4259 	EXP 	unnamed TextStim: text = '↓'
62.4759 	EXP 	unnamed TextStim: height = 25.0
62.4759 	EXP 	unnamed TextStim: height = 25.0
62.4759 	EXP 	unnamed TextStim: height = 25.0
62.4759 	EXP 	unnamed TextStim: text = '↑'
62.4772 	DATA 	Keypress: down
64.5266 	DATA 	Keypress: up
64.5269 	DATA 	Keypress: lshift
64.5428 	EXP 	unnamed TextStim: text = '↑'
64.6773 	DATA 	Keypress: down
66.1602 	DATA 	Keypress: up
66.1767 	EXP 	unnamed TextStim: height = 25.0
66.1767 	EXP 	unnamed TextStim: height = 25.0
66.1767 	EXP 	unnamed TextStim: height = 25.0
66.1767 	EXP 	unnamed TextStim: text = '←'
67.8600 	DATA 	Keypress: left
67.8763 	EXP 	unnamed TextStim: height = 25.0
67.8763 	EXP 	unnamed TextStim: height = 25.0
67.8763 	EXP 	unnamed TextStim: height = 25.0
67.8763 	EXP 	unnamed TextStim: text = '↓'
69.4104 	DATA 	Keypress: down
69.4263 	EXP 	unnamed TextStim: height = 25.0
69.4263 	EXP 	unnamed TextStim: height = 25.0
69.4263 	EXP 	unnamed TextStim: height = 25.0
69.4263 	EXP 	unnamed TextStim: text = '↑'
70.9957 	DATA 	Keypress: up
71.0264 	EXP 	unnamed TextStim: height = 25.0
71.0264 	EXP 	unnamed TextStim: height = 25.0
71.0264 	EXP 	unnamed TextStim: height = 25.0
71.0264 	EXP 	unnamed TextStim: text = '→'
72.5610 	DATA 	Keypress: right
72.5764 	EXP 	unnamed TextStim: height = 25.0
72.5764 	EXP 	unnamed TextStim: height = 25.0
72.5764 	EXP 	unnamed TextStim: height = 25.0
72.5764 	EXP 	unnamed TextStim: text = '←'
73.7775 	DATA 	Keypress: left
73.7930 	EXP 	unnamed TextStim: height = 25.0
73.7930 	EXP 	unnamed TextStim: height = 25.0
73.7930 	EXP 	unnamed TextStim: height = 25.0
73.7930 	EXP 	unnamed TextStim: text = '→'
75.4270 	DATA 	Keypress: right
75.4432 	EXP 	unnamed TextStim: height = 25.0
75.4432 	EXP 	unnamed TextStim: height = 25.0
75.4432 	EXP 	unnamed TextStim: height = 25.0
75.4432 	EXP 	unnamed TextStim: text = '↓'
76.9937 	DATA 	Keypress: down
77.0101 	EXP 	unnamed TextStim: height = 25.0
77.0101 	EXP 	unnamed TextStim: height = 25.0
77.0101 	EXP 	unnamed TextStim: height = 25.0
77.0101 	EXP 	unnamed TextStim: text = '→'
77.0614 	DATA 	Keypress: up
78.4604 	DATA 	Keypress: right
78.4765 	EXP 	unnamed TextStim: height = 25.0
78.4765 	EXP 	unnamed TextStim: height = 25.0
78.4765 	EXP 	unnamed TextStim: height = 25.0
78.4765 	EXP 	unnamed TextStim: text = '←'
80.1106 	DATA 	Keypress: up
80.1266 	EXP 	unnamed TextStim: height = 25.0
80.1266 	EXP 	unnamed TextStim: height = 25.0
80.1266 	EXP 	unnamed TextStim: height = 25.0
80.1266 	EXP 	unnamed TextStim: text = '↓'
81.7274 	DATA 	Keypress: down
81.7434 	EXP 	unnamed TextStim: height = 25.0
81.7434 	EXP 	unnamed TextStim: height = 25.0
81.7434 	EXP 	unnamed TextStim: height = 25.0
81.7434 	EXP 	unnamed TextStim: text = '→'
83.4439 	DATA 	Keypress: right
83.4601 	EXP 	unnamed TextStim: text = '→'
85.0941 	DATA 	Keypress: right
85.1100 	EXP 	unnamed TextStim: text = '→'
86.7108 	DATA 	Keypress: right
86.7267 	EXP 	unnamed TextStim: height = 25.0
86.7267 	EXP 	unnamed TextStim: height = 25.0
86.7267 	EXP 	unnamed TextStim: height = 25.0
86.7267 	EXP 	unnamed TextStim: text = '↓'
88.2940 	DATA 	Keypress: down
88.3103 	EXP 	unnamed TextStim: height = 25.0
88.3103 	EXP 	unnamed TextStim: height = 25.0
88.3103 	EXP 	unnamed TextStim: height = 25.0
88.3103 	EXP 	unnamed TextStim: text = '←'
89.9775 	DATA 	Keypress: left
90.1288 	EXP 	Created unnamed ImageStim = ImageStim(__class__=<class 'psychopy.visual.image.ImageStim'>, anchor=('center', 'center'), autoLog=True, color=array([1., 1., 1.]), colorSpace='rgb', contrast=1.0, depth=0, flipHoriz=False, flipVert=False, image='break.jpg', interpolate=True, mask=None, maskParams=None, name='unnamed ImageStim', opacity=1.0, ori=0.0, pos=array([0., 0.]), size=array([1536.,  864.]), texRes=128, units='pix', win=Window(...))
91.3646 	DATA 	Keypress: space
91.3770 	EXP 	unnamed TextStim: text = '←'
93.1442 	DATA 	Keypress: left
93.1605 	EXP 	unnamed TextStim: height = 25.0
93.1605 	EXP 	unnamed TextStim: height = 25.0
93.1605 	EXP 	unnamed TextStim: height = 25.0
93.1605 	EXP 	unnamed TextStim: text = '↑'
94.9775 	DATA 	Keypress: up
94.9940 	EXP 	unnamed TextStim: height = 25.0
94.9940 	EXP 	unnamed TextStim: height = 25.0
94.9940 	EXP 	unnamed TextStim: height = 25.0
94.9940 	EXP 	unnamed TextStim: text = '↓'
96.8109 	DATA 	Keypress: down
96.8272 	EXP 	unnamed TextStim: height = 25.0
96.8272 	EXP 	unnamed TextStim: height = 25.0
96.8272 	EXP 	unnamed TextStim: height = 25.0
96.8272 	EXP 	unnamed TextStim: text = '↑'
98.2456 	DATA 	Keypress: up
98.2773 	EXP 	unnamed TextStim: height = 25.0
98.2773 	EXP 	unnamed TextStim: height = 25.0
98.2773 	EXP 	unnamed TextStim: height = 25.0
98.2773 	EXP 	unnamed TextStim: text = '↓'
99.7944 	DATA 	Keypress: down
99.8107 	EXP 	unnamed TextStim: height = 25.0
99.8107 	EXP 	unnamed TextStim: height = 25.0
99.8107 	EXP 	unnamed TextStim: height = 25.0
99.8107 	EXP 	unnamed TextStim: text = '↑'
101.5946 	DATA 	Keypress: up
101.6107 	EXP 	unnamed TextStim: height = 25.0
101.6107 	EXP 	unnamed TextStim: height = 25.0
101.6107 	EXP 	unnamed TextStim: height = 25.0
101.6107 	EXP 	unnamed TextStim: text = '←'
103.0946 	DATA 	Keypress: left
103.1108 	EXP 	unnamed TextStim: text = '←'
104.9114 	DATA 	Keypress: left
104.9276 	EXP 	unnamed TextStim: height = 25.0
104.9276 	EXP 	unnamed TextStim: height = 25.0
104.9276 	EXP 	unnamed TextStim: height = 25.0
104.9276 	EXP 	unnamed TextStim: text = '↓'
106.3613 	DATA 	Keypress: down
106.3775 	EXP 	unnamed TextStim: height = 25.0
106.3775 	EXP 	unnamed TextStim: height = 25.0
106.3775 	EXP 	unnamed TextStim: height = 25.0
106.3775 	EXP 	unnamed TextStim: text = '↑'
107.7615 	DATA 	Keypress: up
107.7776 	EXP 	unnamed TextStim: height = 25.0
107.7776 	EXP 	unnamed TextStim: height = 25.0
107.7776 	EXP 	unnamed TextStim: height = 25.0
107.7776 	EXP 	unnamed TextStim: text = '←'
109.3634 	DATA 	Keypress: left
109.3944 	EXP 	unnamed TextStim: text = '←'
110.9616 	DATA 	Keypress: left
110.9778 	EXP 	unnamed TextStim: height = 25.0
110.9778 	EXP 	unnamed TextStim: height = 25.0
110.9778 	EXP 	unnamed TextStim: height = 25.0
110.9778 	EXP 	unnamed TextStim: text = '↓'
112.5784 	DATA 	Keypress: down
112.5945 	EXP 	unnamed TextStim: height = 25.0
112.5945 	EXP 	unnamed TextStim: height = 25.0
112.5945 	EXP 	unnamed TextStim: height = 25.0
112.5945 	EXP 	unnamed TextStim: text = '←'
114.0951 	DATA 	Keypress: left
114.1113 	EXP 	unnamed TextStim: height = 25.0
114.1113 	EXP 	unnamed TextStim: height = 25.0
114.1113 	EXP 	unnamed TextStim: height = 25.0
114.1113 	EXP 	unnamed TextStim: text = '→'
115.5119 	DATA 	Keypress: right
115.5278 	EXP 	unnamed TextStim: height = 25.0
115.5278 	EXP 	unnamed TextStim: height = 25.0
115.5278 	EXP 	unnamed TextStim: height = 25.0
115.5278 	EXP 	unnamed TextStim: text = '↑'
117.0804 	DATA 	Keypress: up
117.1113 	EXP 	unnamed TextStim: height = 25.0
117.1113 	EXP 	unnamed TextStim: height = 25.0
117.1113 	EXP 	unnamed TextStim: height = 25.0
117.1113 	EXP 	unnamed TextStim: text = '↓'
118.6618 	DATA 	Keypress: down
118.6780 	EXP 	unnamed TextStim: height = 25.0
118.6780 	EXP 	unnamed TextStim: height = 25.0
118.6780 	EXP 	unnamed TextStim: height = 25.0
118.6780 	EXP 	unnamed TextStim: text = '←'
120.2785 	DATA 	Keypress: left
120.2948 	EXP 	unnamed TextStim: height = 25.0
120.2948 	EXP 	unnamed TextStim: height = 25.0
120.2948 	EXP 	unnamed TextStim: height = 25.0
120.2948 	EXP 	unnamed TextStim: text = '→'
121.7453 	DATA 	Keypress: right
121.9040 	EXP 	Created unnamed ImageStim = ImageStim(__class__=<class 'psychopy.visual.image.ImageStim'>, anchor=('center', 'center'), autoLog=True, color=array([1., 1., 1.]), colorSpace='rgb', contrast=1.0, depth=0, flipHoriz=False, flipVert=False, image='break.jpg', interpolate=True, mask=None, maskParams=None, name='unnamed ImageStim', opacity=1.0, ori=0.0, pos=array([0., 0.]), size=array([1536.,  864.]), texRes=128, units='pix', win=Window(...))
123.0390 	DATA 	Keypress: space
123.0448 	EXP 	unnamed TextStim: height = 25.0
123.0448 	EXP 	unnamed TextStim: height = 25.0
123.0448 	EXP 	unnamed TextStim: height = 25.0
123.0448 	EXP 	unnamed TextStim: text = '↓'
124.6953 	DATA 	Keypress: down
124.7115 	EXP 	unnamed TextStim: height = 25.0
124.7115 	EXP 	unnamed TextStim: height = 25.0
124.7115 	EXP 	unnamed TextStim: height = 25.0
124.7115 	EXP 	unnamed TextStim: text = '→'
126.6449 	EXP 	unnamed TextStim: height = 25.0
126.6449 	EXP 	unnamed TextStim: height = 25.0
126.6449 	EXP 	unnamed TextStim: height = 25.0
126.6449 	EXP 	unnamed TextStim: text = '↑'
126.7628 	DATA 	Keypress: right
128.2955 	DATA 	Keypress: up
128.3117 	EXP 	unnamed TextStim: height = 25.0
128.3117 	EXP 	unnamed TextStim: height = 25.0
128.3117 	EXP 	unnamed TextStim: height = 25.0
128.3117 	EXP 	unnamed TextStim: text = '←'
130.0793 	DATA 	Keypress: left
130.0950 	EXP 	unnamed TextStim: text = '←'
131.7289 	DATA 	Keypress: left
131.7452 	EXP 	unnamed TextStim: text = '←'
133.6961 	DATA 	Keypress: right
133.7119 	EXP 	unnamed TextStim: text = '←'
135.1291 	DATA 	Keypress: left
135.1454 	EXP 	unnamed TextStim: height = 25.0
135.1454 	EXP 	unnamed TextStim: height = 25.0
135.1454 	EXP 	unnamed TextStim: height = 25.0
135.1454 	EXP 	unnamed TextStim: text = '→'
136.7130 	DATA 	Keypress: right
136.7287 	EXP 	unnamed TextStim: height = 25.0
136.7287 	EXP 	unnamed TextStim: height = 25.0
136.7287 	EXP 	unnamed TextStim: height = 25.0
136.7287 	EXP 	unnamed TextStim: text = '↓'
138.3625 	DATA 	Keypress: down
138.3788 	EXP 	unnamed TextStim: text = '↓'
139.9976 	DATA 	Keypress: down
140.0288 	EXP 	unnamed TextStim: text = '↓'
141.4629 	DATA 	Keypress: down
141.4787 	EXP 	unnamed TextStim: height = 25.0
141.4787 	EXP 	unnamed TextStim: height = 25.0
141.4787 	EXP 	unnamed TextStim: height = 25.0
141.4787 	EXP 	unnamed TextStim: text = '→'
143.2461 	DATA 	Keypress: right
143.2621 	EXP 	unnamed TextStim: height = 25.0
143.2621 	EXP 	unnamed TextStim: height = 25.0
143.2621 	EXP 	unnamed TextStim: height = 25.0
143.2621 	EXP 	unnamed TextStim: text = '←'
144.9461 	DATA 	Keypress: left
144.9623 	EXP 	unnamed TextStim: height = 25.0
144.9623 	EXP 	unnamed TextStim: height = 25.0
144.9623 	EXP 	unnamed TextStim: height = 25.0
144.9623 	EXP 	unnamed TextStim: text = '↑'
146.7961 	DATA 	Keypress: up
146.8122 	EXP 	unnamed TextStim: height = 25.0
146.8122 	EXP 	unnamed TextStim: height = 25.0
146.8122 	EXP 	unnamed TextStim: height = 25.0
146.8122 	EXP 	unnamed TextStim: text = '↓'
148.4795 	DATA 	Keypress: down
148.4958 	EXP 	unnamed TextStim: height = 25.0
148.4958 	EXP 	unnamed TextStim: height = 25.0
148.4958 	EXP 	unnamed TextStim: height = 25.0
148.4958 	EXP 	unnamed TextStim: text = '←'
150.1128 	DATA 	Keypress: left
150.1292 	EXP 	unnamed TextStim: height = 25.0
150.1292 	EXP 	unnamed TextStim: height = 25.0
150.1292 	EXP 	unnamed TextStim: height = 25.0
150.1292 	EXP 	unnamed TextStim: text = '→'
151.8964 	DATA 	Keypress: right
151.9126 	EXP 	unnamed TextStim: text = '→'
153.6131 	DATA 	Keypress: right
153.6293 	EXP 	unnamed TextStim: height = 25.0
153.6293 	EXP 	unnamed TextStim: height = 25.0
153.6293 	EXP 	unnamed TextStim: height = 25.0
153.6293 	EXP 	unnamed TextStim: text = '↑'
155.1967 	DATA 	Keypress: up
155.3504 	EXP 	Created unnamed ImageStim = ImageStim(__class__=<class 'psychopy.visual.image.ImageStim'>, anchor=('center', 'center'), autoLog=True, color=array([1., 1., 1.]), colorSpace='rgb', contrast=1.0, depth=0, flipHoriz=False, flipVert=False, image='break.jpg', interpolate=True, mask=None, maskParams=None, name='unnamed ImageStim', opacity=1.0, ori=0.0, pos=array([0., 0.]), size=array([1536.,  864.]), texRes=128, units='pix', win=Window(...))
156.3388 	DATA 	Keypress: space
156.3458 	EXP 	unnamed TextStim: height = 25.0
156.3458 	EXP 	unnamed TextStim: height = 25.0
156.3458 	EXP 	unnamed TextStim: height = 25.0
156.3458 	EXP 	unnamed TextStim: text = '→'
158.0800 	DATA 	Keypress: right
158.0961 	EXP 	unnamed TextStim: height = 25.0
158.0961 	EXP 	unnamed TextStim: height = 25.0
158.0961 	EXP 	unnamed TextStim: height = 25.0
158.0961 	EXP 	unnamed TextStim: text = '↓'
159.9795 	EXP 	unnamed TextStim: height = 25.0
159.9795 	EXP 	unnamed TextStim: height = 25.0
159.9795 	EXP 	unnamed TextStim: height = 25.0
159.9795 	EXP 	unnamed TextStim: text = '←'
160.2807 	DATA 	Keypress: down
161.6300 	DATA 	Keypress: left
161.6463 	EXP 	unnamed TextStim: height = 25.0
161.6463 	EXP 	unnamed TextStim: height = 25.0
161.6463 	EXP 	unnamed TextStim: height = 25.0
161.6463 	EXP 	unnamed TextStim: text = '↓'
163.1806 	DATA 	Keypress: down
163.1963 	EXP 	unnamed TextStim: height = 25.0
163.1963 	EXP 	unnamed TextStim: height = 25.0
163.1963 	EXP 	unnamed TextStim: height = 25.0
163.1963 	EXP 	unnamed TextStim: text = '→'
164.9134 	DATA 	Keypress: right
164.9296 	EXP 	unnamed TextStim: height = 25.0
164.9296 	EXP 	unnamed TextStim: height = 25.0
164.9296 	EXP 	unnamed TextStim: height = 25.0
164.9296 	EXP 	unnamed TextStim: text = '↑'
166.3657 	DATA 	Keypress: up
166.3963 	EXP 	unnamed TextStim: height = 25.0
166.3963 	EXP 	unnamed TextStim: height = 25.0
166.3963 	EXP 	unnamed TextStim: height = 25.0
166.3963 	EXP 	unnamed TextStim: text = '↓'
167.9307 	DATA 	Keypress: down
167.9465 	EXP 	unnamed TextStim: text = '↓'
169.5968 	EXP 	unnamed TextStim: text = '↓'
169.6977 	DATA 	Keypress: down
171.1486 	DATA 	Keypress: down
171.1798 	EXP 	unnamed TextStim: height = 25.0
171.1798 	EXP 	unnamed TextStim: height = 25.0
171.1798 	EXP 	unnamed TextStim: height = 25.0
171.1798 	EXP 	unnamed TextStim: text = '→'
172.6635 	DATA 	Keypress: right
172.6797 	EXP 	unnamed TextStim: height = 25.0
172.6797 	EXP 	unnamed TextStim: height = 25.0
172.6797 	EXP 	unnamed TextStim: height = 25.0
172.6797 	EXP 	unnamed TextStim: text = '←'
174.1138 	DATA 	Keypress: left
174.1301 	EXP 	unnamed TextStim: height = 25.0
174.1301 	EXP 	unnamed TextStim: height = 25.0
174.1301 	EXP 	unnamed TextStim: height = 25.0
174.1301 	EXP 	unnamed TextStim: text = '↓'
175.7635 	EXP 	unnamed TextStim: height = 25.0
175.7635 	EXP 	unnamed TextStim: height = 25.0
175.7635 	EXP 	unnamed TextStim: height = 25.0
175.7635 	EXP 	unnamed TextStim: text = '→'
175.8649 	DATA 	Keypress: down
175.8652 	DATA 	Keypress: up
177.5979 	DATA 	Keypress: right
177.6134 	EXP 	unnamed TextStim: height = 25.0
177.6134 	EXP 	unnamed TextStim: height = 25.0
177.6134 	EXP 	unnamed TextStim: height = 25.0
177.6134 	EXP 	unnamed TextStim: text = '↓'
178.8972 	DATA 	Keypress: down
178.9135 	EXP 	unnamed TextStim: height = 25.0
178.9135 	EXP 	unnamed TextStim: height = 25.0
178.9135 	EXP 	unnamed TextStim: height = 25.0
178.9135 	EXP 	unnamed TextStim: text = '←'
180.6974 	DATA 	Keypress: left
180.7136 	EXP 	unnamed TextStim: text = '←'
182.3309 	DATA 	Keypress: left
182.3470 	EXP 	unnamed TextStim: text = '←'
183.6976 	DATA 	Keypress: left
183.7136 	EXP 	unnamed TextStim: height = 25.0
183.7136 	EXP 	unnamed TextStim: height = 25.0
183.7136 	EXP 	unnamed TextStim: height = 25.0
183.7136 	EXP 	unnamed TextStim: text = '↓'
185.2642 	DATA 	Keypress: down
185.2804 	EXP 	unnamed TextStim: height = 25.0
185.2804 	EXP 	unnamed TextStim: height = 25.0
185.2804 	EXP 	unnamed TextStim: height = 25.0
185.2804 	EXP 	unnamed TextStim: text = '↑'
186.6811 	DATA 	Keypress: up
186.8423 	EXP 	Created unnamed ImageStim = ImageStim(__class__=<class 'psychopy.visual.image.ImageStim'>, anchor=('center', 'center'), autoLog=True, color=array([1., 1., 1.]), colorSpace='rgb', contrast=1.0, depth=0, flipHoriz=False, flipVert=False, image='break.jpg', interpolate=True, mask=None, maskParams=None, name='unnamed ImageStim', opacity=1.0, ori=0.0, pos=array([0., 0.]), size=array([1536.,  864.]), texRes=128, units='pix', win=Window(...))
188.4412 	DATA 	Keypress: space
188.4469 	EXP 	unnamed TextStim: height = 25.0
188.4469 	EXP 	unnamed TextStim: height = 25.0
188.4469 	EXP 	unnamed TextStim: height = 25.0
188.4469 	EXP 	unnamed TextStim: text = '←'
189.9478 	DATA 	Keypress: left
189.9639 	EXP 	unnamed TextStim: height = 25.0
189.9639 	EXP 	unnamed TextStim: height = 25.0
189.9639 	EXP 	unnamed TextStim: height = 25.0
189.9639 	EXP 	unnamed TextStim: text = '→'
191.5806 	EXP 	unnamed TextStim: height = 25.0
191.5806 	EXP 	unnamed TextStim: height = 25.0
191.5806 	EXP 	unnamed TextStim: height = 25.0
191.5806 	EXP 	unnamed TextStim: text = '←'
191.6152 	DATA 	Keypress: right
192.9309 	DATA 	Keypress: left
192.9474 	EXP 	unnamed TextStim: text = '←'
194.4146 	DATA 	Keypress: left
194.4307 	EXP 	unnamed TextStim: height = 25.0
194.4307 	EXP 	unnamed TextStim: height = 25.0
194.4307 	EXP 	unnamed TextStim: height = 25.0
194.4307 	EXP 	unnamed TextStim: text = '↓'
195.9980 	DATA 	Keypress: down
196.0141 	EXP 	unnamed TextStim: text = '↓'
197.3329 	DATA 	Keypress: down
197.3641 	EXP 	unnamed TextStim: text = '↓'
198.9480 	DATA 	Keypress: down
198.9642 	EXP 	unnamed TextStim: height = 25.0
198.9642 	EXP 	unnamed TextStim: height = 25.0
198.9642 	EXP 	unnamed TextStim: height = 25.0
198.9642 	EXP 	unnamed TextStim: text = '↑'
200.5143 	EXP 	unnamed TextStim: height = 25.0
200.5143 	EXP 	unnamed TextStim: height = 25.0
200.5143 	EXP 	unnamed TextStim: height = 25.0
200.5143 	EXP 	unnamed TextStim: text = '↓'
200.5155 	DATA 	Keypress: up
202.0314 	DATA 	Keypress: down
202.0476 	EXP 	unnamed TextStim: height = 25.0
202.0476 	EXP 	unnamed TextStim: height = 25.0
202.0476 	EXP 	unnamed TextStim: height = 25.0
202.0476 	EXP 	unnamed TextStim: text = '←'
203.7319 	DATA 	Keypress: left
203.7476 	EXP 	unnamed TextStim: height = 25.0
203.7476 	EXP 	unnamed TextStim: height = 25.0
203.7476 	EXP 	unnamed TextStim: height = 25.0
203.7476 	EXP 	unnamed TextStim: text = '→'
205.5145 	EXP 	unnamed TextStim: height = 25.0
205.5145 	EXP 	unnamed TextStim: height = 25.0
205.5145 	EXP 	unnamed TextStim: height = 25.0
205.5145 	EXP 	unnamed TextStim: text = '←'
205.5323 	DATA 	Keypress: right
207.2146 	EXP 	unnamed TextStim: text = '←'
207.3654 	DATA 	Keypress: left
208.8482 	DATA 	Keypress: left
208.8646 	EXP 	unnamed TextStim: height = 25.0
208.8646 	EXP 	unnamed TextStim: height = 25.0
208.8646 	EXP 	unnamed TextStim: height = 25.0
208.8646 	EXP 	unnamed TextStim: text = '→'
210.4484 	DATA 	Keypress: right
210.4645 	EXP 	unnamed TextStim: text = '→'
212.1147 	EXP 	unnamed TextStim: height = 25.0
212.1147 	EXP 	unnamed TextStim: height = 25.0
212.1147 	EXP 	unnamed TextStim: height = 25.0
212.1147 	EXP 	unnamed TextStim: text = '↑'
212.3159 	DATA 	Keypress: left
213.9147 	EXP 	unnamed TextStim: height = 25.0
213.9147 	EXP 	unnamed TextStim: height = 25.0
213.9147 	EXP 	unnamed TextStim: height = 25.0
213.9147 	EXP 	unnamed TextStim: text = '←'
213.9159 	DATA 	Keypress: up
215.4655 	DATA 	Keypress: left
215.4815 	EXP 	unnamed TextStim: height = 25.0
215.4815 	EXP 	unnamed TextStim: height = 25.0
215.4815 	EXP 	unnamed TextStim: height = 25.0
215.4815 	EXP 	unnamed TextStim: text = '→'
216.9670 	DATA 	Keypress: right
216.9981 	EXP 	unnamed TextStim: height = 25.0
216.9981 	EXP 	unnamed TextStim: height = 25.0
216.9981 	EXP 	unnamed TextStim: height = 25.0
216.9981 	EXP 	unnamed TextStim: text = '←'
218.8189 	EXP 	Created unnamed ImageStim = ImageStim(__class__=<class 'psychopy.visual.image.ImageStim'>, anchor=('center', 'center'), autoLog=True, color=array([1., 1., 1.]), colorSpace='rgb', contrast=1.0, depth=0, flipHoriz=False, flipVert=False, image='break.jpg', interpolate=True, mask=None, maskParams=None, name='unnamed ImageStim', opacity=1.0, ori=0.0, pos=array([0., 0.]), size=array([1536.,  864.]), texRes=128, units='pix', win=Window(...))
223.7701 	DATA 	Keypress: space
223.7817 	EXP 	unnamed TextStim: height = 25.0
223.7817 	EXP 	unnamed TextStim: height = 25.0
223.7817 	EXP 	unnamed TextStim: height = 25.0
223.7817 	EXP 	unnamed TextStim: text = '↓'
225.5668 	DATA 	Keypress: down
225.5819 	EXP 	unnamed TextStim: text = '↓'
227.1324 	DATA 	Keypress: down
227.1485 	EXP 	unnamed TextStim: height = 25.0
227.1485 	EXP 	unnamed TextStim: height = 25.0
227.1485 	EXP 	unnamed TextStim: height = 25.0
227.1485 	EXP 	unnamed TextStim: text = '↑'
228.4824 	DATA 	Keypress: down
228.4985 	EXP 	unnamed TextStim: height = 25.0
228.4985 	EXP 	unnamed TextStim: height = 25.0
228.4985 	EXP 	unnamed TextStim: height = 25.0
228.4985 	EXP 	unnamed TextStim: text = '↓'
230.3672 	DATA 	Keypress: down
230.3987 	EXP 	unnamed TextStim: height = 25.0
230.3987 	EXP 	unnamed TextStim: height = 25.0
230.3987 	EXP 	unnamed TextStim: height = 25.0
230.3987 	EXP 	unnamed TextStim: text = '→'
231.7993 	DATA 	Keypress: right
231.8154 	EXP 	unnamed TextStim: height = 25.0
231.8154 	EXP 	unnamed TextStim: height = 25.0
231.8154 	EXP 	unnamed TextStim: height = 25.0
231.8154 	EXP 	unnamed TextStim: text = '←'
233.2164 	DATA 	Keypress: left
233.2321 	EXP 	unnamed TextStim: height = 25.0
233.2321 	EXP 	unnamed TextStim: height = 25.0
233.2321 	EXP 	unnamed TextStim: height = 25.0
233.2321 	EXP 	unnamed TextStim: text = '→'
234.9328 	DATA 	Keypress: right
234.9488 	EXP 	unnamed TextStim: text = '→'
236.7160 	DATA 	Keypress: right
236.7322 	EXP 	unnamed TextStim: height = 25.0
236.7322 	EXP 	unnamed TextStim: height = 25.0
236.7322 	EXP 	unnamed TextStim: height = 25.0
236.7322 	EXP 	unnamed TextStim: text = '↑'
238.2662 	DATA 	Keypress: up
238.2824 	EXP 	unnamed TextStim: text = '↑'
239.5676 	DATA 	Keypress: up
239.5990 	EXP 	unnamed TextStim: height = 25.0
239.5990 	EXP 	unnamed TextStim: height = 25.0
239.5990 	EXP 	unnamed TextStim: height = 25.0
239.5990 	EXP 	unnamed TextStim: text = '→'
241.1678 	DATA 	Keypress: right
241.1992 	EXP 	unnamed TextStim: height = 25.0
241.1992 	EXP 	unnamed TextStim: height = 25.0
241.1992 	EXP 	unnamed TextStim: height = 25.0
241.1992 	EXP 	unnamed TextStim: text = '↓'
243.0329 	DATA 	Keypress: down
243.0491 	EXP 	unnamed TextStim: height = 25.0
243.0491 	EXP 	unnamed TextStim: height = 25.0
243.0491 	EXP 	unnamed TextStim: height = 25.0
243.0491 	EXP 	unnamed TextStim: text = '→'
244.7163 	DATA 	Keypress: right
244.7325 	EXP 	unnamed TextStim: height = 25.0
244.7325 	EXP 	unnamed TextStim: height = 25.0
244.7325 	EXP 	unnamed TextStim: height = 25.0
244.7325 	EXP 	unnamed TextStim: text = '↑'
246.6164 	DATA 	Keypress: up
246.6326 	EXP 	unnamed TextStim: text = '↑'
248.5012 	DATA 	Keypress: up
248.5327 	EXP 	unnamed TextStim: height = 25.0
248.5327 	EXP 	unnamed TextStim: height = 25.0
248.5327 	EXP 	unnamed TextStim: height = 25.0
248.5327 	EXP 	unnamed TextStim: text = '→'
250.0998 	DATA 	Keypress: right
250.1160 	EXP 	unnamed TextStim: text = '→'
251.6499 	DATA 	Keypress: right
251.6662 	EXP 	unnamed TextStim: height = 25.0
251.6662 	EXP 	unnamed TextStim: height = 25.0
251.6662 	EXP 	unnamed TextStim: height = 25.0
251.6662 	EXP 	unnamed TextStim: text = '←'
253.1332 	DATA 	Keypress: left
253.1495 	EXP 	unnamed TextStim: text = '←'
254.7334 	DATA 	Keypress: left
254.8887 	EXP 	Created unnamed ImageStim = ImageStim(__class__=<class 'psychopy.visual.image.ImageStim'>, anchor=('center', 'center'), autoLog=True, color=array([1., 1., 1.]), colorSpace='rgb', contrast=1.0, depth=0, flipHoriz=False, flipVert=False, image='break.jpg', interpolate=True, mask=None, maskParams=None, name='unnamed ImageStim', opacity=1.0, ori=0.0, pos=array([0., 0.]), size=array([1536.,  864.]), texRes=128, units='pix', win=Window(...))
258.3554 	DATA 	Keypress: space
258.3661 	EXP 	unnamed TextStim: height = 25.0
258.3661 	EXP 	unnamed TextStim: height = 25.0
258.3661 	EXP 	unnamed TextStim: height = 25.0
258.3661 	EXP 	unnamed TextStim: text = '↑'
260.0336 	DATA 	Keypress: up
260.0498 	EXP 	unnamed TextStim: height = 25.0
260.0498 	EXP 	unnamed TextStim: height = 25.0
260.0498 	EXP 	unnamed TextStim: height = 25.0
260.0498 	EXP 	unnamed TextStim: text = '←'
261.6505 	DATA 	Keypress: left
261.6666 	EXP 	unnamed TextStim: height = 25.0
261.6666 	EXP 	unnamed TextStim: height = 25.0
261.6666 	EXP 	unnamed TextStim: height = 25.0
261.6666 	EXP 	unnamed TextStim: text = '→'
263.1341 	DATA 	Keypress: right
263.1499 	EXP 	unnamed TextStim: height = 25.0
263.1499 	EXP 	unnamed TextStim: height = 25.0
263.1499 	EXP 	unnamed TextStim: height = 25.0
263.1499 	EXP 	unnamed TextStim: text = '←'
264.7670 	DATA 	Keypress: left
264.7833 	EXP 	unnamed TextStim: height = 25.0
264.7833 	EXP 	unnamed TextStim: height = 25.0
264.7833 	EXP 	unnamed TextStim: height = 25.0
264.7833 	EXP 	unnamed TextStim: text = '→'
266.7171 	DATA 	Keypress: right
266.7333 	EXP 	unnamed TextStim: height = 25.0
266.7333 	EXP 	unnamed TextStim: height = 25.0
266.7333 	EXP 	unnamed TextStim: height = 25.0
266.7333 	EXP 	unnamed TextStim: text = '↓'
268.4505 	DATA 	Keypress: down
268.4668 	EXP 	unnamed TextStim: text = '↓'
270.0507 	DATA 	Keypress: down
270.0667 	EXP 	unnamed TextStim: height = 25.0
270.0667 	EXP 	unnamed TextStim: height = 25.0
270.0667 	EXP 	unnamed TextStim: height = 25.0
270.0667 	EXP 	unnamed TextStim: text = '←'
271.4673 	DATA 	Keypress: left
271.4834 	EXP 	unnamed TextStim: text = '←'
272.9674 	DATA 	Keypress: left
272.9835 	EXP 	unnamed TextStim: height = 25.0
272.9835 	EXP 	unnamed TextStim: height = 25.0
272.9835 	EXP 	unnamed TextStim: height = 25.0
272.9835 	EXP 	unnamed TextStim: text = '↑'
274.7675 	DATA 	Keypress: up
274.7836 	EXP 	unnamed TextStim: text = '↑'
276.4842 	DATA 	Keypress: up
276.5004 	EXP 	unnamed TextStim: height = 25.0
276.5004 	EXP 	unnamed TextStim: height = 25.0
276.5004 	EXP 	unnamed TextStim: height = 25.0
276.5004 	EXP 	unnamed TextStim: text = '←'
278.0347 	DATA 	Keypress: left
278.0504 	EXP 	unnamed TextStim: height = 25.0
278.0504 	EXP 	unnamed TextStim: height = 25.0
278.0504 	EXP 	unnamed TextStim: height = 25.0
278.0504 	EXP 	unnamed TextStim: text = '↓'
279.6014 	DATA 	Keypress: down
279.6170 	EXP 	unnamed TextStim: text = '↓'
281.5193 	DATA 	Keypress: down
281.5344 	DATA 	Keypress: up
281.5505 	EXP 	unnamed TextStim: height = 25.0
281.5505 	EXP 	unnamed TextStim: height = 25.0
281.5505 	EXP 	unnamed TextStim: height = 25.0
281.5505 	EXP 	unnamed TextStim: text = '→'
283.3343 	DATA 	Keypress: right
283.3504 	EXP 	unnamed TextStim: height = 25.0
283.3504 	EXP 	unnamed TextStim: height = 25.0
283.3504 	EXP 	unnamed TextStim: height = 25.0
283.3504 	EXP 	unnamed TextStim: text = '↓'
284.8694 	DATA 	Keypress: down
284.9006 	EXP 	unnamed TextStim: height = 25.0
284.9006 	EXP 	unnamed TextStim: height = 25.0
284.9006 	EXP 	unnamed TextStim: height = 25.0
284.9006 	EXP 	unnamed TextStim: text = '↑'
286.5362 	DATA 	Keypress: up
286.5673 	EXP 	unnamed TextStim: text = '↑'
288.5508 	EXP 	unnamed TextStim: height = 25.0
288.5508 	EXP 	unnamed TextStim: height = 25.0
288.5508 	EXP 	unnamed TextStim: height = 25.0
288.5508 	EXP 	unnamed TextStim: text = '→'
288.5521 	DATA 	Keypress: up
289.9679 	DATA 	Keypress: right
290.1267 	EXP 	Created unnamed ImageStim = ImageStim(__class__=<class 'psychopy.visual.image.ImageStim'>, anchor=('center', 'center'), autoLog=True, color=array([1., 1., 1.]), colorSpace='rgb', contrast=1.0, depth=0, flipHoriz=False, flipVert=False, image='break.jpg', interpolate=True, mask=None, maskParams=None, name='unnamed ImageStim', opacity=1.0, ori=0.0, pos=array([0., 0.]), size=array([1536.,  864.]), texRes=128, units='pix', win=Window(...))
291.0848 	DATA 	Keypress: space
291.1007 	EXP 	unnamed TextStim: text = '→'
292.6681 	DATA 	Keypress: right
292.6844 	EXP 	unnamed TextStim: height = 25.0
292.6844 	EXP 	unnamed TextStim: height = 25.0
292.6844 	EXP 	unnamed TextStim: height = 25.0
292.6844 	EXP 	unnamed TextStim: text = '↑'
294.2347 	DATA 	Keypress: up
294.2511 	EXP 	unnamed TextStim: height = 25.0
294.2511 	EXP 	unnamed TextStim: height = 25.0
294.2511 	EXP 	unnamed TextStim: height = 25.0
294.2511 	EXP 	unnamed TextStim: text = '↓'
295.9348 	DATA 	Keypress: down
295.9511 	EXP 	unnamed TextStim: height = 25.0
295.9511 	EXP 	unnamed TextStim: height = 25.0
295.9511 	EXP 	unnamed TextStim: height = 25.0
295.9511 	EXP 	unnamed TextStim: text = '→'
297.8683 	DATA 	Keypress: right
297.8845 	EXP 	unnamed TextStim: height = 25.0
297.8845 	EXP 	unnamed TextStim: height = 25.0
297.8845 	EXP 	unnamed TextStim: height = 25.0
297.8845 	EXP 	unnamed TextStim: text = '↓'
299.7178 	EXP 	unnamed TextStim: height = 25.0
299.7178 	EXP 	unnamed TextStim: height = 25.0
299.7178 	EXP 	unnamed TextStim: height = 25.0
299.7178 	EXP 	unnamed TextStim: text = '↑'
299.9023 	DATA 	Keypress: down
301.3017 	DATA 	Keypress: up
301.3177 	EXP 	unnamed TextStim: height = 25.0
301.3177 	EXP 	unnamed TextStim: height = 25.0
301.3177 	EXP 	unnamed TextStim: height = 25.0
301.3177 	EXP 	unnamed TextStim: text = '↓'
303.1185 	DATA 	Keypress: down
303.1347 	EXP 	unnamed TextStim: height = 25.0
303.1347 	EXP 	unnamed TextStim: height = 25.0
303.1347 	EXP 	unnamed TextStim: height = 25.0
303.1347 	EXP 	unnamed TextStim: text = '↑'
304.6852 	DATA 	Keypress: up
304.7014 	EXP 	unnamed TextStim: height = 25.0
304.7014 	EXP 	unnamed TextStim: height = 25.0
304.7014 	EXP 	unnamed TextStim: height = 25.0
304.7014 	EXP 	unnamed TextStim: text = '→'
306.1186 	DATA 	Keypress: right
306.1346 	EXP 	unnamed TextStim: height = 25.0
306.1346 	EXP 	unnamed TextStim: height = 25.0
306.1346 	EXP 	unnamed TextStim: height = 25.0
306.1346 	EXP 	unnamed TextStim: text = '↓'
307.6687 	DATA 	Keypress: down
307.6847 	EXP 	unnamed TextStim: height = 25.0
307.6847 	EXP 	unnamed TextStim: height = 25.0
307.6847 	EXP 	unnamed TextStim: height = 25.0
307.6847 	EXP 	unnamed TextStim: text = '←'
309.4854 	DATA 	Keypress: left
309.5015 	EXP 	unnamed TextStim: height = 25.0
309.5015 	EXP 	unnamed TextStim: height = 25.0
309.5015 	EXP 	unnamed TextStim: height = 25.0
309.5015 	EXP 	unnamed TextStim: text = '→'
310.9535 	DATA 	Keypress: right
310.9848 	EXP 	unnamed TextStim: height = 25.0
310.9848 	EXP 	unnamed TextStim: height = 25.0
310.9848 	EXP 	unnamed TextStim: height = 25.0
310.9848 	EXP 	unnamed TextStim: text = '↓'
312.6522 	DATA 	Keypress: down
312.6682 	EXP 	unnamed TextStim: height = 25.0
312.6682 	EXP 	unnamed TextStim: height = 25.0
312.6682 	EXP 	unnamed TextStim: height = 25.0
312.6682 	EXP 	unnamed TextStim: text = '←'
314.4189 	DATA 	Keypress: left
314.4351 	EXP 	unnamed TextStim: height = 25.0
314.4351 	EXP 	unnamed TextStim: height = 25.0
314.4351 	EXP 	unnamed TextStim: height = 25.0
314.4351 	EXP 	unnamed TextStim: text = '↓'
316.1023 	DATA 	Keypress: down
316.1184 	EXP 	unnamed TextStim: text = '↓'
317.6858 	DATA 	Keypress: down
317.6860 	DATA 	Keypress: up
317.7019 	EXP 	unnamed TextStim: height = 25.0
317.7019 	EXP 	unnamed TextStim: height = 25.0
317.7019 	EXP 	unnamed TextStim: height = 25.0
317.7019 	EXP 	unnamed TextStim: text = '→'
319.4879 	DATA 	Keypress: right
319.5185 	EXP 	unnamed TextStim: height = 25.0
319.5185 	EXP 	unnamed TextStim: height = 25.0
319.5185 	EXP 	unnamed TextStim: height = 25.0
319.5185 	EXP 	unnamed TextStim: text = '↑'
321.0540 	DATA 	Keypress: up
321.0853 	EXP 	unnamed TextStim: text = '↑'
322.9731 	EXP 	Created unnamed ImageStim = ImageStim(__class__=<class 'psychopy.visual.image.ImageStim'>, anchor=('center', 'center'), autoLog=True, color=array([1., 1., 1.]), colorSpace='rgb', contrast=1.0, depth=0, flipHoriz=False, flipVert=False, image='break.jpg', interpolate=True, mask=None, maskParams=None, name='unnamed ImageStim', opacity=1.0, ori=0.0, pos=array([0., 0.]), size=array([1536.,  864.]), texRes=128, units='pix', win=Window(...))
322.9736 	DATA 	Keypress: up
323.7697 	DATA 	Keypress: space
323.7854 	EXP 	unnamed TextStim: height = 25.0
323.7854 	EXP 	unnamed TextStim: height = 25.0
323.7854 	EXP 	unnamed TextStim: height = 25.0
323.7854 	EXP 	unnamed TextStim: text = '→'
325.6362 	DATA 	Keypress: right
325.6521 	EXP 	unnamed TextStim: height = 25.0
325.6521 	EXP 	unnamed TextStim: height = 25.0
325.6521 	EXP 	unnamed TextStim: height = 25.0
325.6521 	EXP 	unnamed TextStim: text = '↓'
327.3027 	DATA 	Keypress: down
327.3189 	EXP 	unnamed TextStim: text = '↓'
329.2359 	DATA 	Keypress: down
329.2521 	EXP 	unnamed TextStim: height = 25.0
329.2521 	EXP 	unnamed TextStim: height = 25.0
329.2521 	EXP 	unnamed TextStim: height = 25.0
329.2521 	EXP 	unnamed TextStim: text = '←'
330.9194 	DATA 	Keypress: left
330.9357 	EXP 	unnamed TextStim: height = 25.0
330.9357 	EXP 	unnamed TextStim: height = 25.0
330.9357 	EXP 	unnamed TextStim: height = 25.0
330.9357 	EXP 	unnamed TextStim: text = '→'
332.3363 	DATA 	Keypress: right
332.3524 	EXP 	unnamed TextStim: text = '→'
334.0063 	DATA 	Keypress: right
334.0191 	EXP 	unnamed TextStim: height = 25.0
334.0191 	EXP 	unnamed TextStim: height = 25.0
334.0191 	EXP 	unnamed TextStim: height = 25.0
334.0191 	EXP 	unnamed TextStim: text = '↓'
335.6696 	DATA 	Keypress: down
335.6858 	EXP 	unnamed TextStim: height = 25.0
335.6858 	EXP 	unnamed TextStim: height = 25.0
335.6858 	EXP 	unnamed TextStim: height = 25.0
335.6858 	EXP 	unnamed TextStim: text = '→'
337.4530 	DATA 	Keypress: right
337.4693 	EXP 	unnamed TextStim: height = 25.0
337.4693 	EXP 	unnamed TextStim: height = 25.0
337.4693 	EXP 	unnamed TextStim: height = 25.0
337.4693 	EXP 	unnamed TextStim: text = '←'
338.9367 	DATA 	Keypress: left
338.9526 	EXP 	unnamed TextStim: height = 25.0
338.9526 	EXP 	unnamed TextStim: height = 25.0
338.9526 	EXP 	unnamed TextStim: height = 25.0
338.9526 	EXP 	unnamed TextStim: text = '↓'
340.5866 	DATA 	Keypress: down
340.6029 	EXP 	unnamed TextStim: height = 25.0
340.6029 	EXP 	unnamed TextStim: height = 25.0
340.6029 	EXP 	unnamed TextStim: height = 25.0
340.6029 	EXP 	unnamed TextStim: text = '←'
342.3199 	DATA 	Keypress: left
342.3359 	EXP 	unnamed TextStim: height = 25.0
342.3359 	EXP 	unnamed TextStim: height = 25.0
342.3359 	EXP 	unnamed TextStim: height = 25.0
342.3359 	EXP 	unnamed TextStim: text = '↑'
343.8380 	DATA 	Keypress: up
343.8528 	EXP 	unnamed TextStim: height = 25.0
343.8528 	EXP 	unnamed TextStim: height = 25.0
343.8528 	EXP 	unnamed TextStim: height = 25.0
343.8528 	EXP 	unnamed TextStim: text = '←'
345.4700 	DATA 	Keypress: left
345.4862 	EXP 	unnamed TextStim: height = 25.0
345.4862 	EXP 	unnamed TextStim: height = 25.0
345.4862 	EXP 	unnamed TextStim: height = 25.0
345.4862 	EXP 	unnamed TextStim: text = '↑'
347.2872 	DATA 	Keypress: up
347.3028 	EXP 	unnamed TextStim: text = '↑'
348.8867 	DATA 	Keypress: up
348.9030 	EXP 	unnamed TextStim: text = '↑'
350.5536 	DATA 	Keypress: up
350.5697 	EXP 	unnamed TextStim: height = 25.0
350.5697 	EXP 	unnamed TextStim: height = 25.0
350.5697 	EXP 	unnamed TextStim: height = 25.0
350.5697 	EXP 	unnamed TextStim: text = '→'
352.2870 	DATA 	Keypress: right
352.3031 	EXP 	unnamed TextStim: height = 25.0
352.3031 	EXP 	unnamed TextStim: height = 25.0
352.3031 	EXP 	unnamed TextStim: height = 25.0
352.3031 	EXP 	unnamed TextStim: text = '↑'
353.8707 	DATA 	Keypress: up
353.8864 	EXP 	unnamed TextStim: height = 25.0
353.8864 	EXP 	unnamed TextStim: height = 25.0
353.8864 	EXP 	unnamed TextStim: height = 25.0
353.8864 	EXP 	unnamed TextStim: text = '←'
355.7703 	DATA 	Keypress: left
355.9265 	EXP 	Created unnamed ImageStim = ImageStim(__class__=<class 'psychopy.visual.image.ImageStim'>, anchor=('center', 'center'), autoLog=True, color=array([1., 1., 1.]), colorSpace='rgb', contrast=1.0, depth=0, flipHoriz=False, flipVert=False, image='break.jpg', interpolate=True, mask=None, maskParams=None, name='unnamed ImageStim', opacity=1.0, ori=0.0, pos=array([0., 0.]), size=array([1536.,  864.]), texRes=128, units='pix', win=Window(...))
356.7479 	DATA 	Keypress: space
356.7531 	EXP 	unnamed TextStim: height = 25.0
356.7531 	EXP 	unnamed TextStim: height = 25.0
356.7531 	EXP 	unnamed TextStim: height = 25.0
356.7531 	EXP 	unnamed TextStim: text = '↑'
358.0724 	DATA 	Keypress: up
358.1033 	EXP 	unnamed TextStim: text = '↑'
359.7371 	DATA 	Keypress: up
359.7532 	EXP 	unnamed TextStim: text = '↑'
361.5540 	DATA 	Keypress: up
361.5701 	EXP 	unnamed TextStim: height = 25.0
361.5701 	EXP 	unnamed TextStim: height = 25.0
361.5701 	EXP 	unnamed TextStim: height = 25.0
361.5701 	EXP 	unnamed TextStim: text = '↓'
363.2543 	DATA 	Keypress: down
363.2701 	EXP 	unnamed TextStim: height = 25.0
363.2701 	EXP 	unnamed TextStim: height = 25.0
363.2701 	EXP 	unnamed TextStim: height = 25.0
363.2701 	EXP 	unnamed TextStim: text = '↑'
365.1369 	EXP 	unnamed TextStim: height = 25.0
365.1369 	EXP 	unnamed TextStim: height = 25.0
365.1369 	EXP 	unnamed TextStim: height = 25.0
365.1369 	EXP 	unnamed TextStim: text = '→'
365.1879 	DATA 	Keypress: up
366.5707 	DATA 	Keypress: right
366.5870 	EXP 	unnamed TextStim: text = '→'
368.2870 	EXP 	unnamed TextStim: height = 25.0
368.2870 	EXP 	unnamed TextStim: height = 25.0
368.2870 	EXP 	unnamed TextStim: height = 25.0
368.2870 	EXP 	unnamed TextStim: text = '↑'
368.3381 	DATA 	Keypress: right
369.8377 	DATA 	Keypress: up
369.8536 	EXP 	unnamed TextStim: height = 25.0
369.8536 	EXP 	unnamed TextStim: height = 25.0
369.8536 	EXP 	unnamed TextStim: height = 25.0
369.8536 	EXP 	unnamed TextStim: text = '→'
371.4547 	DATA 	Keypress: right
371.4704 	EXP 	unnamed TextStim: height = 25.0
371.4704 	EXP 	unnamed TextStim: height = 25.0
371.4704 	EXP 	unnamed TextStim: height = 25.0
371.4704 	EXP 	unnamed TextStim: text = '↓'
373.2705 	EXP 	unnamed TextStim: height = 25.0
373.2705 	EXP 	unnamed TextStim: height = 25.0
373.2705 	EXP 	unnamed TextStim: height = 25.0
373.2705 	EXP 	unnamed TextStim: text = '→'
373.3550 	DATA 	Keypress: down
374.8872 	EXP 	unnamed TextStim: height = 25.0
374.8872 	EXP 	unnamed TextStim: height = 25.0
374.8872 	EXP 	unnamed TextStim: height = 25.0
374.8872 	EXP 	unnamed TextStim: text = '↑'
375.0050 	DATA 	Keypress: right
376.5706 	EXP 	unnamed TextStim: height = 25.0
376.5706 	EXP 	unnamed TextStim: height = 25.0
376.5706 	EXP 	unnamed TextStim: height = 25.0
376.5706 	EXP 	unnamed TextStim: text = '←'
376.6052 	DATA 	Keypress: up
378.0541 	DATA 	Keypress: left
378.0705 	EXP 	unnamed TextStim: height = 25.0
378.0705 	EXP 	unnamed TextStim: height = 25.0
378.0705 	EXP 	unnamed TextStim: height = 25.0
378.0705 	EXP 	unnamed TextStim: text = '→'
379.6563 	DATA 	Keypress: right
379.6703 	EXP 	unnamed TextStim: text = '→'
381.2544 	DATA 	Keypress: right
381.2708 	EXP 	unnamed TextStim: height = 25.0
381.2708 	EXP 	unnamed TextStim: height = 25.0
381.2708 	EXP 	unnamed TextStim: height = 25.0
381.2708 	EXP 	unnamed TextStim: text = '↑'
382.8379 	DATA 	Keypress: up
382.8542 	EXP 	unnamed TextStim: height = 25.0
382.8542 	EXP 	unnamed TextStim: height = 25.0
382.8542 	EXP 	unnamed TextStim: height = 25.0
382.8542 	EXP 	unnamed TextStim: text = '←'
384.7218 	DATA 	Keypress: left
384.7376 	EXP 	unnamed TextStim: height = 25.0
384.7376 	EXP 	unnamed TextStim: height = 25.0
384.7376 	EXP 	unnamed TextStim: height = 25.0
384.7376 	EXP 	unnamed TextStim: text = '↑'
386.3715 	DATA 	Keypress: up
386.3878 	EXP 	unnamed TextStim: text = '↑'
388.1050 	DATA 	Keypress: up
388.2664 	EXP 	Created unnamed ImageStim = ImageStim(__class__=<class 'psychopy.visual.image.ImageStim'>, anchor=('center', 'center'), autoLog=True, color=array([1., 1., 1.]), colorSpace='rgb', contrast=1.0, depth=0, flipHoriz=False, flipVert=False, image='break.jpg', interpolate=True, mask=None, maskParams=None, name='unnamed ImageStim', opacity=1.0, ori=0.0, pos=array([0., 0.]), size=array([1536.,  864.]), texRes=128, units='pix', win=Window(...))
389.1546 	DATA 	Keypress: space
389.1709 	EXP 	unnamed TextStim: height = 25.0
389.1709 	EXP 	unnamed TextStim: height = 25.0
389.1709 	EXP 	unnamed TextStim: height = 25.0
389.1709 	EXP 	unnamed TextStim: text = '←'
390.6387 	DATA 	Keypress: left
390.6544 	EXP 	unnamed TextStim: height = 25.0
390.6544 	EXP 	unnamed TextStim: height = 25.0
390.6544 	EXP 	unnamed TextStim: height = 25.0
390.6544 	EXP 	unnamed TextStim: text = '→'
392.1717 	DATA 	Keypress: right
392.1878 	EXP 	unnamed TextStim: text = '→'
393.7885 	DATA 	Keypress: right
393.8045 	EXP 	unnamed TextStim: text = '→'
395.5735 	DATA 	Keypress: right
395.6045 	EXP 	unnamed TextStim: height = 25.0
395.6045 	EXP 	unnamed TextStim: height = 25.0
395.6045 	EXP 	unnamed TextStim: height = 25.0
395.6045 	EXP 	unnamed TextStim: text = '↓'
397.5047 	EXP 	unnamed TextStim: height = 25.0
397.5047 	EXP 	unnamed TextStim: height = 25.0
397.5047 	EXP 	unnamed TextStim: height = 25.0
397.5047 	EXP 	unnamed TextStim: text = '→'
397.5724 	DATA 	Keypress: down
399.1218 	DATA 	Keypress: right
399.1381 	EXP 	unnamed TextStim: height = 25.0
399.1381 	EXP 	unnamed TextStim: height = 25.0
399.1381 	EXP 	unnamed TextStim: height = 25.0
399.1381 	EXP 	unnamed TextStim: text = '↓'
401.0591 	DATA 	Keypress: down
401.0715 	EXP 	unnamed TextStim: height = 25.0
401.0715 	EXP 	unnamed TextStim: height = 25.0
401.0715 	EXP 	unnamed TextStim: height = 25.0
401.0715 	EXP 	unnamed TextStim: text = '←'
402.7554 	DATA 	Keypress: left
402.7716 	EXP 	unnamed TextStim: height = 25.0
402.7716 	EXP 	unnamed TextStim: height = 25.0
402.7716 	EXP 	unnamed TextStim: height = 25.0
402.7716 	EXP 	unnamed TextStim: text = '↑'
404.3554 	DATA 	Keypress: up
404.3716 	EXP 	unnamed TextStim: text = '↑'
406.1056 	DATA 	Keypress: up
406.1218 	EXP 	unnamed TextStim: height = 25.0
406.1218 	EXP 	unnamed TextStim: height = 25.0
406.1218 	EXP 	unnamed TextStim: height = 25.0
406.1218 	EXP 	unnamed TextStim: text = '←'
408.0222 	DATA 	Keypress: left
408.0384 	EXP 	unnamed TextStim: text = '←'
409.6056 	DATA 	Keypress: left
409.6218 	EXP 	unnamed TextStim: height = 25.0
409.6218 	EXP 	unnamed TextStim: height = 25.0
409.6218 	EXP 	unnamed TextStim: height = 25.0
409.6218 	EXP 	unnamed TextStim: text = '↑'
411.3893 	DATA 	Keypress: up
411.4050 	EXP 	unnamed TextStim: height = 25.0
411.4050 	EXP 	unnamed TextStim: height = 25.0
411.4050 	EXP 	unnamed TextStim: height = 25.0
411.4050 	EXP 	unnamed TextStim: text = '↓'
413.1724 	DATA 	Keypress: down
413.1885 	EXP 	unnamed TextStim: height = 25.0
413.1885 	EXP 	unnamed TextStim: height = 25.0
413.1885 	EXP 	unnamed TextStim: height = 25.0
413.1885 	EXP 	unnamed TextStim: text = '→'
414.7396 	DATA 	Keypress: right
414.7553 	EXP 	unnamed TextStim: text = '→'
416.5726 	DATA 	Keypress: right
416.5887 	EXP 	unnamed TextStim: height = 25.0
416.5887 	EXP 	unnamed TextStim: height = 25.0
416.5887 	EXP 	unnamed TextStim: height = 25.0
416.5887 	EXP 	unnamed TextStim: text = '↓'
418.3393 	DATA 	Keypress: down
418.3554 	EXP 	unnamed TextStim: text = '↓'
419.8560 	DATA 	Keypress: down
419.8722 	EXP 	unnamed TextStim: height = 25.0
419.8722 	EXP 	unnamed TextStim: height = 25.0
419.8722 	EXP 	unnamed TextStim: height = 25.0
419.8722 	EXP 	unnamed TextStim: text = '→'
421.3894 	DATA 	Keypress: right
421.5423 	EXP 	Created unnamed ImageStim = ImageStim(__class__=<class 'psychopy.visual.image.ImageStim'>, anchor=('center', 'center'), autoLog=True, color=array([1., 1., 1.]), colorSpace='rgb', contrast=1.0, depth=0, flipHoriz=False, flipVert=False, image='break.jpg', interpolate=True, mask=None, maskParams=None, name='unnamed ImageStim', opacity=1.0, ori=0.0, pos=array([0., 0.]), size=array([1536.,  864.]), texRes=128, units='pix', win=Window(...))
423.1672 	DATA 	Keypress: space
423.1720 	EXP 	unnamed TextStim: height = 25.0
423.1720 	EXP 	unnamed TextStim: height = 25.0
423.1720 	EXP 	unnamed TextStim: height = 25.0
423.1720 	EXP 	unnamed TextStim: text = '↑'
424.9747 	DATA 	Keypress: up
425.0056 	EXP 	unnamed TextStim: height = 25.0
425.0056 	EXP 	unnamed TextStim: height = 25.0
425.0056 	EXP 	unnamed TextStim: height = 25.0
425.0056 	EXP 	unnamed TextStim: text = '↓'
426.6729 	DATA 	Keypress: down
426.6891 	EXP 	unnamed TextStim: height = 25.0
426.6891 	EXP 	unnamed TextStim: height = 25.0
426.6891 	EXP 	unnamed TextStim: height = 25.0
426.6891 	EXP 	unnamed TextStim: text = '↑'
428.1562 	DATA 	Keypress: up
428.1725 	EXP 	unnamed TextStim: text = '↑'
429.7065 	DATA 	Keypress: up
429.7225 	EXP 	unnamed TextStim: height = 25.0
429.7225 	EXP 	unnamed TextStim: height = 25.0
429.7225 	EXP 	unnamed TextStim: height = 25.0
429.7225 	EXP 	unnamed TextStim: text = '↓'
431.5434 	DATA 	Keypress: down
431.5560 	EXP 	unnamed TextStim: height = 25.0
431.5560 	EXP 	unnamed TextStim: height = 25.0
431.5560 	EXP 	unnamed TextStim: height = 25.0
431.5560 	EXP 	unnamed TextStim: text = '→'
433.2892 	EXP 	unnamed TextStim: height = 25.0
433.2892 	EXP 	unnamed TextStim: height = 25.0
433.2892 	EXP 	unnamed TextStim: height = 25.0
433.2892 	EXP 	unnamed TextStim: text = '↓'
433.3071 	DATA 	Keypress: right
434.7731 	DATA 	Keypress: down
434.7894 	EXP 	unnamed TextStim: height = 25.0
434.7894 	EXP 	unnamed TextStim: height = 25.0
434.7894 	EXP 	unnamed TextStim: height = 25.0
434.7894 	EXP 	unnamed TextStim: text = '→'
436.4730 	DATA 	Keypress: right
436.4894 	EXP 	unnamed TextStim: height = 25.0
436.4894 	EXP 	unnamed TextStim: height = 25.0
436.4894 	EXP 	unnamed TextStim: height = 25.0
436.4894 	EXP 	unnamed TextStim: text = '↑'
438.2400 	DATA 	Keypress: up
438.2561 	EXP 	unnamed TextStim: height = 25.0
438.2561 	EXP 	unnamed TextStim: height = 25.0
438.2561 	EXP 	unnamed TextStim: height = 25.0
438.2561 	EXP 	unnamed TextStim: text = '→'
439.7066 	DATA 	Keypress: right
439.7229 	EXP 	unnamed TextStim: height = 25.0
439.7229 	EXP 	unnamed TextStim: height = 25.0
439.7229 	EXP 	unnamed TextStim: height = 25.0
439.7229 	EXP 	unnamed TextStim: text = '←'
441.4896 	EXP 	unnamed TextStim: text = '←'
441.5079 	DATA 	Keypress: left
443.0736 	DATA 	Keypress: left
443.0897 	EXP 	unnamed TextStim: height = 25.0
443.0897 	EXP 	unnamed TextStim: height = 25.0
443.0897 	EXP 	unnamed TextStim: height = 25.0
443.0897 	EXP 	unnamed TextStim: text = '↓'
444.6570 	DATA 	Keypress: down
444.6730 	EXP 	unnamed TextStim: height = 25.0
444.6730 	EXP 	unnamed TextStim: height = 25.0
444.6730 	EXP 	unnamed TextStim: height = 25.0
444.6730 	EXP 	unnamed TextStim: text = '↑'
446.2736 	DATA 	Keypress: up
446.2898 	EXP 	unnamed TextStim: height = 25.0
446.2898 	EXP 	unnamed TextStim: height = 25.0
446.2898 	EXP 	unnamed TextStim: height = 25.0
446.2898 	EXP 	unnamed TextStim: text = '→'
447.9403 	DATA 	Keypress: right
447.9565 	EXP 	unnamed TextStim: height = 25.0
447.9565 	EXP 	unnamed TextStim: height = 25.0
447.9565 	EXP 	unnamed TextStim: height = 25.0
447.9565 	EXP 	unnamed TextStim: text = '←'
449.4239 	DATA 	Keypress: left
449.4399 	EXP 	unnamed TextStim: height = 25.0
449.4399 	EXP 	unnamed TextStim: height = 25.0
449.4399 	EXP 	unnamed TextStim: height = 25.0
449.4399 	EXP 	unnamed TextStim: text = '↓'
451.0738 	DATA 	Keypress: down
451.0900 	EXP 	unnamed TextStim: text = '↓'
452.7071 	DATA 	Keypress: down
452.7234 	EXP 	unnamed TextStim: height = 25.0
452.7234 	EXP 	unnamed TextStim: height = 25.0
452.7234 	EXP 	unnamed TextStim: height = 25.0
452.7234 	EXP 	unnamed TextStim: text = '↑'
454.4072 	DATA 	Keypress: up
454.5650 	EXP 	Created unnamed ImageStim = ImageStim(__class__=<class 'psychopy.visual.image.ImageStim'>, anchor=('center', 'center'), autoLog=True, color=array([1., 1., 1.]), colorSpace='rgb', contrast=1.0, depth=0, flipHoriz=False, flipVert=False, image='break.jpg', interpolate=True, mask=None, maskParams=None, name='unnamed ImageStim', opacity=1.0, ori=0.0, pos=array([0., 0.]), size=array([1536.,  864.]), texRes=128, units='pix', win=Window(...))
456.0025 	DATA 	Keypress: space
456.0067 	EXP 	unnamed TextStim: height = 25.0
456.0067 	EXP 	unnamed TextStim: height = 25.0
456.0067 	EXP 	unnamed TextStim: height = 25.0
456.0067 	EXP 	unnamed TextStim: text = '↓'
457.6569 	EXP 	unnamed TextStim: text = '↓'
458.1246 	DATA 	Keypress: down
459.0256 	DATA 	Keypress: down
459.0568 	EXP 	unnamed TextStim: text = '↓'
460.6242 	DATA 	Keypress: down
460.6404 	EXP 	unnamed TextStim: height = 25.0
460.6404 	EXP 	unnamed TextStim: height = 25.0
460.6404 	EXP 	unnamed TextStim: height = 25.0
460.6404 	EXP 	unnamed TextStim: text = '↑'
462.0761 	DATA 	Keypress: up
462.1070 	EXP 	unnamed TextStim: height = 25.0
462.1070 	EXP 	unnamed TextStim: height = 25.0
462.1070 	EXP 	unnamed TextStim: height = 25.0
462.1070 	EXP 	unnamed TextStim: text = '↓'
463.9247 	DATA 	Keypress: down
463.9404 	EXP 	unnamed TextStim: height = 25.0
463.9404 	EXP 	unnamed TextStim: height = 25.0
463.9404 	EXP 	unnamed TextStim: height = 25.0
463.9404 	EXP 	unnamed TextStim: text = '←'
465.6909 	DATA 	Keypress: left
465.7071 	EXP 	unnamed TextStim: height = 25.0
465.7071 	EXP 	unnamed TextStim: height = 25.0
465.7071 	EXP 	unnamed TextStim: height = 25.0
465.7071 	EXP 	unnamed TextStim: text = '→'
467.4745 	DATA 	Keypress: right
467.4905 	EXP 	unnamed TextStim: height = 25.0
467.4905 	EXP 	unnamed TextStim: height = 25.0
467.4905 	EXP 	unnamed TextStim: height = 25.0
467.4905 	EXP 	unnamed TextStim: text = '↓'
469.1412 	DATA 	Keypress: down
469.1573 	EXP 	unnamed TextStim: text = '↓'
470.6745 	DATA 	Keypress: down
470.6907 	EXP 	unnamed TextStim: height = 25.0
470.6907 	EXP 	unnamed TextStim: height = 25.0
470.6907 	EXP 	unnamed TextStim: height = 25.0
470.6907 	EXP 	unnamed TextStim: text = '↑'
472.6073 	EXP 	unnamed TextStim: height = 25.0
472.6073 	EXP 	unnamed TextStim: height = 25.0
472.6073 	EXP 	unnamed TextStim: height = 25.0
472.6073 	EXP 	unnamed TextStim: text = '↓'
472.6753 	DATA 	Keypress: right
472.6755 	DATA 	Keypress: up
474.2408 	EXP 	unnamed TextStim: height = 25.0
474.2408 	EXP 	unnamed TextStim: height = 25.0
474.2408 	EXP 	unnamed TextStim: height = 25.0
474.2408 	EXP 	unnamed TextStim: text = '↑'
474.7581 	DATA 	Keypress: down
475.8747 	DATA 	Keypress: up
475.8908 	EXP 	unnamed TextStim: height = 25.0
475.8908 	EXP 	unnamed TextStim: height = 25.0
475.8908 	EXP 	unnamed TextStim: height = 25.0
475.8908 	EXP 	unnamed TextStim: text = '←'
477.6757 	DATA 	Keypress: left
477.6910 	EXP 	unnamed TextStim: text = '←'
479.4082 	DATA 	Keypress: left
479.4243 	EXP 	unnamed TextStim: height = 25.0
479.4243 	EXP 	unnamed TextStim: height = 25.0
479.4243 	EXP 	unnamed TextStim: height = 25.0
479.4243 	EXP 	unnamed TextStim: text = '↓'
480.9100 	DATA 	Keypress: down
480.9410 	EXP 	unnamed TextStim: height = 25.0
480.9410 	EXP 	unnamed TextStim: height = 25.0
480.9410 	EXP 	unnamed TextStim: height = 25.0
480.9410 	EXP 	unnamed TextStim: text = '←'
482.6416 	DATA 	Keypress: left
482.6578 	EXP 	unnamed TextStim: text = '←'
484.4251 	DATA 	Keypress: left
484.4411 	EXP 	unnamed TextStim: height = 25.0
484.4411 	EXP 	unnamed TextStim: height = 25.0
484.4411 	EXP 	unnamed TextStim: height = 25.0
484.4411 	EXP 	unnamed TextStim: text = '→'
486.2416 	DATA 	Keypress: right
486.2579 	EXP 	unnamed TextStim: height = 25.0
486.2579 	EXP 	unnamed TextStim: height = 25.0
486.2579 	EXP 	unnamed TextStim: height = 25.0
486.2579 	EXP 	unnamed TextStim: text = '←'
487.7084 	DATA 	Keypress: left
487.8651 	EXP 	Created unnamed ImageStim = ImageStim(__class__=<class 'psychopy.visual.image.ImageStim'>, anchor=('center', 'center'), autoLog=True, color=array([1., 1., 1.]), colorSpace='rgb', contrast=1.0, depth=0, flipHoriz=False, flipVert=False, image='break.jpg', interpolate=True, mask=None, maskParams=None, name='unnamed ImageStim', opacity=1.0, ori=0.0, pos=array([0., 0.]), size=array([1536.,  864.]), texRes=128, units='pix', win=Window(...))
489.4573 	DATA 	Keypress: v
490.4197 	DATA 	Keypress: space
490.4244 	EXP 	unnamed TextStim: height = 25.0
490.4244 	EXP 	unnamed TextStim: height = 25.0
490.4244 	EXP 	unnamed TextStim: height = 25.0
490.4244 	EXP 	unnamed TextStim: text = '↑'
492.2920 	DATA 	Keypress: up
492.3081 	EXP 	unnamed TextStim: text = '↑'
493.8923 	DATA 	Keypress: up
493.9082 	EXP 	unnamed TextStim: text = '↑'
495.2086 	DATA 	Keypress: up
495.2247 	EXP 	unnamed TextStim: height = 25.0
495.2247 	EXP 	unnamed TextStim: height = 25.0
495.2247 	EXP 	unnamed TextStim: height = 25.0
495.2247 	EXP 	unnamed TextStim: text = '↓'
496.9588 	DATA 	Keypress: down
496.9750 	EXP 	unnamed TextStim: text = '↓'
498.6589 	DATA 	Keypress: down
498.6750 	EXP 	unnamed TextStim: text = '↓'
500.1270 	DATA 	Keypress: up
500.1584 	EXP 	unnamed TextStim: height = 25.0
500.1584 	EXP 	unnamed TextStim: height = 25.0
500.1584 	EXP 	unnamed TextStim: height = 25.0
500.1584 	EXP 	unnamed TextStim: text = '←'
501.7089 	DATA 	Keypress: left
501.7252 	EXP 	unnamed TextStim: text = '←'
503.2924 	DATA 	Keypress: left
503.3085 	EXP 	unnamed TextStim: height = 25.0
503.3085 	EXP 	unnamed TextStim: height = 25.0
503.3085 	EXP 	unnamed TextStim: height = 25.0
503.3085 	EXP 	unnamed TextStim: text = '↑'
504.9755 	DATA 	Keypress: up
504.9919 	EXP 	unnamed TextStim: height = 25.0
504.9919 	EXP 	unnamed TextStim: height = 25.0
504.9919 	EXP 	unnamed TextStim: height = 25.0
504.9919 	EXP 	unnamed TextStim: text = '↓'
506.7758 	DATA 	Keypress: down
506.7919 	EXP 	unnamed TextStim: height = 25.0
506.7919 	EXP 	unnamed TextStim: height = 25.0
506.7919 	EXP 	unnamed TextStim: height = 25.0
506.7919 	EXP 	unnamed TextStim: text = '→'
508.4593 	DATA 	Keypress: right
508.4754 	EXP 	unnamed TextStim: height = 25.0
508.4754 	EXP 	unnamed TextStim: height = 25.0
508.4754 	EXP 	unnamed TextStim: height = 25.0
508.4754 	EXP 	unnamed TextStim: text = '↓'
510.2927 	DATA 	Keypress: down
510.3088 	EXP 	unnamed TextStim: text = '↓'
512.0594 	DATA 	Keypress: down
512.0755 	EXP 	unnamed TextStim: text = '↓'
513.6094 	DATA 	Keypress: down
513.6255 	EXP 	unnamed TextStim: text = '↓'
515.1095 	DATA 	Keypress: down
515.1256 	EXP 	unnamed TextStim: height = 25.0
515.1256 	EXP 	unnamed TextStim: height = 25.0
515.1256 	EXP 	unnamed TextStim: height = 25.0
515.1256 	EXP 	unnamed TextStim: text = '←'
516.6761 	DATA 	Keypress: left
516.6923 	EXP 	unnamed TextStim: text = '←'
518.4760 	DATA 	Keypress: left
518.4923 	EXP 	unnamed TextStim: text = '←'
519.9097 	DATA 	Keypress: left
519.9258 	EXP 	unnamed TextStim: height = 25.0
519.9258 	EXP 	unnamed TextStim: height = 25.0
519.9258 	EXP 	unnamed TextStim: height = 25.0
519.9258 	EXP 	unnamed TextStim: text = '→'
521.5781 	DATA 	Keypress: right
521.7413 	EXP 	Created unnamed ImageStim = ImageStim(__class__=<class 'psychopy.visual.image.ImageStim'>, anchor=('center', 'center'), autoLog=True, color=array([1., 1., 1.]), colorSpace='rgb', contrast=1.0, depth=0, flipHoriz=False, flipVert=False, image='break.jpg', interpolate=True, mask=None, maskParams=None, name='unnamed ImageStim', opacity=1.0, ori=0.0, pos=array([0., 0.]), size=array([1536.,  864.]), texRes=128, units='pix', win=Window(...))
523.3927 	DATA 	Keypress: space
523.4091 	EXP 	unnamed TextStim: height = 25.0
523.4091 	EXP 	unnamed TextStim: height = 25.0
523.4091 	EXP 	unnamed TextStim: height = 25.0
523.4091 	EXP 	unnamed TextStim: text = '↑'
525.0768 	DATA 	Keypress: up
525.0926 	EXP 	unnamed TextStim: height = 25.0
525.0926 	EXP 	unnamed TextStim: height = 25.0
525.0926 	EXP 	unnamed TextStim: height = 25.0
525.0926 	EXP 	unnamed TextStim: text = '→'
526.7432 	DATA 	Keypress: right
526.7594 	EXP 	unnamed TextStim: text = '→'
528.1599 	DATA 	Keypress: right
528.1761 	EXP 	unnamed TextStim: height = 25.0
528.1761 	EXP 	unnamed TextStim: height = 25.0
528.1761 	EXP 	unnamed TextStim: height = 25.0
528.1761 	EXP 	unnamed TextStim: text = '↑'
529.7934 	DATA 	Keypress: left
529.8095 	EXP 	unnamed TextStim: height = 25.0
529.8095 	EXP 	unnamed TextStim: height = 25.0
529.8095 	EXP 	unnamed TextStim: height = 25.0
529.8095 	EXP 	unnamed TextStim: text = '→'
529.8605 	DATA 	Keypress: up
531.4933 	DATA 	Keypress: right
531.5095 	EXP 	unnamed TextStim: height = 25.0
531.5095 	EXP 	unnamed TextStim: height = 25.0
531.5095 	EXP 	unnamed TextStim: height = 25.0
531.5095 	EXP 	unnamed TextStim: text = '↑'
533.1267 	DATA 	Keypress: up
533.1429 	EXP 	unnamed TextStim: height = 25.0
533.1429 	EXP 	unnamed TextStim: height = 25.0
533.1429 	EXP 	unnamed TextStim: height = 25.0
533.1429 	EXP 	unnamed TextStim: text = '↓'
534.5599 	DATA 	Keypress: down
534.5763 	EXP 	unnamed TextStim: height = 25.0
534.5763 	EXP 	unnamed TextStim: height = 25.0
534.5763 	EXP 	unnamed TextStim: height = 25.0
534.5763 	EXP 	unnamed TextStim: text = '↑'
536.2603 	DATA 	Keypress: up
536.2764 	EXP 	unnamed TextStim: height = 25.0
536.2764 	EXP 	unnamed TextStim: height = 25.0
536.2764 	EXP 	unnamed TextStim: height = 25.0
536.2764 	EXP 	unnamed TextStim: text = '←'
537.7935 	DATA 	Keypress: left
537.8097 	EXP 	unnamed TextStim: height = 25.0
537.8097 	EXP 	unnamed TextStim: height = 25.0
537.8097 	EXP 	unnamed TextStim: height = 25.0
537.8097 	EXP 	unnamed TextStim: text = '→'
539.4266 	DATA 	Keypress: right
539.4430 	EXP 	unnamed TextStim: height = 25.0
539.4430 	EXP 	unnamed TextStim: height = 25.0
539.4430 	EXP 	unnamed TextStim: height = 25.0
539.4430 	EXP 	unnamed TextStim: text = '↓'
541.0267 	DATA 	Keypress: down
541.0433 	EXP 	unnamed TextStim: height = 25.0
541.0433 	EXP 	unnamed TextStim: height = 25.0
541.0433 	EXP 	unnamed TextStim: height = 25.0
541.0433 	EXP 	unnamed TextStim: text = '→'
542.6938 	DATA 	Keypress: right
542.7099 	EXP 	unnamed TextStim: height = 25.0
542.7099 	EXP 	unnamed TextStim: height = 25.0
542.7099 	EXP 	unnamed TextStim: height = 25.0
542.7099 	EXP 	unnamed TextStim: text = '←'
544.6933 	EXP 	unnamed TextStim: height = 25.0
544.6933 	EXP 	unnamed TextStim: height = 25.0
544.6933 	EXP 	unnamed TextStim: height = 25.0
544.6933 	EXP 	unnamed TextStim: text = '↑'
544.7278 	DATA 	Keypress: left
546.3939 	DATA 	Keypress: up
546.4100 	EXP 	unnamed TextStim: height = 25.0
546.4100 	EXP 	unnamed TextStim: height = 25.0
546.4100 	EXP 	unnamed TextStim: height = 25.0
546.4100 	EXP 	unnamed TextStim: text = '←'
548.0934 	EXP 	unnamed TextStim: height = 25.0
548.0934 	EXP 	unnamed TextStim: height = 25.0
548.0934 	EXP 	unnamed TextStim: height = 25.0
548.0934 	EXP 	unnamed TextStim: text = '↓'
548.2114 	DATA 	Keypress: left
549.8607 	DATA 	Keypress: down
549.8768 	EXP 	unnamed TextStim: height = 25.0
549.8768 	EXP 	unnamed TextStim: height = 25.0
549.8768 	EXP 	unnamed TextStim: height = 25.0
549.8768 	EXP 	unnamed TextStim: text = '←'
551.3605 	DATA 	Keypress: left
551.3769 	EXP 	unnamed TextStim: height = 25.0
551.3769 	EXP 	unnamed TextStim: height = 25.0
551.3769 	EXP 	unnamed TextStim: height = 25.0
551.3769 	EXP 	unnamed TextStim: text = '↓'
553.2443 	DATA 	Keypress: down
553.2603 	EXP 	unnamed TextStim: height = 25.0
553.2603 	EXP 	unnamed TextStim: height = 25.0
553.2603 	EXP 	unnamed TextStim: height = 25.0
553.2603 	EXP 	unnamed TextStim: text = '→'
555.0126 	DATA 	Keypress: right
555.1784 	EXP 	Created unnamed ImageStim = ImageStim(__class__=<class 'psychopy.visual.image.ImageStim'>, anchor=('center', 'center'), autoLog=True, color=array([1., 1., 1.]), colorSpace='rgb', contrast=1.0, depth=0, flipHoriz=False, flipVert=False, image='break.jpg', interpolate=True, mask=None, maskParams=None, name='unnamed ImageStim', opacity=1.0, ori=0.0, pos=array([0., 0.]), size=array([1536.,  864.]), texRes=128, units='pix', win=Window(...))
556.6873 	DATA 	Keypress: space
556.6934 	EXP 	unnamed TextStim: text = '→'
558.2610 	DATA 	Keypress: right
558.2771 	EXP 	unnamed TextStim: height = 25.0
558.2771 	EXP 	unnamed TextStim: height = 25.0
558.2771 	EXP 	unnamed TextStim: height = 25.0
558.2771 	EXP 	unnamed TextStim: text = '↓'
559.9438 	EXP 	unnamed TextStim: text = '↓'
559.9616 	DATA 	Keypress: down
561.5944 	DATA 	Keypress: down
561.6104 	EXP 	unnamed TextStim: height = 25.0
561.6104 	EXP 	unnamed TextStim: height = 25.0
561.6104 	EXP 	unnamed TextStim: height = 25.0
561.6104 	EXP 	unnamed TextStim: text = '→'
563.2445 	DATA 	Keypress: right
563.2606 	EXP 	unnamed TextStim: text = '→'
564.8612 	DATA 	Keypress: right
564.8773 	EXP 	unnamed TextStim: height = 25.0
564.8773 	EXP 	unnamed TextStim: height = 25.0
564.8773 	EXP 	unnamed TextStim: height = 25.0
564.8773 	EXP 	unnamed TextStim: text = '←'
566.8108 	EXP 	unnamed TextStim: text = '←'
566.8787 	DATA 	Keypress: left
568.3617 	DATA 	Keypress: left
568.3775 	EXP 	unnamed TextStim: height = 25.0
568.3775 	EXP 	unnamed TextStim: height = 25.0
568.3775 	EXP 	unnamed TextStim: height = 25.0
568.3775 	EXP 	unnamed TextStim: text = '↓'
569.9114 	DATA 	Keypress: down
569.9276 	EXP 	unnamed TextStim: height = 25.0
569.9276 	EXP 	unnamed TextStim: height = 25.0
569.9276 	EXP 	unnamed TextStim: height = 25.0
569.9276 	EXP 	unnamed TextStim: text = '→'
571.4281 	DATA 	Keypress: right
571.4443 	EXP 	unnamed TextStim: height = 25.0
571.4443 	EXP 	unnamed TextStim: height = 25.0
571.4443 	EXP 	unnamed TextStim: height = 25.0
571.4443 	EXP 	unnamed TextStim: text = '↓'
572.9615 	DATA 	Keypress: down
572.9776 	EXP 	unnamed TextStim: text = '↓'
574.4116 	DATA 	Keypress: down
574.4278 	EXP 	unnamed TextStim: height = 25.0
574.4278 	EXP 	unnamed TextStim: height = 25.0
574.4278 	EXP 	unnamed TextStim: height = 25.0
574.4278 	EXP 	unnamed TextStim: text = '↑'
576.0449 	DATA 	Keypress: down
576.0609 	EXP 	unnamed TextStim: text = '↑'
577.6451 	DATA 	Keypress: up
577.6611 	EXP 	unnamed TextStim: height = 25.0
577.6611 	EXP 	unnamed TextStim: height = 25.0
577.6611 	EXP 	unnamed TextStim: height = 25.0
577.6611 	EXP 	unnamed TextStim: text = '→'
579.3485 	DATA 	Keypress: right
579.3612 	EXP 	unnamed TextStim: height = 25.0
579.3612 	EXP 	unnamed TextStim: height = 25.0
579.3612 	EXP 	unnamed TextStim: height = 25.0
579.3612 	EXP 	unnamed TextStim: text = '↑'
581.0620 	DATA 	Keypress: up
581.0779 	EXP 	unnamed TextStim: height = 25.0
581.0779 	EXP 	unnamed TextStim: height = 25.0
581.0779 	EXP 	unnamed TextStim: height = 25.0
581.0779 	EXP 	unnamed TextStim: text = '←'
582.4786 	DATA 	Keypress: left
582.4947 	EXP 	unnamed TextStim: height = 25.0
582.4947 	EXP 	unnamed TextStim: height = 25.0
582.4947 	EXP 	unnamed TextStim: height = 25.0
582.4947 	EXP 	unnamed TextStim: text = '↑'
584.2785 	DATA 	Keypress: up
584.2947 	EXP 	unnamed TextStim: height = 25.0
584.2947 	EXP 	unnamed TextStim: height = 25.0
584.2947 	EXP 	unnamed TextStim: height = 25.0
584.2947 	EXP 	unnamed TextStim: text = '→'
585.8785 	DATA 	Keypress: right
585.8949 	EXP 	unnamed TextStim: height = 25.0
585.8949 	EXP 	unnamed TextStim: height = 25.0
585.8949 	EXP 	unnamed TextStim: height = 25.0
585.8949 	EXP 	unnamed TextStim: text = '↓'
587.2787 	DATA 	Keypress: left
587.4301 	EXP 	Created unnamed ImageStim = ImageStim(__class__=<class 'psychopy.visual.image.ImageStim'>, anchor=('center', 'center'), autoLog=True, color=array([1., 1., 1.]), colorSpace='rgb', contrast=1.0, depth=0, flipHoriz=False, flipVert=False, image='break.jpg', interpolate=True, mask=None, maskParams=None, name='unnamed ImageStim', opacity=1.0, ori=0.0, pos=array([0., 0.]), size=array([1536.,  864.]), texRes=128, units='pix', win=Window(...))
589.2472 	DATA 	Keypress: space
589.2613 	EXP 	unnamed TextStim: height = 25.0
589.2613 	EXP 	unnamed TextStim: height = 25.0
589.2613 	EXP 	unnamed TextStim: height = 25.0
589.2613 	EXP 	unnamed TextStim: text = '←'
590.7288 	DATA 	Keypress: left
590.7449 	EXP 	unnamed TextStim: height = 25.0
590.7449 	EXP 	unnamed TextStim: height = 25.0
590.7449 	EXP 	unnamed TextStim: height = 25.0
590.7449 	EXP 	unnamed TextStim: text = '→'
592.4789 	DATA 	Keypress: right
592.4951 	EXP 	unnamed TextStim: text = '→'
593.9956 	DATA 	Keypress: right
594.0117 	EXP 	unnamed TextStim: height = 25.0
594.0117 	EXP 	unnamed TextStim: height = 25.0
594.0117 	EXP 	unnamed TextStim: height = 25.0
594.0117 	EXP 	unnamed TextStim: text = '←'
595.3623 	DATA 	Keypress: left
595.3785 	EXP 	unnamed TextStim: height = 25.0
595.3785 	EXP 	unnamed TextStim: height = 25.0
595.3785 	EXP 	unnamed TextStim: height = 25.0
595.3785 	EXP 	unnamed TextStim: text = '↓'
597.1290 	DATA 	Keypress: down
597.1452 	EXP 	unnamed TextStim: text = '↓'
598.7124 	DATA 	Keypress: down
598.7286 	EXP 	unnamed TextStim: height = 25.0
598.7286 	EXP 	unnamed TextStim: height = 25.0
598.7286 	EXP 	unnamed TextStim: height = 25.0
598.7286 	EXP 	unnamed TextStim: text = '→'
600.6292 	DATA 	Keypress: right
600.6453 	EXP 	unnamed TextStim: height = 25.0
600.6453 	EXP 	unnamed TextStim: height = 25.0
600.6453 	EXP 	unnamed TextStim: height = 25.0
600.6453 	EXP 	unnamed TextStim: text = '↑'
602.3625 	DATA 	Keypress: up
602.3787 	EXP 	unnamed TextStim: text = '↑'
604.1126 	DATA 	Keypress: up
604.1288 	EXP 	unnamed TextStim: text = '↑'
605.6293 	DATA 	Keypress: up
605.6454 	EXP 	unnamed TextStim: height = 25.0
605.6454 	EXP 	unnamed TextStim: height = 25.0
605.6454 	EXP 	unnamed TextStim: height = 25.0
605.6454 	EXP 	unnamed TextStim: text = '↓'
607.2794 	DATA 	Keypress: down
607.2955 	EXP 	unnamed TextStim: height = 25.0
607.2955 	EXP 	unnamed TextStim: height = 25.0
607.2955 	EXP 	unnamed TextStim: height = 25.0
607.2955 	EXP 	unnamed TextStim: text = '↑'
608.8630 	DATA 	Keypress: up
608.8790 	EXP 	unnamed TextStim: height = 25.0
608.8790 	EXP 	unnamed TextStim: height = 25.0
608.8790 	EXP 	unnamed TextStim: height = 25.0
608.8790 	EXP 	unnamed TextStim: text = '↓'
610.7796 	DATA 	Keypress: down
610.7957 	EXP 	unnamed TextStim: height = 25.0
610.7957 	EXP 	unnamed TextStim: height = 25.0
610.7957 	EXP 	unnamed TextStim: height = 25.0
610.7957 	EXP 	unnamed TextStim: text = '↑'
612.5296 	DATA 	Keypress: up
612.5458 	EXP 	unnamed TextStim: height = 25.0
612.5458 	EXP 	unnamed TextStim: height = 25.0
612.5458 	EXP 	unnamed TextStim: height = 25.0
612.5458 	EXP 	unnamed TextStim: text = '←'
614.3962 	DATA 	Keypress: left
614.4124 	EXP 	unnamed TextStim: height = 25.0
614.4124 	EXP 	unnamed TextStim: height = 25.0
614.4124 	EXP 	unnamed TextStim: height = 25.0
614.4124 	EXP 	unnamed TextStim: text = '↓'
615.8297 	DATA 	Keypress: down
615.8459 	EXP 	unnamed TextStim: height = 25.0
615.8459 	EXP 	unnamed TextStim: height = 25.0
615.8459 	EXP 	unnamed TextStim: height = 25.0
615.8459 	EXP 	unnamed TextStim: text = '→'
617.4297 	DATA 	Keypress: right
617.4459 	EXP 	unnamed TextStim: text = '→'
618.8131 	DATA 	Keypress: right
618.8293 	EXP 	unnamed TextStim: height = 25.0
618.8293 	EXP 	unnamed TextStim: height = 25.0
618.8293 	EXP 	unnamed TextStim: height = 25.0
618.8293 	EXP 	unnamed TextStim: text = '↑'
620.6298 	DATA 	Keypress: up
620.8216 	EXP 	Created unnamed ImageStim = ImageStim(__class__=<class 'psychopy.visual.image.ImageStim'>, anchor=('center', 'center'), autoLog=True, color=array([1., 1., 1.]), colorSpace='rgb', contrast=1.0, depth=0, flipHoriz=False, flipVert=False, image='break.jpg', interpolate=True, mask=None, maskParams=None, name='unnamed ImageStim', opacity=1.0, ori=0.0, pos=array([0., 0.]), size=array([1536.,  864.]), texRes=128, units='pix', win=Window(...))
622.5625 	DATA 	Keypress: space
622.5793 	EXP 	unnamed TextStim: text = '↑'
623.9967 	DATA 	Keypress: up
624.0128 	EXP 	unnamed TextStim: height = 25.0
624.0128 	EXP 	unnamed TextStim: height = 25.0
624.0128 	EXP 	unnamed TextStim: height = 25.0
624.0128 	EXP 	unnamed TextStim: text = '↓'
625.4484 	DATA 	Keypress: down
625.4793 	EXP 	unnamed TextStim: height = 25.0
625.4793 	EXP 	unnamed TextStim: height = 25.0
625.4793 	EXP 	unnamed TextStim: height = 25.0
625.4793 	EXP 	unnamed TextStim: text = '→'
626.9803 	DATA 	Keypress: right
626.9963 	EXP 	unnamed TextStim: height = 25.0
626.9963 	EXP 	unnamed TextStim: height = 25.0
626.9963 	EXP 	unnamed TextStim: height = 25.0
626.9963 	EXP 	unnamed TextStim: text = '←'
628.4638 	DATA 	Keypress: left
628.4796 	EXP 	unnamed TextStim: text = '←'
630.2798 	EXP 	unnamed TextStim: height = 25.0
630.2798 	EXP 	unnamed TextStim: height = 25.0
630.2798 	EXP 	unnamed TextStim: height = 25.0
630.2798 	EXP 	unnamed TextStim: text = '↑'
630.3308 	DATA 	Keypress: left
631.6969 	DATA 	Keypress: up
631.7131 	EXP 	unnamed TextStim: height = 25.0
631.7131 	EXP 	unnamed TextStim: height = 25.0
631.7131 	EXP 	unnamed TextStim: height = 25.0
631.7131 	EXP 	unnamed TextStim: text = '→'
633.2804 	DATA 	Keypress: right
633.2963 	EXP 	unnamed TextStim: height = 25.0
633.2963 	EXP 	unnamed TextStim: height = 25.0
633.2963 	EXP 	unnamed TextStim: height = 25.0
633.2963 	EXP 	unnamed TextStim: text = '←'
634.8803 	DATA 	Keypress: left
634.8965 	EXP 	unnamed TextStim: height = 25.0
634.8965 	EXP 	unnamed TextStim: height = 25.0
634.8965 	EXP 	unnamed TextStim: height = 25.0
634.8965 	EXP 	unnamed TextStim: text = '→'
636.2472 	DATA 	Keypress: right
636.2633 	EXP 	unnamed TextStim: height = 25.0
636.2633 	EXP 	unnamed TextStim: height = 25.0
636.2633 	EXP 	unnamed TextStim: height = 25.0
636.2633 	EXP 	unnamed TextStim: text = '←'
638.0806 	DATA 	Keypress: up
638.0967 	EXP 	unnamed TextStim: height = 25.0
638.0967 	EXP 	unnamed TextStim: height = 25.0
638.0967 	EXP 	unnamed TextStim: height = 25.0
638.0967 	EXP 	unnamed TextStim: text = '↓'
639.5972 	DATA 	Keypress: down
639.6134 	EXP 	unnamed TextStim: height = 25.0
639.6134 	EXP 	unnamed TextStim: height = 25.0
639.6134 	EXP 	unnamed TextStim: height = 25.0
639.6134 	EXP 	unnamed TextStim: text = '↑'
641.3974 	DATA 	Keypress: up
641.4135 	EXP 	unnamed TextStim: text = '↑'
643.1640 	DATA 	Keypress: up
643.1808 	EXP 	unnamed TextStim: height = 25.0
643.1808 	EXP 	unnamed TextStim: height = 25.0
643.1808 	EXP 	unnamed TextStim: height = 25.0
643.1808 	EXP 	unnamed TextStim: text = '←'
644.9308 	DATA 	Keypress: left
644.9469 	EXP 	unnamed TextStim: height = 25.0
644.9469 	EXP 	unnamed TextStim: height = 25.0
644.9469 	EXP 	unnamed TextStim: height = 25.0
644.9469 	EXP 	unnamed TextStim: text = '→'
646.7467 	DATA 	Keypress: right
646.7633 	EXP 	unnamed TextStim: height = 25.0
646.7633 	EXP 	unnamed TextStim: height = 25.0
646.7633 	EXP 	unnamed TextStim: height = 25.0
646.7633 	EXP 	unnamed TextStim: text = '↓'
648.2475 	DATA 	Keypress: down
648.2637 	EXP 	unnamed TextStim: height = 25.0
648.2637 	EXP 	unnamed TextStim: height = 25.0
648.2637 	EXP 	unnamed TextStim: height = 25.0
648.2637 	EXP 	unnamed TextStim: text = '↑'
649.8476 	DATA 	Keypress: up
649.8638 	EXP 	unnamed TextStim: height = 25.0
649.8638 	EXP 	unnamed TextStim: height = 25.0
649.8638 	EXP 	unnamed TextStim: height = 25.0
649.8638 	EXP 	unnamed TextStim: text = '↓'
651.3476 	DATA 	Keypress: down
651.3638 	EXP 	unnamed TextStim: height = 25.0
651.3638 	EXP 	unnamed TextStim: height = 25.0
651.3638 	EXP 	unnamed TextStim: height = 25.0
651.3638 	EXP 	unnamed TextStim: text = '→'
652.8477 	DATA 	Keypress: right
653.0021 	EXP 	Created unnamed ImageStim = ImageStim(__class__=<class 'psychopy.visual.image.ImageStim'>, anchor=('center', 'center'), autoLog=True, color=array([1., 1., 1.]), colorSpace='rgb', contrast=1.0, depth=0, flipHoriz=False, flipVert=False, image='break.jpg', interpolate=True, mask=None, maskParams=None, name='unnamed ImageStim', opacity=1.0, ori=0.0, pos=array([0., 0.]), size=array([1536.,  864.]), texRes=128, units='pix', win=Window(...))
654.5951 	DATA 	Keypress: space
654.6171 	EXP 	Created unnamed TextStim = TextStim(__class__=<class 'psychopy.visual.text.TextStim'>, alignHoriz=method-wrapper(...), alignText='center', alignVert=method-wrapper(...), anchorHoriz='center', anchorVert='center', antialias=True, autoDraw=False, autoLog=True, bold=False, color=array([-1, -1, -1]), colorSpace='rgb', contrast=1.0, depth=0, flipHoriz=False, flipVert=False, font='', fontFiles=[], height=28.0, italic=False, languageStyle='LTR', name='unnamed TextStim', opacity=1.0, ori=0.0, pos=array([0., 0.]), rgb=UNKNOWN, text=str(...), units='pix', win=Window(...), wrapWidth=1536)
1081.5646 	DATA 	Keypress: return
1081.6612 	EXP 	window1: mouseVisible = True
