29.9905 	WARNING 	User requested fullscreen with size [1536  864], but screen is actually [1920, 1080]. Using actual size
31.5008 	INFO 	FRAME RATE: 60
31.5008 	INFO 	SCREEN RES: odict_values([1536, 864])
31.5617 	EXP 	Created unnamed TextStim = TextStim(__class__=<class 'psychopy.visual.text.TextStim'>, alignHoriz=method-wrapper(...), alignText='center', alignVert=method-wrapper(...), anchorHoriz='center', anchorVert='center', antialias=True, autoDraw=False, autoLog=True, bold=False, color=array([-1, -1, -1]), colorSpace='rgb', contrast=1.0, depth=0, flipHoriz=False, flipVert=False, font='', fontFiles=[], height=100.0, italic=False, languageStyle='LTR', name='unnamed TextStim', opacity=1.0, ori=0.0, pos=array([0., 0.]), rgb=UNKNOWN, text='+', units='pix', win=Window(...), wrapWidth=500)
31.5665 	EXP 	Created unnamed Circle = Circle(__class__=<class 'psychopy.visual.circle.Circle'>, anchor=('center', 'center'), autoDraw=False, autoLog=True, closeShape=True, color=method-wrapper(...), colorSpace='rgb', contrast=None, depth=0, fillColor=array([ 0.09019608, -1.        , -1.        ]), fillColorSpace='rgb', fillRGB=array([ 0.09019608, -1.        , -1.        ]), interpolate=True, lineColor=array([ 0.09019608, -1.        , -1.        ]), lineColorSpace='rgb', lineRGB=array([ 0.09019608, -1.        , -1.        ]), lineWidth=1.5, name='unnamed Circle', opacity=1.0, ori=0.0, pos=array([0., 0.]), size=array([1., 1.]), units='pix', vertices=ndarray(...), win=Window(...))
31.5679 	EXP 	Created unnamed TextStim = TextStim(__class__=<class 'psychopy.visual.text.TextStim'>, alignHoriz=method-wrapper(...), alignText='center', alignVert=method-wrapper(...), anchorHoriz='center', anchorVert='center', antialias=True, autoDraw=False, autoLog=True, bold=False, color=array([-0.17647059, -0.17647059, -0.17647059]), colorSpace='rgb', contrast=1.0, depth=0, flipHoriz=False, flipVert=False, font='', fontFiles=[], height=25, italic=False, languageStyle='LTR', name='unnamed TextStim', opacity=1.0, ori=0.0, pos=array([0., 0.]), rgb=UNKNOWN, text='', units='pix', win=Window(...), wrapWidth=500)
31.5756 	EXP 	Created unnamed ImageStim = ImageStim(__class__=<class 'psychopy.visual.image.ImageStim'>, anchor=('center', 'center'), autoLog=True, color=array([1., 1., 1.]), colorSpace='rgb', contrast=1.0, depth=0, flipHoriz=False, flipVert=False, image='mask4.png', interpolate=False, mask=None, maskParams=None, name='unnamed ImageStim', opacity=1.0, ori=0.0, pos=array([0., 0.]), size=array([25., 25.]), texRes=128, units='pix', win=Window(...))
31.5845 	EXP 	Created unnamed TextStim = TextStim(__class__=<class 'psychopy.visual.text.TextStim'>, alignHoriz=method-wrapper(...), alignText='center', alignVert=method-wrapper(...), anchorHoriz='center', anchorVert='center', antialias=True, autoDraw=False, autoLog=True, bold=False, color=array([-1, -1, -1]), colorSpace='rgb', contrast=1.0, depth=0, flipHoriz=False, flipVert=False, font='', fontFiles=[], height=30.0, italic=False, languageStyle='LTR', name='unnamed TextStim', opacity=1.0, ori=0.0, pos=array([ 100., -300.]), rgb=UNKNOWN, text=str(...), units='pix', win=Window(...), wrapWidth=10000)
31.5956 	EXP 	Created unnamed TextStim = TextStim(__class__=<class 'psychopy.visual.text.TextStim'>, alignHoriz=method-wrapper(...), alignText='center', alignVert=method-wrapper(...), anchorHoriz='center', anchorVert='center', antialias=True, autoDraw=False, autoLog=True, bold=False, color=array([-1, -1, -1]), colorSpace='rgb', contrast=1.0, depth=0, flipHoriz=False, flipVert=False, font='', fontFiles=[], height=30.0, italic=False, languageStyle='LTR', name='unnamed TextStim', opacity=1.0, ori=0.0, pos=array([ 100., -330.]), rgb=UNKNOWN, text=str(...), units='pix', win=Window(...), wrapWidth=10000)
31.6323 	EXP 	Created unnamed TextStim = TextStim(__class__=<class 'psychopy.visual.text.TextStim'>, alignHoriz=method-wrapper(...), alignText='center', alignVert=method-wrapper(...), anchorHoriz='center', anchorVert='center', antialias=True, autoDraw=False, autoLog=True, bold=False, color=array([-1, -1, -1]), colorSpace='rgb', contrast=1.0, depth=0, flipHoriz=False, flipVert=False, font='', fontFiles=[], height=28.0, italic=False, languageStyle='LTR', name='unnamed TextStim', opacity=1.0, ori=0.0, pos=array([0., 0.]), rgb=UNKNOWN, text=str(...), units='pix', win=Window(...), wrapWidth=1536)
48.1598 	DATA 	Keypress: space
48.1662 	EXP 	unnamed TextStim: height = 25.0
48.1662 	EXP 	unnamed TextStim: height = 25.0
48.1662 	EXP 	unnamed TextStim: height = 25.0
48.1662 	EXP 	unnamed TextStim: text = '↑'
49.9795 	EXP 	Created unnamed TextStim = TextStim(__class__=<class 'psychopy.visual.text.TextStim'>, alignHoriz=method-wrapper(...), alignText='center', alignVert=method-wrapper(...), anchorHoriz='center', anchorVert='center', antialias=True, autoDraw=False, autoLog=True, bold=False, color=array([-1, -1, -1]), colorSpace='rgb', contrast=1.0, depth=0, flipHoriz=False, flipVert=False, font='', fontFiles=[], height=50.0, italic=False, languageStyle='LTR', name='unnamed TextStim', opacity=1.0, ori=0.0, pos=array([0., 0.]), rgb=UNKNOWN, text='Brak reakcji', units='pix', win=Window(...), wrapWidth=500)
51.4025 	EXP 	unnamed TextStim: text = '↑'
53.2057 	EXP 	Created unnamed TextStim = TextStim(__class__=<class 'psychopy.visual.text.TextStim'>, alignHoriz=method-wrapper(...), alignText='center', alignVert=method-wrapper(...), anchorHoriz='center', anchorVert='center', antialias=True, autoDraw=False, autoLog=True, bold=False, color=array([-1, -1, -1]), colorSpace='rgb', contrast=1.0, depth=0, flipHoriz=False, flipVert=False, font='', fontFiles=[], height=50.0, italic=False, languageStyle='LTR', name='unnamed TextStim', opacity=1.0, ori=0.0, pos=array([0., 0.]), rgb=UNKNOWN, text='Brak reakcji', units='pix', win=Window(...), wrapWidth=500)
54.6829 	DATA 	Keypress: up
54.8835 	EXP 	unnamed TextStim: text = '↑'
56.1674 	DATA 	Keypress: up
56.1754 	EXP 	Created unnamed TextStim = TextStim(__class__=<class 'psychopy.visual.text.TextStim'>, alignHoriz=method-wrapper(...), alignText='center', alignVert=method-wrapper(...), anchorHoriz='center', anchorVert='center', antialias=True, autoDraw=False, autoLog=True, bold=False, color=array([-1, -1, -1]), colorSpace='rgb', contrast=1.0, depth=0, flipHoriz=False, flipVert=False, font='', fontFiles=[], height=50.0, italic=False, languageStyle='LTR', name='unnamed TextStim', opacity=1.0, ori=0.0, pos=array([0., 0.]), rgb=UNKNOWN, text='Poprawnie', units='pix', win=Window(...), wrapWidth=500)
57.6102 	DATA 	Mouse: wheel shift=(0,0), pos=(1147,292)
57.8081 	EXP 	unnamed TextStim: height = 25.0
57.8081 	EXP 	unnamed TextStim: height = 25.0
57.8081 	EXP 	unnamed TextStim: height = 25.0
57.8081 	EXP 	unnamed TextStim: text = '→'
58.6693 	DATA 	Mouse: wheel shift=(0,0), pos=(1147,292)
59.2676 	DATA 	Keypress: right
59.2724 	EXP 	Created unnamed TextStim = TextStim(__class__=<class 'psychopy.visual.text.TextStim'>, alignHoriz=method-wrapper(...), alignText='center', alignVert=method-wrapper(...), anchorHoriz='center', anchorVert='center', antialias=True, autoDraw=False, autoLog=True, bold=False, color=array([-1, -1, -1]), colorSpace='rgb', contrast=1.0, depth=0, flipHoriz=False, flipVert=False, font='', fontFiles=[], height=50.0, italic=False, languageStyle='LTR', name='unnamed TextStim', opacity=1.0, ori=0.0, pos=array([0., 0.]), rgb=UNKNOWN, text='Poprawnie', units='pix', win=Window(...), wrapWidth=500)
60.7258 	DATA 	Mouse: wheel shift=(0,0), pos=(1147,292)
60.7275 	DATA 	Mouse: wheel shift=(0,0), pos=(1147,292)
60.8057 	DATA 	Mouse: wheel shift=(0,0), pos=(1147,292)
60.8488 	DATA 	Mouse: wheel shift=(0,0), pos=(1147,292)
60.8780 	DATA 	Mouse: wheel shift=(0,0), pos=(1147,292)
60.9063 	DATA 	Mouse: wheel shift=(0,0), pos=(1147,292)
60.9233 	EXP 	unnamed TextStim: text = '→'
60.9679 	DATA 	Mouse: wheel shift=(0,0), pos=(1147,292)
61.0182 	DATA 	Mouse: wheel shift=(0,0), pos=(1147,292)
61.0514 	DATA 	Mouse: wheel shift=(0,0), pos=(1147,292)
61.1021 	DATA 	Mouse: wheel shift=(0,0), pos=(1147,292)
61.1348 	DATA 	Mouse: wheel shift=(0,0), pos=(1147,292)
61.1847 	DATA 	Mouse: wheel shift=(0,0), pos=(1147,292)
62.2359 	DATA 	Mouse: wheel shift=(0,0), pos=(1147,292)
62.3026 	DATA 	Mouse: wheel shift=(0,0), pos=(1147,292)
62.3361 	DATA 	Mouse: wheel shift=(0,0), pos=(1147,292)
62.3525 	DATA 	Mouse: wheel shift=(0,0), pos=(1147,292)
62.3693 	DATA 	Mouse: wheel shift=(0,0), pos=(1147,292)
62.3851 	DATA 	Mouse: wheel shift=(0,0), pos=(1147,292)
62.3853 	DATA 	Mouse: wheel shift=(0,0), pos=(1147,292)
62.4025 	DATA 	Mouse: wheel shift=(0,0), pos=(1147,292)
62.4194 	DATA 	Mouse: wheel shift=(0,0), pos=(1147,292)
62.4361 	DATA 	Mouse: wheel shift=(0,0), pos=(1147,292)
62.4695 	DATA 	Mouse: wheel shift=(0,0), pos=(1147,292)
62.5346 	DATA 	Keypress: right
62.5398 	EXP 	Created unnamed TextStim = TextStim(__class__=<class 'psychopy.visual.text.TextStim'>, alignHoriz=method-wrapper(...), alignText='center', alignVert=method-wrapper(...), anchorHoriz='center', anchorVert='center', antialias=True, autoDraw=False, autoLog=True, bold=False, color=array([-1, -1, -1]), colorSpace='rgb', contrast=1.0, depth=0, flipHoriz=False, flipVert=False, font='', fontFiles=[], height=50.0, italic=False, languageStyle='LTR', name='unnamed TextStim', opacity=1.0, ori=0.0, pos=array([0., 0.]), rgb=UNKNOWN, text='Poprawnie', units='pix', win=Window(...), wrapWidth=500)
63.9116 	DATA 	Mouse: wheel shift=(0,0), pos=(1147,292)
64.1121 	EXP 	unnamed TextStim: height = 25.0
64.1121 	EXP 	unnamed TextStim: height = 25.0
64.1121 	EXP 	unnamed TextStim: height = 25.0
64.1121 	EXP 	unnamed TextStim: text = '↓'
64.4517 	DATA 	Mouse: wheel shift=(0,0), pos=(1147,292)
64.5687 	DATA 	Mouse: wheel shift=(0,0), pos=(1147,292)
64.7009 	DATA 	Mouse: wheel shift=(0,0), pos=(1147,292)
64.8509 	DATA 	Mouse: wheel shift=(0,0), pos=(1147,292)
64.8849 	DATA 	Mouse: wheel shift=(0,0), pos=(1147,292)
64.9360 	DATA 	Mouse: wheel shift=(0,0), pos=(1147,292)
65.1030 	DATA 	Mouse: wheel shift=(0,0), pos=(1147,292)
65.1675 	DATA 	Mouse: wheel shift=(0,0), pos=(1147,292)
65.2195 	DATA 	Mouse: wheel shift=(0,0), pos=(1147,292)
65.4526 	DATA 	Mouse: wheel shift=(0,0), pos=(1147,292)
65.4857 	DATA 	Mouse: wheel shift=(0,0), pos=(1147,292)
65.5184 	DATA 	Mouse: wheel shift=(0,0), pos=(1147,292)
65.5528 	DATA 	Mouse: wheel shift=(0,0), pos=(1147,292)
65.6009 	DATA 	Mouse: wheel shift=(0,0), pos=(1147,292)
65.6346 	DATA 	Keypress: down
65.6397 	EXP 	Created unnamed TextStim = TextStim(__class__=<class 'psychopy.visual.text.TextStim'>, alignHoriz=method-wrapper(...), alignText='center', alignVert=method-wrapper(...), anchorHoriz='center', anchorVert='center', antialias=True, autoDraw=False, autoLog=True, bold=False, color=array([-1, -1, -1]), colorSpace='rgb', contrast=1.0, depth=0, flipHoriz=False, flipVert=False, font='', fontFiles=[], height=50.0, italic=False, languageStyle='LTR', name='unnamed TextStim', opacity=1.0, ori=0.0, pos=array([0., 0.]), rgb=UNKNOWN, text='Poprawnie', units='pix', win=Window(...), wrapWidth=500)
65.6407 	DATA 	Mouse: wheel shift=(0,0), pos=(1147,292)
67.0689 	DATA 	Mouse: wheel shift=(0,0), pos=(1147,292)
67.0693 	DATA 	Mouse: wheel shift=(0,0), pos=(1147,292)
67.2673 	EXP 	unnamed TextStim: height = 25.0
67.2673 	EXP 	unnamed TextStim: height = 25.0
67.2673 	EXP 	unnamed TextStim: height = 25.0
67.2673 	EXP 	unnamed TextStim: text = '→'
67.8177 	DATA 	Mouse: wheel shift=(0,0), pos=(1147,292)
68.2194 	DATA 	Mouse: wheel shift=(0,0), pos=(1147,292)
68.2863 	DATA 	Mouse: wheel shift=(0,0), pos=(1147,292)
68.3529 	DATA 	Mouse: wheel shift=(0,0), pos=(1147,292)
68.6361 	DATA 	Keypress: left
68.6568 	EXP 	Created unnamed TextStim = TextStim(__class__=<class 'psychopy.visual.text.TextStim'>, alignHoriz=method-wrapper(...), alignText='center', alignVert=method-wrapper(...), anchorHoriz='center', anchorVert='center', antialias=True, autoDraw=False, autoLog=True, bold=False, color=array([-1, -1, -1]), colorSpace='rgb', contrast=1.0, depth=0, flipHoriz=False, flipVert=False, font='', fontFiles=[], height=50.0, italic=False, languageStyle='LTR', name='unnamed TextStim', opacity=1.0, ori=0.0, pos=array([0., 0.]), rgb=UNKNOWN, text='Niepoprawnie', units='pix', win=Window(...), wrapWidth=500)
70.0962 	DATA 	Keypress: right
70.0988 	DATA 	Mouse: wheel shift=(0,0), pos=(1150,297)
70.2970 	EXP 	unnamed TextStim: height = 25.0
70.2970 	EXP 	unnamed TextStim: height = 25.0
70.2970 	EXP 	unnamed TextStim: height = 25.0
70.2970 	EXP 	unnamed TextStim: text = '↓'
71.6698 	DATA 	Keypress: down
71.6896 	EXP 	Created unnamed TextStim = TextStim(__class__=<class 'psychopy.visual.text.TextStim'>, alignHoriz=method-wrapper(...), alignText='center', alignVert=method-wrapper(...), anchorHoriz='center', anchorVert='center', antialias=True, autoDraw=False, autoLog=True, bold=False, color=array([-1, -1, -1]), colorSpace='rgb', contrast=1.0, depth=0, flipHoriz=False, flipVert=False, font='', fontFiles=[], height=50.0, italic=False, languageStyle='LTR', name='unnamed TextStim', opacity=1.0, ori=0.0, pos=array([0., 0.]), rgb=UNKNOWN, text='Poprawnie', units='pix', win=Window(...), wrapWidth=500)
73.3103 	EXP 	Created unnamed TextStim = TextStim(__class__=<class 'psychopy.visual.text.TextStim'>, alignHoriz=method-wrapper(...), alignText='center', alignVert=method-wrapper(...), anchorHoriz='center', anchorVert='center', antialias=True, autoDraw=False, autoLog=True, bold=False, color=array([-1, -1, -1]), colorSpace='rgb', contrast=1.0, depth=0, flipHoriz=False, flipVert=False, font='', fontFiles=[], height=28.0, italic=False, languageStyle='LTR', name='unnamed TextStim', opacity=1.0, ori=0.0, pos=array([0., 0.]), rgb=UNKNOWN, text=str(...), units='pix', win=Window(...), wrapWidth=1536)
80.0691 	DATA 	Keypress: space
80.0844 	EXP 	unnamed TextStim: text = '↓'
82.2013 	EXP 	unnamed TextStim: height = 25.0
82.2013 	EXP 	unnamed TextStim: height = 25.0
82.2013 	EXP 	unnamed TextStim: height = 25.0
82.2013 	EXP 	unnamed TextStim: text = '←'
82.3025 	DATA 	Keypress: down
84.0018 	DATA 	Keypress: left
84.0180 	EXP 	unnamed TextStim: height = 25.0
84.0180 	EXP 	unnamed TextStim: height = 25.0
84.0180 	EXP 	unnamed TextStim: height = 25.0
84.0180 	EXP 	unnamed TextStim: text = '↑'
85.6186 	DATA 	Keypress: up
85.6346 	EXP 	unnamed TextStim: height = 25.0
85.6346 	EXP 	unnamed TextStim: height = 25.0
85.6346 	EXP 	unnamed TextStim: height = 25.0
85.6346 	EXP 	unnamed TextStim: text = '→'
87.0854 	DATA 	Keypress: right
87.1015 	EXP 	unnamed TextStim: height = 25.0
87.1015 	EXP 	unnamed TextStim: height = 25.0
87.1015 	EXP 	unnamed TextStim: height = 25.0
87.1015 	EXP 	unnamed TextStim: text = '↑'
88.6187 	DATA 	Keypress: up
88.6349 	EXP 	unnamed TextStim: height = 25.0
88.6349 	EXP 	unnamed TextStim: height = 25.0
88.6349 	EXP 	unnamed TextStim: height = 25.0
88.6349 	EXP 	unnamed TextStim: text = '←'
90.1188 	DATA 	Keypress: left
90.1350 	EXP 	unnamed TextStim: height = 25.0
90.1350 	EXP 	unnamed TextStim: height = 25.0
90.1350 	EXP 	unnamed TextStim: height = 25.0
90.1350 	EXP 	unnamed TextStim: text = '↓'
91.5355 	DATA 	Keypress: up
91.5517 	EXP 	unnamed TextStim: height = 25.0
91.5517 	EXP 	unnamed TextStim: height = 25.0
91.5517 	EXP 	unnamed TextStim: height = 25.0
91.5517 	EXP 	unnamed TextStim: text = '→'
93.0192 	DATA 	Keypress: left
93.0350 	EXP 	unnamed TextStim: height = 25.0
93.0350 	EXP 	unnamed TextStim: height = 25.0
93.0350 	EXP 	unnamed TextStim: height = 25.0
93.0350 	EXP 	unnamed TextStim: text = '↑'
94.6856 	DATA 	Keypress: up
94.7018 	EXP 	unnamed TextStim: height = 25.0
94.7018 	EXP 	unnamed TextStim: height = 25.0
94.7018 	EXP 	unnamed TextStim: height = 25.0
94.7018 	EXP 	unnamed TextStim: text = '→'
96.1691 	DATA 	Keypress: right
96.1852 	EXP 	unnamed TextStim: height = 25.0
96.1852 	EXP 	unnamed TextStim: height = 25.0
96.1852 	EXP 	unnamed TextStim: height = 25.0
96.1852 	EXP 	unnamed TextStim: text = '↓'
97.7688 	DATA 	Keypress: down
97.7852 	EXP 	unnamed TextStim: height = 25.0
97.7852 	EXP 	unnamed TextStim: height = 25.0
97.7852 	EXP 	unnamed TextStim: height = 25.0
97.7852 	EXP 	unnamed TextStim: text = '→'
99.5354 	DATA 	Keypress: right
99.5520 	EXP 	unnamed TextStim: height = 25.0
99.5520 	EXP 	unnamed TextStim: height = 25.0
99.5520 	EXP 	unnamed TextStim: height = 25.0
99.5520 	EXP 	unnamed TextStim: text = '←'
100.9858 	DATA 	Keypress: left
101.0020 	EXP 	unnamed TextStim: height = 25.0
101.0020 	EXP 	unnamed TextStim: height = 25.0
101.0020 	EXP 	unnamed TextStim: height = 25.0
101.0020 	EXP 	unnamed TextStim: text = '↑'
102.6191 	DATA 	Keypress: up
102.6352 	EXP 	unnamed TextStim: height = 25.0
102.6352 	EXP 	unnamed TextStim: height = 25.0
102.6352 	EXP 	unnamed TextStim: height = 25.0
102.6352 	EXP 	unnamed TextStim: text = '→'
104.2859 	DATA 	Keypress: right
104.3021 	EXP 	unnamed TextStim: height = 25.0
104.3021 	EXP 	unnamed TextStim: height = 25.0
104.3021 	EXP 	unnamed TextStim: height = 25.0
104.3021 	EXP 	unnamed TextStim: text = '↑'
106.1194 	DATA 	Keypress: up
106.1355 	EXP 	unnamed TextStim: height = 25.0
106.1355 	EXP 	unnamed TextStim: height = 25.0
106.1355 	EXP 	unnamed TextStim: height = 25.0
106.1355 	EXP 	unnamed TextStim: text = '←'
107.7861 	DATA 	Keypress: left
107.8023 	EXP 	unnamed TextStim: text = '←'
109.4362 	DATA 	Keypress: left
109.4523 	EXP 	unnamed TextStim: height = 25.0
109.4523 	EXP 	unnamed TextStim: height = 25.0
109.4523 	EXP 	unnamed TextStim: height = 25.0
109.4523 	EXP 	unnamed TextStim: text = '→'
111.0861 	DATA 	Keypress: right
111.2466 	EXP 	Created unnamed ImageStim = ImageStim(__class__=<class 'psychopy.visual.image.ImageStim'>, anchor=('center', 'center'), autoLog=True, color=array([1., 1., 1.]), colorSpace='rgb', contrast=1.0, depth=0, flipHoriz=False, flipVert=False, image='break.jpg', interpolate=True, mask=None, maskParams=None, name='unnamed ImageStim', opacity=1.0, ori=0.0, pos=array([0., 0.]), size=array([1536.,  864.]), texRes=128, units='pix', win=Window(...))
112.4087 	DATA 	Keypress: space
112.4187 	EXP 	unnamed TextStim: text = '→'
114.0696 	DATA 	Keypress: right
114.0858 	EXP 	unnamed TextStim: height = 25.0
114.0858 	EXP 	unnamed TextStim: height = 25.0
114.0858 	EXP 	unnamed TextStim: height = 25.0
114.0858 	EXP 	unnamed TextStim: text = '↓'
115.6530 	DATA 	Keypress: down
115.6692 	EXP 	unnamed TextStim: height = 25.0
115.6692 	EXP 	unnamed TextStim: height = 25.0
115.6692 	EXP 	unnamed TextStim: height = 25.0
115.6692 	EXP 	unnamed TextStim: text = '←'
117.2698 	DATA 	Keypress: left
117.2860 	EXP 	unnamed TextStim: height = 25.0
117.2860 	EXP 	unnamed TextStim: height = 25.0
117.2860 	EXP 	unnamed TextStim: height = 25.0
117.2860 	EXP 	unnamed TextStim: text = '↑'
118.5533 	DATA 	Keypress: up
118.5693 	EXP 	unnamed TextStim: height = 25.0
118.5693 	EXP 	unnamed TextStim: height = 25.0
118.5693 	EXP 	unnamed TextStim: height = 25.0
118.5693 	EXP 	unnamed TextStim: text = '←'
120.2700 	DATA 	Keypress: left
120.2861 	EXP 	unnamed TextStim: height = 25.0
120.2861 	EXP 	unnamed TextStim: height = 25.0
120.2861 	EXP 	unnamed TextStim: height = 25.0
120.2861 	EXP 	unnamed TextStim: text = '↓'
122.1534 	DATA 	Keypress: down
122.1694 	EXP 	unnamed TextStim: height = 25.0
122.1694 	EXP 	unnamed TextStim: height = 25.0
122.1694 	EXP 	unnamed TextStim: height = 25.0
122.1694 	EXP 	unnamed TextStim: text = '→'
124.0715 	DATA 	Keypress: right
124.1028 	EXP 	unnamed TextStim: text = '→'
125.6881 	DATA 	Keypress: right
125.7196 	EXP 	unnamed TextStim: height = 25.0
125.7196 	EXP 	unnamed TextStim: height = 25.0
125.7196 	EXP 	unnamed TextStim: height = 25.0
125.7196 	EXP 	unnamed TextStim: text = '←'
127.2535 	DATA 	Keypress: left
127.2694 	EXP 	unnamed TextStim: height = 25.0
127.2694 	EXP 	unnamed TextStim: height = 25.0
127.2694 	EXP 	unnamed TextStim: height = 25.0
127.2694 	EXP 	unnamed TextStim: text = '→'
128.9033 	DATA 	Keypress: right
128.9196 	EXP 	unnamed TextStim: text = '→'
130.4536 	DATA 	Keypress: left
130.4698 	EXP 	unnamed TextStim: height = 25.0
130.4698 	EXP 	unnamed TextStim: height = 25.0
130.4698 	EXP 	unnamed TextStim: height = 25.0
130.4698 	EXP 	unnamed TextStim: text = '←'
132.0703 	DATA 	Keypress: left
132.0865 	EXP 	unnamed TextStim: height = 25.0
132.0865 	EXP 	unnamed TextStim: height = 25.0
132.0865 	EXP 	unnamed TextStim: height = 25.0
132.0865 	EXP 	unnamed TextStim: text = '↓'
133.8037 	DATA 	Keypress: down
133.8199 	EXP 	unnamed TextStim: height = 25.0
133.8199 	EXP 	unnamed TextStim: height = 25.0
133.8199 	EXP 	unnamed TextStim: height = 25.0
133.8199 	EXP 	unnamed TextStim: text = '→'
135.5204 	DATA 	Keypress: right
135.5366 	EXP 	unnamed TextStim: text = '→'
137.3038 	DATA 	Keypress: right
137.3200 	EXP 	unnamed TextStim: height = 25.0
137.3200 	EXP 	unnamed TextStim: height = 25.0
137.3200 	EXP 	unnamed TextStim: height = 25.0
137.3200 	EXP 	unnamed TextStim: text = '↑'
138.8040 	DATA 	Keypress: up
138.8201 	EXP 	unnamed TextStim: height = 25.0
138.8201 	EXP 	unnamed TextStim: height = 25.0
138.8201 	EXP 	unnamed TextStim: height = 25.0
138.8201 	EXP 	unnamed TextStim: text = '→'
140.5873 	DATA 	Keypress: right
140.6035 	EXP 	unnamed TextStim: height = 25.0
140.6035 	EXP 	unnamed TextStim: height = 25.0
140.6035 	EXP 	unnamed TextStim: height = 25.0
140.6035 	EXP 	unnamed TextStim: text = '←'
142.1707 	DATA 	Keypress: left
142.1867 	EXP 	unnamed TextStim: height = 25.0
142.1867 	EXP 	unnamed TextStim: height = 25.0
142.1867 	EXP 	unnamed TextStim: height = 25.0
142.1867 	EXP 	unnamed TextStim: text = '↓'
143.6890 	DATA 	Keypress: down
143.8559 	EXP 	Created unnamed ImageStim = ImageStim(__class__=<class 'psychopy.visual.image.ImageStim'>, anchor=('center', 'center'), autoLog=True, color=array([1., 1., 1.]), colorSpace='rgb', contrast=1.0, depth=0, flipHoriz=False, flipVert=False, image='break.jpg', interpolate=True, mask=None, maskParams=None, name='unnamed ImageStim', opacity=1.0, ori=0.0, pos=array([0., 0.]), size=array([1536.,  864.]), texRes=128, units='pix', win=Window(...))
144.9652 	DATA 	Keypress: space
144.9701 	EXP 	unnamed TextStim: height = 25.0
144.9701 	EXP 	unnamed TextStim: height = 25.0
144.9701 	EXP 	unnamed TextStim: height = 25.0
144.9701 	EXP 	unnamed TextStim: text = '↑'
146.4043 	DATA 	Keypress: up
146.4203 	EXP 	unnamed TextStim: text = '↑'
148.4037 	EXP 	unnamed TextStim: text = '↑'
149.8876 	DATA 	Keypress: up
149.9038 	EXP 	unnamed TextStim: height = 25.0
149.9038 	EXP 	unnamed TextStim: height = 25.0
149.9038 	EXP 	unnamed TextStim: height = 25.0
149.9038 	EXP 	unnamed TextStim: text = '←'
151.4545 	DATA 	Keypress: left
151.4705 	EXP 	unnamed TextStim: height = 25.0
151.4705 	EXP 	unnamed TextStim: height = 25.0
151.4705 	EXP 	unnamed TextStim: height = 25.0
151.4705 	EXP 	unnamed TextStim: text = '↓'
153.1711 	DATA 	Keypress: down
153.1873 	EXP 	unnamed TextStim: height = 25.0
153.1873 	EXP 	unnamed TextStim: height = 25.0
153.1873 	EXP 	unnamed TextStim: height = 25.0
153.1873 	EXP 	unnamed TextStim: text = '→'
155.1873 	EXP 	unnamed TextStim: text = '→'
155.1884 	DATA 	Keypress: right
156.8379 	DATA 	Keypress: right
156.8540 	EXP 	unnamed TextStim: height = 25.0
156.8540 	EXP 	unnamed TextStim: height = 25.0
156.8540 	EXP 	unnamed TextStim: height = 25.0
156.8540 	EXP 	unnamed TextStim: text = '↑'
158.6208 	EXP 	unnamed TextStim: text = '↑'
158.6888 	DATA 	Keypress: up
160.1548 	DATA 	Keypress: up
160.1709 	EXP 	unnamed TextStim: height = 25.0
160.1709 	EXP 	unnamed TextStim: height = 25.0
160.1709 	EXP 	unnamed TextStim: height = 25.0
160.1709 	EXP 	unnamed TextStim: text = '↓'
161.7878 	DATA 	Keypress: down
161.8042 	EXP 	unnamed TextStim: height = 25.0
161.8042 	EXP 	unnamed TextStim: height = 25.0
161.8042 	EXP 	unnamed TextStim: height = 25.0
161.8042 	EXP 	unnamed TextStim: text = '↑'
163.4715 	DATA 	Keypress: up
163.4876 	EXP 	unnamed TextStim: height = 25.0
163.4876 	EXP 	unnamed TextStim: height = 25.0
163.4876 	EXP 	unnamed TextStim: height = 25.0
163.4876 	EXP 	unnamed TextStim: text = '→'
164.7880 	DATA 	Keypress: up
164.8043 	EXP 	unnamed TextStim: height = 25.0
164.8043 	EXP 	unnamed TextStim: height = 25.0
164.8043 	EXP 	unnamed TextStim: height = 25.0
164.8043 	EXP 	unnamed TextStim: text = '↓'
166.5883 	DATA 	Keypress: down
166.6045 	EXP 	unnamed TextStim: height = 25.0
166.6045 	EXP 	unnamed TextStim: height = 25.0
166.6045 	EXP 	unnamed TextStim: height = 25.0
166.6045 	EXP 	unnamed TextStim: text = '→'
168.3217 	DATA 	Keypress: right
168.3377 	EXP 	unnamed TextStim: height = 25.0
168.3377 	EXP 	unnamed TextStim: height = 25.0
168.3377 	EXP 	unnamed TextStim: height = 25.0
168.3377 	EXP 	unnamed TextStim: text = '↓'
170.0051 	DATA 	Keypress: down
170.0213 	EXP 	unnamed TextStim: text = '↓'
171.5386 	DATA 	Keypress: down
171.5547 	EXP 	unnamed TextStim: text = '↓'
172.8719 	DATA 	Keypress: down
172.8880 	EXP 	unnamed TextStim: height = 25.0
172.8880 	EXP 	unnamed TextStim: height = 25.0
172.8880 	EXP 	unnamed TextStim: height = 25.0
172.8880 	EXP 	unnamed TextStim: text = '←'
174.7401 	DATA 	Keypress: left
174.7713 	EXP 	unnamed TextStim: height = 25.0
174.7713 	EXP 	unnamed TextStim: height = 25.0
174.7713 	EXP 	unnamed TextStim: height = 25.0
174.7713 	EXP 	unnamed TextStim: text = '↓'
176.4386 	DATA 	Keypress: down
176.5894 	EXP 	Created unnamed ImageStim = ImageStim(__class__=<class 'psychopy.visual.image.ImageStim'>, anchor=('center', 'center'), autoLog=True, color=array([1., 1., 1.]), colorSpace='rgb', contrast=1.0, depth=0, flipHoriz=False, flipVert=False, image='break.jpg', interpolate=True, mask=None, maskParams=None, name='unnamed ImageStim', opacity=1.0, ori=0.0, pos=array([0., 0.]), size=array([1536.,  864.]), texRes=128, units='pix', win=Window(...))
177.5532 	DATA 	Keypress: space
177.5714 	EXP 	unnamed TextStim: height = 25.0
177.5714 	EXP 	unnamed TextStim: height = 25.0
177.5714 	EXP 	unnamed TextStim: height = 25.0
177.5714 	EXP 	unnamed TextStim: text = '↑'
179.1889 	DATA 	Keypress: up
179.2050 	EXP 	unnamed TextStim: height = 25.0
179.2050 	EXP 	unnamed TextStim: height = 25.0
179.2050 	EXP 	unnamed TextStim: height = 25.0
179.2050 	EXP 	unnamed TextStim: text = '→'
180.8889 	DATA 	Keypress: right
180.9049 	EXP 	unnamed TextStim: height = 25.0
180.9049 	EXP 	unnamed TextStim: height = 25.0
180.9049 	EXP 	unnamed TextStim: height = 25.0
180.9049 	EXP 	unnamed TextStim: text = '↑'
182.5891 	DATA 	Keypress: up
182.6051 	EXP 	unnamed TextStim: height = 25.0
182.6051 	EXP 	unnamed TextStim: height = 25.0
182.6051 	EXP 	unnamed TextStim: height = 25.0
182.6051 	EXP 	unnamed TextStim: text = '→'
184.2890 	DATA 	Keypress: right
184.3051 	EXP 	unnamed TextStim: height = 25.0
184.3051 	EXP 	unnamed TextStim: height = 25.0
184.3051 	EXP 	unnamed TextStim: height = 25.0
184.3051 	EXP 	unnamed TextStim: text = '←'
186.0720 	DATA 	Keypress: left
186.0882 	EXP 	unnamed TextStim: height = 25.0
186.0882 	EXP 	unnamed TextStim: height = 25.0
186.0882 	EXP 	unnamed TextStim: height = 25.0
186.0882 	EXP 	unnamed TextStim: text = '→'
187.8058 	DATA 	Keypress: right
187.8220 	EXP 	unnamed TextStim: height = 25.0
187.8220 	EXP 	unnamed TextStim: height = 25.0
187.8220 	EXP 	unnamed TextStim: height = 25.0
187.8220 	EXP 	unnamed TextStim: text = '↑'
189.6057 	DATA 	Keypress: up
189.6219 	EXP 	unnamed TextStim: height = 25.0
189.6219 	EXP 	unnamed TextStim: height = 25.0
189.6219 	EXP 	unnamed TextStim: height = 25.0
189.6219 	EXP 	unnamed TextStim: text = '→'
191.2726 	DATA 	Keypress: right
191.2887 	EXP 	unnamed TextStim: height = 25.0
191.2887 	EXP 	unnamed TextStim: height = 25.0
191.2887 	EXP 	unnamed TextStim: height = 25.0
191.2887 	EXP 	unnamed TextStim: text = '↓'
192.7392 	DATA 	Keypress: down
192.7555 	EXP 	unnamed TextStim: height = 25.0
192.7555 	EXP 	unnamed TextStim: height = 25.0
192.7555 	EXP 	unnamed TextStim: height = 25.0
192.7555 	EXP 	unnamed TextStim: text = '↑'
194.2058 	DATA 	Keypress: up
194.2221 	EXP 	unnamed TextStim: height = 25.0
194.2221 	EXP 	unnamed TextStim: height = 25.0
194.2221 	EXP 	unnamed TextStim: height = 25.0
194.2221 	EXP 	unnamed TextStim: text = '←'
195.9893 	DATA 	Keypress: left
196.0055 	EXP 	unnamed TextStim: text = '←'
197.5246 	DATA 	Keypress: left
197.5556 	EXP 	unnamed TextStim: height = 25.0
197.5556 	EXP 	unnamed TextStim: height = 25.0
197.5556 	EXP 	unnamed TextStim: height = 25.0
197.5556 	EXP 	unnamed TextStim: text = '→'
198.9563 	DATA 	Keypress: right
198.9723 	EXP 	unnamed TextStim: height = 25.0
198.9723 	EXP 	unnamed TextStim: height = 25.0
198.9723 	EXP 	unnamed TextStim: height = 25.0
198.9723 	EXP 	unnamed TextStim: text = '↑'
200.3897 	DATA 	Keypress: up
200.4057 	EXP 	unnamed TextStim: text = '↑'
201.7894 	DATA 	Keypress: up
201.8058 	EXP 	unnamed TextStim: height = 25.0
201.8058 	EXP 	unnamed TextStim: height = 25.0
201.8058 	EXP 	unnamed TextStim: height = 25.0
201.8058 	EXP 	unnamed TextStim: text = '→'
203.5564 	DATA 	Keypress: right
203.5724 	EXP 	unnamed TextStim: text = '→'
205.0565 	DATA 	Keypress: right
205.0726 	EXP 	unnamed TextStim: height = 25.0
205.0726 	EXP 	unnamed TextStim: height = 25.0
205.0726 	EXP 	unnamed TextStim: height = 25.0
205.0726 	EXP 	unnamed TextStim: text = '↑'
206.7560 	DATA 	Keypress: up
206.7724 	EXP 	unnamed TextStim: text = '↑'
208.2564 	DATA 	Keypress: up
208.4142 	EXP 	Created unnamed ImageStim = ImageStim(__class__=<class 'psychopy.visual.image.ImageStim'>, anchor=('center', 'center'), autoLog=True, color=array([1., 1., 1.]), colorSpace='rgb', contrast=1.0, depth=0, flipHoriz=False, flipVert=False, image='break.jpg', interpolate=True, mask=None, maskParams=None, name='unnamed ImageStim', opacity=1.0, ori=0.0, pos=array([0., 0.]), size=array([1536.,  864.]), texRes=128, units='pix', win=Window(...))
209.2834 	DATA 	Keypress: space
209.2892 	EXP 	unnamed TextStim: text = '↑'
210.7065 	DATA 	Keypress: up
210.7227 	EXP 	unnamed TextStim: height = 25.0
210.7227 	EXP 	unnamed TextStim: height = 25.0
210.7227 	EXP 	unnamed TextStim: height = 25.0
210.7227 	EXP 	unnamed TextStim: text = '←'
212.3399 	DATA 	Keypress: left
212.3561 	EXP 	unnamed TextStim: text = '←'
214.0066 	DATA 	Keypress: left
214.0229 	EXP 	unnamed TextStim: text = '←'
215.6918 	DATA 	Keypress: left
215.7230 	EXP 	unnamed TextStim: height = 25.0
215.7230 	EXP 	unnamed TextStim: height = 25.0
215.7230 	EXP 	unnamed TextStim: height = 25.0
215.7230 	EXP 	unnamed TextStim: text = '↑'
217.1568 	DATA 	Keypress: up
217.1731 	EXP 	unnamed TextStim: height = 25.0
217.1731 	EXP 	unnamed TextStim: height = 25.0
217.1731 	EXP 	unnamed TextStim: height = 25.0
217.1731 	EXP 	unnamed TextStim: text = '→'
218.7901 	DATA 	Keypress: right
218.8065 	EXP 	unnamed TextStim: height = 25.0
218.8065 	EXP 	unnamed TextStim: height = 25.0
218.8065 	EXP 	unnamed TextStim: height = 25.0
218.8065 	EXP 	unnamed TextStim: text = '↑'
220.5902 	DATA 	Keypress: up
220.6065 	EXP 	unnamed TextStim: text = '↑'
222.2072 	DATA 	Keypress: up
222.2232 	EXP 	unnamed TextStim: height = 25.0
222.2232 	EXP 	unnamed TextStim: height = 25.0
222.2232 	EXP 	unnamed TextStim: height = 25.0
222.2232 	EXP 	unnamed TextStim: text = '↓'
224.0904 	DATA 	Keypress: down
224.1067 	EXP 	unnamed TextStim: height = 25.0
224.1067 	EXP 	unnamed TextStim: height = 25.0
224.1067 	EXP 	unnamed TextStim: height = 25.0
224.1067 	EXP 	unnamed TextStim: text = '↑'
225.6404 	DATA 	Keypress: up
225.6566 	EXP 	unnamed TextStim: text = '↑'
226.8905 	DATA 	Keypress: up
226.9067 	EXP 	unnamed TextStim: height = 25.0
226.9067 	EXP 	unnamed TextStim: height = 25.0
226.9067 	EXP 	unnamed TextStim: height = 25.0
226.9067 	EXP 	unnamed TextStim: text = '↓'
228.7572 	DATA 	Keypress: down
228.7734 	EXP 	unnamed TextStim: height = 25.0
228.7734 	EXP 	unnamed TextStim: height = 25.0
228.7734 	EXP 	unnamed TextStim: height = 25.0
228.7734 	EXP 	unnamed TextStim: text = '←'
230.2738 	DATA 	Keypress: left
230.2904 	EXP 	unnamed TextStim: text = '←'
231.9240 	DATA 	Keypress: left
231.9402 	EXP 	unnamed TextStim: text = '←'
233.4410 	DATA 	Keypress: left
233.4569 	EXP 	unnamed TextStim: height = 25.0
233.4569 	EXP 	unnamed TextStim: height = 25.0
233.4569 	EXP 	unnamed TextStim: height = 25.0
233.4569 	EXP 	unnamed TextStim: text = '↑'
235.2408 	DATA 	Keypress: up
235.2570 	EXP 	unnamed TextStim: text = '↑'
236.9910 	DATA 	Keypress: up
237.0071 	EXP 	unnamed TextStim: height = 25.0
237.0071 	EXP 	unnamed TextStim: height = 25.0
237.0071 	EXP 	unnamed TextStim: height = 25.0
237.0071 	EXP 	unnamed TextStim: text = '→'
238.9585 	DATA 	Keypress: right
238.9738 	EXP 	unnamed TextStim: height = 25.0
238.9738 	EXP 	unnamed TextStim: height = 25.0
238.9738 	EXP 	unnamed TextStim: height = 25.0
238.9738 	EXP 	unnamed TextStim: text = '↓'
240.7911 	DATA 	Keypress: down
240.9432 	EXP 	Created unnamed ImageStim = ImageStim(__class__=<class 'psychopy.visual.image.ImageStim'>, anchor=('center', 'center'), autoLog=True, color=array([1., 1., 1.]), colorSpace='rgb', contrast=1.0, depth=0, flipHoriz=False, flipVert=False, image='break.jpg', interpolate=True, mask=None, maskParams=None, name='unnamed ImageStim', opacity=1.0, ori=0.0, pos=array([0., 0.]), size=array([1536.,  864.]), texRes=128, units='pix', win=Window(...))
247.3866 	DATA 	Keypress: space
247.3906 	EXP 	unnamed TextStim: height = 25.0
247.3906 	EXP 	unnamed TextStim: height = 25.0
247.3906 	EXP 	unnamed TextStim: height = 25.0
247.3906 	EXP 	unnamed TextStim: text = '←'
248.9914 	DATA 	Keypress: left
249.0074 	EXP 	unnamed TextStim: height = 25.0
249.0074 	EXP 	unnamed TextStim: height = 25.0
249.0074 	EXP 	unnamed TextStim: height = 25.0
249.0074 	EXP 	unnamed TextStim: text = '↓'
250.4414 	DATA 	Keypress: down
250.4574 	EXP 	unnamed TextStim: height = 25.0
250.4574 	EXP 	unnamed TextStim: height = 25.0
250.4574 	EXP 	unnamed TextStim: height = 25.0
250.4574 	EXP 	unnamed TextStim: text = '←'
252.0083 	DATA 	Keypress: left
252.0243 	EXP 	unnamed TextStim: height = 25.0
252.0243 	EXP 	unnamed TextStim: height = 25.0
252.0243 	EXP 	unnamed TextStim: height = 25.0
252.0243 	EXP 	unnamed TextStim: text = '↓'
253.4914 	DATA 	Keypress: down
253.5076 	EXP 	unnamed TextStim: height = 25.0
253.5076 	EXP 	unnamed TextStim: height = 25.0
253.5076 	EXP 	unnamed TextStim: height = 25.0
253.5076 	EXP 	unnamed TextStim: text = '←'
255.1416 	DATA 	Keypress: left
255.1577 	EXP 	unnamed TextStim: height = 25.0
255.1577 	EXP 	unnamed TextStim: height = 25.0
255.1577 	EXP 	unnamed TextStim: height = 25.0
255.1577 	EXP 	unnamed TextStim: text = '↓'
256.6266 	DATA 	Keypress: down
256.6578 	EXP 	unnamed TextStim: text = '↓'
258.2918 	DATA 	Keypress: down
258.3078 	EXP 	unnamed TextStim: height = 25.0
258.3078 	EXP 	unnamed TextStim: height = 25.0
258.3078 	EXP 	unnamed TextStim: height = 25.0
258.3078 	EXP 	unnamed TextStim: text = '↑'
259.8420 	DATA 	Keypress: up
259.8578 	EXP 	unnamed TextStim: height = 25.0
259.8578 	EXP 	unnamed TextStim: height = 25.0
259.8578 	EXP 	unnamed TextStim: height = 25.0
259.8578 	EXP 	unnamed TextStim: text = '↓'
261.2600 	DATA 	Keypress: down
261.2912 	EXP 	unnamed TextStim: height = 25.0
261.2912 	EXP 	unnamed TextStim: height = 25.0
261.2912 	EXP 	unnamed TextStim: height = 25.0
261.2912 	EXP 	unnamed TextStim: text = '→'
263.0419 	DATA 	Keypress: right
263.0582 	EXP 	unnamed TextStim: text = '→'
264.9918 	DATA 	Keypress: right
265.0082 	EXP 	unnamed TextStim: text = '→'
266.5754 	DATA 	Keypress: right
266.5915 	EXP 	unnamed TextStim: text = '→'
268.1587 	DATA 	Keypress: left
268.1749 	EXP 	unnamed TextStim: height = 25.0
268.1749 	EXP 	unnamed TextStim: height = 25.0
268.1749 	EXP 	unnamed TextStim: height = 25.0
268.1749 	EXP 	unnamed TextStim: text = '↓'
269.7587 	DATA 	Keypress: down
269.7751 	EXP 	unnamed TextStim: height = 25.0
269.7751 	EXP 	unnamed TextStim: height = 25.0
269.7751 	EXP 	unnamed TextStim: height = 25.0
269.7751 	EXP 	unnamed TextStim: text = '←'
271.5257 	DATA 	Keypress: left
271.5417 	EXP 	unnamed TextStim: height = 25.0
271.5417 	EXP 	unnamed TextStim: height = 25.0
271.5417 	EXP 	unnamed TextStim: height = 25.0
271.5417 	EXP 	unnamed TextStim: text = '↓'
273.2591 	DATA 	Keypress: down
273.2753 	EXP 	unnamed TextStim: height = 25.0
273.2753 	EXP 	unnamed TextStim: height = 25.0
273.2753 	EXP 	unnamed TextStim: height = 25.0
273.2753 	EXP 	unnamed TextStim: text = '↑'
274.8923 	DATA 	Keypress: up
274.9085 	EXP 	unnamed TextStim: text = '↑'
276.4926 	DATA 	Keypress: up
276.5086 	EXP 	unnamed TextStim: height = 25.0
276.5086 	EXP 	unnamed TextStim: height = 25.0
276.5086 	EXP 	unnamed TextStim: height = 25.0
276.5086 	EXP 	unnamed TextStim: text = '→'
277.9928 	DATA 	Keypress: up
278.1479 	EXP 	Created unnamed ImageStim = ImageStim(__class__=<class 'psychopy.visual.image.ImageStim'>, anchor=('center', 'center'), autoLog=True, color=array([1., 1., 1.]), colorSpace='rgb', contrast=1.0, depth=0, flipHoriz=False, flipVert=False, image='break.jpg', interpolate=True, mask=None, maskParams=None, name='unnamed ImageStim', opacity=1.0, ori=0.0, pos=array([0., 0.]), size=array([1536.,  864.]), texRes=128, units='pix', win=Window(...))
281.4792 	DATA 	Keypress: space
281.4920 	EXP 	unnamed TextStim: text = '→'
283.2089 	EXP 	unnamed TextStim: text = '→'
283.2766 	DATA 	Keypress: right
284.6260 	DATA 	Keypress: right
284.6421 	EXP 	unnamed TextStim: height = 25.0
284.6421 	EXP 	unnamed TextStim: height = 25.0
284.6421 	EXP 	unnamed TextStim: height = 25.0
284.6421 	EXP 	unnamed TextStim: text = '←'
286.3595 	DATA 	Keypress: left
286.3754 	EXP 	unnamed TextStim: height = 25.0
286.3754 	EXP 	unnamed TextStim: height = 25.0
286.3754 	EXP 	unnamed TextStim: height = 25.0
286.3754 	EXP 	unnamed TextStim: text = '→'
287.8929 	DATA 	Keypress: right
287.9091 	EXP 	unnamed TextStim: height = 25.0
287.9091 	EXP 	unnamed TextStim: height = 25.0
287.9091 	EXP 	unnamed TextStim: height = 25.0
287.9091 	EXP 	unnamed TextStim: text = '↑'
289.8263 	DATA 	Keypress: up
289.8425 	EXP 	unnamed TextStim: height = 25.0
289.8425 	EXP 	unnamed TextStim: height = 25.0
289.8425 	EXP 	unnamed TextStim: height = 25.0
289.8425 	EXP 	unnamed TextStim: text = '↓'
291.3931 	DATA 	Keypress: down
291.4091 	EXP 	unnamed TextStim: height = 25.0
291.4091 	EXP 	unnamed TextStim: height = 25.0
291.4091 	EXP 	unnamed TextStim: height = 25.0
291.4091 	EXP 	unnamed TextStim: text = '→'
293.0932 	DATA 	Keypress: left
293.1090 	EXP 	unnamed TextStim: height = 25.0
293.1090 	EXP 	unnamed TextStim: height = 25.0
293.1090 	EXP 	unnamed TextStim: height = 25.0
293.1090 	EXP 	unnamed TextStim: text = '←'
294.7267 	DATA 	Keypress: left
294.7425 	EXP 	unnamed TextStim: text = '←'
296.3599 	DATA 	Keypress: left
296.3760 	EXP 	unnamed TextStim: height = 25.0
296.3760 	EXP 	unnamed TextStim: height = 25.0
296.3760 	EXP 	unnamed TextStim: height = 25.0
296.3760 	EXP 	unnamed TextStim: text = '↑'
298.1764 	DATA 	Keypress: up
298.1928 	EXP 	unnamed TextStim: height = 25.0
298.1928 	EXP 	unnamed TextStim: height = 25.0
298.1928 	EXP 	unnamed TextStim: height = 25.0
298.1928 	EXP 	unnamed TextStim: text = '↓'
299.6431 	DATA 	Keypress: down
299.6595 	EXP 	unnamed TextStim: text = '↓'
301.4762 	EXP 	unnamed TextStim: height = 25.0
301.4762 	EXP 	unnamed TextStim: height = 25.0
301.4762 	EXP 	unnamed TextStim: height = 25.0
301.4762 	EXP 	unnamed TextStim: text = '→'
301.4940 	DATA 	Keypress: down
303.3767 	DATA 	Keypress: right
303.3929 	EXP 	unnamed TextStim: height = 25.0
303.3929 	EXP 	unnamed TextStim: height = 25.0
303.3929 	EXP 	unnamed TextStim: height = 25.0
303.3929 	EXP 	unnamed TextStim: text = '←'
304.8935 	DATA 	Keypress: left
304.9097 	EXP 	unnamed TextStim: height = 25.0
304.9097 	EXP 	unnamed TextStim: height = 25.0
304.9097 	EXP 	unnamed TextStim: height = 25.0
304.9097 	EXP 	unnamed TextStim: text = '↓'
306.5101 	DATA 	Keypress: down
306.5264 	EXP 	unnamed TextStim: height = 25.0
306.5264 	EXP 	unnamed TextStim: height = 25.0
306.5264 	EXP 	unnamed TextStim: height = 25.0
306.5264 	EXP 	unnamed TextStim: text = '↑'
308.2102 	DATA 	Keypress: up
308.2264 	EXP 	unnamed TextStim: text = '↑'
310.1265 	EXP 	unnamed TextStim: height = 25.0
310.1265 	EXP 	unnamed TextStim: height = 25.0
310.1265 	EXP 	unnamed TextStim: height = 25.0
310.1265 	EXP 	unnamed TextStim: text = '→'
311.8100 	DATA 	Keypress: right
311.8263 	EXP 	unnamed TextStim: height = 25.0
311.8263 	EXP 	unnamed TextStim: height = 25.0
311.8263 	EXP 	unnamed TextStim: height = 25.0
311.8263 	EXP 	unnamed TextStim: text = '←'
313.3104 	DATA 	Keypress: left
313.4663 	EXP 	Created unnamed ImageStim = ImageStim(__class__=<class 'psychopy.visual.image.ImageStim'>, anchor=('center', 'center'), autoLog=True, color=array([1., 1., 1.]), colorSpace='rgb', contrast=1.0, depth=0, flipHoriz=False, flipVert=False, image='break.jpg', interpolate=True, mask=None, maskParams=None, name='unnamed ImageStim', opacity=1.0, ori=0.0, pos=array([0., 0.]), size=array([1536.,  864.]), texRes=128, units='pix', win=Window(...))
314.5646 	DATA 	Keypress: space
314.5766 	EXP 	unnamed TextStim: height = 25.0
314.5766 	EXP 	unnamed TextStim: height = 25.0
314.5766 	EXP 	unnamed TextStim: height = 25.0
314.5766 	EXP 	unnamed TextStim: text = '→'
316.2938 	DATA 	Keypress: right
316.3100 	EXP 	unnamed TextStim: height = 25.0
316.3100 	EXP 	unnamed TextStim: height = 25.0
316.3100 	EXP 	unnamed TextStim: height = 25.0
316.3100 	EXP 	unnamed TextStim: text = '←'
317.9105 	DATA 	Keypress: left
317.9266 	EXP 	unnamed TextStim: height = 25.0
317.9266 	EXP 	unnamed TextStim: height = 25.0
317.9266 	EXP 	unnamed TextStim: height = 25.0
317.9266 	EXP 	unnamed TextStim: text = '↓'
319.7607 	DATA 	Keypress: down
319.7769 	EXP 	unnamed TextStim: height = 25.0
319.7769 	EXP 	unnamed TextStim: height = 25.0
319.7769 	EXP 	unnamed TextStim: height = 25.0
319.7769 	EXP 	unnamed TextStim: text = '←'
321.5108 	DATA 	Keypress: left
321.5270 	EXP 	unnamed TextStim: height = 25.0
321.5270 	EXP 	unnamed TextStim: height = 25.0
321.5270 	EXP 	unnamed TextStim: height = 25.0
321.5270 	EXP 	unnamed TextStim: text = '→'
323.0607 	DATA 	Keypress: left
323.0770 	EXP 	unnamed TextStim: height = 25.0
323.0770 	EXP 	unnamed TextStim: height = 25.0
323.0770 	EXP 	unnamed TextStim: height = 25.0
323.0770 	EXP 	unnamed TextStim: text = '↑'
325.1102 	EXP 	unnamed TextStim: height = 25.0
325.1102 	EXP 	unnamed TextStim: height = 25.0
325.1102 	EXP 	unnamed TextStim: height = 25.0
325.1102 	EXP 	unnamed TextStim: text = '→'
326.8129 	DATA 	Keypress: right
326.8437 	EXP 	unnamed TextStim: height = 25.0
326.8437 	EXP 	unnamed TextStim: height = 25.0
326.8437 	EXP 	unnamed TextStim: height = 25.0
326.8437 	EXP 	unnamed TextStim: text = '↑'
328.2277 	DATA 	Keypress: up
328.2439 	EXP 	unnamed TextStim: height = 25.0
328.2439 	EXP 	unnamed TextStim: height = 25.0
328.2439 	EXP 	unnamed TextStim: height = 25.0
328.2439 	EXP 	unnamed TextStim: text = '←'
329.7777 	DATA 	Keypress: left
329.7939 	EXP 	unnamed TextStim: height = 25.0
329.7939 	EXP 	unnamed TextStim: height = 25.0
329.7939 	EXP 	unnamed TextStim: height = 25.0
329.7939 	EXP 	unnamed TextStim: text = '→'
331.2611 	DATA 	Keypress: right
331.2773 	EXP 	unnamed TextStim: text = '→'
332.7944 	DATA 	Keypress: right
332.8107 	EXP 	unnamed TextStim: height = 25.0
332.8107 	EXP 	unnamed TextStim: height = 25.0
332.8107 	EXP 	unnamed TextStim: height = 25.0
332.8107 	EXP 	unnamed TextStim: text = '↓'
334.4446 	DATA 	Keypress: down
334.4607 	EXP 	unnamed TextStim: text = '↓'
336.0446 	DATA 	Keypress: down
336.0608 	EXP 	unnamed TextStim: height = 25.0
336.0608 	EXP 	unnamed TextStim: height = 25.0
336.0608 	EXP 	unnamed TextStim: height = 25.0
336.0608 	EXP 	unnamed TextStim: text = '←'
337.2478 	DATA 	Mouse: Left button down, pos=(1350,326)
337.4781 	DATA 	Mouse:  Left button up, pos=(1350,326)
337.8113 	DATA 	Keypress: left
337.8275 	EXP 	unnamed TextStim: height = 25.0
337.8275 	EXP 	unnamed TextStim: height = 25.0
337.8275 	EXP 	unnamed TextStim: height = 25.0
337.8275 	EXP 	unnamed TextStim: text = '↑'
339.3282 	DATA 	Keypress: up
339.3443 	EXP 	unnamed TextStim: text = '↑'
341.1613 	DATA 	Keypress: up
341.1777 	EXP 	unnamed TextStim: height = 25.0
341.1777 	EXP 	unnamed TextStim: height = 25.0
341.1777 	EXP 	unnamed TextStim: height = 25.0
341.1777 	EXP 	unnamed TextStim: text = '→'
342.5615 	DATA 	Keypress: up
342.5776 	EXP 	unnamed TextStim: height = 25.0
342.5776 	EXP 	unnamed TextStim: height = 25.0
342.5776 	EXP 	unnamed TextStim: height = 25.0
342.5776 	EXP 	unnamed TextStim: text = '←'
344.3450 	DATA 	Keypress: left
344.3612 	EXP 	unnamed TextStim: height = 25.0
344.3612 	EXP 	unnamed TextStim: height = 25.0
344.3612 	EXP 	unnamed TextStim: height = 25.0
344.3612 	EXP 	unnamed TextStim: text = '↓'
346.0282 	DATA 	Keypress: down
346.1946 	EXP 	Created unnamed ImageStim = ImageStim(__class__=<class 'psychopy.visual.image.ImageStim'>, anchor=('center', 'center'), autoLog=True, color=array([1., 1., 1.]), colorSpace='rgb', contrast=1.0, depth=0, flipHoriz=False, flipVert=False, image='break.jpg', interpolate=True, mask=None, maskParams=None, name='unnamed ImageStim', opacity=1.0, ori=0.0, pos=array([0., 0.]), size=array([1536.,  864.]), texRes=128, units='pix', win=Window(...))
348.1330 	DATA 	Keypress: space
348.1444 	EXP 	unnamed TextStim: text = '↓'
349.5783 	DATA 	Keypress: down
349.5945 	EXP 	unnamed TextStim: height = 25.0
349.5945 	EXP 	unnamed TextStim: height = 25.0
349.5945 	EXP 	unnamed TextStim: height = 25.0
349.5945 	EXP 	unnamed TextStim: text = '→'
351.3452 	DATA 	Keypress: right
351.3613 	EXP 	unnamed TextStim: text = '→'
353.1119 	DATA 	Keypress: right
353.1282 	EXP 	unnamed TextStim: height = 25.0
353.1282 	EXP 	unnamed TextStim: height = 25.0
353.1282 	EXP 	unnamed TextStim: height = 25.0
353.1282 	EXP 	unnamed TextStim: text = '←'
354.9618 	DATA 	Keypress: left
354.9782 	EXP 	unnamed TextStim: text = '←'
356.7953 	DATA 	Keypress: left
356.8116 	EXP 	unnamed TextStim: height = 25.0
356.8116 	EXP 	unnamed TextStim: height = 25.0
356.8116 	EXP 	unnamed TextStim: height = 25.0
356.8116 	EXP 	unnamed TextStim: text = '↓'
358.4119 	DATA 	Keypress: down
358.4283 	EXP 	unnamed TextStim: height = 25.0
358.4283 	EXP 	unnamed TextStim: height = 25.0
358.4283 	EXP 	unnamed TextStim: height = 25.0
358.4283 	EXP 	unnamed TextStim: text = '→'
359.9789 	DATA 	Keypress: right
359.9952 	EXP 	unnamed TextStim: height = 25.0
359.9952 	EXP 	unnamed TextStim: height = 25.0
359.9952 	EXP 	unnamed TextStim: height = 25.0
359.9952 	EXP 	unnamed TextStim: text = '↑'
361.7456 	DATA 	Keypress: up
361.7618 	EXP 	unnamed TextStim: height = 25.0
361.7618 	EXP 	unnamed TextStim: height = 25.0
361.7618 	EXP 	unnamed TextStim: height = 25.0
361.7618 	EXP 	unnamed TextStim: text = '↓'
363.5791 	DATA 	Keypress: down
363.5952 	EXP 	unnamed TextStim: height = 25.0
363.5952 	EXP 	unnamed TextStim: height = 25.0
363.5952 	EXP 	unnamed TextStim: height = 25.0
363.5952 	EXP 	unnamed TextStim: text = '→'
365.1957 	DATA 	Keypress: right
365.2120 	EXP 	unnamed TextStim: height = 25.0
365.2120 	EXP 	unnamed TextStim: height = 25.0
365.2120 	EXP 	unnamed TextStim: height = 25.0
365.2120 	EXP 	unnamed TextStim: text = '↑'
366.7641 	DATA 	Keypress: up
366.7951 	EXP 	unnamed TextStim: height = 25.0
366.7951 	EXP 	unnamed TextStim: height = 25.0
366.7951 	EXP 	unnamed TextStim: height = 25.0
366.7951 	EXP 	unnamed TextStim: text = '↓'
368.4792 	DATA 	Keypress: down
368.4953 	EXP 	unnamed TextStim: height = 25.0
368.4953 	EXP 	unnamed TextStim: height = 25.0
368.4953 	EXP 	unnamed TextStim: height = 25.0
368.4953 	EXP 	unnamed TextStim: text = '→'
370.1314 	DATA 	Keypress: right
370.1620 	EXP 	unnamed TextStim: height = 25.0
370.1620 	EXP 	unnamed TextStim: height = 25.0
370.1620 	EXP 	unnamed TextStim: height = 25.0
370.1620 	EXP 	unnamed TextStim: text = '←'
371.9461 	DATA 	Keypress: left
371.9620 	EXP 	unnamed TextStim: height = 25.0
371.9620 	EXP 	unnamed TextStim: height = 25.0
371.9620 	EXP 	unnamed TextStim: height = 25.0
371.9620 	EXP 	unnamed TextStim: text = '↓'
373.4459 	DATA 	Keypress: down
373.4621 	EXP 	unnamed TextStim: height = 25.0
373.4621 	EXP 	unnamed TextStim: height = 25.0
373.4621 	EXP 	unnamed TextStim: height = 25.0
373.4621 	EXP 	unnamed TextStim: text = '→'
374.9476 	DATA 	Keypress: right
374.9789 	EXP 	unnamed TextStim: height = 25.0
374.9789 	EXP 	unnamed TextStim: height = 25.0
374.9789 	EXP 	unnamed TextStim: height = 25.0
374.9789 	EXP 	unnamed TextStim: text = '←'
376.2962 	DATA 	Keypress: left
376.3121 	EXP 	unnamed TextStim: height = 25.0
376.3121 	EXP 	unnamed TextStim: height = 25.0
376.3121 	EXP 	unnamed TextStim: height = 25.0
376.3121 	EXP 	unnamed TextStim: text = '↓'
378.2466 	DATA 	Keypress: down
378.2623 	EXP 	unnamed TextStim: height = 25.0
378.2623 	EXP 	unnamed TextStim: height = 25.0
378.2623 	EXP 	unnamed TextStim: height = 25.0
378.2623 	EXP 	unnamed TextStim: text = '→'
379.8128 	DATA 	Keypress: right
379.9836 	EXP 	Created unnamed ImageStim = ImageStim(__class__=<class 'psychopy.visual.image.ImageStim'>, anchor=('center', 'center'), autoLog=True, color=array([1., 1., 1.]), colorSpace='rgb', contrast=1.0, depth=0, flipHoriz=False, flipVert=False, image='break.jpg', interpolate=True, mask=None, maskParams=None, name='unnamed ImageStim', opacity=1.0, ori=0.0, pos=array([0., 0.]), size=array([1536.,  864.]), texRes=128, units='pix', win=Window(...))
381.0263 	DATA 	Keypress: space
381.0289 	EXP 	unnamed TextStim: text = '→'
382.4298 	DATA 	Keypress: right
382.4458 	EXP 	unnamed TextStim: height = 25.0
382.4458 	EXP 	unnamed TextStim: height = 25.0
382.4458 	EXP 	unnamed TextStim: height = 25.0
382.4458 	EXP 	unnamed TextStim: text = '↓'
384.1630 	DATA 	Keypress: down
384.1793 	EXP 	unnamed TextStim: text = '↓'
385.7965 	DATA 	Keypress: down
385.8125 	EXP 	unnamed TextStim: height = 25.0
385.8125 	EXP 	unnamed TextStim: height = 25.0
385.8125 	EXP 	unnamed TextStim: height = 25.0
385.8125 	EXP 	unnamed TextStim: text = '←'
387.2801 	DATA 	Keypress: left
387.2960 	EXP 	unnamed TextStim: height = 25.0
387.2960 	EXP 	unnamed TextStim: height = 25.0
387.2960 	EXP 	unnamed TextStim: height = 25.0
387.2960 	EXP 	unnamed TextStim: text = '→'
388.8965 	DATA 	Keypress: right
388.9127 	EXP 	unnamed TextStim: height = 25.0
388.9127 	EXP 	unnamed TextStim: height = 25.0
388.9127 	EXP 	unnamed TextStim: height = 25.0
388.9127 	EXP 	unnamed TextStim: text = '↑'
390.6466 	DATA 	Keypress: up
390.6629 	EXP 	unnamed TextStim: height = 25.0
390.6629 	EXP 	unnamed TextStim: height = 25.0
390.6629 	EXP 	unnamed TextStim: height = 25.0
390.6629 	EXP 	unnamed TextStim: text = '←'
392.4135 	DATA 	Keypress: left
392.4295 	EXP 	unnamed TextStim: height = 25.0
392.4295 	EXP 	unnamed TextStim: height = 25.0
392.4295 	EXP 	unnamed TextStim: height = 25.0
392.4295 	EXP 	unnamed TextStim: text = '↑'
393.9801 	DATA 	Keypress: down
393.9963 	EXP 	unnamed TextStim: height = 25.0
393.9963 	EXP 	unnamed TextStim: height = 25.0
393.9963 	EXP 	unnamed TextStim: height = 25.0
393.9963 	EXP 	unnamed TextStim: text = '→'
396.0130 	EXP 	unnamed TextStim: height = 25.0
396.0130 	EXP 	unnamed TextStim: height = 25.0
396.0130 	EXP 	unnamed TextStim: height = 25.0
396.0130 	EXP 	unnamed TextStim: text = '↑'
396.0640 	DATA 	Keypress: right
397.2968 	DATA 	Keypress: up
397.3132 	EXP 	unnamed TextStim: height = 25.0
397.3132 	EXP 	unnamed TextStim: height = 25.0
397.3132 	EXP 	unnamed TextStim: height = 25.0
397.3132 	EXP 	unnamed TextStim: text = '↓'
399.0636 	DATA 	Keypress: down
399.0799 	EXP 	unnamed TextStim: height = 25.0
399.0799 	EXP 	unnamed TextStim: height = 25.0
399.0799 	EXP 	unnamed TextStim: height = 25.0
399.0799 	EXP 	unnamed TextStim: text = '→'
400.8471 	DATA 	Keypress: right
400.8632 	EXP 	unnamed TextStim: text = '→'
402.3305 	DATA 	Keypress: right
402.3466 	EXP 	unnamed TextStim: height = 25.0
402.3466 	EXP 	unnamed TextStim: height = 25.0
402.3466 	EXP 	unnamed TextStim: height = 25.0
402.3466 	EXP 	unnamed TextStim: text = '↓'
404.0805 	DATA 	Keypress: down
404.0967 	EXP 	unnamed TextStim: text = '↓'
405.8644 	DATA 	Keypress: down
405.8801 	EXP 	unnamed TextStim: height = 25.0
405.8801 	EXP 	unnamed TextStim: height = 25.0
405.8801 	EXP 	unnamed TextStim: height = 25.0
405.8801 	EXP 	unnamed TextStim: text = '←'
405.8838 	DATA 	Mouse: Left button down, pos=(1361,402)
406.1979 	DATA 	Mouse:  Left button up, pos=(1361,402)
406.1982 	DATA 	Mouse: Left button down, pos=(1361,402)
407.2988 	DATA 	Keypress: left
407.3302 	EXP 	unnamed TextStim: height = 25.0
407.3302 	EXP 	unnamed TextStim: height = 25.0
407.3302 	EXP 	unnamed TextStim: height = 25.0
407.3302 	EXP 	unnamed TextStim: text = '↓'
407.3313 	DATA 	Mouse:  Left button up, pos=(1361,402)
408.9973 	DATA 	Keypress: down
409.0136 	EXP 	unnamed TextStim: text = '↓'
410.5973 	DATA 	Keypress: down
410.6136 	EXP 	unnamed TextStim: height = 25.0
410.6136 	EXP 	unnamed TextStim: height = 25.0
410.6136 	EXP 	unnamed TextStim: height = 25.0
410.6136 	EXP 	unnamed TextStim: text = '→'
412.3156 	DATA 	Keypress: right
412.4875 	EXP 	Created unnamed ImageStim = ImageStim(__class__=<class 'psychopy.visual.image.ImageStim'>, anchor=('center', 'center'), autoLog=True, color=array([1., 1., 1.]), colorSpace='rgb', contrast=1.0, depth=0, flipHoriz=False, flipVert=False, image='break.jpg', interpolate=True, mask=None, maskParams=None, name='unnamed ImageStim', opacity=1.0, ori=0.0, pos=array([0., 0.]), size=array([1536.,  864.]), texRes=128, units='pix', win=Window(...))
413.6879 	DATA 	Keypress: space
413.6967 	EXP 	unnamed TextStim: height = 25.0
413.6967 	EXP 	unnamed TextStim: height = 25.0
413.6967 	EXP 	unnamed TextStim: height = 25.0
413.6967 	EXP 	unnamed TextStim: text = '←'
415.1310 	DATA 	Keypress: right
415.1469 	EXP 	unnamed TextStim: text = '←'
416.8810 	DATA 	Keypress: left
416.8972 	EXP 	unnamed TextStim: height = 25.0
416.8972 	EXP 	unnamed TextStim: height = 25.0
416.8972 	EXP 	unnamed TextStim: height = 25.0
416.8972 	EXP 	unnamed TextStim: text = '↓'
418.5477 	DATA 	Keypress: down
418.5638 	EXP 	unnamed TextStim: height = 25.0
418.5638 	EXP 	unnamed TextStim: height = 25.0
418.5638 	EXP 	unnamed TextStim: height = 25.0
418.5638 	EXP 	unnamed TextStim: text = '←'
420.0314 	DATA 	Keypress: left
420.0473 	EXP 	unnamed TextStim: height = 25.0
420.0473 	EXP 	unnamed TextStim: height = 25.0
420.0473 	EXP 	unnamed TextStim: height = 25.0
420.0473 	EXP 	unnamed TextStim: text = '↓'
421.5979 	DATA 	Keypress: down
421.6139 	EXP 	unnamed TextStim: height = 25.0
421.6139 	EXP 	unnamed TextStim: height = 25.0
421.6139 	EXP 	unnamed TextStim: height = 25.0
421.6139 	EXP 	unnamed TextStim: text = '→'
423.2979 	DATA 	Keypress: right
423.3143 	EXP 	unnamed TextStim: height = 25.0
423.3143 	EXP 	unnamed TextStim: height = 25.0
423.3143 	EXP 	unnamed TextStim: height = 25.0
423.3143 	EXP 	unnamed TextStim: text = '↓'
424.6980 	DATA 	Keypress: down
424.7139 	EXP 	unnamed TextStim: height = 25.0
424.7139 	EXP 	unnamed TextStim: height = 25.0
424.7139 	EXP 	unnamed TextStim: height = 25.0
424.7139 	EXP 	unnamed TextStim: text = '←'
426.1813 	DATA 	Keypress: left
426.1975 	EXP 	unnamed TextStim: height = 25.0
426.1975 	EXP 	unnamed TextStim: height = 25.0
426.1975 	EXP 	unnamed TextStim: height = 25.0
426.1975 	EXP 	unnamed TextStim: text = '→'
427.7646 	DATA 	Keypress: right
427.7810 	EXP 	unnamed TextStim: height = 25.0
427.7810 	EXP 	unnamed TextStim: height = 25.0
427.7810 	EXP 	unnamed TextStim: height = 25.0
427.7810 	EXP 	unnamed TextStim: text = '↓'
429.5519 	DATA 	Keypress: down
429.5642 	EXP 	unnamed TextStim: height = 25.0
429.5642 	EXP 	unnamed TextStim: height = 25.0
429.5642 	EXP 	unnamed TextStim: height = 25.0
429.5642 	EXP 	unnamed TextStim: text = '↑'
431.1149 	DATA 	Keypress: up
431.1311 	EXP 	unnamed TextStim: text = '↑'
432.7815 	DATA 	Keypress: up
432.7980 	EXP 	unnamed TextStim: height = 25.0
432.7980 	EXP 	unnamed TextStim: height = 25.0
432.7980 	EXP 	unnamed TextStim: height = 25.0
432.7980 	EXP 	unnamed TextStim: text = '←'
434.0484 	DATA 	Keypress: up
434.0646 	EXP 	unnamed TextStim: height = 25.0
434.0646 	EXP 	unnamed TextStim: height = 25.0
434.0646 	EXP 	unnamed TextStim: height = 25.0
434.0646 	EXP 	unnamed TextStim: text = '↑'
435.7651 	DATA 	Keypress: up
435.7812 	EXP 	unnamed TextStim: text = '↑'
437.3816 	DATA 	Keypress: up
437.3979 	EXP 	unnamed TextStim: height = 25.0
437.3979 	EXP 	unnamed TextStim: height = 25.0
437.3979 	EXP 	unnamed TextStim: height = 25.0
437.3979 	EXP 	unnamed TextStim: text = '→'
439.0985 	DATA 	Keypress: right
439.1146 	EXP 	unnamed TextStim: text = '→'
440.9666 	DATA 	Keypress: right
440.9981 	EXP 	unnamed TextStim: height = 25.0
440.9981 	EXP 	unnamed TextStim: height = 25.0
440.9981 	EXP 	unnamed TextStim: height = 25.0
440.9981 	EXP 	unnamed TextStim: text = '←'
442.9153 	DATA 	Keypress: left
442.9315 	EXP 	unnamed TextStim: height = 25.0
442.9315 	EXP 	unnamed TextStim: height = 25.0
442.9315 	EXP 	unnamed TextStim: height = 25.0
442.9315 	EXP 	unnamed TextStim: text = '↓'
444.7822 	DATA 	Keypress: down
444.9417 	EXP 	Created unnamed ImageStim = ImageStim(__class__=<class 'psychopy.visual.image.ImageStim'>, anchor=('center', 'center'), autoLog=True, color=array([1., 1., 1.]), colorSpace='rgb', contrast=1.0, depth=0, flipHoriz=False, flipVert=False, image='break.jpg', interpolate=True, mask=None, maskParams=None, name='unnamed ImageStim', opacity=1.0, ori=0.0, pos=array([0., 0.]), size=array([1536.,  864.]), texRes=128, units='pix', win=Window(...))
446.8071 	DATA 	Keypress: space
446.8148 	EXP 	unnamed TextStim: height = 25.0
446.8148 	EXP 	unnamed TextStim: height = 25.0
446.8148 	EXP 	unnamed TextStim: height = 25.0
446.8148 	EXP 	unnamed TextStim: text = '←'
448.4989 	DATA 	Keypress: left
448.5149 	EXP 	unnamed TextStim: height = 25.0
448.5149 	EXP 	unnamed TextStim: height = 25.0
448.5149 	EXP 	unnamed TextStim: height = 25.0
448.5149 	EXP 	unnamed TextStim: text = '→'
449.9990 	DATA 	Keypress: right
450.0151 	EXP 	unnamed TextStim: text = '→'
451.2490 	DATA 	Keypress: right
451.2651 	EXP 	unnamed TextStim: height = 25.0
451.2651 	EXP 	unnamed TextStim: height = 25.0
451.2651 	EXP 	unnamed TextStim: height = 25.0
451.2651 	EXP 	unnamed TextStim: text = '↓'
452.9991 	DATA 	Keypress: down
453.0152 	EXP 	unnamed TextStim: text = '↓'
454.8172 	DATA 	Keypress: down
454.8484 	EXP 	unnamed TextStim: height = 25.0
454.8484 	EXP 	unnamed TextStim: height = 25.0
454.8484 	EXP 	unnamed TextStim: height = 25.0
454.8484 	EXP 	unnamed TextStim: text = '←'
456.5987 	EXP 	unnamed TextStim: text = '←'
458.2825 	DATA 	Keypress: left
458.2987 	EXP 	unnamed TextStim: text = '←'
460.0826 	DATA 	Keypress: left
460.0987 	EXP 	unnamed TextStim: height = 25.0
460.0987 	EXP 	unnamed TextStim: height = 25.0
460.0987 	EXP 	unnamed TextStim: height = 25.0
460.0987 	EXP 	unnamed TextStim: text = '→'
461.8822 	EXP 	unnamed TextStim: height = 25.0
461.8822 	EXP 	unnamed TextStim: height = 25.0
461.8822 	EXP 	unnamed TextStim: height = 25.0
461.8822 	EXP 	unnamed TextStim: text = '↑'
462.6334 	DATA 	Keypress: right
463.4341 	DATA 	Keypress: lshift
463.5655 	EXP 	unnamed TextStim: height = 25.0
463.5655 	EXP 	unnamed TextStim: height = 25.0
463.5655 	EXP 	unnamed TextStim: height = 25.0
463.5655 	EXP 	unnamed TextStim: text = '←'
463.8335 	DATA 	Keypress: up
465.1661 	DATA 	Keypress: left
465.1824 	EXP 	unnamed TextStim: height = 25.0
465.1824 	EXP 	unnamed TextStim: height = 25.0
465.1824 	EXP 	unnamed TextStim: height = 25.0
465.1824 	EXP 	unnamed TextStim: text = '↑'
466.7829 	DATA 	Keypress: up
466.7993 	EXP 	unnamed TextStim: text = '↑'
468.6326 	DATA 	Keypress: up
468.6492 	EXP 	unnamed TextStim: height = 25.0
468.6492 	EXP 	unnamed TextStim: height = 25.0
468.6492 	EXP 	unnamed TextStim: height = 25.0
468.6492 	EXP 	unnamed TextStim: text = '→'
470.5015 	DATA 	Keypress: right
470.5326 	EXP 	unnamed TextStim: height = 25.0
470.5326 	EXP 	unnamed TextStim: height = 25.0
470.5326 	EXP 	unnamed TextStim: height = 25.0
470.5326 	EXP 	unnamed TextStim: text = '↓'
472.4158 	EXP 	unnamed TextStim: height = 25.0
472.4158 	EXP 	unnamed TextStim: height = 25.0
472.4158 	EXP 	unnamed TextStim: height = 25.0
472.4158 	EXP 	unnamed TextStim: text = '↑'
472.4171 	DATA 	Keypress: down
473.8498 	DATA 	Keypress: up
473.8660 	EXP 	unnamed TextStim: height = 25.0
473.8660 	EXP 	unnamed TextStim: height = 25.0
473.8660 	EXP 	unnamed TextStim: height = 25.0
473.8660 	EXP 	unnamed TextStim: text = '↓'
475.4832 	DATA 	Keypress: down
475.4992 	EXP 	unnamed TextStim: height = 25.0
475.4992 	EXP 	unnamed TextStim: height = 25.0
475.4992 	EXP 	unnamed TextStim: height = 25.0
475.4992 	EXP 	unnamed TextStim: text = '↑'
477.0500 	DATA 	Keypress: up
477.0661 	EXP 	unnamed TextStim: height = 25.0
477.0661 	EXP 	unnamed TextStim: height = 25.0
477.0661 	EXP 	unnamed TextStim: height = 25.0
477.0661 	EXP 	unnamed TextStim: text = '←'
478.7501 	DATA 	Keypress: left
478.9034 	EXP 	Created unnamed ImageStim = ImageStim(__class__=<class 'psychopy.visual.image.ImageStim'>, anchor=('center', 'center'), autoLog=True, color=array([1., 1., 1.]), colorSpace='rgb', contrast=1.0, depth=0, flipHoriz=False, flipVert=False, image='break.jpg', interpolate=True, mask=None, maskParams=None, name='unnamed ImageStim', opacity=1.0, ori=0.0, pos=array([0., 0.]), size=array([1536.,  864.]), texRes=128, units='pix', win=Window(...))
479.8411 	DATA 	Keypress: space
479.8493 	EXP 	unnamed TextStim: height = 25.0
479.8493 	EXP 	unnamed TextStim: height = 25.0
479.8493 	EXP 	unnamed TextStim: height = 25.0
479.8493 	EXP 	unnamed TextStim: text = '↓'
481.4667 	DATA 	Keypress: down
481.4829 	EXP 	unnamed TextStim: text = '↓'
482.8835 	DATA 	Keypress: down
482.8996 	EXP 	unnamed TextStim: height = 25.0
482.8996 	EXP 	unnamed TextStim: height = 25.0
482.8996 	EXP 	unnamed TextStim: height = 25.0
482.8996 	EXP 	unnamed TextStim: text = '→'
484.4168 	DATA 	Keypress: right
484.4330 	EXP 	unnamed TextStim: height = 25.0
484.4330 	EXP 	unnamed TextStim: height = 25.0
484.4330 	EXP 	unnamed TextStim: height = 25.0
484.4330 	EXP 	unnamed TextStim: text = '↑'
485.8837 	DATA 	Keypress: up
485.8999 	EXP 	unnamed TextStim: height = 25.0
485.8999 	EXP 	unnamed TextStim: height = 25.0
485.8999 	EXP 	unnamed TextStim: height = 25.0
485.8999 	EXP 	unnamed TextStim: text = '→'
487.7170 	DATA 	Keypress: right
487.7332 	EXP 	unnamed TextStim: height = 25.0
487.7332 	EXP 	unnamed TextStim: height = 25.0
487.7332 	EXP 	unnamed TextStim: height = 25.0
487.7332 	EXP 	unnamed TextStim: text = '←'
489.4338 	DATA 	Keypress: left
489.4499 	EXP 	unnamed TextStim: height = 25.0
489.4499 	EXP 	unnamed TextStim: height = 25.0
489.4499 	EXP 	unnamed TextStim: height = 25.0
489.4499 	EXP 	unnamed TextStim: text = '↓'
491.2673 	DATA 	Keypress: down
491.2833 	EXP 	unnamed TextStim: height = 25.0
491.2833 	EXP 	unnamed TextStim: height = 25.0
491.2833 	EXP 	unnamed TextStim: height = 25.0
491.2833 	EXP 	unnamed TextStim: text = '←'
492.8504 	DATA 	Keypress: left
492.8667 	EXP 	unnamed TextStim: text = '←'
494.5505 	DATA 	Keypress: right
494.5668 	EXP 	unnamed TextStim: height = 25.0
494.5668 	EXP 	unnamed TextStim: height = 25.0
494.5668 	EXP 	unnamed TextStim: height = 25.0
494.5668 	EXP 	unnamed TextStim: text = '↑'
496.4371 	DATA 	Keypress: up
496.4502 	EXP 	unnamed TextStim: height = 25.0
496.4502 	EXP 	unnamed TextStim: height = 25.0
496.4502 	EXP 	unnamed TextStim: height = 25.0
496.4502 	EXP 	unnamed TextStim: text = '↓'
497.7341 	DATA 	Keypress: down
497.7503 	EXP 	unnamed TextStim: height = 25.0
497.7503 	EXP 	unnamed TextStim: height = 25.0
497.7503 	EXP 	unnamed TextStim: height = 25.0
497.7503 	EXP 	unnamed TextStim: text = '→'
499.5676 	DATA 	Keypress: right
499.5836 	EXP 	unnamed TextStim: text = '→'
501.2009 	DATA 	Keypress: right
501.2171 	EXP 	unnamed TextStim: height = 25.0
501.2171 	EXP 	unnamed TextStim: height = 25.0
501.2171 	EXP 	unnamed TextStim: height = 25.0
501.2171 	EXP 	unnamed TextStim: text = '↑'
502.7510 	DATA 	Keypress: up
502.7671 	EXP 	unnamed TextStim: height = 25.0
502.7671 	EXP 	unnamed TextStim: height = 25.0
502.7671 	EXP 	unnamed TextStim: height = 25.0
502.7671 	EXP 	unnamed TextStim: text = '↓'
504.4343 	DATA 	Keypress: down
504.4505 	EXP 	unnamed TextStim: height = 25.0
504.4505 	EXP 	unnamed TextStim: height = 25.0
504.4505 	EXP 	unnamed TextStim: height = 25.0
504.4505 	EXP 	unnamed TextStim: text = '→'
504.7890 	DATA 	Mouse: Left button down, pos=(1392,509)
505.0009 	DATA 	Mouse:  Left button up, pos=(1392,509)
505.7678 	DATA 	Keypress: right
505.7838 	EXP 	unnamed TextStim: height = 25.0
505.7838 	EXP 	unnamed TextStim: height = 25.0
505.7838 	EXP 	unnamed TextStim: height = 25.0
505.7838 	EXP 	unnamed TextStim: text = '↓'
507.7677 	DATA 	Keypress: down
507.7839 	EXP 	unnamed TextStim: height = 25.0
507.7839 	EXP 	unnamed TextStim: height = 25.0
507.7839 	EXP 	unnamed TextStim: height = 25.0
507.7839 	EXP 	unnamed TextStim: text = '←'
509.5178 	DATA 	Keypress: left
509.5341 	EXP 	unnamed TextStim: height = 25.0
509.5341 	EXP 	unnamed TextStim: height = 25.0
509.5341 	EXP 	unnamed TextStim: height = 25.0
509.5341 	EXP 	unnamed TextStim: text = '↓'
511.1512 	DATA 	Keypress: down
511.3048 	EXP 	Created unnamed ImageStim = ImageStim(__class__=<class 'psychopy.visual.image.ImageStim'>, anchor=('center', 'center'), autoLog=True, color=array([1., 1., 1.]), colorSpace='rgb', contrast=1.0, depth=0, flipHoriz=False, flipVert=False, image='break.jpg', interpolate=True, mask=None, maskParams=None, name='unnamed ImageStim', opacity=1.0, ori=0.0, pos=array([0., 0.]), size=array([1536.,  864.]), texRes=128, units='pix', win=Window(...))
512.2377 	DATA 	Keypress: space
512.2504 	EXP 	unnamed TextStim: height = 25.0
512.2504 	EXP 	unnamed TextStim: height = 25.0
512.2504 	EXP 	unnamed TextStim: height = 25.0
512.2504 	EXP 	unnamed TextStim: text = '←'
513.8180 	DATA 	Keypress: left
513.8342 	EXP 	unnamed TextStim: height = 25.0
513.8342 	EXP 	unnamed TextStim: height = 25.0
513.8342 	EXP 	unnamed TextStim: height = 25.0
513.8342 	EXP 	unnamed TextStim: text = '↑'
515.5348 	DATA 	Keypress: up
515.5508 	EXP 	unnamed TextStim: text = '↑'
517.0012 	DATA 	Keypress: up
517.0177 	EXP 	unnamed TextStim: height = 25.0
517.0177 	EXP 	unnamed TextStim: height = 25.0
517.0177 	EXP 	unnamed TextStim: height = 25.0
517.0177 	EXP 	unnamed TextStim: text = '↓'
518.4849 	DATA 	Keypress: down
518.5010 	EXP 	unnamed TextStim: text = '↓'
520.0848 	DATA 	Keypress: down
520.1010 	EXP 	unnamed TextStim: text = '↓'
521.7348 	DATA 	Keypress: down
521.7510 	EXP 	unnamed TextStim: text = '↓'
523.0850 	DATA 	Keypress: down
523.1011 	EXP 	unnamed TextStim: height = 25.0
523.1011 	EXP 	unnamed TextStim: height = 25.0
523.1011 	EXP 	unnamed TextStim: height = 25.0
523.1011 	EXP 	unnamed TextStim: text = '→'
524.8851 	DATA 	Keypress: right
524.9012 	EXP 	unnamed TextStim: height = 25.0
524.9012 	EXP 	unnamed TextStim: height = 25.0
524.9012 	EXP 	unnamed TextStim: height = 25.0
524.9012 	EXP 	unnamed TextStim: text = '↑'
526.7846 	EXP 	unnamed TextStim: text = '↑'
527.0192 	DATA 	Keypress: up
528.7014 	EXP 	unnamed TextStim: height = 25.0
528.7014 	EXP 	unnamed TextStim: height = 25.0
528.7014 	EXP 	unnamed TextStim: height = 25.0
528.7014 	EXP 	unnamed TextStim: text = '←'
528.7685 	DATA 	Keypress: up
530.2687 	DATA 	Keypress: left
530.2849 	EXP 	unnamed TextStim: height = 25.0
530.2849 	EXP 	unnamed TextStim: height = 25.0
530.2849 	EXP 	unnamed TextStim: height = 25.0
530.2849 	EXP 	unnamed TextStim: text = '↑'
531.9186 	DATA 	Keypress: up
531.9348 	EXP 	unnamed TextStim: text = '↑'
533.7215 	DATA 	Keypress: down
533.7354 	DATA 	Keypress: up
533.7515 	EXP 	unnamed TextStim: text = '↑'
535.5540 	DATA 	Keypress: up
535.5850 	EXP 	unnamed TextStim: height = 25.0
535.5850 	EXP 	unnamed TextStim: height = 25.0
535.5850 	EXP 	unnamed TextStim: height = 25.0
535.5850 	EXP 	unnamed TextStim: text = '←'
537.4189 	DATA 	Keypress: left
537.4350 	EXP 	unnamed TextStim: height = 25.0
537.4350 	EXP 	unnamed TextStim: height = 25.0
537.4350 	EXP 	unnamed TextStim: height = 25.0
537.4350 	EXP 	unnamed TextStim: text = '→'
539.1024 	DATA 	Keypress: right
539.1184 	EXP 	unnamed TextStim: text = '→'
540.9356 	DATA 	Keypress: right
540.9518 	EXP 	unnamed TextStim: text = '→'
542.3857 	DATA 	Keypress: right
542.4019 	EXP 	unnamed TextStim: height = 25.0
542.4019 	EXP 	unnamed TextStim: height = 25.0
542.4019 	EXP 	unnamed TextStim: height = 25.0
542.4019 	EXP 	unnamed TextStim: text = '↓'
543.9195 	DATA 	Keypress: down
544.0761 	EXP 	Created unnamed ImageStim = ImageStim(__class__=<class 'psychopy.visual.image.ImageStim'>, anchor=('center', 'center'), autoLog=True, color=array([1., 1., 1.]), colorSpace='rgb', contrast=1.0, depth=0, flipHoriz=False, flipVert=False, image='break.jpg', interpolate=True, mask=None, maskParams=None, name='unnamed ImageStim', opacity=1.0, ori=0.0, pos=array([0., 0.]), size=array([1536.,  864.]), texRes=128, units='pix', win=Window(...))
544.8928 	DATA 	Keypress: space
544.9019 	EXP 	unnamed TextStim: height = 25.0
544.9019 	EXP 	unnamed TextStim: height = 25.0
544.9019 	EXP 	unnamed TextStim: height = 25.0
544.9019 	EXP 	unnamed TextStim: text = '←'
546.4193 	DATA 	Keypress: left
546.4353 	EXP 	unnamed TextStim: height = 25.0
546.4353 	EXP 	unnamed TextStim: height = 25.0
546.4353 	EXP 	unnamed TextStim: height = 25.0
546.4353 	EXP 	unnamed TextStim: text = '↑'
547.8526 	DATA 	Keypress: up
547.8687 	EXP 	unnamed TextStim: height = 25.0
547.8687 	EXP 	unnamed TextStim: height = 25.0
547.8687 	EXP 	unnamed TextStim: height = 25.0
547.8687 	EXP 	unnamed TextStim: text = '←'
549.5397 	DATA 	Keypress: left
549.5522 	EXP 	unnamed TextStim: height = 25.0
549.5522 	EXP 	unnamed TextStim: height = 25.0
549.5522 	EXP 	unnamed TextStim: height = 25.0
549.5522 	EXP 	unnamed TextStim: text = '→'
551.2361 	DATA 	Keypress: right
551.2524 	EXP 	unnamed TextStim: height = 25.0
551.2524 	EXP 	unnamed TextStim: height = 25.0
551.2524 	EXP 	unnamed TextStim: height = 25.0
551.2524 	EXP 	unnamed TextStim: text = '↑'
553.1857 	EXP 	unnamed TextStim: height = 25.0
553.1857 	EXP 	unnamed TextStim: height = 25.0
553.1857 	EXP 	unnamed TextStim: height = 25.0
553.1857 	EXP 	unnamed TextStim: text = '↓'
553.3034 	DATA 	Keypress: up
554.7695 	DATA 	Keypress: down
554.7857 	EXP 	unnamed TextStim: text = '↓'
556.6029 	DATA 	Keypress: down
556.6190 	EXP 	unnamed TextStim: height = 25.0
556.6190 	EXP 	unnamed TextStim: height = 25.0
556.6190 	EXP 	unnamed TextStim: height = 25.0
556.6190 	EXP 	unnamed TextStim: text = '→'
558.3368 	DATA 	Keypress: right
558.3525 	EXP 	unnamed TextStim: height = 25.0
558.3525 	EXP 	unnamed TextStim: height = 25.0
558.3525 	EXP 	unnamed TextStim: height = 25.0
558.3525 	EXP 	unnamed TextStim: text = '↓'
559.9531 	DATA 	Keypress: down
559.9692 	EXP 	unnamed TextStim: height = 25.0
559.9692 	EXP 	unnamed TextStim: height = 25.0
559.9692 	EXP 	unnamed TextStim: height = 25.0
559.9692 	EXP 	unnamed TextStim: text = '↑'
561.6700 	DATA 	Keypress: up
561.6859 	EXP 	unnamed TextStim: height = 25.0
561.6859 	EXP 	unnamed TextStim: height = 25.0
561.6859 	EXP 	unnamed TextStim: height = 25.0
561.6859 	EXP 	unnamed TextStim: text = '↓'
563.2720 	DATA 	Keypress: down
563.3027 	EXP 	unnamed TextStim: height = 25.0
563.3027 	EXP 	unnamed TextStim: height = 25.0
563.3027 	EXP 	unnamed TextStim: height = 25.0
563.3027 	EXP 	unnamed TextStim: text = '↑'
564.9714 	DATA 	Keypress: up
565.0025 	EXP 	unnamed TextStim: height = 25.0
565.0025 	EXP 	unnamed TextStim: height = 25.0
565.0025 	EXP 	unnamed TextStim: height = 25.0
565.0025 	EXP 	unnamed TextStim: text = '←'
566.6884 	DATA 	Keypress: right
566.7196 	EXP 	unnamed TextStim: height = 25.0
566.7196 	EXP 	unnamed TextStim: height = 25.0
566.7196 	EXP 	unnamed TextStim: height = 25.0
566.7196 	EXP 	unnamed TextStim: text = '→'
568.4382 	DATA 	Keypress: right
568.4696 	EXP 	unnamed TextStim: height = 25.0
568.4696 	EXP 	unnamed TextStim: height = 25.0
568.4696 	EXP 	unnamed TextStim: height = 25.0
568.4696 	EXP 	unnamed TextStim: text = '←'
570.0033 	DATA 	Keypress: left
570.0196 	EXP 	unnamed TextStim: height = 25.0
570.0196 	EXP 	unnamed TextStim: height = 25.0
570.0196 	EXP 	unnamed TextStim: height = 25.0
570.0196 	EXP 	unnamed TextStim: text = '↑'
571.8205 	DATA 	Keypress: up
571.8362 	EXP 	unnamed TextStim: height = 25.0
571.8362 	EXP 	unnamed TextStim: height = 25.0
571.8362 	EXP 	unnamed TextStim: height = 25.0
571.8362 	EXP 	unnamed TextStim: text = '←'
573.5702 	DATA 	Keypress: left
573.5865 	EXP 	unnamed TextStim: height = 25.0
573.5865 	EXP 	unnamed TextStim: height = 25.0
573.5865 	EXP 	unnamed TextStim: height = 25.0
573.5865 	EXP 	unnamed TextStim: text = '↓'
575.3705 	DATA 	Keypress: down
575.3864 	EXP 	unnamed TextStim: height = 25.0
575.3864 	EXP 	unnamed TextStim: height = 25.0
575.3864 	EXP 	unnamed TextStim: height = 25.0
575.3864 	EXP 	unnamed TextStim: text = '←'
577.2916 	EXP 	Created unnamed ImageStim = ImageStim(__class__=<class 'psychopy.visual.image.ImageStim'>, anchor=('center', 'center'), autoLog=True, color=array([1., 1., 1.]), colorSpace='rgb', contrast=1.0, depth=0, flipHoriz=False, flipVert=False, image='break.jpg', interpolate=True, mask=None, maskParams=None, name='unnamed ImageStim', opacity=1.0, ori=0.0, pos=array([0., 0.]), size=array([1536.,  864.]), texRes=128, units='pix', win=Window(...))
577.2921 	DATA 	Keypress: left
578.5407 	DATA 	Keypress: space
578.5529 	EXP 	unnamed TextStim: height = 25.0
578.5529 	EXP 	unnamed TextStim: height = 25.0
578.5529 	EXP 	unnamed TextStim: height = 25.0
578.5529 	EXP 	unnamed TextStim: text = '↓'
580.3871 	DATA 	Keypress: down
580.4034 	EXP 	unnamed TextStim: height = 25.0
580.4034 	EXP 	unnamed TextStim: height = 25.0
580.4034 	EXP 	unnamed TextStim: height = 25.0
580.4034 	EXP 	unnamed TextStim: text = '→'
581.9539 	DATA 	Keypress: left
581.9700 	EXP 	unnamed TextStim: height = 25.0
581.9700 	EXP 	unnamed TextStim: height = 25.0
581.9700 	EXP 	unnamed TextStim: height = 25.0
581.9700 	EXP 	unnamed TextStim: text = '←'
583.6224 	DATA 	Keypress: left
583.6534 	EXP 	unnamed TextStim: height = 25.0
583.6534 	EXP 	unnamed TextStim: height = 25.0
583.6534 	EXP 	unnamed TextStim: height = 25.0
583.6534 	EXP 	unnamed TextStim: text = '↓'
585.3371 	DATA 	Keypress: down
585.3534 	EXP 	unnamed TextStim: height = 25.0
585.3534 	EXP 	unnamed TextStim: height = 25.0
585.3534 	EXP 	unnamed TextStim: height = 25.0
585.3534 	EXP 	unnamed TextStim: text = '→'
586.8707 	DATA 	Keypress: right
586.8869 	EXP 	unnamed TextStim: height = 25.0
586.8869 	EXP 	unnamed TextStim: height = 25.0
586.8869 	EXP 	unnamed TextStim: height = 25.0
586.8869 	EXP 	unnamed TextStim: text = '←'
588.4044 	DATA 	Keypress: left
588.4203 	EXP 	unnamed TextStim: height = 25.0
588.4203 	EXP 	unnamed TextStim: height = 25.0
588.4203 	EXP 	unnamed TextStim: height = 25.0
588.4203 	EXP 	unnamed TextStim: text = '→'
590.1043 	DATA 	Keypress: right
590.1203 	EXP 	unnamed TextStim: text = '→'
591.9209 	DATA 	Keypress: right
591.9372 	EXP 	unnamed TextStim: text = '→'
593.3377 	DATA 	Keypress: right
593.3538 	EXP 	unnamed TextStim: text = '→'
595.0041 	DATA 	Keypress: right
595.0204 	EXP 	unnamed TextStim: height = 25.0
595.0204 	EXP 	unnamed TextStim: height = 25.0
595.0204 	EXP 	unnamed TextStim: height = 25.0
595.0204 	EXP 	unnamed TextStim: text = '←'
596.4379 	DATA 	Keypress: right
596.4539 	EXP 	unnamed TextStim: height = 25.0
596.4539 	EXP 	unnamed TextStim: height = 25.0
596.4539 	EXP 	unnamed TextStim: height = 25.0
596.4539 	EXP 	unnamed TextStim: text = '↓'
598.2208 	DATA 	Keypress: down
598.2373 	EXP 	unnamed TextStim: height = 25.0
598.2373 	EXP 	unnamed TextStim: height = 25.0
598.2373 	EXP 	unnamed TextStim: height = 25.0
598.2373 	EXP 	unnamed TextStim: text = '←'
599.7880 	DATA 	Keypress: left
599.8041 	EXP 	unnamed TextStim: height = 25.0
599.8041 	EXP 	unnamed TextStim: height = 25.0
599.8041 	EXP 	unnamed TextStim: height = 25.0
599.8041 	EXP 	unnamed TextStim: text = '↓'
601.8541 	EXP 	unnamed TextStim: height = 25.0
601.8541 	EXP 	unnamed TextStim: height = 25.0
601.8541 	EXP 	unnamed TextStim: height = 25.0
601.8541 	EXP 	unnamed TextStim: text = '↑'
603.6045 	DATA 	Keypress: up
603.6209 	EXP 	unnamed TextStim: height = 25.0
603.6209 	EXP 	unnamed TextStim: height = 25.0
603.6209 	EXP 	unnamed TextStim: height = 25.0
603.6209 	EXP 	unnamed TextStim: text = '←'
605.1880 	DATA 	Keypress: left
605.2043 	EXP 	unnamed TextStim: height = 25.0
605.2043 	EXP 	unnamed TextStim: height = 25.0
605.2043 	EXP 	unnamed TextStim: height = 25.0
605.2043 	EXP 	unnamed TextStim: text = '→'
606.9381 	DATA 	Keypress: right
606.9545 	EXP 	unnamed TextStim: height = 25.0
606.9545 	EXP 	unnamed TextStim: height = 25.0
606.9545 	EXP 	unnamed TextStim: height = 25.0
606.9545 	EXP 	unnamed TextStim: text = '↓'
608.6715 	DATA 	Keypress: down
608.6878 	EXP 	unnamed TextStim: height = 25.0
608.6878 	EXP 	unnamed TextStim: height = 25.0
608.6878 	EXP 	unnamed TextStim: height = 25.0
608.6878 	EXP 	unnamed TextStim: text = '→'
610.1883 	DATA 	Keypress: right
610.3475 	EXP 	Created unnamed ImageStim = ImageStim(__class__=<class 'psychopy.visual.image.ImageStim'>, anchor=('center', 'center'), autoLog=True, color=array([1., 1., 1.]), colorSpace='rgb', contrast=1.0, depth=0, flipHoriz=False, flipVert=False, image='break.jpg', interpolate=True, mask=None, maskParams=None, name='unnamed ImageStim', opacity=1.0, ori=0.0, pos=array([0., 0.]), size=array([1536.,  864.]), texRes=128, units='pix', win=Window(...))
610.4950 	DATA 	Keypress: up
611.4190 	DATA 	Keypress: space
611.4217 	EXP 	unnamed TextStim: height = 25.0
611.4217 	EXP 	unnamed TextStim: height = 25.0
611.4217 	EXP 	unnamed TextStim: height = 25.0
611.4217 	EXP 	unnamed TextStim: text = '↓'
613.0055 	DATA 	Keypress: down
613.0211 	EXP 	unnamed TextStim: height = 25.0
613.0211 	EXP 	unnamed TextStim: height = 25.0
613.0211 	EXP 	unnamed TextStim: height = 25.0
613.0211 	EXP 	unnamed TextStim: text = '↑'
614.6217 	DATA 	Keypress: down
614.6379 	EXP 	unnamed TextStim: height = 25.0
614.6379 	EXP 	unnamed TextStim: height = 25.0
614.6379 	EXP 	unnamed TextStim: height = 25.0
614.6379 	EXP 	unnamed TextStim: text = '→'
616.2383 	DATA 	Keypress: right
616.2547 	EXP 	unnamed TextStim: height = 25.0
616.2547 	EXP 	unnamed TextStim: height = 25.0
616.2547 	EXP 	unnamed TextStim: height = 25.0
616.2547 	EXP 	unnamed TextStim: text = '↑'
617.8053 	DATA 	Keypress: up
617.8211 	EXP 	unnamed TextStim: height = 25.0
617.8211 	EXP 	unnamed TextStim: height = 25.0
617.8211 	EXP 	unnamed TextStim: height = 25.0
617.8211 	EXP 	unnamed TextStim: text = '↓'
619.5385 	DATA 	Keypress: down
619.5549 	EXP 	unnamed TextStim: text = '↓'
621.0055 	DATA 	Keypress: down
621.0216 	EXP 	unnamed TextStim: height = 25.0
621.0216 	EXP 	unnamed TextStim: height = 25.0
621.0216 	EXP 	unnamed TextStim: height = 25.0
621.0216 	EXP 	unnamed TextStim: text = '←'
622.6554 	DATA 	Keypress: left
622.6714 	EXP 	unnamed TextStim: text = '←'
624.0888 	DATA 	Keypress: left
624.1050 	EXP 	unnamed TextStim: height = 25.0
624.1050 	EXP 	unnamed TextStim: height = 25.0
624.1050 	EXP 	unnamed TextStim: height = 25.0
624.1050 	EXP 	unnamed TextStim: text = '→'
625.7388 	DATA 	Keypress: right
625.7550 	EXP 	unnamed TextStim: height = 25.0
625.7550 	EXP 	unnamed TextStim: height = 25.0
625.7550 	EXP 	unnamed TextStim: height = 25.0
625.7550 	EXP 	unnamed TextStim: text = '↓'
627.2723 	DATA 	Keypress: down
627.2884 	EXP 	unnamed TextStim: height = 25.0
627.2884 	EXP 	unnamed TextStim: height = 25.0
627.2884 	EXP 	unnamed TextStim: height = 25.0
627.2884 	EXP 	unnamed TextStim: text = '→'
628.9056 	DATA 	Keypress: right
628.9219 	EXP 	unnamed TextStim: height = 25.0
628.9219 	EXP 	unnamed TextStim: height = 25.0
628.9219 	EXP 	unnamed TextStim: height = 25.0
628.9219 	EXP 	unnamed TextStim: text = '↓'
630.4391 	DATA 	Keypress: down
630.4552 	EXP 	unnamed TextStim: height = 25.0
630.4552 	EXP 	unnamed TextStim: height = 25.0
630.4552 	EXP 	unnamed TextStim: height = 25.0
630.4552 	EXP 	unnamed TextStim: text = '→'
631.8891 	DATA 	Keypress: right
631.9052 	EXP 	unnamed TextStim: height = 25.0
631.9052 	EXP 	unnamed TextStim: height = 25.0
631.9052 	EXP 	unnamed TextStim: height = 25.0
631.9052 	EXP 	unnamed TextStim: text = '←'
633.3727 	DATA 	Keypress: left
633.3886 	EXP 	unnamed TextStim: height = 25.0
633.3886 	EXP 	unnamed TextStim: height = 25.0
633.3886 	EXP 	unnamed TextStim: height = 25.0
633.3886 	EXP 	unnamed TextStim: text = '↑'
635.1910 	DATA 	Keypress: up
635.2221 	EXP 	unnamed TextStim: text = '↑'
636.4723 	DATA 	Keypress: up
636.4888 	EXP 	unnamed TextStim: height = 25.0
636.4888 	EXP 	unnamed TextStim: height = 25.0
636.4888 	EXP 	unnamed TextStim: height = 25.0
636.4888 	EXP 	unnamed TextStim: text = '↓'
637.7393 	DATA 	Keypress: down
637.7553 	EXP 	unnamed TextStim: height = 25.0
637.7553 	EXP 	unnamed TextStim: height = 25.0
637.7553 	EXP 	unnamed TextStim: height = 25.0
637.7553 	EXP 	unnamed TextStim: text = '←'
639.3564 	DATA 	Keypress: left
639.3722 	EXP 	unnamed TextStim: height = 25.0
639.3722 	EXP 	unnamed TextStim: height = 25.0
639.3722 	EXP 	unnamed TextStim: height = 25.0
639.3722 	EXP 	unnamed TextStim: text = '→'
640.7727 	DATA 	Keypress: right
640.9250 	EXP 	Created unnamed ImageStim = ImageStim(__class__=<class 'psychopy.visual.image.ImageStim'>, anchor=('center', 'center'), autoLog=True, color=array([1., 1., 1.]), colorSpace='rgb', contrast=1.0, depth=0, flipHoriz=False, flipVert=False, image='break.jpg', interpolate=True, mask=None, maskParams=None, name='unnamed ImageStim', opacity=1.0, ori=0.0, pos=array([0., 0.]), size=array([1536.,  864.]), texRes=128, units='pix', win=Window(...))
641.9922 	DATA 	Keypress: space
642.0055 	EXP 	unnamed TextStim: text = '→'
643.8057 	EXP 	unnamed TextStim: height = 25.0
643.8057 	EXP 	unnamed TextStim: height = 25.0
643.8057 	EXP 	unnamed TextStim: height = 25.0
643.8057 	EXP 	unnamed TextStim: text = '↓'
643.9403 	DATA 	Keypress: right
645.6729 	DATA 	Keypress: down
645.6890 	EXP 	unnamed TextStim: height = 25.0
645.6890 	EXP 	unnamed TextStim: height = 25.0
645.6890 	EXP 	unnamed TextStim: height = 25.0
645.6890 	EXP 	unnamed TextStim: text = '↑'
647.3230 	DATA 	Keypress: up
647.3392 	EXP 	unnamed TextStim: height = 25.0
647.3392 	EXP 	unnamed TextStim: height = 25.0
647.3392 	EXP 	unnamed TextStim: height = 25.0
647.3392 	EXP 	unnamed TextStim: text = '→'
649.0893 	EXP 	unnamed TextStim: text = '→'
650.6396 	DATA 	Keypress: right
650.6560 	EXP 	unnamed TextStim: height = 25.0
650.6560 	EXP 	unnamed TextStim: height = 25.0
650.6560 	EXP 	unnamed TextStim: height = 25.0
650.6560 	EXP 	unnamed TextStim: text = '←'
652.2397 	DATA 	Keypress: left
652.2559 	EXP 	unnamed TextStim: height = 25.0
652.2559 	EXP 	unnamed TextStim: height = 25.0
652.2559 	EXP 	unnamed TextStim: height = 25.0
652.2559 	EXP 	unnamed TextStim: text = '↓'
653.7566 	DATA 	Keypress: down
653.7727 	EXP 	unnamed TextStim: text = '↓'
655.1564 	DATA 	Keypress: down
655.1727 	EXP 	unnamed TextStim: height = 25.0
655.1727 	EXP 	unnamed TextStim: height = 25.0
655.1727 	EXP 	unnamed TextStim: height = 25.0
655.1727 	EXP 	unnamed TextStim: text = '↑'
656.8566 	DATA 	Keypress: right
656.8728 	EXP 	unnamed TextStim: height = 25.0
656.8728 	EXP 	unnamed TextStim: height = 25.0
656.8728 	EXP 	unnamed TextStim: height = 25.0
656.8728 	EXP 	unnamed TextStim: text = '←'
658.6400 	DATA 	Keypress: left
658.6562 	EXP 	unnamed TextStim: height = 25.0
658.6562 	EXP 	unnamed TextStim: height = 25.0
658.6562 	EXP 	unnamed TextStim: height = 25.0
658.6562 	EXP 	unnamed TextStim: text = '↓'
660.4896 	EXP 	unnamed TextStim: height = 25.0
660.4896 	EXP 	unnamed TextStim: height = 25.0
660.4896 	EXP 	unnamed TextStim: height = 25.0
660.4896 	EXP 	unnamed TextStim: text = '→'
660.5242 	DATA 	Keypress: down
662.3736 	DATA 	Keypress: right
662.3896 	EXP 	unnamed TextStim: height = 25.0
662.3896 	EXP 	unnamed TextStim: height = 25.0
662.3896 	EXP 	unnamed TextStim: height = 25.0
662.3896 	EXP 	unnamed TextStim: text = '←'
663.8570 	DATA 	Keypress: left
663.8731 	EXP 	unnamed TextStim: text = '←'
665.3905 	DATA 	Keypress: left
665.4065 	EXP 	unnamed TextStim: height = 25.0
665.4065 	EXP 	unnamed TextStim: height = 25.0
665.4065 	EXP 	unnamed TextStim: height = 25.0
665.4065 	EXP 	unnamed TextStim: text = '→'
667.1095 	DATA 	Keypress: right
667.1399 	EXP 	unnamed TextStim: height = 25.0
667.1399 	EXP 	unnamed TextStim: height = 25.0
667.1399 	EXP 	unnamed TextStim: height = 25.0
667.1399 	EXP 	unnamed TextStim: text = '↑'
668.7920 	DATA 	Keypress: down
668.8234 	EXP 	unnamed TextStim: text = '↑'
670.2403 	DATA 	Keypress: up
670.2567 	EXP 	unnamed TextStim: height = 25.0
670.2567 	EXP 	unnamed TextStim: height = 25.0
670.2567 	EXP 	unnamed TextStim: height = 25.0
670.2567 	EXP 	unnamed TextStim: text = '←'
672.0735 	EXP 	unnamed TextStim: height = 25.0
672.0735 	EXP 	unnamed TextStim: height = 25.0
672.0735 	EXP 	unnamed TextStim: height = 25.0
672.0735 	EXP 	unnamed TextStim: text = '↓'
672.2080 	DATA 	Keypress: left
673.9274 	EXP 	Created unnamed ImageStim = ImageStim(__class__=<class 'psychopy.visual.image.ImageStim'>, anchor=('center', 'center'), autoLog=True, color=array([1., 1., 1.]), colorSpace='rgb', contrast=1.0, depth=0, flipHoriz=False, flipVert=False, image='break.jpg', interpolate=True, mask=None, maskParams=None, name='unnamed ImageStim', opacity=1.0, ori=0.0, pos=array([0., 0.]), size=array([1536.,  864.]), texRes=128, units='pix', win=Window(...))
673.9279 	DATA 	Keypress: down
674.7776 	DATA 	Keypress: space
674.8030 	EXP 	Created unnamed TextStim = TextStim(__class__=<class 'psychopy.visual.text.TextStim'>, alignHoriz=method-wrapper(...), alignText='center', alignVert=method-wrapper(...), anchorHoriz='center', anchorVert='center', antialias=True, autoDraw=False, autoLog=True, bold=False, color=array([-1, -1, -1]), colorSpace='rgb', contrast=1.0, depth=0, flipHoriz=False, flipVert=False, font='', fontFiles=[], height=28.0, italic=False, languageStyle='LTR', name='unnamed TextStim', opacity=1.0, ori=0.0, pos=array([0., 0.]), rgb=UNKNOWN, text=str(...), units='pix', win=Window(...), wrapWidth=1536)
678.4138 	DATA 	Keypress: space
678.5033 	EXP 	window1: mouseVisible = True
