7.4506 	WARNING 	User requested fullscreen with size [1536  864], but screen is actually [1920, 1080]. Using actual size
8.9653 	INFO 	FRAME RATE: 60
8.9653 	INFO 	SCREEN RES: odict_values([1536, 864])
9.0250 	EXP 	Created unnamed TextStim = TextStim(__class__=<class 'psychopy.visual.text.TextStim'>, alignHoriz=method-wrapper(...), alignText='center', alignVert=method-wrapper(...), anchorHoriz='center', anchorVert='center', antialias=True, autoDraw=False, autoLog=True, bold=False, color=array([-1, -1, -1]), colorSpace='rgb', contrast=1.0, depth=0, flipHoriz=False, flipVert=False, font='', fontFiles=[], height=100.0, italic=False, languageStyle='LTR', name='unnamed TextStim', opacity=1.0, ori=0.0, pos=array([0., 0.]), rgb=UNKNOWN, text='+', units='pix', win=Window(...), wrapWidth=500)
9.0291 	EXP 	Created unnamed Circle = Circle(__class__=<class 'psychopy.visual.circle.Circle'>, anchor=('center', 'center'), autoDraw=False, autoLog=True, closeShape=True, color=method-wrapper(...), colorSpace='rgb', contrast=None, depth=0, fillColor=array([ 0.09019608, -1.        , -1.        ]), fillColorSpace='rgb', fillRGB=array([ 0.09019608, -1.        , -1.        ]), interpolate=True, lineColor=array([ 0.09019608, -1.        , -1.        ]), lineColorSpace='rgb', lineRGB=array([ 0.09019608, -1.        , -1.        ]), lineWidth=1.5, name='unnamed Circle', opacity=1.0, ori=0.0, pos=array([0., 0.]), size=array([1., 1.]), units='pix', vertices=ndarray(...), win=Window(...))
9.0302 	EXP 	Created unnamed TextStim = TextStim(__class__=<class 'psychopy.visual.text.TextStim'>, alignHoriz=method-wrapper(...), alignText='center', alignVert=method-wrapper(...), anchorHoriz='center', anchorVert='center', antialias=True, autoDraw=False, autoLog=True, bold=False, color=array([-0.17647059, -0.17647059, -0.17647059]), colorSpace='rgb', contrast=1.0, depth=0, flipHoriz=False, flipVert=False, font='', fontFiles=[], height=25, italic=False, languageStyle='LTR', name='unnamed TextStim', opacity=1.0, ori=0.0, pos=array([0., 0.]), rgb=UNKNOWN, text='', units='pix', win=Window(...), wrapWidth=500)
9.0396 	EXP 	Created unnamed ImageStim = ImageStim(__class__=<class 'psychopy.visual.image.ImageStim'>, anchor=('center', 'center'), autoLog=True, color=array([1., 1., 1.]), colorSpace='rgb', contrast=1.0, depth=0, flipHoriz=False, flipVert=False, image='mask4.png', interpolate=False, mask=None, maskParams=None, name='unnamed ImageStim', opacity=1.0, ori=0.0, pos=array([0., 0.]), size=array([25., 25.]), texRes=128, units='pix', win=Window(...))
9.0471 	EXP 	Created unnamed TextStim = TextStim(__class__=<class 'psychopy.visual.text.TextStim'>, alignHoriz=method-wrapper(...), alignText='center', alignVert=method-wrapper(...), anchorHoriz='center', anchorVert='center', antialias=True, autoDraw=False, autoLog=True, bold=False, color=array([-1, -1, -1]), colorSpace='rgb', contrast=1.0, depth=0, flipHoriz=False, flipVert=False, font='', fontFiles=[], height=30.0, italic=False, languageStyle='LTR', name='unnamed TextStim', opacity=1.0, ori=0.0, pos=array([ 100., -300.]), rgb=UNKNOWN, text=str(...), units='pix', win=Window(...), wrapWidth=10000)
9.0574 	EXP 	Created unnamed TextStim = TextStim(__class__=<class 'psychopy.visual.text.TextStim'>, alignHoriz=method-wrapper(...), alignText='center', alignVert=method-wrapper(...), anchorHoriz='center', anchorVert='center', antialias=True, autoDraw=False, autoLog=True, bold=False, color=array([-1, -1, -1]), colorSpace='rgb', contrast=1.0, depth=0, flipHoriz=False, flipVert=False, font='', fontFiles=[], height=30.0, italic=False, languageStyle='LTR', name='unnamed TextStim', opacity=1.0, ori=0.0, pos=array([ 100., -330.]), rgb=UNKNOWN, text=str(...), units='pix', win=Window(...), wrapWidth=10000)
9.0935 	EXP 	Created unnamed TextStim = TextStim(__class__=<class 'psychopy.visual.text.TextStim'>, alignHoriz=method-wrapper(...), alignText='center', alignVert=method-wrapper(...), anchorHoriz='center', anchorVert='center', antialias=True, autoDraw=False, autoLog=True, bold=False, color=array([-1, -1, -1]), colorSpace='rgb', contrast=1.0, depth=0, flipHoriz=False, flipVert=False, font='', fontFiles=[], height=28.0, italic=False, languageStyle='LTR', name='unnamed TextStim', opacity=1.0, ori=0.0, pos=array([0., 0.]), rgb=UNKNOWN, text=str(...), units='pix', win=Window(...), wrapWidth=1536)
22.0718 	DATA 	Keypress: space
22.0809 	EXP 	unnamed TextStim: height = 25.0
22.0809 	EXP 	unnamed TextStim: height = 25.0
22.0809 	EXP 	unnamed TextStim: height = 25.0
22.0809 	EXP 	unnamed TextStim: text = '↓'
23.8948 	EXP 	Created unnamed TextStim = TextStim(__class__=<class 'psychopy.visual.text.TextStim'>, alignHoriz=method-wrapper(...), alignText='center', alignVert=method-wrapper(...), anchorHoriz='center', anchorVert='center', antialias=True, autoDraw=False, autoLog=True, bold=False, color=array([-1, -1, -1]), colorSpace='rgb', contrast=1.0, depth=0, flipHoriz=False, flipVert=False, font='', fontFiles=[], height=50.0, italic=False, languageStyle='LTR', name='unnamed TextStim', opacity=1.0, ori=0.0, pos=array([0., 0.]), rgb=UNKNOWN, text='Brak reakcji', units='pix', win=Window(...), wrapWidth=500)
25.3892 	DATA 	Keypress: down
25.5919 	EXP 	unnamed TextStim: height = 25.0
25.5919 	EXP 	unnamed TextStim: height = 25.0
25.5919 	EXP 	unnamed TextStim: height = 25.0
25.5919 	EXP 	unnamed TextStim: text = '↑'
26.8987 	DATA 	Keypress: up
26.9096 	EXP 	Created unnamed TextStim = TextStim(__class__=<class 'psychopy.visual.text.TextStim'>, alignHoriz=method-wrapper(...), alignText='center', alignVert=method-wrapper(...), anchorHoriz='center', anchorVert='center', antialias=True, autoDraw=False, autoLog=True, bold=False, color=array([-1, -1, -1]), colorSpace='rgb', contrast=1.0, depth=0, flipHoriz=False, flipVert=False, font='', fontFiles=[], height=50.0, italic=False, languageStyle='LTR', name='unnamed TextStim', opacity=1.0, ori=0.0, pos=array([0., 0.]), rgb=UNKNOWN, text='Poprawnie', units='pix', win=Window(...), wrapWidth=500)
28.3200 	EXP 	unnamed TextStim: height = 25.0
28.3200 	EXP 	unnamed TextStim: height = 25.0
28.3200 	EXP 	unnamed TextStim: height = 25.0
28.3200 	EXP 	unnamed TextStim: text = '←'
29.6487 	DATA 	Keypress: left
29.6536 	EXP 	Created unnamed TextStim = TextStim(__class__=<class 'psychopy.visual.text.TextStim'>, alignHoriz=method-wrapper(...), alignText='center', alignVert=method-wrapper(...), anchorHoriz='center', anchorVert='center', antialias=True, autoDraw=False, autoLog=True, bold=False, color=array([-1, -1, -1]), colorSpace='rgb', contrast=1.0, depth=0, flipHoriz=False, flipVert=False, font='', fontFiles=[], height=50.0, italic=False, languageStyle='LTR', name='unnamed TextStim', opacity=1.0, ori=0.0, pos=array([0., 0.]), rgb=UNKNOWN, text='Poprawnie', units='pix', win=Window(...), wrapWidth=500)
31.2015 	EXP 	unnamed TextStim: height = 25.0
31.2015 	EXP 	unnamed TextStim: height = 25.0
31.2015 	EXP 	unnamed TextStim: height = 25.0
31.2015 	EXP 	unnamed TextStim: text = '→'
32.4987 	DATA 	Keypress: right
32.5035 	EXP 	Created unnamed TextStim = TextStim(__class__=<class 'psychopy.visual.text.TextStim'>, alignHoriz=method-wrapper(...), alignText='center', alignVert=method-wrapper(...), anchorHoriz='center', anchorVert='center', antialias=True, autoDraw=False, autoLog=True, bold=False, color=array([-1, -1, -1]), colorSpace='rgb', contrast=1.0, depth=0, flipHoriz=False, flipVert=False, font='', fontFiles=[], height=50.0, italic=False, languageStyle='LTR', name='unnamed TextStim', opacity=1.0, ori=0.0, pos=array([0., 0.]), rgb=UNKNOWN, text='Poprawnie', units='pix', win=Window(...), wrapWidth=500)
34.1382 	EXP 	unnamed TextStim: height = 25.0
34.1382 	EXP 	unnamed TextStim: height = 25.0
34.1382 	EXP 	unnamed TextStim: height = 25.0
34.1382 	EXP 	unnamed TextStim: text = '↓'
35.5488 	DATA 	Keypress: down
35.5537 	EXP 	Created unnamed TextStim = TextStim(__class__=<class 'psychopy.visual.text.TextStim'>, alignHoriz=method-wrapper(...), alignText='center', alignVert=method-wrapper(...), anchorHoriz='center', anchorVert='center', antialias=True, autoDraw=False, autoLog=True, bold=False, color=array([-1, -1, -1]), colorSpace='rgb', contrast=1.0, depth=0, flipHoriz=False, flipVert=False, font='', fontFiles=[], height=50.0, italic=False, languageStyle='LTR', name='unnamed TextStim', opacity=1.0, ori=0.0, pos=array([0., 0.]), rgb=UNKNOWN, text='Poprawnie', units='pix', win=Window(...), wrapWidth=500)
37.1145 	EXP 	unnamed TextStim: height = 25.0
37.1145 	EXP 	unnamed TextStim: height = 25.0
37.1145 	EXP 	unnamed TextStim: height = 25.0
37.1145 	EXP 	unnamed TextStim: text = '←'
38.4824 	DATA 	Keypress: left
38.4877 	EXP 	Created unnamed TextStim = TextStim(__class__=<class 'psychopy.visual.text.TextStim'>, alignHoriz=method-wrapper(...), alignText='center', alignVert=method-wrapper(...), anchorHoriz='center', anchorVert='center', antialias=True, autoDraw=False, autoLog=True, bold=False, color=array([-1, -1, -1]), colorSpace='rgb', contrast=1.0, depth=0, flipHoriz=False, flipVert=False, font='', fontFiles=[], height=50.0, italic=False, languageStyle='LTR', name='unnamed TextStim', opacity=1.0, ori=0.0, pos=array([0., 0.]), rgb=UNKNOWN, text='Poprawnie', units='pix', win=Window(...), wrapWidth=500)
39.9201 	EXP 	unnamed TextStim: text = '←'
41.2341 	DATA 	Keypress: left
41.2541 	EXP 	Created unnamed TextStim = TextStim(__class__=<class 'psychopy.visual.text.TextStim'>, alignHoriz=method-wrapper(...), alignText='center', alignVert=method-wrapper(...), anchorHoriz='center', anchorVert='center', antialias=True, autoDraw=False, autoLog=True, bold=False, color=array([-1, -1, -1]), colorSpace='rgb', contrast=1.0, depth=0, flipHoriz=False, flipVert=False, font='', fontFiles=[], height=50.0, italic=False, languageStyle='LTR', name='unnamed TextStim', opacity=1.0, ori=0.0, pos=array([0., 0.]), rgb=UNKNOWN, text='Poprawnie', units='pix', win=Window(...), wrapWidth=500)
42.8129 	EXP 	unnamed TextStim: height = 25.0
42.8129 	EXP 	unnamed TextStim: height = 25.0
42.8129 	EXP 	unnamed TextStim: height = 25.0
42.8129 	EXP 	unnamed TextStim: text = '↓'
44.0657 	DATA 	Keypress: down
44.0705 	EXP 	Created unnamed TextStim = TextStim(__class__=<class 'psychopy.visual.text.TextStim'>, alignHoriz=method-wrapper(...), alignText='center', alignVert=method-wrapper(...), anchorHoriz='center', anchorVert='center', antialias=True, autoDraw=False, autoLog=True, bold=False, color=array([-1, -1, -1]), colorSpace='rgb', contrast=1.0, depth=0, flipHoriz=False, flipVert=False, font='', fontFiles=[], height=50.0, italic=False, languageStyle='LTR', name='unnamed TextStim', opacity=1.0, ori=0.0, pos=array([0., 0.]), rgb=UNKNOWN, text='Poprawnie', units='pix', win=Window(...), wrapWidth=500)
45.6780 	EXP 	Created unnamed TextStim = TextStim(__class__=<class 'psychopy.visual.text.TextStim'>, alignHoriz=method-wrapper(...), alignText='center', alignVert=method-wrapper(...), anchorHoriz='center', anchorVert='center', antialias=True, autoDraw=False, autoLog=True, bold=False, color=array([-1, -1, -1]), colorSpace='rgb', contrast=1.0, depth=0, flipHoriz=False, flipVert=False, font='', fontFiles=[], height=28.0, italic=False, languageStyle='LTR', name='unnamed TextStim', opacity=1.0, ori=0.0, pos=array([0., 0.]), rgb=UNKNOWN, text=str(...), units='pix', win=Window(...), wrapWidth=1536)
52.3935 	DATA 	Keypress: space
52.3985 	EXP 	unnamed TextStim: height = 25.0
52.3985 	EXP 	unnamed TextStim: height = 25.0
52.3985 	EXP 	unnamed TextStim: height = 25.0
52.3985 	EXP 	unnamed TextStim: text = '→'
53.8163 	DATA 	Keypress: right
53.8325 	EXP 	unnamed TextStim: text = '→'
55.2496 	DATA 	Keypress: right
55.2658 	EXP 	unnamed TextStim: height = 25.0
55.2658 	EXP 	unnamed TextStim: height = 25.0
55.2658 	EXP 	unnamed TextStim: height = 25.0
55.2658 	EXP 	unnamed TextStim: text = '↑'
56.9164 	DATA 	Keypress: up
56.9325 	EXP 	unnamed TextStim: height = 25.0
56.9325 	EXP 	unnamed TextStim: height = 25.0
56.9325 	EXP 	unnamed TextStim: height = 25.0
56.9325 	EXP 	unnamed TextStim: text = '→'
58.2496 	DATA 	Keypress: left
58.2659 	EXP 	unnamed TextStim: height = 25.0
58.2659 	EXP 	unnamed TextStim: height = 25.0
58.2659 	EXP 	unnamed TextStim: height = 25.0
58.2659 	EXP 	unnamed TextStim: text = '↓'
58.3171 	DATA 	Keypress: right
59.7165 	DATA 	Keypress: down
59.7325 	EXP 	unnamed TextStim: height = 25.0
59.7325 	EXP 	unnamed TextStim: height = 25.0
59.7325 	EXP 	unnamed TextStim: height = 25.0
59.7325 	EXP 	unnamed TextStim: text = '→'
61.3997 	DATA 	Keypress: right
61.4161 	EXP 	unnamed TextStim: height = 25.0
61.4161 	EXP 	unnamed TextStim: height = 25.0
61.4161 	EXP 	unnamed TextStim: height = 25.0
61.4161 	EXP 	unnamed TextStim: text = '↓'
62.9998 	DATA 	Keypress: down
63.0161 	EXP 	unnamed TextStim: height = 25.0
63.0161 	EXP 	unnamed TextStim: height = 25.0
63.0161 	EXP 	unnamed TextStim: height = 25.0
63.0161 	EXP 	unnamed TextStim: text = '←'
63.1173 	DATA 	Keypress: down
64.5499 	DATA 	Keypress: left
64.5669 	EXP 	unnamed TextStim: height = 25.0
64.5669 	EXP 	unnamed TextStim: height = 25.0
64.5669 	EXP 	unnamed TextStim: height = 25.0
64.5669 	EXP 	unnamed TextStim: text = '↑'
65.8999 	DATA 	Keypress: up
65.9162 	EXP 	unnamed TextStim: text = '↑'
67.7016 	DATA 	Keypress: up
67.7329 	EXP 	unnamed TextStim: height = 25.0
67.7329 	EXP 	unnamed TextStim: height = 25.0
67.7329 	EXP 	unnamed TextStim: height = 25.0
67.7329 	EXP 	unnamed TextStim: text = '←'
69.0836 	DATA 	Keypress: left
69.0997 	EXP 	unnamed TextStim: height = 25.0
69.0997 	EXP 	unnamed TextStim: height = 25.0
69.0997 	EXP 	unnamed TextStim: height = 25.0
69.0997 	EXP 	unnamed TextStim: text = '↓'
70.6668 	DATA 	Keypress: down
70.6831 	EXP 	unnamed TextStim: height = 25.0
70.6831 	EXP 	unnamed TextStim: height = 25.0
70.6831 	EXP 	unnamed TextStim: height = 25.0
70.6831 	EXP 	unnamed TextStim: text = '→'
72.1502 	DATA 	Keypress: right
72.1664 	EXP 	unnamed TextStim: text = '→'
73.6836 	DATA 	Keypress: right
73.6998 	EXP 	unnamed TextStim: height = 25.0
73.6998 	EXP 	unnamed TextStim: height = 25.0
73.6998 	EXP 	unnamed TextStim: height = 25.0
73.6998 	EXP 	unnamed TextStim: text = '↑'
75.5004 	DATA 	Keypress: up
75.5165 	EXP 	unnamed TextStim: height = 25.0
75.5165 	EXP 	unnamed TextStim: height = 25.0
75.5165 	EXP 	unnamed TextStim: height = 25.0
75.5165 	EXP 	unnamed TextStim: text = '↓'
77.3519 	DATA 	Keypress: down
77.3833 	EXP 	unnamed TextStim: height = 25.0
77.3833 	EXP 	unnamed TextStim: height = 25.0
77.3833 	EXP 	unnamed TextStim: height = 25.0
77.3833 	EXP 	unnamed TextStim: text = '→'
79.0838 	DATA 	Keypress: right
79.1001 	EXP 	unnamed TextStim: height = 25.0
79.1001 	EXP 	unnamed TextStim: height = 25.0
79.1001 	EXP 	unnamed TextStim: height = 25.0
79.1001 	EXP 	unnamed TextStim: text = '↑'
80.4839 	DATA 	Keypress: up
80.4997 	EXP 	unnamed TextStim: height = 25.0
80.4997 	EXP 	unnamed TextStim: height = 25.0
80.4997 	EXP 	unnamed TextStim: height = 25.0
80.4997 	EXP 	unnamed TextStim: text = '↓'
82.0505 	DATA 	Keypress: down
82.2207 	EXP 	Created unnamed ImageStim = ImageStim(__class__=<class 'psychopy.visual.image.ImageStim'>, anchor=('center', 'center'), autoLog=True, color=array([1., 1., 1.]), colorSpace='rgb', contrast=1.0, depth=0, flipHoriz=False, flipVert=False, image='break.jpg', interpolate=True, mask=None, maskParams=None, name='unnamed ImageStim', opacity=1.0, ori=0.0, pos=array([0., 0.]), size=array([1536.,  864.]), texRes=128, units='pix', win=Window(...))
83.2754 	DATA 	Keypress: space
83.2832 	EXP 	unnamed TextStim: height = 25.0
83.2832 	EXP 	unnamed TextStim: height = 25.0
83.2832 	EXP 	unnamed TextStim: height = 25.0
83.2832 	EXP 	unnamed TextStim: text = '↑'
84.8340 	DATA 	Keypress: up
84.8500 	EXP 	unnamed TextStim: height = 25.0
84.8500 	EXP 	unnamed TextStim: height = 25.0
84.8500 	EXP 	unnamed TextStim: height = 25.0
84.8500 	EXP 	unnamed TextStim: text = '↓'
86.3192 	DATA 	Keypress: down
86.3501 	EXP 	unnamed TextStim: height = 25.0
86.3501 	EXP 	unnamed TextStim: height = 25.0
86.3501 	EXP 	unnamed TextStim: height = 25.0
86.3501 	EXP 	unnamed TextStim: text = '←'
87.6009 	DATA 	Keypress: left
87.6170 	EXP 	unnamed TextStim: text = '←'
88.8677 	DATA 	Keypress: left
88.8838 	EXP 	unnamed TextStim: text = '←'
90.5841 	DATA 	Keypress: left
90.6004 	EXP 	unnamed TextStim: text = '←'
92.1514 	DATA 	Keypress: left
92.1672 	EXP 	unnamed TextStim: height = 25.0
92.1672 	EXP 	unnamed TextStim: height = 25.0
92.1672 	EXP 	unnamed TextStim: height = 25.0
92.1672 	EXP 	unnamed TextStim: text = '→'
93.5176 	DATA 	Keypress: right
93.5339 	EXP 	unnamed TextStim: text = '→'
95.1844 	DATA 	Keypress: right
95.2004 	EXP 	unnamed TextStim: height = 25.0
95.2004 	EXP 	unnamed TextStim: height = 25.0
95.2004 	EXP 	unnamed TextStim: height = 25.0
95.2004 	EXP 	unnamed TextStim: text = '↓'
96.6009 	DATA 	Keypress: down
96.6174 	EXP 	unnamed TextStim: text = '↓'
98.0179 	DATA 	Keypress: down
98.0340 	EXP 	unnamed TextStim: height = 25.0
98.0340 	EXP 	unnamed TextStim: height = 25.0
98.0340 	EXP 	unnamed TextStim: height = 25.0
98.0340 	EXP 	unnamed TextStim: text = '↑'
99.5845 	DATA 	Keypress: down
99.6007 	EXP 	unnamed TextStim: height = 25.0
99.6007 	EXP 	unnamed TextStim: height = 25.0
99.6007 	EXP 	unnamed TextStim: height = 25.0
99.6007 	EXP 	unnamed TextStim: text = '↓'
99.7352 	DATA 	Keypress: up
100.9514 	DATA 	Keypress: down
100.9676 	EXP 	unnamed TextStim: height = 25.0
100.9676 	EXP 	unnamed TextStim: height = 25.0
100.9676 	EXP 	unnamed TextStim: height = 25.0
100.9676 	EXP 	unnamed TextStim: text = '↑'
102.4181 	DATA 	Keypress: up
102.4343 	EXP 	unnamed TextStim: height = 25.0
102.4343 	EXP 	unnamed TextStim: height = 25.0
102.4343 	EXP 	unnamed TextStim: height = 25.0
102.4343 	EXP 	unnamed TextStim: text = '←'
103.7181 	DATA 	Keypress: left
103.7343 	EXP 	unnamed TextStim: height = 25.0
103.7343 	EXP 	unnamed TextStim: height = 25.0
103.7343 	EXP 	unnamed TextStim: height = 25.0
103.7343 	EXP 	unnamed TextStim: text = '→'
105.6030 	DATA 	Keypress: right
105.6344 	EXP 	unnamed TextStim: text = '→'
107.2850 	DATA 	Keypress: right
107.3010 	EXP 	unnamed TextStim: height = 25.0
107.3010 	EXP 	unnamed TextStim: height = 25.0
107.3010 	EXP 	unnamed TextStim: height = 25.0
107.3010 	EXP 	unnamed TextStim: text = '↓'
108.8016 	DATA 	Keypress: down
108.8178 	EXP 	unnamed TextStim: height = 25.0
108.8178 	EXP 	unnamed TextStim: height = 25.0
108.8178 	EXP 	unnamed TextStim: height = 25.0
108.8178 	EXP 	unnamed TextStim: text = '↑'
110.6183 	DATA 	Keypress: up
110.6345 	EXP 	unnamed TextStim: height = 25.0
110.6345 	EXP 	unnamed TextStim: height = 25.0
110.6345 	EXP 	unnamed TextStim: height = 25.0
110.6345 	EXP 	unnamed TextStim: text = '←'
112.0685 	DATA 	Keypress: left
112.2286 	EXP 	Created unnamed ImageStim = ImageStim(__class__=<class 'psychopy.visual.image.ImageStim'>, anchor=('center', 'center'), autoLog=True, color=array([1., 1., 1.]), colorSpace='rgb', contrast=1.0, depth=0, flipHoriz=False, flipVert=False, image='break.jpg', interpolate=True, mask=None, maskParams=None, name='unnamed ImageStim', opacity=1.0, ori=0.0, pos=array([0., 0.]), size=array([1536.,  864.]), texRes=128, units='pix', win=Window(...))
112.9850 	DATA 	Keypress: space
113.0012 	EXP 	unnamed TextStim: height = 25.0
113.0012 	EXP 	unnamed TextStim: height = 25.0
113.0012 	EXP 	unnamed TextStim: height = 25.0
113.0012 	EXP 	unnamed TextStim: text = '→'
114.8519 	DATA 	Keypress: right
114.8680 	EXP 	unnamed TextStim: height = 25.0
114.8680 	EXP 	unnamed TextStim: height = 25.0
114.8680 	EXP 	unnamed TextStim: height = 25.0
114.8680 	EXP 	unnamed TextStim: text = '↓'
116.4853 	DATA 	Keypress: down
116.5014 	EXP 	unnamed TextStim: height = 25.0
116.5014 	EXP 	unnamed TextStim: height = 25.0
116.5014 	EXP 	unnamed TextStim: height = 25.0
116.5014 	EXP 	unnamed TextStim: text = '↑'
118.0517 	DATA 	Keypress: up
118.0678 	EXP 	unnamed TextStim: height = 25.0
118.0678 	EXP 	unnamed TextStim: height = 25.0
118.0678 	EXP 	unnamed TextStim: height = 25.0
118.0678 	EXP 	unnamed TextStim: text = '←'
119.5202 	DATA 	Keypress: left
119.5516 	EXP 	unnamed TextStim: height = 25.0
119.5516 	EXP 	unnamed TextStim: height = 25.0
119.5516 	EXP 	unnamed TextStim: height = 25.0
119.5516 	EXP 	unnamed TextStim: text = '↑'
121.2688 	DATA 	Keypress: up
121.2850 	EXP 	unnamed TextStim: height = 25.0
121.2850 	EXP 	unnamed TextStim: height = 25.0
121.2850 	EXP 	unnamed TextStim: height = 25.0
121.2850 	EXP 	unnamed TextStim: text = '→'
122.7854 	DATA 	Keypress: right
122.8016 	EXP 	unnamed TextStim: height = 25.0
122.8016 	EXP 	unnamed TextStim: height = 25.0
122.8016 	EXP 	unnamed TextStim: height = 25.0
122.8016 	EXP 	unnamed TextStim: text = '↑'
124.3188 	DATA 	Keypress: up
124.3350 	EXP 	unnamed TextStim: height = 25.0
124.3350 	EXP 	unnamed TextStim: height = 25.0
124.3350 	EXP 	unnamed TextStim: height = 25.0
124.3350 	EXP 	unnamed TextStim: text = '↓'
126.1522 	DATA 	Keypress: down
126.1685 	EXP 	unnamed TextStim: height = 25.0
126.1685 	EXP 	unnamed TextStim: height = 25.0
126.1685 	EXP 	unnamed TextStim: height = 25.0
126.1685 	EXP 	unnamed TextStim: text = '→'
127.5689 	DATA 	Keypress: right
127.5851 	EXP 	unnamed TextStim: height = 25.0
127.5851 	EXP 	unnamed TextStim: height = 25.0
127.5851 	EXP 	unnamed TextStim: height = 25.0
127.5851 	EXP 	unnamed TextStim: text = '↓'
129.1358 	DATA 	Keypress: down
129.1520 	EXP 	unnamed TextStim: height = 25.0
129.1520 	EXP 	unnamed TextStim: height = 25.0
129.1520 	EXP 	unnamed TextStim: height = 25.0
129.1520 	EXP 	unnamed TextStim: text = '↑'
130.8690 	DATA 	Keypress: up
130.8852 	EXP 	unnamed TextStim: height = 25.0
130.8852 	EXP 	unnamed TextStim: height = 25.0
130.8852 	EXP 	unnamed TextStim: height = 25.0
130.8852 	EXP 	unnamed TextStim: text = '←'
132.3692 	DATA 	Keypress: left
132.3854 	EXP 	unnamed TextStim: text = '←'
134.0026 	DATA 	Keypress: left
134.0188 	EXP 	unnamed TextStim: height = 25.0
134.0188 	EXP 	unnamed TextStim: height = 25.0
134.0188 	EXP 	unnamed TextStim: height = 25.0
134.0188 	EXP 	unnamed TextStim: text = '→'
135.6693 	DATA 	Keypress: right
135.6854 	EXP 	unnamed TextStim: height = 25.0
135.6854 	EXP 	unnamed TextStim: height = 25.0
135.6854 	EXP 	unnamed TextStim: height = 25.0
135.6854 	EXP 	unnamed TextStim: text = '←'
137.4861 	DATA 	Keypress: left
137.5023 	EXP 	unnamed TextStim: text = '←'
138.8194 	DATA 	Keypress: left
138.8356 	EXP 	unnamed TextStim: text = '←'
140.2695 	DATA 	Keypress: left
140.2857 	EXP 	unnamed TextStim: height = 25.0
140.2857 	EXP 	unnamed TextStim: height = 25.0
140.2857 	EXP 	unnamed TextStim: height = 25.0
140.2857 	EXP 	unnamed TextStim: text = '↑'
141.6695 	DATA 	Keypress: up
141.6858 	EXP 	unnamed TextStim: height = 25.0
141.6858 	EXP 	unnamed TextStim: height = 25.0
141.6858 	EXP 	unnamed TextStim: height = 25.0
141.6858 	EXP 	unnamed TextStim: text = '→'
143.0863 	DATA 	Keypress: right
143.2401 	EXP 	Created unnamed ImageStim = ImageStim(__class__=<class 'psychopy.visual.image.ImageStim'>, anchor=('center', 'center'), autoLog=True, color=array([1., 1., 1.]), colorSpace='rgb', contrast=1.0, depth=0, flipHoriz=False, flipVert=False, image='break.jpg', interpolate=True, mask=None, maskParams=None, name='unnamed ImageStim', opacity=1.0, ori=0.0, pos=array([0., 0.]), size=array([1536.,  864.]), texRes=128, units='pix', win=Window(...))
143.8392 	DATA 	Keypress: space
143.8521 	EXP 	unnamed TextStim: height = 25.0
143.8521 	EXP 	unnamed TextStim: height = 25.0
143.8521 	EXP 	unnamed TextStim: height = 25.0
143.8521 	EXP 	unnamed TextStim: text = '↑'
145.2695 	DATA 	Keypress: up
145.2858 	EXP 	unnamed TextStim: text = '↑'
146.6698 	DATA 	Keypress: up
146.6859 	EXP 	unnamed TextStim: text = '↑'
148.2532 	DATA 	Keypress: up
148.2692 	EXP 	unnamed TextStim: height = 25.0
148.2692 	EXP 	unnamed TextStim: height = 25.0
148.2692 	EXP 	unnamed TextStim: height = 25.0
148.2692 	EXP 	unnamed TextStim: text = '↓'
149.7698 	DATA 	Keypress: down
149.7860 	EXP 	unnamed TextStim: height = 25.0
149.7860 	EXP 	unnamed TextStim: height = 25.0
149.7860 	EXP 	unnamed TextStim: height = 25.0
149.7860 	EXP 	unnamed TextStim: text = '←'
151.3200 	DATA 	Keypress: right
151.3361 	EXP 	unnamed TextStim: height = 25.0
151.3361 	EXP 	unnamed TextStim: height = 25.0
151.3361 	EXP 	unnamed TextStim: height = 25.0
151.3361 	EXP 	unnamed TextStim: text = '↓'
151.4373 	DATA 	Keypress: left
152.7864 	DATA 	Keypress: down
152.8024 	EXP 	unnamed TextStim: text = '↓'
154.1199 	DATA 	Keypress: down
154.1361 	EXP 	unnamed TextStim: text = '↓'
155.7035 	DATA 	Keypress: down
155.7195 	EXP 	unnamed TextStim: text = '↓'
157.3366 	DATA 	Keypress: down
157.3529 	EXP 	unnamed TextStim: height = 25.0
157.3529 	EXP 	unnamed TextStim: height = 25.0
157.3529 	EXP 	unnamed TextStim: height = 25.0
157.3529 	EXP 	unnamed TextStim: text = '→'
159.0367 	DATA 	Keypress: right
159.0531 	EXP 	unnamed TextStim: height = 25.0
159.0531 	EXP 	unnamed TextStim: height = 25.0
159.0531 	EXP 	unnamed TextStim: height = 25.0
159.0531 	EXP 	unnamed TextStim: text = '←'
160.5868 	DATA 	Keypress: left
160.6030 	EXP 	unnamed TextStim: height = 25.0
160.6030 	EXP 	unnamed TextStim: height = 25.0
160.6030 	EXP 	unnamed TextStim: height = 25.0
160.6030 	EXP 	unnamed TextStim: text = '↓'
162.3266 	DATA 	Keypress: down
162.3363 	EXP 	unnamed TextStim: height = 25.0
162.3363 	EXP 	unnamed TextStim: height = 25.0
162.3363 	EXP 	unnamed TextStim: height = 25.0
162.3363 	EXP 	unnamed TextStim: text = '→'
163.9871 	DATA 	Keypress: right
164.0032 	EXP 	unnamed TextStim: height = 25.0
164.0032 	EXP 	unnamed TextStim: height = 25.0
164.0032 	EXP 	unnamed TextStim: height = 25.0
164.0032 	EXP 	unnamed TextStim: text = '←'
165.3372 	DATA 	Keypress: left
165.3534 	EXP 	unnamed TextStim: height = 25.0
165.3534 	EXP 	unnamed TextStim: height = 25.0
165.3534 	EXP 	unnamed TextStim: height = 25.0
165.3534 	EXP 	unnamed TextStim: text = '→'
166.8556 	DATA 	Keypress: right
166.8867 	EXP 	unnamed TextStim: height = 25.0
166.8867 	EXP 	unnamed TextStim: height = 25.0
166.8867 	EXP 	unnamed TextStim: height = 25.0
166.8867 	EXP 	unnamed TextStim: text = '↓'
168.3871 	DATA 	Keypress: down
168.4034 	EXP 	unnamed TextStim: height = 25.0
168.4034 	EXP 	unnamed TextStim: height = 25.0
168.4034 	EXP 	unnamed TextStim: height = 25.0
168.4034 	EXP 	unnamed TextStim: text = '→'
170.1039 	DATA 	Keypress: right
170.1201 	EXP 	unnamed TextStim: height = 25.0
170.1201 	EXP 	unnamed TextStim: height = 25.0
170.1201 	EXP 	unnamed TextStim: height = 25.0
170.1201 	EXP 	unnamed TextStim: text = '↓'
171.7892 	DATA 	Keypress: down
171.8203 	EXP 	unnamed TextStim: height = 25.0
171.8203 	EXP 	unnamed TextStim: height = 25.0
171.8203 	EXP 	unnamed TextStim: height = 25.0
171.8203 	EXP 	unnamed TextStim: text = '↑'
173.4890 	DATA 	Keypress: up
173.6586 	EXP 	Created unnamed ImageStim = ImageStim(__class__=<class 'psychopy.visual.image.ImageStim'>, anchor=('center', 'center'), autoLog=True, color=array([1., 1., 1.]), colorSpace='rgb', contrast=1.0, depth=0, flipHoriz=False, flipVert=False, image='break.jpg', interpolate=True, mask=None, maskParams=None, name='unnamed ImageStim', opacity=1.0, ori=0.0, pos=array([0., 0.]), size=array([1536.,  864.]), texRes=128, units='pix', win=Window(...))
174.2130 	DATA 	Keypress: space
174.2201 	EXP 	unnamed TextStim: height = 25.0
174.2201 	EXP 	unnamed TextStim: height = 25.0
174.2201 	EXP 	unnamed TextStim: height = 25.0
174.2201 	EXP 	unnamed TextStim: text = '←'
175.7580 	DATA 	Keypress: left
175.7703 	EXP 	unnamed TextStim: height = 25.0
175.7703 	EXP 	unnamed TextStim: height = 25.0
175.7703 	EXP 	unnamed TextStim: height = 25.0
175.7703 	EXP 	unnamed TextStim: text = '↑'
177.4704 	EXP 	unnamed TextStim: text = '↑'
177.4717 	DATA 	Keypress: up
179.0376 	DATA 	Keypress: up
179.0537 	EXP 	unnamed TextStim: height = 25.0
179.0537 	EXP 	unnamed TextStim: height = 25.0
179.0537 	EXP 	unnamed TextStim: height = 25.0
179.0537 	EXP 	unnamed TextStim: text = '→'
180.7377 	DATA 	Keypress: right
180.7539 	EXP 	unnamed TextStim: height = 25.0
180.7539 	EXP 	unnamed TextStim: height = 25.0
180.7539 	EXP 	unnamed TextStim: height = 25.0
180.7539 	EXP 	unnamed TextStim: text = '↓'
182.2542 	DATA 	Keypress: down
182.2706 	EXP 	unnamed TextStim: text = '↓'
182.4551 	DATA 	Keypress: down
183.6711 	DATA 	Keypress: down
183.6873 	EXP 	unnamed TextStim: text = '↓'
185.2044 	DATA 	Keypress: down
185.2207 	EXP 	unnamed TextStim: height = 25.0
185.2207 	EXP 	unnamed TextStim: height = 25.0
185.2207 	EXP 	unnamed TextStim: height = 25.0
185.2207 	EXP 	unnamed TextStim: text = '←'
186.6713 	DATA 	Keypress: left
186.6874 	EXP 	unnamed TextStim: height = 25.0
186.6874 	EXP 	unnamed TextStim: height = 25.0
186.6874 	EXP 	unnamed TextStim: height = 25.0
186.6874 	EXP 	unnamed TextStim: text = '↓'
188.2061 	DATA 	Keypress: down
188.2375 	EXP 	unnamed TextStim: height = 25.0
188.2375 	EXP 	unnamed TextStim: height = 25.0
188.2375 	EXP 	unnamed TextStim: height = 25.0
188.2375 	EXP 	unnamed TextStim: text = '←'
189.8061 	DATA 	Keypress: left
189.8375 	EXP 	unnamed TextStim: text = '←'
191.3393 	DATA 	Keypress: left
191.3709 	EXP 	unnamed TextStim: text = '←'
193.1877 	EXP 	unnamed TextStim: height = 25.0
193.1877 	EXP 	unnamed TextStim: height = 25.0
193.1877 	EXP 	unnamed TextStim: height = 25.0
193.1877 	EXP 	unnamed TextStim: text = '→'
193.3054 	DATA 	Keypress: left
194.8549 	DATA 	Keypress: left
194.8711 	EXP 	unnamed TextStim: height = 25.0
194.8711 	EXP 	unnamed TextStim: height = 25.0
194.8711 	EXP 	unnamed TextStim: height = 25.0
194.8711 	EXP 	unnamed TextStim: text = '←'
196.6084 	DATA 	Keypress: left
196.6211 	EXP 	unnamed TextStim: height = 25.0
196.6211 	EXP 	unnamed TextStim: height = 25.0
196.6211 	EXP 	unnamed TextStim: height = 25.0
196.6211 	EXP 	unnamed TextStim: text = '↑'
198.0716 	DATA 	Keypress: up
198.0878 	EXP 	unnamed TextStim: height = 25.0
198.0878 	EXP 	unnamed TextStim: height = 25.0
198.0878 	EXP 	unnamed TextStim: height = 25.0
198.0878 	EXP 	unnamed TextStim: text = '←'
199.8046 	EXP 	unnamed TextStim: height = 25.0
199.8046 	EXP 	unnamed TextStim: height = 25.0
199.8046 	EXP 	unnamed TextStim: height = 25.0
199.8046 	EXP 	unnamed TextStim: text = '↑'
199.8724 	DATA 	Keypress: left
201.3550 	DATA 	Keypress: up
201.3714 	EXP 	unnamed TextStim: height = 25.0
201.3714 	EXP 	unnamed TextStim: height = 25.0
201.3714 	EXP 	unnamed TextStim: height = 25.0
201.3714 	EXP 	unnamed TextStim: text = '→'
203.1714 	EXP 	unnamed TextStim: height = 25.0
203.1714 	EXP 	unnamed TextStim: height = 25.0
203.1714 	EXP 	unnamed TextStim: height = 25.0
203.1714 	EXP 	unnamed TextStim: text = '↓'
203.3226 	DATA 	Keypress: right
204.6052 	DATA 	Keypress: down
204.7556 	EXP 	Created unnamed ImageStim = ImageStim(__class__=<class 'psychopy.visual.image.ImageStim'>, anchor=('center', 'center'), autoLog=True, color=array([1., 1., 1.]), colorSpace='rgb', contrast=1.0, depth=0, flipHoriz=False, flipVert=False, image='break.jpg', interpolate=True, mask=None, maskParams=None, name='unnamed ImageStim', opacity=1.0, ori=0.0, pos=array([0., 0.]), size=array([1536.,  864.]), texRes=128, units='pix', win=Window(...))
205.4716 	DATA 	Keypress: space
205.4880 	EXP 	unnamed TextStim: height = 25.0
205.4880 	EXP 	unnamed TextStim: height = 25.0
205.4880 	EXP 	unnamed TextStim: height = 25.0
205.4880 	EXP 	unnamed TextStim: text = '→'
207.3054 	DATA 	Keypress: right
207.3216 	EXP 	unnamed TextStim: text = '→'
208.6887 	DATA 	Keypress: right
208.7049 	EXP 	unnamed TextStim: text = '→'
210.2055 	DATA 	Keypress: right
210.2217 	EXP 	unnamed TextStim: height = 25.0
210.2217 	EXP 	unnamed TextStim: height = 25.0
210.2217 	EXP 	unnamed TextStim: height = 25.0
210.2217 	EXP 	unnamed TextStim: text = '↓'
211.6555 	DATA 	Keypress: down
211.6716 	EXP 	unnamed TextStim: text = '↓'
213.2389 	DATA 	Keypress: down
213.2551 	EXP 	unnamed TextStim: height = 25.0
213.2551 	EXP 	unnamed TextStim: height = 25.0
213.2551 	EXP 	unnamed TextStim: height = 25.0
213.2551 	EXP 	unnamed TextStim: text = '←'
214.9891 	DATA 	Keypress: left
215.0052 	EXP 	unnamed TextStim: height = 25.0
215.0052 	EXP 	unnamed TextStim: height = 25.0
215.0052 	EXP 	unnamed TextStim: height = 25.0
215.0052 	EXP 	unnamed TextStim: text = '↓'
216.5057 	DATA 	Keypress: down
216.5219 	EXP 	unnamed TextStim: height = 25.0
216.5219 	EXP 	unnamed TextStim: height = 25.0
216.5219 	EXP 	unnamed TextStim: height = 25.0
216.5219 	EXP 	unnamed TextStim: text = '←'
218.0057 	DATA 	Keypress: left
218.0218 	EXP 	unnamed TextStim: height = 25.0
218.0218 	EXP 	unnamed TextStim: height = 25.0
218.0218 	EXP 	unnamed TextStim: height = 25.0
218.0218 	EXP 	unnamed TextStim: text = '→'
219.5557 	DATA 	Keypress: right
219.5718 	EXP 	unnamed TextStim: height = 25.0
219.5718 	EXP 	unnamed TextStim: height = 25.0
219.5718 	EXP 	unnamed TextStim: height = 25.0
219.5718 	EXP 	unnamed TextStim: text = '↑'
221.2056 	DATA 	Keypress: up
221.2219 	EXP 	unnamed TextStim: height = 25.0
221.2219 	EXP 	unnamed TextStim: height = 25.0
221.2219 	EXP 	unnamed TextStim: height = 25.0
221.2219 	EXP 	unnamed TextStim: text = '↓'
222.7059 	DATA 	Keypress: down
222.7221 	EXP 	unnamed TextStim: height = 25.0
222.7221 	EXP 	unnamed TextStim: height = 25.0
222.7221 	EXP 	unnamed TextStim: height = 25.0
222.7221 	EXP 	unnamed TextStim: text = '→'
224.1561 	DATA 	Keypress: right
224.1722 	EXP 	unnamed TextStim: text = '→'
225.6227 	DATA 	Keypress: right
225.6388 	EXP 	unnamed TextStim: height = 25.0
225.6388 	EXP 	unnamed TextStim: height = 25.0
225.6388 	EXP 	unnamed TextStim: height = 25.0
225.6388 	EXP 	unnamed TextStim: text = '↑'
227.1911 	DATA 	Keypress: up
227.2223 	EXP 	unnamed TextStim: height = 25.0
227.2223 	EXP 	unnamed TextStim: height = 25.0
227.2223 	EXP 	unnamed TextStim: height = 25.0
227.2223 	EXP 	unnamed TextStim: text = '→'
228.8239 	DATA 	Keypress: right
228.8553 	EXP 	unnamed TextStim: text = '→'
230.4895 	DATA 	Keypress: right
230.5057 	EXP 	unnamed TextStim: text = '→'
232.0896 	DATA 	Keypress: right
232.1058 	EXP 	unnamed TextStim: height = 25.0
232.1058 	EXP 	unnamed TextStim: height = 25.0
232.1058 	EXP 	unnamed TextStim: height = 25.0
232.1058 	EXP 	unnamed TextStim: text = '↓'
233.8065 	DATA 	Keypress: down
233.8226 	EXP 	unnamed TextStim: text = '↓'
235.1247 	DATA 	Keypress: down
235.2987 	EXP 	Created unnamed ImageStim = ImageStim(__class__=<class 'psychopy.visual.image.ImageStim'>, anchor=('center', 'center'), autoLog=True, color=array([1., 1., 1.]), colorSpace='rgb', contrast=1.0, depth=0, flipHoriz=False, flipVert=False, image='break.jpg', interpolate=True, mask=None, maskParams=None, name='unnamed ImageStim', opacity=1.0, ori=0.0, pos=array([0., 0.]), size=array([1536.,  864.]), texRes=128, units='pix', win=Window(...))
235.9230 	DATA 	Keypress: space
235.9388 	EXP 	unnamed TextStim: height = 25.0
235.9388 	EXP 	unnamed TextStim: height = 25.0
235.9388 	EXP 	unnamed TextStim: height = 25.0
235.9388 	EXP 	unnamed TextStim: text = '↑'
237.5068 	DATA 	Keypress: up
237.5226 	EXP 	unnamed TextStim: height = 25.0
237.5226 	EXP 	unnamed TextStim: height = 25.0
237.5226 	EXP 	unnamed TextStim: height = 25.0
237.5226 	EXP 	unnamed TextStim: text = '→'
238.9066 	DATA 	Keypress: right
238.9228 	EXP 	unnamed TextStim: height = 25.0
238.9228 	EXP 	unnamed TextStim: height = 25.0
238.9228 	EXP 	unnamed TextStim: height = 25.0
238.9228 	EXP 	unnamed TextStim: text = '←'
240.5400 	DATA 	Keypress: left
240.5562 	EXP 	unnamed TextStim: height = 25.0
240.5562 	EXP 	unnamed TextStim: height = 25.0
240.5562 	EXP 	unnamed TextStim: height = 25.0
240.5562 	EXP 	unnamed TextStim: text = '↑'
241.9734 	DATA 	Keypress: up
241.9894 	EXP 	unnamed TextStim: height = 25.0
241.9894 	EXP 	unnamed TextStim: height = 25.0
241.9894 	EXP 	unnamed TextStim: height = 25.0
241.9894 	EXP 	unnamed TextStim: text = '→'
243.5734 	DATA 	Keypress: right
243.5895 	EXP 	unnamed TextStim: height = 25.0
243.5895 	EXP 	unnamed TextStim: height = 25.0
243.5895 	EXP 	unnamed TextStim: height = 25.0
243.5895 	EXP 	unnamed TextStim: text = '↓'
244.9397 	DATA 	Keypress: down
244.9563 	EXP 	unnamed TextStim: height = 25.0
244.9563 	EXP 	unnamed TextStim: height = 25.0
244.9563 	EXP 	unnamed TextStim: height = 25.0
244.9563 	EXP 	unnamed TextStim: text = '←'
246.4569 	DATA 	Keypress: left
246.4731 	EXP 	unnamed TextStim: height = 25.0
246.4731 	EXP 	unnamed TextStim: height = 25.0
246.4731 	EXP 	unnamed TextStim: height = 25.0
246.4731 	EXP 	unnamed TextStim: text = '↓'
247.8569 	DATA 	Keypress: down
247.8731 	EXP 	unnamed TextStim: height = 25.0
247.8731 	EXP 	unnamed TextStim: height = 25.0
247.8731 	EXP 	unnamed TextStim: height = 25.0
247.8731 	EXP 	unnamed TextStim: text = '→'
249.4068 	DATA 	Keypress: left
249.4231 	EXP 	unnamed TextStim: height = 25.0
249.4231 	EXP 	unnamed TextStim: height = 25.0
249.4231 	EXP 	unnamed TextStim: height = 25.0
249.4231 	EXP 	unnamed TextStim: text = '↑'
249.5575 	DATA 	Keypress: right
250.7903 	DATA 	Keypress: up
250.8065 	EXP 	unnamed TextStim: height = 25.0
250.8065 	EXP 	unnamed TextStim: height = 25.0
250.8065 	EXP 	unnamed TextStim: height = 25.0
250.8065 	EXP 	unnamed TextStim: text = '→'
252.3903 	DATA 	Keypress: right
252.4065 	EXP 	unnamed TextStim: height = 25.0
252.4065 	EXP 	unnamed TextStim: height = 25.0
252.4065 	EXP 	unnamed TextStim: height = 25.0
252.4065 	EXP 	unnamed TextStim: text = '←'
253.9738 	DATA 	Keypress: left
253.9900 	EXP 	unnamed TextStim: height = 25.0
253.9900 	EXP 	unnamed TextStim: height = 25.0
253.9900 	EXP 	unnamed TextStim: height = 25.0
253.9900 	EXP 	unnamed TextStim: text = '→'
255.5254 	DATA 	Keypress: right
255.5565 	EXP 	unnamed TextStim: height = 25.0
255.5565 	EXP 	unnamed TextStim: height = 25.0
255.5565 	EXP 	unnamed TextStim: height = 25.0
255.5565 	EXP 	unnamed TextStim: text = '←'
257.1406 	DATA 	Keypress: left
257.1567 	EXP 	unnamed TextStim: height = 25.0
257.1567 	EXP 	unnamed TextStim: height = 25.0
257.1567 	EXP 	unnamed TextStim: height = 25.0
257.1567 	EXP 	unnamed TextStim: text = '→'
258.7256 	DATA 	Keypress: right
258.7568 	EXP 	unnamed TextStim: height = 25.0
258.7568 	EXP 	unnamed TextStim: height = 25.0
258.7568 	EXP 	unnamed TextStim: height = 25.0
258.7568 	EXP 	unnamed TextStim: text = '←'
260.3907 	DATA 	Keypress: left
260.4069 	EXP 	unnamed TextStim: height = 25.0
260.4069 	EXP 	unnamed TextStim: height = 25.0
260.4069 	EXP 	unnamed TextStim: height = 25.0
260.4069 	EXP 	unnamed TextStim: text = '↓'
261.9738 	DATA 	Keypress: down
261.9903 	EXP 	unnamed TextStim: height = 25.0
261.9903 	EXP 	unnamed TextStim: height = 25.0
261.9903 	EXP 	unnamed TextStim: height = 25.0
261.9903 	EXP 	unnamed TextStim: text = '→'
263.4575 	DATA 	Keypress: right
263.4737 	EXP 	unnamed TextStim: text = '→'
265.2742 	DATA 	Keypress: right
265.4285 	EXP 	Created unnamed ImageStim = ImageStim(__class__=<class 'psychopy.visual.image.ImageStim'>, anchor=('center', 'center'), autoLog=True, color=array([1., 1., 1.]), colorSpace='rgb', contrast=1.0, depth=0, flipHoriz=False, flipVert=False, image='break.jpg', interpolate=True, mask=None, maskParams=None, name='unnamed ImageStim', opacity=1.0, ori=0.0, pos=array([0., 0.]), size=array([1536.,  864.]), texRes=128, units='pix', win=Window(...))
266.0332 	DATA 	Keypress: space
266.0403 	EXP 	unnamed TextStim: height = 25.0
266.0403 	EXP 	unnamed TextStim: height = 25.0
266.0403 	EXP 	unnamed TextStim: height = 25.0
266.0403 	EXP 	unnamed TextStim: text = '←'
267.3910 	DATA 	Keypress: left
267.4071 	EXP 	unnamed TextStim: height = 25.0
267.4071 	EXP 	unnamed TextStim: height = 25.0
267.4071 	EXP 	unnamed TextStim: height = 25.0
267.4071 	EXP 	unnamed TextStim: text = '↑'
268.9410 	DATA 	Keypress: up
268.9571 	EXP 	unnamed TextStim: height = 25.0
268.9571 	EXP 	unnamed TextStim: height = 25.0
268.9571 	EXP 	unnamed TextStim: height = 25.0
268.9571 	EXP 	unnamed TextStim: text = '←'
270.5911 	DATA 	Keypress: left
270.6072 	EXP 	unnamed TextStim: height = 25.0
270.6072 	EXP 	unnamed TextStim: height = 25.0
270.6072 	EXP 	unnamed TextStim: height = 25.0
270.6072 	EXP 	unnamed TextStim: text = '→'
272.3411 	DATA 	Keypress: right
272.3572 	EXP 	unnamed TextStim: height = 25.0
272.3572 	EXP 	unnamed TextStim: height = 25.0
272.3572 	EXP 	unnamed TextStim: height = 25.0
272.3572 	EXP 	unnamed TextStim: text = '↓'
274.0261 	DATA 	Keypress: down
274.0574 	EXP 	unnamed TextStim: height = 25.0
274.0574 	EXP 	unnamed TextStim: height = 25.0
274.0574 	EXP 	unnamed TextStim: height = 25.0
274.0574 	EXP 	unnamed TextStim: text = '→'
275.5745 	DATA 	Keypress: right
275.5906 	EXP 	unnamed TextStim: text = '→'
277.0745 	DATA 	Keypress: right
277.0908 	EXP 	unnamed TextStim: text = '→'
278.7581 	DATA 	Keypress: right
278.7743 	EXP 	unnamed TextStim: text = '→'
280.2746 	DATA 	Keypress: right
280.2909 	EXP 	unnamed TextStim: height = 25.0
280.2909 	EXP 	unnamed TextStim: height = 25.0
280.2909 	EXP 	unnamed TextStim: height = 25.0
280.2909 	EXP 	unnamed TextStim: text = '↓'
281.9747 	DATA 	Keypress: down
281.9911 	EXP 	unnamed TextStim: height = 25.0
281.9911 	EXP 	unnamed TextStim: height = 25.0
281.9911 	EXP 	unnamed TextStim: height = 25.0
281.9911 	EXP 	unnamed TextStim: text = '→'
283.6597 	DATA 	Keypress: right
283.6911 	EXP 	unnamed TextStim: height = 25.0
283.6911 	EXP 	unnamed TextStim: height = 25.0
283.6911 	EXP 	unnamed TextStim: height = 25.0
283.6911 	EXP 	unnamed TextStim: text = '↑'
285.3100 	DATA 	Keypress: up
285.3412 	EXP 	unnamed TextStim: text = '↑'
287.0417 	DATA 	Keypress: up
287.0578 	EXP 	unnamed TextStim: height = 25.0
287.0578 	EXP 	unnamed TextStim: height = 25.0
287.0578 	EXP 	unnamed TextStim: height = 25.0
287.0578 	EXP 	unnamed TextStim: text = '↓'
288.5084 	DATA 	Keypress: down
288.5246 	EXP 	unnamed TextStim: text = '↓'
290.2918 	DATA 	Keypress: down
290.3080 	EXP 	unnamed TextStim: height = 25.0
290.3080 	EXP 	unnamed TextStim: height = 25.0
290.3080 	EXP 	unnamed TextStim: height = 25.0
290.3080 	EXP 	unnamed TextStim: text = '←'
291.8418 	DATA 	Keypress: left
291.8580 	EXP 	unnamed TextStim: text = '←'
293.3586 	DATA 	Keypress: left
293.3747 	EXP 	unnamed TextStim: text = '←'
294.8919 	DATA 	Keypress: right
294.9081 	EXP 	unnamed TextStim: height = 25.0
294.9081 	EXP 	unnamed TextStim: height = 25.0
294.9081 	EXP 	unnamed TextStim: height = 25.0
294.9081 	EXP 	unnamed TextStim: text = '→'
296.4253 	DATA 	Keypress: right
296.5785 	EXP 	Created unnamed ImageStim = ImageStim(__class__=<class 'psychopy.visual.image.ImageStim'>, anchor=('center', 'center'), autoLog=True, color=array([1., 1., 1.]), colorSpace='rgb', contrast=1.0, depth=0, flipHoriz=False, flipVert=False, image='break.jpg', interpolate=True, mask=None, maskParams=None, name='unnamed ImageStim', opacity=1.0, ori=0.0, pos=array([0., 0.]), size=array([1536.,  864.]), texRes=128, units='pix', win=Window(...))
297.1542 	DATA 	Keypress: space
297.1581 	EXP 	unnamed TextStim: height = 25.0
297.1581 	EXP 	unnamed TextStim: height = 25.0
297.1581 	EXP 	unnamed TextStim: height = 25.0
297.1581 	EXP 	unnamed TextStim: text = '↓'
298.5922 	DATA 	Keypress: down
298.6082 	EXP 	unnamed TextStim: height = 25.0
298.6082 	EXP 	unnamed TextStim: height = 25.0
298.6082 	EXP 	unnamed TextStim: height = 25.0
298.6082 	EXP 	unnamed TextStim: text = '→'
300.0588 	DATA 	Keypress: right
300.0750 	EXP 	unnamed TextStim: height = 25.0
300.0750 	EXP 	unnamed TextStim: height = 25.0
300.0750 	EXP 	unnamed TextStim: height = 25.0
300.0750 	EXP 	unnamed TextStim: text = '↑'
301.9084 	EXP 	unnamed TextStim: height = 25.0
301.9084 	EXP 	unnamed TextStim: height = 25.0
301.9084 	EXP 	unnamed TextStim: height = 25.0
301.9084 	EXP 	unnamed TextStim: text = '→'
301.9264 	DATA 	Keypress: up
303.4923 	DATA 	Keypress: right
303.5085 	EXP 	unnamed TextStim: height = 25.0
303.5085 	EXP 	unnamed TextStim: height = 25.0
303.5085 	EXP 	unnamed TextStim: height = 25.0
303.5085 	EXP 	unnamed TextStim: text = '↑'
305.1272 	DATA 	Keypress: up
305.1585 	EXP 	unnamed TextStim: height = 25.0
305.1585 	EXP 	unnamed TextStim: height = 25.0
305.1585 	EXP 	unnamed TextStim: height = 25.0
305.1585 	EXP 	unnamed TextStim: text = '←'
306.7433 	DATA 	Keypress: left
306.7586 	EXP 	unnamed TextStim: height = 25.0
306.7586 	EXP 	unnamed TextStim: height = 25.0
306.7586 	EXP 	unnamed TextStim: height = 25.0
306.7586 	EXP 	unnamed TextStim: text = '↓'
308.4925 	DATA 	Keypress: down
308.5087 	EXP 	unnamed TextStim: height = 25.0
308.5087 	EXP 	unnamed TextStim: height = 25.0
308.5087 	EXP 	unnamed TextStim: height = 25.0
308.5087 	EXP 	unnamed TextStim: text = '→'
310.0759 	DATA 	Keypress: right
310.0920 	EXP 	unnamed TextStim: text = '→'
311.7427 	DATA 	Keypress: right
311.7587 	EXP 	unnamed TextStim: height = 25.0
311.7587 	EXP 	unnamed TextStim: height = 25.0
311.7587 	EXP 	unnamed TextStim: height = 25.0
311.7587 	EXP 	unnamed TextStim: text = '↓'
313.2593 	DATA 	Keypress: down
313.2755 	EXP 	unnamed TextStim: height = 25.0
313.2755 	EXP 	unnamed TextStim: height = 25.0
313.2755 	EXP 	unnamed TextStim: height = 25.0
313.2755 	EXP 	unnamed TextStim: text = '↑'
314.7591 	DATA 	Keypress: up
314.7755 	EXP 	unnamed TextStim: height = 25.0
314.7755 	EXP 	unnamed TextStim: height = 25.0
314.7755 	EXP 	unnamed TextStim: height = 25.0
314.7755 	EXP 	unnamed TextStim: text = '→'
316.1261 	DATA 	Keypress: right
316.1423 	EXP 	unnamed TextStim: height = 25.0
316.1423 	EXP 	unnamed TextStim: height = 25.0
316.1423 	EXP 	unnamed TextStim: height = 25.0
316.1423 	EXP 	unnamed TextStim: text = '←'
317.6094 	DATA 	Keypress: right
317.6257 	EXP 	unnamed TextStim: text = '←'
319.0596 	DATA 	Keypress: left
319.0757 	EXP 	unnamed TextStim: text = '←'
320.6595 	DATA 	Keypress: left
320.6757 	EXP 	unnamed TextStim: height = 25.0
320.6757 	EXP 	unnamed TextStim: height = 25.0
320.6757 	EXP 	unnamed TextStim: height = 25.0
320.6757 	EXP 	unnamed TextStim: text = '↑'
322.2927 	DATA 	Keypress: up
322.3091 	EXP 	unnamed TextStim: text = '↑'
323.7098 	DATA 	Keypress: up
323.7260 	EXP 	unnamed TextStim: height = 25.0
323.7260 	EXP 	unnamed TextStim: height = 25.0
323.7260 	EXP 	unnamed TextStim: height = 25.0
323.7260 	EXP 	unnamed TextStim: text = '↓'
325.4931 	DATA 	Keypress: down
325.5093 	EXP 	unnamed TextStim: height = 25.0
325.5093 	EXP 	unnamed TextStim: height = 25.0
325.5093 	EXP 	unnamed TextStim: height = 25.0
325.5093 	EXP 	unnamed TextStim: text = '→'
327.0596 	DATA 	Keypress: right
327.2105 	EXP 	Created unnamed ImageStim = ImageStim(__class__=<class 'psychopy.visual.image.ImageStim'>, anchor=('center', 'center'), autoLog=True, color=array([1., 1., 1.]), colorSpace='rgb', contrast=1.0, depth=0, flipHoriz=False, flipVert=False, image='break.jpg', interpolate=True, mask=None, maskParams=None, name='unnamed ImageStim', opacity=1.0, ori=0.0, pos=array([0., 0.]), size=array([1536.,  864.]), texRes=128, units='pix', win=Window(...))
327.7521 	DATA 	Keypress: space
327.7590 	EXP 	unnamed TextStim: height = 25.0
327.7590 	EXP 	unnamed TextStim: height = 25.0
327.7590 	EXP 	unnamed TextStim: height = 25.0
327.7590 	EXP 	unnamed TextStim: text = '←'
329.2932 	DATA 	Keypress: left
329.3095 	EXP 	unnamed TextStim: text = '←'
330.7765 	DATA 	Keypress: left
330.7927 	EXP 	unnamed TextStim: height = 25.0
330.7927 	EXP 	unnamed TextStim: height = 25.0
330.7927 	EXP 	unnamed TextStim: height = 25.0
330.7927 	EXP 	unnamed TextStim: text = '↓'
332.1768 	DATA 	Keypress: down
332.1929 	EXP 	unnamed TextStim: height = 25.0
332.1929 	EXP 	unnamed TextStim: height = 25.0
332.1929 	EXP 	unnamed TextStim: height = 25.0
332.1929 	EXP 	unnamed TextStim: text = '↑'
333.7267 	DATA 	Keypress: up
333.7430 	EXP 	unnamed TextStim: height = 25.0
333.7430 	EXP 	unnamed TextStim: height = 25.0
333.7430 	EXP 	unnamed TextStim: height = 25.0
333.7430 	EXP 	unnamed TextStim: text = '↓'
335.3269 	DATA 	Keypress: down
335.3431 	EXP 	unnamed TextStim: text = '↓'
336.6602 	DATA 	Keypress: down
336.6764 	EXP 	unnamed TextStim: height = 25.0
336.6764 	EXP 	unnamed TextStim: height = 25.0
336.6764 	EXP 	unnamed TextStim: height = 25.0
336.6764 	EXP 	unnamed TextStim: text = '↑'
338.0602 	DATA 	Keypress: up
338.0764 	EXP 	unnamed TextStim: height = 25.0
338.0764 	EXP 	unnamed TextStim: height = 25.0
338.0764 	EXP 	unnamed TextStim: height = 25.0
338.0764 	EXP 	unnamed TextStim: text = '←'
339.7102 	DATA 	Keypress: left
339.7265 	EXP 	unnamed TextStim: height = 25.0
339.7265 	EXP 	unnamed TextStim: height = 25.0
339.7265 	EXP 	unnamed TextStim: height = 25.0
339.7265 	EXP 	unnamed TextStim: text = '↑'
341.3436 	DATA 	Keypress: up
341.3600 	EXP 	unnamed TextStim: height = 25.0
341.3600 	EXP 	unnamed TextStim: height = 25.0
341.3600 	EXP 	unnamed TextStim: height = 25.0
341.3600 	EXP 	unnamed TextStim: text = '↓'
342.8772 	DATA 	Keypress: down
342.8933 	EXP 	unnamed TextStim: height = 25.0
342.8933 	EXP 	unnamed TextStim: height = 25.0
342.8933 	EXP 	unnamed TextStim: height = 25.0
342.8933 	EXP 	unnamed TextStim: text = '←'
344.4105 	DATA 	Keypress: left
344.4266 	EXP 	unnamed TextStim: height = 25.0
344.4266 	EXP 	unnamed TextStim: height = 25.0
344.4266 	EXP 	unnamed TextStim: height = 25.0
344.4266 	EXP 	unnamed TextStim: text = '→'
346.0607 	DATA 	Keypress: right
346.0767 	EXP 	unnamed TextStim: text = '→'
347.8105 	DATA 	Keypress: right
347.8268 	EXP 	unnamed TextStim: height = 25.0
347.8268 	EXP 	unnamed TextStim: height = 25.0
347.8268 	EXP 	unnamed TextStim: height = 25.0
347.8268 	EXP 	unnamed TextStim: text = '↓'
349.2436 	DATA 	Keypress: down
349.2600 	EXP 	unnamed TextStim: height = 25.0
349.2600 	EXP 	unnamed TextStim: height = 25.0
349.2600 	EXP 	unnamed TextStim: height = 25.0
349.2600 	EXP 	unnamed TextStim: text = '←'
350.6774 	DATA 	Keypress: left
350.6936 	EXP 	unnamed TextStim: height = 25.0
350.6936 	EXP 	unnamed TextStim: height = 25.0
350.6936 	EXP 	unnamed TextStim: height = 25.0
350.6936 	EXP 	unnamed TextStim: text = '↑'
352.0608 	DATA 	Keypress: up
352.0769 	EXP 	unnamed TextStim: height = 25.0
352.0769 	EXP 	unnamed TextStim: height = 25.0
352.0769 	EXP 	unnamed TextStim: height = 25.0
352.0769 	EXP 	unnamed TextStim: text = '←'
353.4608 	DATA 	Keypress: left
353.4770 	EXP 	unnamed TextStim: height = 25.0
353.4770 	EXP 	unnamed TextStim: height = 25.0
353.4770 	EXP 	unnamed TextStim: height = 25.0
353.4770 	EXP 	unnamed TextStim: text = '↓'
355.2943 	DATA 	Keypress: down
355.3105 	EXP 	unnamed TextStim: height = 25.0
355.3105 	EXP 	unnamed TextStim: height = 25.0
355.3105 	EXP 	unnamed TextStim: height = 25.0
355.3105 	EXP 	unnamed TextStim: text = '→'
356.8107 	DATA 	Keypress: right
356.9647 	EXP 	Created unnamed ImageStim = ImageStim(__class__=<class 'psychopy.visual.image.ImageStim'>, anchor=('center', 'center'), autoLog=True, color=array([1., 1., 1.]), colorSpace='rgb', contrast=1.0, depth=0, flipHoriz=False, flipVert=False, image='break.jpg', interpolate=True, mask=None, maskParams=None, name='unnamed ImageStim', opacity=1.0, ori=0.0, pos=array([0., 0.]), size=array([1536.,  864.]), texRes=128, units='pix', win=Window(...))
357.5729 	DATA 	Keypress: space
357.5770 	EXP 	unnamed TextStim: text = '→'
359.3778 	DATA 	Keypress: right
359.3939 	EXP 	unnamed TextStim: text = '→'
360.8444 	DATA 	Keypress: right
360.8606 	EXP 	unnamed TextStim: text = '→'
362.4444 	DATA 	Keypress: right
362.4607 	EXP 	unnamed TextStim: text = '→'
364.1113 	DATA 	Keypress: right
364.1274 	EXP 	unnamed TextStim: height = 25.0
364.1274 	EXP 	unnamed TextStim: height = 25.0
364.1274 	EXP 	unnamed TextStim: height = 25.0
364.1274 	EXP 	unnamed TextStim: text = '↑'
365.7280 	DATA 	Keypress: up
365.7441 	EXP 	unnamed TextStim: height = 25.0
365.7441 	EXP 	unnamed TextStim: height = 25.0
365.7441 	EXP 	unnamed TextStim: height = 25.0
365.7441 	EXP 	unnamed TextStim: text = '↓'
367.2279 	DATA 	Keypress: down
367.2442 	EXP 	unnamed TextStim: text = '↓'
368.8114 	DATA 	Keypress: down
368.8276 	EXP 	unnamed TextStim: text = '↓'
370.0780 	DATA 	Keypress: down
370.0944 	EXP 	unnamed TextStim: height = 25.0
370.0944 	EXP 	unnamed TextStim: height = 25.0
370.0944 	EXP 	unnamed TextStim: height = 25.0
370.0944 	EXP 	unnamed TextStim: text = '↑'
371.5453 	DATA 	Keypress: up
371.5611 	EXP 	unnamed TextStim: text = '↑'
373.1282 	DATA 	Keypress: down
373.1352 	DATA 	Keypress: up
373.1443 	EXP 	unnamed TextStim: height = 25.0
373.1443 	EXP 	unnamed TextStim: height = 25.0
373.1443 	EXP 	unnamed TextStim: height = 25.0
373.1443 	EXP 	unnamed TextStim: text = '↓'
374.7607 	EXP 	unnamed TextStim: height = 25.0
374.7607 	EXP 	unnamed TextStim: height = 25.0
374.7607 	EXP 	unnamed TextStim: height = 25.0
374.7607 	EXP 	unnamed TextStim: text = '→'
374.8119 	DATA 	Keypress: down
376.2113 	DATA 	Keypress: right
376.2275 	EXP 	unnamed TextStim: height = 25.0
376.2275 	EXP 	unnamed TextStim: height = 25.0
376.2275 	EXP 	unnamed TextStim: height = 25.0
376.2275 	EXP 	unnamed TextStim: text = '↑'
377.5286 	DATA 	Keypress: up
377.5447 	EXP 	unnamed TextStim: height = 25.0
377.5447 	EXP 	unnamed TextStim: height = 25.0
377.5447 	EXP 	unnamed TextStim: height = 25.0
377.5447 	EXP 	unnamed TextStim: text = '←'
379.3985 	DATA 	Keypress: left
379.4112 	EXP 	unnamed TextStim: height = 25.0
379.4112 	EXP 	unnamed TextStim: height = 25.0
379.4112 	EXP 	unnamed TextStim: height = 25.0
379.4112 	EXP 	unnamed TextStim: text = '→'
381.0453 	DATA 	Keypress: right
381.0615 	EXP 	unnamed TextStim: height = 25.0
381.0615 	EXP 	unnamed TextStim: height = 25.0
381.0615 	EXP 	unnamed TextStim: height = 25.0
381.0615 	EXP 	unnamed TextStim: text = '↓'
382.5286 	DATA 	Keypress: down
382.5448 	EXP 	unnamed TextStim: text = '↓'
383.9635 	DATA 	Keypress: down
383.9948 	EXP 	unnamed TextStim: height = 25.0
383.9948 	EXP 	unnamed TextStim: height = 25.0
383.9948 	EXP 	unnamed TextStim: height = 25.0
383.9948 	EXP 	unnamed TextStim: text = '↑'
385.3122 	DATA 	Keypress: up
385.3279 	EXP 	unnamed TextStim: height = 25.0
385.3279 	EXP 	unnamed TextStim: height = 25.0
385.3279 	EXP 	unnamed TextStim: height = 25.0
385.3279 	EXP 	unnamed TextStim: text = '←'
386.6453 	DATA 	Keypress: left
386.8047 	EXP 	Created unnamed ImageStim = ImageStim(__class__=<class 'psychopy.visual.image.ImageStim'>, anchor=('center', 'center'), autoLog=True, color=array([1., 1., 1.]), colorSpace='rgb', contrast=1.0, depth=0, flipHoriz=False, flipVert=False, image='break.jpg', interpolate=True, mask=None, maskParams=None, name='unnamed ImageStim', opacity=1.0, ori=0.0, pos=array([0., 0.]), size=array([1536.,  864.]), texRes=128, units='pix', win=Window(...))
387.3079 	DATA 	Keypress: space
387.3113 	EXP 	unnamed TextStim: height = 25.0
387.3113 	EXP 	unnamed TextStim: height = 25.0
387.3113 	EXP 	unnamed TextStim: height = 25.0
387.3113 	EXP 	unnamed TextStim: text = '↓'
388.7622 	DATA 	Keypress: down
388.7782 	EXP 	unnamed TextStim: height = 25.0
388.7782 	EXP 	unnamed TextStim: height = 25.0
388.7782 	EXP 	unnamed TextStim: height = 25.0
388.7782 	EXP 	unnamed TextStim: text = '←'
390.2307 	DATA 	Keypress: left
390.2617 	EXP 	unnamed TextStim: height = 25.0
390.2617 	EXP 	unnamed TextStim: height = 25.0
390.2617 	EXP 	unnamed TextStim: height = 25.0
390.2617 	EXP 	unnamed TextStim: text = '↓'
391.7972 	DATA 	Keypress: down
391.8285 	EXP 	unnamed TextStim: text = '↓'
393.2789 	DATA 	Keypress: down
393.2952 	EXP 	unnamed TextStim: text = '↓'
394.7289 	DATA 	Keypress: down
394.7452 	EXP 	unnamed TextStim: text = '↓'
396.4284 	EXP 	unnamed TextStim: height = 25.0
396.4284 	EXP 	unnamed TextStim: height = 25.0
396.4284 	EXP 	unnamed TextStim: height = 25.0
396.4284 	EXP 	unnamed TextStim: text = '→'
396.4296 	DATA 	Keypress: down
398.0809 	DATA 	Keypress: right
398.1121 	EXP 	unnamed TextStim: height = 25.0
398.1121 	EXP 	unnamed TextStim: height = 25.0
398.1121 	EXP 	unnamed TextStim: height = 25.0
398.1121 	EXP 	unnamed TextStim: text = '↓'
399.5626 	DATA 	Keypress: down
399.5788 	EXP 	unnamed TextStim: height = 25.0
399.5788 	EXP 	unnamed TextStim: height = 25.0
399.5788 	EXP 	unnamed TextStim: height = 25.0
399.5788 	EXP 	unnamed TextStim: text = '→'
401.1627 	DATA 	Keypress: right
401.1788 	EXP 	unnamed TextStim: height = 25.0
401.1788 	EXP 	unnamed TextStim: height = 25.0
401.1788 	EXP 	unnamed TextStim: height = 25.0
401.1788 	EXP 	unnamed TextStim: text = '←'
402.7794 	DATA 	Keypress: left
402.7956 	EXP 	unnamed TextStim: height = 25.0
402.7956 	EXP 	unnamed TextStim: height = 25.0
402.7956 	EXP 	unnamed TextStim: height = 25.0
402.7956 	EXP 	unnamed TextStim: text = '↑'
404.4128 	DATA 	Keypress: up
404.4286 	EXP 	unnamed TextStim: height = 25.0
404.4286 	EXP 	unnamed TextStim: height = 25.0
404.4286 	EXP 	unnamed TextStim: height = 25.0
404.4286 	EXP 	unnamed TextStim: text = '↓'
405.8147 	DATA 	Keypress: down
405.8456 	EXP 	unnamed TextStim: text = '↓'
407.4460 	DATA 	Keypress: down
407.4623 	EXP 	unnamed TextStim: text = '↓'
409.1129 	DATA 	Keypress: down
409.1291 	EXP 	unnamed TextStim: text = '↓'
410.6296 	DATA 	Keypress: down
410.6458 	EXP 	unnamed TextStim: height = 25.0
410.6458 	EXP 	unnamed TextStim: height = 25.0
410.6458 	EXP 	unnamed TextStim: height = 25.0
410.6458 	EXP 	unnamed TextStim: text = '→'
411.9465 	DATA 	Keypress: right
411.9626 	EXP 	unnamed TextStim: height = 25.0
411.9626 	EXP 	unnamed TextStim: height = 25.0
411.9626 	EXP 	unnamed TextStim: height = 25.0
411.9626 	EXP 	unnamed TextStim: text = '↓'
413.3299 	DATA 	Keypress: down
413.3460 	EXP 	unnamed TextStim: height = 25.0
413.3460 	EXP 	unnamed TextStim: height = 25.0
413.3460 	EXP 	unnamed TextStim: height = 25.0
413.3460 	EXP 	unnamed TextStim: text = '→'
414.5465 	DATA 	Keypress: right
414.5627 	EXP 	unnamed TextStim: text = '→'
415.8465 	DATA 	Keypress: right
416.0239 	EXP 	Created unnamed ImageStim = ImageStim(__class__=<class 'psychopy.visual.image.ImageStim'>, anchor=('center', 'center'), autoLog=True, color=array([1., 1., 1.]), colorSpace='rgb', contrast=1.0, depth=0, flipHoriz=False, flipVert=False, image='break.jpg', interpolate=True, mask=None, maskParams=None, name='unnamed ImageStim', opacity=1.0, ori=0.0, pos=array([0., 0.]), size=array([1536.,  864.]), texRes=128, units='pix', win=Window(...))
416.4839 	DATA 	Keypress: space
416.4959 	EXP 	unnamed TextStim: height = 25.0
416.4959 	EXP 	unnamed TextStim: height = 25.0
416.4959 	EXP 	unnamed TextStim: height = 25.0
416.4959 	EXP 	unnamed TextStim: text = '↑'
418.0800 	DATA 	Keypress: down
418.0961 	EXP 	unnamed TextStim: text = '↑'
419.8166 	DATA 	Keypress: up
419.8295 	EXP 	unnamed TextStim: height = 25.0
419.8295 	EXP 	unnamed TextStim: height = 25.0
419.8295 	EXP 	unnamed TextStim: height = 25.0
419.8295 	EXP 	unnamed TextStim: text = '←'
421.0967 	DATA 	Keypress: left
421.1129 	EXP 	unnamed TextStim: height = 25.0
421.1129 	EXP 	unnamed TextStim: height = 25.0
421.1129 	EXP 	unnamed TextStim: height = 25.0
421.1129 	EXP 	unnamed TextStim: text = '→'
422.3635 	DATA 	Keypress: right
422.3796 	EXP 	unnamed TextStim: height = 25.0
422.3796 	EXP 	unnamed TextStim: height = 25.0
422.3796 	EXP 	unnamed TextStim: height = 25.0
422.3796 	EXP 	unnamed TextStim: text = '←'
423.8967 	DATA 	Keypress: left
423.9131 	EXP 	unnamed TextStim: text = '←'
425.1817 	DATA 	Keypress: left
425.2129 	EXP 	unnamed TextStim: height = 25.0
425.2129 	EXP 	unnamed TextStim: height = 25.0
425.2129 	EXP 	unnamed TextStim: height = 25.0
425.2129 	EXP 	unnamed TextStim: text = '→'
426.6301 	DATA 	Keypress: right
426.6464 	EXP 	unnamed TextStim: height = 25.0
426.6464 	EXP 	unnamed TextStim: height = 25.0
426.6464 	EXP 	unnamed TextStim: height = 25.0
426.6464 	EXP 	unnamed TextStim: text = '↑'
428.2962 	EXP 	unnamed TextStim: height = 25.0
428.2962 	EXP 	unnamed TextStim: height = 25.0
428.2962 	EXP 	unnamed TextStim: height = 25.0
428.2962 	EXP 	unnamed TextStim: text = '→'
428.4310 	DATA 	Keypress: up
428.5143 	DATA 	Keypress: up
429.8470 	DATA 	Keypress: right
429.8632 	EXP 	unnamed TextStim: text = '→'
431.2471 	DATA 	Keypress: right
431.2633 	EXP 	unnamed TextStim: text = '→'
432.7638 	DATA 	Keypress: right
432.7799 	EXP 	unnamed TextStim: text = '→'
434.1974 	DATA 	Keypress: right
434.2135 	EXP 	unnamed TextStim: text = '→'
435.5140 	DATA 	Keypress: right
435.5302 	EXP 	unnamed TextStim: height = 25.0
435.5302 	EXP 	unnamed TextStim: height = 25.0
435.5302 	EXP 	unnamed TextStim: height = 25.0
435.5302 	EXP 	unnamed TextStim: text = '↑'
437.0975 	DATA 	Keypress: up
437.1134 	EXP 	unnamed TextStim: text = '↑'
437.2313 	DATA 	Keypress: up
438.6307 	DATA 	Keypress: up
438.6470 	EXP 	unnamed TextStim: height = 25.0
438.6470 	EXP 	unnamed TextStim: height = 25.0
438.6470 	EXP 	unnamed TextStim: height = 25.0
438.6470 	EXP 	unnamed TextStim: text = '←'
440.2141 	DATA 	Keypress: left
440.2303 	EXP 	unnamed TextStim: height = 25.0
440.2303 	EXP 	unnamed TextStim: height = 25.0
440.2303 	EXP 	unnamed TextStim: height = 25.0
440.2303 	EXP 	unnamed TextStim: text = '↓'
441.6143 	DATA 	Keypress: down
441.6303 	EXP 	unnamed TextStim: height = 25.0
441.6303 	EXP 	unnamed TextStim: height = 25.0
441.6303 	EXP 	unnamed TextStim: height = 25.0
441.6303 	EXP 	unnamed TextStim: text = '→'
443.1307 	DATA 	Keypress: right
443.1470 	EXP 	unnamed TextStim: height = 25.0
443.1470 	EXP 	unnamed TextStim: height = 25.0
443.1470 	EXP 	unnamed TextStim: height = 25.0
443.1470 	EXP 	unnamed TextStim: text = '←'
444.6309 	DATA 	Keypress: left
444.7937 	EXP 	Created unnamed ImageStim = ImageStim(__class__=<class 'psychopy.visual.image.ImageStim'>, anchor=('center', 'center'), autoLog=True, color=array([1., 1., 1.]), colorSpace='rgb', contrast=1.0, depth=0, flipHoriz=False, flipVert=False, image='break.jpg', interpolate=True, mask=None, maskParams=None, name='unnamed ImageStim', opacity=1.0, ori=0.0, pos=array([0., 0.]), size=array([1536.,  864.]), texRes=128, units='pix', win=Window(...))
445.2785 	DATA 	Keypress: space
445.2811 	EXP 	unnamed TextStim: height = 25.0
445.2811 	EXP 	unnamed TextStim: height = 25.0
445.2811 	EXP 	unnamed TextStim: height = 25.0
445.2811 	EXP 	unnamed TextStim: text = '→'
446.8978 	DATA 	Keypress: right
446.9139 	EXP 	unnamed TextStim: height = 25.0
446.9139 	EXP 	unnamed TextStim: height = 25.0
446.9139 	EXP 	unnamed TextStim: height = 25.0
446.9139 	EXP 	unnamed TextStim: text = '↓'
448.3159 	DATA 	Keypress: down
448.3471 	EXP 	unnamed TextStim: height = 25.0
448.3471 	EXP 	unnamed TextStim: height = 25.0
448.3471 	EXP 	unnamed TextStim: height = 25.0
448.3471 	EXP 	unnamed TextStim: text = '↑'
449.7143 	DATA 	Keypress: up
449.7306 	EXP 	unnamed TextStim: height = 25.0
449.7306 	EXP 	unnamed TextStim: height = 25.0
449.7306 	EXP 	unnamed TextStim: height = 25.0
449.7306 	EXP 	unnamed TextStim: text = '←'
451.0479 	DATA 	Keypress: left
451.0640 	EXP 	unnamed TextStim: height = 25.0
451.0640 	EXP 	unnamed TextStim: height = 25.0
451.0640 	EXP 	unnamed TextStim: height = 25.0
451.0640 	EXP 	unnamed TextStim: text = '↓'
452.6641 	EXP 	unnamed TextStim: height = 25.0
452.6641 	EXP 	unnamed TextStim: height = 25.0
452.6641 	EXP 	unnamed TextStim: height = 25.0
452.6641 	EXP 	unnamed TextStim: text = '↑'
452.7985 	DATA 	Keypress: down
454.0478 	DATA 	Keypress: down
454.0640 	EXP 	unnamed TextStim: height = 25.0
454.0640 	EXP 	unnamed TextStim: height = 25.0
454.0640 	EXP 	unnamed TextStim: height = 25.0
454.0640 	EXP 	unnamed TextStim: text = '←'
455.2648 	DATA 	Keypress: left
455.2809 	EXP 	unnamed TextStim: height = 25.0
455.2809 	EXP 	unnamed TextStim: height = 25.0
455.2809 	EXP 	unnamed TextStim: height = 25.0
455.2809 	EXP 	unnamed TextStim: text = '↓'
456.8148 	DATA 	Keypress: down
456.8309 	EXP 	unnamed TextStim: height = 25.0
456.8309 	EXP 	unnamed TextStim: height = 25.0
456.8309 	EXP 	unnamed TextStim: height = 25.0
456.8309 	EXP 	unnamed TextStim: text = '←'
458.3643 	EXP 	unnamed TextStim: text = '←'
458.3655 	DATA 	Keypress: left
459.6483 	DATA 	Keypress: left
459.6644 	EXP 	unnamed TextStim: height = 25.0
459.6644 	EXP 	unnamed TextStim: height = 25.0
459.6644 	EXP 	unnamed TextStim: height = 25.0
459.6644 	EXP 	unnamed TextStim: text = '↓'
461.1831 	DATA 	Keypress: down
461.2144 	EXP 	unnamed TextStim: text = '↓'
462.5316 	DATA 	Keypress: down
462.5478 	EXP 	unnamed TextStim: text = '↓'
464.0001 	DATA 	Keypress: down
464.0310 	EXP 	unnamed TextStim: text = '↓'
465.4152 	DATA 	Keypress: down
465.4312 	EXP 	unnamed TextStim: height = 25.0
465.4312 	EXP 	unnamed TextStim: height = 25.0
465.4312 	EXP 	unnamed TextStim: height = 25.0
465.4312 	EXP 	unnamed TextStim: text = '←'
467.0318 	DATA 	Keypress: left
467.0480 	EXP 	unnamed TextStim: height = 25.0
467.0480 	EXP 	unnamed TextStim: height = 25.0
467.0480 	EXP 	unnamed TextStim: height = 25.0
467.0480 	EXP 	unnamed TextStim: text = '↓'
468.7980 	EXP 	unnamed TextStim: height = 25.0
468.7980 	EXP 	unnamed TextStim: height = 25.0
468.7980 	EXP 	unnamed TextStim: height = 25.0
468.7980 	EXP 	unnamed TextStim: text = '↑'
468.8159 	DATA 	Keypress: down
470.1320 	DATA 	Keypress: up
470.1487 	EXP 	unnamed TextStim: height = 25.0
470.1487 	EXP 	unnamed TextStim: height = 25.0
470.1487 	EXP 	unnamed TextStim: height = 25.0
470.1487 	EXP 	unnamed TextStim: text = '↓'
471.7981 	EXP 	unnamed TextStim: height = 25.0
471.7981 	EXP 	unnamed TextStim: height = 25.0
471.7981 	EXP 	unnamed TextStim: height = 25.0
471.7981 	EXP 	unnamed TextStim: text = '→'
471.8828 	DATA 	Keypress: down
473.3154 	DATA 	Keypress: left
473.4753 	EXP 	Created unnamed ImageStim = ImageStim(__class__=<class 'psychopy.visual.image.ImageStim'>, anchor=('center', 'center'), autoLog=True, color=array([1., 1., 1.]), colorSpace='rgb', contrast=1.0, depth=0, flipHoriz=False, flipVert=False, image='break.jpg', interpolate=True, mask=None, maskParams=None, name='unnamed ImageStim', opacity=1.0, ori=0.0, pos=array([0., 0.]), size=array([1536.,  864.]), texRes=128, units='pix', win=Window(...))
473.5676 	DATA 	Keypress: right
473.9699 	DATA 	Keypress: space
473.9813 	EXP 	unnamed TextStim: height = 25.0
473.9813 	EXP 	unnamed TextStim: height = 25.0
473.9813 	EXP 	unnamed TextStim: height = 25.0
473.9813 	EXP 	unnamed TextStim: text = '←'
475.4838 	DATA 	Keypress: left
475.5149 	EXP 	unnamed TextStim: height = 25.0
475.5149 	EXP 	unnamed TextStim: height = 25.0
475.5149 	EXP 	unnamed TextStim: height = 25.0
475.5149 	EXP 	unnamed TextStim: text = '↓'
477.2503 	DATA 	Keypress: down
477.2816 	EXP 	unnamed TextStim: height = 25.0
477.2816 	EXP 	unnamed TextStim: height = 25.0
477.2816 	EXP 	unnamed TextStim: height = 25.0
477.2816 	EXP 	unnamed TextStim: text = '↑'
478.6655 	DATA 	Keypress: up
478.6817 	EXP 	unnamed TextStim: height = 25.0
478.6817 	EXP 	unnamed TextStim: height = 25.0
478.6817 	EXP 	unnamed TextStim: height = 25.0
478.6817 	EXP 	unnamed TextStim: text = '↓'
480.0989 	DATA 	Keypress: down
480.1151 	EXP 	unnamed TextStim: height = 25.0
480.1151 	EXP 	unnamed TextStim: height = 25.0
480.1151 	EXP 	unnamed TextStim: height = 25.0
480.1151 	EXP 	unnamed TextStim: text = '←'
481.3654 	DATA 	Keypress: left
481.3817 	EXP 	unnamed TextStim: height = 25.0
481.3817 	EXP 	unnamed TextStim: height = 25.0
481.3817 	EXP 	unnamed TextStim: height = 25.0
481.3817 	EXP 	unnamed TextStim: text = '↓'
482.6323 	DATA 	Keypress: down
482.6486 	EXP 	unnamed TextStim: height = 25.0
482.6486 	EXP 	unnamed TextStim: height = 25.0
482.6486 	EXP 	unnamed TextStim: height = 25.0
482.6486 	EXP 	unnamed TextStim: text = '↑'
484.2991 	DATA 	Keypress: up
484.3153 	EXP 	unnamed TextStim: text = '↑'
485.9487 	DATA 	Keypress: up
485.9652 	EXP 	unnamed TextStim: text = '↑'
487.5158 	DATA 	Keypress: up
487.5320 	EXP 	unnamed TextStim: text = '↑'
488.9492 	DATA 	Keypress: down
488.9651 	EXP 	unnamed TextStim: height = 25.0
488.9651 	EXP 	unnamed TextStim: height = 25.0
488.9651 	EXP 	unnamed TextStim: height = 25.0
488.9651 	EXP 	unnamed TextStim: text = '→'
490.5160 	DATA 	Keypress: right
490.5322 	EXP 	unnamed TextStim: height = 25.0
490.5322 	EXP 	unnamed TextStim: height = 25.0
490.5322 	EXP 	unnamed TextStim: height = 25.0
490.5322 	EXP 	unnamed TextStim: text = '↑'
492.1494 	DATA 	Keypress: up
492.1655 	EXP 	unnamed TextStim: text = '↑'
493.5662 	DATA 	Keypress: up
493.5822 	EXP 	unnamed TextStim: height = 25.0
493.5822 	EXP 	unnamed TextStim: height = 25.0
493.5822 	EXP 	unnamed TextStim: height = 25.0
493.5822 	EXP 	unnamed TextStim: text = '↓'
495.1505 	DATA 	Keypress: down
495.1657 	EXP 	unnamed TextStim: text = '↓'
496.6681 	DATA 	Keypress: down
496.6991 	EXP 	unnamed TextStim: height = 25.0
496.6991 	EXP 	unnamed TextStim: height = 25.0
496.6991 	EXP 	unnamed TextStim: height = 25.0
496.6991 	EXP 	unnamed TextStim: text = '→'
498.2498 	DATA 	Keypress: right
498.2657 	EXP 	unnamed TextStim: height = 25.0
498.2657 	EXP 	unnamed TextStim: height = 25.0
498.2657 	EXP 	unnamed TextStim: height = 25.0
498.2657 	EXP 	unnamed TextStim: text = '←'
499.9511 	DATA 	Keypress: left
499.9825 	EXP 	unnamed TextStim: text = '←'
501.2830 	DATA 	Keypress: left
501.2993 	EXP 	unnamed TextStim: height = 25.0
501.2993 	EXP 	unnamed TextStim: height = 25.0
501.2993 	EXP 	unnamed TextStim: height = 25.0
501.2993 	EXP 	unnamed TextStim: text = '→'
502.7499 	DATA 	Keypress: right
502.9040 	EXP 	Created unnamed ImageStim = ImageStim(__class__=<class 'psychopy.visual.image.ImageStim'>, anchor=('center', 'center'), autoLog=True, color=array([1., 1., 1.]), colorSpace='rgb', contrast=1.0, depth=0, flipHoriz=False, flipVert=False, image='break.jpg', interpolate=True, mask=None, maskParams=None, name='unnamed ImageStim', opacity=1.0, ori=0.0, pos=array([0., 0.]), size=array([1536.,  864.]), texRes=128, units='pix', win=Window(...))
503.9993 	DATA 	Keypress: space
504.0156 	EXP 	unnamed TextStim: text = '→'
505.7181 	DATA 	Keypress: right
505.7494 	EXP 	unnamed TextStim: height = 25.0
505.7494 	EXP 	unnamed TextStim: height = 25.0
505.7494 	EXP 	unnamed TextStim: height = 25.0
505.7494 	EXP 	unnamed TextStim: text = '↓'
507.4999 	DATA 	Keypress: down
507.5161 	EXP 	unnamed TextStim: height = 25.0
507.5161 	EXP 	unnamed TextStim: height = 25.0
507.5161 	EXP 	unnamed TextStim: height = 25.0
507.5161 	EXP 	unnamed TextStim: text = '→'
508.9668 	DATA 	Keypress: right
508.9829 	EXP 	unnamed TextStim: height = 25.0
508.9829 	EXP 	unnamed TextStim: height = 25.0
508.9829 	EXP 	unnamed TextStim: height = 25.0
508.9829 	EXP 	unnamed TextStim: text = '↓'
510.7204 	DATA 	Keypress: down
510.7329 	EXP 	unnamed TextStim: height = 25.0
510.7329 	EXP 	unnamed TextStim: height = 25.0
510.7329 	EXP 	unnamed TextStim: height = 25.0
510.7329 	EXP 	unnamed TextStim: text = '↑'
512.0502 	DATA 	Keypress: up
512.0663 	EXP 	unnamed TextStim: height = 25.0
512.0663 	EXP 	unnamed TextStim: height = 25.0
512.0663 	EXP 	unnamed TextStim: height = 25.0
512.0663 	EXP 	unnamed TextStim: text = '↓'
513.7836 	DATA 	Keypress: down
513.7998 	EXP 	unnamed TextStim: height = 25.0
513.7998 	EXP 	unnamed TextStim: height = 25.0
513.7998 	EXP 	unnamed TextStim: height = 25.0
513.7998 	EXP 	unnamed TextStim: text = '←'
515.3171 	DATA 	Keypress: left
515.3331 	EXP 	unnamed TextStim: height = 25.0
515.3331 	EXP 	unnamed TextStim: height = 25.0
515.3331 	EXP 	unnamed TextStim: height = 25.0
515.3331 	EXP 	unnamed TextStim: text = '↑'
516.8335 	DATA 	Keypress: down
516.8499 	EXP 	unnamed TextStim: text = '↑'
518.5338 	DATA 	Keypress: up
518.5499 	EXP 	unnamed TextStim: text = '↑'
520.0005 	DATA 	Keypress: up
520.0166 	EXP 	unnamed TextStim: height = 25.0
520.0166 	EXP 	unnamed TextStim: height = 25.0
520.0166 	EXP 	unnamed TextStim: height = 25.0
520.0166 	EXP 	unnamed TextStim: text = '↓'
521.5339 	DATA 	Keypress: down
521.5500 	EXP 	unnamed TextStim: height = 25.0
521.5500 	EXP 	unnamed TextStim: height = 25.0
521.5500 	EXP 	unnamed TextStim: height = 25.0
521.5500 	EXP 	unnamed TextStim: text = '↑'
522.9840 	DATA 	Keypress: down
523.0000 	EXP 	unnamed TextStim: text = '↑'
524.4506 	DATA 	Keypress: up
524.4669 	EXP 	unnamed TextStim: height = 25.0
524.4669 	EXP 	unnamed TextStim: height = 25.0
524.4669 	EXP 	unnamed TextStim: height = 25.0
524.4669 	EXP 	unnamed TextStim: text = '↓'
526.0675 	DATA 	Keypress: down
526.0835 	EXP 	unnamed TextStim: height = 25.0
526.0835 	EXP 	unnamed TextStim: height = 25.0
526.0835 	EXP 	unnamed TextStim: height = 25.0
526.0835 	EXP 	unnamed TextStim: text = '→'
527.6173 	DATA 	Keypress: right
527.6336 	EXP 	unnamed TextStim: height = 25.0
527.6336 	EXP 	unnamed TextStim: height = 25.0
527.6336 	EXP 	unnamed TextStim: height = 25.0
527.6336 	EXP 	unnamed TextStim: text = '↑'
529.4003 	EXP 	unnamed TextStim: text = '↑'
529.5182 	DATA 	Keypress: up
529.5184 	DATA 	Keypress: down
530.8007 	DATA 	Keypress: up
530.8171 	EXP 	unnamed TextStim: height = 25.0
530.8171 	EXP 	unnamed TextStim: height = 25.0
530.8171 	EXP 	unnamed TextStim: height = 25.0
530.8171 	EXP 	unnamed TextStim: text = '→'
532.1176 	DATA 	Keypress: right
532.1336 	EXP 	unnamed TextStim: height = 25.0
532.1336 	EXP 	unnamed TextStim: height = 25.0
532.1336 	EXP 	unnamed TextStim: height = 25.0
532.1336 	EXP 	unnamed TextStim: text = '↓'
533.5343 	DATA 	Keypress: down
533.6889 	EXP 	Created unnamed ImageStim = ImageStim(__class__=<class 'psychopy.visual.image.ImageStim'>, anchor=('center', 'center'), autoLog=True, color=array([1., 1., 1.]), colorSpace='rgb', contrast=1.0, depth=0, flipHoriz=False, flipVert=False, image='break.jpg', interpolate=True, mask=None, maskParams=None, name='unnamed ImageStim', opacity=1.0, ori=0.0, pos=array([0., 0.]), size=array([1536.,  864.]), texRes=128, units='pix', win=Window(...))
534.1878 	DATA 	Keypress: space
534.2001 	EXP 	unnamed TextStim: height = 25.0
534.2001 	EXP 	unnamed TextStim: height = 25.0
534.2001 	EXP 	unnamed TextStim: height = 25.0
534.2001 	EXP 	unnamed TextStim: text = '←'
535.5026 	DATA 	Keypress: left
535.5339 	EXP 	unnamed TextStim: height = 25.0
535.5339 	EXP 	unnamed TextStim: height = 25.0
535.5339 	EXP 	unnamed TextStim: height = 25.0
535.5339 	EXP 	unnamed TextStim: text = '↑'
537.0343 	DATA 	Keypress: up
537.0505 	EXP 	unnamed TextStim: height = 25.0
537.0505 	EXP 	unnamed TextStim: height = 25.0
537.0505 	EXP 	unnamed TextStim: height = 25.0
537.0505 	EXP 	unnamed TextStim: text = '↓'
538.4178 	DATA 	Keypress: down
538.4339 	EXP 	unnamed TextStim: text = '↓'
539.9345 	DATA 	Keypress: down
539.9507 	EXP 	unnamed TextStim: height = 25.0
539.9507 	EXP 	unnamed TextStim: height = 25.0
539.9507 	EXP 	unnamed TextStim: height = 25.0
539.9507 	EXP 	unnamed TextStim: text = '↑'
541.5679 	DATA 	Keypress: up
541.5840 	EXP 	unnamed TextStim: height = 25.0
541.5840 	EXP 	unnamed TextStim: height = 25.0
541.5840 	EXP 	unnamed TextStim: height = 25.0
541.5840 	EXP 	unnamed TextStim: text = '←'
542.9514 	DATA 	Keypress: left
542.9674 	EXP 	unnamed TextStim: height = 25.0
542.9674 	EXP 	unnamed TextStim: height = 25.0
542.9674 	EXP 	unnamed TextStim: height = 25.0
542.9674 	EXP 	unnamed TextStim: text = '→'
544.4346 	DATA 	Keypress: right
544.4509 	EXP 	unnamed TextStim: text = '→'
545.9181 	DATA 	Keypress: right
545.9343 	EXP 	unnamed TextStim: height = 25.0
545.9343 	EXP 	unnamed TextStim: height = 25.0
545.9343 	EXP 	unnamed TextStim: height = 25.0
545.9343 	EXP 	unnamed TextStim: text = '↓'
547.4515 	DATA 	Keypress: down
547.4676 	EXP 	unnamed TextStim: height = 25.0
547.4676 	EXP 	unnamed TextStim: height = 25.0
547.4676 	EXP 	unnamed TextStim: height = 25.0
547.4676 	EXP 	unnamed TextStim: text = '→'
548.8684 	DATA 	Keypress: right
548.8843 	EXP 	unnamed TextStim: text = '→'
550.1516 	DATA 	Keypress: right
550.1677 	EXP 	unnamed TextStim: text = '→'
551.6852 	DATA 	Keypress: left
551.7012 	EXP 	unnamed TextStim: height = 25.0
551.7012 	EXP 	unnamed TextStim: height = 25.0
551.7012 	EXP 	unnamed TextStim: height = 25.0
551.7012 	EXP 	unnamed TextStim: text = '↓'
551.8356 	DATA 	Keypress: right
553.4850 	DATA 	Keypress: down
553.5012 	EXP 	unnamed TextStim: height = 25.0
553.5012 	EXP 	unnamed TextStim: height = 25.0
553.5012 	EXP 	unnamed TextStim: height = 25.0
553.5012 	EXP 	unnamed TextStim: text = '→'
554.8685 	DATA 	Keypress: right
554.8844 	EXP 	unnamed TextStim: height = 25.0
554.8844 	EXP 	unnamed TextStim: height = 25.0
554.8844 	EXP 	unnamed TextStim: height = 25.0
554.8844 	EXP 	unnamed TextStim: text = '←'
556.5869 	DATA 	Keypress: left
556.6180 	EXP 	unnamed TextStim: height = 25.0
556.6180 	EXP 	unnamed TextStim: height = 25.0
556.6180 	EXP 	unnamed TextStim: height = 25.0
556.6180 	EXP 	unnamed TextStim: text = '→'
557.9518 	DATA 	Keypress: right
557.9681 	EXP 	unnamed TextStim: height = 25.0
557.9681 	EXP 	unnamed TextStim: height = 25.0
557.9681 	EXP 	unnamed TextStim: height = 25.0
557.9681 	EXP 	unnamed TextStim: text = '←'
559.4519 	DATA 	Keypress: left
559.4681 	EXP 	unnamed TextStim: height = 25.0
559.4681 	EXP 	unnamed TextStim: height = 25.0
559.4681 	EXP 	unnamed TextStim: height = 25.0
559.4681 	EXP 	unnamed TextStim: text = '↑'
561.1040 	DATA 	Keypress: up
561.1348 	EXP 	unnamed TextStim: height = 25.0
561.1348 	EXP 	unnamed TextStim: height = 25.0
561.1348 	EXP 	unnamed TextStim: height = 25.0
561.1348 	EXP 	unnamed TextStim: text = '↓'
562.7351 	DATA 	Keypress: down
562.8969 	EXP 	Created unnamed ImageStim = ImageStim(__class__=<class 'psychopy.visual.image.ImageStim'>, anchor=('center', 'center'), autoLog=True, color=array([1., 1., 1.]), colorSpace='rgb', contrast=1.0, depth=0, flipHoriz=False, flipVert=False, image='break.jpg', interpolate=True, mask=None, maskParams=None, name='unnamed ImageStim', opacity=1.0, ori=0.0, pos=array([0., 0.]), size=array([1536.,  864.]), texRes=128, units='pix', win=Window(...))
563.7639 	DATA 	Keypress: space
563.7679 	EXP 	unnamed TextStim: height = 25.0
563.7679 	EXP 	unnamed TextStim: height = 25.0
563.7679 	EXP 	unnamed TextStim: height = 25.0
563.7679 	EXP 	unnamed TextStim: text = '→'
565.4017 	DATA 	Keypress: right
565.4183 	EXP 	unnamed TextStim: text = '→'
566.9688 	DATA 	Keypress: right
566.9851 	EXP 	unnamed TextStim: height = 25.0
566.9851 	EXP 	unnamed TextStim: height = 25.0
566.9851 	EXP 	unnamed TextStim: height = 25.0
566.9851 	EXP 	unnamed TextStim: text = '↑'
568.6856 	DATA 	Keypress: up
568.7017 	EXP 	unnamed TextStim: height = 25.0
568.7017 	EXP 	unnamed TextStim: height = 25.0
568.7017 	EXP 	unnamed TextStim: height = 25.0
568.7017 	EXP 	unnamed TextStim: text = '←'
570.1698 	DATA 	Keypress: left
570.2018 	EXP 	unnamed TextStim: height = 25.0
570.2018 	EXP 	unnamed TextStim: height = 25.0
570.2018 	EXP 	unnamed TextStim: height = 25.0
570.2018 	EXP 	unnamed TextStim: text = '→'
571.7192 	DATA 	Keypress: right
571.7350 	EXP 	unnamed TextStim: height = 25.0
571.7350 	EXP 	unnamed TextStim: height = 25.0
571.7350 	EXP 	unnamed TextStim: height = 25.0
571.7350 	EXP 	unnamed TextStim: text = '↑'
573.3857 	DATA 	Keypress: up
573.4020 	EXP 	unnamed TextStim: height = 25.0
573.4020 	EXP 	unnamed TextStim: height = 25.0
573.4020 	EXP 	unnamed TextStim: height = 25.0
573.4020 	EXP 	unnamed TextStim: text = '→'
575.0358 	DATA 	Keypress: right
575.0520 	EXP 	unnamed TextStim: text = '→'
576.6026 	DATA 	Keypress: right
576.6187 	EXP 	unnamed TextStim: text = '→'
577.8194 	DATA 	Keypress: right
577.8353 	EXP 	unnamed TextStim: height = 25.0
577.8353 	EXP 	unnamed TextStim: height = 25.0
577.8353 	EXP 	unnamed TextStim: height = 25.0
577.8353 	EXP 	unnamed TextStim: text = '↑'
579.3358 	DATA 	Keypress: up
579.3523 	EXP 	unnamed TextStim: height = 25.0
579.3523 	EXP 	unnamed TextStim: height = 25.0
579.3523 	EXP 	unnamed TextStim: height = 25.0
579.3523 	EXP 	unnamed TextStim: text = '↓'
580.6194 	DATA 	Keypress: down
580.6356 	EXP 	unnamed TextStim: height = 25.0
580.6356 	EXP 	unnamed TextStim: height = 25.0
580.6356 	EXP 	unnamed TextStim: height = 25.0
580.6356 	EXP 	unnamed TextStim: text = '↑'
582.2196 	DATA 	Keypress: up
582.2356 	EXP 	unnamed TextStim: text = '↑'
583.7528 	DATA 	Keypress: up
583.7690 	EXP 	unnamed TextStim: height = 25.0
583.7690 	EXP 	unnamed TextStim: height = 25.0
583.7690 	EXP 	unnamed TextStim: height = 25.0
583.7690 	EXP 	unnamed TextStim: text = '→'
585.3196 	DATA 	Keypress: right
585.3357 	EXP 	unnamed TextStim: height = 25.0
585.3357 	EXP 	unnamed TextStim: height = 25.0
585.3357 	EXP 	unnamed TextStim: height = 25.0
585.3357 	EXP 	unnamed TextStim: text = '↓'
586.8863 	DATA 	Keypress: down
586.9025 	EXP 	unnamed TextStim: height = 25.0
586.9025 	EXP 	unnamed TextStim: height = 25.0
586.9025 	EXP 	unnamed TextStim: height = 25.0
586.9025 	EXP 	unnamed TextStim: text = '→'
588.4699 	DATA 	Keypress: right
588.4859 	EXP 	unnamed TextStim: text = '→'
589.8532 	DATA 	Keypress: right
589.8693 	EXP 	unnamed TextStim: height = 25.0
589.8693 	EXP 	unnamed TextStim: height = 25.0
589.8693 	EXP 	unnamed TextStim: height = 25.0
589.8693 	EXP 	unnamed TextStim: text = '↑'
591.3197 	DATA 	Keypress: up
591.3359 	EXP 	unnamed TextStim: text = '↑'
592.6198 	DATA 	Keypress: up
592.7712 	EXP 	Created unnamed ImageStim = ImageStim(__class__=<class 'psychopy.visual.image.ImageStim'>, anchor=('center', 'center'), autoLog=True, color=array([1., 1., 1.]), colorSpace='rgb', contrast=1.0, depth=0, flipHoriz=False, flipVert=False, image='break.jpg', interpolate=True, mask=None, maskParams=None, name='unnamed ImageStim', opacity=1.0, ori=0.0, pos=array([0., 0.]), size=array([1536.,  864.]), texRes=128, units='pix', win=Window(...))
593.7271 	DATA 	Keypress: space
593.7507 	EXP 	Created unnamed TextStim = TextStim(__class__=<class 'psychopy.visual.text.TextStim'>, alignHoriz=method-wrapper(...), alignText='center', alignVert=method-wrapper(...), anchorHoriz='center', anchorVert='center', antialias=True, autoDraw=False, autoLog=True, bold=False, color=array([-1, -1, -1]), colorSpace='rgb', contrast=1.0, depth=0, flipHoriz=False, flipVert=False, font='', fontFiles=[], height=28.0, italic=False, languageStyle='LTR', name='unnamed TextStim', opacity=1.0, ori=0.0, pos=array([0., 0.]), rgb=UNKNOWN, text=str(...), units='pix', win=Window(...), wrapWidth=1536)
594.7631 	DATA 	Keypress: space
594.8617 	EXP 	window1: mouseVisible = True
