9.0242 	WARNING 	User requested fullscreen with size [1536  864], but screen is actually [1920, 1080]. Using actual size
10.5123 	INFO 	FRAME RATE: 60
10.5123 	INFO 	SCREEN RES: odict_values([1536, 864])
10.5737 	EXP 	Created unnamed TextStim = TextStim(__class__=<class 'psychopy.visual.text.TextStim'>, alignHoriz=method-wrapper(...), alignText='center', alignVert=method-wrapper(...), anchorHoriz='center', anchorVert='center', antialias=True, autoDraw=False, autoLog=True, bold=False, color=array([-1, -1, -1]), colorSpace='rgb', contrast=1.0, depth=0, flipHoriz=False, flipVert=False, font='', fontFiles=[], height=100.0, italic=False, languageStyle='LTR', name='unnamed TextStim', opacity=1.0, ori=0.0, pos=array([0., 0.]), rgb=UNKNOWN, text='+', units='pix', win=Window(...), wrapWidth=500)
10.5784 	EXP 	Created unnamed Circle = Circle(__class__=<class 'psychopy.visual.circle.Circle'>, anchor=('center', 'center'), autoDraw=False, autoLog=True, closeShape=True, color=method-wrapper(...), colorSpace='rgb', contrast=None, depth=0, fillColor=array([ 0.09019608, -1.        , -1.        ]), fillColorSpace='rgb', fillRGB=array([ 0.09019608, -1.        , -1.        ]), interpolate=True, lineColor=array([ 0.09019608, -1.        , -1.        ]), lineColorSpace='rgb', lineRGB=array([ 0.09019608, -1.        , -1.        ]), lineWidth=1.5, name='unnamed Circle', opacity=1.0, ori=0.0, pos=array([0., 0.]), size=array([1., 1.]), units='pix', vertices=ndarray(...), win=Window(...))
10.5797 	EXP 	Created unnamed TextStim = TextStim(__class__=<class 'psychopy.visual.text.TextStim'>, alignHoriz=method-wrapper(...), alignText='center', alignVert=method-wrapper(...), anchorHoriz='center', anchorVert='center', antialias=True, autoDraw=False, autoLog=True, bold=False, color=array([-0.17647059, -0.17647059, -0.17647059]), colorSpace='rgb', contrast=1.0, depth=0, flipHoriz=False, flipVert=False, font='', fontFiles=[], height=25, italic=False, languageStyle='LTR', name='unnamed TextStim', opacity=1.0, ori=0.0, pos=array([0., 0.]), rgb=UNKNOWN, text='', units='pix', win=Window(...), wrapWidth=500)
10.5883 	EXP 	Created unnamed ImageStim = ImageStim(__class__=<class 'psychopy.visual.image.ImageStim'>, anchor=('center', 'center'), autoLog=True, color=array([1., 1., 1.]), colorSpace='rgb', contrast=1.0, depth=0, flipHoriz=False, flipVert=False, image='mask4.png', interpolate=False, mask=None, maskParams=None, name='unnamed ImageStim', opacity=1.0, ori=0.0, pos=array([0., 0.]), size=array([25., 25.]), texRes=128, units='pix', win=Window(...))
10.5968 	EXP 	Created unnamed TextStim = TextStim(__class__=<class 'psychopy.visual.text.TextStim'>, alignHoriz=method-wrapper(...), alignText='center', alignVert=method-wrapper(...), anchorHoriz='center', anchorVert='center', antialias=True, autoDraw=False, autoLog=True, bold=False, color=array([-1, -1, -1]), colorSpace='rgb', contrast=1.0, depth=0, flipHoriz=False, flipVert=False, font='', fontFiles=[], height=30.0, italic=False, languageStyle='LTR', name='unnamed TextStim', opacity=1.0, ori=0.0, pos=array([ 100., -300.]), rgb=UNKNOWN, text=str(...), units='pix', win=Window(...), wrapWidth=10000)
10.6079 	EXP 	Created unnamed TextStim = TextStim(__class__=<class 'psychopy.visual.text.TextStim'>, alignHoriz=method-wrapper(...), alignText='center', alignVert=method-wrapper(...), anchorHoriz='center', anchorVert='center', antialias=True, autoDraw=False, autoLog=True, bold=False, color=array([-1, -1, -1]), colorSpace='rgb', contrast=1.0, depth=0, flipHoriz=False, flipVert=False, font='', fontFiles=[], height=30.0, italic=False, languageStyle='LTR', name='unnamed TextStim', opacity=1.0, ori=0.0, pos=array([ 100., -330.]), rgb=UNKNOWN, text=str(...), units='pix', win=Window(...), wrapWidth=10000)
10.6455 	EXP 	Created unnamed TextStim = TextStim(__class__=<class 'psychopy.visual.text.TextStim'>, alignHoriz=method-wrapper(...), alignText='center', alignVert=method-wrapper(...), anchorHoriz='center', anchorVert='center', antialias=True, autoDraw=False, autoLog=True, bold=False, color=array([-1, -1, -1]), colorSpace='rgb', contrast=1.0, depth=0, flipHoriz=False, flipVert=False, font='', fontFiles=[], height=28.0, italic=False, languageStyle='LTR', name='unnamed TextStim', opacity=1.0, ori=0.0, pos=array([0., 0.]), rgb=UNKNOWN, text=str(...), units='pix', win=Window(...), wrapWidth=1536)
28.4136 	DATA 	Keypress: space
28.4259 	EXP 	unnamed TextStim: height = 25.0
28.4259 	EXP 	unnamed TextStim: height = 25.0
28.4259 	EXP 	unnamed TextStim: height = 25.0
28.4259 	EXP 	unnamed TextStim: text = '↑'
30.2390 	EXP 	Created unnamed TextStim = TextStim(__class__=<class 'psychopy.visual.text.TextStim'>, alignHoriz=method-wrapper(...), alignText='center', alignVert=method-wrapper(...), anchorHoriz='center', anchorVert='center', antialias=True, autoDraw=False, autoLog=True, bold=False, color=array([-1, -1, -1]), colorSpace='rgb', contrast=1.0, depth=0, flipHoriz=False, flipVert=False, font='', fontFiles=[], height=50.0, italic=False, languageStyle='LTR', name='unnamed TextStim', opacity=1.0, ori=0.0, pos=array([0., 0.]), rgb=UNKNOWN, text='Brak reakcji', units='pix', win=Window(...), wrapWidth=500)
31.7294 	DATA 	Keypress: up
31.9325 	EXP 	unnamed TextStim: height = 25.0
31.9325 	EXP 	unnamed TextStim: height = 25.0
31.9325 	EXP 	unnamed TextStim: height = 25.0
31.9325 	EXP 	unnamed TextStim: text = '↓'
33.2435 	DATA 	Keypress: down
33.2537 	EXP 	Created unnamed TextStim = TextStim(__class__=<class 'psychopy.visual.text.TextStim'>, alignHoriz=method-wrapper(...), alignText='center', alignVert=method-wrapper(...), anchorHoriz='center', anchorVert='center', antialias=True, autoDraw=False, autoLog=True, bold=False, color=array([-1, -1, -1]), colorSpace='rgb', contrast=1.0, depth=0, flipHoriz=False, flipVert=False, font='', fontFiles=[], height=50.0, italic=False, languageStyle='LTR', name='unnamed TextStim', opacity=1.0, ori=0.0, pos=array([0., 0.]), rgb=UNKNOWN, text='Poprawnie', units='pix', win=Window(...), wrapWidth=500)
34.7835 	EXP 	unnamed TextStim: height = 25.0
34.7835 	EXP 	unnamed TextStim: height = 25.0
34.7835 	EXP 	unnamed TextStim: height = 25.0
34.7835 	EXP 	unnamed TextStim: text = '→'
36.0789 	DATA 	Keypress: right
36.0983 	EXP 	Created unnamed TextStim = TextStim(__class__=<class 'psychopy.visual.text.TextStim'>, alignHoriz=method-wrapper(...), alignText='center', alignVert=method-wrapper(...), anchorHoriz='center', anchorVert='center', antialias=True, autoDraw=False, autoLog=True, bold=False, color=array([-1, -1, -1]), colorSpace='rgb', contrast=1.0, depth=0, flipHoriz=False, flipVert=False, font='', fontFiles=[], height=50.0, italic=False, languageStyle='LTR', name='unnamed TextStim', opacity=1.0, ori=0.0, pos=array([0., 0.]), rgb=UNKNOWN, text='Poprawnie', units='pix', win=Window(...), wrapWidth=500)
37.6217 	EXP 	unnamed TextStim: text = '→'
39.0439 	DATA 	Keypress: right
39.0487 	EXP 	Created unnamed TextStim = TextStim(__class__=<class 'psychopy.visual.text.TextStim'>, alignHoriz=method-wrapper(...), alignText='center', alignVert=method-wrapper(...), anchorHoriz='center', anchorVert='center', antialias=True, autoDraw=False, autoLog=True, bold=False, color=array([-1, -1, -1]), colorSpace='rgb', contrast=1.0, depth=0, flipHoriz=False, flipVert=False, font='', fontFiles=[], height=50.0, italic=False, languageStyle='LTR', name='unnamed TextStim', opacity=1.0, ori=0.0, pos=array([0., 0.]), rgb=UNKNOWN, text='Poprawnie', units='pix', win=Window(...), wrapWidth=500)
40.6536 	EXP 	unnamed TextStim: height = 25.0
40.6536 	EXP 	unnamed TextStim: height = 25.0
40.6536 	EXP 	unnamed TextStim: height = 25.0
40.6536 	EXP 	unnamed TextStim: text = '↓'
41.8288 	DATA 	Keypress: down
41.8479 	EXP 	Created unnamed TextStim = TextStim(__class__=<class 'psychopy.visual.text.TextStim'>, alignHoriz=method-wrapper(...), alignText='center', alignVert=method-wrapper(...), anchorHoriz='center', anchorVert='center', antialias=True, autoDraw=False, autoLog=True, bold=False, color=array([-1, -1, -1]), colorSpace='rgb', contrast=1.0, depth=0, flipHoriz=False, flipVert=False, font='', fontFiles=[], height=50.0, italic=False, languageStyle='LTR', name='unnamed TextStim', opacity=1.0, ori=0.0, pos=array([0., 0.]), rgb=UNKNOWN, text='Poprawnie', units='pix', win=Window(...), wrapWidth=500)
43.3501 	EXP 	unnamed TextStim: height = 25.0
43.3501 	EXP 	unnamed TextStim: height = 25.0
43.3501 	EXP 	unnamed TextStim: height = 25.0
43.3501 	EXP 	unnamed TextStim: text = '↑'
44.7273 	DATA 	Keypress: up
44.7325 	EXP 	Created unnamed TextStim = TextStim(__class__=<class 'psychopy.visual.text.TextStim'>, alignHoriz=method-wrapper(...), alignText='center', alignVert=method-wrapper(...), anchorHoriz='center', anchorVert='center', antialias=True, autoDraw=False, autoLog=True, bold=False, color=array([-1, -1, -1]), colorSpace='rgb', contrast=1.0, depth=0, flipHoriz=False, flipVert=False, font='', fontFiles=[], height=50.0, italic=False, languageStyle='LTR', name='unnamed TextStim', opacity=1.0, ori=0.0, pos=array([0., 0.]), rgb=UNKNOWN, text='Poprawnie', units='pix', win=Window(...), wrapWidth=500)
46.2662 	EXP 	unnamed TextStim: height = 25.0
46.2662 	EXP 	unnamed TextStim: height = 25.0
46.2662 	EXP 	unnamed TextStim: height = 25.0
46.2662 	EXP 	unnamed TextStim: text = '→'
47.6295 	DATA 	Keypress: right
47.6488 	EXP 	Created unnamed TextStim = TextStim(__class__=<class 'psychopy.visual.text.TextStim'>, alignHoriz=method-wrapper(...), alignText='center', alignVert=method-wrapper(...), anchorHoriz='center', anchorVert='center', antialias=True, autoDraw=False, autoLog=True, bold=False, color=array([-1, -1, -1]), colorSpace='rgb', contrast=1.0, depth=0, flipHoriz=False, flipVert=False, font='', fontFiles=[], height=50.0, italic=False, languageStyle='LTR', name='unnamed TextStim', opacity=1.0, ori=0.0, pos=array([0., 0.]), rgb=UNKNOWN, text='Poprawnie', units='pix', win=Window(...), wrapWidth=500)
49.1191 	EXP 	unnamed TextStim: height = 25.0
49.1191 	EXP 	unnamed TextStim: height = 25.0
49.1191 	EXP 	unnamed TextStim: height = 25.0
49.1191 	EXP 	unnamed TextStim: text = '↑'
50.3774 	DATA 	Keypress: up
50.3822 	EXP 	Created unnamed TextStim = TextStim(__class__=<class 'psychopy.visual.text.TextStim'>, alignHoriz=method-wrapper(...), alignText='center', alignVert=method-wrapper(...), anchorHoriz='center', anchorVert='center', antialias=True, autoDraw=False, autoLog=True, bold=False, color=array([-1, -1, -1]), colorSpace='rgb', contrast=1.0, depth=0, flipHoriz=False, flipVert=False, font='', fontFiles=[], height=50.0, italic=False, languageStyle='LTR', name='unnamed TextStim', opacity=1.0, ori=0.0, pos=array([0., 0.]), rgb=UNKNOWN, text='Poprawnie', units='pix', win=Window(...), wrapWidth=500)
51.9372 	EXP 	Created unnamed TextStim = TextStim(__class__=<class 'psychopy.visual.text.TextStim'>, alignHoriz=method-wrapper(...), alignText='center', alignVert=method-wrapper(...), anchorHoriz='center', anchorVert='center', antialias=True, autoDraw=False, autoLog=True, bold=False, color=array([-1, -1, -1]), colorSpace='rgb', contrast=1.0, depth=0, flipHoriz=False, flipVert=False, font='', fontFiles=[], height=28.0, italic=False, languageStyle='LTR', name='unnamed TextStim', opacity=1.0, ori=0.0, pos=array([0., 0.]), rgb=UNKNOWN, text=str(...), units='pix', win=Window(...), wrapWidth=1536)
56.0111 	DATA 	Keypress: space
56.0272 	EXP 	unnamed TextStim: height = 25.0
56.0272 	EXP 	unnamed TextStim: height = 25.0
56.0272 	EXP 	unnamed TextStim: height = 25.0
56.0272 	EXP 	unnamed TextStim: text = '←'
57.4445 	DATA 	Keypress: left
57.4607 	EXP 	unnamed TextStim: height = 25.0
57.4607 	EXP 	unnamed TextStim: height = 25.0
57.4607 	EXP 	unnamed TextStim: height = 25.0
57.4607 	EXP 	unnamed TextStim: text = '↓'
59.1462 	DATA 	Keypress: down
59.1773 	EXP 	unnamed TextStim: height = 25.0
59.1773 	EXP 	unnamed TextStim: height = 25.0
59.1773 	EXP 	unnamed TextStim: height = 25.0
59.1773 	EXP 	unnamed TextStim: text = '←'
60.6279 	DATA 	Keypress: left
60.6440 	EXP 	unnamed TextStim: text = '←'
62.0948 	DATA 	Keypress: left
62.1107 	EXP 	unnamed TextStim: height = 25.0
62.1107 	EXP 	unnamed TextStim: height = 25.0
62.1107 	EXP 	unnamed TextStim: height = 25.0
62.1107 	EXP 	unnamed TextStim: text = '→'
63.8446 	DATA 	Keypress: right
63.8609 	EXP 	unnamed TextStim: height = 25.0
63.8609 	EXP 	unnamed TextStim: height = 25.0
63.8609 	EXP 	unnamed TextStim: height = 25.0
63.8609 	EXP 	unnamed TextStim: text = '←'
65.6464 	DATA 	Keypress: left
65.6774 	EXP 	unnamed TextStim: text = '←'
67.3282 	DATA 	Keypress: left
67.3444 	EXP 	unnamed TextStim: text = '←'
68.8617 	DATA 	Keypress: left
68.8779 	EXP 	unnamed TextStim: height = 25.0
68.8779 	EXP 	unnamed TextStim: height = 25.0
68.8779 	EXP 	unnamed TextStim: height = 25.0
68.8779 	EXP 	unnamed TextStim: text = '→'
70.3450 	DATA 	Keypress: right
70.3611 	EXP 	unnamed TextStim: height = 25.0
70.3611 	EXP 	unnamed TextStim: height = 25.0
70.3611 	EXP 	unnamed TextStim: height = 25.0
70.3611 	EXP 	unnamed TextStim: text = '↓'
71.7614 	DATA 	Keypress: down
71.7778 	EXP 	unnamed TextStim: height = 25.0
71.7778 	EXP 	unnamed TextStim: height = 25.0
71.7778 	EXP 	unnamed TextStim: height = 25.0
71.7778 	EXP 	unnamed TextStim: text = '↑'
73.3120 	DATA 	Keypress: up
73.3278 	EXP 	unnamed TextStim: text = '↑'
75.0451 	DATA 	Keypress: up
75.0611 	EXP 	unnamed TextStim: height = 25.0
75.0611 	EXP 	unnamed TextStim: height = 25.0
75.0611 	EXP 	unnamed TextStim: height = 25.0
75.0611 	EXP 	unnamed TextStim: text = '←'
76.3285 	DATA 	Keypress: down
76.3446 	EXP 	unnamed TextStim: text = '←'
77.6785 	DATA 	Keypress: left
77.6947 	EXP 	unnamed TextStim: height = 25.0
77.6947 	EXP 	unnamed TextStim: height = 25.0
77.6947 	EXP 	unnamed TextStim: height = 25.0
77.6947 	EXP 	unnamed TextStim: text = '↓'
79.5801 	DATA 	Keypress: down
79.6113 	EXP 	unnamed TextStim: text = '↓'
81.0619 	DATA 	Keypress: down
81.0781 	EXP 	unnamed TextStim: height = 25.0
81.0781 	EXP 	unnamed TextStim: height = 25.0
81.0781 	EXP 	unnamed TextStim: height = 25.0
81.0781 	EXP 	unnamed TextStim: text = '→'
82.5786 	DATA 	Keypress: down
82.5948 	EXP 	unnamed TextStim: text = '→'
84.1622 	DATA 	Keypress: right
84.1782 	EXP 	unnamed TextStim: height = 25.0
84.1782 	EXP 	unnamed TextStim: height = 25.0
84.1782 	EXP 	unnamed TextStim: height = 25.0
84.1782 	EXP 	unnamed TextStim: text = '←'
85.6455 	DATA 	Keypress: left
85.8174 	EXP 	Created unnamed ImageStim = ImageStim(__class__=<class 'psychopy.visual.image.ImageStim'>, anchor=('center', 'center'), autoLog=True, color=array([1., 1., 1.]), colorSpace='rgb', contrast=1.0, depth=0, flipHoriz=False, flipVert=False, image='break.jpg', interpolate=True, mask=None, maskParams=None, name='unnamed ImageStim', opacity=1.0, ori=0.0, pos=array([0., 0.]), size=array([1536.,  864.]), texRes=128, units='pix', win=Window(...))
86.6293 	DATA 	Keypress: space
86.6448 	EXP 	unnamed TextStim: height = 25.0
86.6448 	EXP 	unnamed TextStim: height = 25.0
86.6448 	EXP 	unnamed TextStim: height = 25.0
86.6448 	EXP 	unnamed TextStim: text = '↑'
88.2290 	DATA 	Keypress: up
88.2451 	EXP 	unnamed TextStim: height = 25.0
88.2451 	EXP 	unnamed TextStim: height = 25.0
88.2451 	EXP 	unnamed TextStim: height = 25.0
88.2451 	EXP 	unnamed TextStim: text = '→'
89.6956 	DATA 	Keypress: left
89.7116 	EXP 	unnamed TextStim: height = 25.0
89.7116 	EXP 	unnamed TextStim: height = 25.0
89.7116 	EXP 	unnamed TextStim: height = 25.0
89.7116 	EXP 	unnamed TextStim: text = '↑'
91.1623 	DATA 	Keypress: up
91.1785 	EXP 	unnamed TextStim: height = 25.0
91.1785 	EXP 	unnamed TextStim: height = 25.0
91.1785 	EXP 	unnamed TextStim: height = 25.0
91.1785 	EXP 	unnamed TextStim: text = '→'
92.8126 	DATA 	Keypress: right
92.8284 	EXP 	unnamed TextStim: height = 25.0
92.8284 	EXP 	unnamed TextStim: height = 25.0
92.8284 	EXP 	unnamed TextStim: height = 25.0
92.8284 	EXP 	unnamed TextStim: text = '↑'
94.2472 	DATA 	Keypress: up
94.2785 	EXP 	unnamed TextStim: height = 25.0
94.2785 	EXP 	unnamed TextStim: height = 25.0
94.2785 	EXP 	unnamed TextStim: height = 25.0
94.2785 	EXP 	unnamed TextStim: text = '←'
95.7125 	DATA 	Keypress: right
95.7287 	EXP 	unnamed TextStim: height = 25.0
95.7287 	EXP 	unnamed TextStim: height = 25.0
95.7287 	EXP 	unnamed TextStim: height = 25.0
95.7287 	EXP 	unnamed TextStim: text = '↑'
95.8298 	DATA 	Keypress: left
97.7463 	DATA 	Keypress: up
97.7620 	EXP 	unnamed TextStim: text = '↑'
99.1293 	DATA 	Keypress: up
99.1455 	EXP 	unnamed TextStim: height = 25.0
99.1455 	EXP 	unnamed TextStim: height = 25.0
99.1455 	EXP 	unnamed TextStim: height = 25.0
99.1455 	EXP 	unnamed TextStim: text = '↓'
100.7626 	DATA 	Keypress: down
100.7789 	EXP 	unnamed TextStim: height = 25.0
100.7789 	EXP 	unnamed TextStim: height = 25.0
100.7789 	EXP 	unnamed TextStim: height = 25.0
100.7789 	EXP 	unnamed TextStim: text = '→'
102.4127 	DATA 	Keypress: right
102.4288 	EXP 	unnamed TextStim: text = '→'
103.6961 	DATA 	Keypress: right
103.7123 	EXP 	unnamed TextStim: height = 25.0
103.7123 	EXP 	unnamed TextStim: height = 25.0
103.7123 	EXP 	unnamed TextStim: height = 25.0
103.7123 	EXP 	unnamed TextStim: text = '←'
105.2627 	DATA 	Keypress: left
105.2788 	EXP 	unnamed TextStim: height = 25.0
105.2788 	EXP 	unnamed TextStim: height = 25.0
105.2788 	EXP 	unnamed TextStim: height = 25.0
105.2788 	EXP 	unnamed TextStim: text = '↓'
106.6794 	DATA 	Keypress: down
106.6961 	EXP 	unnamed TextStim: text = '↓'
108.4463 	DATA 	Keypress: down
108.4624 	EXP 	unnamed TextStim: height = 25.0
108.4624 	EXP 	unnamed TextStim: height = 25.0
108.4624 	EXP 	unnamed TextStim: height = 25.0
108.4624 	EXP 	unnamed TextStim: text = '↑'
110.1798 	DATA 	Keypress: up
110.1958 	EXP 	unnamed TextStim: height = 25.0
110.1958 	EXP 	unnamed TextStim: height = 25.0
110.1958 	EXP 	unnamed TextStim: height = 25.0
110.1958 	EXP 	unnamed TextStim: text = '←'
111.6797 	DATA 	Keypress: left
111.6959 	EXP 	unnamed TextStim: height = 25.0
111.6959 	EXP 	unnamed TextStim: height = 25.0
111.6959 	EXP 	unnamed TextStim: height = 25.0
111.6959 	EXP 	unnamed TextStim: text = '→'
113.1965 	DATA 	Keypress: right
113.2126 	EXP 	unnamed TextStim: height = 25.0
113.2126 	EXP 	unnamed TextStim: height = 25.0
113.2126 	EXP 	unnamed TextStim: height = 25.0
113.2126 	EXP 	unnamed TextStim: text = '←'
114.5798 	DATA 	Keypress: left
114.5960 	EXP 	unnamed TextStim: text = '←'
116.1799 	DATA 	Keypress: left
116.3387 	EXP 	Created unnamed ImageStim = ImageStim(__class__=<class 'psychopy.visual.image.ImageStim'>, anchor=('center', 'center'), autoLog=True, color=array([1., 1., 1.]), colorSpace='rgb', contrast=1.0, depth=0, flipHoriz=False, flipVert=False, image='break.jpg', interpolate=True, mask=None, maskParams=None, name='unnamed ImageStim', opacity=1.0, ori=0.0, pos=array([0., 0.]), size=array([1536.,  864.]), texRes=128, units='pix', win=Window(...))
117.1987 	DATA 	Keypress: space
117.2124 	EXP 	unnamed TextStim: height = 25.0
117.2124 	EXP 	unnamed TextStim: height = 25.0
117.2124 	EXP 	unnamed TextStim: height = 25.0
117.2124 	EXP 	unnamed TextStim: text = '↑'
118.8134 	DATA 	Keypress: up
118.8296 	EXP 	unnamed TextStim: height = 25.0
118.8296 	EXP 	unnamed TextStim: height = 25.0
118.8296 	EXP 	unnamed TextStim: height = 25.0
118.8296 	EXP 	unnamed TextStim: text = '←'
120.0984 	DATA 	Keypress: left
120.1296 	EXP 	unnamed TextStim: text = '←'
121.4634 	DATA 	Keypress: left
121.4797 	EXP 	unnamed TextStim: height = 25.0
121.4797 	EXP 	unnamed TextStim: height = 25.0
121.4797 	EXP 	unnamed TextStim: height = 25.0
121.4797 	EXP 	unnamed TextStim: text = '↑'
122.8633 	DATA 	Keypress: up
122.8797 	EXP 	unnamed TextStim: height = 25.0
122.8797 	EXP 	unnamed TextStim: height = 25.0
122.8797 	EXP 	unnamed TextStim: height = 25.0
122.8797 	EXP 	unnamed TextStim: text = '←'
124.1972 	DATA 	Keypress: left
124.2130 	EXP 	unnamed TextStim: height = 25.0
124.2130 	EXP 	unnamed TextStim: height = 25.0
124.2130 	EXP 	unnamed TextStim: height = 25.0
124.2130 	EXP 	unnamed TextStim: text = '→'
125.7133 	DATA 	Keypress: right
125.7295 	EXP 	unnamed TextStim: height = 25.0
125.7295 	EXP 	unnamed TextStim: height = 25.0
125.7295 	EXP 	unnamed TextStim: height = 25.0
125.7295 	EXP 	unnamed TextStim: text = '↑'
127.4305 	DATA 	Keypress: up
127.4465 	EXP 	unnamed TextStim: height = 25.0
127.4465 	EXP 	unnamed TextStim: height = 25.0
127.4465 	EXP 	unnamed TextStim: height = 25.0
127.4465 	EXP 	unnamed TextStim: text = '↓'
128.9805 	DATA 	Keypress: down
128.9966 	EXP 	unnamed TextStim: height = 25.0
128.9966 	EXP 	unnamed TextStim: height = 25.0
128.9966 	EXP 	unnamed TextStim: height = 25.0
128.9966 	EXP 	unnamed TextStim: text = '↑'
130.5972 	DATA 	Keypress: up
130.6133 	EXP 	unnamed TextStim: height = 25.0
130.6133 	EXP 	unnamed TextStim: height = 25.0
130.6133 	EXP 	unnamed TextStim: height = 25.0
130.6133 	EXP 	unnamed TextStim: text = '←'
132.3137 	DATA 	Keypress: left
132.3301 	EXP 	unnamed TextStim: height = 25.0
132.3301 	EXP 	unnamed TextStim: height = 25.0
132.3301 	EXP 	unnamed TextStim: height = 25.0
132.3301 	EXP 	unnamed TextStim: text = '↑'
133.9657 	DATA 	Keypress: up
133.9968 	EXP 	unnamed TextStim: height = 25.0
133.9968 	EXP 	unnamed TextStim: height = 25.0
133.9968 	EXP 	unnamed TextStim: height = 25.0
133.9968 	EXP 	unnamed TextStim: text = '→'
135.6138 	DATA 	Keypress: right
135.6301 	EXP 	unnamed TextStim: height = 25.0
135.6301 	EXP 	unnamed TextStim: height = 25.0
135.6301 	EXP 	unnamed TextStim: height = 25.0
135.6301 	EXP 	unnamed TextStim: text = '↑'
137.1641 	DATA 	Keypress: up
137.1803 	EXP 	unnamed TextStim: height = 25.0
137.1803 	EXP 	unnamed TextStim: height = 25.0
137.1803 	EXP 	unnamed TextStim: height = 25.0
137.1803 	EXP 	unnamed TextStim: text = '↓'
138.6641 	DATA 	Keypress: down
138.6803 	EXP 	unnamed TextStim: height = 25.0
138.6803 	EXP 	unnamed TextStim: height = 25.0
138.6803 	EXP 	unnamed TextStim: height = 25.0
138.6803 	EXP 	unnamed TextStim: text = '←'
140.3475 	DATA 	Keypress: left
140.3637 	EXP 	unnamed TextStim: height = 25.0
140.3637 	EXP 	unnamed TextStim: height = 25.0
140.3637 	EXP 	unnamed TextStim: height = 25.0
140.3637 	EXP 	unnamed TextStim: text = '↑'
141.7809 	DATA 	Keypress: up
141.7971 	EXP 	unnamed TextStim: height = 25.0
141.7971 	EXP 	unnamed TextStim: height = 25.0
141.7971 	EXP 	unnamed TextStim: height = 25.0
141.7971 	EXP 	unnamed TextStim: text = '→'
143.3477 	DATA 	Keypress: right
143.3638 	EXP 	unnamed TextStim: height = 25.0
143.3638 	EXP 	unnamed TextStim: height = 25.0
143.3638 	EXP 	unnamed TextStim: height = 25.0
143.3638 	EXP 	unnamed TextStim: text = '↓'
144.9308 	DATA 	Keypress: down
144.9471 	EXP 	unnamed TextStim: height = 25.0
144.9471 	EXP 	unnamed TextStim: height = 25.0
144.9471 	EXP 	unnamed TextStim: height = 25.0
144.9471 	EXP 	unnamed TextStim: text = '→'
146.4478 	DATA 	Keypress: left
146.6046 	EXP 	Created unnamed ImageStim = ImageStim(__class__=<class 'psychopy.visual.image.ImageStim'>, anchor=('center', 'center'), autoLog=True, color=array([1., 1., 1.]), colorSpace='rgb', contrast=1.0, depth=0, flipHoriz=False, flipVert=False, image='break.jpg', interpolate=True, mask=None, maskParams=None, name='unnamed ImageStim', opacity=1.0, ori=0.0, pos=array([0., 0.]), size=array([1536.,  864.]), texRes=128, units='pix', win=Window(...))
147.2635 	DATA 	Keypress: space
147.2802 	EXP 	unnamed TextStim: height = 25.0
147.2802 	EXP 	unnamed TextStim: height = 25.0
147.2802 	EXP 	unnamed TextStim: height = 25.0
147.2802 	EXP 	unnamed TextStim: text = '↑'
148.7477 	DATA 	Keypress: up
148.7640 	EXP 	unnamed TextStim: text = '↑'
150.3683 	DATA 	Keypress: up
150.3808 	EXP 	unnamed TextStim: height = 25.0
150.3808 	EXP 	unnamed TextStim: height = 25.0
150.3808 	EXP 	unnamed TextStim: height = 25.0
150.3808 	EXP 	unnamed TextStim: text = '←'
151.6645 	DATA 	Keypress: left
151.6807 	EXP 	unnamed TextStim: height = 25.0
151.6807 	EXP 	unnamed TextStim: height = 25.0
151.6807 	EXP 	unnamed TextStim: height = 25.0
151.6807 	EXP 	unnamed TextStim: text = '↑'
153.2813 	DATA 	Keypress: up
153.2974 	EXP 	unnamed TextStim: height = 25.0
153.2974 	EXP 	unnamed TextStim: height = 25.0
153.2974 	EXP 	unnamed TextStim: height = 25.0
153.2974 	EXP 	unnamed TextStim: text = '←'
154.8314 	DATA 	Keypress: left
154.8475 	EXP 	unnamed TextStim: height = 25.0
154.8475 	EXP 	unnamed TextStim: height = 25.0
154.8475 	EXP 	unnamed TextStim: height = 25.0
154.8475 	EXP 	unnamed TextStim: text = '↑'
156.3147 	DATA 	Keypress: up
156.3309 	EXP 	unnamed TextStim: text = '↑'
157.7981 	DATA 	Keypress: up
157.8143 	EXP 	unnamed TextStim: text = '↑'
159.2982 	DATA 	Keypress: up
159.3142 	EXP 	unnamed TextStim: height = 25.0
159.3142 	EXP 	unnamed TextStim: height = 25.0
159.3142 	EXP 	unnamed TextStim: height = 25.0
159.3142 	EXP 	unnamed TextStim: text = '←'
160.8815 	DATA 	Keypress: left
160.8977 	EXP 	unnamed TextStim: text = '←'
162.3816 	DATA 	Keypress: left
162.3978 	EXP 	unnamed TextStim: text = '←'
164.1151 	DATA 	Keypress: left
164.1312 	EXP 	unnamed TextStim: height = 25.0
164.1312 	EXP 	unnamed TextStim: height = 25.0
164.1312 	EXP 	unnamed TextStim: height = 25.0
164.1312 	EXP 	unnamed TextStim: text = '↑'
165.7651 	DATA 	Keypress: up
165.7812 	EXP 	unnamed TextStim: text = '↑'
167.1151 	DATA 	Keypress: up
167.1313 	EXP 	unnamed TextStim: height = 25.0
167.1313 	EXP 	unnamed TextStim: height = 25.0
167.1313 	EXP 	unnamed TextStim: height = 25.0
167.1313 	EXP 	unnamed TextStim: text = '←'
168.5819 	DATA 	Keypress: left
168.5980 	EXP 	unnamed TextStim: height = 25.0
168.5980 	EXP 	unnamed TextStim: height = 25.0
168.5980 	EXP 	unnamed TextStim: height = 25.0
168.5980 	EXP 	unnamed TextStim: text = '→'
170.0986 	DATA 	Keypress: right
170.1147 	EXP 	unnamed TextStim: text = '→'
171.9819 	DATA 	Keypress: right
171.9981 	EXP 	unnamed TextStim: height = 25.0
171.9981 	EXP 	unnamed TextStim: height = 25.0
171.9981 	EXP 	unnamed TextStim: height = 25.0
171.9981 	EXP 	unnamed TextStim: text = '↑'
173.5321 	DATA 	Keypress: up
173.5482 	EXP 	unnamed TextStim: height = 25.0
173.5482 	EXP 	unnamed TextStim: height = 25.0
173.5482 	EXP 	unnamed TextStim: height = 25.0
173.5482 	EXP 	unnamed TextStim: text = '↓'
175.1823 	DATA 	Keypress: down
175.1982 	EXP 	unnamed TextStim: height = 25.0
175.1982 	EXP 	unnamed TextStim: height = 25.0
175.1982 	EXP 	unnamed TextStim: height = 25.0
175.1982 	EXP 	unnamed TextStim: text = '←'
176.7487 	DATA 	Keypress: left
176.9092 	EXP 	Created unnamed ImageStim = ImageStim(__class__=<class 'psychopy.visual.image.ImageStim'>, anchor=('center', 'center'), autoLog=True, color=array([1., 1., 1.]), colorSpace='rgb', contrast=1.0, depth=0, flipHoriz=False, flipVert=False, image='break.jpg', interpolate=True, mask=None, maskParams=None, name='unnamed ImageStim', opacity=1.0, ori=0.0, pos=array([0., 0.]), size=array([1536.,  864.]), texRes=128, units='pix', win=Window(...))
177.5909 	DATA 	Keypress: space
177.5982 	EXP 	unnamed TextStim: text = '←'
179.0987 	DATA 	Keypress: left
179.1150 	EXP 	unnamed TextStim: height = 25.0
179.1150 	EXP 	unnamed TextStim: height = 25.0
179.1150 	EXP 	unnamed TextStim: height = 25.0
179.1150 	EXP 	unnamed TextStim: text = '→'
180.8490 	DATA 	Keypress: right
180.8649 	EXP 	unnamed TextStim: height = 25.0
180.8649 	EXP 	unnamed TextStim: height = 25.0
180.8649 	EXP 	unnamed TextStim: height = 25.0
180.8649 	EXP 	unnamed TextStim: text = '↑'
182.5157 	DATA 	Keypress: up
182.5319 	EXP 	unnamed TextStim: height = 25.0
182.5319 	EXP 	unnamed TextStim: height = 25.0
182.5319 	EXP 	unnamed TextStim: height = 25.0
182.5319 	EXP 	unnamed TextStim: text = '→'
184.2998 	DATA 	Keypress: right
184.3151 	EXP 	unnamed TextStim: height = 25.0
184.3151 	EXP 	unnamed TextStim: height = 25.0
184.3151 	EXP 	unnamed TextStim: height = 25.0
184.3151 	EXP 	unnamed TextStim: text = '↑'
185.5673 	DATA 	Keypress: up
185.5986 	EXP 	unnamed TextStim: text = '↑'
187.1658 	DATA 	Keypress: up
187.1819 	EXP 	unnamed TextStim: height = 25.0
187.1819 	EXP 	unnamed TextStim: height = 25.0
187.1819 	EXP 	unnamed TextStim: height = 25.0
187.1819 	EXP 	unnamed TextStim: text = '→'
188.4325 	DATA 	Keypress: right
188.4487 	EXP 	unnamed TextStim: height = 25.0
188.4487 	EXP 	unnamed TextStim: height = 25.0
188.4487 	EXP 	unnamed TextStim: height = 25.0
188.4487 	EXP 	unnamed TextStim: text = '←'
190.1494 	DATA 	Keypress: left
190.1654 	EXP 	unnamed TextStim: text = '←'
191.6509 	DATA 	Keypress: left
191.6822 	EXP 	unnamed TextStim: text = '←'
193.4322 	EXP 	unnamed TextStim: text = '←'
193.4502 	DATA 	Keypress: left
194.8495 	DATA 	Keypress: left
194.8656 	EXP 	unnamed TextStim: height = 25.0
194.8656 	EXP 	unnamed TextStim: height = 25.0
194.8656 	EXP 	unnamed TextStim: height = 25.0
194.8656 	EXP 	unnamed TextStim: text = '→'
196.5495 	DATA 	Keypress: right
196.5657 	EXP 	unnamed TextStim: height = 25.0
196.5657 	EXP 	unnamed TextStim: height = 25.0
196.5657 	EXP 	unnamed TextStim: height = 25.0
196.5657 	EXP 	unnamed TextStim: text = '↑'
198.0329 	DATA 	Keypress: up
198.0490 	EXP 	unnamed TextStim: height = 25.0
198.0490 	EXP 	unnamed TextStim: height = 25.0
198.0490 	EXP 	unnamed TextStim: height = 25.0
198.0490 	EXP 	unnamed TextStim: text = '→'
199.4829 	DATA 	Keypress: left
199.4991 	EXP 	unnamed TextStim: height = 25.0
199.4991 	EXP 	unnamed TextStim: height = 25.0
199.4991 	EXP 	unnamed TextStim: height = 25.0
199.4991 	EXP 	unnamed TextStim: text = '←'
201.0830 	DATA 	Keypress: left
201.0991 	EXP 	unnamed TextStim: text = '←'
202.3663 	DATA 	Keypress: left
202.3826 	EXP 	unnamed TextStim: height = 25.0
202.3826 	EXP 	unnamed TextStim: height = 25.0
202.3826 	EXP 	unnamed TextStim: height = 25.0
202.3826 	EXP 	unnamed TextStim: text = '→'
203.7831 	DATA 	Keypress: right
203.7992 	EXP 	unnamed TextStim: height = 25.0
203.7992 	EXP 	unnamed TextStim: height = 25.0
203.7992 	EXP 	unnamed TextStim: height = 25.0
203.7992 	EXP 	unnamed TextStim: text = '↑'
205.0665 	DATA 	Keypress: up
205.0826 	EXP 	unnamed TextStim: height = 25.0
205.0826 	EXP 	unnamed TextStim: height = 25.0
205.0826 	EXP 	unnamed TextStim: height = 25.0
205.0826 	EXP 	unnamed TextStim: text = '←'
206.4165 	DATA 	Keypress: left
206.5714 	EXP 	Created unnamed ImageStim = ImageStim(__class__=<class 'psychopy.visual.image.ImageStim'>, anchor=('center', 'center'), autoLog=True, color=array([1., 1., 1.]), colorSpace='rgb', contrast=1.0, depth=0, flipHoriz=False, flipVert=False, image='break.jpg', interpolate=True, mask=None, maskParams=None, name='unnamed ImageStim', opacity=1.0, ori=0.0, pos=array([0., 0.]), size=array([1536.,  864.]), texRes=128, units='pix', win=Window(...))
207.1957 	DATA 	Keypress: space
207.1991 	EXP 	unnamed TextStim: height = 25.0
207.1991 	EXP 	unnamed TextStim: height = 25.0
207.1991 	EXP 	unnamed TextStim: height = 25.0
207.1991 	EXP 	unnamed TextStim: text = '↑'
208.9161 	EXP 	unnamed TextStim: text = '↑'
209.0174 	DATA 	Keypress: up
210.4499 	DATA 	Keypress: up
210.4661 	EXP 	unnamed TextStim: text = '↑'
211.9368 	DATA 	Keypress: up
211.9495 	EXP 	unnamed TextStim: height = 25.0
211.9495 	EXP 	unnamed TextStim: height = 25.0
211.9495 	EXP 	unnamed TextStim: height = 25.0
211.9495 	EXP 	unnamed TextStim: text = '→'
213.3873 	DATA 	Keypress: right
213.3996 	EXP 	unnamed TextStim: height = 25.0
213.3996 	EXP 	unnamed TextStim: height = 25.0
213.3996 	EXP 	unnamed TextStim: height = 25.0
213.3996 	EXP 	unnamed TextStim: text = '↓'
214.9329 	EXP 	unnamed TextStim: height = 25.0
214.9329 	EXP 	unnamed TextStim: height = 25.0
214.9329 	EXP 	unnamed TextStim: height = 25.0
214.9329 	EXP 	unnamed TextStim: text = '↑'
215.0511 	DATA 	Keypress: down
216.5836 	DATA 	Keypress: up
216.5997 	EXP 	unnamed TextStim: height = 25.0
216.5997 	EXP 	unnamed TextStim: height = 25.0
216.5997 	EXP 	unnamed TextStim: height = 25.0
216.5997 	EXP 	unnamed TextStim: text = '↓'
217.9670 	DATA 	Keypress: down
217.9831 	EXP 	unnamed TextStim: height = 25.0
217.9831 	EXP 	unnamed TextStim: height = 25.0
217.9831 	EXP 	unnamed TextStim: height = 25.0
217.9831 	EXP 	unnamed TextStim: text = '←'
219.4520 	DATA 	Keypress: left
219.4831 	EXP 	unnamed TextStim: height = 25.0
219.4831 	EXP 	unnamed TextStim: height = 25.0
219.4831 	EXP 	unnamed TextStim: height = 25.0
219.4831 	EXP 	unnamed TextStim: text = '↑'
221.1511 	DATA 	Keypress: up
221.1665 	EXP 	unnamed TextStim: text = '↑'
222.5172 	DATA 	Keypress: up
222.5333 	EXP 	unnamed TextStim: height = 25.0
222.5333 	EXP 	unnamed TextStim: height = 25.0
222.5333 	EXP 	unnamed TextStim: height = 25.0
222.5333 	EXP 	unnamed TextStim: text = '→'
224.0000 	EXP 	unnamed TextStim: height = 25.0
224.0000 	EXP 	unnamed TextStim: height = 25.0
224.0000 	EXP 	unnamed TextStim: height = 25.0
224.0000 	EXP 	unnamed TextStim: text = '←'
224.1844 	DATA 	Keypress: right
225.6165 	EXP 	unnamed TextStim: text = '←'
225.6176 	DATA 	Keypress: right
227.1673 	DATA 	Keypress: left
227.1834 	EXP 	unnamed TextStim: text = '←'
228.6174 	DATA 	Keypress: left
228.6335 	EXP 	unnamed TextStim: height = 25.0
228.6335 	EXP 	unnamed TextStim: height = 25.0
228.6335 	EXP 	unnamed TextStim: height = 25.0
228.6335 	EXP 	unnamed TextStim: text = '↓'
230.2836 	EXP 	unnamed TextStim: text = '↓'
230.3681 	DATA 	Keypress: down
231.9175 	DATA 	Keypress: down
231.9336 	EXP 	unnamed TextStim: height = 25.0
231.9336 	EXP 	unnamed TextStim: height = 25.0
231.9336 	EXP 	unnamed TextStim: height = 25.0
231.9336 	EXP 	unnamed TextStim: text = '→'
233.5670 	EXP 	unnamed TextStim: height = 25.0
233.5670 	EXP 	unnamed TextStim: height = 25.0
233.5670 	EXP 	unnamed TextStim: height = 25.0
233.5670 	EXP 	unnamed TextStim: text = '↓'
233.7516 	DATA 	Keypress: right
235.0670 	EXP 	unnamed TextStim: height = 25.0
235.0670 	EXP 	unnamed TextStim: height = 25.0
235.0670 	EXP 	unnamed TextStim: height = 25.0
235.0670 	EXP 	unnamed TextStim: text = '←'
235.2683 	DATA 	Keypress: down
236.5343 	DATA 	Keypress: left
236.6893 	EXP 	Created unnamed ImageStim = ImageStim(__class__=<class 'psychopy.visual.image.ImageStim'>, anchor=('center', 'center'), autoLog=True, color=array([1., 1., 1.]), colorSpace='rgb', contrast=1.0, depth=0, flipHoriz=False, flipVert=False, image='break.jpg', interpolate=True, mask=None, maskParams=None, name='unnamed ImageStim', opacity=1.0, ori=0.0, pos=array([0., 0.]), size=array([1536.,  864.]), texRes=128, units='pix', win=Window(...))
237.2255 	DATA 	Keypress: space
237.2335 	EXP 	unnamed TextStim: height = 25.0
237.2335 	EXP 	unnamed TextStim: height = 25.0
237.2335 	EXP 	unnamed TextStim: height = 25.0
237.2335 	EXP 	unnamed TextStim: text = '↓'
238.8843 	DATA 	Keypress: down
238.9004 	EXP 	unnamed TextStim: height = 25.0
238.9004 	EXP 	unnamed TextStim: height = 25.0
238.9004 	EXP 	unnamed TextStim: height = 25.0
238.9004 	EXP 	unnamed TextStim: text = '→'
240.2011 	DATA 	Keypress: right
240.2173 	EXP 	unnamed TextStim: height = 25.0
240.2173 	EXP 	unnamed TextStim: height = 25.0
240.2173 	EXP 	unnamed TextStim: height = 25.0
240.2173 	EXP 	unnamed TextStim: text = '↑'
241.5844 	DATA 	Keypress: up
241.6006 	EXP 	unnamed TextStim: height = 25.0
241.6006 	EXP 	unnamed TextStim: height = 25.0
241.6006 	EXP 	unnamed TextStim: height = 25.0
241.6006 	EXP 	unnamed TextStim: text = '↓'
243.0510 	DATA 	Keypress: down
243.0673 	EXP 	unnamed TextStim: height = 25.0
243.0673 	EXP 	unnamed TextStim: height = 25.0
243.0673 	EXP 	unnamed TextStim: height = 25.0
243.0673 	EXP 	unnamed TextStim: text = '→'
244.5512 	DATA 	Keypress: left
244.5674 	EXP 	unnamed TextStim: height = 25.0
244.5674 	EXP 	unnamed TextStim: height = 25.0
244.5674 	EXP 	unnamed TextStim: height = 25.0
244.5674 	EXP 	unnamed TextStim: text = '←'
246.0196 	DATA 	Keypress: left
246.0507 	EXP 	unnamed TextStim: height = 25.0
246.0507 	EXP 	unnamed TextStim: height = 25.0
246.0507 	EXP 	unnamed TextStim: height = 25.0
246.0507 	EXP 	unnamed TextStim: text = '↑'
247.6181 	DATA 	Keypress: up
247.6342 	EXP 	unnamed TextStim: height = 25.0
247.6342 	EXP 	unnamed TextStim: height = 25.0
247.6342 	EXP 	unnamed TextStim: height = 25.0
247.6342 	EXP 	unnamed TextStim: text = '↓'
249.1346 	DATA 	Keypress: down
249.1509 	EXP 	unnamed TextStim: height = 25.0
249.1509 	EXP 	unnamed TextStim: height = 25.0
249.1509 	EXP 	unnamed TextStim: height = 25.0
249.1509 	EXP 	unnamed TextStim: text = '←'
250.4014 	DATA 	Keypress: left
250.4176 	EXP 	unnamed TextStim: height = 25.0
250.4176 	EXP 	unnamed TextStim: height = 25.0
250.4176 	EXP 	unnamed TextStim: height = 25.0
250.4176 	EXP 	unnamed TextStim: text = '↑'
252.0347 	DATA 	Keypress: up
252.0510 	EXP 	unnamed TextStim: text = '↑'
253.5016 	DATA 	Keypress: up
253.5177 	EXP 	unnamed TextStim: height = 25.0
253.5177 	EXP 	unnamed TextStim: height = 25.0
253.5177 	EXP 	unnamed TextStim: height = 25.0
253.5177 	EXP 	unnamed TextStim: text = '→'
254.8016 	DATA 	Keypress: right
254.8178 	EXP 	unnamed TextStim: text = '→'
256.2684 	DATA 	Keypress: down
256.2845 	EXP 	unnamed TextStim: height = 25.0
256.2845 	EXP 	unnamed TextStim: height = 25.0
256.2845 	EXP 	unnamed TextStim: height = 25.0
256.2845 	EXP 	unnamed TextStim: text = '↑'
257.7351 	DATA 	Keypress: up
257.7512 	EXP 	unnamed TextStim: text = '↑'
259.2698 	DATA 	Keypress: up
259.3012 	EXP 	unnamed TextStim: height = 25.0
259.3012 	EXP 	unnamed TextStim: height = 25.0
259.3012 	EXP 	unnamed TextStim: height = 25.0
259.3012 	EXP 	unnamed TextStim: text = '↓'
260.8519 	DATA 	Keypress: down
260.8680 	EXP 	unnamed TextStim: height = 25.0
260.8680 	EXP 	unnamed TextStim: height = 25.0
260.8680 	EXP 	unnamed TextStim: height = 25.0
260.8680 	EXP 	unnamed TextStim: text = '←'
262.4348 	DATA 	Keypress: right
262.4509 	EXP 	unnamed TextStim: height = 25.0
262.4509 	EXP 	unnamed TextStim: height = 25.0
262.4509 	EXP 	unnamed TextStim: height = 25.0
262.4509 	EXP 	unnamed TextStim: text = '↑'
263.8187 	DATA 	Keypress: up
263.8347 	EXP 	unnamed TextStim: text = '↑'
265.3875 	DATA 	Keypress: up
265.5566 	EXP 	Created unnamed ImageStim = ImageStim(__class__=<class 'psychopy.visual.image.ImageStim'>, anchor=('center', 'center'), autoLog=True, color=array([1., 1., 1.]), colorSpace='rgb', contrast=1.0, depth=0, flipHoriz=False, flipVert=False, image='break.jpg', interpolate=True, mask=None, maskParams=None, name='unnamed ImageStim', opacity=1.0, ori=0.0, pos=array([0., 0.]), size=array([1536.,  864.]), texRes=128, units='pix', win=Window(...))
266.1541 	DATA 	Keypress: space
266.1679 	EXP 	unnamed TextStim: text = '↑'
267.7354 	DATA 	Keypress: up
267.7516 	EXP 	unnamed TextStim: height = 25.0
267.7516 	EXP 	unnamed TextStim: height = 25.0
267.7516 	EXP 	unnamed TextStim: height = 25.0
267.7516 	EXP 	unnamed TextStim: text = '→'
269.1521 	DATA 	Keypress: right
269.1683 	EXP 	unnamed TextStim: text = '→'
270.6189 	DATA 	Keypress: left
270.6350 	EXP 	unnamed TextStim: height = 25.0
270.6350 	EXP 	unnamed TextStim: height = 25.0
270.6350 	EXP 	unnamed TextStim: height = 25.0
270.6350 	EXP 	unnamed TextStim: text = '↓'
272.1523 	DATA 	Keypress: down
272.1683 	EXP 	unnamed TextStim: height = 25.0
272.1683 	EXP 	unnamed TextStim: height = 25.0
272.1683 	EXP 	unnamed TextStim: height = 25.0
272.1683 	EXP 	unnamed TextStim: text = '↑'
273.7023 	DATA 	Keypress: up
273.7184 	EXP 	unnamed TextStim: height = 25.0
273.7184 	EXP 	unnamed TextStim: height = 25.0
273.7184 	EXP 	unnamed TextStim: height = 25.0
273.7184 	EXP 	unnamed TextStim: text = '←'
275.4188 	DATA 	Keypress: left
275.4350 	EXP 	unnamed TextStim: height = 25.0
275.4350 	EXP 	unnamed TextStim: height = 25.0
275.4350 	EXP 	unnamed TextStim: height = 25.0
275.4350 	EXP 	unnamed TextStim: text = '↓'
277.1857 	DATA 	Keypress: down
277.2019 	EXP 	unnamed TextStim: text = '↓'
279.0027 	DATA 	Keypress: down
279.0186 	EXP 	unnamed TextStim: height = 25.0
279.0186 	EXP 	unnamed TextStim: height = 25.0
279.0186 	EXP 	unnamed TextStim: height = 25.0
279.0186 	EXP 	unnamed TextStim: text = '→'
280.4358 	DATA 	Keypress: right
280.4520 	EXP 	unnamed TextStim: height = 25.0
280.4520 	EXP 	unnamed TextStim: height = 25.0
280.4520 	EXP 	unnamed TextStim: height = 25.0
280.4520 	EXP 	unnamed TextStim: text = '←'
281.7026 	DATA 	Keypress: left
281.7186 	EXP 	unnamed TextStim: height = 25.0
281.7186 	EXP 	unnamed TextStim: height = 25.0
281.7186 	EXP 	unnamed TextStim: height = 25.0
281.7186 	EXP 	unnamed TextStim: text = '↑'
283.2526 	DATA 	Keypress: up
283.2687 	EXP 	unnamed TextStim: height = 25.0
283.2687 	EXP 	unnamed TextStim: height = 25.0
283.2687 	EXP 	unnamed TextStim: height = 25.0
283.2687 	EXP 	unnamed TextStim: text = '↓'
284.5026 	DATA 	Keypress: down
284.5188 	EXP 	unnamed TextStim: height = 25.0
284.5188 	EXP 	unnamed TextStim: height = 25.0
284.5188 	EXP 	unnamed TextStim: height = 25.0
284.5188 	EXP 	unnamed TextStim: text = '↑'
285.9695 	DATA 	Keypress: up
285.9856 	EXP 	unnamed TextStim: height = 25.0
285.9856 	EXP 	unnamed TextStim: height = 25.0
285.9856 	EXP 	unnamed TextStim: height = 25.0
285.9856 	EXP 	unnamed TextStim: text = '←'
287.4362 	DATA 	Keypress: left
287.4521 	EXP 	unnamed TextStim: height = 25.0
287.4521 	EXP 	unnamed TextStim: height = 25.0
287.4521 	EXP 	unnamed TextStim: height = 25.0
287.4521 	EXP 	unnamed TextStim: text = '↑'
288.7361 	DATA 	Keypress: up
288.7524 	EXP 	unnamed TextStim: height = 25.0
288.7524 	EXP 	unnamed TextStim: height = 25.0
288.7524 	EXP 	unnamed TextStim: height = 25.0
288.7524 	EXP 	unnamed TextStim: text = '←'
290.2528 	DATA 	Keypress: left
290.2691 	EXP 	unnamed TextStim: height = 25.0
290.2691 	EXP 	unnamed TextStim: height = 25.0
290.2691 	EXP 	unnamed TextStim: height = 25.0
290.2691 	EXP 	unnamed TextStim: text = '→'
291.5029 	DATA 	Keypress: right
291.5190 	EXP 	unnamed TextStim: height = 25.0
291.5190 	EXP 	unnamed TextStim: height = 25.0
291.5190 	EXP 	unnamed TextStim: height = 25.0
291.5190 	EXP 	unnamed TextStim: text = '←'
292.8362 	DATA 	Keypress: left
292.8525 	EXP 	unnamed TextStim: height = 25.0
292.8525 	EXP 	unnamed TextStim: height = 25.0
292.8525 	EXP 	unnamed TextStim: height = 25.0
292.8525 	EXP 	unnamed TextStim: text = '↓'
294.2029 	DATA 	Keypress: down
294.3668 	EXP 	Created unnamed ImageStim = ImageStim(__class__=<class 'psychopy.visual.image.ImageStim'>, anchor=('center', 'center'), autoLog=True, color=array([1., 1., 1.]), colorSpace='rgb', contrast=1.0, depth=0, flipHoriz=False, flipVert=False, image='break.jpg', interpolate=True, mask=None, maskParams=None, name='unnamed ImageStim', opacity=1.0, ori=0.0, pos=array([0., 0.]), size=array([1536.,  864.]), texRes=128, units='pix', win=Window(...))
295.0917 	DATA 	Keypress: space
295.1023 	EXP 	unnamed TextStim: height = 25.0
295.1023 	EXP 	unnamed TextStim: height = 25.0
295.1023 	EXP 	unnamed TextStim: height = 25.0
295.1023 	EXP 	unnamed TextStim: text = '←'
296.4198 	DATA 	Keypress: left
296.4358 	EXP 	unnamed TextStim: height = 25.0
296.4358 	EXP 	unnamed TextStim: height = 25.0
296.4358 	EXP 	unnamed TextStim: height = 25.0
296.4358 	EXP 	unnamed TextStim: text = '→'
297.7697 	DATA 	Keypress: right
297.7860 	EXP 	unnamed TextStim: text = '→'
299.2531 	DATA 	Keypress: left
299.2694 	EXP 	unnamed TextStim: text = '→'
300.6533 	DATA 	Keypress: right
300.6692 	EXP 	unnamed TextStim: height = 25.0
300.6692 	EXP 	unnamed TextStim: height = 25.0
300.6692 	EXP 	unnamed TextStim: height = 25.0
300.6692 	EXP 	unnamed TextStim: text = '←'
302.3034 	DATA 	Keypress: left
302.3193 	EXP 	unnamed TextStim: height = 25.0
302.3193 	EXP 	unnamed TextStim: height = 25.0
302.3193 	EXP 	unnamed TextStim: height = 25.0
302.3193 	EXP 	unnamed TextStim: text = '↑'
303.9868 	DATA 	Keypress: up
304.0027 	EXP 	unnamed TextStim: text = '↑'
305.5368 	DATA 	Keypress: up
305.5528 	EXP 	unnamed TextStim: height = 25.0
305.5528 	EXP 	unnamed TextStim: height = 25.0
305.5528 	EXP 	unnamed TextStim: height = 25.0
305.5528 	EXP 	unnamed TextStim: text = '↓'
307.0534 	DATA 	Keypress: down
307.0696 	EXP 	unnamed TextStim: height = 25.0
307.0696 	EXP 	unnamed TextStim: height = 25.0
307.0696 	EXP 	unnamed TextStim: height = 25.0
307.0696 	EXP 	unnamed TextStim: text = '→'
308.6535 	DATA 	Keypress: right
308.6696 	EXP 	unnamed TextStim: text = '→'
310.2203 	DATA 	Keypress: right
310.2361 	EXP 	unnamed TextStim: height = 25.0
310.2361 	EXP 	unnamed TextStim: height = 25.0
310.2361 	EXP 	unnamed TextStim: height = 25.0
310.2361 	EXP 	unnamed TextStim: text = '↓'
311.7203 	DATA 	Keypress: down
311.7364 	EXP 	unnamed TextStim: height = 25.0
311.7364 	EXP 	unnamed TextStim: height = 25.0
311.7364 	EXP 	unnamed TextStim: height = 25.0
311.7364 	EXP 	unnamed TextStim: text = '←'
313.1055 	DATA 	Keypress: left
313.1365 	EXP 	unnamed TextStim: height = 25.0
313.1365 	EXP 	unnamed TextStim: height = 25.0
313.1365 	EXP 	unnamed TextStim: height = 25.0
313.1365 	EXP 	unnamed TextStim: text = '↓'
314.5875 	DATA 	Keypress: down
314.6031 	EXP 	unnamed TextStim: height = 25.0
314.6031 	EXP 	unnamed TextStim: height = 25.0
314.6031 	EXP 	unnamed TextStim: height = 25.0
314.6031 	EXP 	unnamed TextStim: text = '←'
316.2386 	DATA 	Keypress: left
316.2699 	EXP 	unnamed TextStim: text = '←'
317.7886 	DATA 	Keypress: left
317.8203 	EXP 	unnamed TextStim: height = 25.0
317.8203 	EXP 	unnamed TextStim: height = 25.0
317.8203 	EXP 	unnamed TextStim: height = 25.0
317.8203 	EXP 	unnamed TextStim: text = '↓'
319.0872 	DATA 	Keypress: down
319.1034 	EXP 	unnamed TextStim: height = 25.0
319.1034 	EXP 	unnamed TextStim: height = 25.0
319.1034 	EXP 	unnamed TextStim: height = 25.0
319.1034 	EXP 	unnamed TextStim: text = '→'
320.4040 	DATA 	Keypress: right
320.4201 	EXP 	unnamed TextStim: height = 25.0
320.4201 	EXP 	unnamed TextStim: height = 25.0
320.4201 	EXP 	unnamed TextStim: height = 25.0
320.4201 	EXP 	unnamed TextStim: text = '↑'
322.1044 	DATA 	Keypress: down
322.1201 	EXP 	unnamed TextStim: height = 25.0
322.1201 	EXP 	unnamed TextStim: height = 25.0
322.1201 	EXP 	unnamed TextStim: height = 25.0
322.1201 	EXP 	unnamed TextStim: text = '←'
322.4213 	DATA 	Keypress: up
323.4722 	DATA 	Keypress: left
323.6502 	EXP 	Created unnamed ImageStim = ImageStim(__class__=<class 'psychopy.visual.image.ImageStim'>, anchor=('center', 'center'), autoLog=True, color=array([1., 1., 1.]), colorSpace='rgb', contrast=1.0, depth=0, flipHoriz=False, flipVert=False, image='break.jpg', interpolate=True, mask=None, maskParams=None, name='unnamed ImageStim', opacity=1.0, ori=0.0, pos=array([0., 0.]), size=array([1536.,  864.]), texRes=128, units='pix', win=Window(...))
324.2590 	DATA 	Keypress: space
324.2700 	EXP 	unnamed TextStim: height = 25.0
324.2700 	EXP 	unnamed TextStim: height = 25.0
324.2700 	EXP 	unnamed TextStim: height = 25.0
324.2700 	EXP 	unnamed TextStim: text = '→'
325.6205 	DATA 	Keypress: right
325.6367 	EXP 	unnamed TextStim: height = 25.0
325.6367 	EXP 	unnamed TextStim: height = 25.0
325.6367 	EXP 	unnamed TextStim: height = 25.0
325.6367 	EXP 	unnamed TextStim: text = '↑'
327.3044 	DATA 	Keypress: up
327.3203 	EXP 	unnamed TextStim: height = 25.0
327.3203 	EXP 	unnamed TextStim: height = 25.0
327.3203 	EXP 	unnamed TextStim: height = 25.0
327.3203 	EXP 	unnamed TextStim: text = '←'
328.7542 	DATA 	Keypress: left
328.7704 	EXP 	unnamed TextStim: height = 25.0
328.7704 	EXP 	unnamed TextStim: height = 25.0
328.7704 	EXP 	unnamed TextStim: height = 25.0
328.7704 	EXP 	unnamed TextStim: text = '↑'
330.0376 	DATA 	Keypress: up
330.0538 	EXP 	unnamed TextStim: height = 25.0
330.0538 	EXP 	unnamed TextStim: height = 25.0
330.0538 	EXP 	unnamed TextStim: height = 25.0
330.0538 	EXP 	unnamed TextStim: text = '→'
331.5710 	DATA 	Keypress: right
331.5871 	EXP 	unnamed TextStim: height = 25.0
331.5871 	EXP 	unnamed TextStim: height = 25.0
331.5871 	EXP 	unnamed TextStim: height = 25.0
331.5871 	EXP 	unnamed TextStim: text = '↓'
333.0044 	DATA 	Keypress: down
333.0205 	EXP 	unnamed TextStim: height = 25.0
333.0205 	EXP 	unnamed TextStim: height = 25.0
333.0205 	EXP 	unnamed TextStim: height = 25.0
333.0205 	EXP 	unnamed TextStim: text = '→'
334.6875 	DATA 	Keypress: right
334.7039 	EXP 	unnamed TextStim: height = 25.0
334.7039 	EXP 	unnamed TextStim: height = 25.0
334.7039 	EXP 	unnamed TextStim: height = 25.0
334.7039 	EXP 	unnamed TextStim: text = '↑'
336.2061 	DATA 	Keypress: up
336.2374 	EXP 	unnamed TextStim: height = 25.0
336.2374 	EXP 	unnamed TextStim: height = 25.0
336.2374 	EXP 	unnamed TextStim: height = 25.0
336.2374 	EXP 	unnamed TextStim: text = '↓'
337.7213 	DATA 	Keypress: left
337.7373 	EXP 	unnamed TextStim: height = 25.0
337.7373 	EXP 	unnamed TextStim: height = 25.0
337.7373 	EXP 	unnamed TextStim: height = 25.0
337.7373 	EXP 	unnamed TextStim: text = '↑'
339.1219 	DATA 	Keypress: up
339.1539 	EXP 	unnamed TextStim: height = 25.0
339.1539 	EXP 	unnamed TextStim: height = 25.0
339.1539 	EXP 	unnamed TextStim: height = 25.0
339.1539 	EXP 	unnamed TextStim: text = '→'
340.6713 	DATA 	Keypress: right
340.6875 	EXP 	unnamed TextStim: text = '→'
341.9381 	DATA 	Keypress: right
341.9541 	EXP 	unnamed TextStim: height = 25.0
341.9541 	EXP 	unnamed TextStim: height = 25.0
341.9541 	EXP 	unnamed TextStim: height = 25.0
341.9541 	EXP 	unnamed TextStim: text = '↑'
343.1730 	DATA 	Keypress: up
343.2045 	EXP 	unnamed TextStim: height = 25.0
343.2045 	EXP 	unnamed TextStim: height = 25.0
343.2045 	EXP 	unnamed TextStim: height = 25.0
343.2045 	EXP 	unnamed TextStim: text = '←'
344.8382 	DATA 	Keypress: left
344.8543 	EXP 	unnamed TextStim: height = 25.0
344.8543 	EXP 	unnamed TextStim: height = 25.0
344.8543 	EXP 	unnamed TextStim: height = 25.0
344.8543 	EXP 	unnamed TextStim: text = '→'
346.2212 	DATA 	Keypress: right
346.2376 	EXP 	unnamed TextStim: text = '→'
347.6382 	DATA 	Keypress: right
347.6545 	EXP 	unnamed TextStim: height = 25.0
347.6545 	EXP 	unnamed TextStim: height = 25.0
347.6545 	EXP 	unnamed TextStim: height = 25.0
347.6545 	EXP 	unnamed TextStim: text = '↓'
349.1224 	DATA 	Keypress: down
349.1374 	EXP 	unnamed TextStim: height = 25.0
349.1374 	EXP 	unnamed TextStim: height = 25.0
349.1374 	EXP 	unnamed TextStim: height = 25.0
349.1374 	EXP 	unnamed TextStim: text = '↑'
350.8556 	DATA 	Keypress: up
350.8710 	EXP 	unnamed TextStim: height = 25.0
350.8710 	EXP 	unnamed TextStim: height = 25.0
350.8710 	EXP 	unnamed TextStim: height = 25.0
350.8710 	EXP 	unnamed TextStim: text = '→'
352.5718 	DATA 	Keypress: right
352.7419 	EXP 	Created unnamed ImageStim = ImageStim(__class__=<class 'psychopy.visual.image.ImageStim'>, anchor=('center', 'center'), autoLog=True, color=array([1., 1., 1.]), colorSpace='rgb', contrast=1.0, depth=0, flipHoriz=False, flipVert=False, image='break.jpg', interpolate=True, mask=None, maskParams=None, name='unnamed ImageStim', opacity=1.0, ori=0.0, pos=array([0., 0.]), size=array([1536.,  864.]), texRes=128, units='pix', win=Window(...))
353.2859 	DATA 	Keypress: space
353.2874 	EXP 	unnamed TextStim: text = '→'
354.8385 	DATA 	Keypress: right
354.8546 	EXP 	unnamed TextStim: height = 25.0
354.8546 	EXP 	unnamed TextStim: height = 25.0
354.8546 	EXP 	unnamed TextStim: height = 25.0
354.8546 	EXP 	unnamed TextStim: text = '↓'
356.1577 	DATA 	Keypress: down
356.1880 	EXP 	unnamed TextStim: height = 25.0
356.1880 	EXP 	unnamed TextStim: height = 25.0
356.1880 	EXP 	unnamed TextStim: height = 25.0
356.1880 	EXP 	unnamed TextStim: text = '↑'
357.7387 	DATA 	Keypress: up
357.7547 	EXP 	unnamed TextStim: text = '↑'
359.3884 	DATA 	Keypress: up
359.4048 	EXP 	unnamed TextStim: text = '↑'
360.8054 	DATA 	Keypress: up
360.8215 	EXP 	unnamed TextStim: height = 25.0
360.8215 	EXP 	unnamed TextStim: height = 25.0
360.8215 	EXP 	unnamed TextStim: height = 25.0
360.8215 	EXP 	unnamed TextStim: text = '→'
362.5224 	DATA 	Keypress: right
362.5381 	EXP 	unnamed TextStim: text = '→'
364.3056 	DATA 	Keypress: right
364.3217 	EXP 	unnamed TextStim: height = 25.0
364.3217 	EXP 	unnamed TextStim: height = 25.0
364.3217 	EXP 	unnamed TextStim: height = 25.0
364.3217 	EXP 	unnamed TextStim: text = '↑'
365.5387 	DATA 	Keypress: up
365.5549 	EXP 	unnamed TextStim: height = 25.0
365.5549 	EXP 	unnamed TextStim: height = 25.0
365.5549 	EXP 	unnamed TextStim: height = 25.0
365.5549 	EXP 	unnamed TextStim: text = '←'
366.8408 	DATA 	Keypress: right
366.8719 	EXP 	unnamed TextStim: text = '←'
368.4389 	DATA 	Keypress: up
368.4551 	EXP 	unnamed TextStim: height = 25.0
368.4551 	EXP 	unnamed TextStim: height = 25.0
368.4551 	EXP 	unnamed TextStim: height = 25.0
368.4551 	EXP 	unnamed TextStim: text = '→'
370.0052 	DATA 	Keypress: right
370.0218 	EXP 	unnamed TextStim: text = '→'
371.2891 	DATA 	Keypress: right
371.3051 	EXP 	unnamed TextStim: height = 25.0
371.3051 	EXP 	unnamed TextStim: height = 25.0
371.3051 	EXP 	unnamed TextStim: height = 25.0
371.3051 	EXP 	unnamed TextStim: text = '↑'
372.8906 	DATA 	Keypress: up
372.9220 	EXP 	unnamed TextStim: height = 25.0
372.9220 	EXP 	unnamed TextStim: height = 25.0
372.9220 	EXP 	unnamed TextStim: height = 25.0
372.9220 	EXP 	unnamed TextStim: text = '↓'
374.5391 	DATA 	Keypress: down
374.5554 	EXP 	unnamed TextStim: height = 25.0
374.5554 	EXP 	unnamed TextStim: height = 25.0
374.5554 	EXP 	unnamed TextStim: height = 25.0
374.5554 	EXP 	unnamed TextStim: text = '→'
375.8059 	DATA 	Keypress: right
375.8221 	EXP 	unnamed TextStim: height = 25.0
375.8221 	EXP 	unnamed TextStim: height = 25.0
375.8221 	EXP 	unnamed TextStim: height = 25.0
375.8221 	EXP 	unnamed TextStim: text = '←'
377.3741 	DATA 	Keypress: left
377.4055 	EXP 	unnamed TextStim: height = 25.0
377.4055 	EXP 	unnamed TextStim: height = 25.0
377.4055 	EXP 	unnamed TextStim: height = 25.0
377.4055 	EXP 	unnamed TextStim: text = '↓'
378.9576 	DATA 	Keypress: up
378.9887 	EXP 	unnamed TextStim: height = 25.0
378.9887 	EXP 	unnamed TextStim: height = 25.0
378.9887 	EXP 	unnamed TextStim: height = 25.0
378.9887 	EXP 	unnamed TextStim: text = '→'
380.5745 	DATA 	Keypress: down
380.5889 	EXP 	unnamed TextStim: height = 25.0
380.5889 	EXP 	unnamed TextStim: height = 25.0
380.5889 	EXP 	unnamed TextStim: height = 25.0
380.5889 	EXP 	unnamed TextStim: text = '←'
382.0393 	DATA 	Keypress: left
382.1970 	EXP 	Created unnamed ImageStim = ImageStim(__class__=<class 'psychopy.visual.image.ImageStim'>, anchor=('center', 'center'), autoLog=True, color=array([1., 1., 1.]), colorSpace='rgb', contrast=1.0, depth=0, flipHoriz=False, flipVert=False, image='break.jpg', interpolate=True, mask=None, maskParams=None, name='unnamed ImageStim', opacity=1.0, ori=0.0, pos=array([0., 0.]), size=array([1536.,  864.]), texRes=128, units='pix', win=Window(...))
382.8869 	DATA 	Keypress: space
382.8897 	EXP 	unnamed TextStim: height = 25.0
382.8897 	EXP 	unnamed TextStim: height = 25.0
382.8897 	EXP 	unnamed TextStim: height = 25.0
382.8897 	EXP 	unnamed TextStim: text = '→'
384.4896 	DATA 	Keypress: right
384.5058 	EXP 	unnamed TextStim: height = 25.0
384.5058 	EXP 	unnamed TextStim: height = 25.0
384.5058 	EXP 	unnamed TextStim: height = 25.0
384.5058 	EXP 	unnamed TextStim: text = '↓'
386.1395 	DATA 	Keypress: down
386.1558 	EXP 	unnamed TextStim: height = 25.0
386.1558 	EXP 	unnamed TextStim: height = 25.0
386.1558 	EXP 	unnamed TextStim: height = 25.0
386.1558 	EXP 	unnamed TextStim: text = '→'
387.4731 	DATA 	Keypress: right
387.4892 	EXP 	unnamed TextStim: text = '→'
389.1232 	DATA 	Keypress: right
389.1392 	EXP 	unnamed TextStim: height = 25.0
389.1392 	EXP 	unnamed TextStim: height = 25.0
389.1392 	EXP 	unnamed TextStim: height = 25.0
389.1392 	EXP 	unnamed TextStim: text = '↑'
390.6565 	DATA 	Keypress: up
390.6726 	EXP 	unnamed TextStim: height = 25.0
390.6726 	EXP 	unnamed TextStim: height = 25.0
390.6726 	EXP 	unnamed TextStim: height = 25.0
390.6726 	EXP 	unnamed TextStim: text = '↓'
392.2065 	DATA 	Keypress: down
392.2226 	EXP 	unnamed TextStim: text = '↓'
393.9237 	DATA 	Keypress: down
393.9393 	EXP 	unnamed TextStim: height = 25.0
393.9393 	EXP 	unnamed TextStim: height = 25.0
393.9393 	EXP 	unnamed TextStim: height = 25.0
393.9393 	EXP 	unnamed TextStim: text = '↑'
395.3903 	DATA 	Keypress: up
395.4061 	EXP 	unnamed TextStim: text = '↑'
397.1566 	DATA 	Keypress: up
397.1728 	EXP 	unnamed TextStim: height = 25.0
397.1728 	EXP 	unnamed TextStim: height = 25.0
397.1728 	EXP 	unnamed TextStim: height = 25.0
397.1728 	EXP 	unnamed TextStim: text = '↓'
398.6400 	DATA 	Keypress: down
398.6561 	EXP 	unnamed TextStim: height = 25.0
398.6561 	EXP 	unnamed TextStim: height = 25.0
398.6561 	EXP 	unnamed TextStim: height = 25.0
398.6561 	EXP 	unnamed TextStim: text = '←'
400.3235 	DATA 	Keypress: left
400.3395 	EXP 	unnamed TextStim: height = 25.0
400.3395 	EXP 	unnamed TextStim: height = 25.0
400.3395 	EXP 	unnamed TextStim: height = 25.0
400.3395 	EXP 	unnamed TextStim: text = '→'
402.0735 	DATA 	Keypress: right
402.0896 	EXP 	unnamed TextStim: height = 25.0
402.0896 	EXP 	unnamed TextStim: height = 25.0
402.0896 	EXP 	unnamed TextStim: height = 25.0
402.0896 	EXP 	unnamed TextStim: text = '←'
403.7573 	DATA 	Keypress: left
403.7730 	EXP 	unnamed TextStim: height = 25.0
403.7730 	EXP 	unnamed TextStim: height = 25.0
403.7730 	EXP 	unnamed TextStim: height = 25.0
403.7730 	EXP 	unnamed TextStim: text = '↓'
404.9904 	DATA 	Keypress: down
405.0063 	EXP 	unnamed TextStim: height = 25.0
405.0063 	EXP 	unnamed TextStim: height = 25.0
405.0063 	EXP 	unnamed TextStim: height = 25.0
405.0063 	EXP 	unnamed TextStim: text = '←'
406.3076 	DATA 	Keypress: left
406.3231 	EXP 	unnamed TextStim: height = 25.0
406.3231 	EXP 	unnamed TextStim: height = 25.0
406.3231 	EXP 	unnamed TextStim: height = 25.0
406.3231 	EXP 	unnamed TextStim: text = '↓'
407.6069 	DATA 	Keypress: down
407.6231 	EXP 	unnamed TextStim: height = 25.0
407.6231 	EXP 	unnamed TextStim: height = 25.0
407.6231 	EXP 	unnamed TextStim: height = 25.0
407.6231 	EXP 	unnamed TextStim: text = '→'
409.3736 	DATA 	Keypress: right
409.3899 	EXP 	unnamed TextStim: text = '→'
410.8572 	DATA 	Keypress: right
410.8732 	EXP 	unnamed TextStim: height = 25.0
410.8732 	EXP 	unnamed TextStim: height = 25.0
410.8732 	EXP 	unnamed TextStim: height = 25.0
410.8732 	EXP 	unnamed TextStim: text = '←'
412.4906 	DATA 	Keypress: left
412.6564 	EXP 	Created unnamed ImageStim = ImageStim(__class__=<class 'psychopy.visual.image.ImageStim'>, anchor=('center', 'center'), autoLog=True, color=array([1., 1., 1.]), colorSpace='rgb', contrast=1.0, depth=0, flipHoriz=False, flipVert=False, image='break.jpg', interpolate=True, mask=None, maskParams=None, name='unnamed ImageStim', opacity=1.0, ori=0.0, pos=array([0., 0.]), size=array([1536.,  864.]), texRes=128, units='pix', win=Window(...))
413.1945 	DATA 	Keypress: space
413.2063 	EXP 	unnamed TextStim: height = 25.0
413.2063 	EXP 	unnamed TextStim: height = 25.0
413.2063 	EXP 	unnamed TextStim: height = 25.0
413.2063 	EXP 	unnamed TextStim: text = '↑'
414.8739 	DATA 	Keypress: up
414.8902 	EXP 	unnamed TextStim: height = 25.0
414.8902 	EXP 	unnamed TextStim: height = 25.0
414.8902 	EXP 	unnamed TextStim: height = 25.0
414.8902 	EXP 	unnamed TextStim: text = '→'
416.4908 	DATA 	Keypress: right
416.5069 	EXP 	unnamed TextStim: text = '→'
418.0596 	DATA 	Keypress: right
418.0903 	EXP 	unnamed TextStim: height = 25.0
418.0903 	EXP 	unnamed TextStim: height = 25.0
418.0903 	EXP 	unnamed TextStim: height = 25.0
418.0903 	EXP 	unnamed TextStim: text = '←'
419.5242 	DATA 	Keypress: left
419.5404 	EXP 	unnamed TextStim: height = 25.0
419.5404 	EXP 	unnamed TextStim: height = 25.0
419.5404 	EXP 	unnamed TextStim: height = 25.0
419.5404 	EXP 	unnamed TextStim: text = '↓'
420.7576 	DATA 	Keypress: down
420.7737 	EXP 	unnamed TextStim: height = 25.0
420.7737 	EXP 	unnamed TextStim: height = 25.0
420.7737 	EXP 	unnamed TextStim: height = 25.0
420.7737 	EXP 	unnamed TextStim: text = '←'
422.4076 	DATA 	Keypress: left
422.4238 	EXP 	unnamed TextStim: height = 25.0
422.4238 	EXP 	unnamed TextStim: height = 25.0
422.4238 	EXP 	unnamed TextStim: height = 25.0
422.4238 	EXP 	unnamed TextStim: text = '→'
423.9242 	DATA 	Keypress: right
423.9404 	EXP 	unnamed TextStim: height = 25.0
423.9404 	EXP 	unnamed TextStim: height = 25.0
423.9404 	EXP 	unnamed TextStim: height = 25.0
423.9404 	EXP 	unnamed TextStim: text = '↓'
425.3744 	DATA 	Keypress: down
425.3904 	EXP 	unnamed TextStim: text = '↓'
426.5742 	DATA 	Keypress: down
426.5906 	EXP 	unnamed TextStim: height = 25.0
426.5906 	EXP 	unnamed TextStim: height = 25.0
426.5906 	EXP 	unnamed TextStim: height = 25.0
426.5906 	EXP 	unnamed TextStim: text = '↑'
428.2246 	DATA 	Keypress: up
428.2407 	EXP 	unnamed TextStim: height = 25.0
428.2407 	EXP 	unnamed TextStim: height = 25.0
428.2407 	EXP 	unnamed TextStim: height = 25.0
428.2407 	EXP 	unnamed TextStim: text = '→'
429.7077 	DATA 	Keypress: right
429.7240 	EXP 	unnamed TextStim: text = '→'
431.5746 	DATA 	Keypress: right
431.5908 	EXP 	unnamed TextStim: height = 25.0
431.5908 	EXP 	unnamed TextStim: height = 25.0
431.5908 	EXP 	unnamed TextStim: height = 25.0
431.5908 	EXP 	unnamed TextStim: text = '↓'
432.8749 	DATA 	Keypress: down
432.8908 	EXP 	unnamed TextStim: height = 25.0
432.8908 	EXP 	unnamed TextStim: height = 25.0
432.8908 	EXP 	unnamed TextStim: height = 25.0
432.8908 	EXP 	unnamed TextStim: text = '→'
434.5083 	DATA 	Keypress: left
434.5242 	EXP 	unnamed TextStim: height = 25.0
434.5242 	EXP 	unnamed TextStim: height = 25.0
434.5242 	EXP 	unnamed TextStim: height = 25.0
434.5242 	EXP 	unnamed TextStim: text = '↑'
436.3909 	EXP 	unnamed TextStim: text = '↑'
438.0099 	DATA 	Keypress: up
438.0410 	EXP 	unnamed TextStim: height = 25.0
438.0410 	EXP 	unnamed TextStim: height = 25.0
438.0410 	EXP 	unnamed TextStim: height = 25.0
438.0410 	EXP 	unnamed TextStim: text = '←'
439.7583 	DATA 	Keypress: left
439.7743 	EXP 	unnamed TextStim: height = 25.0
439.7743 	EXP 	unnamed TextStim: height = 25.0
439.7743 	EXP 	unnamed TextStim: height = 25.0
439.7743 	EXP 	unnamed TextStim: text = '→'
441.0250 	DATA 	Keypress: right
441.0411 	EXP 	unnamed TextStim: height = 25.0
441.0411 	EXP 	unnamed TextStim: height = 25.0
441.0411 	EXP 	unnamed TextStim: height = 25.0
441.0411 	EXP 	unnamed TextStim: text = '←'
442.3417 	DATA 	Keypress: left
442.5047 	EXP 	Created unnamed ImageStim = ImageStim(__class__=<class 'psychopy.visual.image.ImageStim'>, anchor=('center', 'center'), autoLog=True, color=array([1., 1., 1.]), colorSpace='rgb', contrast=1.0, depth=0, flipHoriz=False, flipVert=False, image='break.jpg', interpolate=True, mask=None, maskParams=None, name='unnamed ImageStim', opacity=1.0, ori=0.0, pos=array([0., 0.]), size=array([1536.,  864.]), texRes=128, units='pix', win=Window(...))
443.0939 	DATA 	Keypress: space
443.1074 	EXP 	unnamed TextStim: height = 25.0
443.1074 	EXP 	unnamed TextStim: height = 25.0
443.1074 	EXP 	unnamed TextStim: height = 25.0
443.1074 	EXP 	unnamed TextStim: text = '↓'
444.3751 	DATA 	Keypress: down
444.3912 	EXP 	unnamed TextStim: height = 25.0
444.3912 	EXP 	unnamed TextStim: height = 25.0
444.3912 	EXP 	unnamed TextStim: height = 25.0
444.3912 	EXP 	unnamed TextStim: text = '→'
445.7421 	DATA 	Keypress: right
445.7577 	EXP 	unnamed TextStim: text = '→'
447.5913 	EXP 	unnamed TextStim: height = 25.0
447.5913 	EXP 	unnamed TextStim: height = 25.0
447.5913 	EXP 	unnamed TextStim: height = 25.0
447.5913 	EXP 	unnamed TextStim: text = '←'
447.6091 	DATA 	Keypress: right
448.9919 	DATA 	Keypress: left
449.0079 	EXP 	unnamed TextStim: height = 25.0
449.0079 	EXP 	unnamed TextStim: height = 25.0
449.0079 	EXP 	unnamed TextStim: height = 25.0
449.0079 	EXP 	unnamed TextStim: text = '↓'
450.3087 	DATA 	Keypress: down
450.3248 	EXP 	unnamed TextStim: height = 25.0
450.3248 	EXP 	unnamed TextStim: height = 25.0
450.3248 	EXP 	unnamed TextStim: height = 25.0
450.3248 	EXP 	unnamed TextStim: text = '→'
451.9087 	DATA 	Keypress: right
451.9248 	EXP 	unnamed TextStim: height = 25.0
451.9248 	EXP 	unnamed TextStim: height = 25.0
451.9248 	EXP 	unnamed TextStim: height = 25.0
451.9248 	EXP 	unnamed TextStim: text = '←'
453.3754 	DATA 	Keypress: left
453.3915 	EXP 	unnamed TextStim: text = '←'
455.0921 	DATA 	Keypress: left
455.1082 	EXP 	unnamed TextStim: height = 25.0
455.1082 	EXP 	unnamed TextStim: height = 25.0
455.1082 	EXP 	unnamed TextStim: height = 25.0
455.1082 	EXP 	unnamed TextStim: text = '→'
456.6422 	DATA 	Keypress: right
456.6583 	EXP 	unnamed TextStim: text = '→'
458.1257 	DATA 	Keypress: right
458.1417 	EXP 	unnamed TextStim: text = '→'
459.3423 	DATA 	Keypress: right
459.3584 	EXP 	unnamed TextStim: height = 25.0
459.3584 	EXP 	unnamed TextStim: height = 25.0
459.3584 	EXP 	unnamed TextStim: height = 25.0
459.3584 	EXP 	unnamed TextStim: text = '←'
460.9090 	DATA 	Keypress: left
460.9251 	EXP 	unnamed TextStim: text = '←'
462.6091 	DATA 	Keypress: left
462.6252 	EXP 	unnamed TextStim: text = '←'
464.0091 	DATA 	Keypress: left
464.0253 	EXP 	unnamed TextStim: height = 25.0
464.0253 	EXP 	unnamed TextStim: height = 25.0
464.0253 	EXP 	unnamed TextStim: height = 25.0
464.0253 	EXP 	unnamed TextStim: text = '↑'
465.4422 	DATA 	Keypress: up
465.4586 	EXP 	unnamed TextStim: height = 25.0
465.4586 	EXP 	unnamed TextStim: height = 25.0
465.4586 	EXP 	unnamed TextStim: height = 25.0
465.4586 	EXP 	unnamed TextStim: text = '↓'
467.2424 	DATA 	Keypress: down
467.2587 	EXP 	unnamed TextStim: text = '↓'
468.4927 	DATA 	Keypress: down
468.5088 	EXP 	unnamed TextStim: text = '↓'
470.2260 	DATA 	Keypress: down
470.2421 	EXP 	unnamed TextStim: height = 25.0
470.2421 	EXP 	unnamed TextStim: height = 25.0
470.2421 	EXP 	unnamed TextStim: height = 25.0
470.2421 	EXP 	unnamed TextStim: text = '←'
471.5426 	DATA 	Keypress: down
471.7004 	EXP 	Created unnamed ImageStim = ImageStim(__class__=<class 'psychopy.visual.image.ImageStim'>, anchor=('center', 'center'), autoLog=True, color=array([1., 1., 1.]), colorSpace='rgb', contrast=1.0, depth=0, flipHoriz=False, flipVert=False, image='break.jpg', interpolate=True, mask=None, maskParams=None, name='unnamed ImageStim', opacity=1.0, ori=0.0, pos=array([0., 0.]), size=array([1536.,  864.]), texRes=128, units='pix', win=Window(...))
472.2554 	DATA 	Keypress: space
472.2606 	EXP 	unnamed TextStim: height = 25.0
472.2606 	EXP 	unnamed TextStim: height = 25.0
472.2606 	EXP 	unnamed TextStim: height = 25.0
472.2606 	EXP 	unnamed TextStim: text = '↓'
473.9923 	EXP 	unnamed TextStim: height = 25.0
473.9923 	EXP 	unnamed TextStim: height = 25.0
473.9923 	EXP 	unnamed TextStim: height = 25.0
473.9923 	EXP 	unnamed TextStim: text = '→'
474.1935 	DATA 	Keypress: down
475.6757 	EXP 	unnamed TextStim: height = 25.0
475.6757 	EXP 	unnamed TextStim: height = 25.0
475.6757 	EXP 	unnamed TextStim: height = 25.0
475.6757 	EXP 	unnamed TextStim: text = '←'
475.7101 	DATA 	Keypress: right
477.0096 	DATA 	Keypress: left
477.0257 	EXP 	unnamed TextStim: height = 25.0
477.0257 	EXP 	unnamed TextStim: height = 25.0
477.0257 	EXP 	unnamed TextStim: height = 25.0
477.0257 	EXP 	unnamed TextStim: text = '↑'
478.5780 	DATA 	Keypress: up
478.6091 	EXP 	unnamed TextStim: height = 25.0
478.6091 	EXP 	unnamed TextStim: height = 25.0
478.6091 	EXP 	unnamed TextStim: height = 25.0
478.6091 	EXP 	unnamed TextStim: text = '↓'
480.0596 	DATA 	Keypress: down
480.0757 	EXP 	unnamed TextStim: height = 25.0
480.0757 	EXP 	unnamed TextStim: height = 25.0
480.0757 	EXP 	unnamed TextStim: height = 25.0
480.0757 	EXP 	unnamed TextStim: text = '↑'
481.6109 	DATA 	Keypress: up
481.6258 	EXP 	unnamed TextStim: height = 25.0
481.6258 	EXP 	unnamed TextStim: height = 25.0
481.6258 	EXP 	unnamed TextStim: height = 25.0
481.6258 	EXP 	unnamed TextStim: text = '←'
483.0764 	DATA 	Keypress: left
483.0926 	EXP 	unnamed TextStim: text = '←'
484.6932 	DATA 	Keypress: left
484.7093 	EXP 	unnamed TextStim: height = 25.0
484.7093 	EXP 	unnamed TextStim: height = 25.0
484.7093 	EXP 	unnamed TextStim: height = 25.0
484.7093 	EXP 	unnamed TextStim: text = '↑'
486.2927 	EXP 	unnamed TextStim: height = 25.0
486.2927 	EXP 	unnamed TextStim: height = 25.0
486.2927 	EXP 	unnamed TextStim: height = 25.0
486.2927 	EXP 	unnamed TextStim: text = '→'
486.3105 	DATA 	Keypress: up
488.0597 	DATA 	Keypress: right
488.0762 	EXP 	unnamed TextStim: height = 25.0
488.0762 	EXP 	unnamed TextStim: height = 25.0
488.0762 	EXP 	unnamed TextStim: height = 25.0
488.0762 	EXP 	unnamed TextStim: text = '↓'
489.5432 	DATA 	Keypress: down
489.5595 	EXP 	unnamed TextStim: height = 25.0
489.5595 	EXP 	unnamed TextStim: height = 25.0
489.5595 	EXP 	unnamed TextStim: height = 25.0
489.5595 	EXP 	unnamed TextStim: text = '←'
490.8766 	DATA 	Keypress: left
490.8927 	EXP 	unnamed TextStim: height = 25.0
490.8927 	EXP 	unnamed TextStim: height = 25.0
490.8927 	EXP 	unnamed TextStim: height = 25.0
490.8927 	EXP 	unnamed TextStim: text = '↑'
492.4934 	DATA 	Keypress: up
492.5095 	EXP 	unnamed TextStim: height = 25.0
492.5095 	EXP 	unnamed TextStim: height = 25.0
492.5095 	EXP 	unnamed TextStim: height = 25.0
492.5095 	EXP 	unnamed TextStim: text = '←'
494.1276 	DATA 	Keypress: left
494.1430 	EXP 	unnamed TextStim: text = '←'
495.3601 	DATA 	Keypress: left
495.3763 	EXP 	unnamed TextStim: height = 25.0
495.3763 	EXP 	unnamed TextStim: height = 25.0
495.3763 	EXP 	unnamed TextStim: height = 25.0
495.3763 	EXP 	unnamed TextStim: text = '→'
496.8103 	DATA 	Keypress: right
496.8264 	EXP 	unnamed TextStim: height = 25.0
496.8264 	EXP 	unnamed TextStim: height = 25.0
496.8264 	EXP 	unnamed TextStim: height = 25.0
496.8264 	EXP 	unnamed TextStim: text = '↑'
498.2955 	DATA 	Keypress: up
498.3264 	EXP 	unnamed TextStim: height = 25.0
498.3264 	EXP 	unnamed TextStim: height = 25.0
498.3264 	EXP 	unnamed TextStim: height = 25.0
498.3264 	EXP 	unnamed TextStim: text = '→'
500.0271 	DATA 	Keypress: right
500.0432 	EXP 	unnamed TextStim: height = 25.0
500.0432 	EXP 	unnamed TextStim: height = 25.0
500.0432 	EXP 	unnamed TextStim: height = 25.0
500.0432 	EXP 	unnamed TextStim: text = '←'
501.4786 	DATA 	Keypress: left
501.6655 	EXP 	Created unnamed ImageStim = ImageStim(__class__=<class 'psychopy.visual.image.ImageStim'>, anchor=('center', 'center'), autoLog=True, color=array([1., 1., 1.]), colorSpace='rgb', contrast=1.0, depth=0, flipHoriz=False, flipVert=False, image='break.jpg', interpolate=True, mask=None, maskParams=None, name='unnamed ImageStim', opacity=1.0, ori=0.0, pos=array([0., 0.]), size=array([1536.,  864.]), texRes=128, units='pix', win=Window(...))
502.1868 	DATA 	Keypress: space
502.1930 	EXP 	unnamed TextStim: height = 25.0
502.1930 	EXP 	unnamed TextStim: height = 25.0
502.1930 	EXP 	unnamed TextStim: height = 25.0
502.1930 	EXP 	unnamed TextStim: text = '↓'
504.0106 	DATA 	Keypress: down
504.0267 	EXP 	unnamed TextStim: height = 25.0
504.0267 	EXP 	unnamed TextStim: height = 25.0
504.0267 	EXP 	unnamed TextStim: height = 25.0
504.0267 	EXP 	unnamed TextStim: text = '←'
505.3438 	DATA 	Keypress: left
505.3600 	EXP 	unnamed TextStim: height = 25.0
505.3600 	EXP 	unnamed TextStim: height = 25.0
505.3600 	EXP 	unnamed TextStim: height = 25.0
505.3600 	EXP 	unnamed TextStim: text = '↓'
507.0440 	DATA 	Keypress: down
507.0601 	EXP 	unnamed TextStim: text = '↓'
508.2440 	DATA 	Keypress: down
508.2601 	EXP 	unnamed TextStim: text = '↓'
509.8275 	DATA 	Keypress: down
509.8436 	EXP 	unnamed TextStim: height = 25.0
509.8436 	EXP 	unnamed TextStim: height = 25.0
509.8436 	EXP 	unnamed TextStim: height = 25.0
509.8436 	EXP 	unnamed TextStim: text = '→'
511.0774 	DATA 	Keypress: down
511.0935 	EXP 	unnamed TextStim: height = 25.0
511.0935 	EXP 	unnamed TextStim: height = 25.0
511.0935 	EXP 	unnamed TextStim: height = 25.0
511.0935 	EXP 	unnamed TextStim: text = '←'
512.5608 	DATA 	Keypress: left
512.5770 	EXP 	unnamed TextStim: text = '←'
513.9456 	DATA 	Keypress: left
513.9770 	EXP 	unnamed TextStim: height = 25.0
513.9770 	EXP 	unnamed TextStim: height = 25.0
513.9770 	EXP 	unnamed TextStim: height = 25.0
513.9770 	EXP 	unnamed TextStim: text = '↑'
515.5944 	DATA 	Keypress: up
515.6104 	EXP 	unnamed TextStim: text = '↑'
517.1610 	DATA 	Keypress: up
517.1772 	EXP 	unnamed TextStim: height = 25.0
517.1772 	EXP 	unnamed TextStim: height = 25.0
517.1772 	EXP 	unnamed TextStim: height = 25.0
517.1772 	EXP 	unnamed TextStim: text = '↓'
518.8611 	DATA 	Keypress: down
518.8771 	EXP 	unnamed TextStim: height = 25.0
518.8771 	EXP 	unnamed TextStim: height = 25.0
518.8771 	EXP 	unnamed TextStim: height = 25.0
518.8771 	EXP 	unnamed TextStim: text = '←'
520.1945 	DATA 	Keypress: left
520.2106 	EXP 	unnamed TextStim: height = 25.0
520.2106 	EXP 	unnamed TextStim: height = 25.0
520.2106 	EXP 	unnamed TextStim: height = 25.0
520.2106 	EXP 	unnamed TextStim: text = '↑'
521.8446 	DATA 	Keypress: up
521.8606 	EXP 	unnamed TextStim: text = '↑'
523.4446 	DATA 	Keypress: up
523.4607 	EXP 	unnamed TextStim: height = 25.0
523.4607 	EXP 	unnamed TextStim: height = 25.0
523.4607 	EXP 	unnamed TextStim: height = 25.0
523.4607 	EXP 	unnamed TextStim: text = '↓'
524.8780 	DATA 	Keypress: down
524.8940 	EXP 	unnamed TextStim: text = '↓'
526.1781 	DATA 	Keypress: down
526.1941 	EXP 	unnamed TextStim: height = 25.0
526.1941 	EXP 	unnamed TextStim: height = 25.0
526.1941 	EXP 	unnamed TextStim: height = 25.0
526.1941 	EXP 	unnamed TextStim: text = '→'
527.5448 	DATA 	Keypress: right
527.5608 	EXP 	unnamed TextStim: height = 25.0
527.5608 	EXP 	unnamed TextStim: height = 25.0
527.5608 	EXP 	unnamed TextStim: height = 25.0
527.5608 	EXP 	unnamed TextStim: text = '↑'
529.0280 	DATA 	Keypress: up
529.0441 	EXP 	unnamed TextStim: height = 25.0
529.0441 	EXP 	unnamed TextStim: height = 25.0
529.0441 	EXP 	unnamed TextStim: height = 25.0
529.0441 	EXP 	unnamed TextStim: text = '→'
530.8472 	DATA 	Keypress: right
531.0216 	EXP 	Created unnamed ImageStim = ImageStim(__class__=<class 'psychopy.visual.image.ImageStim'>, anchor=('center', 'center'), autoLog=True, color=array([1., 1., 1.]), colorSpace='rgb', contrast=1.0, depth=0, flipHoriz=False, flipVert=False, image='break.jpg', interpolate=True, mask=None, maskParams=None, name='unnamed ImageStim', opacity=1.0, ori=0.0, pos=array([0., 0.]), size=array([1536.,  864.]), texRes=128, units='pix', win=Window(...))
531.7120 	DATA 	Keypress: space
531.7274 	EXP 	unnamed TextStim: height = 25.0
531.7274 	EXP 	unnamed TextStim: height = 25.0
531.7274 	EXP 	unnamed TextStim: height = 25.0
531.7274 	EXP 	unnamed TextStim: text = '↑'
533.2115 	DATA 	Keypress: up
533.2276 	EXP 	unnamed TextStim: height = 25.0
533.2276 	EXP 	unnamed TextStim: height = 25.0
533.2276 	EXP 	unnamed TextStim: height = 25.0
533.2276 	EXP 	unnamed TextStim: text = '←'
534.7117 	DATA 	Keypress: left
534.7278 	EXP 	unnamed TextStim: height = 25.0
534.7278 	EXP 	unnamed TextStim: height = 25.0
534.7278 	EXP 	unnamed TextStim: height = 25.0
534.7278 	EXP 	unnamed TextStim: text = '↓'
536.4116 	DATA 	Keypress: down
536.4278 	EXP 	unnamed TextStim: height = 25.0
536.4278 	EXP 	unnamed TextStim: height = 25.0
536.4278 	EXP 	unnamed TextStim: height = 25.0
536.4278 	EXP 	unnamed TextStim: text = '↑'
538.1633 	DATA 	Keypress: up
538.1945 	EXP 	unnamed TextStim: height = 25.0
538.1945 	EXP 	unnamed TextStim: height = 25.0
538.1945 	EXP 	unnamed TextStim: height = 25.0
538.1945 	EXP 	unnamed TextStim: text = '←'
539.8619 	DATA 	Keypress: left
539.8780 	EXP 	unnamed TextStim: height = 25.0
539.8780 	EXP 	unnamed TextStim: height = 25.0
539.8780 	EXP 	unnamed TextStim: height = 25.0
539.8780 	EXP 	unnamed TextStim: text = '→'
541.1453 	DATA 	Keypress: right
541.1613 	EXP 	unnamed TextStim: height = 25.0
541.1613 	EXP 	unnamed TextStim: height = 25.0
541.1613 	EXP 	unnamed TextStim: height = 25.0
541.1613 	EXP 	unnamed TextStim: text = '↓'
542.7951 	DATA 	Keypress: down
542.8113 	EXP 	unnamed TextStim: height = 25.0
542.8113 	EXP 	unnamed TextStim: height = 25.0
542.8113 	EXP 	unnamed TextStim: height = 25.0
542.8113 	EXP 	unnamed TextStim: text = '↑'
544.5126 	DATA 	Keypress: up
544.5280 	EXP 	unnamed TextStim: text = '↑'
545.9792 	DATA 	Keypress: up
545.9948 	EXP 	unnamed TextStim: height = 25.0
545.9948 	EXP 	unnamed TextStim: height = 25.0
545.9948 	EXP 	unnamed TextStim: height = 25.0
545.9948 	EXP 	unnamed TextStim: text = '←'
547.5789 	DATA 	Keypress: left
547.5949 	EXP 	unnamed TextStim: height = 25.0
547.5949 	EXP 	unnamed TextStim: height = 25.0
547.5949 	EXP 	unnamed TextStim: height = 25.0
547.5949 	EXP 	unnamed TextStim: text = '↓'
549.0954 	DATA 	Keypress: down
549.1116 	EXP 	unnamed TextStim: height = 25.0
549.1116 	EXP 	unnamed TextStim: height = 25.0
549.1116 	EXP 	unnamed TextStim: height = 25.0
549.1116 	EXP 	unnamed TextStim: text = '↑'
550.6289 	DATA 	Keypress: up
550.6450 	EXP 	unnamed TextStim: height = 25.0
550.6450 	EXP 	unnamed TextStim: height = 25.0
550.6450 	EXP 	unnamed TextStim: height = 25.0
550.6450 	EXP 	unnamed TextStim: text = '↓'
552.1122 	DATA 	Keypress: down
552.1284 	EXP 	unnamed TextStim: text = '↓'
553.7790 	DATA 	Keypress: down
553.7949 	EXP 	unnamed TextStim: height = 25.0
553.7949 	EXP 	unnamed TextStim: height = 25.0
553.7949 	EXP 	unnamed TextStim: height = 25.0
553.7949 	EXP 	unnamed TextStim: text = '↑'
555.2622 	DATA 	Keypress: up
555.2785 	EXP 	unnamed TextStim: height = 25.0
555.2785 	EXP 	unnamed TextStim: height = 25.0
555.2785 	EXP 	unnamed TextStim: height = 25.0
555.2785 	EXP 	unnamed TextStim: text = '←'
556.5788 	DATA 	Keypress: left
556.5952 	EXP 	unnamed TextStim: text = '←'
558.1458 	DATA 	Keypress: left
558.1620 	EXP 	unnamed TextStim: height = 25.0
558.1620 	EXP 	unnamed TextStim: height = 25.0
558.1620 	EXP 	unnamed TextStim: height = 25.0
558.1620 	EXP 	unnamed TextStim: text = '↓'
559.5457 	DATA 	Keypress: down
559.5620 	EXP 	unnamed TextStim: height = 25.0
559.5620 	EXP 	unnamed TextStim: height = 25.0
559.5620 	EXP 	unnamed TextStim: height = 25.0
559.5620 	EXP 	unnamed TextStim: text = '←'
560.9291 	DATA 	Keypress: left
561.1040 	EXP 	Created unnamed ImageStim = ImageStim(__class__=<class 'psychopy.visual.image.ImageStim'>, anchor=('center', 'center'), autoLog=True, color=array([1., 1., 1.]), colorSpace='rgb', contrast=1.0, depth=0, flipHoriz=False, flipVert=False, image='break.jpg', interpolate=True, mask=None, maskParams=None, name='unnamed ImageStim', opacity=1.0, ori=0.0, pos=array([0., 0.]), size=array([1536.,  864.]), texRes=128, units='pix', win=Window(...))
562.2470 	DATA 	Keypress: space
562.2619 	EXP 	unnamed TextStim: text = '←'
563.8140 	DATA 	Keypress: left
563.8454 	EXP 	unnamed TextStim: height = 25.0
563.8454 	EXP 	unnamed TextStim: height = 25.0
563.8454 	EXP 	unnamed TextStim: height = 25.0
563.8454 	EXP 	unnamed TextStim: text = '↑'
565.4793 	DATA 	Keypress: up
565.4956 	EXP 	unnamed TextStim: text = '↑'
566.7461 	DATA 	Keypress: down
566.7622 	EXP 	unnamed TextStim: height = 25.0
566.7622 	EXP 	unnamed TextStim: height = 25.0
566.7622 	EXP 	unnamed TextStim: height = 25.0
566.7622 	EXP 	unnamed TextStim: text = '→'
568.2129 	DATA 	Keypress: right
568.2290 	EXP 	unnamed TextStim: height = 25.0
568.2290 	EXP 	unnamed TextStim: height = 25.0
568.2290 	EXP 	unnamed TextStim: height = 25.0
568.2290 	EXP 	unnamed TextStim: text = '↑'
569.7631 	DATA 	Keypress: up
569.7790 	EXP 	unnamed TextStim: text = '↑'
571.1813 	DATA 	Keypress: up
571.2122 	EXP 	unnamed TextStim: text = '↑'
572.3963 	DATA 	Keypress: up
572.4125 	EXP 	unnamed TextStim: text = '↑'
574.0461 	DATA 	Keypress: up
574.0624 	EXP 	unnamed TextStim: height = 25.0
574.0624 	EXP 	unnamed TextStim: height = 25.0
574.0624 	EXP 	unnamed TextStim: height = 25.0
574.0624 	EXP 	unnamed TextStim: text = '↓'
575.6296 	DATA 	Keypress: down
575.6459 	EXP 	unnamed TextStim: height = 25.0
575.6459 	EXP 	unnamed TextStim: height = 25.0
575.6459 	EXP 	unnamed TextStim: height = 25.0
575.6459 	EXP 	unnamed TextStim: text = '←'
577.0633 	DATA 	Keypress: left
577.0794 	EXP 	unnamed TextStim: text = '←'
578.4302 	DATA 	Keypress: left
578.4459 	EXP 	unnamed TextStim: height = 25.0
578.4459 	EXP 	unnamed TextStim: height = 25.0
578.4459 	EXP 	unnamed TextStim: height = 25.0
578.4459 	EXP 	unnamed TextStim: text = '↓'
579.7133 	DATA 	Keypress: left
579.7293 	EXP 	unnamed TextStim: text = '↓'
581.0133 	DATA 	Keypress: down
581.0294 	EXP 	unnamed TextStim: text = '↓'
581.2639 	DATA 	Mouse: Left button down, pos=(864,590)
581.4806 	DATA 	Mouse:  Left button up, pos=(864,590)
582.3318 	DATA 	Keypress: down
582.3628 	EXP 	unnamed TextStim: height = 25.0
582.3628 	EXP 	unnamed TextStim: height = 25.0
582.3628 	EXP 	unnamed TextStim: height = 25.0
582.3628 	EXP 	unnamed TextStim: text = '←'
583.7801 	DATA 	Keypress: down
583.7962 	EXP 	unnamed TextStim: text = '←'
585.1800 	DATA 	Keypress: left
585.1962 	EXP 	unnamed TextStim: height = 25.0
585.1962 	EXP 	unnamed TextStim: height = 25.0
585.1962 	EXP 	unnamed TextStim: height = 25.0
585.1962 	EXP 	unnamed TextStim: text = '↓'
586.3634 	DATA 	Keypress: down
586.3794 	EXP 	unnamed TextStim: height = 25.0
586.3794 	EXP 	unnamed TextStim: height = 25.0
586.3794 	EXP 	unnamed TextStim: height = 25.0
586.3794 	EXP 	unnamed TextStim: text = '←'
587.8821 	DATA 	Keypress: left
587.9130 	EXP 	unnamed TextStim: text = '←'
589.5635 	DATA 	Keypress: left
589.7335 	EXP 	Created unnamed ImageStim = ImageStim(__class__=<class 'psychopy.visual.image.ImageStim'>, anchor=('center', 'center'), autoLog=True, color=array([1., 1., 1.]), colorSpace='rgb', contrast=1.0, depth=0, flipHoriz=False, flipVert=False, image='break.jpg', interpolate=True, mask=None, maskParams=None, name='unnamed ImageStim', opacity=1.0, ori=0.0, pos=array([0., 0.]), size=array([1536.,  864.]), texRes=128, units='pix', win=Window(...))
590.7267 	DATA 	Keypress: space
590.7472 	EXP 	Created unnamed TextStim = TextStim(__class__=<class 'psychopy.visual.text.TextStim'>, alignHoriz=method-wrapper(...), alignText='center', alignVert=method-wrapper(...), anchorHoriz='center', anchorVert='center', antialias=True, autoDraw=False, autoLog=True, bold=False, color=array([-1, -1, -1]), colorSpace='rgb', contrast=1.0, depth=0, flipHoriz=False, flipVert=False, font='', fontFiles=[], height=28.0, italic=False, languageStyle='LTR', name='unnamed TextStim', opacity=1.0, ori=0.0, pos=array([0., 0.]), rgb=UNKNOWN, text=str(...), units='pix', win=Window(...), wrapWidth=1536)
592.4315 	DATA 	Mouse: Left button down, pos=(1032,401)
592.6514 	DATA 	Mouse:  Left button up, pos=(1032,401)
602.9451 	DATA 	Keypress: escape
603.7305 	DATA 	Keypress: space
603.8258 	EXP 	window1: mouseVisible = True
