14.0446 	WARNING 	User requested fullscreen with size [1536  864], but screen is actually [1920, 1080]. Using actual size
15.5639 	INFO 	FRAME RATE: 60
15.5639 	INFO 	SCREEN RES: odict_values([1536, 864])
15.6211 	EXP 	Created unnamed TextStim = TextStim(__class__=<class 'psychopy.visual.text.TextStim'>, alignHoriz=method-wrapper(...), alignText='center', alignVert=method-wrapper(...), anchorHoriz='center', anchorVert='center', antialias=True, autoDraw=False, autoLog=True, bold=False, color=array([-1, -1, -1]), colorSpace='rgb', contrast=1.0, depth=0, flipHoriz=False, flipVert=False, font='', fontFiles=[], height=100.0, italic=False, languageStyle='LTR', name='unnamed TextStim', opacity=1.0, ori=0.0, pos=array([0., 0.]), rgb=UNKNOWN, text='+', units='pix', win=Window(...), wrapWidth=500)
15.6250 	EXP 	Created unnamed Circle = Circle(__class__=<class 'psychopy.visual.circle.Circle'>, anchor=('center', 'center'), autoDraw=False, autoLog=True, closeShape=True, color=method-wrapper(...), colorSpace='rgb', contrast=None, depth=0, fillColor=array([ 0.09019608, -1.        , -1.        ]), fillColorSpace='rgb', fillRGB=array([ 0.09019608, -1.        , -1.        ]), interpolate=True, lineColor=array([ 0.09019608, -1.        , -1.        ]), lineColorSpace='rgb', lineRGB=array([ 0.09019608, -1.        , -1.        ]), lineWidth=1.5, name='unnamed Circle', opacity=1.0, ori=0.0, pos=array([0., 0.]), size=array([1., 1.]), units='pix', vertices=ndarray(...), win=Window(...))
15.6261 	EXP 	Created unnamed TextStim = TextStim(__class__=<class 'psychopy.visual.text.TextStim'>, alignHoriz=method-wrapper(...), alignText='center', alignVert=method-wrapper(...), anchorHoriz='center', anchorVert='center', antialias=True, autoDraw=False, autoLog=True, bold=False, color=array([-0.17647059, -0.17647059, -0.17647059]), colorSpace='rgb', contrast=1.0, depth=0, flipHoriz=False, flipVert=False, font='', fontFiles=[], height=25, italic=False, languageStyle='LTR', name='unnamed TextStim', opacity=1.0, ori=0.0, pos=array([0., 0.]), rgb=UNKNOWN, text='', units='pix', win=Window(...), wrapWidth=500)
15.6359 	EXP 	Created unnamed ImageStim = ImageStim(__class__=<class 'psychopy.visual.image.ImageStim'>, anchor=('center', 'center'), autoLog=True, color=array([1., 1., 1.]), colorSpace='rgb', contrast=1.0, depth=0, flipHoriz=False, flipVert=False, image='mask4.png', interpolate=False, mask=None, maskParams=None, name='unnamed ImageStim', opacity=1.0, ori=0.0, pos=array([0., 0.]), size=array([25., 25.]), texRes=128, units='pix', win=Window(...))
15.6436 	EXP 	Created unnamed TextStim = TextStim(__class__=<class 'psychopy.visual.text.TextStim'>, alignHoriz=method-wrapper(...), alignText='center', alignVert=method-wrapper(...), anchorHoriz='center', anchorVert='center', antialias=True, autoDraw=False, autoLog=True, bold=False, color=array([-1, -1, -1]), colorSpace='rgb', contrast=1.0, depth=0, flipHoriz=False, flipVert=False, font='', fontFiles=[], height=30.0, italic=False, languageStyle='LTR', name='unnamed TextStim', opacity=1.0, ori=0.0, pos=array([ 100., -300.]), rgb=UNKNOWN, text=str(...), units='pix', win=Window(...), wrapWidth=10000)
15.6544 	EXP 	Created unnamed TextStim = TextStim(__class__=<class 'psychopy.visual.text.TextStim'>, alignHoriz=method-wrapper(...), alignText='center', alignVert=method-wrapper(...), anchorHoriz='center', anchorVert='center', antialias=True, autoDraw=False, autoLog=True, bold=False, color=array([-1, -1, -1]), colorSpace='rgb', contrast=1.0, depth=0, flipHoriz=False, flipVert=False, font='', fontFiles=[], height=30.0, italic=False, languageStyle='LTR', name='unnamed TextStim', opacity=1.0, ori=0.0, pos=array([ 100., -330.]), rgb=UNKNOWN, text=str(...), units='pix', win=Window(...), wrapWidth=10000)
15.6917 	EXP 	Created unnamed TextStim = TextStim(__class__=<class 'psychopy.visual.text.TextStim'>, alignHoriz=method-wrapper(...), alignText='center', alignVert=method-wrapper(...), anchorHoriz='center', anchorVert='center', antialias=True, autoDraw=False, autoLog=True, bold=False, color=array([-1, -1, -1]), colorSpace='rgb', contrast=1.0, depth=0, flipHoriz=False, flipVert=False, font='', fontFiles=[], height=28.0, italic=False, languageStyle='LTR', name='unnamed TextStim', opacity=1.0, ori=0.0, pos=array([0., 0.]), rgb=UNKNOWN, text=str(...), units='pix', win=Window(...), wrapWidth=1536)
57.9252 	DATA 	Keypress: space
57.9314 	EXP 	unnamed TextStim: height = 25.0
57.9314 	EXP 	unnamed TextStim: height = 25.0
57.9314 	EXP 	unnamed TextStim: height = 25.0
57.9314 	EXP 	unnamed TextStim: text = '←'
59.7422 	EXP 	Created unnamed TextStim = TextStim(__class__=<class 'psychopy.visual.text.TextStim'>, alignHoriz=method-wrapper(...), alignText='center', alignVert=method-wrapper(...), anchorHoriz='center', anchorVert='center', antialias=True, autoDraw=False, autoLog=True, bold=False, color=array([-1, -1, -1]), colorSpace='rgb', contrast=1.0, depth=0, flipHoriz=False, flipVert=False, font='', fontFiles=[], height=50.0, italic=False, languageStyle='LTR', name='unnamed TextStim', opacity=1.0, ori=0.0, pos=array([0., 0.]), rgb=UNKNOWN, text='Brak reakcji', units='pix', win=Window(...), wrapWidth=500)
61.2434 	EXP 	unnamed TextStim: text = '←'
63.0353 	EXP 	Created unnamed TextStim = TextStim(__class__=<class 'psychopy.visual.text.TextStim'>, alignHoriz=method-wrapper(...), alignText='center', alignVert=method-wrapper(...), anchorHoriz='center', anchorVert='center', antialias=True, autoDraw=False, autoLog=True, bold=False, color=array([-1, -1, -1]), colorSpace='rgb', contrast=1.0, depth=0, flipHoriz=False, flipVert=False, font='', fontFiles=[], height=50.0, italic=False, languageStyle='LTR', name='unnamed TextStim', opacity=1.0, ori=0.0, pos=array([0., 0.]), rgb=UNKNOWN, text='Brak reakcji', units='pix', win=Window(...), wrapWidth=500)
64.3345 	DATA 	Keypress: left
64.5376 	EXP 	unnamed TextStim: height = 25.0
64.5376 	EXP 	unnamed TextStim: height = 25.0
64.5376 	EXP 	unnamed TextStim: height = 25.0
64.5376 	EXP 	unnamed TextStim: text = '↑'
66.2139 	DATA 	Keypress: up
66.2218 	EXP 	Created unnamed TextStim = TextStim(__class__=<class 'psychopy.visual.text.TextStim'>, alignHoriz=method-wrapper(...), alignText='center', alignVert=method-wrapper(...), anchorHoriz='center', anchorVert='center', antialias=True, autoDraw=False, autoLog=True, bold=False, color=array([-1, -1, -1]), colorSpace='rgb', contrast=1.0, depth=0, flipHoriz=False, flipVert=False, font='', fontFiles=[], height=50.0, italic=False, languageStyle='LTR', name='unnamed TextStim', opacity=1.0, ori=0.0, pos=array([0., 0.]), rgb=UNKNOWN, text='Poprawnie', units='pix', win=Window(...), wrapWidth=500)
67.7780 	EXP 	unnamed TextStim: height = 25.0
67.7780 	EXP 	unnamed TextStim: height = 25.0
67.7780 	EXP 	unnamed TextStim: height = 25.0
67.7780 	EXP 	unnamed TextStim: text = '→'
69.4972 	DATA 	Keypress: right
69.5023 	EXP 	Created unnamed TextStim = TextStim(__class__=<class 'psychopy.visual.text.TextStim'>, alignHoriz=method-wrapper(...), alignText='center', alignVert=method-wrapper(...), anchorHoriz='center', anchorVert='center', antialias=True, autoDraw=False, autoLog=True, bold=False, color=array([-1, -1, -1]), colorSpace='rgb', contrast=1.0, depth=0, flipHoriz=False, flipVert=False, font='', fontFiles=[], height=50.0, italic=False, languageStyle='LTR', name='unnamed TextStim', opacity=1.0, ori=0.0, pos=array([0., 0.]), rgb=UNKNOWN, text='Poprawnie', units='pix', win=Window(...), wrapWidth=500)
71.1526 	EXP 	unnamed TextStim: height = 25.0
71.1526 	EXP 	unnamed TextStim: height = 25.0
71.1526 	EXP 	unnamed TextStim: height = 25.0
71.1526 	EXP 	unnamed TextStim: text = '↓'
72.8136 	DATA 	Keypress: down
72.8189 	EXP 	Created unnamed TextStim = TextStim(__class__=<class 'psychopy.visual.text.TextStim'>, alignHoriz=method-wrapper(...), alignText='center', alignVert=method-wrapper(...), anchorHoriz='center', anchorVert='center', antialias=True, autoDraw=False, autoLog=True, bold=False, color=array([-1, -1, -1]), colorSpace='rgb', contrast=1.0, depth=0, flipHoriz=False, flipVert=False, font='', fontFiles=[], height=50.0, italic=False, languageStyle='LTR', name='unnamed TextStim', opacity=1.0, ori=0.0, pos=array([0., 0.]), rgb=UNKNOWN, text='Poprawnie', units='pix', win=Window(...), wrapWidth=500)
74.4019 	EXP 	unnamed TextStim: height = 25.0
74.4019 	EXP 	unnamed TextStim: height = 25.0
74.4019 	EXP 	unnamed TextStim: height = 25.0
74.4019 	EXP 	unnamed TextStim: text = '→'
75.9474 	DATA 	Keypress: right
75.9526 	EXP 	Created unnamed TextStim = TextStim(__class__=<class 'psychopy.visual.text.TextStim'>, alignHoriz=method-wrapper(...), alignText='center', alignVert=method-wrapper(...), anchorHoriz='center', anchorVert='center', antialias=True, autoDraw=False, autoLog=True, bold=False, color=array([-1, -1, -1]), colorSpace='rgb', contrast=1.0, depth=0, flipHoriz=False, flipVert=False, font='', fontFiles=[], height=50.0, italic=False, languageStyle='LTR', name='unnamed TextStim', opacity=1.0, ori=0.0, pos=array([0., 0.]), rgb=UNKNOWN, text='Poprawnie', units='pix', win=Window(...), wrapWidth=500)
77.5968 	EXP 	unnamed TextStim: height = 25.0
77.5968 	EXP 	unnamed TextStim: height = 25.0
77.5968 	EXP 	unnamed TextStim: height = 25.0
77.5968 	EXP 	unnamed TextStim: text = '↓'
79.2644 	DATA 	Keypress: down
79.2697 	EXP 	Created unnamed TextStim = TextStim(__class__=<class 'psychopy.visual.text.TextStim'>, alignHoriz=method-wrapper(...), alignText='center', alignVert=method-wrapper(...), anchorHoriz='center', anchorVert='center', antialias=True, autoDraw=False, autoLog=True, bold=False, color=array([-1, -1, -1]), colorSpace='rgb', contrast=1.0, depth=0, flipHoriz=False, flipVert=False, font='', fontFiles=[], height=50.0, italic=False, languageStyle='LTR', name='unnamed TextStim', opacity=1.0, ori=0.0, pos=array([0., 0.]), rgb=UNKNOWN, text='Poprawnie', units='pix', win=Window(...), wrapWidth=500)
80.7801 	EXP 	unnamed TextStim: height = 25.0
80.7801 	EXP 	unnamed TextStim: height = 25.0
80.7801 	EXP 	unnamed TextStim: height = 25.0
80.7801 	EXP 	unnamed TextStim: text = '↑'
82.2644 	DATA 	Keypress: up
82.2693 	EXP 	Created unnamed TextStim = TextStim(__class__=<class 'psychopy.visual.text.TextStim'>, alignHoriz=method-wrapper(...), alignText='center', alignVert=method-wrapper(...), anchorHoriz='center', anchorVert='center', antialias=True, autoDraw=False, autoLog=True, bold=False, color=array([-1, -1, -1]), colorSpace='rgb', contrast=1.0, depth=0, flipHoriz=False, flipVert=False, font='', fontFiles=[], height=50.0, italic=False, languageStyle='LTR', name='unnamed TextStim', opacity=1.0, ori=0.0, pos=array([0., 0.]), rgb=UNKNOWN, text='Poprawnie', units='pix', win=Window(...), wrapWidth=500)
83.8711 	EXP 	Created unnamed TextStim = TextStim(__class__=<class 'psychopy.visual.text.TextStim'>, alignHoriz=method-wrapper(...), alignText='center', alignVert=method-wrapper(...), anchorHoriz='center', anchorVert='center', antialias=True, autoDraw=False, autoLog=True, bold=False, color=array([-1, -1, -1]), colorSpace='rgb', contrast=1.0, depth=0, flipHoriz=False, flipVert=False, font='', fontFiles=[], height=28.0, italic=False, languageStyle='LTR', name='unnamed TextStim', opacity=1.0, ori=0.0, pos=array([0., 0.]), rgb=UNKNOWN, text=str(...), units='pix', win=Window(...), wrapWidth=1536)
85.5765 	DATA 	Keypress: space
85.5805 	EXP 	unnamed TextStim: height = 25.0
85.5805 	EXP 	unnamed TextStim: height = 25.0
85.5805 	EXP 	unnamed TextStim: height = 25.0
85.5805 	EXP 	unnamed TextStim: text = '←'
87.1979 	DATA 	Keypress: left
87.2141 	EXP 	unnamed TextStim: text = '←'
88.7648 	DATA 	Keypress: left
88.7818 	EXP 	unnamed TextStim: height = 25.0
88.7818 	EXP 	unnamed TextStim: height = 25.0
88.7818 	EXP 	unnamed TextStim: height = 25.0
88.7818 	EXP 	unnamed TextStim: text = '→'
90.2980 	DATA 	Keypress: right
90.3140 	EXP 	unnamed TextStim: text = '→'
91.7648 	DATA 	Keypress: right
91.7808 	EXP 	unnamed TextStim: height = 25.0
91.7808 	EXP 	unnamed TextStim: height = 25.0
91.7808 	EXP 	unnamed TextStim: height = 25.0
91.7808 	EXP 	unnamed TextStim: text = '↑'
93.3981 	DATA 	Keypress: up
93.4143 	EXP 	unnamed TextStim: height = 25.0
93.4143 	EXP 	unnamed TextStim: height = 25.0
93.4143 	EXP 	unnamed TextStim: height = 25.0
93.4143 	EXP 	unnamed TextStim: text = '↓'
95.0666 	DATA 	Keypress: down
95.0977 	EXP 	unnamed TextStim: text = '↓'
96.9316 	DATA 	Keypress: down
96.9477 	EXP 	unnamed TextStim: text = '↓'
98.4817 	DATA 	Keypress: down
98.4979 	EXP 	unnamed TextStim: height = 25.0
98.4979 	EXP 	unnamed TextStim: height = 25.0
98.4979 	EXP 	unnamed TextStim: height = 25.0
98.4979 	EXP 	unnamed TextStim: text = '←'
100.1982 	DATA 	Keypress: left
100.2145 	EXP 	unnamed TextStim: text = '←'
101.7985 	DATA 	Keypress: left
101.8146 	EXP 	unnamed TextStim: text = '←'
103.3487 	DATA 	Keypress: left
103.3647 	EXP 	unnamed TextStim: height = 25.0
103.3647 	EXP 	unnamed TextStim: height = 25.0
103.3647 	EXP 	unnamed TextStim: height = 25.0
103.3647 	EXP 	unnamed TextStim: text = '↓'
104.7652 	DATA 	Keypress: down
104.7813 	EXP 	unnamed TextStim: text = '↓'
106.0654 	DATA 	Keypress: down
106.0815 	EXP 	unnamed TextStim: height = 25.0
106.0815 	EXP 	unnamed TextStim: height = 25.0
106.0815 	EXP 	unnamed TextStim: height = 25.0
106.0815 	EXP 	unnamed TextStim: text = '↑'
107.7667 	DATA 	Keypress: up
107.7981 	EXP 	unnamed TextStim: height = 25.0
107.7981 	EXP 	unnamed TextStim: height = 25.0
107.7981 	EXP 	unnamed TextStim: height = 25.0
107.7981 	EXP 	unnamed TextStim: text = '←'
109.1155 	DATA 	Keypress: left
109.1316 	EXP 	unnamed TextStim: height = 25.0
109.1316 	EXP 	unnamed TextStim: height = 25.0
109.1316 	EXP 	unnamed TextStim: height = 25.0
109.1316 	EXP 	unnamed TextStim: text = '↓'
110.8655 	DATA 	Keypress: down
110.8817 	EXP 	unnamed TextStim: height = 25.0
110.8817 	EXP 	unnamed TextStim: height = 25.0
110.8817 	EXP 	unnamed TextStim: height = 25.0
110.8817 	EXP 	unnamed TextStim: text = '↑'
112.5822 	DATA 	Keypress: up
112.5983 	EXP 	unnamed TextStim: height = 25.0
112.5983 	EXP 	unnamed TextStim: height = 25.0
112.5983 	EXP 	unnamed TextStim: height = 25.0
112.5983 	EXP 	unnamed TextStim: text = '→'
114.5324 	DATA 	Keypress: right
114.5483 	EXP 	unnamed TextStim: height = 25.0
114.5483 	EXP 	unnamed TextStim: height = 25.0
114.5483 	EXP 	unnamed TextStim: height = 25.0
114.5483 	EXP 	unnamed TextStim: text = '↓'
116.4156 	DATA 	Keypress: down
116.5658 	EXP 	Created unnamed ImageStim = ImageStim(__class__=<class 'psychopy.visual.image.ImageStim'>, anchor=('center', 'center'), autoLog=True, color=array([1., 1., 1.]), colorSpace='rgb', contrast=1.0, depth=0, flipHoriz=False, flipVert=False, image='break.jpg', interpolate=True, mask=None, maskParams=None, name='unnamed ImageStim', opacity=1.0, ori=0.0, pos=array([0., 0.]), size=array([1536.,  864.]), texRes=128, units='pix', win=Window(...))
117.9572 	DATA 	Keypress: space
117.9651 	EXP 	unnamed TextStim: text = '↓'
119.5658 	DATA 	Keypress: down
119.5820 	EXP 	unnamed TextStim: height = 25.0
119.5820 	EXP 	unnamed TextStim: height = 25.0
119.5820 	EXP 	unnamed TextStim: height = 25.0
119.5820 	EXP 	unnamed TextStim: text = '↑'
121.4158 	DATA 	Keypress: up
121.4321 	EXP 	unnamed TextStim: text = '↑'
123.0661 	DATA 	Keypress: up
123.0820 	EXP 	unnamed TextStim: text = '↑'
124.6826 	DATA 	Keypress: up
124.6988 	EXP 	unnamed TextStim: height = 25.0
124.6988 	EXP 	unnamed TextStim: height = 25.0
124.6988 	EXP 	unnamed TextStim: height = 25.0
124.6988 	EXP 	unnamed TextStim: text = '→'
126.3158 	DATA 	Keypress: right
126.3322 	EXP 	unnamed TextStim: text = '→'
128.2661 	DATA 	Keypress: right
128.2823 	EXP 	unnamed TextStim: height = 25.0
128.2823 	EXP 	unnamed TextStim: height = 25.0
128.2823 	EXP 	unnamed TextStim: height = 25.0
128.2823 	EXP 	unnamed TextStim: text = '↓'
129.7163 	DATA 	Keypress: down
129.7323 	EXP 	unnamed TextStim: height = 25.0
129.7323 	EXP 	unnamed TextStim: height = 25.0
129.7323 	EXP 	unnamed TextStim: height = 25.0
129.7323 	EXP 	unnamed TextStim: text = '↑'
131.1995 	DATA 	Keypress: up
131.2157 	EXP 	unnamed TextStim: height = 25.0
131.2157 	EXP 	unnamed TextStim: height = 25.0
131.2157 	EXP 	unnamed TextStim: height = 25.0
131.2157 	EXP 	unnamed TextStim: text = '←'
132.9663 	DATA 	Keypress: left
132.9824 	EXP 	unnamed TextStim: height = 25.0
132.9824 	EXP 	unnamed TextStim: height = 25.0
132.9824 	EXP 	unnamed TextStim: height = 25.0
132.9824 	EXP 	unnamed TextStim: text = '↓'
134.5831 	DATA 	Keypress: down
134.5992 	EXP 	unnamed TextStim: height = 25.0
134.5992 	EXP 	unnamed TextStim: height = 25.0
134.5992 	EXP 	unnamed TextStim: height = 25.0
134.5992 	EXP 	unnamed TextStim: text = '↑'
136.0331 	DATA 	Keypress: up
136.0493 	EXP 	unnamed TextStim: height = 25.0
136.0493 	EXP 	unnamed TextStim: height = 25.0
136.0493 	EXP 	unnamed TextStim: height = 25.0
136.0493 	EXP 	unnamed TextStim: text = '↓'
137.7830 	DATA 	Keypress: down
137.7993 	EXP 	unnamed TextStim: height = 25.0
137.7993 	EXP 	unnamed TextStim: height = 25.0
137.7993 	EXP 	unnamed TextStim: height = 25.0
137.7993 	EXP 	unnamed TextStim: text = '↑'
139.2684 	DATA 	Keypress: down
139.2994 	EXP 	unnamed TextStim: height = 25.0
139.2994 	EXP 	unnamed TextStim: height = 25.0
139.2994 	EXP 	unnamed TextStim: height = 25.0
139.2994 	EXP 	unnamed TextStim: text = '←'
139.4173 	DATA 	Keypress: up
140.7664 	DATA 	Keypress: left
140.7826 	EXP 	unnamed TextStim: height = 25.0
140.7826 	EXP 	unnamed TextStim: height = 25.0
140.7826 	EXP 	unnamed TextStim: height = 25.0
140.7826 	EXP 	unnamed TextStim: text = '↓'
142.4833 	DATA 	Keypress: up
142.4995 	EXP 	unnamed TextStim: height = 25.0
142.4995 	EXP 	unnamed TextStim: height = 25.0
142.4995 	EXP 	unnamed TextStim: height = 25.0
142.4995 	EXP 	unnamed TextStim: text = '→'
142.7173 	DATA 	Keypress: down
144.1168 	DATA 	Keypress: right
144.1328 	EXP 	unnamed TextStim: height = 25.0
144.1328 	EXP 	unnamed TextStim: height = 25.0
144.1328 	EXP 	unnamed TextStim: height = 25.0
144.1328 	EXP 	unnamed TextStim: text = '↓'
145.6001 	DATA 	Keypress: down
145.6163 	EXP 	unnamed TextStim: height = 25.0
145.6163 	EXP 	unnamed TextStim: height = 25.0
145.6163 	EXP 	unnamed TextStim: height = 25.0
145.6163 	EXP 	unnamed TextStim: text = '↑'
147.2002 	DATA 	Keypress: up
147.2163 	EXP 	unnamed TextStim: height = 25.0
147.2163 	EXP 	unnamed TextStim: height = 25.0
147.2163 	EXP 	unnamed TextStim: height = 25.0
147.2163 	EXP 	unnamed TextStim: text = '↓'
148.6169 	DATA 	Keypress: down
148.7592 	EXP 	Created unnamed ImageStim = ImageStim(__class__=<class 'psychopy.visual.image.ImageStim'>, anchor=('center', 'center'), autoLog=True, color=array([1., 1., 1.]), colorSpace='rgb', contrast=1.0, depth=0, flipHoriz=False, flipVert=False, image='break.jpg', interpolate=True, mask=None, maskParams=None, name='unnamed ImageStim', opacity=1.0, ori=0.0, pos=array([0., 0.]), size=array([1536.,  864.]), texRes=128, units='pix', win=Window(...))
149.8873 	DATA 	Keypress: space
149.8995 	EXP 	unnamed TextStim: text = '↓'
151.2837 	DATA 	Keypress: down
151.2998 	EXP 	unnamed TextStim: height = 25.0
151.2998 	EXP 	unnamed TextStim: height = 25.0
151.2998 	EXP 	unnamed TextStim: height = 25.0
151.2998 	EXP 	unnamed TextStim: text = '↑'
152.9505 	DATA 	Keypress: up
152.9666 	EXP 	unnamed TextStim: height = 25.0
152.9666 	EXP 	unnamed TextStim: height = 25.0
152.9666 	EXP 	unnamed TextStim: height = 25.0
152.9666 	EXP 	unnamed TextStim: text = '←'
154.3170 	DATA 	Keypress: left
154.3332 	EXP 	unnamed TextStim: height = 25.0
154.3332 	EXP 	unnamed TextStim: height = 25.0
154.3332 	EXP 	unnamed TextStim: height = 25.0
154.3332 	EXP 	unnamed TextStim: text = '↑'
155.7339 	DATA 	Keypress: up
155.7500 	EXP 	unnamed TextStim: height = 25.0
155.7500 	EXP 	unnamed TextStim: height = 25.0
155.7500 	EXP 	unnamed TextStim: height = 25.0
155.7500 	EXP 	unnamed TextStim: text = '→'
157.4339 	DATA 	Keypress: right
157.4501 	EXP 	unnamed TextStim: height = 25.0
157.4501 	EXP 	unnamed TextStim: height = 25.0
157.4501 	EXP 	unnamed TextStim: height = 25.0
157.4501 	EXP 	unnamed TextStim: text = '↓'
158.9190 	DATA 	Keypress: down
158.9500 	EXP 	unnamed TextStim: height = 25.0
158.9500 	EXP 	unnamed TextStim: height = 25.0
158.9500 	EXP 	unnamed TextStim: height = 25.0
158.9500 	EXP 	unnamed TextStim: text = '→'
160.3841 	DATA 	Keypress: right
160.4001 	EXP 	unnamed TextStim: text = '→'
161.7175 	DATA 	Keypress: right
161.7336 	EXP 	unnamed TextStim: height = 25.0
161.7336 	EXP 	unnamed TextStim: height = 25.0
161.7336 	EXP 	unnamed TextStim: height = 25.0
161.7336 	EXP 	unnamed TextStim: text = '←'
163.3174 	DATA 	Keypress: left
163.3336 	EXP 	unnamed TextStim: height = 25.0
163.3336 	EXP 	unnamed TextStim: height = 25.0
163.3336 	EXP 	unnamed TextStim: height = 25.0
163.3336 	EXP 	unnamed TextStim: text = '↓'
164.7839 	DATA 	Keypress: down
164.8003 	EXP 	unnamed TextStim: height = 25.0
164.8003 	EXP 	unnamed TextStim: height = 25.0
164.8003 	EXP 	unnamed TextStim: height = 25.0
164.8003 	EXP 	unnamed TextStim: text = '→'
166.4173 	DATA 	Keypress: right
166.4338 	EXP 	unnamed TextStim: height = 25.0
166.4338 	EXP 	unnamed TextStim: height = 25.0
166.4338 	EXP 	unnamed TextStim: height = 25.0
166.4338 	EXP 	unnamed TextStim: text = '←'
167.8676 	DATA 	Keypress: left
167.8837 	EXP 	unnamed TextStim: text = '←'
169.5008 	DATA 	Keypress: right
169.5172 	EXP 	unnamed TextStim: height = 25.0
169.5172 	EXP 	unnamed TextStim: height = 25.0
169.5172 	EXP 	unnamed TextStim: height = 25.0
169.5172 	EXP 	unnamed TextStim: text = '↑'
169.5683 	DATA 	Keypress: left
171.3012 	DATA 	Keypress: up
171.3172 	EXP 	unnamed TextStim: text = '↑'
172.9344 	DATA 	Keypress: up
172.9507 	EXP 	unnamed TextStim: text = '↑'
174.7346 	DATA 	Keypress: up
174.7507 	EXP 	unnamed TextStim: height = 25.0
174.7507 	EXP 	unnamed TextStim: height = 25.0
174.7507 	EXP 	unnamed TextStim: height = 25.0
174.7507 	EXP 	unnamed TextStim: text = '→'
176.5028 	DATA 	Keypress: right
176.5342 	EXP 	unnamed TextStim: text = '→'
178.1846 	DATA 	Keypress: right
178.2008 	EXP 	unnamed TextStim: height = 25.0
178.2008 	EXP 	unnamed TextStim: height = 25.0
178.2008 	EXP 	unnamed TextStim: height = 25.0
178.2008 	EXP 	unnamed TextStim: text = '←'
179.9347 	DATA 	Keypress: left
180.0725 	EXP 	Created unnamed ImageStim = ImageStim(__class__=<class 'psychopy.visual.image.ImageStim'>, anchor=('center', 'center'), autoLog=True, color=array([1., 1., 1.]), colorSpace='rgb', contrast=1.0, depth=0, flipHoriz=False, flipVert=False, image='break.jpg', interpolate=True, mask=None, maskParams=None, name='unnamed ImageStim', opacity=1.0, ori=0.0, pos=array([0., 0.]), size=array([1536.,  864.]), texRes=128, units='pix', win=Window(...))
181.1327 	DATA 	Keypress: space
181.1371 	EXP 	unnamed TextStim: height = 25.0
181.1371 	EXP 	unnamed TextStim: height = 25.0
181.1371 	EXP 	unnamed TextStim: height = 25.0
181.1371 	EXP 	unnamed TextStim: text = '↓'
182.9349 	DATA 	Keypress: down
182.9510 	EXP 	unnamed TextStim: height = 25.0
182.9510 	EXP 	unnamed TextStim: height = 25.0
182.9510 	EXP 	unnamed TextStim: height = 25.0
182.9510 	EXP 	unnamed TextStim: text = '←'
184.2849 	DATA 	Keypress: left
184.3010 	EXP 	unnamed TextStim: text = '←'
185.8849 	DATA 	Keypress: left
185.9012 	EXP 	unnamed TextStim: height = 25.0
185.9012 	EXP 	unnamed TextStim: height = 25.0
185.9012 	EXP 	unnamed TextStim: height = 25.0
185.9012 	EXP 	unnamed TextStim: text = '↑'
187.5514 	DATA 	Keypress: up
187.5677 	EXP 	unnamed TextStim: height = 25.0
187.5677 	EXP 	unnamed TextStim: height = 25.0
187.5677 	EXP 	unnamed TextStim: height = 25.0
187.5677 	EXP 	unnamed TextStim: text = '←'
189.2184 	DATA 	Keypress: left
189.2345 	EXP 	unnamed TextStim: height = 25.0
189.2345 	EXP 	unnamed TextStim: height = 25.0
189.2345 	EXP 	unnamed TextStim: height = 25.0
189.2345 	EXP 	unnamed TextStim: text = '↓'
190.8551 	DATA 	Keypress: down
190.8679 	EXP 	unnamed TextStim: height = 25.0
190.8679 	EXP 	unnamed TextStim: height = 25.0
190.8679 	EXP 	unnamed TextStim: height = 25.0
190.8679 	EXP 	unnamed TextStim: text = '↑'
192.5684 	DATA 	Keypress: up
192.5845 	EXP 	unnamed TextStim: height = 25.0
192.5845 	EXP 	unnamed TextStim: height = 25.0
192.5845 	EXP 	unnamed TextStim: height = 25.0
192.5845 	EXP 	unnamed TextStim: text = '→'
194.1019 	DATA 	Keypress: right
194.1181 	EXP 	unnamed TextStim: height = 25.0
194.1181 	EXP 	unnamed TextStim: height = 25.0
194.1181 	EXP 	unnamed TextStim: height = 25.0
194.1181 	EXP 	unnamed TextStim: text = '←'
195.8014 	EXP 	unnamed TextStim: height = 25.0
195.8014 	EXP 	unnamed TextStim: height = 25.0
195.8014 	EXP 	unnamed TextStim: height = 25.0
195.8014 	EXP 	unnamed TextStim: text = '↑'
195.8193 	DATA 	Keypress: left
197.4354 	DATA 	Keypress: up
197.4514 	EXP 	unnamed TextStim: text = '↑'
199.0558 	DATA 	Keypress: up
199.0683 	EXP 	unnamed TextStim: height = 25.0
199.0683 	EXP 	unnamed TextStim: height = 25.0
199.0683 	EXP 	unnamed TextStim: height = 25.0
199.0683 	EXP 	unnamed TextStim: text = '←'
200.5522 	DATA 	Keypress: left
200.5684 	EXP 	unnamed TextStim: height = 25.0
200.5684 	EXP 	unnamed TextStim: height = 25.0
200.5684 	EXP 	unnamed TextStim: height = 25.0
200.5684 	EXP 	unnamed TextStim: text = '↓'
202.2045 	DATA 	Keypress: down
202.2183 	EXP 	unnamed TextStim: text = '↓'
203.6356 	DATA 	Keypress: down
203.6518 	EXP 	unnamed TextStim: height = 25.0
203.6518 	EXP 	unnamed TextStim: height = 25.0
203.6518 	EXP 	unnamed TextStim: height = 25.0
203.6518 	EXP 	unnamed TextStim: text = '←'
205.1197 	DATA 	Keypress: left
205.1350 	EXP 	unnamed TextStim: height = 25.0
205.1350 	EXP 	unnamed TextStim: height = 25.0
205.1350 	EXP 	unnamed TextStim: height = 25.0
205.1350 	EXP 	unnamed TextStim: text = '↑'
206.8022 	DATA 	Keypress: up
206.8186 	EXP 	unnamed TextStim: text = '↑'
208.4542 	DATA 	Keypress: up
208.4854 	EXP 	unnamed TextStim: height = 25.0
208.4854 	EXP 	unnamed TextStim: height = 25.0
208.4854 	EXP 	unnamed TextStim: height = 25.0
208.4854 	EXP 	unnamed TextStim: text = '→'
210.3354 	EXP 	unnamed TextStim: height = 25.0
210.3354 	EXP 	unnamed TextStim: height = 25.0
210.3354 	EXP 	unnamed TextStim: height = 25.0
210.3354 	EXP 	unnamed TextStim: text = '↑'
210.4532 	DATA 	Keypress: right
211.8543 	DATA 	Keypress: down
212.0125 	EXP 	Created unnamed ImageStim = ImageStim(__class__=<class 'psychopy.visual.image.ImageStim'>, anchor=('center', 'center'), autoLog=True, color=array([1., 1., 1.]), colorSpace='rgb', contrast=1.0, depth=0, flipHoriz=False, flipVert=False, image='break.jpg', interpolate=True, mask=None, maskParams=None, name='unnamed ImageStim', opacity=1.0, ori=0.0, pos=array([0., 0.]), size=array([1536.,  864.]), texRes=128, units='pix', win=Window(...))
212.0130 	DATA 	Keypress: up
213.1388 	DATA 	Keypress: space
213.1520 	EXP 	unnamed TextStim: height = 25.0
213.1520 	EXP 	unnamed TextStim: height = 25.0
213.1520 	EXP 	unnamed TextStim: height = 25.0
213.1520 	EXP 	unnamed TextStim: text = '←'
214.8194 	DATA 	Keypress: left
214.8354 	EXP 	unnamed TextStim: height = 25.0
214.8354 	EXP 	unnamed TextStim: height = 25.0
214.8354 	EXP 	unnamed TextStim: height = 25.0
214.8354 	EXP 	unnamed TextStim: text = '→'
216.5194 	DATA 	Keypress: right
216.5356 	EXP 	unnamed TextStim: text = '→'
218.0196 	DATA 	Keypress: right
218.0357 	EXP 	unnamed TextStim: height = 25.0
218.0357 	EXP 	unnamed TextStim: height = 25.0
218.0357 	EXP 	unnamed TextStim: height = 25.0
218.0357 	EXP 	unnamed TextStim: text = '↓'
219.5709 	DATA 	Keypress: down
219.6024 	EXP 	unnamed TextStim: text = '↓'
220.9549 	DATA 	Keypress: down
220.9857 	EXP 	unnamed TextStim: height = 25.0
220.9857 	EXP 	unnamed TextStim: height = 25.0
220.9857 	EXP 	unnamed TextStim: height = 25.0
220.9857 	EXP 	unnamed TextStim: text = '←'
222.3863 	DATA 	Keypress: left
222.4025 	EXP 	unnamed TextStim: height = 25.0
222.4025 	EXP 	unnamed TextStim: height = 25.0
222.4025 	EXP 	unnamed TextStim: height = 25.0
222.4025 	EXP 	unnamed TextStim: text = '↑'
223.7864 	DATA 	Keypress: right
223.8025 	EXP 	unnamed TextStim: text = '↑'
225.0363 	DATA 	Keypress: up
225.0525 	EXP 	unnamed TextStim: height = 25.0
225.0525 	EXP 	unnamed TextStim: height = 25.0
225.0525 	EXP 	unnamed TextStim: height = 25.0
225.0525 	EXP 	unnamed TextStim: text = '→'
226.5866 	DATA 	Keypress: right
226.6027 	EXP 	unnamed TextStim: height = 25.0
226.6027 	EXP 	unnamed TextStim: height = 25.0
226.6027 	EXP 	unnamed TextStim: height = 25.0
226.6027 	EXP 	unnamed TextStim: text = '↓'
228.2698 	DATA 	Keypress: down
228.2860 	EXP 	unnamed TextStim: height = 25.0
228.2860 	EXP 	unnamed TextStim: height = 25.0
228.2860 	EXP 	unnamed TextStim: height = 25.0
228.2860 	EXP 	unnamed TextStim: text = '↑'
229.9035 	DATA 	Keypress: up
229.9193 	EXP 	unnamed TextStim: height = 25.0
229.9193 	EXP 	unnamed TextStim: height = 25.0
229.9193 	EXP 	unnamed TextStim: height = 25.0
229.9193 	EXP 	unnamed TextStim: text = '←'
231.4367 	DATA 	Keypress: left
231.4529 	EXP 	unnamed TextStim: height = 25.0
231.4529 	EXP 	unnamed TextStim: height = 25.0
231.4529 	EXP 	unnamed TextStim: height = 25.0
231.4529 	EXP 	unnamed TextStim: text = '→'
233.2702 	DATA 	Keypress: right
233.2862 	EXP 	unnamed TextStim: text = '→'
234.9870 	DATA 	Keypress: right
235.0030 	EXP 	unnamed TextStim: height = 25.0
235.0030 	EXP 	unnamed TextStim: height = 25.0
235.0030 	EXP 	unnamed TextStim: height = 25.0
235.0030 	EXP 	unnamed TextStim: text = '↑'
236.6536 	DATA 	Keypress: up
236.6697 	EXP 	unnamed TextStim: height = 25.0
236.6697 	EXP 	unnamed TextStim: height = 25.0
236.6697 	EXP 	unnamed TextStim: height = 25.0
236.6697 	EXP 	unnamed TextStim: text = '←'
238.0219 	DATA 	Keypress: left
238.0531 	EXP 	unnamed TextStim: height = 25.0
238.0531 	EXP 	unnamed TextStim: height = 25.0
238.0531 	EXP 	unnamed TextStim: height = 25.0
238.0531 	EXP 	unnamed TextStim: text = '↑'
239.5868 	DATA 	Keypress: up
239.6032 	EXP 	unnamed TextStim: text = '↑'
241.2055 	DATA 	Keypress: up
241.2366 	EXP 	unnamed TextStim: height = 25.0
241.2366 	EXP 	unnamed TextStim: height = 25.0
241.2366 	EXP 	unnamed TextStim: height = 25.0
241.2366 	EXP 	unnamed TextStim: text = '→'
242.8371 	DATA 	Keypress: right
242.9924 	EXP 	Created unnamed ImageStim = ImageStim(__class__=<class 'psychopy.visual.image.ImageStim'>, anchor=('center', 'center'), autoLog=True, color=array([1., 1., 1.]), colorSpace='rgb', contrast=1.0, depth=0, flipHoriz=False, flipVert=False, image='break.jpg', interpolate=True, mask=None, maskParams=None, name='unnamed ImageStim', opacity=1.0, ori=0.0, pos=array([0., 0.]), size=array([1536.,  864.]), texRes=128, units='pix', win=Window(...))
244.1032 	DATA 	Keypress: space
244.1199 	EXP 	unnamed TextStim: height = 25.0
244.1199 	EXP 	unnamed TextStim: height = 25.0
244.1199 	EXP 	unnamed TextStim: height = 25.0
244.1199 	EXP 	unnamed TextStim: text = '↓'
245.8391 	DATA 	Keypress: up
245.8700 	EXP 	unnamed TextStim: height = 25.0
245.8700 	EXP 	unnamed TextStim: height = 25.0
245.8700 	EXP 	unnamed TextStim: height = 25.0
245.8700 	EXP 	unnamed TextStim: text = '→'
245.9214 	DATA 	Keypress: down
247.1540 	DATA 	Keypress: right
247.1699 	EXP 	unnamed TextStim: height = 25.0
247.1699 	EXP 	unnamed TextStim: height = 25.0
247.1699 	EXP 	unnamed TextStim: height = 25.0
247.1699 	EXP 	unnamed TextStim: text = '↑'
248.8041 	DATA 	Keypress: up
248.8202 	EXP 	unnamed TextStim: height = 25.0
248.8202 	EXP 	unnamed TextStim: height = 25.0
248.8202 	EXP 	unnamed TextStim: height = 25.0
248.8202 	EXP 	unnamed TextStim: text = '→'
250.2706 	DATA 	Keypress: left
250.2868 	EXP 	unnamed TextStim: text = '→'
251.6226 	DATA 	Keypress: right
251.6536 	EXP 	unnamed TextStim: height = 25.0
251.6536 	EXP 	unnamed TextStim: height = 25.0
251.6536 	EXP 	unnamed TextStim: height = 25.0
251.6536 	EXP 	unnamed TextStim: text = '↓'
253.2875 	DATA 	Keypress: down
253.3037 	EXP 	unnamed TextStim: height = 25.0
253.3037 	EXP 	unnamed TextStim: height = 25.0
253.3037 	EXP 	unnamed TextStim: height = 25.0
253.3037 	EXP 	unnamed TextStim: text = '←'
254.8042 	DATA 	Keypress: left
254.8204 	EXP 	unnamed TextStim: height = 25.0
254.8204 	EXP 	unnamed TextStim: height = 25.0
254.8204 	EXP 	unnamed TextStim: height = 25.0
254.8204 	EXP 	unnamed TextStim: text = '↓'
256.6711 	DATA 	Keypress: down
256.6871 	EXP 	unnamed TextStim: height = 25.0
256.6871 	EXP 	unnamed TextStim: height = 25.0
256.6871 	EXP 	unnamed TextStim: height = 25.0
256.6871 	EXP 	unnamed TextStim: text = '→'
258.0709 	DATA 	Keypress: right
258.0872 	EXP 	unnamed TextStim: height = 25.0
258.0872 	EXP 	unnamed TextStim: height = 25.0
258.0872 	EXP 	unnamed TextStim: height = 25.0
258.0872 	EXP 	unnamed TextStim: text = '←'
259.4210 	DATA 	Keypress: left
259.4372 	EXP 	unnamed TextStim: height = 25.0
259.4372 	EXP 	unnamed TextStim: height = 25.0
259.4372 	EXP 	unnamed TextStim: height = 25.0
259.4372 	EXP 	unnamed TextStim: text = '→'
260.7877 	DATA 	Keypress: left
260.8039 	EXP 	unnamed TextStim: height = 25.0
260.8039 	EXP 	unnamed TextStim: height = 25.0
260.8039 	EXP 	unnamed TextStim: height = 25.0
260.8039 	EXP 	unnamed TextStim: text = '↓'
262.4564 	DATA 	Keypress: down
262.4873 	EXP 	unnamed TextStim: height = 25.0
262.4873 	EXP 	unnamed TextStim: height = 25.0
262.4873 	EXP 	unnamed TextStim: height = 25.0
262.4873 	EXP 	unnamed TextStim: text = '↑'
263.8380 	DATA 	Keypress: right
263.8541 	EXP 	unnamed TextStim: height = 25.0
263.8541 	EXP 	unnamed TextStim: height = 25.0
263.8541 	EXP 	unnamed TextStim: height = 25.0
263.8541 	EXP 	unnamed TextStim: text = '→'
265.4713 	DATA 	Keypress: right
265.4875 	EXP 	unnamed TextStim: height = 25.0
265.4875 	EXP 	unnamed TextStim: height = 25.0
265.4875 	EXP 	unnamed TextStim: height = 25.0
265.4875 	EXP 	unnamed TextStim: text = '↑'
267.2547 	DATA 	Keypress: up
267.2709 	EXP 	unnamed TextStim: height = 25.0
267.2709 	EXP 	unnamed TextStim: height = 25.0
267.2709 	EXP 	unnamed TextStim: height = 25.0
267.2709 	EXP 	unnamed TextStim: text = '↓'
269.0882 	DATA 	Keypress: down
269.1042 	EXP 	unnamed TextStim: height = 25.0
269.1042 	EXP 	unnamed TextStim: height = 25.0
269.1042 	EXP 	unnamed TextStim: height = 25.0
269.1042 	EXP 	unnamed TextStim: text = '→'
270.4715 	DATA 	Keypress: right
270.4875 	EXP 	unnamed TextStim: height = 25.0
270.4875 	EXP 	unnamed TextStim: height = 25.0
270.4875 	EXP 	unnamed TextStim: height = 25.0
270.4875 	EXP 	unnamed TextStim: text = '←'
272.1881 	DATA 	Keypress: left
272.2043 	EXP 	unnamed TextStim: text = '←'
273.5386 	DATA 	Keypress: left
273.6848 	EXP 	Created unnamed ImageStim = ImageStim(__class__=<class 'psychopy.visual.image.ImageStim'>, anchor=('center', 'center'), autoLog=True, color=array([1., 1., 1.]), colorSpace='rgb', contrast=1.0, depth=0, flipHoriz=False, flipVert=False, image='break.jpg', interpolate=True, mask=None, maskParams=None, name='unnamed ImageStim', opacity=1.0, ori=0.0, pos=array([0., 0.]), size=array([1536.,  864.]), texRes=128, units='pix', win=Window(...))
274.6300 	DATA 	Keypress: space
274.6374 	EXP 	unnamed TextStim: height = 25.0
274.6374 	EXP 	unnamed TextStim: height = 25.0
274.6374 	EXP 	unnamed TextStim: height = 25.0
274.6374 	EXP 	unnamed TextStim: text = '↑'
276.4050 	DATA 	Keypress: up
276.4212 	EXP 	unnamed TextStim: height = 25.0
276.4212 	EXP 	unnamed TextStim: height = 25.0
276.4212 	EXP 	unnamed TextStim: height = 25.0
276.4212 	EXP 	unnamed TextStim: text = '←'
277.7732 	DATA 	Keypress: left
277.8042 	EXP 	unnamed TextStim: text = '←'
279.2884 	DATA 	Keypress: left
279.3045 	EXP 	unnamed TextStim: text = '←'
280.6571 	DATA 	Keypress: left
280.6880 	EXP 	unnamed TextStim: height = 25.0
280.6880 	EXP 	unnamed TextStim: height = 25.0
280.6880 	EXP 	unnamed TextStim: height = 25.0
280.6880 	EXP 	unnamed TextStim: text = '→'
282.4551 	DATA 	Keypress: right
282.4713 	EXP 	unnamed TextStim: text = '→'
283.8386 	DATA 	Keypress: right
283.8549 	EXP 	unnamed TextStim: height = 25.0
283.8549 	EXP 	unnamed TextStim: height = 25.0
283.8549 	EXP 	unnamed TextStim: height = 25.0
283.8549 	EXP 	unnamed TextStim: text = '↑'
285.3386 	DATA 	Keypress: up
285.3549 	EXP 	unnamed TextStim: height = 25.0
285.3549 	EXP 	unnamed TextStim: height = 25.0
285.3549 	EXP 	unnamed TextStim: height = 25.0
285.3549 	EXP 	unnamed TextStim: text = '←'
286.8053 	DATA 	Keypress: left
286.8217 	EXP 	unnamed TextStim: height = 25.0
286.8217 	EXP 	unnamed TextStim: height = 25.0
286.8217 	EXP 	unnamed TextStim: height = 25.0
286.8217 	EXP 	unnamed TextStim: text = '↓'
288.4222 	DATA 	Keypress: down
288.4385 	EXP 	unnamed TextStim: height = 25.0
288.4385 	EXP 	unnamed TextStim: height = 25.0
288.4385 	EXP 	unnamed TextStim: height = 25.0
288.4385 	EXP 	unnamed TextStim: text = '←'
290.0388 	DATA 	Keypress: left
290.0550 	EXP 	unnamed TextStim: text = '←'
291.4555 	DATA 	Keypress: left
291.4717 	EXP 	unnamed TextStim: text = '←'
292.8224 	DATA 	Keypress: down
292.8384 	EXP 	unnamed TextStim: height = 25.0
292.8384 	EXP 	unnamed TextStim: height = 25.0
292.8384 	EXP 	unnamed TextStim: height = 25.0
292.8384 	EXP 	unnamed TextStim: text = '→'
292.8565 	DATA 	Keypress: left
294.2891 	DATA 	Keypress: right
294.3052 	EXP 	unnamed TextStim: height = 25.0
294.3052 	EXP 	unnamed TextStim: height = 25.0
294.3052 	EXP 	unnamed TextStim: height = 25.0
294.3052 	EXP 	unnamed TextStim: text = '↓'
295.6059 	DATA 	Keypress: down
295.6218 	EXP 	unnamed TextStim: height = 25.0
295.6218 	EXP 	unnamed TextStim: height = 25.0
295.6218 	EXP 	unnamed TextStim: height = 25.0
295.6218 	EXP 	unnamed TextStim: text = '←'
297.1223 	DATA 	Keypress: left
297.1386 	EXP 	unnamed TextStim: height = 25.0
297.1386 	EXP 	unnamed TextStim: height = 25.0
297.1386 	EXP 	unnamed TextStim: height = 25.0
297.1386 	EXP 	unnamed TextStim: text = '↑'
298.6239 	DATA 	Keypress: up
298.6553 	EXP 	unnamed TextStim: height = 25.0
298.6553 	EXP 	unnamed TextStim: height = 25.0
298.6553 	EXP 	unnamed TextStim: height = 25.0
298.6553 	EXP 	unnamed TextStim: text = '→'
300.3226 	DATA 	Keypress: left
300.3386 	EXP 	unnamed TextStim: height = 25.0
300.3386 	EXP 	unnamed TextStim: height = 25.0
300.3386 	EXP 	unnamed TextStim: height = 25.0
300.3386 	EXP 	unnamed TextStim: text = '↑'
302.1058 	DATA 	Keypress: up
302.1222 	EXP 	unnamed TextStim: height = 25.0
302.1222 	EXP 	unnamed TextStim: height = 25.0
302.1222 	EXP 	unnamed TextStim: height = 25.0
302.1222 	EXP 	unnamed TextStim: text = '→'
303.6894 	DATA 	Keypress: right
303.8299 	EXP 	Created unnamed ImageStim = ImageStim(__class__=<class 'psychopy.visual.image.ImageStim'>, anchor=('center', 'center'), autoLog=True, color=array([1., 1., 1.]), colorSpace='rgb', contrast=1.0, depth=0, flipHoriz=False, flipVert=False, image='break.jpg', interpolate=True, mask=None, maskParams=None, name='unnamed ImageStim', opacity=1.0, ori=0.0, pos=array([0., 0.]), size=array([1536.,  864.]), texRes=128, units='pix', win=Window(...))
304.9249 	DATA 	Keypress: space
304.9385 	EXP 	unnamed TextStim: height = 25.0
304.9385 	EXP 	unnamed TextStim: height = 25.0
304.9385 	EXP 	unnamed TextStim: height = 25.0
304.9385 	EXP 	unnamed TextStim: text = '↓'
306.4228 	DATA 	Keypress: down
306.4390 	EXP 	unnamed TextStim: height = 25.0
306.4390 	EXP 	unnamed TextStim: height = 25.0
306.4390 	EXP 	unnamed TextStim: height = 25.0
306.4390 	EXP 	unnamed TextStim: text = '←'
308.1900 	DATA 	Keypress: left
308.2057 	EXP 	unnamed TextStim: height = 25.0
308.2057 	EXP 	unnamed TextStim: height = 25.0
308.2057 	EXP 	unnamed TextStim: height = 25.0
308.2057 	EXP 	unnamed TextStim: text = '→'
309.5730 	DATA 	Keypress: left
309.5891 	EXP 	unnamed TextStim: height = 25.0
309.5891 	EXP 	unnamed TextStim: height = 25.0
309.5891 	EXP 	unnamed TextStim: height = 25.0
309.5891 	EXP 	unnamed TextStim: text = '↓'
311.2231 	DATA 	Keypress: down
311.2392 	EXP 	unnamed TextStim: height = 25.0
311.2392 	EXP 	unnamed TextStim: height = 25.0
311.2392 	EXP 	unnamed TextStim: height = 25.0
311.2392 	EXP 	unnamed TextStim: text = '↑'
312.7231 	DATA 	Keypress: down
312.7392 	EXP 	unnamed TextStim: height = 25.0
312.7392 	EXP 	unnamed TextStim: height = 25.0
312.7392 	EXP 	unnamed TextStim: height = 25.0
312.7392 	EXP 	unnamed TextStim: text = '←'
314.4900 	DATA 	Keypress: left
314.5058 	EXP 	unnamed TextStim: height = 25.0
314.5058 	EXP 	unnamed TextStim: height = 25.0
314.5058 	EXP 	unnamed TextStim: height = 25.0
314.5058 	EXP 	unnamed TextStim: text = '→'
316.0399 	DATA 	Keypress: right
316.0560 	EXP 	unnamed TextStim: height = 25.0
316.0560 	EXP 	unnamed TextStim: height = 25.0
316.0560 	EXP 	unnamed TextStim: height = 25.0
316.0560 	EXP 	unnamed TextStim: text = '↓'
317.4899 	DATA 	Keypress: down
317.5061 	EXP 	unnamed TextStim: height = 25.0
317.5061 	EXP 	unnamed TextStim: height = 25.0
317.5061 	EXP 	unnamed TextStim: height = 25.0
317.5061 	EXP 	unnamed TextStim: text = '←'
319.0732 	DATA 	Keypress: left
319.0895 	EXP 	unnamed TextStim: height = 25.0
319.0895 	EXP 	unnamed TextStim: height = 25.0
319.0895 	EXP 	unnamed TextStim: height = 25.0
319.0895 	EXP 	unnamed TextStim: text = '↓'
320.5566 	DATA 	Keypress: down
320.5728 	EXP 	unnamed TextStim: text = '↓'
322.1569 	DATA 	Keypress: down
322.1729 	EXP 	unnamed TextStim: height = 25.0
322.1729 	EXP 	unnamed TextStim: height = 25.0
322.1729 	EXP 	unnamed TextStim: height = 25.0
322.1729 	EXP 	unnamed TextStim: text = '←'
323.8568 	DATA 	Keypress: left
323.8728 	EXP 	unnamed TextStim: height = 25.0
323.8728 	EXP 	unnamed TextStim: height = 25.0
323.8728 	EXP 	unnamed TextStim: height = 25.0
323.8728 	EXP 	unnamed TextStim: text = '→'
325.4069 	DATA 	Keypress: left
325.4231 	EXP 	unnamed TextStim: height = 25.0
325.4231 	EXP 	unnamed TextStim: height = 25.0
325.4231 	EXP 	unnamed TextStim: height = 25.0
325.4231 	EXP 	unnamed TextStim: text = '↑'
327.0584 	DATA 	Keypress: up
327.0897 	EXP 	unnamed TextStim: height = 25.0
327.0897 	EXP 	unnamed TextStim: height = 25.0
327.0897 	EXP 	unnamed TextStim: height = 25.0
327.0897 	EXP 	unnamed TextStim: text = '→'
328.8069 	DATA 	Keypress: right
328.8233 	EXP 	unnamed TextStim: text = '→'
330.2905 	DATA 	Keypress: right
330.3064 	EXP 	unnamed TextStim: height = 25.0
330.3064 	EXP 	unnamed TextStim: height = 25.0
330.3064 	EXP 	unnamed TextStim: height = 25.0
330.3064 	EXP 	unnamed TextStim: text = '↓'
331.8587 	DATA 	Keypress: down
331.8899 	EXP 	unnamed TextStim: height = 25.0
331.8899 	EXP 	unnamed TextStim: height = 25.0
331.8899 	EXP 	unnamed TextStim: height = 25.0
331.8899 	EXP 	unnamed TextStim: text = '←'
333.3739 	DATA 	Keypress: left
333.3900 	EXP 	unnamed TextStim: text = '←'
335.0070 	DATA 	Keypress: left
335.1600 	EXP 	Created unnamed ImageStim = ImageStim(__class__=<class 'psychopy.visual.image.ImageStim'>, anchor=('center', 'center'), autoLog=True, color=array([1., 1., 1.]), colorSpace='rgb', contrast=1.0, depth=0, flipHoriz=False, flipVert=False, image='break.jpg', interpolate=True, mask=None, maskParams=None, name='unnamed ImageStim', opacity=1.0, ori=0.0, pos=array([0., 0.]), size=array([1536.,  864.]), texRes=128, units='pix', win=Window(...))
336.0273 	DATA 	Keypress: space
336.0397 	EXP 	unnamed TextStim: height = 25.0
336.0397 	EXP 	unnamed TextStim: height = 25.0
336.0397 	EXP 	unnamed TextStim: height = 25.0
336.0397 	EXP 	unnamed TextStim: text = '↑'
337.7907 	DATA 	Keypress: down
337.8068 	EXP 	unnamed TextStim: height = 25.0
337.8068 	EXP 	unnamed TextStim: height = 25.0
337.8068 	EXP 	unnamed TextStim: height = 25.0
337.8068 	EXP 	unnamed TextStim: text = '←'
337.8578 	DATA 	Keypress: up
339.2908 	DATA 	Keypress: left
339.3068 	EXP 	unnamed TextStim: text = '←'
340.8742 	DATA 	Keypress: left
340.8904 	EXP 	unnamed TextStim: height = 25.0
340.8904 	EXP 	unnamed TextStim: height = 25.0
340.8904 	EXP 	unnamed TextStim: height = 25.0
340.8904 	EXP 	unnamed TextStim: text = '→'
342.2594 	DATA 	Keypress: left
342.2903 	EXP 	unnamed TextStim: text = '→'
344.0408 	DATA 	Keypress: right
344.0573 	EXP 	unnamed TextStim: height = 25.0
344.0573 	EXP 	unnamed TextStim: height = 25.0
344.0573 	EXP 	unnamed TextStim: height = 25.0
344.0573 	EXP 	unnamed TextStim: text = '↓'
345.6743 	DATA 	Keypress: down
345.6905 	EXP 	unnamed TextStim: text = '↓'
347.1410 	DATA 	Keypress: down
347.1571 	EXP 	unnamed TextStim: height = 25.0
347.1571 	EXP 	unnamed TextStim: height = 25.0
347.1571 	EXP 	unnamed TextStim: height = 25.0
347.1571 	EXP 	unnamed TextStim: text = '↑'
348.8244 	DATA 	Keypress: up
348.8406 	EXP 	unnamed TextStim: text = '↑'
350.2576 	DATA 	Keypress: up
350.2740 	EXP 	unnamed TextStim: height = 25.0
350.2740 	EXP 	unnamed TextStim: height = 25.0
350.2740 	EXP 	unnamed TextStim: height = 25.0
350.2740 	EXP 	unnamed TextStim: text = '↓'
351.7580 	DATA 	Keypress: down
351.7740 	EXP 	unnamed TextStim: height = 25.0
351.7740 	EXP 	unnamed TextStim: height = 25.0
351.7740 	EXP 	unnamed TextStim: height = 25.0
351.7740 	EXP 	unnamed TextStim: text = '↑'
353.3913 	DATA 	Keypress: up
353.4072 	EXP 	unnamed TextStim: height = 25.0
353.4072 	EXP 	unnamed TextStim: height = 25.0
353.4072 	EXP 	unnamed TextStim: height = 25.0
353.4072 	EXP 	unnamed TextStim: text = '↓'
355.3413 	DATA 	Keypress: down
355.3574 	EXP 	unnamed TextStim: height = 25.0
355.3574 	EXP 	unnamed TextStim: height = 25.0
355.3574 	EXP 	unnamed TextStim: height = 25.0
355.3574 	EXP 	unnamed TextStim: text = '→'
356.7242 	DATA 	Keypress: right
356.7406 	EXP 	unnamed TextStim: height = 25.0
356.7406 	EXP 	unnamed TextStim: height = 25.0
356.7406 	EXP 	unnamed TextStim: height = 25.0
356.7406 	EXP 	unnamed TextStim: text = '←'
358.0915 	DATA 	Keypress: left
358.1075 	EXP 	unnamed TextStim: height = 25.0
358.1075 	EXP 	unnamed TextStim: height = 25.0
358.1075 	EXP 	unnamed TextStim: height = 25.0
358.1075 	EXP 	unnamed TextStim: text = '→'
359.4748 	DATA 	Keypress: right
359.4910 	EXP 	unnamed TextStim: height = 25.0
359.4910 	EXP 	unnamed TextStim: height = 25.0
359.4910 	EXP 	unnamed TextStim: height = 25.0
359.4910 	EXP 	unnamed TextStim: text = '←'
361.0582 	DATA 	Keypress: left
361.0744 	EXP 	unnamed TextStim: text = '←'
363.0415 	DATA 	Keypress: left
363.0578 	EXP 	unnamed TextStim: text = '←'
364.6749 	DATA 	Keypress: left
364.6912 	EXP 	unnamed TextStim: text = '←'
366.2082 	DATA 	Keypress: left
366.3570 	EXP 	Created unnamed ImageStim = ImageStim(__class__=<class 'psychopy.visual.image.ImageStim'>, anchor=('center', 'center'), autoLog=True, color=array([1., 1., 1.]), colorSpace='rgb', contrast=1.0, depth=0, flipHoriz=False, flipVert=False, image='break.jpg', interpolate=True, mask=None, maskParams=None, name='unnamed ImageStim', opacity=1.0, ori=0.0, pos=array([0., 0.]), size=array([1536.,  864.]), texRes=128, units='pix', win=Window(...))
367.2326 	DATA 	Keypress: space
367.2409 	EXP 	unnamed TextStim: height = 25.0
367.2409 	EXP 	unnamed TextStim: height = 25.0
367.2409 	EXP 	unnamed TextStim: height = 25.0
367.2409 	EXP 	unnamed TextStim: text = '↑'
368.5917 	DATA 	Keypress: up
368.6080 	EXP 	unnamed TextStim: height = 25.0
368.6080 	EXP 	unnamed TextStim: height = 25.0
368.6080 	EXP 	unnamed TextStim: height = 25.0
368.6080 	EXP 	unnamed TextStim: text = '↓'
370.2920 	DATA 	Keypress: down
370.3081 	EXP 	unnamed TextStim: height = 25.0
370.3081 	EXP 	unnamed TextStim: height = 25.0
370.3081 	EXP 	unnamed TextStim: height = 25.0
370.3081 	EXP 	unnamed TextStim: text = '←'
372.0253 	DATA 	Keypress: left
372.0414 	EXP 	unnamed TextStim: height = 25.0
372.0414 	EXP 	unnamed TextStim: height = 25.0
372.0414 	EXP 	unnamed TextStim: height = 25.0
372.0414 	EXP 	unnamed TextStim: text = '↓'
373.5089 	DATA 	Keypress: down
373.5249 	EXP 	unnamed TextStim: height = 25.0
373.5249 	EXP 	unnamed TextStim: height = 25.0
373.5249 	EXP 	unnamed TextStim: height = 25.0
373.5249 	EXP 	unnamed TextStim: text = '↑'
375.1754 	DATA 	Keypress: up
375.1915 	EXP 	unnamed TextStim: text = '↑'
377.3421 	DATA 	Keypress: up
377.3579 	EXP 	unnamed TextStim: height = 25.0
377.3579 	EXP 	unnamed TextStim: height = 25.0
377.3579 	EXP 	unnamed TextStim: height = 25.0
377.3579 	EXP 	unnamed TextStim: text = '→'
378.8756 	DATA 	Keypress: right
378.8917 	EXP 	unnamed TextStim: height = 25.0
378.8917 	EXP 	unnamed TextStim: height = 25.0
378.8917 	EXP 	unnamed TextStim: height = 25.0
378.8917 	EXP 	unnamed TextStim: text = '↓'
380.6924 	DATA 	Keypress: down
380.7083 	EXP 	unnamed TextStim: height = 25.0
380.7083 	EXP 	unnamed TextStim: height = 25.0
380.7083 	EXP 	unnamed TextStim: height = 25.0
380.7083 	EXP 	unnamed TextStim: text = '→'
382.3590 	DATA 	Keypress: right
382.3751 	EXP 	unnamed TextStim: height = 25.0
382.3751 	EXP 	unnamed TextStim: height = 25.0
382.3751 	EXP 	unnamed TextStim: height = 25.0
382.3751 	EXP 	unnamed TextStim: text = '↑'
383.9925 	DATA 	Keypress: up
384.0085 	EXP 	unnamed TextStim: height = 25.0
384.0085 	EXP 	unnamed TextStim: height = 25.0
384.0085 	EXP 	unnamed TextStim: height = 25.0
384.0085 	EXP 	unnamed TextStim: text = '←'
385.8259 	DATA 	Keypress: left
385.8420 	EXP 	unnamed TextStim: height = 25.0
385.8420 	EXP 	unnamed TextStim: height = 25.0
385.8420 	EXP 	unnamed TextStim: height = 25.0
385.8420 	EXP 	unnamed TextStim: text = '↑'
387.3089 	DATA 	Keypress: up
387.3254 	EXP 	unnamed TextStim: height = 25.0
387.3254 	EXP 	unnamed TextStim: height = 25.0
387.3254 	EXP 	unnamed TextStim: height = 25.0
387.3254 	EXP 	unnamed TextStim: text = '↓'
388.7258 	DATA 	Keypress: up
388.7421 	EXP 	unnamed TextStim: height = 25.0
388.7421 	EXP 	unnamed TextStim: height = 25.0
388.7421 	EXP 	unnamed TextStim: height = 25.0
388.7421 	EXP 	unnamed TextStim: text = '→'
390.4426 	DATA 	Keypress: right
390.4587 	EXP 	unnamed TextStim: height = 25.0
390.4587 	EXP 	unnamed TextStim: height = 25.0
390.4587 	EXP 	unnamed TextStim: height = 25.0
390.4587 	EXP 	unnamed TextStim: text = '↑'
391.9431 	DATA 	Keypress: up
391.9587 	EXP 	unnamed TextStim: height = 25.0
391.9587 	EXP 	unnamed TextStim: height = 25.0
391.9587 	EXP 	unnamed TextStim: height = 25.0
391.9587 	EXP 	unnamed TextStim: text = '←'
393.4594 	DATA 	Keypress: left
393.4756 	EXP 	unnamed TextStim: height = 25.0
393.4756 	EXP 	unnamed TextStim: height = 25.0
393.4756 	EXP 	unnamed TextStim: height = 25.0
393.4756 	EXP 	unnamed TextStim: text = '↑'
395.0598 	DATA 	Keypress: up
395.0756 	EXP 	unnamed TextStim: height = 25.0
395.0756 	EXP 	unnamed TextStim: height = 25.0
395.0756 	EXP 	unnamed TextStim: height = 25.0
395.0756 	EXP 	unnamed TextStim: text = '←'
396.6761 	DATA 	Keypress: left
396.6924 	EXP 	unnamed TextStim: height = 25.0
396.6924 	EXP 	unnamed TextStim: height = 25.0
396.6924 	EXP 	unnamed TextStim: height = 25.0
396.6924 	EXP 	unnamed TextStim: text = '↓'
398.1096 	DATA 	Keypress: down
398.2496 	EXP 	Created unnamed ImageStim = ImageStim(__class__=<class 'psychopy.visual.image.ImageStim'>, anchor=('center', 'center'), autoLog=True, color=array([1., 1., 1.]), colorSpace='rgb', contrast=1.0, depth=0, flipHoriz=False, flipVert=False, image='break.jpg', interpolate=True, mask=None, maskParams=None, name='unnamed ImageStim', opacity=1.0, ori=0.0, pos=array([0., 0.]), size=array([1536.,  864.]), texRes=128, units='pix', win=Window(...))
399.2688 	DATA 	Keypress: space
399.2754 	EXP 	unnamed TextStim: height = 25.0
399.2754 	EXP 	unnamed TextStim: height = 25.0
399.2754 	EXP 	unnamed TextStim: height = 25.0
399.2754 	EXP 	unnamed TextStim: text = '→'
400.9931 	DATA 	Keypress: right
401.0092 	EXP 	unnamed TextStim: height = 25.0
401.0092 	EXP 	unnamed TextStim: height = 25.0
401.0092 	EXP 	unnamed TextStim: height = 25.0
401.0092 	EXP 	unnamed TextStim: text = '↓'
402.7265 	DATA 	Keypress: down
402.7426 	EXP 	unnamed TextStim: height = 25.0
402.7426 	EXP 	unnamed TextStim: height = 25.0
402.7426 	EXP 	unnamed TextStim: height = 25.0
402.7426 	EXP 	unnamed TextStim: text = '←'
404.0763 	DATA 	Keypress: left
404.0927 	EXP 	unnamed TextStim: height = 25.0
404.0927 	EXP 	unnamed TextStim: height = 25.0
404.0927 	EXP 	unnamed TextStim: height = 25.0
404.0927 	EXP 	unnamed TextStim: text = '↑'
405.8433 	DATA 	Keypress: up
405.8594 	EXP 	unnamed TextStim: height = 25.0
405.8594 	EXP 	unnamed TextStim: height = 25.0
405.8594 	EXP 	unnamed TextStim: height = 25.0
405.8594 	EXP 	unnamed TextStim: text = '↓'
407.3266 	DATA 	Keypress: down
407.3428 	EXP 	unnamed TextStim: height = 25.0
407.3428 	EXP 	unnamed TextStim: height = 25.0
407.3428 	EXP 	unnamed TextStim: height = 25.0
407.3428 	EXP 	unnamed TextStim: text = '→'
409.0601 	DATA 	Keypress: right
409.0762 	EXP 	unnamed TextStim: height = 25.0
409.0762 	EXP 	unnamed TextStim: height = 25.0
409.0762 	EXP 	unnamed TextStim: height = 25.0
409.0762 	EXP 	unnamed TextStim: text = '↓'
410.8267 	DATA 	Keypress: down
410.8429 	EXP 	unnamed TextStim: height = 25.0
410.8429 	EXP 	unnamed TextStim: height = 25.0
410.8429 	EXP 	unnamed TextStim: height = 25.0
410.8429 	EXP 	unnamed TextStim: text = '↑'
412.3767 	DATA 	Keypress: up
412.3930 	EXP 	unnamed TextStim: text = '↑'
413.8268 	DATA 	Keypress: up
413.8430 	EXP 	unnamed TextStim: height = 25.0
413.8430 	EXP 	unnamed TextStim: height = 25.0
413.8430 	EXP 	unnamed TextStim: height = 25.0
413.8430 	EXP 	unnamed TextStim: text = '→'
415.5604 	DATA 	Keypress: right
415.5765 	EXP 	unnamed TextStim: text = '→'
417.2603 	DATA 	Keypress: right
417.2765 	EXP 	unnamed TextStim: height = 25.0
417.2765 	EXP 	unnamed TextStim: height = 25.0
417.2765 	EXP 	unnamed TextStim: height = 25.0
417.2765 	EXP 	unnamed TextStim: text = '↑'
418.8108 	DATA 	Keypress: up
418.8265 	EXP 	unnamed TextStim: height = 25.0
418.8265 	EXP 	unnamed TextStim: height = 25.0
418.8265 	EXP 	unnamed TextStim: height = 25.0
418.8265 	EXP 	unnamed TextStim: text = '→'
420.4272 	DATA 	Keypress: right
420.4434 	EXP 	unnamed TextStim: height = 25.0
420.4434 	EXP 	unnamed TextStim: height = 25.0
420.4434 	EXP 	unnamed TextStim: height = 25.0
420.4434 	EXP 	unnamed TextStim: text = '←'
422.1103 	DATA 	Keypress: left
422.1267 	EXP 	unnamed TextStim: height = 25.0
422.1267 	EXP 	unnamed TextStim: height = 25.0
422.1267 	EXP 	unnamed TextStim: height = 25.0
422.1267 	EXP 	unnamed TextStim: text = '↑'
423.8941 	DATA 	Keypress: up
423.9099 	EXP 	unnamed TextStim: height = 25.0
423.9099 	EXP 	unnamed TextStim: height = 25.0
423.9099 	EXP 	unnamed TextStim: height = 25.0
423.9099 	EXP 	unnamed TextStim: text = '→'
425.4441 	DATA 	Keypress: right
425.4601 	EXP 	unnamed TextStim: height = 25.0
425.4601 	EXP 	unnamed TextStim: height = 25.0
425.4601 	EXP 	unnamed TextStim: height = 25.0
425.4601 	EXP 	unnamed TextStim: text = '↓'
427.1106 	DATA 	Keypress: down
427.1267 	EXP 	unnamed TextStim: height = 25.0
427.1267 	EXP 	unnamed TextStim: height = 25.0
427.1267 	EXP 	unnamed TextStim: height = 25.0
427.1267 	EXP 	unnamed TextStim: text = '↑'
428.8276 	DATA 	Keypress: up
428.8436 	EXP 	unnamed TextStim: height = 25.0
428.8436 	EXP 	unnamed TextStim: height = 25.0
428.8436 	EXP 	unnamed TextStim: height = 25.0
428.8436 	EXP 	unnamed TextStim: text = '→'
430.5270 	DATA 	Keypress: right
430.6634 	EXP 	Created unnamed ImageStim = ImageStim(__class__=<class 'psychopy.visual.image.ImageStim'>, anchor=('center', 'center'), autoLog=True, color=array([1., 1., 1.]), colorSpace='rgb', contrast=1.0, depth=0, flipHoriz=False, flipVert=False, image='break.jpg', interpolate=True, mask=None, maskParams=None, name='unnamed ImageStim', opacity=1.0, ori=0.0, pos=array([0., 0.]), size=array([1536.,  864.]), texRes=128, units='pix', win=Window(...))
431.7452 	DATA 	Keypress: space
431.7601 	EXP 	unnamed TextStim: height = 25.0
431.7601 	EXP 	unnamed TextStim: height = 25.0
431.7601 	EXP 	unnamed TextStim: height = 25.0
431.7601 	EXP 	unnamed TextStim: text = '↓'
433.6611 	DATA 	Keypress: down
433.6769 	EXP 	unnamed TextStim: height = 25.0
433.6769 	EXP 	unnamed TextStim: height = 25.0
433.6769 	EXP 	unnamed TextStim: height = 25.0
433.6769 	EXP 	unnamed TextStim: text = '←'
435.1276 	DATA 	Keypress: left
435.1436 	EXP 	unnamed TextStim: height = 25.0
435.1436 	EXP 	unnamed TextStim: height = 25.0
435.1436 	EXP 	unnamed TextStim: height = 25.0
435.1436 	EXP 	unnamed TextStim: text = '↓'
436.9608 	DATA 	Keypress: down
436.9772 	EXP 	unnamed TextStim: height = 25.0
436.9772 	EXP 	unnamed TextStim: height = 25.0
436.9772 	EXP 	unnamed TextStim: height = 25.0
436.9772 	EXP 	unnamed TextStim: text = '←'
438.7947 	DATA 	Keypress: left
438.8105 	EXP 	unnamed TextStim: height = 25.0
438.8105 	EXP 	unnamed TextStim: height = 25.0
438.8105 	EXP 	unnamed TextStim: height = 25.0
438.8105 	EXP 	unnamed TextStim: text = '↑'
440.4444 	DATA 	Keypress: up
440.4607 	EXP 	unnamed TextStim: height = 25.0
440.4607 	EXP 	unnamed TextStim: height = 25.0
440.4607 	EXP 	unnamed TextStim: height = 25.0
440.4607 	EXP 	unnamed TextStim: text = '↓'
442.2445 	DATA 	Keypress: down
442.2608 	EXP 	unnamed TextStim: text = '↓'
443.9115 	DATA 	Keypress: down
443.9274 	EXP 	unnamed TextStim: text = '↓'
445.4447 	DATA 	Keypress: down
445.4608 	EXP 	unnamed TextStim: height = 25.0
445.4608 	EXP 	unnamed TextStim: height = 25.0
445.4608 	EXP 	unnamed TextStim: height = 25.0
445.4608 	EXP 	unnamed TextStim: text = '←'
447.1115 	DATA 	Keypress: left
447.1277 	EXP 	unnamed TextStim: height = 25.0
447.1277 	EXP 	unnamed TextStim: height = 25.0
447.1277 	EXP 	unnamed TextStim: height = 25.0
447.1277 	EXP 	unnamed TextStim: text = '↑'
448.9782 	DATA 	Keypress: up
448.9942 	EXP 	unnamed TextStim: text = '↑'
450.4950 	DATA 	Keypress: up
450.5111 	EXP 	unnamed TextStim: height = 25.0
450.5111 	EXP 	unnamed TextStim: height = 25.0
450.5111 	EXP 	unnamed TextStim: height = 25.0
450.5111 	EXP 	unnamed TextStim: text = '↓'
452.2456 	DATA 	Keypress: down
452.2612 	EXP 	unnamed TextStim: height = 25.0
452.2612 	EXP 	unnamed TextStim: height = 25.0
452.2612 	EXP 	unnamed TextStim: height = 25.0
452.2612 	EXP 	unnamed TextStim: text = '←'
453.7780 	DATA 	Keypress: left
453.7946 	EXP 	unnamed TextStim: text = '←'
455.3116 	DATA 	Keypress: left
455.3279 	EXP 	unnamed TextStim: height = 25.0
455.3279 	EXP 	unnamed TextStim: height = 25.0
455.3279 	EXP 	unnamed TextStim: height = 25.0
455.3279 	EXP 	unnamed TextStim: text = '→'
456.9285 	DATA 	Keypress: right
456.9446 	EXP 	unnamed TextStim: text = '→'
458.6619 	DATA 	Keypress: right
458.6779 	EXP 	unnamed TextStim: text = '→'
460.2119 	DATA 	Keypress: right
460.2281 	EXP 	unnamed TextStim: text = '→'
462.0121 	DATA 	Keypress: right
462.0282 	EXP 	unnamed TextStim: height = 25.0
462.0282 	EXP 	unnamed TextStim: height = 25.0
462.0282 	EXP 	unnamed TextStim: height = 25.0
462.0282 	EXP 	unnamed TextStim: text = '↓'
463.6787 	DATA 	Keypress: down
463.8203 	EXP 	Created unnamed ImageStim = ImageStim(__class__=<class 'psychopy.visual.image.ImageStim'>, anchor=('center', 'center'), autoLog=True, color=array([1., 1., 1.]), colorSpace='rgb', contrast=1.0, depth=0, flipHoriz=False, flipVert=False, image='break.jpg', interpolate=True, mask=None, maskParams=None, name='unnamed ImageStim', opacity=1.0, ori=0.0, pos=array([0., 0.]), size=array([1536.,  864.]), texRes=128, units='pix', win=Window(...))
464.7637 	DATA 	Keypress: space
464.7779 	EXP 	unnamed TextStim: height = 25.0
464.7779 	EXP 	unnamed TextStim: height = 25.0
464.7779 	EXP 	unnamed TextStim: height = 25.0
464.7779 	EXP 	unnamed TextStim: text = '→'
466.3287 	DATA 	Keypress: left
466.3451 	EXP 	unnamed TextStim: height = 25.0
466.3451 	EXP 	unnamed TextStim: height = 25.0
466.3451 	EXP 	unnamed TextStim: height = 25.0
466.3451 	EXP 	unnamed TextStim: text = '↑'
468.0959 	DATA 	Keypress: up
468.1117 	EXP 	unnamed TextStim: height = 25.0
468.1117 	EXP 	unnamed TextStim: height = 25.0
468.1117 	EXP 	unnamed TextStim: height = 25.0
468.1117 	EXP 	unnamed TextStim: text = '←'
469.4790 	DATA 	Keypress: left
469.4951 	EXP 	unnamed TextStim: height = 25.0
469.4951 	EXP 	unnamed TextStim: height = 25.0
469.4951 	EXP 	unnamed TextStim: height = 25.0
469.4951 	EXP 	unnamed TextStim: text = '↓'
471.3456 	DATA 	Keypress: down
471.3617 	EXP 	unnamed TextStim: text = '↓'
472.9790 	DATA 	Keypress: down
472.9953 	EXP 	unnamed TextStim: height = 25.0
472.9953 	EXP 	unnamed TextStim: height = 25.0
472.9953 	EXP 	unnamed TextStim: height = 25.0
472.9953 	EXP 	unnamed TextStim: text = '←'
474.5458 	DATA 	Keypress: left
474.5620 	EXP 	unnamed TextStim: height = 25.0
474.5620 	EXP 	unnamed TextStim: height = 25.0
474.5620 	EXP 	unnamed TextStim: height = 25.0
474.5620 	EXP 	unnamed TextStim: text = '→'
476.0791 	DATA 	Keypress: right
476.0954 	EXP 	unnamed TextStim: height = 25.0
476.0954 	EXP 	unnamed TextStim: height = 25.0
476.0954 	EXP 	unnamed TextStim: height = 25.0
476.0954 	EXP 	unnamed TextStim: text = '↑'
477.6958 	DATA 	Keypress: up
477.7119 	EXP 	unnamed TextStim: height = 25.0
477.7119 	EXP 	unnamed TextStim: height = 25.0
477.7119 	EXP 	unnamed TextStim: height = 25.0
477.7119 	EXP 	unnamed TextStim: text = '↓'
479.2293 	DATA 	Keypress: up
479.2453 	EXP 	unnamed TextStim: height = 25.0
479.2453 	EXP 	unnamed TextStim: height = 25.0
479.2453 	EXP 	unnamed TextStim: height = 25.0
479.2453 	EXP 	unnamed TextStim: text = '↑'
480.9125 	DATA 	Keypress: up
480.9289 	EXP 	unnamed TextStim: height = 25.0
480.9289 	EXP 	unnamed TextStim: height = 25.0
480.9289 	EXP 	unnamed TextStim: height = 25.0
480.9289 	EXP 	unnamed TextStim: text = '↓'
482.5960 	DATA 	Keypress: down
482.6123 	EXP 	unnamed TextStim: height = 25.0
482.6123 	EXP 	unnamed TextStim: height = 25.0
482.6123 	EXP 	unnamed TextStim: height = 25.0
482.6123 	EXP 	unnamed TextStim: text = '↑'
484.2460 	DATA 	Keypress: up
484.2623 	EXP 	unnamed TextStim: height = 25.0
484.2623 	EXP 	unnamed TextStim: height = 25.0
484.2623 	EXP 	unnamed TextStim: height = 25.0
484.2623 	EXP 	unnamed TextStim: text = '→'
486.0463 	DATA 	Keypress: right
486.0626 	EXP 	unnamed TextStim: height = 25.0
486.0626 	EXP 	unnamed TextStim: height = 25.0
486.0626 	EXP 	unnamed TextStim: height = 25.0
486.0626 	EXP 	unnamed TextStim: text = '↑'
487.7630 	DATA 	Keypress: up
487.7792 	EXP 	unnamed TextStim: text = '↑'
489.5297 	DATA 	Keypress: up
489.5459 	EXP 	unnamed TextStim: height = 25.0
489.5459 	EXP 	unnamed TextStim: height = 25.0
489.5459 	EXP 	unnamed TextStim: height = 25.0
489.5459 	EXP 	unnamed TextStim: text = '↓'
491.1297 	DATA 	Keypress: down
491.1461 	EXP 	unnamed TextStim: text = '↓'
492.6298 	DATA 	Keypress: down
492.6458 	EXP 	unnamed TextStim: height = 25.0
492.6458 	EXP 	unnamed TextStim: height = 25.0
492.6458 	EXP 	unnamed TextStim: height = 25.0
492.6458 	EXP 	unnamed TextStim: text = '↑'
494.1465 	DATA 	Keypress: up
494.1625 	EXP 	unnamed TextStim: height = 25.0
494.1625 	EXP 	unnamed TextStim: height = 25.0
494.1625 	EXP 	unnamed TextStim: height = 25.0
494.1625 	EXP 	unnamed TextStim: text = '←'
495.6970 	DATA 	Keypress: left
495.8408 	EXP 	Created unnamed ImageStim = ImageStim(__class__=<class 'psychopy.visual.image.ImageStim'>, anchor=('center', 'center'), autoLog=True, color=array([1., 1., 1.]), colorSpace='rgb', contrast=1.0, depth=0, flipHoriz=False, flipVert=False, image='break.jpg', interpolate=True, mask=None, maskParams=None, name='unnamed ImageStim', opacity=1.0, ori=0.0, pos=array([0., 0.]), size=array([1536.,  864.]), texRes=128, units='pix', win=Window(...))
497.5707 	DATA 	Keypress: space
497.5794 	EXP 	unnamed TextStim: height = 25.0
497.5794 	EXP 	unnamed TextStim: height = 25.0
497.5794 	EXP 	unnamed TextStim: height = 25.0
497.5794 	EXP 	unnamed TextStim: text = '↓'
499.5296 	EXP 	unnamed TextStim: height = 25.0
499.5296 	EXP 	unnamed TextStim: height = 25.0
499.5296 	EXP 	unnamed TextStim: height = 25.0
499.5296 	EXP 	unnamed TextStim: text = '↑'
499.5809 	DATA 	Keypress: down
501.2969 	DATA 	Keypress: up
501.3128 	EXP 	unnamed TextStim: height = 25.0
501.3128 	EXP 	unnamed TextStim: height = 25.0
501.3128 	EXP 	unnamed TextStim: height = 25.0
501.3128 	EXP 	unnamed TextStim: text = '↓'
502.8633 	DATA 	Keypress: down
502.8796 	EXP 	unnamed TextStim: height = 25.0
502.8796 	EXP 	unnamed TextStim: height = 25.0
502.8796 	EXP 	unnamed TextStim: height = 25.0
502.8796 	EXP 	unnamed TextStim: text = '↑'
504.7964 	EXP 	unnamed TextStim: height = 25.0
504.7964 	EXP 	unnamed TextStim: height = 25.0
504.7964 	EXP 	unnamed TextStim: height = 25.0
504.7964 	EXP 	unnamed TextStim: text = '↓'
504.8975 	DATA 	Keypress: up
506.4471 	DATA 	Keypress: down
506.4632 	EXP 	unnamed TextStim: text = '↓'
508.2972 	DATA 	Keypress: down
508.3132 	EXP 	unnamed TextStim: text = '↓'
509.8468 	DATA 	Keypress: down
509.8632 	EXP 	unnamed TextStim: height = 25.0
509.8632 	EXP 	unnamed TextStim: height = 25.0
509.8632 	EXP 	unnamed TextStim: height = 25.0
509.8632 	EXP 	unnamed TextStim: text = '←'
511.6139 	DATA 	Keypress: left
511.6301 	EXP 	unnamed TextStim: height = 25.0
511.6301 	EXP 	unnamed TextStim: height = 25.0
511.6301 	EXP 	unnamed TextStim: height = 25.0
511.6301 	EXP 	unnamed TextStim: text = '↑'
513.4807 	DATA 	Keypress: up
513.4970 	EXP 	unnamed TextStim: text = '↑'
515.0139 	DATA 	Keypress: up
515.0300 	EXP 	unnamed TextStim: height = 25.0
515.0300 	EXP 	unnamed TextStim: height = 25.0
515.0300 	EXP 	unnamed TextStim: height = 25.0
515.0300 	EXP 	unnamed TextStim: text = '→'
516.4641 	DATA 	Keypress: right
516.4803 	EXP 	unnamed TextStim: height = 25.0
516.4803 	EXP 	unnamed TextStim: height = 25.0
516.4803 	EXP 	unnamed TextStim: height = 25.0
516.4803 	EXP 	unnamed TextStim: text = '↑'
518.1809 	DATA 	Keypress: up
518.1969 	EXP 	unnamed TextStim: height = 25.0
518.1969 	EXP 	unnamed TextStim: height = 25.0
518.1969 	EXP 	unnamed TextStim: height = 25.0
518.1969 	EXP 	unnamed TextStim: text = '←'
520.0476 	DATA 	Keypress: left
520.0636 	EXP 	unnamed TextStim: text = '←'
521.7979 	DATA 	Keypress: left
521.8137 	EXP 	unnamed TextStim: height = 25.0
521.8137 	EXP 	unnamed TextStim: height = 25.0
521.8137 	EXP 	unnamed TextStim: height = 25.0
521.8137 	EXP 	unnamed TextStim: text = '→'
523.6143 	DATA 	Keypress: right
523.6305 	EXP 	unnamed TextStim: text = '→'
525.0977 	DATA 	Keypress: right
525.1138 	EXP 	unnamed TextStim: height = 25.0
525.1138 	EXP 	unnamed TextStim: height = 25.0
525.1138 	EXP 	unnamed TextStim: height = 25.0
525.1138 	EXP 	unnamed TextStim: text = '←'
526.9479 	DATA 	Keypress: left
526.9640 	EXP 	unnamed TextStim: height = 25.0
526.9640 	EXP 	unnamed TextStim: height = 25.0
526.9640 	EXP 	unnamed TextStim: height = 25.0
526.9640 	EXP 	unnamed TextStim: text = '↑'
528.5978 	DATA 	Keypress: up
528.6140 	EXP 	unnamed TextStim: text = '↑'
530.2480 	DATA 	Keypress: up
530.3856 	EXP 	Created unnamed ImageStim = ImageStim(__class__=<class 'psychopy.visual.image.ImageStim'>, anchor=('center', 'center'), autoLog=True, color=array([1., 1., 1.]), colorSpace='rgb', contrast=1.0, depth=0, flipHoriz=False, flipVert=False, image='break.jpg', interpolate=True, mask=None, maskParams=None, name='unnamed ImageStim', opacity=1.0, ori=0.0, pos=array([0., 0.]), size=array([1536.,  864.]), texRes=128, units='pix', win=Window(...))
531.4775 	DATA 	Keypress: space
531.4817 	EXP 	unnamed TextStim: height = 25.0
531.4817 	EXP 	unnamed TextStim: height = 25.0
531.4817 	EXP 	unnamed TextStim: height = 25.0
531.4817 	EXP 	unnamed TextStim: text = '↓'
532.9477 	DATA 	Keypress: down
532.9640 	EXP 	unnamed TextStim: height = 25.0
532.9640 	EXP 	unnamed TextStim: height = 25.0
532.9640 	EXP 	unnamed TextStim: height = 25.0
532.9640 	EXP 	unnamed TextStim: text = '←'
534.5982 	DATA 	Keypress: left
534.6142 	EXP 	unnamed TextStim: text = '←'
535.9814 	DATA 	Keypress: left
535.9975 	EXP 	unnamed TextStim: height = 25.0
535.9975 	EXP 	unnamed TextStim: height = 25.0
535.9975 	EXP 	unnamed TextStim: height = 25.0
535.9975 	EXP 	unnamed TextStim: text = '→'
538.0147 	DATA 	Keypress: right
538.0310 	EXP 	unnamed TextStim: height = 25.0
538.0310 	EXP 	unnamed TextStim: height = 25.0
538.0310 	EXP 	unnamed TextStim: height = 25.0
538.0310 	EXP 	unnamed TextStim: text = '←'
539.7149 	DATA 	Keypress: left
539.7311 	EXP 	unnamed TextStim: height = 25.0
539.7311 	EXP 	unnamed TextStim: height = 25.0
539.7311 	EXP 	unnamed TextStim: height = 25.0
539.7311 	EXP 	unnamed TextStim: text = '↓'
541.5327 	DATA 	Keypress: down
541.5645 	EXP 	unnamed TextStim: height = 25.0
541.5645 	EXP 	unnamed TextStim: height = 25.0
541.5645 	EXP 	unnamed TextStim: height = 25.0
541.5645 	EXP 	unnamed TextStim: text = '↑'
543.2483 	DATA 	Keypress: up
543.2646 	EXP 	unnamed TextStim: height = 25.0
543.2646 	EXP 	unnamed TextStim: height = 25.0
543.2646 	EXP 	unnamed TextStim: height = 25.0
543.2646 	EXP 	unnamed TextStim: text = '←'
544.8652 	DATA 	Keypress: left
544.8811 	EXP 	unnamed TextStim: height = 25.0
544.8811 	EXP 	unnamed TextStim: height = 25.0
544.8811 	EXP 	unnamed TextStim: height = 25.0
544.8811 	EXP 	unnamed TextStim: text = '→'
546.4151 	DATA 	Keypress: right
546.4313 	EXP 	unnamed TextStim: height = 25.0
546.4313 	EXP 	unnamed TextStim: height = 25.0
546.4313 	EXP 	unnamed TextStim: height = 25.0
546.4313 	EXP 	unnamed TextStim: text = '←'
547.8653 	DATA 	Keypress: left
547.8814 	EXP 	unnamed TextStim: height = 25.0
547.8814 	EXP 	unnamed TextStim: height = 25.0
547.8814 	EXP 	unnamed TextStim: height = 25.0
547.8814 	EXP 	unnamed TextStim: text = '↑'
549.5153 	DATA 	Keypress: up
549.5312 	EXP 	unnamed TextStim: height = 25.0
549.5312 	EXP 	unnamed TextStim: height = 25.0
549.5312 	EXP 	unnamed TextStim: height = 25.0
549.5312 	EXP 	unnamed TextStim: text = '↓'
551.1818 	DATA 	Keypress: down
551.1982 	EXP 	unnamed TextStim: height = 25.0
551.1982 	EXP 	unnamed TextStim: height = 25.0
551.1982 	EXP 	unnamed TextStim: height = 25.0
551.1982 	EXP 	unnamed TextStim: text = '←'
552.8988 	DATA 	Keypress: left
552.9148 	EXP 	unnamed TextStim: height = 25.0
552.9148 	EXP 	unnamed TextStim: height = 25.0
552.9148 	EXP 	unnamed TextStim: height = 25.0
552.9148 	EXP 	unnamed TextStim: text = '↓'
554.6167 	DATA 	Keypress: down
554.6483 	EXP 	unnamed TextStim: height = 25.0
554.6483 	EXP 	unnamed TextStim: height = 25.0
554.6483 	EXP 	unnamed TextStim: height = 25.0
554.6483 	EXP 	unnamed TextStim: text = '↑'
556.3174 	DATA 	Keypress: up
556.3484 	EXP 	unnamed TextStim: height = 25.0
556.3484 	EXP 	unnamed TextStim: height = 25.0
556.3484 	EXP 	unnamed TextStim: height = 25.0
556.3484 	EXP 	unnamed TextStim: text = '←'
557.9506 	DATA 	Keypress: left
557.9817 	EXP 	unnamed TextStim: height = 25.0
557.9817 	EXP 	unnamed TextStim: height = 25.0
557.9817 	EXP 	unnamed TextStim: height = 25.0
557.9817 	EXP 	unnamed TextStim: text = '↓'
559.7825 	DATA 	Keypress: up
559.7984 	EXP 	unnamed TextStim: height = 25.0
559.7984 	EXP 	unnamed TextStim: height = 25.0
559.7984 	EXP 	unnamed TextStim: height = 25.0
559.7984 	EXP 	unnamed TextStim: text = '←'
559.8825 	DATA 	Keypress: down
561.4490 	DATA 	Keypress: left
561.4653 	EXP 	unnamed TextStim: height = 25.0
561.4653 	EXP 	unnamed TextStim: height = 25.0
561.4653 	EXP 	unnamed TextStim: height = 25.0
561.4653 	EXP 	unnamed TextStim: text = '↓'
562.8657 	DATA 	Keypress: down
563.0117 	EXP 	Created unnamed ImageStim = ImageStim(__class__=<class 'psychopy.visual.image.ImageStim'>, anchor=('center', 'center'), autoLog=True, color=array([1., 1., 1.]), colorSpace='rgb', contrast=1.0, depth=0, flipHoriz=False, flipVert=False, image='break.jpg', interpolate=True, mask=None, maskParams=None, name='unnamed ImageStim', opacity=1.0, ori=0.0, pos=array([0., 0.]), size=array([1536.,  864.]), texRes=128, units='pix', win=Window(...))
563.6818 	DATA 	Mouse: Right button down, pos=(1756,882)
563.9656 	DATA 	Keypress: space
563.9816 	EXP 	unnamed TextStim: height = 25.0
563.9816 	EXP 	unnamed TextStim: height = 25.0
563.9816 	EXP 	unnamed TextStim: height = 25.0
563.9816 	EXP 	unnamed TextStim: text = '←'
564.2833 	DATA 	Mouse:  Right button up, pos=(1756,882)
565.3994 	DATA 	Keypress: left
565.4154 	EXP 	unnamed TextStim: height = 25.0
565.4154 	EXP 	unnamed TextStim: height = 25.0
565.4154 	EXP 	unnamed TextStim: height = 25.0
565.4154 	EXP 	unnamed TextStim: text = '↑'
567.1991 	DATA 	Keypress: up
567.2154 	EXP 	unnamed TextStim: text = '↑'
568.7494 	DATA 	Keypress: up
568.7654 	EXP 	unnamed TextStim: height = 25.0
568.7654 	EXP 	unnamed TextStim: height = 25.0
568.7654 	EXP 	unnamed TextStim: height = 25.0
568.7654 	EXP 	unnamed TextStim: text = '←'
570.2994 	DATA 	Keypress: left
570.3156 	EXP 	unnamed TextStim: text = '←'
571.9183 	DATA 	Keypress: left
571.9489 	EXP 	unnamed TextStim: height = 25.0
571.9489 	EXP 	unnamed TextStim: height = 25.0
571.9489 	EXP 	unnamed TextStim: height = 25.0
571.9489 	EXP 	unnamed TextStim: text = '→'
573.8494 	DATA 	Keypress: right
573.8658 	EXP 	unnamed TextStim: height = 25.0
573.8658 	EXP 	unnamed TextStim: height = 25.0
573.8658 	EXP 	unnamed TextStim: height = 25.0
573.8658 	EXP 	unnamed TextStim: text = '↑'
575.4664 	DATA 	Keypress: up
575.4823 	EXP 	unnamed TextStim: height = 25.0
575.4823 	EXP 	unnamed TextStim: height = 25.0
575.4823 	EXP 	unnamed TextStim: height = 25.0
575.4823 	EXP 	unnamed TextStim: text = '→'
576.9518 	DATA 	Keypress: right
576.9825 	EXP 	unnamed TextStim: height = 25.0
576.9825 	EXP 	unnamed TextStim: height = 25.0
576.9825 	EXP 	unnamed TextStim: height = 25.0
576.9825 	EXP 	unnamed TextStim: text = '↑'
578.4852 	DATA 	Keypress: up
578.5159 	EXP 	unnamed TextStim: text = '↑'
579.8661 	DATA 	Keypress: up
579.8825 	EXP 	unnamed TextStim: height = 25.0
579.8825 	EXP 	unnamed TextStim: height = 25.0
579.8825 	EXP 	unnamed TextStim: height = 25.0
579.8825 	EXP 	unnamed TextStim: text = '←'
581.7500 	DATA 	Keypress: left
581.7660 	EXP 	unnamed TextStim: text = '←'
583.1681 	DATA 	Keypress: left
583.1993 	EXP 	unnamed TextStim: height = 25.0
583.1993 	EXP 	unnamed TextStim: height = 25.0
583.1993 	EXP 	unnamed TextStim: height = 25.0
583.1993 	EXP 	unnamed TextStim: text = '↓'
585.1004 	DATA 	Keypress: down
585.1161 	EXP 	unnamed TextStim: height = 25.0
585.1161 	EXP 	unnamed TextStim: height = 25.0
585.1161 	EXP 	unnamed TextStim: height = 25.0
585.1161 	EXP 	unnamed TextStim: text = '↑'
586.8332 	DATA 	Keypress: up
586.8495 	EXP 	unnamed TextStim: height = 25.0
586.8495 	EXP 	unnamed TextStim: height = 25.0
586.8495 	EXP 	unnamed TextStim: height = 25.0
586.8495 	EXP 	unnamed TextStim: text = '→'
588.5499 	DATA 	Keypress: right
588.5663 	EXP 	unnamed TextStim: height = 25.0
588.5663 	EXP 	unnamed TextStim: height = 25.0
588.5663 	EXP 	unnamed TextStim: height = 25.0
588.5663 	EXP 	unnamed TextStim: text = '↑'
590.2338 	DATA 	Keypress: up
590.2495 	EXP 	unnamed TextStim: height = 25.0
590.2495 	EXP 	unnamed TextStim: height = 25.0
590.2495 	EXP 	unnamed TextStim: height = 25.0
590.2495 	EXP 	unnamed TextStim: text = '↓'
591.6836 	DATA 	Keypress: down
591.6997 	EXP 	unnamed TextStim: text = '↓'
593.4501 	DATA 	Keypress: down
593.4664 	EXP 	unnamed TextStim: height = 25.0
593.4664 	EXP 	unnamed TextStim: height = 25.0
593.4664 	EXP 	unnamed TextStim: height = 25.0
593.4664 	EXP 	unnamed TextStim: text = '→'
595.3671 	DATA 	Keypress: right
595.5085 	EXP 	Created unnamed ImageStim = ImageStim(__class__=<class 'psychopy.visual.image.ImageStim'>, anchor=('center', 'center'), autoLog=True, color=array([1., 1., 1.]), colorSpace='rgb', contrast=1.0, depth=0, flipHoriz=False, flipVert=False, image='break.jpg', interpolate=True, mask=None, maskParams=None, name='unnamed ImageStim', opacity=1.0, ori=0.0, pos=array([0., 0.]), size=array([1536.,  864.]), texRes=128, units='pix', win=Window(...))
596.4632 	DATA 	Keypress: space
596.4670 	EXP 	unnamed TextStim: height = 25.0
596.4670 	EXP 	unnamed TextStim: height = 25.0
596.4670 	EXP 	unnamed TextStim: height = 25.0
596.4670 	EXP 	unnamed TextStim: text = '←'
597.9341 	DATA 	Keypress: left
597.9499 	EXP 	unnamed TextStim: height = 25.0
597.9499 	EXP 	unnamed TextStim: height = 25.0
597.9499 	EXP 	unnamed TextStim: height = 25.0
597.9499 	EXP 	unnamed TextStim: text = '→'
599.2508 	DATA 	Keypress: right
599.2667 	EXP 	unnamed TextStim: height = 25.0
599.2667 	EXP 	unnamed TextStim: height = 25.0
599.2667 	EXP 	unnamed TextStim: height = 25.0
599.2667 	EXP 	unnamed TextStim: text = '↑'
600.9173 	DATA 	Keypress: up
600.9335 	EXP 	unnamed TextStim: height = 25.0
600.9335 	EXP 	unnamed TextStim: height = 25.0
600.9335 	EXP 	unnamed TextStim: height = 25.0
600.9335 	EXP 	unnamed TextStim: text = '←'
602.6507 	DATA 	Keypress: left
602.6668 	EXP 	unnamed TextStim: height = 25.0
602.6668 	EXP 	unnamed TextStim: height = 25.0
602.6668 	EXP 	unnamed TextStim: height = 25.0
602.6668 	EXP 	unnamed TextStim: text = '↓'
604.1675 	DATA 	Keypress: down
604.1835 	EXP 	unnamed TextStim: height = 25.0
604.1835 	EXP 	unnamed TextStim: height = 25.0
604.1835 	EXP 	unnamed TextStim: height = 25.0
604.1835 	EXP 	unnamed TextStim: text = '↑'
605.8508 	DATA 	Keypress: up
605.8668 	EXP 	unnamed TextStim: text = '↑'
607.2175 	DATA 	Keypress: up
607.2336 	EXP 	unnamed TextStim: height = 25.0
607.2336 	EXP 	unnamed TextStim: height = 25.0
607.2336 	EXP 	unnamed TextStim: height = 25.0
607.2336 	EXP 	unnamed TextStim: text = '→'
608.8176 	DATA 	Keypress: right
608.8337 	EXP 	unnamed TextStim: height = 25.0
608.8337 	EXP 	unnamed TextStim: height = 25.0
608.8337 	EXP 	unnamed TextStim: height = 25.0
608.8337 	EXP 	unnamed TextStim: text = '↓'
610.5676 	DATA 	Keypress: down
610.5837 	EXP 	unnamed TextStim: text = '↓'
612.4678 	DATA 	Keypress: down
612.4837 	EXP 	unnamed TextStim: text = '↓'
614.1694 	DATA 	Keypress: down
614.2006 	EXP 	unnamed TextStim: height = 25.0
614.2006 	EXP 	unnamed TextStim: height = 25.0
614.2006 	EXP 	unnamed TextStim: height = 25.0
614.2006 	EXP 	unnamed TextStim: text = '↑'
615.6677 	DATA 	Keypress: up
615.6840 	EXP 	unnamed TextStim: height = 25.0
615.6840 	EXP 	unnamed TextStim: height = 25.0
615.6840 	EXP 	unnamed TextStim: height = 25.0
615.6840 	EXP 	unnamed TextStim: text = '→'
617.3345 	DATA 	Keypress: right
617.3506 	EXP 	unnamed TextStim: height = 25.0
617.3506 	EXP 	unnamed TextStim: height = 25.0
617.3506 	EXP 	unnamed TextStim: height = 25.0
617.3506 	EXP 	unnamed TextStim: text = '↑'
618.9013 	DATA 	Keypress: up
618.9174 	EXP 	unnamed TextStim: height = 25.0
618.9174 	EXP 	unnamed TextStim: height = 25.0
618.9174 	EXP 	unnamed TextStim: height = 25.0
618.9174 	EXP 	unnamed TextStim: text = '↓'
620.5846 	DATA 	Keypress: up
620.6007 	EXP 	unnamed TextStim: height = 25.0
620.6007 	EXP 	unnamed TextStim: height = 25.0
620.6007 	EXP 	unnamed TextStim: height = 25.0
620.6007 	EXP 	unnamed TextStim: text = '→'
622.3347 	DATA 	Keypress: right
622.3507 	EXP 	unnamed TextStim: text = '→'
623.9848 	DATA 	Keypress: right
624.0010 	EXP 	unnamed TextStim: height = 25.0
624.0010 	EXP 	unnamed TextStim: height = 25.0
624.0010 	EXP 	unnamed TextStim: height = 25.0
624.0010 	EXP 	unnamed TextStim: text = '↓'
625.7515 	DATA 	Keypress: down
625.7679 	EXP 	unnamed TextStim: height = 25.0
625.7679 	EXP 	unnamed TextStim: height = 25.0
625.7679 	EXP 	unnamed TextStim: height = 25.0
625.7679 	EXP 	unnamed TextStim: text = '←'
627.2349 	DATA 	Keypress: left
627.3763 	EXP 	Created unnamed ImageStim = ImageStim(__class__=<class 'psychopy.visual.image.ImageStim'>, anchor=('center', 'center'), autoLog=True, color=array([1., 1., 1.]), colorSpace='rgb', contrast=1.0, depth=0, flipHoriz=False, flipVert=False, image='break.jpg', interpolate=True, mask=None, maskParams=None, name='unnamed ImageStim', opacity=1.0, ori=0.0, pos=array([0., 0.]), size=array([1536.,  864.]), texRes=128, units='pix', win=Window(...))
628.7202 	DATA 	Keypress: space
628.7341 	EXP 	unnamed TextStim: text = '←'
630.1515 	DATA 	Keypress: left
630.1679 	EXP 	unnamed TextStim: height = 25.0
630.1679 	EXP 	unnamed TextStim: height = 25.0
630.1679 	EXP 	unnamed TextStim: height = 25.0
630.1679 	EXP 	unnamed TextStim: text = '→'
631.7018 	DATA 	Keypress: right
631.7179 	EXP 	unnamed TextStim: text = '→'
633.2352 	DATA 	Keypress: right
633.2513 	EXP 	unnamed TextStim: height = 25.0
633.2513 	EXP 	unnamed TextStim: height = 25.0
633.2513 	EXP 	unnamed TextStim: height = 25.0
633.2513 	EXP 	unnamed TextStim: text = '↓'
634.9520 	DATA 	Keypress: down
634.9679 	EXP 	unnamed TextStim: height = 25.0
634.9679 	EXP 	unnamed TextStim: height = 25.0
634.9679 	EXP 	unnamed TextStim: height = 25.0
634.9679 	EXP 	unnamed TextStim: text = '↑'
636.7186 	DATA 	Keypress: up
636.7347 	EXP 	unnamed TextStim: height = 25.0
636.7347 	EXP 	unnamed TextStim: height = 25.0
636.7347 	EXP 	unnamed TextStim: height = 25.0
636.7347 	EXP 	unnamed TextStim: text = '→'
638.6020 	DATA 	Keypress: right
638.6181 	EXP 	unnamed TextStim: text = '→'
640.2198 	DATA 	Keypress: right
640.2516 	EXP 	unnamed TextStim: height = 25.0
640.2516 	EXP 	unnamed TextStim: height = 25.0
640.2516 	EXP 	unnamed TextStim: height = 25.0
640.2516 	EXP 	unnamed TextStim: text = '←'
641.8856 	DATA 	Keypress: left
641.9015 	EXP 	unnamed TextStim: height = 25.0
641.9015 	EXP 	unnamed TextStim: height = 25.0
641.9015 	EXP 	unnamed TextStim: height = 25.0
641.9015 	EXP 	unnamed TextStim: text = '↑'
643.6521 	DATA 	Keypress: up
643.6682 	EXP 	unnamed TextStim: height = 25.0
643.6682 	EXP 	unnamed TextStim: height = 25.0
643.6682 	EXP 	unnamed TextStim: height = 25.0
643.6682 	EXP 	unnamed TextStim: text = '↓'
645.2024 	DATA 	Keypress: up
645.2185 	EXP 	unnamed TextStim: text = '↓'
646.8357 	DATA 	Keypress: down
646.8517 	EXP 	unnamed TextStim: text = '↓'
648.4691 	DATA 	Keypress: down
648.4851 	EXP 	unnamed TextStim: height = 25.0
648.4851 	EXP 	unnamed TextStim: height = 25.0
648.4851 	EXP 	unnamed TextStim: height = 25.0
648.4851 	EXP 	unnamed TextStim: text = '↑'
649.9693 	DATA 	Keypress: up
649.9856 	EXP 	unnamed TextStim: height = 25.0
649.9856 	EXP 	unnamed TextStim: height = 25.0
649.9856 	EXP 	unnamed TextStim: height = 25.0
649.9856 	EXP 	unnamed TextStim: text = '↓'
651.7524 	DATA 	Keypress: down
651.7686 	EXP 	unnamed TextStim: text = '↓'
653.6533 	DATA 	Keypress: down
653.6687 	EXP 	unnamed TextStim: text = '↓'
655.3359 	DATA 	Keypress: down
655.3520 	EXP 	unnamed TextStim: text = '↓'
657.2062 	DATA 	Keypress: down
657.2188 	EXP 	unnamed TextStim: height = 25.0
657.2188 	EXP 	unnamed TextStim: height = 25.0
657.2188 	EXP 	unnamed TextStim: height = 25.0
657.2188 	EXP 	unnamed TextStim: text = '→'
658.9027 	DATA 	Keypress: right
658.9188 	EXP 	unnamed TextStim: height = 25.0
658.9188 	EXP 	unnamed TextStim: height = 25.0
658.9188 	EXP 	unnamed TextStim: height = 25.0
658.9188 	EXP 	unnamed TextStim: text = '↑'
660.7728 	EXP 	Created unnamed ImageStim = ImageStim(__class__=<class 'psychopy.visual.image.ImageStim'>, anchor=('center', 'center'), autoLog=True, color=array([1., 1., 1.]), colorSpace='rgb', contrast=1.0, depth=0, flipHoriz=False, flipVert=False, image='break.jpg', interpolate=True, mask=None, maskParams=None, name='unnamed ImageStim', opacity=1.0, ori=0.0, pos=array([0., 0.]), size=array([1536.,  864.]), texRes=128, units='pix', win=Window(...))
660.7733 	DATA 	Keypress: up
661.8301 	DATA 	Keypress: space
661.8514 	EXP 	Created unnamed TextStim = TextStim(__class__=<class 'psychopy.visual.text.TextStim'>, alignHoriz=method-wrapper(...), alignText='center', alignVert=method-wrapper(...), anchorHoriz='center', anchorVert='center', antialias=True, autoDraw=False, autoLog=True, bold=False, color=array([-1, -1, -1]), colorSpace='rgb', contrast=1.0, depth=0, flipHoriz=False, flipVert=False, font='', fontFiles=[], height=28.0, italic=False, languageStyle='LTR', name='unnamed TextStim', opacity=1.0, ori=0.0, pos=array([0., 0.]), rgb=UNKNOWN, text=str(...), units='pix', win=Window(...), wrapWidth=1536)
679.7300 	DATA 	Keypress: space
679.8123 	EXP 	window1: mouseVisible = True
