12.6605 	WARNING 	User requested fullscreen with size [1536  864], but screen is actually [1920, 1080]. Using actual size
14.1224 	INFO 	FRAME RATE: 60
14.1224 	INFO 	SCREEN RES: odict_values([1536, 864])
14.1814 	EXP 	Created unnamed TextStim = TextStim(__class__=<class 'psychopy.visual.text.TextStim'>, alignHoriz=method-wrapper(...), alignText='center', alignVert=method-wrapper(...), anchorHoriz='center', anchorVert='center', antialias=True, autoDraw=False, autoLog=True, bold=False, color=array([-1, -1, -1]), colorSpace='rgb', contrast=1.0, depth=0, flipHoriz=False, flipVert=False, font='', fontFiles=[], height=100.0, italic=False, languageStyle='LTR', name='unnamed TextStim', opacity=1.0, ori=0.0, pos=array([0., 0.]), rgb=UNKNOWN, text='+', units='pix', win=Window(...), wrapWidth=500)
14.1854 	EXP 	Created unnamed Circle = Circle(__class__=<class 'psychopy.visual.circle.Circle'>, anchor=('center', 'center'), autoDraw=False, autoLog=True, closeShape=True, color=method-wrapper(...), colorSpace='rgb', contrast=None, depth=0, fillColor=array([ 0.09019608, -1.        , -1.        ]), fillColorSpace='rgb', fillRGB=array([ 0.09019608, -1.        , -1.        ]), interpolate=True, lineColor=array([ 0.09019608, -1.        , -1.        ]), lineColorSpace='rgb', lineRGB=array([ 0.09019608, -1.        , -1.        ]), lineWidth=1.5, name='unnamed Circle', opacity=1.0, ori=0.0, pos=array([0., 0.]), size=array([1., 1.]), units='pix', vertices=ndarray(...), win=Window(...))
14.1865 	EXP 	Created unnamed TextStim = TextStim(__class__=<class 'psychopy.visual.text.TextStim'>, alignHoriz=method-wrapper(...), alignText='center', alignVert=method-wrapper(...), anchorHoriz='center', anchorVert='center', antialias=True, autoDraw=False, autoLog=True, bold=False, color=array([-0.17647059, -0.17647059, -0.17647059]), colorSpace='rgb', contrast=1.0, depth=0, flipHoriz=False, flipVert=False, font='', fontFiles=[], height=25, italic=False, languageStyle='LTR', name='unnamed TextStim', opacity=1.0, ori=0.0, pos=array([0., 0.]), rgb=UNKNOWN, text='', units='pix', win=Window(...), wrapWidth=500)
14.1955 	EXP 	Created unnamed ImageStim = ImageStim(__class__=<class 'psychopy.visual.image.ImageStim'>, anchor=('center', 'center'), autoLog=True, color=array([1., 1., 1.]), colorSpace='rgb', contrast=1.0, depth=0, flipHoriz=False, flipVert=False, image='mask4.png', interpolate=False, mask=None, maskParams=None, name='unnamed ImageStim', opacity=1.0, ori=0.0, pos=array([0., 0.]), size=array([25., 25.]), texRes=128, units='pix', win=Window(...))
14.2030 	EXP 	Created unnamed TextStim = TextStim(__class__=<class 'psychopy.visual.text.TextStim'>, alignHoriz=method-wrapper(...), alignText='center', alignVert=method-wrapper(...), anchorHoriz='center', anchorVert='center', antialias=True, autoDraw=False, autoLog=True, bold=False, color=array([-1, -1, -1]), colorSpace='rgb', contrast=1.0, depth=0, flipHoriz=False, flipVert=False, font='', fontFiles=[], height=30.0, italic=False, languageStyle='LTR', name='unnamed TextStim', opacity=1.0, ori=0.0, pos=array([ 100., -300.]), rgb=UNKNOWN, text=str(...), units='pix', win=Window(...), wrapWidth=10000)
14.2138 	EXP 	Created unnamed TextStim = TextStim(__class__=<class 'psychopy.visual.text.TextStim'>, alignHoriz=method-wrapper(...), alignText='center', alignVert=method-wrapper(...), anchorHoriz='center', anchorVert='center', antialias=True, autoDraw=False, autoLog=True, bold=False, color=array([-1, -1, -1]), colorSpace='rgb', contrast=1.0, depth=0, flipHoriz=False, flipVert=False, font='', fontFiles=[], height=30.0, italic=False, languageStyle='LTR', name='unnamed TextStim', opacity=1.0, ori=0.0, pos=array([ 100., -330.]), rgb=UNKNOWN, text=str(...), units='pix', win=Window(...), wrapWidth=10000)
14.2484 	EXP 	Created unnamed TextStim = TextStim(__class__=<class 'psychopy.visual.text.TextStim'>, alignHoriz=method-wrapper(...), alignText='center', alignVert=method-wrapper(...), anchorHoriz='center', anchorVert='center', antialias=True, autoDraw=False, autoLog=True, bold=False, color=array([-1, -1, -1]), colorSpace='rgb', contrast=1.0, depth=0, flipHoriz=False, flipVert=False, font='', fontFiles=[], height=28.0, italic=False, languageStyle='LTR', name='unnamed TextStim', opacity=1.0, ori=0.0, pos=array([0., 0.]), rgb=UNKNOWN, text=str(...), units='pix', win=Window(...), wrapWidth=1536)
26.3168 	DATA 	Keypress: space
26.3222 	EXP 	unnamed TextStim: height = 25.0
26.3222 	EXP 	unnamed TextStim: height = 25.0
26.3222 	EXP 	unnamed TextStim: height = 25.0
26.3222 	EXP 	unnamed TextStim: text = '↑'
28.1372 	EXP 	Created unnamed TextStim = TextStim(__class__=<class 'psychopy.visual.text.TextStim'>, alignHoriz=method-wrapper(...), alignText='center', alignVert=method-wrapper(...), anchorHoriz='center', anchorVert='center', antialias=True, autoDraw=False, autoLog=True, bold=False, color=array([-1, -1, -1]), colorSpace='rgb', contrast=1.0, depth=0, flipHoriz=False, flipVert=False, font='', fontFiles=[], height=50.0, italic=False, languageStyle='LTR', name='unnamed TextStim', opacity=1.0, ori=0.0, pos=array([0., 0.]), rgb=UNKNOWN, text='Brak reakcji', units='pix', win=Window(...), wrapWidth=500)
29.5545 	EXP 	unnamed TextStim: text = '↑'
31.2056 	DATA 	Keypress: up
31.2135 	EXP 	Created unnamed TextStim = TextStim(__class__=<class 'psychopy.visual.text.TextStim'>, alignHoriz=method-wrapper(...), alignText='center', alignVert=method-wrapper(...), anchorHoriz='center', anchorVert='center', antialias=True, autoDraw=False, autoLog=True, bold=False, color=array([-1, -1, -1]), colorSpace='rgb', contrast=1.0, depth=0, flipHoriz=False, flipVert=False, font='', fontFiles=[], height=50.0, italic=False, languageStyle='LTR', name='unnamed TextStim', opacity=1.0, ori=0.0, pos=array([0., 0.]), rgb=UNKNOWN, text='Poprawnie', units='pix', win=Window(...), wrapWidth=500)
32.9129 	EXP 	unnamed TextStim: text = '↑'
34.2557 	DATA 	Keypress: up
34.2606 	EXP 	Created unnamed TextStim = TextStim(__class__=<class 'psychopy.visual.text.TextStim'>, alignHoriz=method-wrapper(...), alignText='center', alignVert=method-wrapper(...), anchorHoriz='center', anchorVert='center', antialias=True, autoDraw=False, autoLog=True, bold=False, color=array([-1, -1, -1]), colorSpace='rgb', contrast=1.0, depth=0, flipHoriz=False, flipVert=False, font='', fontFiles=[], height=50.0, italic=False, languageStyle='LTR', name='unnamed TextStim', opacity=1.0, ori=0.0, pos=array([0., 0.]), rgb=UNKNOWN, text='Poprawnie', units='pix', win=Window(...), wrapWidth=500)
35.6960 	EXP 	unnamed TextStim: height = 25.0
35.6960 	EXP 	unnamed TextStim: height = 25.0
35.6960 	EXP 	unnamed TextStim: height = 25.0
35.6960 	EXP 	unnamed TextStim: text = '←'
37.0223 	DATA 	Keypress: left
37.0279 	EXP 	Created unnamed TextStim = TextStim(__class__=<class 'psychopy.visual.text.TextStim'>, alignHoriz=method-wrapper(...), alignText='center', alignVert=method-wrapper(...), anchorHoriz='center', anchorVert='center', antialias=True, autoDraw=False, autoLog=True, bold=False, color=array([-1, -1, -1]), colorSpace='rgb', contrast=1.0, depth=0, flipHoriz=False, flipVert=False, font='', fontFiles=[], height=50.0, italic=False, languageStyle='LTR', name='unnamed TextStim', opacity=1.0, ori=0.0, pos=array([0., 0.]), rgb=UNKNOWN, text='Poprawnie', units='pix', win=Window(...), wrapWidth=500)
38.5535 	EXP 	unnamed TextStim: height = 25.0
38.5535 	EXP 	unnamed TextStim: height = 25.0
38.5535 	EXP 	unnamed TextStim: height = 25.0
38.5535 	EXP 	unnamed TextStim: text = '↑'
39.9727 	DATA 	Keypress: up
39.9780 	EXP 	Created unnamed TextStim = TextStim(__class__=<class 'psychopy.visual.text.TextStim'>, alignHoriz=method-wrapper(...), alignText='center', alignVert=method-wrapper(...), anchorHoriz='center', anchorVert='center', antialias=True, autoDraw=False, autoLog=True, bold=False, color=array([-1, -1, -1]), colorSpace='rgb', contrast=1.0, depth=0, flipHoriz=False, flipVert=False, font='', fontFiles=[], height=50.0, italic=False, languageStyle='LTR', name='unnamed TextStim', opacity=1.0, ori=0.0, pos=array([0., 0.]), rgb=UNKNOWN, text='Poprawnie', units='pix', win=Window(...), wrapWidth=500)
41.4083 	EXP 	unnamed TextStim: text = '↑'
42.7940 	DATA 	Keypress: up
42.7991 	EXP 	Created unnamed TextStim = TextStim(__class__=<class 'psychopy.visual.text.TextStim'>, alignHoriz=method-wrapper(...), alignText='center', alignVert=method-wrapper(...), anchorHoriz='center', anchorVert='center', antialias=True, autoDraw=False, autoLog=True, bold=False, color=array([-1, -1, -1]), colorSpace='rgb', contrast=1.0, depth=0, flipHoriz=False, flipVert=False, font='', fontFiles=[], height=50.0, italic=False, languageStyle='LTR', name='unnamed TextStim', opacity=1.0, ori=0.0, pos=array([0., 0.]), rgb=UNKNOWN, text='Poprawnie', units='pix', win=Window(...), wrapWidth=500)
44.3827 	EXP 	unnamed TextStim: text = '↑'
45.8896 	DATA 	Keypress: up
45.8948 	EXP 	Created unnamed TextStim = TextStim(__class__=<class 'psychopy.visual.text.TextStim'>, alignHoriz=method-wrapper(...), alignText='center', alignVert=method-wrapper(...), anchorHoriz='center', anchorVert='center', antialias=True, autoDraw=False, autoLog=True, bold=False, color=array([-1, -1, -1]), colorSpace='rgb', contrast=1.0, depth=0, flipHoriz=False, flipVert=False, font='', fontFiles=[], height=50.0, italic=False, languageStyle='LTR', name='unnamed TextStim', opacity=1.0, ori=0.0, pos=array([0., 0.]), rgb=UNKNOWN, text='Poprawnie', units='pix', win=Window(...), wrapWidth=500)
47.4575 	EXP 	unnamed TextStim: height = 25.0
47.4575 	EXP 	unnamed TextStim: height = 25.0
47.4575 	EXP 	unnamed TextStim: height = 25.0
47.4575 	EXP 	unnamed TextStim: text = '↓'
49.2614 	EXP 	Created unnamed TextStim = TextStim(__class__=<class 'psychopy.visual.text.TextStim'>, alignHoriz=method-wrapper(...), alignText='center', alignVert=method-wrapper(...), anchorHoriz='center', anchorVert='center', antialias=True, autoDraw=False, autoLog=True, bold=False, color=array([-1, -1, -1]), colorSpace='rgb', contrast=1.0, depth=0, flipHoriz=False, flipVert=False, font='', fontFiles=[], height=50.0, italic=False, languageStyle='LTR', name='unnamed TextStim', opacity=1.0, ori=0.0, pos=array([0., 0.]), rgb=UNKNOWN, text='Brak reakcji', units='pix', win=Window(...), wrapWidth=500)
50.5144 	DATA 	Keypress: down
50.7378 	EXP 	Created unnamed TextStim = TextStim(__class__=<class 'psychopy.visual.text.TextStim'>, alignHoriz=method-wrapper(...), alignText='center', alignVert=method-wrapper(...), anchorHoriz='center', anchorVert='center', antialias=True, autoDraw=False, autoLog=True, bold=False, color=array([-1, -1, -1]), colorSpace='rgb', contrast=1.0, depth=0, flipHoriz=False, flipVert=False, font='', fontFiles=[], height=28.0, italic=False, languageStyle='LTR', name='unnamed TextStim', opacity=1.0, ori=0.0, pos=array([0., 0.]), rgb=UNKNOWN, text=str(...), units='pix', win=Window(...), wrapWidth=1536)
53.5374 	DATA 	Keypress: space
53.5413 	EXP 	unnamed TextStim: height = 25.0
53.5413 	EXP 	unnamed TextStim: height = 25.0
53.5413 	EXP 	unnamed TextStim: height = 25.0
53.5413 	EXP 	unnamed TextStim: text = '↑'
55.2398 	DATA 	Keypress: up
55.2559 	EXP 	unnamed TextStim: text = '↑'
56.8734 	DATA 	Keypress: up
56.8893 	EXP 	unnamed TextStim: height = 25.0
56.8893 	EXP 	unnamed TextStim: height = 25.0
56.8893 	EXP 	unnamed TextStim: height = 25.0
56.8893 	EXP 	unnamed TextStim: text = '→'
58.5065 	DATA 	Keypress: right
58.5227 	EXP 	unnamed TextStim: text = '→'
59.8249 	DATA 	Keypress: right
59.8561 	EXP 	unnamed TextStim: height = 25.0
59.8561 	EXP 	unnamed TextStim: height = 25.0
59.8561 	EXP 	unnamed TextStim: height = 25.0
59.8561 	EXP 	unnamed TextStim: text = '↑'
61.1066 	DATA 	Keypress: up
61.1228 	EXP 	unnamed TextStim: height = 25.0
61.1228 	EXP 	unnamed TextStim: height = 25.0
61.1228 	EXP 	unnamed TextStim: height = 25.0
61.1228 	EXP 	unnamed TextStim: text = '→'
62.7899 	DATA 	Keypress: right
62.8062 	EXP 	unnamed TextStim: text = '→'
64.3235 	DATA 	Keypress: right
64.3397 	EXP 	unnamed TextStim: text = '→'
65.7401 	DATA 	Keypress: right
65.7564 	EXP 	unnamed TextStim: height = 25.0
65.7564 	EXP 	unnamed TextStim: height = 25.0
65.7564 	EXP 	unnamed TextStim: height = 25.0
65.7564 	EXP 	unnamed TextStim: text = '↑'
67.4235 	DATA 	Keypress: up
67.4397 	EXP 	unnamed TextStim: height = 25.0
67.4397 	EXP 	unnamed TextStim: height = 25.0
67.4397 	EXP 	unnamed TextStim: height = 25.0
67.4397 	EXP 	unnamed TextStim: text = '↓'
68.9735 	DATA 	Keypress: up
68.9897 	EXP 	unnamed TextStim: text = '↓'
70.8414 	DATA 	Keypress: down
70.8731 	EXP 	unnamed TextStim: height = 25.0
70.8731 	EXP 	unnamed TextStim: height = 25.0
70.8731 	EXP 	unnamed TextStim: height = 25.0
70.8731 	EXP 	unnamed TextStim: text = '→'
72.5571 	DATA 	Keypress: right
72.5733 	EXP 	unnamed TextStim: height = 25.0
72.5733 	EXP 	unnamed TextStim: height = 25.0
72.5733 	EXP 	unnamed TextStim: height = 25.0
72.5733 	EXP 	unnamed TextStim: text = '↑'
74.1071 	DATA 	Keypress: up
74.1233 	EXP 	unnamed TextStim: text = '↑'
75.8406 	DATA 	Keypress: up
75.8568 	EXP 	unnamed TextStim: height = 25.0
75.8568 	EXP 	unnamed TextStim: height = 25.0
75.8568 	EXP 	unnamed TextStim: height = 25.0
75.8568 	EXP 	unnamed TextStim: text = '↓'
77.4739 	DATA 	Keypress: down
77.4901 	EXP 	unnamed TextStim: text = '↓'
79.0073 	DATA 	Keypress: down
79.0236 	EXP 	unnamed TextStim: height = 25.0
79.0236 	EXP 	unnamed TextStim: height = 25.0
79.0236 	EXP 	unnamed TextStim: height = 25.0
79.0236 	EXP 	unnamed TextStim: text = '→'
80.6588 	DATA 	Keypress: right
80.6903 	EXP 	unnamed TextStim: height = 25.0
80.6903 	EXP 	unnamed TextStim: height = 25.0
80.6903 	EXP 	unnamed TextStim: height = 25.0
80.6903 	EXP 	unnamed TextStim: text = '↓'
82.3073 	DATA 	Keypress: down
82.3237 	EXP 	unnamed TextStim: height = 25.0
82.3237 	EXP 	unnamed TextStim: height = 25.0
82.3237 	EXP 	unnamed TextStim: height = 25.0
82.3237 	EXP 	unnamed TextStim: text = '→'
83.9075 	DATA 	Keypress: right
84.0571 	EXP 	Created unnamed ImageStim = ImageStim(__class__=<class 'psychopy.visual.image.ImageStim'>, anchor=('center', 'center'), autoLog=True, color=array([1., 1., 1.]), colorSpace='rgb', contrast=1.0, depth=0, flipHoriz=False, flipVert=False, image='break.jpg', interpolate=True, mask=None, maskParams=None, name='unnamed ImageStim', opacity=1.0, ori=0.0, pos=array([0., 0.]), size=array([1536.,  864.]), texRes=128, units='pix', win=Window(...))
87.0045 	DATA 	Keypress: space
87.0077 	EXP 	unnamed TextStim: height = 25.0
87.0077 	EXP 	unnamed TextStim: height = 25.0
87.0077 	EXP 	unnamed TextStim: height = 25.0
87.0077 	EXP 	unnamed TextStim: text = '↑'
88.7243 	DATA 	Keypress: up
88.7406 	EXP 	unnamed TextStim: text = '↑'
90.2743 	DATA 	Keypress: up
90.2906 	EXP 	unnamed TextStim: height = 25.0
90.2906 	EXP 	unnamed TextStim: height = 25.0
90.2906 	EXP 	unnamed TextStim: height = 25.0
90.2906 	EXP 	unnamed TextStim: text = '←'
91.8244 	DATA 	Keypress: left
91.8406 	EXP 	unnamed TextStim: height = 25.0
91.8406 	EXP 	unnamed TextStim: height = 25.0
91.8406 	EXP 	unnamed TextStim: height = 25.0
91.8406 	EXP 	unnamed TextStim: text = '↑'
93.3747 	DATA 	Keypress: up
93.3907 	EXP 	unnamed TextStim: height = 25.0
93.3907 	EXP 	unnamed TextStim: height = 25.0
93.3907 	EXP 	unnamed TextStim: height = 25.0
93.3907 	EXP 	unnamed TextStim: text = '←'
94.9575 	DATA 	Keypress: left
94.9740 	EXP 	unnamed TextStim: text = '←'
96.5079 	DATA 	Keypress: left
96.5241 	EXP 	unnamed TextStim: height = 25.0
96.5241 	EXP 	unnamed TextStim: height = 25.0
96.5241 	EXP 	unnamed TextStim: height = 25.0
96.5241 	EXP 	unnamed TextStim: text = '↑'
98.3917 	DATA 	Keypress: up
98.4076 	EXP 	unnamed TextStim: height = 25.0
98.4076 	EXP 	unnamed TextStim: height = 25.0
98.4076 	EXP 	unnamed TextStim: height = 25.0
98.4076 	EXP 	unnamed TextStim: text = '←'
100.1416 	DATA 	Keypress: left
100.1576 	EXP 	unnamed TextStim: height = 25.0
100.1576 	EXP 	unnamed TextStim: height = 25.0
100.1576 	EXP 	unnamed TextStim: height = 25.0
100.1576 	EXP 	unnamed TextStim: text = '→'
101.6082 	DATA 	Keypress: right
101.6244 	EXP 	unnamed TextStim: text = '→'
103.3083 	DATA 	Keypress: right
103.3244 	EXP 	unnamed TextStim: height = 25.0
103.3244 	EXP 	unnamed TextStim: height = 25.0
103.3244 	EXP 	unnamed TextStim: height = 25.0
103.3244 	EXP 	unnamed TextStim: text = '←'
104.9249 	DATA 	Keypress: left
104.9411 	EXP 	unnamed TextStim: height = 25.0
104.9411 	EXP 	unnamed TextStim: height = 25.0
104.9411 	EXP 	unnamed TextStim: height = 25.0
104.9411 	EXP 	unnamed TextStim: text = '↑'
106.6417 	DATA 	Keypress: up
106.6578 	EXP 	unnamed TextStim: text = '↑'
108.4268 	DATA 	Keypress: up
108.4579 	EXP 	unnamed TextStim: height = 25.0
108.4579 	EXP 	unnamed TextStim: height = 25.0
108.4579 	EXP 	unnamed TextStim: height = 25.0
108.4579 	EXP 	unnamed TextStim: text = '→'
110.1918 	DATA 	Keypress: right
110.2080 	EXP 	unnamed TextStim: height = 25.0
110.2080 	EXP 	unnamed TextStim: height = 25.0
110.2080 	EXP 	unnamed TextStim: height = 25.0
110.2080 	EXP 	unnamed TextStim: text = '↑'
111.7085 	DATA 	Keypress: up
111.7247 	EXP 	unnamed TextStim: height = 25.0
111.7247 	EXP 	unnamed TextStim: height = 25.0
111.7247 	EXP 	unnamed TextStim: height = 25.0
111.7247 	EXP 	unnamed TextStim: text = '→'
113.4254 	DATA 	Keypress: right
113.4414 	EXP 	unnamed TextStim: height = 25.0
113.4414 	EXP 	unnamed TextStim: height = 25.0
113.4414 	EXP 	unnamed TextStim: height = 25.0
113.4414 	EXP 	unnamed TextStim: text = '↓'
115.1588 	DATA 	Keypress: down
115.1748 	EXP 	unnamed TextStim: height = 25.0
115.1748 	EXP 	unnamed TextStim: height = 25.0
115.1748 	EXP 	unnamed TextStim: height = 25.0
115.1748 	EXP 	unnamed TextStim: text = '↑'
116.8755 	DATA 	Keypress: up
116.8922 	EXP 	unnamed TextStim: height = 25.0
116.8922 	EXP 	unnamed TextStim: height = 25.0
116.8922 	EXP 	unnamed TextStim: height = 25.0
116.8922 	EXP 	unnamed TextStim: text = '↓'
118.6088 	DATA 	Keypress: down
118.7498 	EXP 	Created unnamed ImageStim = ImageStim(__class__=<class 'psychopy.visual.image.ImageStim'>, anchor=('center', 'center'), autoLog=True, color=array([1., 1., 1.]), colorSpace='rgb', contrast=1.0, depth=0, flipHoriz=False, flipVert=False, image='break.jpg', interpolate=True, mask=None, maskParams=None, name='unnamed ImageStim', opacity=1.0, ori=0.0, pos=array([0., 0.]), size=array([1536.,  864.]), texRes=128, units='pix', win=Window(...))
119.4316 	DATA 	Keypress: space
119.4413 	EXP 	unnamed TextStim: text = '↓'
121.1423 	DATA 	Keypress: down
121.1584 	EXP 	unnamed TextStim: text = '↓'
122.9423 	DATA 	Keypress: down
122.9585 	EXP 	unnamed TextStim: height = 25.0
122.9585 	EXP 	unnamed TextStim: height = 25.0
122.9585 	EXP 	unnamed TextStim: height = 25.0
122.9585 	EXP 	unnamed TextStim: text = '→'
124.6756 	DATA 	Keypress: right
124.6917 	EXP 	unnamed TextStim: height = 25.0
124.6917 	EXP 	unnamed TextStim: height = 25.0
124.6917 	EXP 	unnamed TextStim: height = 25.0
124.6917 	EXP 	unnamed TextStim: text = '↑'
126.4090 	DATA 	Keypress: up
126.4253 	EXP 	unnamed TextStim: height = 25.0
126.4253 	EXP 	unnamed TextStim: height = 25.0
126.4253 	EXP 	unnamed TextStim: height = 25.0
126.4253 	EXP 	unnamed TextStim: text = '→'
128.1092 	DATA 	Keypress: right
128.1254 	EXP 	unnamed TextStim: height = 25.0
128.1254 	EXP 	unnamed TextStim: height = 25.0
128.1254 	EXP 	unnamed TextStim: height = 25.0
128.1254 	EXP 	unnamed TextStim: text = '←'
129.8093 	DATA 	Keypress: left
129.8253 	EXP 	unnamed TextStim: height = 25.0
129.8253 	EXP 	unnamed TextStim: height = 25.0
129.8253 	EXP 	unnamed TextStim: height = 25.0
129.8253 	EXP 	unnamed TextStim: text = '↓'
131.5421 	EXP 	unnamed TextStim: height = 25.0
131.5421 	EXP 	unnamed TextStim: height = 25.0
131.5421 	EXP 	unnamed TextStim: height = 25.0
131.5421 	EXP 	unnamed TextStim: text = '↑'
131.5931 	DATA 	Keypress: down
133.3428 	DATA 	Keypress: up
133.3587 	EXP 	unnamed TextStim: text = '↑'
134.6928 	DATA 	Keypress: down
134.7089 	EXP 	unnamed TextStim: height = 25.0
134.7089 	EXP 	unnamed TextStim: height = 25.0
134.7089 	EXP 	unnamed TextStim: height = 25.0
134.7089 	EXP 	unnamed TextStim: text = '→'
136.1944 	DATA 	Keypress: right
136.2256 	EXP 	unnamed TextStim: height = 25.0
136.2256 	EXP 	unnamed TextStim: height = 25.0
136.2256 	EXP 	unnamed TextStim: height = 25.0
136.2256 	EXP 	unnamed TextStim: text = '↑'
137.8263 	DATA 	Keypress: up
137.8424 	EXP 	unnamed TextStim: height = 25.0
137.8424 	EXP 	unnamed TextStim: height = 25.0
137.8424 	EXP 	unnamed TextStim: height = 25.0
137.8424 	EXP 	unnamed TextStim: text = '↓'
139.6430 	DATA 	Keypress: down
139.6591 	EXP 	unnamed TextStim: text = '↓'
141.5592 	EXP 	unnamed TextStim: text = '↓'
141.6437 	DATA 	Keypress: down
143.3597 	DATA 	Keypress: down
143.3759 	EXP 	unnamed TextStim: height = 25.0
143.3759 	EXP 	unnamed TextStim: height = 25.0
143.3759 	EXP 	unnamed TextStim: height = 25.0
143.3759 	EXP 	unnamed TextStim: text = '→'
144.8264 	DATA 	Keypress: right
144.8427 	EXP 	unnamed TextStim: text = '→'
146.3599 	DATA 	Keypress: right
146.3761 	EXP 	unnamed TextStim: height = 25.0
146.3761 	EXP 	unnamed TextStim: height = 25.0
146.3761 	EXP 	unnamed TextStim: height = 25.0
146.3761 	EXP 	unnamed TextStim: text = '↑'
148.0266 	DATA 	Keypress: up
148.0428 	EXP 	unnamed TextStim: text = '↑'
149.5434 	DATA 	Keypress: up
149.5594 	EXP 	unnamed TextStim: height = 25.0
149.5594 	EXP 	unnamed TextStim: height = 25.0
149.5594 	EXP 	unnamed TextStim: height = 25.0
149.5594 	EXP 	unnamed TextStim: text = '↓'
151.4268 	DATA 	Keypress: down
151.5677 	EXP 	Created unnamed ImageStim = ImageStim(__class__=<class 'psychopy.visual.image.ImageStim'>, anchor=('center', 'center'), autoLog=True, color=array([1., 1., 1.]), colorSpace='rgb', contrast=1.0, depth=0, flipHoriz=False, flipVert=False, image='break.jpg', interpolate=True, mask=None, maskParams=None, name='unnamed ImageStim', opacity=1.0, ori=0.0, pos=array([0., 0.]), size=array([1536.,  864.]), texRes=128, units='pix', win=Window(...))
153.0018 	DATA 	Keypress: space
153.0094 	EXP 	unnamed TextStim: text = '↓'
154.6953 	DATA 	Keypress: down
154.7264 	EXP 	unnamed TextStim: height = 25.0
154.7264 	EXP 	unnamed TextStim: height = 25.0
154.7264 	EXP 	unnamed TextStim: height = 25.0
154.7264 	EXP 	unnamed TextStim: text = '→'
156.1603 	DATA 	Keypress: right
156.1764 	EXP 	unnamed TextStim: height = 25.0
156.1764 	EXP 	unnamed TextStim: height = 25.0
156.1764 	EXP 	unnamed TextStim: height = 25.0
156.1764 	EXP 	unnamed TextStim: text = '←'
157.7270 	DATA 	Keypress: left
157.7432 	EXP 	unnamed TextStim: height = 25.0
157.7432 	EXP 	unnamed TextStim: height = 25.0
157.7432 	EXP 	unnamed TextStim: height = 25.0
157.7432 	EXP 	unnamed TextStim: text = '↓'
159.1270 	DATA 	Keypress: down
159.1432 	EXP 	unnamed TextStim: height = 25.0
159.1432 	EXP 	unnamed TextStim: height = 25.0
159.1432 	EXP 	unnamed TextStim: height = 25.0
159.1432 	EXP 	unnamed TextStim: text = '←'
160.7770 	DATA 	Keypress: left
160.7932 	EXP 	unnamed TextStim: text = '←'
162.5938 	DATA 	Keypress: left
162.6099 	EXP 	unnamed TextStim: height = 25.0
162.6099 	EXP 	unnamed TextStim: height = 25.0
162.6099 	EXP 	unnamed TextStim: height = 25.0
162.6099 	EXP 	unnamed TextStim: text = '↓'
164.3938 	DATA 	Keypress: down
164.4101 	EXP 	unnamed TextStim: height = 25.0
164.4101 	EXP 	unnamed TextStim: height = 25.0
164.4101 	EXP 	unnamed TextStim: height = 25.0
164.4101 	EXP 	unnamed TextStim: text = '↑'
166.1272 	DATA 	Keypress: up
166.1434 	EXP 	unnamed TextStim: height = 25.0
166.1434 	EXP 	unnamed TextStim: height = 25.0
166.1434 	EXP 	unnamed TextStim: height = 25.0
166.1434 	EXP 	unnamed TextStim: text = '←'
167.7773 	DATA 	Keypress: left
167.7934 	EXP 	unnamed TextStim: height = 25.0
167.7934 	EXP 	unnamed TextStim: height = 25.0
167.7934 	EXP 	unnamed TextStim: height = 25.0
167.7934 	EXP 	unnamed TextStim: text = '→'
169.5440 	DATA 	Keypress: right
169.5601 	EXP 	unnamed TextStim: height = 25.0
169.5601 	EXP 	unnamed TextStim: height = 25.0
169.5601 	EXP 	unnamed TextStim: height = 25.0
169.5601 	EXP 	unnamed TextStim: text = '←'
170.9441 	DATA 	Keypress: left
170.9603 	EXP 	unnamed TextStim: height = 25.0
170.9603 	EXP 	unnamed TextStim: height = 25.0
170.9603 	EXP 	unnamed TextStim: height = 25.0
170.9603 	EXP 	unnamed TextStim: text = '↓'
172.7777 	EXP 	unnamed TextStim: height = 25.0
172.7777 	EXP 	unnamed TextStim: height = 25.0
172.7777 	EXP 	unnamed TextStim: height = 25.0
172.7777 	EXP 	unnamed TextStim: text = '↑'
172.7948 	DATA 	Keypress: down
174.1275 	DATA 	Keypress: up
174.1438 	EXP 	unnamed TextStim: height = 25.0
174.1438 	EXP 	unnamed TextStim: height = 25.0
174.1438 	EXP 	unnamed TextStim: height = 25.0
174.1438 	EXP 	unnamed TextStim: text = '→'
175.5609 	DATA 	Keypress: right
175.5770 	EXP 	unnamed TextStim: height = 25.0
175.5770 	EXP 	unnamed TextStim: height = 25.0
175.5770 	EXP 	unnamed TextStim: height = 25.0
175.5770 	EXP 	unnamed TextStim: text = '↑'
177.1278 	DATA 	Keypress: up
177.1438 	EXP 	unnamed TextStim: height = 25.0
177.1438 	EXP 	unnamed TextStim: height = 25.0
177.1438 	EXP 	unnamed TextStim: height = 25.0
177.1438 	EXP 	unnamed TextStim: text = '↓'
178.8444 	DATA 	Keypress: down
178.8606 	EXP 	unnamed TextStim: height = 25.0
178.8606 	EXP 	unnamed TextStim: height = 25.0
178.8606 	EXP 	unnamed TextStim: height = 25.0
178.8606 	EXP 	unnamed TextStim: text = '↑'
180.4127 	DATA 	Keypress: up
180.4439 	EXP 	unnamed TextStim: text = '↑'
182.1445 	DATA 	Keypress: up
182.1605 	EXP 	unnamed TextStim: text = '↑'
183.8611 	DATA 	Keypress: up
184.0069 	EXP 	Created unnamed ImageStim = ImageStim(__class__=<class 'psychopy.visual.image.ImageStim'>, anchor=('center', 'center'), autoLog=True, color=array([1., 1., 1.]), colorSpace='rgb', contrast=1.0, depth=0, flipHoriz=False, flipVert=False, image='break.jpg', interpolate=True, mask=None, maskParams=None, name='unnamed ImageStim', opacity=1.0, ori=0.0, pos=array([0., 0.]), size=array([1536.,  864.]), texRes=128, units='pix', win=Window(...))
184.7196 	DATA 	Keypress: space
184.7273 	EXP 	unnamed TextStim: height = 25.0
184.7273 	EXP 	unnamed TextStim: height = 25.0
184.7273 	EXP 	unnamed TextStim: height = 25.0
184.7273 	EXP 	unnamed TextStim: text = '←'
186.2947 	DATA 	Keypress: left
186.3108 	EXP 	unnamed TextStim: height = 25.0
186.3108 	EXP 	unnamed TextStim: height = 25.0
186.3108 	EXP 	unnamed TextStim: height = 25.0
186.3108 	EXP 	unnamed TextStim: text = '↑'
187.6281 	DATA 	Keypress: up
187.6440 	EXP 	unnamed TextStim: height = 25.0
187.6440 	EXP 	unnamed TextStim: height = 25.0
187.6440 	EXP 	unnamed TextStim: height = 25.0
187.6440 	EXP 	unnamed TextStim: text = '→'
189.1776 	EXP 	unnamed TextStim: text = '→'
189.1788 	DATA 	Keypress: right
190.9778 	EXP 	unnamed TextStim: text = '→'
191.0455 	DATA 	Keypress: right
192.5115 	DATA 	Keypress: right
192.5277 	EXP 	unnamed TextStim: height = 25.0
192.5277 	EXP 	unnamed TextStim: height = 25.0
192.5277 	EXP 	unnamed TextStim: height = 25.0
192.5277 	EXP 	unnamed TextStim: text = '←'
194.1285 	DATA 	Keypress: left
194.1444 	EXP 	unnamed TextStim: height = 25.0
194.1444 	EXP 	unnamed TextStim: height = 25.0
194.1444 	EXP 	unnamed TextStim: height = 25.0
194.1444 	EXP 	unnamed TextStim: text = '↓'
195.6783 	DATA 	Keypress: down
195.6944 	EXP 	unnamed TextStim: height = 25.0
195.6944 	EXP 	unnamed TextStim: height = 25.0
195.6944 	EXP 	unnamed TextStim: height = 25.0
195.6944 	EXP 	unnamed TextStim: text = '←'
197.2951 	DATA 	Keypress: left
197.3112 	EXP 	unnamed TextStim: height = 25.0
197.3112 	EXP 	unnamed TextStim: height = 25.0
197.3112 	EXP 	unnamed TextStim: height = 25.0
197.3112 	EXP 	unnamed TextStim: text = '→'
198.9136 	DATA 	Keypress: right
198.9447 	EXP 	unnamed TextStim: height = 25.0
198.9447 	EXP 	unnamed TextStim: height = 25.0
198.9447 	EXP 	unnamed TextStim: height = 25.0
198.9447 	EXP 	unnamed TextStim: text = '↑'
200.3953 	DATA 	Keypress: up
200.4114 	EXP 	unnamed TextStim: height = 25.0
200.4114 	EXP 	unnamed TextStim: height = 25.0
200.4114 	EXP 	unnamed TextStim: height = 25.0
200.4114 	EXP 	unnamed TextStim: text = '←'
201.9453 	DATA 	Keypress: left
201.9614 	EXP 	unnamed TextStim: text = '←'
203.5322 	DATA 	Keypress: left
203.5448 	EXP 	unnamed TextStim: height = 25.0
203.5448 	EXP 	unnamed TextStim: height = 25.0
203.5448 	EXP 	unnamed TextStim: height = 25.0
203.5448 	EXP 	unnamed TextStim: text = '↓'
205.2116 	EXP 	unnamed TextStim: height = 25.0
205.2116 	EXP 	unnamed TextStim: height = 25.0
205.2116 	EXP 	unnamed TextStim: height = 25.0
205.2116 	EXP 	unnamed TextStim: text = '→'
205.2293 	DATA 	Keypress: down
206.5621 	DATA 	Keypress: right
206.5784 	EXP 	unnamed TextStim: height = 25.0
206.5784 	EXP 	unnamed TextStim: height = 25.0
206.5784 	EXP 	unnamed TextStim: height = 25.0
206.5784 	EXP 	unnamed TextStim: text = '↑'
208.3616 	EXP 	unnamed TextStim: text = '↑'
208.4295 	DATA 	Keypress: up
209.6956 	DATA 	Keypress: up
209.7118 	EXP 	unnamed TextStim: height = 25.0
209.7118 	EXP 	unnamed TextStim: height = 25.0
209.7118 	EXP 	unnamed TextStim: height = 25.0
209.7118 	EXP 	unnamed TextStim: text = '→'
211.2961 	DATA 	Keypress: right
211.3118 	EXP 	unnamed TextStim: text = '→'
212.9457 	DATA 	Keypress: right
212.9619 	EXP 	unnamed TextStim: height = 25.0
212.9619 	EXP 	unnamed TextStim: height = 25.0
212.9619 	EXP 	unnamed TextStim: height = 25.0
212.9619 	EXP 	unnamed TextStim: text = '←'
214.7702 	EXP 	Created unnamed ImageStim = ImageStim(__class__=<class 'psychopy.visual.image.ImageStim'>, anchor=('center', 'center'), autoLog=True, color=array([1., 1., 1.]), colorSpace='rgb', contrast=1.0, depth=0, flipHoriz=False, flipVert=False, image='break.jpg', interpolate=True, mask=None, maskParams=None, name='unnamed ImageStim', opacity=1.0, ori=0.0, pos=array([0., 0.]), size=array([1536.,  864.]), texRes=128, units='pix', win=Window(...))
214.7707 	DATA 	Keypress: left
215.6095 	DATA 	Keypress: space
215.6135 	EXP 	unnamed TextStim: height = 25.0
215.6135 	EXP 	unnamed TextStim: height = 25.0
215.6135 	EXP 	unnamed TextStim: height = 25.0
215.6135 	EXP 	unnamed TextStim: text = '↓'
217.4459 	DATA 	Keypress: down
217.4620 	EXP 	unnamed TextStim: height = 25.0
217.4620 	EXP 	unnamed TextStim: height = 25.0
217.4620 	EXP 	unnamed TextStim: height = 25.0
217.4620 	EXP 	unnamed TextStim: text = '←'
219.0292 	DATA 	Keypress: left
219.0454 	EXP 	unnamed TextStim: height = 25.0
219.0454 	EXP 	unnamed TextStim: height = 25.0
219.0454 	EXP 	unnamed TextStim: height = 25.0
219.0454 	EXP 	unnamed TextStim: text = '↑'
220.5961 	DATA 	Keypress: up
220.6122 	EXP 	unnamed TextStim: height = 25.0
220.6122 	EXP 	unnamed TextStim: height = 25.0
220.6122 	EXP 	unnamed TextStim: height = 25.0
220.6122 	EXP 	unnamed TextStim: text = '→'
222.3126 	DATA 	Keypress: right
222.3289 	EXP 	unnamed TextStim: height = 25.0
222.3289 	EXP 	unnamed TextStim: height = 25.0
222.3289 	EXP 	unnamed TextStim: height = 25.0
222.3289 	EXP 	unnamed TextStim: text = '←'
224.0796 	DATA 	Keypress: left
224.0957 	EXP 	unnamed TextStim: text = '←'
225.7628 	DATA 	Keypress: left
225.7791 	EXP 	unnamed TextStim: text = '←'
227.4628 	DATA 	Keypress: left
227.4790 	EXP 	unnamed TextStim: text = '←'
228.7961 	DATA 	Keypress: left
228.8125 	EXP 	unnamed TextStim: height = 25.0
228.8125 	EXP 	unnamed TextStim: height = 25.0
228.8125 	EXP 	unnamed TextStim: height = 25.0
228.8125 	EXP 	unnamed TextStim: text = '↑'
230.2963 	DATA 	Keypress: up
230.3125 	EXP 	unnamed TextStim: text = '↑'
231.8798 	DATA 	Keypress: up
231.8959 	EXP 	unnamed TextStim: height = 25.0
231.8959 	EXP 	unnamed TextStim: height = 25.0
231.8959 	EXP 	unnamed TextStim: height = 25.0
231.8959 	EXP 	unnamed TextStim: text = '←'
233.6965 	DATA 	Keypress: left
233.7126 	EXP 	unnamed TextStim: height = 25.0
233.7126 	EXP 	unnamed TextStim: height = 25.0
233.7126 	EXP 	unnamed TextStim: height = 25.0
233.7126 	EXP 	unnamed TextStim: text = '→'
235.4465 	DATA 	Keypress: right
235.4628 	EXP 	unnamed TextStim: height = 25.0
235.4628 	EXP 	unnamed TextStim: height = 25.0
235.4628 	EXP 	unnamed TextStim: height = 25.0
235.4628 	EXP 	unnamed TextStim: text = '←'
237.1131 	DATA 	Keypress: left
237.1294 	EXP 	unnamed TextStim: text = '←'
238.6800 	DATA 	Keypress: left
238.6962 	EXP 	unnamed TextStim: height = 25.0
238.6962 	EXP 	unnamed TextStim: height = 25.0
238.6962 	EXP 	unnamed TextStim: height = 25.0
238.6962 	EXP 	unnamed TextStim: text = '→'
240.1967 	DATA 	Keypress: left
240.2129 	EXP 	unnamed TextStim: height = 25.0
240.2129 	EXP 	unnamed TextStim: height = 25.0
240.2129 	EXP 	unnamed TextStim: height = 25.0
240.2129 	EXP 	unnamed TextStim: text = '↓'
241.7650 	DATA 	Keypress: down
241.7963 	EXP 	unnamed TextStim: height = 25.0
241.7963 	EXP 	unnamed TextStim: height = 25.0
241.7963 	EXP 	unnamed TextStim: height = 25.0
241.7963 	EXP 	unnamed TextStim: text = '→'
243.3969 	DATA 	Keypress: right
243.4130 	EXP 	unnamed TextStim: height = 25.0
243.4130 	EXP 	unnamed TextStim: height = 25.0
243.4130 	EXP 	unnamed TextStim: height = 25.0
243.4130 	EXP 	unnamed TextStim: text = '←'
245.0137 	DATA 	Keypress: left
245.0298 	EXP 	unnamed TextStim: height = 25.0
245.0298 	EXP 	unnamed TextStim: height = 25.0
245.0298 	EXP 	unnamed TextStim: height = 25.0
245.0298 	EXP 	unnamed TextStim: text = '→'
246.4969 	DATA 	Keypress: right
246.6394 	EXP 	Created unnamed ImageStim = ImageStim(__class__=<class 'psychopy.visual.image.ImageStim'>, anchor=('center', 'center'), autoLog=True, color=array([1., 1., 1.]), colorSpace='rgb', contrast=1.0, depth=0, flipHoriz=False, flipVert=False, image='break.jpg', interpolate=True, mask=None, maskParams=None, name='unnamed ImageStim', opacity=1.0, ori=0.0, pos=array([0., 0.]), size=array([1536.,  864.]), texRes=128, units='pix', win=Window(...))
247.8912 	DATA 	Keypress: space
247.8962 	EXP 	unnamed TextStim: height = 25.0
247.8962 	EXP 	unnamed TextStim: height = 25.0
247.8962 	EXP 	unnamed TextStim: height = 25.0
247.8962 	EXP 	unnamed TextStim: text = '↑'
249.2805 	DATA 	Keypress: up
249.2965 	EXP 	unnamed TextStim: text = '↑'
251.0802 	DATA 	Keypress: up
251.0966 	EXP 	unnamed TextStim: height = 25.0
251.0966 	EXP 	unnamed TextStim: height = 25.0
251.0966 	EXP 	unnamed TextStim: height = 25.0
251.0966 	EXP 	unnamed TextStim: text = '←'
252.6805 	DATA 	Keypress: left
252.6968 	EXP 	unnamed TextStim: height = 25.0
252.6968 	EXP 	unnamed TextStim: height = 25.0
252.6968 	EXP 	unnamed TextStim: height = 25.0
252.6968 	EXP 	unnamed TextStim: text = '↓'
254.0305 	DATA 	Keypress: right
254.0468 	EXP 	unnamed TextStim: height = 25.0
254.0468 	EXP 	unnamed TextStim: height = 25.0
254.0468 	EXP 	unnamed TextStim: height = 25.0
254.0468 	EXP 	unnamed TextStim: text = '→'
255.4972 	DATA 	Keypress: right
255.5135 	EXP 	unnamed TextStim: height = 25.0
255.5135 	EXP 	unnamed TextStim: height = 25.0
255.5135 	EXP 	unnamed TextStim: height = 25.0
255.5135 	EXP 	unnamed TextStim: text = '↓'
256.7807 	DATA 	Keypress: down
256.7968 	EXP 	unnamed TextStim: height = 25.0
256.7968 	EXP 	unnamed TextStim: height = 25.0
256.7968 	EXP 	unnamed TextStim: height = 25.0
256.7968 	EXP 	unnamed TextStim: text = '←'
258.2974 	DATA 	Keypress: left
258.3137 	EXP 	unnamed TextStim: height = 25.0
258.3137 	EXP 	unnamed TextStim: height = 25.0
258.3137 	EXP 	unnamed TextStim: height = 25.0
258.3137 	EXP 	unnamed TextStim: text = '↓'
259.9807 	DATA 	Keypress: down
259.9970 	EXP 	unnamed TextStim: height = 25.0
259.9970 	EXP 	unnamed TextStim: height = 25.0
259.9970 	EXP 	unnamed TextStim: height = 25.0
259.9970 	EXP 	unnamed TextStim: text = '←'
261.7809 	DATA 	Keypress: left
261.7971 	EXP 	unnamed TextStim: text = '←'
263.3644 	DATA 	Keypress: left
263.3805 	EXP 	unnamed TextStim: height = 25.0
263.3805 	EXP 	unnamed TextStim: height = 25.0
263.3805 	EXP 	unnamed TextStim: height = 25.0
263.3805 	EXP 	unnamed TextStim: text = '↓'
265.1311 	DATA 	Keypress: down
265.1471 	EXP 	unnamed TextStim: height = 25.0
265.1471 	EXP 	unnamed TextStim: height = 25.0
265.1471 	EXP 	unnamed TextStim: height = 25.0
265.1471 	EXP 	unnamed TextStim: text = '→'
266.8145 	DATA 	Keypress: right
266.8306 	EXP 	unnamed TextStim: height = 25.0
266.8306 	EXP 	unnamed TextStim: height = 25.0
266.8306 	EXP 	unnamed TextStim: height = 25.0
266.8306 	EXP 	unnamed TextStim: text = '↓'
268.4976 	DATA 	Keypress: down
268.5140 	EXP 	unnamed TextStim: height = 25.0
268.5140 	EXP 	unnamed TextStim: height = 25.0
268.5140 	EXP 	unnamed TextStim: height = 25.0
268.5140 	EXP 	unnamed TextStim: text = '→'
270.0811 	DATA 	Keypress: right
270.0972 	EXP 	unnamed TextStim: height = 25.0
270.0972 	EXP 	unnamed TextStim: height = 25.0
270.0972 	EXP 	unnamed TextStim: height = 25.0
270.0972 	EXP 	unnamed TextStim: text = '←'
271.6812 	DATA 	Keypress: right
271.6974 	EXP 	unnamed TextStim: text = '←'
273.4314 	DATA 	Keypress: left
273.4474 	EXP 	unnamed TextStim: height = 25.0
273.4474 	EXP 	unnamed TextStim: height = 25.0
273.4474 	EXP 	unnamed TextStim: height = 25.0
273.4474 	EXP 	unnamed TextStim: text = '↑'
275.0981 	DATA 	Keypress: up
275.1142 	EXP 	unnamed TextStim: height = 25.0
275.1142 	EXP 	unnamed TextStim: height = 25.0
275.1142 	EXP 	unnamed TextStim: height = 25.0
275.1142 	EXP 	unnamed TextStim: text = '→'
276.6979 	DATA 	Keypress: right
276.7143 	EXP 	unnamed TextStim: height = 25.0
276.7143 	EXP 	unnamed TextStim: height = 25.0
276.7143 	EXP 	unnamed TextStim: height = 25.0
276.7143 	EXP 	unnamed TextStim: text = '↑'
278.3666 	DATA 	Keypress: up
278.5219 	EXP 	Created unnamed ImageStim = ImageStim(__class__=<class 'psychopy.visual.image.ImageStim'>, anchor=('center', 'center'), autoLog=True, color=array([1., 1., 1.]), colorSpace='rgb', contrast=1.0, depth=0, flipHoriz=False, flipVert=False, image='break.jpg', interpolate=True, mask=None, maskParams=None, name='unnamed ImageStim', opacity=1.0, ori=0.0, pos=array([0., 0.]), size=array([1536.,  864.]), texRes=128, units='pix', win=Window(...))
279.1772 	DATA 	Keypress: space
279.1805 	EXP 	unnamed TextStim: height = 25.0
279.1805 	EXP 	unnamed TextStim: height = 25.0
279.1805 	EXP 	unnamed TextStim: height = 25.0
279.1805 	EXP 	unnamed TextStim: text = '→'
280.6649 	DATA 	Keypress: right
280.6811 	EXP 	unnamed TextStim: height = 25.0
280.6811 	EXP 	unnamed TextStim: height = 25.0
280.6811 	EXP 	unnamed TextStim: height = 25.0
280.6811 	EXP 	unnamed TextStim: text = '←'
281.9984 	DATA 	Keypress: left
282.0144 	EXP 	unnamed TextStim: height = 25.0
282.0144 	EXP 	unnamed TextStim: height = 25.0
282.0144 	EXP 	unnamed TextStim: height = 25.0
282.0144 	EXP 	unnamed TextStim: text = '↑'
283.3984 	DATA 	Keypress: up
283.4146 	EXP 	unnamed TextStim: height = 25.0
283.4146 	EXP 	unnamed TextStim: height = 25.0
283.4146 	EXP 	unnamed TextStim: height = 25.0
283.4146 	EXP 	unnamed TextStim: text = '←'
285.1499 	DATA 	Keypress: left
285.1813 	EXP 	unnamed TextStim: text = '←'
287.0651 	DATA 	Keypress: left
287.0813 	EXP 	unnamed TextStim: height = 25.0
287.0813 	EXP 	unnamed TextStim: height = 25.0
287.0813 	EXP 	unnamed TextStim: height = 25.0
287.0813 	EXP 	unnamed TextStim: text = '↓'
289.0192 	DATA 	Keypress: down
289.0314 	EXP 	unnamed TextStim: height = 25.0
289.0314 	EXP 	unnamed TextStim: height = 25.0
289.0314 	EXP 	unnamed TextStim: height = 25.0
289.0314 	EXP 	unnamed TextStim: text = '↑'
290.7486 	DATA 	Keypress: up
290.7648 	EXP 	unnamed TextStim: text = '↑'
292.2322 	DATA 	Keypress: up
292.2482 	EXP 	unnamed TextStim: height = 25.0
292.2482 	EXP 	unnamed TextStim: height = 25.0
292.2482 	EXP 	unnamed TextStim: height = 25.0
292.2482 	EXP 	unnamed TextStim: text = '←'
293.7486 	DATA 	Keypress: left
293.7649 	EXP 	unnamed TextStim: height = 25.0
293.7649 	EXP 	unnamed TextStim: height = 25.0
293.7649 	EXP 	unnamed TextStim: height = 25.0
293.7649 	EXP 	unnamed TextStim: text = '→'
295.5488 	DATA 	Keypress: right
295.5650 	EXP 	unnamed TextStim: height = 25.0
295.5650 	EXP 	unnamed TextStim: height = 25.0
295.5650 	EXP 	unnamed TextStim: height = 25.0
295.5650 	EXP 	unnamed TextStim: text = '←'
297.1657 	DATA 	Keypress: left
297.1816 	EXP 	unnamed TextStim: height = 25.0
297.1816 	EXP 	unnamed TextStim: height = 25.0
297.1816 	EXP 	unnamed TextStim: height = 25.0
297.1816 	EXP 	unnamed TextStim: text = '↓'
298.8654 	DATA 	Keypress: down
298.8818 	EXP 	unnamed TextStim: height = 25.0
298.8818 	EXP 	unnamed TextStim: height = 25.0
298.8818 	EXP 	unnamed TextStim: height = 25.0
298.8818 	EXP 	unnamed TextStim: text = '↑'
300.2823 	DATA 	Keypress: up
300.2985 	EXP 	unnamed TextStim: height = 25.0
300.2985 	EXP 	unnamed TextStim: height = 25.0
300.2985 	EXP 	unnamed TextStim: height = 25.0
300.2985 	EXP 	unnamed TextStim: text = '→'
301.7991 	DATA 	Keypress: right
301.8152 	EXP 	unnamed TextStim: text = '→'
303.4158 	DATA 	Keypress: right
303.4318 	EXP 	unnamed TextStim: height = 25.0
303.4318 	EXP 	unnamed TextStim: height = 25.0
303.4318 	EXP 	unnamed TextStim: height = 25.0
303.4318 	EXP 	unnamed TextStim: text = '←'
305.2173 	DATA 	Keypress: left
305.2486 	EXP 	unnamed TextStim: height = 25.0
305.2486 	EXP 	unnamed TextStim: height = 25.0
305.2486 	EXP 	unnamed TextStim: height = 25.0
305.2486 	EXP 	unnamed TextStim: text = '↑'
306.8325 	DATA 	Keypress: up
306.8487 	EXP 	unnamed TextStim: height = 25.0
306.8487 	EXP 	unnamed TextStim: height = 25.0
306.8487 	EXP 	unnamed TextStim: height = 25.0
306.8487 	EXP 	unnamed TextStim: text = '→'
308.5328 	DATA 	Keypress: right
308.5488 	EXP 	unnamed TextStim: text = '→'
309.9326 	DATA 	Keypress: right
310.0756 	EXP 	Created unnamed ImageStim = ImageStim(__class__=<class 'psychopy.visual.image.ImageStim'>, anchor=('center', 'center'), autoLog=True, color=array([1., 1., 1.]), colorSpace='rgb', contrast=1.0, depth=0, flipHoriz=False, flipVert=False, image='break.jpg', interpolate=True, mask=None, maskParams=None, name='unnamed ImageStim', opacity=1.0, ori=0.0, pos=array([0., 0.]), size=array([1536.,  864.]), texRes=128, units='pix', win=Window(...))
310.7916 	DATA 	Keypress: space
310.7988 	EXP 	unnamed TextStim: height = 25.0
310.7988 	EXP 	unnamed TextStim: height = 25.0
310.7988 	EXP 	unnamed TextStim: height = 25.0
310.7988 	EXP 	unnamed TextStim: text = '↓'
312.6823 	EXP 	unnamed TextStim: height = 25.0
312.6823 	EXP 	unnamed TextStim: height = 25.0
312.6823 	EXP 	unnamed TextStim: height = 25.0
312.6823 	EXP 	unnamed TextStim: text = '↑'
312.8668 	DATA 	Keypress: down
314.1679 	DATA 	Keypress: up
314.1989 	EXP 	unnamed TextStim: height = 25.0
314.1989 	EXP 	unnamed TextStim: height = 25.0
314.1989 	EXP 	unnamed TextStim: height = 25.0
314.1989 	EXP 	unnamed TextStim: text = '↓'
315.7178 	DATA 	Keypress: down
315.7491 	EXP 	unnamed TextStim: height = 25.0
315.7491 	EXP 	unnamed TextStim: height = 25.0
315.7491 	EXP 	unnamed TextStim: height = 25.0
315.7491 	EXP 	unnamed TextStim: text = '↑'
317.3665 	DATA 	Keypress: up
317.3825 	EXP 	unnamed TextStim: height = 25.0
317.3825 	EXP 	unnamed TextStim: height = 25.0
317.3825 	EXP 	unnamed TextStim: height = 25.0
317.3825 	EXP 	unnamed TextStim: text = '→'
318.7998 	DATA 	Keypress: right
318.8159 	EXP 	unnamed TextStim: height = 25.0
318.8159 	EXP 	unnamed TextStim: height = 25.0
318.8159 	EXP 	unnamed TextStim: height = 25.0
318.8159 	EXP 	unnamed TextStim: text = '↑'
320.0997 	DATA 	Keypress: up
320.1158 	EXP 	unnamed TextStim: height = 25.0
320.1158 	EXP 	unnamed TextStim: height = 25.0
320.1158 	EXP 	unnamed TextStim: height = 25.0
320.1158 	EXP 	unnamed TextStim: text = '←'
321.9365 	DATA 	Keypress: left
321.9493 	EXP 	unnamed TextStim: height = 25.0
321.9493 	EXP 	unnamed TextStim: height = 25.0
321.9493 	EXP 	unnamed TextStim: height = 25.0
321.9493 	EXP 	unnamed TextStim: text = '↓'
323.6848 	DATA 	Keypress: down
323.7161 	EXP 	unnamed TextStim: height = 25.0
323.7161 	EXP 	unnamed TextStim: height = 25.0
323.7161 	EXP 	unnamed TextStim: height = 25.0
323.7161 	EXP 	unnamed TextStim: text = '↑'
325.5166 	DATA 	Keypress: up
325.5328 	EXP 	unnamed TextStim: height = 25.0
325.5328 	EXP 	unnamed TextStim: height = 25.0
325.5328 	EXP 	unnamed TextStim: height = 25.0
325.5328 	EXP 	unnamed TextStim: text = '←'
327.1164 	DATA 	Keypress: left
327.1328 	EXP 	unnamed TextStim: height = 25.0
327.1328 	EXP 	unnamed TextStim: height = 25.0
327.1328 	EXP 	unnamed TextStim: height = 25.0
327.1328 	EXP 	unnamed TextStim: text = '→'
328.8668 	DATA 	Keypress: right
328.8828 	EXP 	unnamed TextStim: height = 25.0
328.8828 	EXP 	unnamed TextStim: height = 25.0
328.8828 	EXP 	unnamed TextStim: height = 25.0
328.8828 	EXP 	unnamed TextStim: text = '↓'
330.7679 	DATA 	Keypress: down
330.7831 	EXP 	unnamed TextStim: text = '↓'
332.4168 	DATA 	Keypress: down
332.4329 	EXP 	unnamed TextStim: height = 25.0
332.4329 	EXP 	unnamed TextStim: height = 25.0
332.4329 	EXP 	unnamed TextStim: height = 25.0
332.4329 	EXP 	unnamed TextStim: text = '↑'
334.2002 	DATA 	Keypress: up
334.2164 	EXP 	unnamed TextStim: height = 25.0
334.2164 	EXP 	unnamed TextStim: height = 25.0
334.2164 	EXP 	unnamed TextStim: height = 25.0
334.2164 	EXP 	unnamed TextStim: text = '→'
335.9504 	DATA 	Keypress: right
335.9665 	EXP 	unnamed TextStim: height = 25.0
335.9665 	EXP 	unnamed TextStim: height = 25.0
335.9665 	EXP 	unnamed TextStim: height = 25.0
335.9665 	EXP 	unnamed TextStim: text = '↓'
337.2837 	DATA 	Keypress: left
337.2999 	EXP 	unnamed TextStim: height = 25.0
337.2999 	EXP 	unnamed TextStim: height = 25.0
337.2999 	EXP 	unnamed TextStim: height = 25.0
337.2999 	EXP 	unnamed TextStim: text = '↑'
339.0337 	DATA 	Keypress: up
339.0500 	EXP 	unnamed TextStim: height = 25.0
339.0500 	EXP 	unnamed TextStim: height = 25.0
339.0500 	EXP 	unnamed TextStim: height = 25.0
339.0500 	EXP 	unnamed TextStim: text = '←'
340.6171 	DATA 	Keypress: left
340.6334 	EXP 	unnamed TextStim: height = 25.0
340.6334 	EXP 	unnamed TextStim: height = 25.0
340.6334 	EXP 	unnamed TextStim: height = 25.0
340.6334 	EXP 	unnamed TextStim: text = '↑'
342.0673 	DATA 	Keypress: up
342.2046 	EXP 	Created unnamed ImageStim = ImageStim(__class__=<class 'psychopy.visual.image.ImageStim'>, anchor=('center', 'center'), autoLog=True, color=array([1., 1., 1.]), colorSpace='rgb', contrast=1.0, depth=0, flipHoriz=False, flipVert=False, image='break.jpg', interpolate=True, mask=None, maskParams=None, name='unnamed ImageStim', opacity=1.0, ori=0.0, pos=array([0., 0.]), size=array([1536.,  864.]), texRes=128, units='pix', win=Window(...))
343.4461 	DATA 	Keypress: space
343.4497 	EXP 	unnamed TextStim: height = 25.0
343.4497 	EXP 	unnamed TextStim: height = 25.0
343.4497 	EXP 	unnamed TextStim: height = 25.0
343.4497 	EXP 	unnamed TextStim: text = '←'
344.9339 	DATA 	Keypress: left
344.9501 	EXP 	unnamed TextStim: text = '←'
346.4175 	DATA 	Keypress: left
346.4337 	EXP 	unnamed TextStim: height = 25.0
346.4337 	EXP 	unnamed TextStim: height = 25.0
346.4337 	EXP 	unnamed TextStim: height = 25.0
346.4337 	EXP 	unnamed TextStim: text = '↑'
348.2175 	DATA 	Keypress: up
348.2336 	EXP 	unnamed TextStim: text = '↑'
349.8842 	DATA 	Keypress: up
349.9004 	EXP 	unnamed TextStim: height = 25.0
349.9004 	EXP 	unnamed TextStim: height = 25.0
349.9004 	EXP 	unnamed TextStim: height = 25.0
349.9004 	EXP 	unnamed TextStim: text = '→'
351.6510 	DATA 	Keypress: right
351.6671 	EXP 	unnamed TextStim: text = '→'
353.2675 	DATA 	Keypress: right
353.2838 	EXP 	unnamed TextStim: text = '→'
354.8011 	DATA 	Keypress: right
354.8173 	EXP 	unnamed TextStim: height = 25.0
354.8173 	EXP 	unnamed TextStim: height = 25.0
354.8173 	EXP 	unnamed TextStim: height = 25.0
354.8173 	EXP 	unnamed TextStim: text = '↓'
356.1344 	DATA 	Keypress: down
356.1506 	EXP 	unnamed TextStim: text = '↓'
357.9512 	DATA 	Keypress: down
357.9674 	EXP 	unnamed TextStim: height = 25.0
357.9674 	EXP 	unnamed TextStim: height = 25.0
357.9674 	EXP 	unnamed TextStim: height = 25.0
357.9674 	EXP 	unnamed TextStim: text = '→'
359.5346 	DATA 	Keypress: right
359.5507 	EXP 	unnamed TextStim: height = 25.0
359.5507 	EXP 	unnamed TextStim: height = 25.0
359.5507 	EXP 	unnamed TextStim: height = 25.0
359.5507 	EXP 	unnamed TextStim: text = '←'
361.3364 	DATA 	Keypress: left
361.3675 	EXP 	unnamed TextStim: height = 25.0
361.3675 	EXP 	unnamed TextStim: height = 25.0
361.3675 	EXP 	unnamed TextStim: height = 25.0
361.3675 	EXP 	unnamed TextStim: text = '↓'
363.1681 	DATA 	Keypress: down
363.1842 	EXP 	unnamed TextStim: height = 25.0
363.1842 	EXP 	unnamed TextStim: height = 25.0
363.1842 	EXP 	unnamed TextStim: height = 25.0
363.1842 	EXP 	unnamed TextStim: text = '↑'
364.8530 	DATA 	Keypress: up
364.8842 	EXP 	unnamed TextStim: height = 25.0
364.8842 	EXP 	unnamed TextStim: height = 25.0
364.8842 	EXP 	unnamed TextStim: height = 25.0
364.8842 	EXP 	unnamed TextStim: text = '↓'
366.5850 	DATA 	Keypress: down
366.6010 	EXP 	unnamed TextStim: height = 25.0
366.6010 	EXP 	unnamed TextStim: height = 25.0
366.6010 	EXP 	unnamed TextStim: height = 25.0
366.6010 	EXP 	unnamed TextStim: text = '↑'
368.2016 	DATA 	Keypress: up
368.2178 	EXP 	unnamed TextStim: text = '↑'
369.8350 	DATA 	Keypress: up
369.8511 	EXP 	unnamed TextStim: height = 25.0
369.8511 	EXP 	unnamed TextStim: height = 25.0
369.8511 	EXP 	unnamed TextStim: height = 25.0
369.8511 	EXP 	unnamed TextStim: text = '↓'
371.5852 	DATA 	Keypress: down
371.6010 	EXP 	unnamed TextStim: text = '↓'
373.3350 	DATA 	Keypress: down
373.3512 	EXP 	unnamed TextStim: height = 25.0
373.3512 	EXP 	unnamed TextStim: height = 25.0
373.3512 	EXP 	unnamed TextStim: height = 25.0
373.3512 	EXP 	unnamed TextStim: text = '→'
375.1869 	DATA 	Keypress: right
375.3417 	EXP 	Created unnamed ImageStim = ImageStim(__class__=<class 'psychopy.visual.image.ImageStim'>, anchor=('center', 'center'), autoLog=True, color=array([1., 1., 1.]), colorSpace='rgb', contrast=1.0, depth=0, flipHoriz=False, flipVert=False, image='break.jpg', interpolate=True, mask=None, maskParams=None, name='unnamed ImageStim', opacity=1.0, ori=0.0, pos=array([0., 0.]), size=array([1536.,  864.]), texRes=128, units='pix', win=Window(...))
376.2263 	DATA 	Keypress: space
376.2344 	EXP 	unnamed TextStim: height = 25.0
376.2344 	EXP 	unnamed TextStim: height = 25.0
376.2344 	EXP 	unnamed TextStim: height = 25.0
376.2344 	EXP 	unnamed TextStim: text = '↑'
377.7186 	DATA 	Keypress: up
377.7348 	EXP 	unnamed TextStim: height = 25.0
377.7348 	EXP 	unnamed TextStim: height = 25.0
377.7348 	EXP 	unnamed TextStim: height = 25.0
377.7348 	EXP 	unnamed TextStim: text = '→'
379.4850 	DATA 	Keypress: right
379.5014 	EXP 	unnamed TextStim: height = 25.0
379.5014 	EXP 	unnamed TextStim: height = 25.0
379.5014 	EXP 	unnamed TextStim: height = 25.0
379.5014 	EXP 	unnamed TextStim: text = '←'
381.2516 	DATA 	Keypress: left
381.2681 	EXP 	unnamed TextStim: height = 25.0
381.2681 	EXP 	unnamed TextStim: height = 25.0
381.2681 	EXP 	unnamed TextStim: height = 25.0
381.2681 	EXP 	unnamed TextStim: text = '↑'
382.8019 	DATA 	Keypress: up
382.8183 	EXP 	unnamed TextStim: height = 25.0
382.8183 	EXP 	unnamed TextStim: height = 25.0
382.8183 	EXP 	unnamed TextStim: height = 25.0
382.8183 	EXP 	unnamed TextStim: text = '←'
384.5187 	DATA 	Keypress: left
384.5350 	EXP 	unnamed TextStim: height = 25.0
384.5350 	EXP 	unnamed TextStim: height = 25.0
384.5350 	EXP 	unnamed TextStim: height = 25.0
384.5350 	EXP 	unnamed TextStim: text = '↓'
386.2889 	DATA 	Keypress: down
386.3018 	EXP 	unnamed TextStim: height = 25.0
386.3018 	EXP 	unnamed TextStim: height = 25.0
386.3018 	EXP 	unnamed TextStim: height = 25.0
386.3018 	EXP 	unnamed TextStim: text = '←'
388.1190 	DATA 	Keypress: left
388.1351 	EXP 	unnamed TextStim: height = 25.0
388.1351 	EXP 	unnamed TextStim: height = 25.0
388.1351 	EXP 	unnamed TextStim: height = 25.0
388.1351 	EXP 	unnamed TextStim: text = '↑'
389.8191 	DATA 	Keypress: up
389.8352 	EXP 	unnamed TextStim: text = '↑'
391.4525 	DATA 	Keypress: up
391.4685 	EXP 	unnamed TextStim: text = '↑'
392.8873 	DATA 	Keypress: up
392.9186 	EXP 	unnamed TextStim: height = 25.0
392.9186 	EXP 	unnamed TextStim: height = 25.0
392.9186 	EXP 	unnamed TextStim: height = 25.0
392.9186 	EXP 	unnamed TextStim: text = '↓'
394.3707 	DATA 	Keypress: up
394.4020 	EXP 	unnamed TextStim: height = 25.0
394.4020 	EXP 	unnamed TextStim: height = 25.0
394.4020 	EXP 	unnamed TextStim: height = 25.0
394.4020 	EXP 	unnamed TextStim: text = '↑'
396.0880 	DATA 	Keypress: up
396.1186 	EXP 	unnamed TextStim: height = 25.0
396.1186 	EXP 	unnamed TextStim: height = 25.0
396.1186 	EXP 	unnamed TextStim: height = 25.0
396.1186 	EXP 	unnamed TextStim: text = '↓'
397.9188 	EXP 	unnamed TextStim: height = 25.0
397.9188 	EXP 	unnamed TextStim: height = 25.0
397.9188 	EXP 	unnamed TextStim: height = 25.0
397.9188 	EXP 	unnamed TextStim: text = '↑'
399.7027 	DATA 	Keypress: up
399.7189 	EXP 	unnamed TextStim: height = 25.0
399.7189 	EXP 	unnamed TextStim: height = 25.0
399.7189 	EXP 	unnamed TextStim: height = 25.0
399.7189 	EXP 	unnamed TextStim: text = '↓'
401.1195 	DATA 	Keypress: down
401.1357 	EXP 	unnamed TextStim: height = 25.0
401.1357 	EXP 	unnamed TextStim: height = 25.0
401.1357 	EXP 	unnamed TextStim: height = 25.0
401.1357 	EXP 	unnamed TextStim: text = '↑'
402.5045 	DATA 	Keypress: up
402.5357 	EXP 	unnamed TextStim: text = '↑'
404.3028 	DATA 	Keypress: down
404.3190 	EXP 	unnamed TextStim: height = 25.0
404.3190 	EXP 	unnamed TextStim: height = 25.0
404.3190 	EXP 	unnamed TextStim: height = 25.0
404.3190 	EXP 	unnamed TextStim: text = '↓'
406.1197 	DATA 	Keypress: down
406.1358 	EXP 	unnamed TextStim: text = '↓'
407.7878 	DATA 	Keypress: down
407.9429 	EXP 	Created unnamed ImageStim = ImageStim(__class__=<class 'psychopy.visual.image.ImageStim'>, anchor=('center', 'center'), autoLog=True, color=array([1., 1., 1.]), colorSpace='rgb', contrast=1.0, depth=0, flipHoriz=False, flipVert=False, image='break.jpg', interpolate=True, mask=None, maskParams=None, name='unnamed ImageStim', opacity=1.0, ori=0.0, pos=array([0., 0.]), size=array([1536.,  864.]), texRes=128, units='pix', win=Window(...))
413.4945 	DATA 	Keypress: space
413.5026 	EXP 	unnamed TextStim: height = 25.0
413.5026 	EXP 	unnamed TextStim: height = 25.0
413.5026 	EXP 	unnamed TextStim: height = 25.0
413.5026 	EXP 	unnamed TextStim: text = '←'
415.5694 	EXP 	unnamed TextStim: height = 25.0
415.5694 	EXP 	unnamed TextStim: height = 25.0
415.5694 	EXP 	unnamed TextStim: height = 25.0
415.5694 	EXP 	unnamed TextStim: text = '↓'
415.5706 	DATA 	Keypress: left
417.2536 	DATA 	Keypress: down
417.2696 	EXP 	unnamed TextStim: height = 25.0
417.2696 	EXP 	unnamed TextStim: height = 25.0
417.2696 	EXP 	unnamed TextStim: height = 25.0
417.2696 	EXP 	unnamed TextStim: text = '→'
418.9868 	DATA 	Keypress: right
419.0030 	EXP 	unnamed TextStim: height = 25.0
419.0030 	EXP 	unnamed TextStim: height = 25.0
419.0030 	EXP 	unnamed TextStim: height = 25.0
419.0030 	EXP 	unnamed TextStim: text = '↑'
420.6700 	DATA 	Keypress: up
420.6864 	EXP 	unnamed TextStim: height = 25.0
420.6864 	EXP 	unnamed TextStim: height = 25.0
420.6864 	EXP 	unnamed TextStim: height = 25.0
420.6864 	EXP 	unnamed TextStim: text = '↓'
422.1202 	DATA 	Keypress: down
422.1364 	EXP 	unnamed TextStim: height = 25.0
422.1364 	EXP 	unnamed TextStim: height = 25.0
422.1364 	EXP 	unnamed TextStim: height = 25.0
422.1364 	EXP 	unnamed TextStim: text = '→'
423.9537 	DATA 	Keypress: right
423.9698 	EXP 	unnamed TextStim: height = 25.0
423.9698 	EXP 	unnamed TextStim: height = 25.0
423.9698 	EXP 	unnamed TextStim: height = 25.0
423.9698 	EXP 	unnamed TextStim: text = '↓'
425.6203 	DATA 	Keypress: down
425.6366 	EXP 	unnamed TextStim: height = 25.0
425.6366 	EXP 	unnamed TextStim: height = 25.0
425.6366 	EXP 	unnamed TextStim: height = 25.0
425.6366 	EXP 	unnamed TextStim: text = '→'
427.2703 	DATA 	Keypress: right
427.2866 	EXP 	unnamed TextStim: height = 25.0
427.2866 	EXP 	unnamed TextStim: height = 25.0
427.2866 	EXP 	unnamed TextStim: height = 25.0
427.2866 	EXP 	unnamed TextStim: text = '←'
429.0707 	DATA 	Keypress: left
429.0866 	EXP 	unnamed TextStim: height = 25.0
429.0866 	EXP 	unnamed TextStim: height = 25.0
429.0866 	EXP 	unnamed TextStim: height = 25.0
429.0866 	EXP 	unnamed TextStim: text = '→'
430.6705 	DATA 	Keypress: left
430.6867 	EXP 	unnamed TextStim: height = 25.0
430.6867 	EXP 	unnamed TextStim: height = 25.0
430.6867 	EXP 	unnamed TextStim: height = 25.0
430.6867 	EXP 	unnamed TextStim: text = '↓'
432.5373 	DATA 	Keypress: down
432.5535 	EXP 	unnamed TextStim: height = 25.0
432.5535 	EXP 	unnamed TextStim: height = 25.0
432.5535 	EXP 	unnamed TextStim: height = 25.0
432.5535 	EXP 	unnamed TextStim: text = '→'
434.0039 	DATA 	Keypress: right
434.0201 	EXP 	unnamed TextStim: height = 25.0
434.0201 	EXP 	unnamed TextStim: height = 25.0
434.0201 	EXP 	unnamed TextStim: height = 25.0
434.0201 	EXP 	unnamed TextStim: text = '↓'
435.6556 	DATA 	Keypress: down
435.6870 	EXP 	unnamed TextStim: height = 25.0
435.6870 	EXP 	unnamed TextStim: height = 25.0
435.6870 	EXP 	unnamed TextStim: height = 25.0
435.6870 	EXP 	unnamed TextStim: text = '←'
437.4041 	DATA 	Keypress: left
437.4204 	EXP 	unnamed TextStim: text = '←'
439.0708 	DATA 	Keypress: left
439.0871 	EXP 	unnamed TextStim: height = 25.0
439.0871 	EXP 	unnamed TextStim: height = 25.0
439.0871 	EXP 	unnamed TextStim: height = 25.0
439.0871 	EXP 	unnamed TextStim: text = '↓'
440.9045 	DATA 	Keypress: down
440.9205 	EXP 	unnamed TextStim: text = '↓'
442.6559 	DATA 	Keypress: down
442.6872 	EXP 	unnamed TextStim: height = 25.0
442.6872 	EXP 	unnamed TextStim: height = 25.0
442.6872 	EXP 	unnamed TextStim: height = 25.0
442.6872 	EXP 	unnamed TextStim: text = '↑'
444.3541 	DATA 	Keypress: up
444.3704 	EXP 	unnamed TextStim: height = 25.0
444.3704 	EXP 	unnamed TextStim: height = 25.0
444.3704 	EXP 	unnamed TextStim: height = 25.0
444.3704 	EXP 	unnamed TextStim: text = '→'
446.0878 	DATA 	Keypress: right
446.2254 	EXP 	Created unnamed ImageStim = ImageStim(__class__=<class 'psychopy.visual.image.ImageStim'>, anchor=('center', 'center'), autoLog=True, color=array([1., 1., 1.]), colorSpace='rgb', contrast=1.0, depth=0, flipHoriz=False, flipVert=False, image='break.jpg', interpolate=True, mask=None, maskParams=None, name='unnamed ImageStim', opacity=1.0, ori=0.0, pos=array([0., 0.]), size=array([1536.,  864.]), texRes=128, units='pix', win=Window(...))
448.7660 	DATA 	Keypress: space
448.7707 	EXP 	unnamed TextStim: height = 25.0
448.7707 	EXP 	unnamed TextStim: height = 25.0
448.7707 	EXP 	unnamed TextStim: height = 25.0
448.7707 	EXP 	unnamed TextStim: text = '↑'
450.4879 	DATA 	Keypress: up
450.5041 	EXP 	unnamed TextStim: height = 25.0
450.5041 	EXP 	unnamed TextStim: height = 25.0
450.5041 	EXP 	unnamed TextStim: height = 25.0
450.5041 	EXP 	unnamed TextStim: text = '←'
452.1890 	DATA 	Keypress: left
452.2208 	EXP 	unnamed TextStim: height = 25.0
452.2208 	EXP 	unnamed TextStim: height = 25.0
452.2208 	EXP 	unnamed TextStim: height = 25.0
452.2208 	EXP 	unnamed TextStim: text = '→'
453.8715 	DATA 	Keypress: right
453.8876 	EXP 	unnamed TextStim: height = 25.0
453.8876 	EXP 	unnamed TextStim: height = 25.0
453.8876 	EXP 	unnamed TextStim: height = 25.0
453.8876 	EXP 	unnamed TextStim: text = '←'
455.6550 	DATA 	Keypress: left
455.6710 	EXP 	unnamed TextStim: height = 25.0
455.6710 	EXP 	unnamed TextStim: height = 25.0
455.6710 	EXP 	unnamed TextStim: height = 25.0
455.6710 	EXP 	unnamed TextStim: text = '→'
457.2882 	DATA 	Keypress: right
457.3043 	EXP 	unnamed TextStim: height = 25.0
457.3043 	EXP 	unnamed TextStim: height = 25.0
457.3043 	EXP 	unnamed TextStim: height = 25.0
457.3043 	EXP 	unnamed TextStim: text = '←'
458.7881 	DATA 	Keypress: left
458.8044 	EXP 	unnamed TextStim: text = '←'
460.4884 	DATA 	Keypress: left
460.5045 	EXP 	unnamed TextStim: height = 25.0
460.5045 	EXP 	unnamed TextStim: height = 25.0
460.5045 	EXP 	unnamed TextStim: height = 25.0
460.5045 	EXP 	unnamed TextStim: text = '→'
461.9884 	DATA 	Keypress: right
462.0045 	EXP 	unnamed TextStim: text = '→'
463.5886 	DATA 	Keypress: left
463.6047 	EXP 	unnamed TextStim: height = 25.0
463.6047 	EXP 	unnamed TextStim: height = 25.0
463.6047 	EXP 	unnamed TextStim: height = 25.0
463.6047 	EXP 	unnamed TextStim: text = '←'
465.1886 	DATA 	Keypress: left
465.2046 	EXP 	unnamed TextStim: height = 25.0
465.2046 	EXP 	unnamed TextStim: height = 25.0
465.2046 	EXP 	unnamed TextStim: height = 25.0
465.2046 	EXP 	unnamed TextStim: text = '↓'
466.8052 	DATA 	Keypress: down
466.8214 	EXP 	unnamed TextStim: height = 25.0
466.8214 	EXP 	unnamed TextStim: height = 25.0
466.8214 	EXP 	unnamed TextStim: height = 25.0
466.8214 	EXP 	unnamed TextStim: text = '↑'
468.5220 	DATA 	Keypress: up
468.5381 	EXP 	unnamed TextStim: height = 25.0
468.5381 	EXP 	unnamed TextStim: height = 25.0
468.5381 	EXP 	unnamed TextStim: height = 25.0
468.5381 	EXP 	unnamed TextStim: text = '→'
470.2218 	DATA 	Keypress: right
470.2382 	EXP 	unnamed TextStim: height = 25.0
470.2382 	EXP 	unnamed TextStim: height = 25.0
470.2382 	EXP 	unnamed TextStim: height = 25.0
470.2382 	EXP 	unnamed TextStim: text = '↓'
472.0388 	DATA 	Keypress: down
472.0549 	EXP 	unnamed TextStim: height = 25.0
472.0549 	EXP 	unnamed TextStim: height = 25.0
472.0549 	EXP 	unnamed TextStim: height = 25.0
472.0549 	EXP 	unnamed TextStim: text = '→'
473.5557 	DATA 	Keypress: right
473.5717 	EXP 	unnamed TextStim: text = '→'
475.1223 	DATA 	Keypress: right
475.1384 	EXP 	unnamed TextStim: text = '→'
476.8557 	DATA 	Keypress: right
476.8718 	EXP 	unnamed TextStim: height = 25.0
476.8718 	EXP 	unnamed TextStim: height = 25.0
476.8718 	EXP 	unnamed TextStim: height = 25.0
476.8718 	EXP 	unnamed TextStim: text = '↑'
478.7553 	EXP 	unnamed TextStim: height = 25.0
478.7553 	EXP 	unnamed TextStim: height = 25.0
478.7553 	EXP 	unnamed TextStim: height = 25.0
478.7553 	EXP 	unnamed TextStim: text = '→'
478.8897 	DATA 	Keypress: up
480.2558 	DATA 	Keypress: right
480.3990 	EXP 	Created unnamed ImageStim = ImageStim(__class__=<class 'psychopy.visual.image.ImageStim'>, anchor=('center', 'center'), autoLog=True, color=array([1., 1., 1.]), colorSpace='rgb', contrast=1.0, depth=0, flipHoriz=False, flipVert=False, image='break.jpg', interpolate=True, mask=None, maskParams=None, name='unnamed ImageStim', opacity=1.0, ori=0.0, pos=array([0., 0.]), size=array([1536.,  864.]), texRes=128, units='pix', win=Window(...))
482.4835 	DATA 	Keypress: space
482.4884 	EXP 	unnamed TextStim: height = 25.0
482.4884 	EXP 	unnamed TextStim: height = 25.0
482.4884 	EXP 	unnamed TextStim: height = 25.0
482.4884 	EXP 	unnamed TextStim: text = '↑'
484.3388 	EXP 	unnamed TextStim: height = 25.0
484.3388 	EXP 	unnamed TextStim: height = 25.0
484.3388 	EXP 	unnamed TextStim: height = 25.0
484.3388 	EXP 	unnamed TextStim: text = '→'
486.0559 	DATA 	Keypress: right
486.0722 	EXP 	unnamed TextStim: height = 25.0
486.0722 	EXP 	unnamed TextStim: height = 25.0
486.0722 	EXP 	unnamed TextStim: height = 25.0
486.0722 	EXP 	unnamed TextStim: text = '↑'
487.4561 	DATA 	Keypress: up
487.4722 	EXP 	unnamed TextStim: height = 25.0
487.4722 	EXP 	unnamed TextStim: height = 25.0
487.4722 	EXP 	unnamed TextStim: height = 25.0
487.4722 	EXP 	unnamed TextStim: text = '←'
489.2394 	DATA 	Keypress: left
489.2555 	EXP 	unnamed TextStim: height = 25.0
489.2555 	EXP 	unnamed TextStim: height = 25.0
489.2555 	EXP 	unnamed TextStim: height = 25.0
489.2555 	EXP 	unnamed TextStim: text = '↓'
490.9228 	DATA 	Keypress: left
490.9390 	EXP 	unnamed TextStim: text = '↓'
492.5395 	DATA 	Keypress: down
492.5556 	EXP 	unnamed TextStim: height = 25.0
492.5556 	EXP 	unnamed TextStim: height = 25.0
492.5556 	EXP 	unnamed TextStim: height = 25.0
492.5556 	EXP 	unnamed TextStim: text = '→'
494.1563 	DATA 	Keypress: right
494.1725 	EXP 	unnamed TextStim: height = 25.0
494.1725 	EXP 	unnamed TextStim: height = 25.0
494.1725 	EXP 	unnamed TextStim: height = 25.0
494.1725 	EXP 	unnamed TextStim: text = '↑'
495.4730 	DATA 	Keypress: down
495.4891 	EXP 	unnamed TextStim: height = 25.0
495.4891 	EXP 	unnamed TextStim: height = 25.0
495.4891 	EXP 	unnamed TextStim: height = 25.0
495.4891 	EXP 	unnamed TextStim: text = '←'
497.0231 	DATA 	Keypress: left
497.0393 	EXP 	unnamed TextStim: height = 25.0
497.0393 	EXP 	unnamed TextStim: height = 25.0
497.0393 	EXP 	unnamed TextStim: height = 25.0
497.0393 	EXP 	unnamed TextStim: text = '→'
498.5230 	DATA 	Keypress: right
498.5393 	EXP 	unnamed TextStim: height = 25.0
498.5393 	EXP 	unnamed TextStim: height = 25.0
498.5393 	EXP 	unnamed TextStim: height = 25.0
498.5393 	EXP 	unnamed TextStim: text = '↓'
500.1065 	DATA 	Keypress: up
500.1227 	EXP 	unnamed TextStim: height = 25.0
500.1227 	EXP 	unnamed TextStim: height = 25.0
500.1227 	EXP 	unnamed TextStim: height = 25.0
500.1227 	EXP 	unnamed TextStim: text = '←'
501.6898 	DATA 	Keypress: left
501.7061 	EXP 	unnamed TextStim: height = 25.0
501.7061 	EXP 	unnamed TextStim: height = 25.0
501.7061 	EXP 	unnamed TextStim: height = 25.0
501.7061 	EXP 	unnamed TextStim: text = '→'
503.2401 	DATA 	Keypress: right
503.2561 	EXP 	unnamed TextStim: height = 25.0
503.2561 	EXP 	unnamed TextStim: height = 25.0
503.2561 	EXP 	unnamed TextStim: height = 25.0
503.2561 	EXP 	unnamed TextStim: text = '←'
504.9067 	DATA 	Keypress: right
504.9229 	EXP 	unnamed TextStim: height = 25.0
504.9229 	EXP 	unnamed TextStim: height = 25.0
504.9229 	EXP 	unnamed TextStim: height = 25.0
504.9229 	EXP 	unnamed TextStim: text = '→'
506.5567 	DATA 	Keypress: right
506.5729 	EXP 	unnamed TextStim: height = 25.0
506.5729 	EXP 	unnamed TextStim: height = 25.0
506.5729 	EXP 	unnamed TextStim: height = 25.0
506.5729 	EXP 	unnamed TextStim: text = '↓'
508.1402 	DATA 	Keypress: down
508.1563 	EXP 	unnamed TextStim: height = 25.0
508.1563 	EXP 	unnamed TextStim: height = 25.0
508.1563 	EXP 	unnamed TextStim: height = 25.0
508.1563 	EXP 	unnamed TextStim: text = '←'
509.7736 	DATA 	Keypress: left
509.7897 	EXP 	unnamed TextStim: height = 25.0
509.7897 	EXP 	unnamed TextStim: height = 25.0
509.7897 	EXP 	unnamed TextStim: height = 25.0
509.7897 	EXP 	unnamed TextStim: text = '→'
511.3737 	DATA 	Keypress: right
511.3896 	EXP 	unnamed TextStim: height = 25.0
511.3896 	EXP 	unnamed TextStim: height = 25.0
511.3896 	EXP 	unnamed TextStim: height = 25.0
511.3896 	EXP 	unnamed TextStim: text = '←'
513.0237 	DATA 	Keypress: left
513.1665 	EXP 	Created unnamed ImageStim = ImageStim(__class__=<class 'psychopy.visual.image.ImageStim'>, anchor=('center', 'center'), autoLog=True, color=array([1., 1., 1.]), colorSpace='rgb', contrast=1.0, depth=0, flipHoriz=False, flipVert=False, image='break.jpg', interpolate=True, mask=None, maskParams=None, name='unnamed ImageStim', opacity=1.0, ori=0.0, pos=array([0., 0.]), size=array([1536.,  864.]), texRes=128, units='pix', win=Window(...))
517.4078 	DATA 	Keypress: space
517.4232 	EXP 	unnamed TextStim: height = 25.0
517.4232 	EXP 	unnamed TextStim: height = 25.0
517.4232 	EXP 	unnamed TextStim: height = 25.0
517.4232 	EXP 	unnamed TextStim: text = '↑'
518.8906 	DATA 	Keypress: up
518.9067 	EXP 	unnamed TextStim: height = 25.0
518.9067 	EXP 	unnamed TextStim: height = 25.0
518.9067 	EXP 	unnamed TextStim: height = 25.0
518.9067 	EXP 	unnamed TextStim: text = '←'
520.5570 	DATA 	Keypress: left
520.5735 	EXP 	unnamed TextStim: height = 25.0
520.5735 	EXP 	unnamed TextStim: height = 25.0
520.5735 	EXP 	unnamed TextStim: height = 25.0
520.5735 	EXP 	unnamed TextStim: text = '↑'
522.2072 	DATA 	Keypress: up
522.2235 	EXP 	unnamed TextStim: height = 25.0
522.2235 	EXP 	unnamed TextStim: height = 25.0
522.2235 	EXP 	unnamed TextStim: height = 25.0
522.2235 	EXP 	unnamed TextStim: text = '↓'
523.8590 	DATA 	Keypress: down
523.8902 	EXP 	unnamed TextStim: text = '↓'
525.5909 	DATA 	Keypress: down
525.6070 	EXP 	unnamed TextStim: height = 25.0
525.6070 	EXP 	unnamed TextStim: height = 25.0
525.6070 	EXP 	unnamed TextStim: height = 25.0
525.6070 	EXP 	unnamed TextStim: text = '→'
527.2907 	DATA 	Keypress: right
527.3071 	EXP 	unnamed TextStim: text = '→'
528.8409 	DATA 	Keypress: right
528.8571 	EXP 	unnamed TextStim: height = 25.0
528.8571 	EXP 	unnamed TextStim: height = 25.0
528.8571 	EXP 	unnamed TextStim: height = 25.0
528.8571 	EXP 	unnamed TextStim: text = '←'
530.4077 	DATA 	Keypress: left
530.4239 	EXP 	unnamed TextStim: text = '←'
532.0577 	DATA 	Keypress: left
532.0738 	EXP 	unnamed TextStim: text = '←'
533.6746 	DATA 	Keypress: left
533.6906 	EXP 	unnamed TextStim: height = 25.0
533.6906 	EXP 	unnamed TextStim: height = 25.0
533.6906 	EXP 	unnamed TextStim: height = 25.0
533.6906 	EXP 	unnamed TextStim: text = '→'
535.1095 	DATA 	Keypress: left
535.1407 	EXP 	unnamed TextStim: height = 25.0
535.1407 	EXP 	unnamed TextStim: height = 25.0
535.1407 	EXP 	unnamed TextStim: height = 25.0
535.1407 	EXP 	unnamed TextStim: text = '←'
536.7745 	DATA 	Keypress: left
536.7908 	EXP 	unnamed TextStim: height = 25.0
536.7908 	EXP 	unnamed TextStim: height = 25.0
536.7908 	EXP 	unnamed TextStim: height = 25.0
536.7908 	EXP 	unnamed TextStim: text = '↑'
538.6747 	DATA 	Keypress: up
538.6907 	EXP 	unnamed TextStim: height = 25.0
538.6907 	EXP 	unnamed TextStim: height = 25.0
538.6907 	EXP 	unnamed TextStim: height = 25.0
538.6907 	EXP 	unnamed TextStim: text = '→'
540.4914 	DATA 	Keypress: right
540.5076 	EXP 	unnamed TextStim: height = 25.0
540.5076 	EXP 	unnamed TextStim: height = 25.0
540.5076 	EXP 	unnamed TextStim: height = 25.0
540.5076 	EXP 	unnamed TextStim: text = '←'
542.0914 	DATA 	Keypress: left
542.1075 	EXP 	unnamed TextStim: height = 25.0
542.1075 	EXP 	unnamed TextStim: height = 25.0
542.1075 	EXP 	unnamed TextStim: height = 25.0
542.1075 	EXP 	unnamed TextStim: text = '→'
543.5082 	DATA 	Keypress: left
543.5243 	EXP 	unnamed TextStim: height = 25.0
543.5243 	EXP 	unnamed TextStim: height = 25.0
543.5243 	EXP 	unnamed TextStim: height = 25.0
543.5243 	EXP 	unnamed TextStim: text = '←'
545.3250 	DATA 	Keypress: left
545.3410 	EXP 	unnamed TextStim: height = 25.0
545.3410 	EXP 	unnamed TextStim: height = 25.0
545.3410 	EXP 	unnamed TextStim: height = 25.0
545.3410 	EXP 	unnamed TextStim: text = '→'
546.9583 	DATA 	Keypress: right
546.9744 	EXP 	unnamed TextStim: height = 25.0
546.9744 	EXP 	unnamed TextStim: height = 25.0
546.9744 	EXP 	unnamed TextStim: height = 25.0
546.9744 	EXP 	unnamed TextStim: text = '←'
548.4749 	DATA 	Keypress: left
548.6152 	EXP 	Created unnamed ImageStim = ImageStim(__class__=<class 'psychopy.visual.image.ImageStim'>, anchor=('center', 'center'), autoLog=True, color=array([1., 1., 1.]), colorSpace='rgb', contrast=1.0, depth=0, flipHoriz=False, flipVert=False, image='break.jpg', interpolate=True, mask=None, maskParams=None, name='unnamed ImageStim', opacity=1.0, ori=0.0, pos=array([0., 0.]), size=array([1536.,  864.]), texRes=128, units='pix', win=Window(...))
549.3555 	DATA 	Keypress: space
549.3583 	EXP 	unnamed TextStim: height = 25.0
549.3583 	EXP 	unnamed TextStim: height = 25.0
549.3583 	EXP 	unnamed TextStim: height = 25.0
549.3583 	EXP 	unnamed TextStim: text = '↑'
551.0417 	DATA 	Keypress: up
551.0578 	EXP 	unnamed TextStim: text = '↑'
552.4751 	DATA 	Keypress: up
552.4914 	EXP 	unnamed TextStim: text = '↑'
554.0918 	DATA 	Keypress: up
554.1080 	EXP 	unnamed TextStim: height = 25.0
554.1080 	EXP 	unnamed TextStim: height = 25.0
554.1080 	EXP 	unnamed TextStim: height = 25.0
554.1080 	EXP 	unnamed TextStim: text = '↓'
555.5254 	DATA 	Keypress: down
555.5413 	EXP 	unnamed TextStim: text = '↓'
557.2419 	DATA 	Keypress: down
557.2581 	EXP 	unnamed TextStim: height = 25.0
557.2581 	EXP 	unnamed TextStim: height = 25.0
557.2581 	EXP 	unnamed TextStim: height = 25.0
557.2581 	EXP 	unnamed TextStim: text = '↑'
558.9588 	DATA 	Keypress: up
558.9748 	EXP 	unnamed TextStim: height = 25.0
558.9748 	EXP 	unnamed TextStim: height = 25.0
558.9748 	EXP 	unnamed TextStim: height = 25.0
558.9748 	EXP 	unnamed TextStim: text = '←'
560.5421 	DATA 	Keypress: left
560.5583 	EXP 	unnamed TextStim: text = '←'
562.0606 	DATA 	Keypress: right
562.0917 	EXP 	unnamed TextStim: text = '←'
563.6923 	DATA 	Keypress: left
563.7084 	EXP 	unnamed TextStim: height = 25.0
563.7084 	EXP 	unnamed TextStim: height = 25.0
563.7084 	EXP 	unnamed TextStim: height = 25.0
563.7084 	EXP 	unnamed TextStim: text = '↑'
565.4590 	DATA 	Keypress: up
565.4751 	EXP 	unnamed TextStim: height = 25.0
565.4751 	EXP 	unnamed TextStim: height = 25.0
565.4751 	EXP 	unnamed TextStim: height = 25.0
565.4751 	EXP 	unnamed TextStim: text = '←'
567.1088 	DATA 	Keypress: left
567.1252 	EXP 	unnamed TextStim: height = 25.0
567.1252 	EXP 	unnamed TextStim: height = 25.0
567.1252 	EXP 	unnamed TextStim: height = 25.0
567.1252 	EXP 	unnamed TextStim: text = '→'
569.0090 	DATA 	Keypress: right
569.0253 	EXP 	unnamed TextStim: height = 25.0
569.0253 	EXP 	unnamed TextStim: height = 25.0
569.0253 	EXP 	unnamed TextStim: height = 25.0
569.0253 	EXP 	unnamed TextStim: text = '←'
570.4925 	DATA 	Keypress: right
570.5087 	EXP 	unnamed TextStim: height = 25.0
570.5087 	EXP 	unnamed TextStim: height = 25.0
570.5087 	EXP 	unnamed TextStim: height = 25.0
570.5087 	EXP 	unnamed TextStim: text = '↓'
572.3092 	DATA 	Keypress: down
572.3255 	EXP 	unnamed TextStim: height = 25.0
572.3255 	EXP 	unnamed TextStim: height = 25.0
572.3255 	EXP 	unnamed TextStim: height = 25.0
572.3255 	EXP 	unnamed TextStim: text = '←'
573.8775 	DATA 	Keypress: left
573.9088 	EXP 	unnamed TextStim: text = '←'
575.6777 	DATA 	Keypress: left
575.7089 	EXP 	unnamed TextStim: height = 25.0
575.7089 	EXP 	unnamed TextStim: height = 25.0
575.7089 	EXP 	unnamed TextStim: height = 25.0
575.7089 	EXP 	unnamed TextStim: text = '↑'
577.3945 	DATA 	Keypress: up
577.4255 	EXP 	unnamed TextStim: height = 25.0
577.4255 	EXP 	unnamed TextStim: height = 25.0
577.4255 	EXP 	unnamed TextStim: height = 25.0
577.4255 	EXP 	unnamed TextStim: text = '→'
578.9928 	DATA 	Keypress: right
579.0090 	EXP 	unnamed TextStim: height = 25.0
579.0090 	EXP 	unnamed TextStim: height = 25.0
579.0090 	EXP 	unnamed TextStim: height = 25.0
579.0090 	EXP 	unnamed TextStim: text = '←'
580.5096 	DATA 	Keypress: left
580.6449 	EXP 	Created unnamed ImageStim = ImageStim(__class__=<class 'psychopy.visual.image.ImageStim'>, anchor=('center', 'center'), autoLog=True, color=array([1., 1., 1.]), colorSpace='rgb', contrast=1.0, depth=0, flipHoriz=False, flipVert=False, image='break.jpg', interpolate=True, mask=None, maskParams=None, name='unnamed ImageStim', opacity=1.0, ori=0.0, pos=array([0., 0.]), size=array([1536.,  864.]), texRes=128, units='pix', win=Window(...))
581.3963 	DATA 	Keypress: space
581.4085 	EXP 	unnamed TextStim: height = 25.0
581.4085 	EXP 	unnamed TextStim: height = 25.0
581.4085 	EXP 	unnamed TextStim: height = 25.0
581.4085 	EXP 	unnamed TextStim: text = '→'
582.8929 	DATA 	Keypress: right
582.9092 	EXP 	unnamed TextStim: text = '→'
584.4597 	DATA 	Keypress: right
584.4759 	EXP 	unnamed TextStim: height = 25.0
584.4759 	EXP 	unnamed TextStim: height = 25.0
584.4759 	EXP 	unnamed TextStim: height = 25.0
584.4759 	EXP 	unnamed TextStim: text = '↑'
586.2930 	DATA 	Keypress: up
586.3094 	EXP 	unnamed TextStim: height = 25.0
586.3094 	EXP 	unnamed TextStim: height = 25.0
586.3094 	EXP 	unnamed TextStim: height = 25.0
586.3094 	EXP 	unnamed TextStim: text = '←'
587.9761 	DATA 	Keypress: left
587.9926 	EXP 	unnamed TextStim: text = '←'
589.7766 	DATA 	Keypress: left
589.7927 	EXP 	unnamed TextStim: text = '←'
591.4097 	DATA 	Keypress: left
591.4259 	EXP 	unnamed TextStim: height = 25.0
591.4259 	EXP 	unnamed TextStim: height = 25.0
591.4259 	EXP 	unnamed TextStim: height = 25.0
591.4259 	EXP 	unnamed TextStim: text = '↑'
593.1598 	DATA 	Keypress: up
593.1761 	EXP 	unnamed TextStim: height = 25.0
593.1761 	EXP 	unnamed TextStim: height = 25.0
593.1761 	EXP 	unnamed TextStim: height = 25.0
593.1761 	EXP 	unnamed TextStim: text = '←'
594.8267 	DATA 	Keypress: left
594.8429 	EXP 	unnamed TextStim: text = '←'
596.2269 	DATA 	Keypress: left
596.2430 	EXP 	unnamed TextStim: text = '←'
597.8602 	DATA 	Keypress: left
597.8764 	EXP 	unnamed TextStim: height = 25.0
597.8764 	EXP 	unnamed TextStim: height = 25.0
597.8764 	EXP 	unnamed TextStim: height = 25.0
597.8764 	EXP 	unnamed TextStim: text = '↑'
599.5268 	DATA 	Keypress: up
599.5431 	EXP 	unnamed TextStim: text = '↑'
601.1769 	DATA 	Keypress: up
601.1932 	EXP 	unnamed TextStim: text = '↑'
602.7605 	DATA 	Keypress: up
602.7766 	EXP 	unnamed TextStim: text = '↑'
604.5104 	DATA 	Keypress: up
604.5264 	EXP 	unnamed TextStim: height = 25.0
604.5264 	EXP 	unnamed TextStim: height = 25.0
604.5264 	EXP 	unnamed TextStim: height = 25.0
604.5264 	EXP 	unnamed TextStim: text = '↓'
606.1606 	DATA 	Keypress: down
606.1767 	EXP 	unnamed TextStim: height = 25.0
606.1767 	EXP 	unnamed TextStim: height = 25.0
606.1767 	EXP 	unnamed TextStim: height = 25.0
606.1767 	EXP 	unnamed TextStim: text = '↑'
607.6773 	DATA 	Keypress: up
607.6932 	EXP 	unnamed TextStim: height = 25.0
607.6932 	EXP 	unnamed TextStim: height = 25.0
607.6932 	EXP 	unnamed TextStim: height = 25.0
607.6932 	EXP 	unnamed TextStim: text = '↓'
609.4789 	DATA 	Keypress: down
609.5100 	EXP 	unnamed TextStim: text = '↓'
611.0273 	DATA 	Keypress: down
611.0436 	EXP 	unnamed TextStim: height = 25.0
611.0436 	EXP 	unnamed TextStim: height = 25.0
611.0436 	EXP 	unnamed TextStim: height = 25.0
611.0436 	EXP 	unnamed TextStim: text = '→'
612.6441 	DATA 	Keypress: right
612.7882 	EXP 	Created unnamed ImageStim = ImageStim(__class__=<class 'psychopy.visual.image.ImageStim'>, anchor=('center', 'center'), autoLog=True, color=array([1., 1., 1.]), colorSpace='rgb', contrast=1.0, depth=0, flipHoriz=False, flipVert=False, image='break.jpg', interpolate=True, mask=None, maskParams=None, name='unnamed ImageStim', opacity=1.0, ori=0.0, pos=array([0., 0.]), size=array([1536.,  864.]), texRes=128, units='pix', win=Window(...))
614.4288 	DATA 	Keypress: space
614.4436 	EXP 	unnamed TextStim: text = '→'
616.0441 	DATA 	Keypress: right
616.0603 	EXP 	unnamed TextStim: height = 25.0
616.0603 	EXP 	unnamed TextStim: height = 25.0
616.0603 	EXP 	unnamed TextStim: height = 25.0
616.0603 	EXP 	unnamed TextStim: text = '↓'
617.6111 	DATA 	Keypress: down
617.6271 	EXP 	unnamed TextStim: height = 25.0
617.6271 	EXP 	unnamed TextStim: height = 25.0
617.6271 	EXP 	unnamed TextStim: height = 25.0
617.6271 	EXP 	unnamed TextStim: text = '→'
619.3443 	DATA 	Keypress: right
619.3604 	EXP 	unnamed TextStim: text = '→'
621.0610 	DATA 	Keypress: right
621.0773 	EXP 	unnamed TextStim: height = 25.0
621.0773 	EXP 	unnamed TextStim: height = 25.0
621.0773 	EXP 	unnamed TextStim: height = 25.0
621.0773 	EXP 	unnamed TextStim: text = '↑'
622.3946 	DATA 	Keypress: up
622.4105 	EXP 	unnamed TextStim: height = 25.0
622.4105 	EXP 	unnamed TextStim: height = 25.0
622.4105 	EXP 	unnamed TextStim: height = 25.0
622.4105 	EXP 	unnamed TextStim: text = '↓'
624.2110 	DATA 	Keypress: down
624.2273 	EXP 	unnamed TextStim: height = 25.0
624.2273 	EXP 	unnamed TextStim: height = 25.0
624.2273 	EXP 	unnamed TextStim: height = 25.0
624.2273 	EXP 	unnamed TextStim: text = '↑'
625.9447 	DATA 	Keypress: up
625.9608 	EXP 	unnamed TextStim: height = 25.0
625.9608 	EXP 	unnamed TextStim: height = 25.0
625.9608 	EXP 	unnamed TextStim: height = 25.0
625.9608 	EXP 	unnamed TextStim: text = '←'
627.8945 	DATA 	Keypress: left
627.9108 	EXP 	unnamed TextStim: height = 25.0
627.9108 	EXP 	unnamed TextStim: height = 25.0
627.9108 	EXP 	unnamed TextStim: height = 25.0
627.9108 	EXP 	unnamed TextStim: text = '→'
629.5114 	DATA 	Keypress: right
629.5276 	EXP 	unnamed TextStim: height = 25.0
629.5276 	EXP 	unnamed TextStim: height = 25.0
629.5276 	EXP 	unnamed TextStim: height = 25.0
629.5276 	EXP 	unnamed TextStim: text = '↓'
631.1614 	DATA 	Keypress: down
631.1777 	EXP 	unnamed TextStim: height = 25.0
631.1777 	EXP 	unnamed TextStim: height = 25.0
631.1777 	EXP 	unnamed TextStim: height = 25.0
631.1777 	EXP 	unnamed TextStim: text = '←'
632.9616 	DATA 	Keypress: left
632.9777 	EXP 	unnamed TextStim: height = 25.0
632.9777 	EXP 	unnamed TextStim: height = 25.0
632.9777 	EXP 	unnamed TextStim: height = 25.0
632.9777 	EXP 	unnamed TextStim: text = '→'
634.6950 	DATA 	Keypress: right
634.7111 	EXP 	unnamed TextStim: height = 25.0
634.7111 	EXP 	unnamed TextStim: height = 25.0
634.7111 	EXP 	unnamed TextStim: height = 25.0
634.7111 	EXP 	unnamed TextStim: text = '↑'
636.4282 	DATA 	Keypress: up
636.4445 	EXP 	unnamed TextStim: height = 25.0
636.4445 	EXP 	unnamed TextStim: height = 25.0
636.4445 	EXP 	unnamed TextStim: height = 25.0
636.4445 	EXP 	unnamed TextStim: text = '→'
638.0116 	DATA 	Keypress: right
638.0279 	EXP 	unnamed TextStim: height = 25.0
638.0279 	EXP 	unnamed TextStim: height = 25.0
638.0279 	EXP 	unnamed TextStim: height = 25.0
638.0279 	EXP 	unnamed TextStim: text = '↓'
639.5286 	DATA 	Keypress: down
639.5446 	EXP 	unnamed TextStim: height = 25.0
639.5446 	EXP 	unnamed TextStim: height = 25.0
639.5446 	EXP 	unnamed TextStim: height = 25.0
639.5446 	EXP 	unnamed TextStim: text = '←'
641.3824 	DATA 	Keypress: left
641.3947 	EXP 	unnamed TextStim: height = 25.0
641.3947 	EXP 	unnamed TextStim: height = 25.0
641.3947 	EXP 	unnamed TextStim: height = 25.0
641.3947 	EXP 	unnamed TextStim: text = '↑'
642.8952 	DATA 	Keypress: up
642.9114 	EXP 	unnamed TextStim: height = 25.0
642.9114 	EXP 	unnamed TextStim: height = 25.0
642.9114 	EXP 	unnamed TextStim: height = 25.0
642.9114 	EXP 	unnamed TextStim: text = '→'
644.4787 	DATA 	Keypress: right
644.4948 	EXP 	unnamed TextStim: height = 25.0
644.4948 	EXP 	unnamed TextStim: height = 25.0
644.4948 	EXP 	unnamed TextStim: height = 25.0
644.4948 	EXP 	unnamed TextStim: text = '←'
645.8302 	DATA 	Keypress: left
645.9922 	EXP 	Created unnamed ImageStim = ImageStim(__class__=<class 'psychopy.visual.image.ImageStim'>, anchor=('center', 'center'), autoLog=True, color=array([1., 1., 1.]), colorSpace='rgb', contrast=1.0, depth=0, flipHoriz=False, flipVert=False, image='break.jpg', interpolate=True, mask=None, maskParams=None, name='unnamed ImageStim', opacity=1.0, ori=0.0, pos=array([0., 0.]), size=array([1536.,  864.]), texRes=128, units='pix', win=Window(...))
646.7040 	DATA 	Keypress: space
646.7245 	EXP 	Created unnamed TextStim = TextStim(__class__=<class 'psychopy.visual.text.TextStim'>, alignHoriz=method-wrapper(...), alignText='center', alignVert=method-wrapper(...), anchorHoriz='center', anchorVert='center', antialias=True, autoDraw=False, autoLog=True, bold=False, color=array([-1, -1, -1]), colorSpace='rgb', contrast=1.0, depth=0, flipHoriz=False, flipVert=False, font='', fontFiles=[], height=28.0, italic=False, languageStyle='LTR', name='unnamed TextStim', opacity=1.0, ori=0.0, pos=array([0., 0.]), rgb=UNKNOWN, text=str(...), units='pix', win=Window(...), wrapWidth=1536)
648.4454 	DATA 	Keypress: return
648.5379 	EXP 	window1: mouseVisible = True
