12.4875 	WARNING 	User requested fullscreen with size [1536  864], but screen is actually [1920, 1080]. Using actual size
13.9824 	INFO 	FRAME RATE: 60
13.9824 	INFO 	SCREEN RES: odict_values([1536, 864])
14.0412 	EXP 	Created unnamed TextStim = TextStim(__class__=<class 'psychopy.visual.text.TextStim'>, alignHoriz=method-wrapper(...), alignText='center', alignVert=method-wrapper(...), anchorHoriz='center', anchorVert='center', antialias=True, autoDraw=False, autoLog=True, bold=False, color=array([-1, -1, -1]), colorSpace='rgb', contrast=1.0, depth=0, flipHoriz=False, flipVert=False, font='', fontFiles=[], height=100.0, italic=False, languageStyle='LTR', name='unnamed TextStim', opacity=1.0, ori=0.0, pos=array([0., 0.]), rgb=UNKNOWN, text='+', units='pix', win=Window(...), wrapWidth=500)
14.0460 	EXP 	Created unnamed Circle = Circle(__class__=<class 'psychopy.visual.circle.Circle'>, anchor=('center', 'center'), autoDraw=False, autoLog=True, closeShape=True, color=method-wrapper(...), colorSpace='rgb', contrast=None, depth=0, fillColor=array([ 0.09019608, -1.        , -1.        ]), fillColorSpace='rgb', fillRGB=array([ 0.09019608, -1.        , -1.        ]), interpolate=True, lineColor=array([ 0.09019608, -1.        , -1.        ]), lineColorSpace='rgb', lineRGB=array([ 0.09019608, -1.        , -1.        ]), lineWidth=1.5, name='unnamed Circle', opacity=1.0, ori=0.0, pos=array([0., 0.]), size=array([1., 1.]), units='pix', vertices=ndarray(...), win=Window(...))
14.0472 	EXP 	Created unnamed TextStim = TextStim(__class__=<class 'psychopy.visual.text.TextStim'>, alignHoriz=method-wrapper(...), alignText='center', alignVert=method-wrapper(...), anchorHoriz='center', anchorVert='center', antialias=True, autoDraw=False, autoLog=True, bold=False, color=array([-0.17647059, -0.17647059, -0.17647059]), colorSpace='rgb', contrast=1.0, depth=0, flipHoriz=False, flipVert=False, font='', fontFiles=[], height=25, italic=False, languageStyle='LTR', name='unnamed TextStim', opacity=1.0, ori=0.0, pos=array([0., 0.]), rgb=UNKNOWN, text='', units='pix', win=Window(...), wrapWidth=500)
14.0565 	EXP 	Created unnamed ImageStim = ImageStim(__class__=<class 'psychopy.visual.image.ImageStim'>, anchor=('center', 'center'), autoLog=True, color=array([1., 1., 1.]), colorSpace='rgb', contrast=1.0, depth=0, flipHoriz=False, flipVert=False, image='mask4.png', interpolate=False, mask=None, maskParams=None, name='unnamed ImageStim', opacity=1.0, ori=0.0, pos=array([0., 0.]), size=array([25., 25.]), texRes=128, units='pix', win=Window(...))
14.0654 	EXP 	Created unnamed TextStim = TextStim(__class__=<class 'psychopy.visual.text.TextStim'>, alignHoriz=method-wrapper(...), alignText='center', alignVert=method-wrapper(...), anchorHoriz='center', anchorVert='center', antialias=True, autoDraw=False, autoLog=True, bold=False, color=array([-1, -1, -1]), colorSpace='rgb', contrast=1.0, depth=0, flipHoriz=False, flipVert=False, font='', fontFiles=[], height=30.0, italic=False, languageStyle='LTR', name='unnamed TextStim', opacity=1.0, ori=0.0, pos=array([ 100., -300.]), rgb=UNKNOWN, text=str(...), units='pix', win=Window(...), wrapWidth=10000)
14.0773 	EXP 	Created unnamed TextStim = TextStim(__class__=<class 'psychopy.visual.text.TextStim'>, alignHoriz=method-wrapper(...), alignText='center', alignVert=method-wrapper(...), anchorHoriz='center', anchorVert='center', antialias=True, autoDraw=False, autoLog=True, bold=False, color=array([-1, -1, -1]), colorSpace='rgb', contrast=1.0, depth=0, flipHoriz=False, flipVert=False, font='', fontFiles=[], height=30.0, italic=False, languageStyle='LTR', name='unnamed TextStim', opacity=1.0, ori=0.0, pos=array([ 100., -330.]), rgb=UNKNOWN, text=str(...), units='pix', win=Window(...), wrapWidth=10000)
14.1105 	EXP 	Created unnamed TextStim = TextStim(__class__=<class 'psychopy.visual.text.TextStim'>, alignHoriz=method-wrapper(...), alignText='center', alignVert=method-wrapper(...), anchorHoriz='center', anchorVert='center', antialias=True, autoDraw=False, autoLog=True, bold=False, color=array([-1, -1, -1]), colorSpace='rgb', contrast=1.0, depth=0, flipHoriz=False, flipVert=False, font='', fontFiles=[], height=28.0, italic=False, languageStyle='LTR', name='unnamed TextStim', opacity=1.0, ori=0.0, pos=array([0., 0.]), rgb=UNKNOWN, text=str(...), units='pix', win=Window(...), wrapWidth=1536)
33.8759 	DATA 	Keypress: space
33.8812 	EXP 	unnamed TextStim: height = 25.0
33.8812 	EXP 	unnamed TextStim: height = 25.0
33.8812 	EXP 	unnamed TextStim: height = 25.0
33.8812 	EXP 	unnamed TextStim: text = '↑'
35.6938 	EXP 	Created unnamed TextStim = TextStim(__class__=<class 'psychopy.visual.text.TextStim'>, alignHoriz=method-wrapper(...), alignText='center', alignVert=method-wrapper(...), anchorHoriz='center', anchorVert='center', antialias=True, autoDraw=False, autoLog=True, bold=False, color=array([-1, -1, -1]), colorSpace='rgb', contrast=1.0, depth=0, flipHoriz=False, flipVert=False, font='', fontFiles=[], height=50.0, italic=False, languageStyle='LTR', name='unnamed TextStim', opacity=1.0, ori=0.0, pos=array([0., 0.]), rgb=UNKNOWN, text='Brak reakcji', units='pix', win=Window(...), wrapWidth=500)
37.2313 	EXP 	unnamed TextStim: text = '↑'
39.0356 	EXP 	Created unnamed TextStim = TextStim(__class__=<class 'psychopy.visual.text.TextStim'>, alignHoriz=method-wrapper(...), alignText='center', alignVert=method-wrapper(...), anchorHoriz='center', anchorVert='center', antialias=True, autoDraw=False, autoLog=True, bold=False, color=array([-1, -1, -1]), colorSpace='rgb', contrast=1.0, depth=0, flipHoriz=False, flipVert=False, font='', fontFiles=[], height=50.0, italic=False, languageStyle='LTR', name='unnamed TextStim', opacity=1.0, ori=0.0, pos=array([0., 0.]), rgb=UNKNOWN, text='Brak reakcji', units='pix', win=Window(...), wrapWidth=500)
40.6532 	EXP 	unnamed TextStim: height = 25.0
40.6532 	EXP 	unnamed TextStim: height = 25.0
40.6532 	EXP 	unnamed TextStim: height = 25.0
40.6532 	EXP 	unnamed TextStim: text = '←'
41.7973 	DATA 	Keypress: right
41.8054 	EXP 	Created unnamed TextStim = TextStim(__class__=<class 'psychopy.visual.text.TextStim'>, alignHoriz=method-wrapper(...), alignText='center', alignVert=method-wrapper(...), anchorHoriz='center', anchorVert='center', antialias=True, autoDraw=False, autoLog=True, bold=False, color=array([-1, -1, -1]), colorSpace='rgb', contrast=1.0, depth=0, flipHoriz=False, flipVert=False, font='', fontFiles=[], height=50.0, italic=False, languageStyle='LTR', name='unnamed TextStim', opacity=1.0, ori=0.0, pos=array([0., 0.]), rgb=UNKNOWN, text='Niepoprawnie', units='pix', win=Window(...), wrapWidth=500)
43.4711 	EXP 	unnamed TextStim: text = '←'
44.7308 	DATA 	Keypress: left
44.7366 	EXP 	Created unnamed TextStim = TextStim(__class__=<class 'psychopy.visual.text.TextStim'>, alignHoriz=method-wrapper(...), alignText='center', alignVert=method-wrapper(...), anchorHoriz='center', anchorVert='center', antialias=True, autoDraw=False, autoLog=True, bold=False, color=array([-1, -1, -1]), colorSpace='rgb', contrast=1.0, depth=0, flipHoriz=False, flipVert=False, font='', fontFiles=[], height=50.0, italic=False, languageStyle='LTR', name='unnamed TextStim', opacity=1.0, ori=0.0, pos=array([0., 0.]), rgb=UNKNOWN, text='Poprawnie', units='pix', win=Window(...), wrapWidth=500)
46.2729 	EXP 	unnamed TextStim: height = 25.0
46.2729 	EXP 	unnamed TextStim: height = 25.0
46.2729 	EXP 	unnamed TextStim: height = 25.0
46.2729 	EXP 	unnamed TextStim: text = '→'
47.5474 	DATA 	Keypress: left
47.5524 	EXP 	Created unnamed TextStim = TextStim(__class__=<class 'psychopy.visual.text.TextStim'>, alignHoriz=method-wrapper(...), alignText='center', alignVert=method-wrapper(...), anchorHoriz='center', anchorVert='center', antialias=True, autoDraw=False, autoLog=True, bold=False, color=array([-1, -1, -1]), colorSpace='rgb', contrast=1.0, depth=0, flipHoriz=False, flipVert=False, font='', fontFiles=[], height=50.0, italic=False, languageStyle='LTR', name='unnamed TextStim', opacity=1.0, ori=0.0, pos=array([0., 0.]), rgb=UNKNOWN, text='Niepoprawnie', units='pix', win=Window(...), wrapWidth=500)
49.2536 	EXP 	unnamed TextStim: height = 25.0
49.2536 	EXP 	unnamed TextStim: height = 25.0
49.2536 	EXP 	unnamed TextStim: height = 25.0
49.2536 	EXP 	unnamed TextStim: text = '↑'
50.7144 	DATA 	Keypress: up
50.7195 	EXP 	Created unnamed TextStim = TextStim(__class__=<class 'psychopy.visual.text.TextStim'>, alignHoriz=method-wrapper(...), alignText='center', alignVert=method-wrapper(...), anchorHoriz='center', anchorVert='center', antialias=True, autoDraw=False, autoLog=True, bold=False, color=array([-1, -1, -1]), colorSpace='rgb', contrast=1.0, depth=0, flipHoriz=False, flipVert=False, font='', fontFiles=[], height=50.0, italic=False, languageStyle='LTR', name='unnamed TextStim', opacity=1.0, ori=0.0, pos=array([0., 0.]), rgb=UNKNOWN, text='Poprawnie', units='pix', win=Window(...), wrapWidth=500)
52.3481 	EXP 	unnamed TextStim: text = '↑'
53.5478 	DATA 	Keypress: up
53.5525 	EXP 	Created unnamed TextStim = TextStim(__class__=<class 'psychopy.visual.text.TextStim'>, alignHoriz=method-wrapper(...), alignText='center', alignVert=method-wrapper(...), anchorHoriz='center', anchorVert='center', antialias=True, autoDraw=False, autoLog=True, bold=False, color=array([-1, -1, -1]), colorSpace='rgb', contrast=1.0, depth=0, flipHoriz=False, flipVert=False, font='', fontFiles=[], height=50.0, italic=False, languageStyle='LTR', name='unnamed TextStim', opacity=1.0, ori=0.0, pos=array([0., 0.]), rgb=UNKNOWN, text='Poprawnie', units='pix', win=Window(...), wrapWidth=500)
55.0265 	EXP 	unnamed TextStim: height = 25.0
55.0265 	EXP 	unnamed TextStim: height = 25.0
55.0265 	EXP 	unnamed TextStim: height = 25.0
55.0265 	EXP 	unnamed TextStim: text = '↓'
56.5312 	DATA 	Keypress: down
56.5358 	EXP 	Created unnamed TextStim = TextStim(__class__=<class 'psychopy.visual.text.TextStim'>, alignHoriz=method-wrapper(...), alignText='center', alignVert=method-wrapper(...), anchorHoriz='center', anchorVert='center', antialias=True, autoDraw=False, autoLog=True, bold=False, color=array([-1, -1, -1]), colorSpace='rgb', contrast=1.0, depth=0, flipHoriz=False, flipVert=False, font='', fontFiles=[], height=50.0, italic=False, languageStyle='LTR', name='unnamed TextStim', opacity=1.0, ori=0.0, pos=array([0., 0.]), rgb=UNKNOWN, text='Poprawnie', units='pix', win=Window(...), wrapWidth=500)
58.2133 	EXP 	Created unnamed TextStim = TextStim(__class__=<class 'psychopy.visual.text.TextStim'>, alignHoriz=method-wrapper(...), alignText='center', alignVert=method-wrapper(...), anchorHoriz='center', anchorVert='center', antialias=True, autoDraw=False, autoLog=True, bold=False, color=array([-1, -1, -1]), colorSpace='rgb', contrast=1.0, depth=0, flipHoriz=False, flipVert=False, font='', fontFiles=[], height=28.0, italic=False, languageStyle='LTR', name='unnamed TextStim', opacity=1.0, ori=0.0, pos=array([0., 0.]), rgb=UNKNOWN, text=str(...), units='pix', win=Window(...), wrapWidth=1536)
61.2619 	DATA 	Keypress: space
61.2638 	EXP 	unnamed TextStim: text = '↓'
63.0148 	DATA 	Keypress: down
63.0304 	EXP 	unnamed TextStim: height = 25.0
63.0304 	EXP 	unnamed TextStim: height = 25.0
63.0304 	EXP 	unnamed TextStim: height = 25.0
63.0304 	EXP 	unnamed TextStim: text = '←'
64.4150 	DATA 	Keypress: left
64.4310 	EXP 	unnamed TextStim: height = 25.0
64.4310 	EXP 	unnamed TextStim: height = 25.0
64.4310 	EXP 	unnamed TextStim: height = 25.0
64.4310 	EXP 	unnamed TextStim: text = '↑'
66.2150 	DATA 	Keypress: up
66.2311 	EXP 	unnamed TextStim: height = 25.0
66.2311 	EXP 	unnamed TextStim: height = 25.0
66.2311 	EXP 	unnamed TextStim: height = 25.0
66.2311 	EXP 	unnamed TextStim: text = '→'
68.0332 	DATA 	Keypress: right
68.0645 	EXP 	unnamed TextStim: height = 25.0
68.0645 	EXP 	unnamed TextStim: height = 25.0
68.0645 	EXP 	unnamed TextStim: height = 25.0
68.0645 	EXP 	unnamed TextStim: text = '←'
69.5818 	DATA 	Keypress: left
69.5979 	EXP 	unnamed TextStim: height = 25.0
69.5979 	EXP 	unnamed TextStim: height = 25.0
69.5979 	EXP 	unnamed TextStim: height = 25.0
69.5979 	EXP 	unnamed TextStim: text = '↑'
71.2151 	DATA 	Keypress: up
71.2312 	EXP 	unnamed TextStim: text = '↑'
72.6835 	DATA 	Keypress: up
72.7147 	EXP 	unnamed TextStim: height = 25.0
72.7147 	EXP 	unnamed TextStim: height = 25.0
72.7147 	EXP 	unnamed TextStim: height = 25.0
72.7147 	EXP 	unnamed TextStim: text = '↓'
74.2985 	DATA 	Keypress: down
74.3148 	EXP 	unnamed TextStim: text = '↓'
75.6650 	DATA 	Keypress: down
75.6815 	EXP 	unnamed TextStim: height = 25.0
75.6815 	EXP 	unnamed TextStim: height = 25.0
75.6815 	EXP 	unnamed TextStim: height = 25.0
75.6815 	EXP 	unnamed TextStim: text = '↑'
77.1487 	DATA 	Keypress: up
77.1649 	EXP 	unnamed TextStim: height = 25.0
77.1649 	EXP 	unnamed TextStim: height = 25.0
77.1649 	EXP 	unnamed TextStim: height = 25.0
77.1649 	EXP 	unnamed TextStim: text = '→'
77.2326 	DATA 	Keypress: right
78.9486 	DATA 	Keypress: right
78.9650 	EXP 	unnamed TextStim: height = 25.0
78.9650 	EXP 	unnamed TextStim: height = 25.0
78.9650 	EXP 	unnamed TextStim: height = 25.0
78.9650 	EXP 	unnamed TextStim: text = '↑'
80.8322 	DATA 	Keypress: up
80.8483 	EXP 	unnamed TextStim: text = '↑'
82.4653 	DATA 	Keypress: up
82.4816 	EXP 	unnamed TextStim: height = 25.0
82.4816 	EXP 	unnamed TextStim: height = 25.0
82.4816 	EXP 	unnamed TextStim: height = 25.0
82.4816 	EXP 	unnamed TextStim: text = '←'
84.0323 	DATA 	Keypress: left
84.0485 	EXP 	unnamed TextStim: height = 25.0
84.0485 	EXP 	unnamed TextStim: height = 25.0
84.0485 	EXP 	unnamed TextStim: height = 25.0
84.0485 	EXP 	unnamed TextStim: text = '↓'
85.6158 	DATA 	Keypress: down
85.6319 	EXP 	unnamed TextStim: text = '↓'
87.0323 	DATA 	Keypress: down
87.0486 	EXP 	unnamed TextStim: height = 25.0
87.0486 	EXP 	unnamed TextStim: height = 25.0
87.0486 	EXP 	unnamed TextStim: height = 25.0
87.0486 	EXP 	unnamed TextStim: text = '→'
88.8158 	DATA 	Keypress: left
88.8319 	EXP 	unnamed TextStim: height = 25.0
88.8319 	EXP 	unnamed TextStim: height = 25.0
88.8319 	EXP 	unnamed TextStim: height = 25.0
88.8319 	EXP 	unnamed TextStim: text = '↑'
89.0664 	DATA 	Keypress: right
90.2158 	DATA 	Keypress: up
90.2321 	EXP 	unnamed TextStim: height = 25.0
90.2321 	EXP 	unnamed TextStim: height = 25.0
90.2321 	EXP 	unnamed TextStim: height = 25.0
90.2321 	EXP 	unnamed TextStim: text = '←'
92.0161 	DATA 	Keypress: left
92.1907 	EXP 	Created unnamed ImageStim = ImageStim(__class__=<class 'psychopy.visual.image.ImageStim'>, anchor=('center', 'center'), autoLog=True, color=array([1., 1., 1.]), colorSpace='rgb', contrast=1.0, depth=0, flipHoriz=False, flipVert=False, image='break.jpg', interpolate=True, mask=None, maskParams=None, name='unnamed ImageStim', opacity=1.0, ori=0.0, pos=array([0., 0.]), size=array([1536.,  864.]), texRes=128, units='pix', win=Window(...))
92.9839 	DATA 	Keypress: space
92.9987 	EXP 	unnamed TextStim: height = 25.0
92.9987 	EXP 	unnamed TextStim: height = 25.0
92.9987 	EXP 	unnamed TextStim: height = 25.0
92.9987 	EXP 	unnamed TextStim: text = '→'
94.4993 	DATA 	Keypress: right
94.5154 	EXP 	unnamed TextStim: height = 25.0
94.5154 	EXP 	unnamed TextStim: height = 25.0
94.5154 	EXP 	unnamed TextStim: height = 25.0
94.5154 	EXP 	unnamed TextStim: text = '↑'
96.0825 	DATA 	Keypress: right
96.0988 	EXP 	unnamed TextStim: height = 25.0
96.0988 	EXP 	unnamed TextStim: height = 25.0
96.0988 	EXP 	unnamed TextStim: height = 25.0
96.0988 	EXP 	unnamed TextStim: text = '↓'
97.8826 	DATA 	Keypress: up
97.8991 	EXP 	unnamed TextStim: height = 25.0
97.8991 	EXP 	unnamed TextStim: height = 25.0
97.8991 	EXP 	unnamed TextStim: height = 25.0
97.8991 	EXP 	unnamed TextStim: text = '↑'
97.9167 	DATA 	Keypress: down
99.4160 	DATA 	Keypress: up
99.4324 	EXP 	unnamed TextStim: height = 25.0
99.4324 	EXP 	unnamed TextStim: height = 25.0
99.4324 	EXP 	unnamed TextStim: height = 25.0
99.4324 	EXP 	unnamed TextStim: text = '→'
100.8830 	DATA 	Keypress: right
100.8990 	EXP 	unnamed TextStim: height = 25.0
100.8990 	EXP 	unnamed TextStim: height = 25.0
100.8990 	EXP 	unnamed TextStim: height = 25.0
100.8990 	EXP 	unnamed TextStim: text = '←'
102.5661 	DATA 	Keypress: left
102.5826 	EXP 	unnamed TextStim: height = 25.0
102.5826 	EXP 	unnamed TextStim: height = 25.0
102.5826 	EXP 	unnamed TextStim: height = 25.0
102.5826 	EXP 	unnamed TextStim: text = '↓'
103.9662 	DATA 	Keypress: down
103.9827 	EXP 	unnamed TextStim: height = 25.0
103.9827 	EXP 	unnamed TextStim: height = 25.0
103.9827 	EXP 	unnamed TextStim: height = 25.0
103.9827 	EXP 	unnamed TextStim: text = '↑'
105.6163 	DATA 	Keypress: up
105.6326 	EXP 	unnamed TextStim: height = 25.0
105.6326 	EXP 	unnamed TextStim: height = 25.0
105.6326 	EXP 	unnamed TextStim: height = 25.0
105.6326 	EXP 	unnamed TextStim: text = '←'
106.9665 	DATA 	Keypress: left
106.9827 	EXP 	unnamed TextStim: text = '←'
108.4333 	DATA 	Keypress: left
108.4495 	EXP 	unnamed TextStim: height = 25.0
108.4495 	EXP 	unnamed TextStim: height = 25.0
108.4495 	EXP 	unnamed TextStim: height = 25.0
108.4495 	EXP 	unnamed TextStim: text = '↑'
109.7684 	DATA 	Keypress: up
109.7991 	EXP 	unnamed TextStim: height = 25.0
109.7991 	EXP 	unnamed TextStim: height = 25.0
109.7991 	EXP 	unnamed TextStim: height = 25.0
109.7991 	EXP 	unnamed TextStim: text = '→'
111.3999 	DATA 	Keypress: right
111.4160 	EXP 	unnamed TextStim: height = 25.0
111.4160 	EXP 	unnamed TextStim: height = 25.0
111.4160 	EXP 	unnamed TextStim: height = 25.0
111.4160 	EXP 	unnamed TextStim: text = '↑'
113.1998 	DATA 	Keypress: up
113.2161 	EXP 	unnamed TextStim: height = 25.0
113.2161 	EXP 	unnamed TextStim: height = 25.0
113.2161 	EXP 	unnamed TextStim: height = 25.0
113.2161 	EXP 	unnamed TextStim: text = '→'
114.7834 	DATA 	Keypress: right
114.7997 	EXP 	unnamed TextStim: text = '→'
116.6672 	DATA 	Keypress: right
116.6827 	EXP 	unnamed TextStim: height = 25.0
116.6827 	EXP 	unnamed TextStim: height = 25.0
116.6827 	EXP 	unnamed TextStim: height = 25.0
116.6827 	EXP 	unnamed TextStim: text = '↑'
118.1002 	DATA 	Keypress: up
118.1163 	EXP 	unnamed TextStim: height = 25.0
118.1163 	EXP 	unnamed TextStim: height = 25.0
118.1163 	EXP 	unnamed TextStim: height = 25.0
118.1163 	EXP 	unnamed TextStim: text = '←'
119.5342 	DATA 	Keypress: left
119.5497 	EXP 	unnamed TextStim: text = '←'
120.9340 	DATA 	Keypress: left
120.9497 	EXP 	unnamed TextStim: text = '←'
122.4170 	DATA 	Keypress: left
122.5729 	EXP 	Created unnamed ImageStim = ImageStim(__class__=<class 'psychopy.visual.image.ImageStim'>, anchor=('center', 'center'), autoLog=True, color=array([1., 1., 1.]), colorSpace='rgb', contrast=1.0, depth=0, flipHoriz=False, flipVert=False, image='break.jpg', interpolate=True, mask=None, maskParams=None, name='unnamed ImageStim', opacity=1.0, ori=0.0, pos=array([0., 0.]), size=array([1536.,  864.]), texRes=128, units='pix', win=Window(...))
123.1668 	DATA 	Keypress: space
123.1831 	EXP 	unnamed TextStim: text = '←'
124.5839 	DATA 	Keypress: left
124.5998 	EXP 	unnamed TextStim: text = '←'
126.2337 	DATA 	Keypress: left
126.2500 	EXP 	unnamed TextStim: height = 25.0
126.2500 	EXP 	unnamed TextStim: height = 25.0
126.2500 	EXP 	unnamed TextStim: height = 25.0
126.2500 	EXP 	unnamed TextStim: text = '→'
128.0171 	DATA 	Keypress: right
128.0334 	EXP 	unnamed TextStim: text = '→'
129.6188 	DATA 	Keypress: right
129.6502 	EXP 	unnamed TextStim: height = 25.0
129.6502 	EXP 	unnamed TextStim: height = 25.0
129.6502 	EXP 	unnamed TextStim: height = 25.0
129.6502 	EXP 	unnamed TextStim: text = '↓'
131.3505 	DATA 	Keypress: down
131.3667 	EXP 	unnamed TextStim: height = 25.0
131.3667 	EXP 	unnamed TextStim: height = 25.0
131.3667 	EXP 	unnamed TextStim: height = 25.0
131.3667 	EXP 	unnamed TextStim: text = '→'
133.0671 	DATA 	Keypress: right
133.0836 	EXP 	unnamed TextStim: height = 25.0
133.0836 	EXP 	unnamed TextStim: height = 25.0
133.0836 	EXP 	unnamed TextStim: height = 25.0
133.0836 	EXP 	unnamed TextStim: text = '←'
134.5009 	DATA 	Keypress: left
134.5170 	EXP 	unnamed TextStim: height = 25.0
134.5170 	EXP 	unnamed TextStim: height = 25.0
134.5170 	EXP 	unnamed TextStim: height = 25.0
134.5170 	EXP 	unnamed TextStim: text = '↓'
135.8188 	DATA 	Keypress: down
135.8501 	EXP 	unnamed TextStim: height = 25.0
135.8501 	EXP 	unnamed TextStim: height = 25.0
135.8501 	EXP 	unnamed TextStim: height = 25.0
135.8501 	EXP 	unnamed TextStim: text = '↑'
137.5843 	DATA 	Keypress: up
137.6004 	EXP 	unnamed TextStim: height = 25.0
137.6004 	EXP 	unnamed TextStim: height = 25.0
137.6004 	EXP 	unnamed TextStim: height = 25.0
137.6004 	EXP 	unnamed TextStim: text = '←'
139.0841 	DATA 	Keypress: left
139.1003 	EXP 	unnamed TextStim: height = 25.0
139.1003 	EXP 	unnamed TextStim: height = 25.0
139.1003 	EXP 	unnamed TextStim: height = 25.0
139.1003 	EXP 	unnamed TextStim: text = '↑'
140.5673 	DATA 	Keypress: up
140.5839 	EXP 	unnamed TextStim: height = 25.0
140.5839 	EXP 	unnamed TextStim: height = 25.0
140.5839 	EXP 	unnamed TextStim: height = 25.0
140.5839 	EXP 	unnamed TextStim: text = '←'
142.1181 	DATA 	Keypress: left
142.1340 	EXP 	unnamed TextStim: height = 25.0
142.1340 	EXP 	unnamed TextStim: height = 25.0
142.1340 	EXP 	unnamed TextStim: height = 25.0
142.1340 	EXP 	unnamed TextStim: text = '↓'
144.0840 	EXP 	unnamed TextStim: height = 25.0
144.0840 	EXP 	unnamed TextStim: height = 25.0
144.0840 	EXP 	unnamed TextStim: height = 25.0
144.0840 	EXP 	unnamed TextStim: text = '↑'
144.1023 	DATA 	Keypress: down
145.9347 	DATA 	Keypress: up
145.9506 	EXP 	unnamed TextStim: text = '↑'
147.5512 	DATA 	Keypress: up
147.5674 	EXP 	unnamed TextStim: height = 25.0
147.5674 	EXP 	unnamed TextStim: height = 25.0
147.5674 	EXP 	unnamed TextStim: height = 25.0
147.5674 	EXP 	unnamed TextStim: text = '→'
148.8678 	DATA 	Keypress: right
148.8841 	EXP 	unnamed TextStim: height = 25.0
148.8841 	EXP 	unnamed TextStim: height = 25.0
148.8841 	EXP 	unnamed TextStim: height = 25.0
148.8841 	EXP 	unnamed TextStim: text = '↑'
150.2013 	DATA 	Keypress: up
150.2175 	EXP 	unnamed TextStim: text = '↑'
152.0013 	DATA 	Keypress: up
152.0176 	EXP 	unnamed TextStim: height = 25.0
152.0176 	EXP 	unnamed TextStim: height = 25.0
152.0176 	EXP 	unnamed TextStim: height = 25.0
152.0176 	EXP 	unnamed TextStim: text = '↓'
153.8349 	DATA 	Keypress: down
154.0104 	EXP 	Created unnamed ImageStim = ImageStim(__class__=<class 'psychopy.visual.image.ImageStim'>, anchor=('center', 'center'), autoLog=True, color=array([1., 1., 1.]), colorSpace='rgb', contrast=1.0, depth=0, flipHoriz=False, flipVert=False, image='break.jpg', interpolate=True, mask=None, maskParams=None, name='unnamed ImageStim', opacity=1.0, ori=0.0, pos=array([0., 0.]), size=array([1536.,  864.]), texRes=128, units='pix', win=Window(...))
154.7093 	DATA 	Keypress: space
154.7173 	EXP 	unnamed TextStim: height = 25.0
154.7173 	EXP 	unnamed TextStim: height = 25.0
154.7173 	EXP 	unnamed TextStim: height = 25.0
154.7173 	EXP 	unnamed TextStim: text = '↑'
156.3015 	DATA 	Keypress: up
156.3176 	EXP 	unnamed TextStim: height = 25.0
156.3176 	EXP 	unnamed TextStim: height = 25.0
156.3176 	EXP 	unnamed TextStim: height = 25.0
156.3176 	EXP 	unnamed TextStim: text = '←'
157.8350 	DATA 	Keypress: left
157.8510 	EXP 	unnamed TextStim: height = 25.0
157.8510 	EXP 	unnamed TextStim: height = 25.0
157.8510 	EXP 	unnamed TextStim: height = 25.0
157.8510 	EXP 	unnamed TextStim: text = '↓'
159.2015 	DATA 	Keypress: down
159.2178 	EXP 	unnamed TextStim: height = 25.0
159.2178 	EXP 	unnamed TextStim: height = 25.0
159.2178 	EXP 	unnamed TextStim: height = 25.0
159.2178 	EXP 	unnamed TextStim: text = '↑'
160.7348 	DATA 	Keypress: up
160.7512 	EXP 	unnamed TextStim: height = 25.0
160.7512 	EXP 	unnamed TextStim: height = 25.0
160.7512 	EXP 	unnamed TextStim: height = 25.0
160.7512 	EXP 	unnamed TextStim: text = '←'
162.0183 	DATA 	Keypress: left
162.0346 	EXP 	unnamed TextStim: height = 25.0
162.0346 	EXP 	unnamed TextStim: height = 25.0
162.0346 	EXP 	unnamed TextStim: height = 25.0
162.0346 	EXP 	unnamed TextStim: text = '↓'
163.6850 	DATA 	Keypress: down
163.7013 	EXP 	unnamed TextStim: text = '↓'
165.4686 	DATA 	Keypress: down
165.4847 	EXP 	unnamed TextStim: height = 25.0
165.4847 	EXP 	unnamed TextStim: height = 25.0
165.4847 	EXP 	unnamed TextStim: height = 25.0
165.4847 	EXP 	unnamed TextStim: text = '↑'
167.3889 	DATA 	Keypress: up
167.4015 	EXP 	unnamed TextStim: height = 25.0
167.4015 	EXP 	unnamed TextStim: height = 25.0
167.4015 	EXP 	unnamed TextStim: height = 25.0
167.4015 	EXP 	unnamed TextStim: text = '←'
168.8686 	DATA 	Keypress: left
168.8848 	EXP 	unnamed TextStim: height = 25.0
168.8848 	EXP 	unnamed TextStim: height = 25.0
168.8848 	EXP 	unnamed TextStim: height = 25.0
168.8848 	EXP 	unnamed TextStim: text = '↓'
170.4521 	DATA 	Keypress: down
170.4683 	EXP 	unnamed TextStim: height = 25.0
170.4683 	EXP 	unnamed TextStim: height = 25.0
170.4683 	EXP 	unnamed TextStim: height = 25.0
170.4683 	EXP 	unnamed TextStim: text = '↑'
172.1683 	EXP 	unnamed TextStim: text = '↑'
172.1695 	DATA 	Keypress: up
173.8522 	DATA 	Keypress: up
173.8683 	EXP 	unnamed TextStim: height = 25.0
173.8683 	EXP 	unnamed TextStim: height = 25.0
173.8683 	EXP 	unnamed TextStim: height = 25.0
173.8683 	EXP 	unnamed TextStim: text = '→'
175.3690 	DATA 	Keypress: right
175.3851 	EXP 	unnamed TextStim: height = 25.0
175.3851 	EXP 	unnamed TextStim: height = 25.0
175.3851 	EXP 	unnamed TextStim: height = 25.0
175.3851 	EXP 	unnamed TextStim: text = '↓'
176.8024 	DATA 	Keypress: down
176.8185 	EXP 	unnamed TextStim: height = 25.0
176.8185 	EXP 	unnamed TextStim: height = 25.0
176.8185 	EXP 	unnamed TextStim: height = 25.0
176.8185 	EXP 	unnamed TextStim: text = '←'
178.4856 	DATA 	Keypress: left
178.5018 	EXP 	unnamed TextStim: height = 25.0
178.5018 	EXP 	unnamed TextStim: height = 25.0
178.5018 	EXP 	unnamed TextStim: height = 25.0
178.5018 	EXP 	unnamed TextStim: text = '↓'
179.8358 	DATA 	Keypress: down
179.8518 	EXP 	unnamed TextStim: height = 25.0
179.8518 	EXP 	unnamed TextStim: height = 25.0
179.8518 	EXP 	unnamed TextStim: height = 25.0
179.8518 	EXP 	unnamed TextStim: text = '→'
181.4193 	DATA 	Keypress: left
181.4353 	EXP 	unnamed TextStim: height = 25.0
181.4353 	EXP 	unnamed TextStim: height = 25.0
181.4353 	EXP 	unnamed TextStim: height = 25.0
181.4353 	EXP 	unnamed TextStim: text = '←'
183.0193 	DATA 	Keypress: left
183.0353 	EXP 	unnamed TextStim: height = 25.0
183.0353 	EXP 	unnamed TextStim: height = 25.0
183.0353 	EXP 	unnamed TextStim: height = 25.0
183.0353 	EXP 	unnamed TextStim: text = '↑'
184.5690 	DATA 	Keypress: up
184.7293 	EXP 	Created unnamed ImageStim = ImageStim(__class__=<class 'psychopy.visual.image.ImageStim'>, anchor=('center', 'center'), autoLog=True, color=array([1., 1., 1.]), colorSpace='rgb', contrast=1.0, depth=0, flipHoriz=False, flipVert=False, image='break.jpg', interpolate=True, mask=None, maskParams=None, name='unnamed ImageStim', opacity=1.0, ori=0.0, pos=array([0., 0.]), size=array([1536.,  864.]), texRes=128, units='pix', win=Window(...))
185.4352 	DATA 	Keypress: space
185.4520 	EXP 	unnamed TextStim: height = 25.0
185.4520 	EXP 	unnamed TextStim: height = 25.0
185.4520 	EXP 	unnamed TextStim: height = 25.0
185.4520 	EXP 	unnamed TextStim: text = '→'
186.8860 	DATA 	Keypress: right
186.9022 	EXP 	unnamed TextStim: text = '→'
188.4355 	EXP 	unnamed TextStim: height = 25.0
188.4355 	EXP 	unnamed TextStim: height = 25.0
188.4355 	EXP 	unnamed TextStim: height = 25.0
188.4355 	EXP 	unnamed TextStim: text = '↑'
188.5202 	DATA 	Keypress: right
190.0366 	DATA 	Keypress: up
190.0521 	EXP 	unnamed TextStim: height = 25.0
190.0521 	EXP 	unnamed TextStim: height = 25.0
190.0521 	EXP 	unnamed TextStim: height = 25.0
190.0521 	EXP 	unnamed TextStim: text = '←'
191.5367 	DATA 	Keypress: left
191.5524 	EXP 	unnamed TextStim: height = 25.0
191.5524 	EXP 	unnamed TextStim: height = 25.0
191.5524 	EXP 	unnamed TextStim: height = 25.0
191.5524 	EXP 	unnamed TextStim: text = '→'
193.3364 	DATA 	Keypress: right
193.3523 	EXP 	unnamed TextStim: height = 25.0
193.3523 	EXP 	unnamed TextStim: height = 25.0
193.3523 	EXP 	unnamed TextStim: height = 25.0
193.3523 	EXP 	unnamed TextStim: text = '↓'
195.0733 	DATA 	Keypress: down
195.0860 	EXP 	unnamed TextStim: height = 25.0
195.0860 	EXP 	unnamed TextStim: height = 25.0
195.0860 	EXP 	unnamed TextStim: height = 25.0
195.0860 	EXP 	unnamed TextStim: text = '→'
196.9027 	EXP 	unnamed TextStim: height = 25.0
196.9027 	EXP 	unnamed TextStim: height = 25.0
196.9027 	EXP 	unnamed TextStim: height = 25.0
196.9027 	EXP 	unnamed TextStim: text = '↓'
196.9203 	DATA 	Keypress: right
198.5862 	EXP 	unnamed TextStim: height = 25.0
198.5862 	EXP 	unnamed TextStim: height = 25.0
198.5862 	EXP 	unnamed TextStim: height = 25.0
198.5862 	EXP 	unnamed TextStim: text = '←'
198.6206 	DATA 	Keypress: down
200.1533 	DATA 	Keypress: left
200.1694 	EXP 	unnamed TextStim: height = 25.0
200.1694 	EXP 	unnamed TextStim: height = 25.0
200.1694 	EXP 	unnamed TextStim: height = 25.0
200.1694 	EXP 	unnamed TextStim: text = '↓'
201.3868 	DATA 	Mouse: Left button down, pos=(888,599)
201.7700 	DATA 	Keypress: down
201.7861 	EXP 	unnamed TextStim: height = 25.0
201.7861 	EXP 	unnamed TextStim: height = 25.0
201.7861 	EXP 	unnamed TextStim: height = 25.0
201.7861 	EXP 	unnamed TextStim: text = '←'
203.3534 	DATA 	Keypress: left
203.3694 	EXP 	unnamed TextStim: text = '←'
204.8203 	DATA 	Keypress: left
204.8363 	EXP 	unnamed TextStim: height = 25.0
204.8363 	EXP 	unnamed TextStim: height = 25.0
204.8363 	EXP 	unnamed TextStim: height = 25.0
204.8363 	EXP 	unnamed TextStim: text = '↓'
206.2868 	DATA 	Keypress: left
206.3031 	EXP 	unnamed TextStim: height = 25.0
206.3031 	EXP 	unnamed TextStim: height = 25.0
206.3031 	EXP 	unnamed TextStim: height = 25.0
206.3031 	EXP 	unnamed TextStim: text = '→'
207.6703 	DATA 	Keypress: right
207.6864 	EXP 	unnamed TextStim: height = 25.0
207.6864 	EXP 	unnamed TextStim: height = 25.0
207.6864 	EXP 	unnamed TextStim: height = 25.0
207.6864 	EXP 	unnamed TextStim: text = '↓'
209.0870 	DATA 	Keypress: down
209.1031 	EXP 	unnamed TextStim: text = '↓'
210.5370 	DATA 	Keypress: down
210.5531 	EXP 	unnamed TextStim: height = 25.0
210.5531 	EXP 	unnamed TextStim: height = 25.0
210.5531 	EXP 	unnamed TextStim: height = 25.0
210.5531 	EXP 	unnamed TextStim: text = '←'
212.0904 	DATA 	Keypress: left
212.1032 	EXP 	unnamed TextStim: height = 25.0
212.1032 	EXP 	unnamed TextStim: height = 25.0
212.1032 	EXP 	unnamed TextStim: height = 25.0
212.1032 	EXP 	unnamed TextStim: text = '↓'
213.5708 	DATA 	Keypress: down
213.5866 	EXP 	unnamed TextStim: height = 25.0
213.5866 	EXP 	unnamed TextStim: height = 25.0
213.5866 	EXP 	unnamed TextStim: height = 25.0
213.5866 	EXP 	unnamed TextStim: text = '→'
215.3307 	EXP 	Created unnamed ImageStim = ImageStim(__class__=<class 'psychopy.visual.image.ImageStim'>, anchor=('center', 'center'), autoLog=True, color=array([1., 1., 1.]), colorSpace='rgb', contrast=1.0, depth=0, flipHoriz=False, flipVert=False, image='break.jpg', interpolate=True, mask=None, maskParams=None, name='unnamed ImageStim', opacity=1.0, ori=0.0, pos=array([0., 0.]), size=array([1536.,  864.]), texRes=128, units='pix', win=Window(...))
215.3312 	DATA 	Keypress: right
216.0517 	DATA 	Keypress: space
216.0544 	EXP 	unnamed TextStim: height = 25.0
216.0544 	EXP 	unnamed TextStim: height = 25.0
216.0544 	EXP 	unnamed TextStim: height = 25.0
216.0544 	EXP 	unnamed TextStim: text = '↑'
216.0870 	DATA 	Mouse:  Left button up, pos=(888,599)
217.5056 	DATA 	Keypress: up
217.5367 	EXP 	unnamed TextStim: height = 25.0
217.5367 	EXP 	unnamed TextStim: height = 25.0
217.5367 	EXP 	unnamed TextStim: height = 25.0
217.5367 	EXP 	unnamed TextStim: text = '↓'
219.1876 	DATA 	Keypress: down
219.2034 	EXP 	unnamed TextStim: text = '↓'
220.5040 	DATA 	Keypress: down
220.5203 	EXP 	unnamed TextStim: text = '↓'
222.2705 	DATA 	Keypress: down
222.2868 	EXP 	unnamed TextStim: height = 25.0
222.2868 	EXP 	unnamed TextStim: height = 25.0
222.2868 	EXP 	unnamed TextStim: height = 25.0
222.2868 	EXP 	unnamed TextStim: text = '→'
223.7039 	DATA 	Keypress: right
223.7204 	EXP 	unnamed TextStim: height = 25.0
223.7204 	EXP 	unnamed TextStim: height = 25.0
223.7204 	EXP 	unnamed TextStim: height = 25.0
223.7204 	EXP 	unnamed TextStim: text = '←'
225.2541 	DATA 	Keypress: right
225.2703 	EXP 	unnamed TextStim: height = 25.0
225.2703 	EXP 	unnamed TextStim: height = 25.0
225.2703 	EXP 	unnamed TextStim: height = 25.0
225.2703 	EXP 	unnamed TextStim: text = '→'
226.9876 	DATA 	Keypress: right
227.0038 	EXP 	unnamed TextStim: height = 25.0
227.0038 	EXP 	unnamed TextStim: height = 25.0
227.0038 	EXP 	unnamed TextStim: height = 25.0
227.0038 	EXP 	unnamed TextStim: text = '←'
228.6708 	DATA 	Keypress: left
228.6872 	EXP 	unnamed TextStim: text = '←'
230.4211 	DATA 	Keypress: left
230.4372 	EXP 	unnamed TextStim: height = 25.0
230.4372 	EXP 	unnamed TextStim: height = 25.0
230.4372 	EXP 	unnamed TextStim: height = 25.0
230.4372 	EXP 	unnamed TextStim: text = '→'
231.7545 	DATA 	Keypress: right
231.7705 	EXP 	unnamed TextStim: height = 25.0
231.7705 	EXP 	unnamed TextStim: height = 25.0
231.7705 	EXP 	unnamed TextStim: height = 25.0
231.7705 	EXP 	unnamed TextStim: text = '↑'
233.6710 	DATA 	Keypress: up
233.6874 	EXP 	unnamed TextStim: text = '↑'
235.1713 	DATA 	Keypress: up
235.1874 	EXP 	unnamed TextStim: height = 25.0
235.1874 	EXP 	unnamed TextStim: height = 25.0
235.1874 	EXP 	unnamed TextStim: height = 25.0
235.1874 	EXP 	unnamed TextStim: text = '↓'
236.9880 	DATA 	Keypress: down
237.0041 	EXP 	unnamed TextStim: height = 25.0
237.0041 	EXP 	unnamed TextStim: height = 25.0
237.0041 	EXP 	unnamed TextStim: height = 25.0
237.0041 	EXP 	unnamed TextStim: text = '←'
238.4881 	DATA 	Keypress: left
238.5043 	EXP 	unnamed TextStim: height = 25.0
238.5043 	EXP 	unnamed TextStim: height = 25.0
238.5043 	EXP 	unnamed TextStim: height = 25.0
238.5043 	EXP 	unnamed TextStim: text = '↓'
240.1548 	DATA 	Keypress: down
240.1709 	EXP 	unnamed TextStim: height = 25.0
240.1709 	EXP 	unnamed TextStim: height = 25.0
240.1709 	EXP 	unnamed TextStim: height = 25.0
240.1709 	EXP 	unnamed TextStim: text = '↑'
241.5048 	DATA 	Keypress: up
241.5210 	EXP 	unnamed TextStim: height = 25.0
241.5210 	EXP 	unnamed TextStim: height = 25.0
241.5210 	EXP 	unnamed TextStim: height = 25.0
241.5210 	EXP 	unnamed TextStim: text = '↓'
243.4882 	DATA 	Keypress: down
243.5043 	EXP 	unnamed TextStim: height = 25.0
243.5043 	EXP 	unnamed TextStim: height = 25.0
243.5043 	EXP 	unnamed TextStim: height = 25.0
243.5043 	EXP 	unnamed TextStim: text = '↑'
245.1716 	DATA 	Keypress: up
245.1878 	EXP 	unnamed TextStim: text = '↑'
247.1217 	DATA 	Keypress: up
247.2831 	EXP 	Created unnamed ImageStim = ImageStim(__class__=<class 'psychopy.visual.image.ImageStim'>, anchor=('center', 'center'), autoLog=True, color=array([1., 1., 1.]), colorSpace='rgb', contrast=1.0, depth=0, flipHoriz=False, flipVert=False, image='break.jpg', interpolate=True, mask=None, maskParams=None, name='unnamed ImageStim', opacity=1.0, ori=0.0, pos=array([0., 0.]), size=array([1536.,  864.]), texRes=128, units='pix', win=Window(...))
248.0715 	DATA 	Keypress: space
248.0879 	EXP 	unnamed TextStim: height = 25.0
248.0879 	EXP 	unnamed TextStim: height = 25.0
248.0879 	EXP 	unnamed TextStim: height = 25.0
248.0879 	EXP 	unnamed TextStim: text = '↓'
249.6384 	DATA 	Keypress: down
249.6546 	EXP 	unnamed TextStim: text = '↓'
251.0886 	DATA 	Keypress: down
251.1047 	EXP 	unnamed TextStim: height = 25.0
251.1047 	EXP 	unnamed TextStim: height = 25.0
251.1047 	EXP 	unnamed TextStim: height = 25.0
251.1047 	EXP 	unnamed TextStim: text = '↑'
252.6719 	DATA 	Keypress: up
252.6880 	EXP 	unnamed TextStim: height = 25.0
252.6880 	EXP 	unnamed TextStim: height = 25.0
252.6880 	EXP 	unnamed TextStim: height = 25.0
252.6880 	EXP 	unnamed TextStim: text = '→'
254.4386 	DATA 	Keypress: right
254.4548 	EXP 	unnamed TextStim: height = 25.0
254.4548 	EXP 	unnamed TextStim: height = 25.0
254.4548 	EXP 	unnamed TextStim: height = 25.0
254.4548 	EXP 	unnamed TextStim: text = '↑'
255.9721 	DATA 	Keypress: up
255.9882 	EXP 	unnamed TextStim: height = 25.0
255.9882 	EXP 	unnamed TextStim: height = 25.0
255.9882 	EXP 	unnamed TextStim: height = 25.0
255.9882 	EXP 	unnamed TextStim: text = '↓'
257.6222 	DATA 	Keypress: down
257.6383 	EXP 	unnamed TextStim: height = 25.0
257.6383 	EXP 	unnamed TextStim: height = 25.0
257.6383 	EXP 	unnamed TextStim: height = 25.0
257.6383 	EXP 	unnamed TextStim: text = '→'
259.2889 	DATA 	Keypress: right
259.3051 	EXP 	unnamed TextStim: height = 25.0
259.3051 	EXP 	unnamed TextStim: height = 25.0
259.3051 	EXP 	unnamed TextStim: height = 25.0
259.3051 	EXP 	unnamed TextStim: text = '↓'
260.8892 	DATA 	Keypress: down
260.9050 	EXP 	unnamed TextStim: height = 25.0
260.9050 	EXP 	unnamed TextStim: height = 25.0
260.9050 	EXP 	unnamed TextStim: height = 25.0
260.9050 	EXP 	unnamed TextStim: text = '←'
262.5724 	DATA 	Keypress: left
262.5885 	EXP 	unnamed TextStim: height = 25.0
262.5885 	EXP 	unnamed TextStim: height = 25.0
262.5885 	EXP 	unnamed TextStim: height = 25.0
262.5885 	EXP 	unnamed TextStim: text = '→'
264.3571 	DATA 	Keypress: right
264.3886 	EXP 	unnamed TextStim: height = 25.0
264.3886 	EXP 	unnamed TextStim: height = 25.0
264.3886 	EXP 	unnamed TextStim: height = 25.0
264.3886 	EXP 	unnamed TextStim: text = '↑'
265.7723 	DATA 	Keypress: up
265.7886 	EXP 	unnamed TextStim: height = 25.0
265.7886 	EXP 	unnamed TextStim: height = 25.0
265.7886 	EXP 	unnamed TextStim: height = 25.0
265.7886 	EXP 	unnamed TextStim: text = '→'
267.3728 	DATA 	Keypress: right
267.3885 	EXP 	unnamed TextStim: height = 25.0
267.3885 	EXP 	unnamed TextStim: height = 25.0
267.3885 	EXP 	unnamed TextStim: height = 25.0
267.3885 	EXP 	unnamed TextStim: text = '↑'
269.1561 	DATA 	Keypress: up
269.1720 	EXP 	unnamed TextStim: height = 25.0
269.1720 	EXP 	unnamed TextStim: height = 25.0
269.1720 	EXP 	unnamed TextStim: height = 25.0
269.1720 	EXP 	unnamed TextStim: text = '↓'
270.7891 	DATA 	Keypress: down
270.8054 	EXP 	unnamed TextStim: text = '↓'
272.4558 	DATA 	Keypress: down
272.4721 	EXP 	unnamed TextStim: height = 25.0
272.4721 	EXP 	unnamed TextStim: height = 25.0
272.4721 	EXP 	unnamed TextStim: height = 25.0
272.4721 	EXP 	unnamed TextStim: text = '←'
274.1893 	DATA 	Keypress: left
274.2055 	EXP 	unnamed TextStim: text = '←'
275.7727 	DATA 	Keypress: left
275.7888 	EXP 	unnamed TextStim: height = 25.0
275.7888 	EXP 	unnamed TextStim: height = 25.0
275.7888 	EXP 	unnamed TextStim: height = 25.0
275.7888 	EXP 	unnamed TextStim: text = '↑'
277.5893 	DATA 	Keypress: up
277.6056 	EXP 	unnamed TextStim: height = 25.0
277.6056 	EXP 	unnamed TextStim: height = 25.0
277.6056 	EXP 	unnamed TextStim: height = 25.0
277.6056 	EXP 	unnamed TextStim: text = '→'
279.0394 	DATA 	Keypress: right
279.2043 	EXP 	Created unnamed ImageStim = ImageStim(__class__=<class 'psychopy.visual.image.ImageStim'>, anchor=('center', 'center'), autoLog=True, color=array([1., 1., 1.]), colorSpace='rgb', contrast=1.0, depth=0, flipHoriz=False, flipVert=False, image='break.jpg', interpolate=True, mask=None, maskParams=None, name='unnamed ImageStim', opacity=1.0, ori=0.0, pos=array([0., 0.]), size=array([1536.,  864.]), texRes=128, units='pix', win=Window(...))
279.7683 	DATA 	Keypress: space
279.7719 	EXP 	unnamed TextStim: height = 25.0
279.7719 	EXP 	unnamed TextStim: height = 25.0
279.7719 	EXP 	unnamed TextStim: height = 25.0
279.7719 	EXP 	unnamed TextStim: text = '←'
281.1396 	DATA 	Keypress: left
281.1556 	EXP 	unnamed TextStim: height = 25.0
281.1556 	EXP 	unnamed TextStim: height = 25.0
281.1556 	EXP 	unnamed TextStim: height = 25.0
281.1556 	EXP 	unnamed TextStim: text = '↑'
282.6397 	DATA 	Keypress: up
282.6559 	EXP 	unnamed TextStim: text = '↑'
284.4231 	DATA 	Keypress: up
284.4392 	EXP 	unnamed TextStim: height = 25.0
284.4392 	EXP 	unnamed TextStim: height = 25.0
284.4392 	EXP 	unnamed TextStim: height = 25.0
284.4392 	EXP 	unnamed TextStim: text = '↓'
286.0398 	DATA 	Keypress: down
286.0560 	EXP 	unnamed TextStim: height = 25.0
286.0560 	EXP 	unnamed TextStim: height = 25.0
286.0560 	EXP 	unnamed TextStim: height = 25.0
286.0560 	EXP 	unnamed TextStim: text = '↑'
287.9069 	DATA 	Keypress: up
287.9227 	EXP 	unnamed TextStim: text = '↑'
289.7229 	EXP 	unnamed TextStim: height = 25.0
289.7229 	EXP 	unnamed TextStim: height = 25.0
289.7229 	EXP 	unnamed TextStim: height = 25.0
289.7229 	EXP 	unnamed TextStim: text = '↓'
291.6232 	DATA 	Keypress: down
291.6234 	DATA 	Keypress: up
291.6393 	EXP 	unnamed TextStim: text = '↓'
293.0395 	DATA 	Keypress: down
293.0559 	EXP 	unnamed TextStim: height = 25.0
293.0559 	EXP 	unnamed TextStim: height = 25.0
293.0559 	EXP 	unnamed TextStim: height = 25.0
293.0559 	EXP 	unnamed TextStim: text = '→'
294.6735 	DATA 	Keypress: right
294.6897 	EXP 	unnamed TextStim: height = 25.0
294.6897 	EXP 	unnamed TextStim: height = 25.0
294.6897 	EXP 	unnamed TextStim: height = 25.0
294.6897 	EXP 	unnamed TextStim: text = '↓'
296.0069 	DATA 	Keypress: down
296.0228 	EXP 	unnamed TextStim: height = 25.0
296.0228 	EXP 	unnamed TextStim: height = 25.0
296.0228 	EXP 	unnamed TextStim: height = 25.0
296.0228 	EXP 	unnamed TextStim: text = '→'
297.4402 	DATA 	Keypress: right
297.4564 	EXP 	unnamed TextStim: text = '→'
299.0569 	DATA 	Keypress: right
299.0731 	EXP 	unnamed TextStim: text = '→'
300.6237 	DATA 	Keypress: right
300.6398 	EXP 	unnamed TextStim: height = 25.0
300.6398 	EXP 	unnamed TextStim: height = 25.0
300.6398 	EXP 	unnamed TextStim: height = 25.0
300.6398 	EXP 	unnamed TextStim: text = '↓'
302.2069 	DATA 	Keypress: down
302.2233 	EXP 	unnamed TextStim: height = 25.0
302.2233 	EXP 	unnamed TextStim: height = 25.0
302.2233 	EXP 	unnamed TextStim: height = 25.0
302.2233 	EXP 	unnamed TextStim: text = '↑'
303.7072 	DATA 	Keypress: up
303.7233 	EXP 	unnamed TextStim: height = 25.0
303.7233 	EXP 	unnamed TextStim: height = 25.0
303.7233 	EXP 	unnamed TextStim: height = 25.0
303.7233 	EXP 	unnamed TextStim: text = '←'
305.1738 	DATA 	Keypress: left
305.1900 	EXP 	unnamed TextStim: height = 25.0
305.1900 	EXP 	unnamed TextStim: height = 25.0
305.1900 	EXP 	unnamed TextStim: height = 25.0
305.1900 	EXP 	unnamed TextStim: text = '↓'
307.0071 	DATA 	Keypress: down
307.0233 	EXP 	unnamed TextStim: height = 25.0
307.0233 	EXP 	unnamed TextStim: height = 25.0
307.0233 	EXP 	unnamed TextStim: height = 25.0
307.0233 	EXP 	unnamed TextStim: text = '↑'
308.4573 	DATA 	Keypress: up
308.4735 	EXP 	unnamed TextStim: height = 25.0
308.4735 	EXP 	unnamed TextStim: height = 25.0
308.4735 	EXP 	unnamed TextStim: height = 25.0
308.4735 	EXP 	unnamed TextStim: text = '↓'
310.0240 	DATA 	Keypress: down
310.1860 	EXP 	Created unnamed ImageStim = ImageStim(__class__=<class 'psychopy.visual.image.ImageStim'>, anchor=('center', 'center'), autoLog=True, color=array([1., 1., 1.]), colorSpace='rgb', contrast=1.0, depth=0, flipHoriz=False, flipVert=False, image='break.jpg', interpolate=True, mask=None, maskParams=None, name='unnamed ImageStim', opacity=1.0, ori=0.0, pos=array([0., 0.]), size=array([1536.,  864.]), texRes=128, units='pix', win=Window(...))
310.7962 	DATA 	Keypress: space
310.8064 	EXP 	unnamed TextStim: height = 25.0
310.8064 	EXP 	unnamed TextStim: height = 25.0
310.8064 	EXP 	unnamed TextStim: height = 25.0
310.8064 	EXP 	unnamed TextStim: text = '↑'
312.6240 	DATA 	Keypress: up
312.6403 	EXP 	unnamed TextStim: height = 25.0
312.6403 	EXP 	unnamed TextStim: height = 25.0
312.6403 	EXP 	unnamed TextStim: height = 25.0
312.6403 	EXP 	unnamed TextStim: text = '↓'
314.1908 	DATA 	Keypress: down
314.2070 	EXP 	unnamed TextStim: height = 25.0
314.2070 	EXP 	unnamed TextStim: height = 25.0
314.2070 	EXP 	unnamed TextStim: height = 25.0
314.2070 	EXP 	unnamed TextStim: text = '↑'
315.6909 	DATA 	Keypress: up
315.7070 	EXP 	unnamed TextStim: height = 25.0
315.7070 	EXP 	unnamed TextStim: height = 25.0
315.7070 	EXP 	unnamed TextStim: height = 25.0
315.7070 	EXP 	unnamed TextStim: text = '↓'
317.4917 	DATA 	Keypress: down
317.5071 	EXP 	unnamed TextStim: text = '↓'
318.9577 	DATA 	Keypress: down
318.9738 	EXP 	unnamed TextStim: height = 25.0
318.9738 	EXP 	unnamed TextStim: height = 25.0
318.9738 	EXP 	unnamed TextStim: height = 25.0
318.9738 	EXP 	unnamed TextStim: text = '↑'
320.5074 	DATA 	Keypress: up
320.5239 	EXP 	unnamed TextStim: height = 25.0
320.5239 	EXP 	unnamed TextStim: height = 25.0
320.5239 	EXP 	unnamed TextStim: height = 25.0
320.5239 	EXP 	unnamed TextStim: text = '←'
322.3593 	DATA 	Keypress: left
322.3904 	EXP 	unnamed TextStim: height = 25.0
322.3904 	EXP 	unnamed TextStim: height = 25.0
322.3904 	EXP 	unnamed TextStim: height = 25.0
322.3904 	EXP 	unnamed TextStim: text = '→'
323.9578 	DATA 	Keypress: right
323.9740 	EXP 	unnamed TextStim: height = 25.0
323.9740 	EXP 	unnamed TextStim: height = 25.0
323.9740 	EXP 	unnamed TextStim: height = 25.0
323.9740 	EXP 	unnamed TextStim: text = '↓'
325.6612 	DATA 	Keypress: down
325.6740 	EXP 	unnamed TextStim: height = 25.0
325.6740 	EXP 	unnamed TextStim: height = 25.0
325.6740 	EXP 	unnamed TextStim: height = 25.0
325.6740 	EXP 	unnamed TextStim: text = '←'
327.2578 	DATA 	Keypress: left
327.2742 	EXP 	unnamed TextStim: text = '←'
328.7765 	DATA 	Keypress: left
328.8075 	EXP 	unnamed TextStim: text = '←'
328.8420 	DATA 	Keypress: left
330.5082 	DATA 	Keypress: left
330.5243 	EXP 	unnamed TextStim: height = 25.0
330.5243 	EXP 	unnamed TextStim: height = 25.0
330.5243 	EXP 	unnamed TextStim: height = 25.0
330.5243 	EXP 	unnamed TextStim: text = '↓'
332.0082 	DATA 	Keypress: down
332.0244 	EXP 	unnamed TextStim: text = '↓'
333.5267 	DATA 	Keypress: down
333.5576 	EXP 	unnamed TextStim: height = 25.0
333.5576 	EXP 	unnamed TextStim: height = 25.0
333.5576 	EXP 	unnamed TextStim: height = 25.0
333.5576 	EXP 	unnamed TextStim: text = '↑'
335.2249 	DATA 	Keypress: down
335.2411 	EXP 	unnamed TextStim: height = 25.0
335.2411 	EXP 	unnamed TextStim: height = 25.0
335.2411 	EXP 	unnamed TextStim: height = 25.0
335.2411 	EXP 	unnamed TextStim: text = '→'
337.1078 	EXP 	unnamed TextStim: height = 25.0
337.1078 	EXP 	unnamed TextStim: height = 25.0
337.1078 	EXP 	unnamed TextStim: height = 25.0
337.1078 	EXP 	unnamed TextStim: text = '←'
337.1589 	DATA 	Keypress: right
338.6250 	DATA 	Keypress: left
338.6412 	EXP 	unnamed TextStim: height = 25.0
338.6412 	EXP 	unnamed TextStim: height = 25.0
338.6412 	EXP 	unnamed TextStim: height = 25.0
338.6412 	EXP 	unnamed TextStim: text = '↓'
340.3250 	DATA 	Keypress: down
340.3412 	EXP 	unnamed TextStim: text = '↓'
341.9419 	DATA 	Keypress: down
342.1081 	EXP 	Created unnamed ImageStim = ImageStim(__class__=<class 'psychopy.visual.image.ImageStim'>, anchor=('center', 'center'), autoLog=True, color=array([1., 1., 1.]), colorSpace='rgb', contrast=1.0, depth=0, flipHoriz=False, flipVert=False, image='break.jpg', interpolate=True, mask=None, maskParams=None, name='unnamed ImageStim', opacity=1.0, ori=0.0, pos=array([0., 0.]), size=array([1536.,  864.]), texRes=128, units='pix', win=Window(...))
342.7200 	DATA 	Keypress: space
342.7244 	EXP 	unnamed TextStim: text = '↓'
344.2922 	DATA 	Keypress: down
344.3080 	EXP 	unnamed TextStim: height = 25.0
344.3080 	EXP 	unnamed TextStim: height = 25.0
344.3080 	EXP 	unnamed TextStim: height = 25.0
344.3080 	EXP 	unnamed TextStim: text = '↑'
345.9086 	DATA 	Keypress: up
345.9249 	EXP 	unnamed TextStim: height = 25.0
345.9249 	EXP 	unnamed TextStim: height = 25.0
345.9249 	EXP 	unnamed TextStim: height = 25.0
345.9249 	EXP 	unnamed TextStim: text = '←'
347.4920 	DATA 	Keypress: left
347.5084 	EXP 	unnamed TextStim: height = 25.0
347.5084 	EXP 	unnamed TextStim: height = 25.0
347.5084 	EXP 	unnamed TextStim: height = 25.0
347.5084 	EXP 	unnamed TextStim: text = '↑'
349.1923 	DATA 	Keypress: up
349.2084 	EXP 	unnamed TextStim: height = 25.0
349.2084 	EXP 	unnamed TextStim: height = 25.0
349.2084 	EXP 	unnamed TextStim: height = 25.0
349.2084 	EXP 	unnamed TextStim: text = '↓'
350.9922 	DATA 	Keypress: down
351.0084 	EXP 	unnamed TextStim: height = 25.0
351.0084 	EXP 	unnamed TextStim: height = 25.0
351.0084 	EXP 	unnamed TextStim: height = 25.0
351.0084 	EXP 	unnamed TextStim: text = '←'
352.7438 	DATA 	Keypress: left
352.7750 	EXP 	unnamed TextStim: height = 25.0
352.7750 	EXP 	unnamed TextStim: height = 25.0
352.7750 	EXP 	unnamed TextStim: height = 25.0
352.7750 	EXP 	unnamed TextStim: text = '↓'
354.3257 	DATA 	Keypress: down
354.3418 	EXP 	unnamed TextStim: height = 25.0
354.3418 	EXP 	unnamed TextStim: height = 25.0
354.3418 	EXP 	unnamed TextStim: height = 25.0
354.3418 	EXP 	unnamed TextStim: text = '↑'
355.9925 	DATA 	Keypress: up
356.0085 	EXP 	unnamed TextStim: text = '↑'
357.8258 	DATA 	Keypress: up
357.8420 	EXP 	unnamed TextStim: height = 25.0
357.8420 	EXP 	unnamed TextStim: height = 25.0
357.8420 	EXP 	unnamed TextStim: height = 25.0
357.8420 	EXP 	unnamed TextStim: text = '→'
359.4093 	DATA 	Keypress: left
359.4253 	EXP 	unnamed TextStim: height = 25.0
359.4253 	EXP 	unnamed TextStim: height = 25.0
359.4253 	EXP 	unnamed TextStim: height = 25.0
359.4253 	EXP 	unnamed TextStim: text = '↑'
361.1758 	DATA 	Keypress: up
361.1921 	EXP 	unnamed TextStim: text = '↑'
362.7260 	DATA 	Keypress: up
362.7421 	EXP 	unnamed TextStim: height = 25.0
362.7421 	EXP 	unnamed TextStim: height = 25.0
362.7421 	EXP 	unnamed TextStim: height = 25.0
362.7421 	EXP 	unnamed TextStim: text = '→'
364.5591 	DATA 	Keypress: right
364.5755 	EXP 	unnamed TextStim: height = 25.0
364.5755 	EXP 	unnamed TextStim: height = 25.0
364.5755 	EXP 	unnamed TextStim: height = 25.0
364.5755 	EXP 	unnamed TextStim: text = '↑'
365.9259 	DATA 	Keypress: up
365.9423 	EXP 	unnamed TextStim: text = '↑'
367.4259 	DATA 	Keypress: up
367.4423 	EXP 	unnamed TextStim: height = 25.0
367.4423 	EXP 	unnamed TextStim: height = 25.0
367.4423 	EXP 	unnamed TextStim: height = 25.0
367.4423 	EXP 	unnamed TextStim: text = '←'
369.2931 	DATA 	Keypress: left
369.3090 	EXP 	unnamed TextStim: height = 25.0
369.3090 	EXP 	unnamed TextStim: height = 25.0
369.3090 	EXP 	unnamed TextStim: height = 25.0
369.3090 	EXP 	unnamed TextStim: text = '→'
370.7099 	DATA 	Keypress: right
370.7258 	EXP 	unnamed TextStim: height = 25.0
370.7258 	EXP 	unnamed TextStim: height = 25.0
370.7258 	EXP 	unnamed TextStim: height = 25.0
370.7258 	EXP 	unnamed TextStim: text = '↑'
372.3430 	DATA 	Keypress: up
372.3591 	EXP 	unnamed TextStim: height = 25.0
372.3591 	EXP 	unnamed TextStim: height = 25.0
372.3591 	EXP 	unnamed TextStim: height = 25.0
372.3591 	EXP 	unnamed TextStim: text = '←'
374.2096 	DATA 	Keypress: left
374.3696 	EXP 	Created unnamed ImageStim = ImageStim(__class__=<class 'psychopy.visual.image.ImageStim'>, anchor=('center', 'center'), autoLog=True, color=array([1., 1., 1.]), colorSpace='rgb', contrast=1.0, depth=0, flipHoriz=False, flipVert=False, image='break.jpg', interpolate=True, mask=None, maskParams=None, name='unnamed ImageStim', opacity=1.0, ori=0.0, pos=array([0., 0.]), size=array([1536.,  864.]), texRes=128, units='pix', win=Window(...))
398.6201 	DATA 	Keypress: space
398.6268 	EXP 	unnamed TextStim: height = 25.0
398.6268 	EXP 	unnamed TextStim: height = 25.0
398.6268 	EXP 	unnamed TextStim: height = 25.0
398.6268 	EXP 	unnamed TextStim: text = '↓'
400.3770 	EXP 	unnamed TextStim: height = 25.0
400.3770 	EXP 	unnamed TextStim: height = 25.0
400.3770 	EXP 	unnamed TextStim: height = 25.0
400.3770 	EXP 	unnamed TextStim: text = '←'
400.4948 	DATA 	Keypress: down
402.3437 	EXP 	unnamed TextStim: text = '←'
402.4782 	DATA 	Keypress: left
403.8611 	DATA 	Keypress: left
403.8772 	EXP 	unnamed TextStim: height = 25.0
403.8772 	EXP 	unnamed TextStim: height = 25.0
403.8772 	EXP 	unnamed TextStim: height = 25.0
403.8772 	EXP 	unnamed TextStim: text = '↓'
405.3776 	DATA 	Keypress: down
405.3939 	EXP 	unnamed TextStim: height = 25.0
405.3939 	EXP 	unnamed TextStim: height = 25.0
405.3939 	EXP 	unnamed TextStim: height = 25.0
405.3939 	EXP 	unnamed TextStim: text = '→'
406.7778 	DATA 	Keypress: right
406.7937 	EXP 	unnamed TextStim: height = 25.0
406.7937 	EXP 	unnamed TextStim: height = 25.0
406.7937 	EXP 	unnamed TextStim: height = 25.0
406.7937 	EXP 	unnamed TextStim: text = '↑'
408.0278 	DATA 	Keypress: up
408.0440 	EXP 	unnamed TextStim: height = 25.0
408.0440 	EXP 	unnamed TextStim: height = 25.0
408.0440 	EXP 	unnamed TextStim: height = 25.0
408.0440 	EXP 	unnamed TextStim: text = '→'
409.4113 	DATA 	Keypress: left
409.4273 	EXP 	unnamed TextStim: height = 25.0
409.4273 	EXP 	unnamed TextStim: height = 25.0
409.4273 	EXP 	unnamed TextStim: height = 25.0
409.4273 	EXP 	unnamed TextStim: text = '↓'
410.8278 	DATA 	Keypress: down
410.8439 	EXP 	unnamed TextStim: text = '↓'
412.4112 	DATA 	Keypress: down
412.4274 	EXP 	unnamed TextStim: text = '↓'
413.8780 	DATA 	Keypress: down
413.8941 	EXP 	unnamed TextStim: height = 25.0
413.8941 	EXP 	unnamed TextStim: height = 25.0
413.8941 	EXP 	unnamed TextStim: height = 25.0
413.8941 	EXP 	unnamed TextStim: text = '↑'
415.3449 	DATA 	Keypress: right
415.3610 	EXP 	unnamed TextStim: height = 25.0
415.3610 	EXP 	unnamed TextStim: height = 25.0
415.3610 	EXP 	unnamed TextStim: height = 25.0
415.3610 	EXP 	unnamed TextStim: text = '←'
416.9947 	DATA 	Keypress: left
417.0109 	EXP 	unnamed TextStim: height = 25.0
417.0109 	EXP 	unnamed TextStim: height = 25.0
417.0109 	EXP 	unnamed TextStim: height = 25.0
417.0109 	EXP 	unnamed TextStim: text = '↑'
418.7949 	DATA 	Keypress: up
418.8111 	EXP 	unnamed TextStim: height = 25.0
418.8111 	EXP 	unnamed TextStim: height = 25.0
418.8111 	EXP 	unnamed TextStim: height = 25.0
418.8111 	EXP 	unnamed TextStim: text = '↓'
420.3949 	DATA 	Keypress: down
420.4111 	EXP 	unnamed TextStim: text = '↓'
421.8448 	DATA 	Keypress: down
421.8612 	EXP 	unnamed TextStim: height = 25.0
421.8612 	EXP 	unnamed TextStim: height = 25.0
421.8612 	EXP 	unnamed TextStim: height = 25.0
421.8612 	EXP 	unnamed TextStim: text = '←'
423.6804 	DATA 	Keypress: left
423.7113 	EXP 	unnamed TextStim: height = 25.0
423.7113 	EXP 	unnamed TextStim: height = 25.0
423.7113 	EXP 	unnamed TextStim: height = 25.0
423.7113 	EXP 	unnamed TextStim: text = '→'
425.4278 	DATA 	Keypress: right
425.4443 	EXP 	unnamed TextStim: text = '→'
427.0119 	DATA 	Keypress: right
427.0279 	EXP 	unnamed TextStim: height = 25.0
427.0279 	EXP 	unnamed TextStim: height = 25.0
427.0279 	EXP 	unnamed TextStim: height = 25.0
427.0279 	EXP 	unnamed TextStim: text = '↓'
428.3950 	DATA 	Keypress: down
428.5571 	EXP 	Created unnamed ImageStim = ImageStim(__class__=<class 'psychopy.visual.image.ImageStim'>, anchor=('center', 'center'), autoLog=True, color=array([1., 1., 1.]), colorSpace='rgb', contrast=1.0, depth=0, flipHoriz=False, flipVert=False, image='break.jpg', interpolate=True, mask=None, maskParams=None, name='unnamed ImageStim', opacity=1.0, ori=0.0, pos=array([0., 0.]), size=array([1536.,  864.]), texRes=128, units='pix', win=Window(...))
430.1372 	DATA 	Keypress: space
430.1446 	EXP 	unnamed TextStim: height = 25.0
430.1446 	EXP 	unnamed TextStim: height = 25.0
430.1446 	EXP 	unnamed TextStim: height = 25.0
430.1446 	EXP 	unnamed TextStim: text = '←'
431.9453 	DATA 	Keypress: left
431.9615 	EXP 	unnamed TextStim: height = 25.0
431.9615 	EXP 	unnamed TextStim: height = 25.0
431.9615 	EXP 	unnamed TextStim: height = 25.0
431.9615 	EXP 	unnamed TextStim: text = '↑'
433.5971 	DATA 	Keypress: up
433.6161 	DATA 	Keypress: right
433.6283 	EXP 	unnamed TextStim: height = 25.0
433.6283 	EXP 	unnamed TextStim: height = 25.0
433.6283 	EXP 	unnamed TextStim: height = 25.0
433.6283 	EXP 	unnamed TextStim: text = '↓'
435.5806 	DATA 	Keypress: down
435.6117 	EXP 	unnamed TextStim: height = 25.0
435.6117 	EXP 	unnamed TextStim: height = 25.0
435.6117 	EXP 	unnamed TextStim: height = 25.0
435.6117 	EXP 	unnamed TextStim: text = '↑'
437.0639 	DATA 	Keypress: up
437.0951 	EXP 	unnamed TextStim: height = 25.0
437.0951 	EXP 	unnamed TextStim: height = 25.0
437.0951 	EXP 	unnamed TextStim: height = 25.0
437.0951 	EXP 	unnamed TextStim: text = '↓'
438.8791 	DATA 	Keypress: down
438.8951 	EXP 	unnamed TextStim: height = 25.0
438.8951 	EXP 	unnamed TextStim: height = 25.0
438.8951 	EXP 	unnamed TextStim: height = 25.0
438.8951 	EXP 	unnamed TextStim: text = '→'
440.5791 	DATA 	Keypress: right
440.5951 	EXP 	unnamed TextStim: height = 25.0
440.5951 	EXP 	unnamed TextStim: height = 25.0
440.5951 	EXP 	unnamed TextStim: height = 25.0
440.5951 	EXP 	unnamed TextStim: text = '↓'
441.9292 	DATA 	Keypress: down
441.9453 	EXP 	unnamed TextStim: height = 25.0
441.9453 	EXP 	unnamed TextStim: height = 25.0
441.9453 	EXP 	unnamed TextStim: height = 25.0
441.9453 	EXP 	unnamed TextStim: text = '↑'
443.6458 	DATA 	Keypress: up
443.6620 	EXP 	unnamed TextStim: text = '↑'
445.3134 	DATA 	Keypress: up
445.3286 	EXP 	unnamed TextStim: height = 25.0
445.3286 	EXP 	unnamed TextStim: height = 25.0
445.3286 	EXP 	unnamed TextStim: height = 25.0
445.3286 	EXP 	unnamed TextStim: text = '↓'
446.9311 	DATA 	Keypress: down
446.9621 	EXP 	unnamed TextStim: height = 25.0
446.9621 	EXP 	unnamed TextStim: height = 25.0
446.9621 	EXP 	unnamed TextStim: height = 25.0
446.9621 	EXP 	unnamed TextStim: text = '↑'
448.3794 	DATA 	Keypress: up
448.3955 	EXP 	unnamed TextStim: height = 25.0
448.3955 	EXP 	unnamed TextStim: height = 25.0
448.3955 	EXP 	unnamed TextStim: height = 25.0
448.3955 	EXP 	unnamed TextStim: text = '←'
449.9976 	DATA 	Keypress: left
450.0289 	EXP 	unnamed TextStim: height = 25.0
450.0289 	EXP 	unnamed TextStim: height = 25.0
450.0289 	EXP 	unnamed TextStim: height = 25.0
450.0289 	EXP 	unnamed TextStim: text = '↓'
451.4461 	DATA 	Keypress: down
451.4622 	EXP 	unnamed TextStim: text = '↓'
452.7469 	DATA 	Keypress: down
452.7622 	EXP 	unnamed TextStim: height = 25.0
452.7622 	EXP 	unnamed TextStim: height = 25.0
452.7622 	EXP 	unnamed TextStim: height = 25.0
452.7622 	EXP 	unnamed TextStim: text = '↑'
454.5961 	DATA 	Keypress: up
454.6123 	EXP 	unnamed TextStim: text = '↑'
456.4797 	DATA 	Keypress: up
456.4958 	EXP 	unnamed TextStim: text = '↑'
458.1464 	DATA 	Keypress: up
458.1625 	EXP 	unnamed TextStim: height = 25.0
458.1625 	EXP 	unnamed TextStim: height = 25.0
458.1625 	EXP 	unnamed TextStim: height = 25.0
458.1625 	EXP 	unnamed TextStim: text = '↓'
459.6130 	DATA 	Keypress: down
459.6132 	DATA 	Keypress: up
459.6292 	EXP 	unnamed TextStim: text = '↓'
461.0299 	DATA 	Keypress: down
461.1897 	EXP 	Created unnamed ImageStim = ImageStim(__class__=<class 'psychopy.visual.image.ImageStim'>, anchor=('center', 'center'), autoLog=True, color=array([1., 1., 1.]), colorSpace='rgb', contrast=1.0, depth=0, flipHoriz=False, flipVert=False, image='break.jpg', interpolate=True, mask=None, maskParams=None, name='unnamed ImageStim', opacity=1.0, ori=0.0, pos=array([0., 0.]), size=array([1536.,  864.]), texRes=128, units='pix', win=Window(...))
462.5986 	DATA 	Keypress: space
462.6123 	EXP 	unnamed TextStim: height = 25.0
462.6123 	EXP 	unnamed TextStim: height = 25.0
462.6123 	EXP 	unnamed TextStim: height = 25.0
462.6123 	EXP 	unnamed TextStim: text = '←'
464.4131 	DATA 	Keypress: left
464.4294 	EXP 	unnamed TextStim: text = '←'
466.2133 	DATA 	Keypress: left
466.2294 	EXP 	unnamed TextStim: height = 25.0
466.2294 	EXP 	unnamed TextStim: height = 25.0
466.2294 	EXP 	unnamed TextStim: height = 25.0
466.2294 	EXP 	unnamed TextStim: text = '↓'
468.1300 	DATA 	Keypress: down
468.1463 	EXP 	unnamed TextStim: text = '↓'
469.6968 	DATA 	Keypress: down
469.7129 	EXP 	unnamed TextStim: height = 25.0
469.7129 	EXP 	unnamed TextStim: height = 25.0
469.7129 	EXP 	unnamed TextStim: height = 25.0
469.7129 	EXP 	unnamed TextStim: text = '↑'
471.1302 	DATA 	Keypress: down
471.1463 	EXP 	unnamed TextStim: height = 25.0
471.1463 	EXP 	unnamed TextStim: height = 25.0
471.1463 	EXP 	unnamed TextStim: height = 25.0
471.1463 	EXP 	unnamed TextStim: text = '→'
472.9798 	EXP 	unnamed TextStim: height = 25.0
472.9798 	EXP 	unnamed TextStim: height = 25.0
472.9798 	EXP 	unnamed TextStim: height = 25.0
472.9798 	EXP 	unnamed TextStim: text = '↓'
473.2309 	DATA 	Keypress: right
474.6302 	DATA 	Keypress: down
474.6464 	EXP 	unnamed TextStim: height = 25.0
474.6464 	EXP 	unnamed TextStim: height = 25.0
474.6464 	EXP 	unnamed TextStim: height = 25.0
474.6464 	EXP 	unnamed TextStim: text = '→'
476.4135 	DATA 	Keypress: right
476.4299 	EXP 	unnamed TextStim: text = '→'
477.8637 	DATA 	Keypress: right
477.8799 	EXP 	unnamed TextStim: text = '→'
479.4804 	DATA 	Keypress: right
479.4964 	EXP 	unnamed TextStim: text = '→'
481.2155 	DATA 	Keypress: right
481.2466 	EXP 	unnamed TextStim: height = 25.0
481.2466 	EXP 	unnamed TextStim: height = 25.0
481.2466 	EXP 	unnamed TextStim: height = 25.0
481.2466 	EXP 	unnamed TextStim: text = '←'
482.7971 	DATA 	Keypress: left
482.8134 	EXP 	unnamed TextStim: height = 25.0
482.8134 	EXP 	unnamed TextStim: height = 25.0
482.8134 	EXP 	unnamed TextStim: height = 25.0
482.8134 	EXP 	unnamed TextStim: text = '↑'
484.5305 	DATA 	Keypress: up
484.5468 	EXP 	unnamed TextStim: height = 25.0
484.5468 	EXP 	unnamed TextStim: height = 25.0
484.5468 	EXP 	unnamed TextStim: height = 25.0
484.5468 	EXP 	unnamed TextStim: text = '↓'
486.2807 	DATA 	Keypress: down
486.2968 	EXP 	unnamed TextStim: height = 25.0
486.2968 	EXP 	unnamed TextStim: height = 25.0
486.2968 	EXP 	unnamed TextStim: height = 25.0
486.2968 	EXP 	unnamed TextStim: text = '←'
487.9641 	DATA 	Keypress: left
487.9804 	EXP 	unnamed TextStim: height = 25.0
487.9804 	EXP 	unnamed TextStim: height = 25.0
487.9804 	EXP 	unnamed TextStim: height = 25.0
487.9804 	EXP 	unnamed TextStim: text = '↑'
489.9137 	EXP 	unnamed TextStim: height = 25.0
489.9137 	EXP 	unnamed TextStim: height = 25.0
489.9137 	EXP 	unnamed TextStim: height = 25.0
489.9137 	EXP 	unnamed TextStim: text = '←'
489.9481 	DATA 	Keypress: up
491.6309 	DATA 	Keypress: left
491.6471 	EXP 	unnamed TextStim: height = 25.0
491.6471 	EXP 	unnamed TextStim: height = 25.0
491.6471 	EXP 	unnamed TextStim: height = 25.0
491.6471 	EXP 	unnamed TextStim: text = '→'
492.9809 	DATA 	Keypress: right
492.9971 	EXP 	unnamed TextStim: height = 25.0
492.9971 	EXP 	unnamed TextStim: height = 25.0
492.9971 	EXP 	unnamed TextStim: height = 25.0
492.9971 	EXP 	unnamed TextStim: text = '←'
494.4811 	DATA 	Keypress: left
494.6464 	EXP 	Created unnamed ImageStim = ImageStim(__class__=<class 'psychopy.visual.image.ImageStim'>, anchor=('center', 'center'), autoLog=True, color=array([1., 1., 1.]), colorSpace='rgb', contrast=1.0, depth=0, flipHoriz=False, flipVert=False, image='break.jpg', interpolate=True, mask=None, maskParams=None, name='unnamed ImageStim', opacity=1.0, ori=0.0, pos=array([0., 0.]), size=array([1536.,  864.]), texRes=128, units='pix', win=Window(...))
496.0873 	DATA 	Keypress: space
496.0969 	EXP 	unnamed TextStim: text = '←'
497.5993 	DATA 	Keypress: left
497.6306 	EXP 	unnamed TextStim: height = 25.0
497.6306 	EXP 	unnamed TextStim: height = 25.0
497.6306 	EXP 	unnamed TextStim: height = 25.0
497.6306 	EXP 	unnamed TextStim: text = '↓'
499.2478 	DATA 	Keypress: left
499.2639 	EXP 	unnamed TextStim: height = 25.0
499.2639 	EXP 	unnamed TextStim: height = 25.0
499.2639 	EXP 	unnamed TextStim: height = 25.0
499.2639 	EXP 	unnamed TextStim: text = '↑'
500.8480 	DATA 	Keypress: up
500.8641 	EXP 	unnamed TextStim: height = 25.0
500.8641 	EXP 	unnamed TextStim: height = 25.0
500.8641 	EXP 	unnamed TextStim: height = 25.0
500.8641 	EXP 	unnamed TextStim: text = '→'
502.5332 	DATA 	Keypress: right
502.5642 	EXP 	unnamed TextStim: text = '→'
504.0982 	DATA 	Keypress: right
504.1142 	EXP 	unnamed TextStim: text = '→'
505.6648 	DATA 	Keypress: right
505.6810 	EXP 	unnamed TextStim: height = 25.0
505.6810 	EXP 	unnamed TextStim: height = 25.0
505.6810 	EXP 	unnamed TextStim: height = 25.0
505.6810 	EXP 	unnamed TextStim: text = '↑'
507.3147 	DATA 	Keypress: up
507.3310 	EXP 	unnamed TextStim: text = '↑'
508.7496 	DATA 	Keypress: up
508.7644 	EXP 	unnamed TextStim: text = '↑'
510.3150 	DATA 	Keypress: up
510.3311 	EXP 	unnamed TextStim: height = 25.0
510.3311 	EXP 	unnamed TextStim: height = 25.0
510.3311 	EXP 	unnamed TextStim: height = 25.0
510.3311 	EXP 	unnamed TextStim: text = '↓'
511.9483 	DATA 	Keypress: down
511.9644 	EXP 	unnamed TextStim: height = 25.0
511.9644 	EXP 	unnamed TextStim: height = 25.0
511.9644 	EXP 	unnamed TextStim: height = 25.0
511.9644 	EXP 	unnamed TextStim: text = '↑'
513.7150 	DATA 	Keypress: up
513.7312 	EXP 	unnamed TextStim: text = '↑'
515.1818 	DATA 	Keypress: up
515.1980 	EXP 	unnamed TextStim: height = 25.0
515.1980 	EXP 	unnamed TextStim: height = 25.0
515.1980 	EXP 	unnamed TextStim: height = 25.0
515.1980 	EXP 	unnamed TextStim: text = '←'
516.6652 	DATA 	Keypress: left
516.6814 	EXP 	unnamed TextStim: height = 25.0
516.6814 	EXP 	unnamed TextStim: height = 25.0
516.6814 	EXP 	unnamed TextStim: height = 25.0
516.6814 	EXP 	unnamed TextStim: text = '↓'
517.9986 	DATA 	Keypress: down
518.0148 	EXP 	unnamed TextStim: height = 25.0
518.0148 	EXP 	unnamed TextStim: height = 25.0
518.0148 	EXP 	unnamed TextStim: height = 25.0
518.0148 	EXP 	unnamed TextStim: text = '↑'
519.3319 	DATA 	Keypress: up
519.3481 	EXP 	unnamed TextStim: text = '↑'
521.0153 	DATA 	Keypress: up
521.0321 	EXP 	unnamed TextStim: height = 25.0
521.0321 	EXP 	unnamed TextStim: height = 25.0
521.0321 	EXP 	unnamed TextStim: height = 25.0
521.0321 	EXP 	unnamed TextStim: text = '←'
522.3822 	DATA 	Keypress: left
522.3983 	EXP 	unnamed TextStim: height = 25.0
522.3983 	EXP 	unnamed TextStim: height = 25.0
522.3983 	EXP 	unnamed TextStim: height = 25.0
522.3983 	EXP 	unnamed TextStim: text = '↓'
524.3815 	EXP 	unnamed TextStim: text = '↓'
524.3994 	DATA 	Keypress: down
525.7322 	DATA 	Keypress: down
525.8984 	EXP 	Created unnamed ImageStim = ImageStim(__class__=<class 'psychopy.visual.image.ImageStim'>, anchor=('center', 'center'), autoLog=True, color=array([1., 1., 1.]), colorSpace='rgb', contrast=1.0, depth=0, flipHoriz=False, flipVert=False, image='break.jpg', interpolate=True, mask=None, maskParams=None, name='unnamed ImageStim', opacity=1.0, ori=0.0, pos=array([0., 0.]), size=array([1536.,  864.]), texRes=128, units='pix', win=Window(...))
527.5197 	DATA 	Keypress: space
527.5315 	EXP 	unnamed TextStim: height = 25.0
527.5315 	EXP 	unnamed TextStim: height = 25.0
527.5315 	EXP 	unnamed TextStim: height = 25.0
527.5315 	EXP 	unnamed TextStim: text = '←'
528.8490 	DATA 	Keypress: left
528.8652 	EXP 	unnamed TextStim: height = 25.0
528.8652 	EXP 	unnamed TextStim: height = 25.0
528.8652 	EXP 	unnamed TextStim: height = 25.0
528.8652 	EXP 	unnamed TextStim: text = '→'
530.3490 	DATA 	Keypress: right
530.3653 	EXP 	unnamed TextStim: height = 25.0
530.3653 	EXP 	unnamed TextStim: height = 25.0
530.3653 	EXP 	unnamed TextStim: height = 25.0
530.3653 	EXP 	unnamed TextStim: text = '←'
531.6823 	DATA 	Keypress: left
531.6985 	EXP 	unnamed TextStim: height = 25.0
531.6985 	EXP 	unnamed TextStim: height = 25.0
531.6985 	EXP 	unnamed TextStim: height = 25.0
531.6985 	EXP 	unnamed TextStim: text = '↑'
533.2989 	DATA 	Keypress: up
533.3153 	EXP 	unnamed TextStim: height = 25.0
533.3153 	EXP 	unnamed TextStim: height = 25.0
533.3153 	EXP 	unnamed TextStim: height = 25.0
533.3153 	EXP 	unnamed TextStim: text = '→'
534.7825 	DATA 	Keypress: right
534.7987 	EXP 	unnamed TextStim: height = 25.0
534.7987 	EXP 	unnamed TextStim: height = 25.0
534.7987 	EXP 	unnamed TextStim: height = 25.0
534.7987 	EXP 	unnamed TextStim: text = '←'
536.2993 	DATA 	Keypress: left
536.3154 	EXP 	unnamed TextStim: height = 25.0
536.3154 	EXP 	unnamed TextStim: height = 25.0
536.3154 	EXP 	unnamed TextStim: height = 25.0
536.3154 	EXP 	unnamed TextStim: text = '↑'
537.9993 	DATA 	Keypress: up
538.0155 	EXP 	unnamed TextStim: height = 25.0
538.0155 	EXP 	unnamed TextStim: height = 25.0
538.0155 	EXP 	unnamed TextStim: height = 25.0
538.0155 	EXP 	unnamed TextStim: text = '↓'
539.5996 	DATA 	Keypress: down
539.6154 	EXP 	unnamed TextStim: height = 25.0
539.6154 	EXP 	unnamed TextStim: height = 25.0
539.6154 	EXP 	unnamed TextStim: height = 25.0
539.6154 	EXP 	unnamed TextStim: text = '←'
541.3996 	DATA 	Keypress: right
541.4157 	EXP 	unnamed TextStim: height = 25.0
541.4157 	EXP 	unnamed TextStim: height = 25.0
541.4157 	EXP 	unnamed TextStim: height = 25.0
541.4157 	EXP 	unnamed TextStim: text = '→'
541.4333 	DATA 	Keypress: left
543.0829 	DATA 	Keypress: left
543.0991 	EXP 	unnamed TextStim: height = 25.0
543.0991 	EXP 	unnamed TextStim: height = 25.0
543.0991 	EXP 	unnamed TextStim: height = 25.0
543.0991 	EXP 	unnamed TextStim: text = '↓'
543.1334 	DATA 	Keypress: right
544.9329 	DATA 	Keypress: down
544.9490 	EXP 	unnamed TextStim: height = 25.0
544.9490 	EXP 	unnamed TextStim: height = 25.0
544.9490 	EXP 	unnamed TextStim: height = 25.0
544.9490 	EXP 	unnamed TextStim: text = '↑'
546.6014 	DATA 	Keypress: up
546.6325 	EXP 	unnamed TextStim: text = '↑'
548.2997 	DATA 	Keypress: up
548.3158 	EXP 	unnamed TextStim: text = '↑'
549.8998 	DATA 	Keypress: up
549.9160 	EXP 	unnamed TextStim: height = 25.0
549.9160 	EXP 	unnamed TextStim: height = 25.0
549.9160 	EXP 	unnamed TextStim: height = 25.0
549.9160 	EXP 	unnamed TextStim: text = '↓'
551.3664 	DATA 	Keypress: down
551.3827 	EXP 	unnamed TextStim: height = 25.0
551.3827 	EXP 	unnamed TextStim: height = 25.0
551.3827 	EXP 	unnamed TextStim: height = 25.0
551.3827 	EXP 	unnamed TextStim: text = '→'
553.1868 	DATA 	Keypress: right
553.1994 	EXP 	unnamed TextStim: height = 25.0
553.1994 	EXP 	unnamed TextStim: height = 25.0
553.1994 	EXP 	unnamed TextStim: height = 25.0
553.1994 	EXP 	unnamed TextStim: text = '←'
554.9499 	DATA 	Keypress: left
554.9662 	EXP 	unnamed TextStim: height = 25.0
554.9662 	EXP 	unnamed TextStim: height = 25.0
554.9662 	EXP 	unnamed TextStim: height = 25.0
554.9662 	EXP 	unnamed TextStim: text = '→'
556.6668 	DATA 	Keypress: right
556.6829 	EXP 	unnamed TextStim: height = 25.0
556.6829 	EXP 	unnamed TextStim: height = 25.0
556.6829 	EXP 	unnamed TextStim: height = 25.0
556.6829 	EXP 	unnamed TextStim: text = '←'
558.6731 	EXP 	Created unnamed ImageStim = ImageStim(__class__=<class 'psychopy.visual.image.ImageStim'>, anchor=('center', 'center'), autoLog=True, color=array([1., 1., 1.]), colorSpace='rgb', contrast=1.0, depth=0, flipHoriz=False, flipVert=False, image='break.jpg', interpolate=True, mask=None, maskParams=None, name='unnamed ImageStim', opacity=1.0, ori=0.0, pos=array([0., 0.]), size=array([1536.,  864.]), texRes=128, units='pix', win=Window(...))
558.6736 	DATA 	Keypress: left
559.6904 	DATA 	Keypress: space
559.6993 	EXP 	unnamed TextStim: text = '←'
561.3188 	DATA 	Keypress: left
561.3497 	EXP 	unnamed TextStim: height = 25.0
561.3497 	EXP 	unnamed TextStim: height = 25.0
561.3497 	EXP 	unnamed TextStim: height = 25.0
561.3497 	EXP 	unnamed TextStim: text = '↑'
563.0169 	DATA 	Keypress: up
563.0331 	EXP 	unnamed TextStim: height = 25.0
563.0331 	EXP 	unnamed TextStim: height = 25.0
563.0331 	EXP 	unnamed TextStim: height = 25.0
563.0331 	EXP 	unnamed TextStim: text = '↓'
564.7337 	DATA 	Keypress: down
564.7499 	EXP 	unnamed TextStim: text = '↓'
566.3502 	DATA 	Keypress: right
566.3664 	EXP 	unnamed TextStim: height = 25.0
566.3664 	EXP 	unnamed TextStim: height = 25.0
566.3664 	EXP 	unnamed TextStim: height = 25.0
566.3664 	EXP 	unnamed TextStim: text = '←'
567.7003 	DATA 	Keypress: left
567.7166 	EXP 	unnamed TextStim: height = 25.0
567.7166 	EXP 	unnamed TextStim: height = 25.0
567.7166 	EXP 	unnamed TextStim: height = 25.0
567.7166 	EXP 	unnamed TextStim: text = '→'
569.2838 	DATA 	Keypress: right
569.2999 	EXP 	unnamed TextStim: text = '→'
570.8839 	DATA 	Keypress: right
570.9000 	EXP 	unnamed TextStim: height = 25.0
570.9000 	EXP 	unnamed TextStim: height = 25.0
570.9000 	EXP 	unnamed TextStim: height = 25.0
570.9000 	EXP 	unnamed TextStim: text = '↑'
572.5671 	DATA 	Keypress: up
572.5834 	EXP 	unnamed TextStim: height = 25.0
572.5834 	EXP 	unnamed TextStim: height = 25.0
572.5834 	EXP 	unnamed TextStim: height = 25.0
572.5834 	EXP 	unnamed TextStim: text = '→'
574.3674 	DATA 	Keypress: right
574.3836 	EXP 	unnamed TextStim: height = 25.0
574.3836 	EXP 	unnamed TextStim: height = 25.0
574.3836 	EXP 	unnamed TextStim: height = 25.0
574.3836 	EXP 	unnamed TextStim: text = '←'
575.7007 	DATA 	Keypress: left
575.7169 	EXP 	unnamed TextStim: height = 25.0
575.7169 	EXP 	unnamed TextStim: height = 25.0
575.7169 	EXP 	unnamed TextStim: height = 25.0
575.7169 	EXP 	unnamed TextStim: text = '↓'
577.6856 	DATA 	Keypress: down
577.7169 	EXP 	unnamed TextStim: height = 25.0
577.7169 	EXP 	unnamed TextStim: height = 25.0
577.7169 	EXP 	unnamed TextStim: height = 25.0
577.7169 	EXP 	unnamed TextStim: text = '→'
579.0676 	DATA 	Keypress: right
579.0838 	EXP 	unnamed TextStim: height = 25.0
579.0838 	EXP 	unnamed TextStim: height = 25.0
579.0838 	EXP 	unnamed TextStim: height = 25.0
579.0838 	EXP 	unnamed TextStim: text = '↓'
580.7844 	DATA 	Keypress: down
580.8005 	EXP 	unnamed TextStim: height = 25.0
580.8005 	EXP 	unnamed TextStim: height = 25.0
580.8005 	EXP 	unnamed TextStim: height = 25.0
580.8005 	EXP 	unnamed TextStim: text = '←'
582.1010 	DATA 	Keypress: left
582.1171 	EXP 	unnamed TextStim: height = 25.0
582.1171 	EXP 	unnamed TextStim: height = 25.0
582.1171 	EXP 	unnamed TextStim: height = 25.0
582.1171 	EXP 	unnamed TextStim: text = '↑'
583.7677 	DATA 	Keypress: up
583.7839 	EXP 	unnamed TextStim: height = 25.0
583.7839 	EXP 	unnamed TextStim: height = 25.0
583.7839 	EXP 	unnamed TextStim: height = 25.0
583.7839 	EXP 	unnamed TextStim: text = '→'
585.3846 	DATA 	Keypress: right
585.4007 	EXP 	unnamed TextStim: height = 25.0
585.4007 	EXP 	unnamed TextStim: height = 25.0
585.4007 	EXP 	unnamed TextStim: height = 25.0
585.4007 	EXP 	unnamed TextStim: text = '←'
587.3350 	DATA 	Keypress: right
587.3506 	EXP 	unnamed TextStim: text = '←'
588.9846 	DATA 	Keypress: right
589.0007 	EXP 	unnamed TextStim: height = 25.0
589.0007 	EXP 	unnamed TextStim: height = 25.0
589.0007 	EXP 	unnamed TextStim: height = 25.0
589.0007 	EXP 	unnamed TextStim: text = '→'
591.1999 	EXP 	Created unnamed ImageStim = ImageStim(__class__=<class 'psychopy.visual.image.ImageStim'>, anchor=('center', 'center'), autoLog=True, color=array([1., 1., 1.]), colorSpace='rgb', contrast=1.0, depth=0, flipHoriz=False, flipVert=False, image='break.jpg', interpolate=True, mask=None, maskParams=None, name='unnamed ImageStim', opacity=1.0, ori=0.0, pos=array([0., 0.]), size=array([1536.,  864.]), texRes=128, units='pix', win=Window(...))
591.2004 	DATA 	Keypress: right
592.2882 	DATA 	Keypress: space
592.3005 	EXP 	unnamed TextStim: height = 25.0
592.3005 	EXP 	unnamed TextStim: height = 25.0
592.3005 	EXP 	unnamed TextStim: height = 25.0
592.3005 	EXP 	unnamed TextStim: text = '←'
593.6015 	DATA 	Keypress: left
593.6176 	EXP 	unnamed TextStim: text = '←'
595.4513 	DATA 	Keypress: left
595.4677 	EXP 	unnamed TextStim: height = 25.0
595.4677 	EXP 	unnamed TextStim: height = 25.0
595.4677 	EXP 	unnamed TextStim: height = 25.0
595.4677 	EXP 	unnamed TextStim: text = '↑'
597.1682 	DATA 	Keypress: up
597.1843 	EXP 	unnamed TextStim: height = 25.0
597.1843 	EXP 	unnamed TextStim: height = 25.0
597.1843 	EXP 	unnamed TextStim: height = 25.0
597.1843 	EXP 	unnamed TextStim: text = '←'
599.1364 	DATA 	Keypress: left
599.1678 	EXP 	unnamed TextStim: text = '←'
601.1351 	DATA 	Keypress: left
601.1513 	EXP 	unnamed TextStim: height = 25.0
601.1513 	EXP 	unnamed TextStim: height = 25.0
601.1513 	EXP 	unnamed TextStim: height = 25.0
601.1513 	EXP 	unnamed TextStim: text = '↓'
602.9517 	DATA 	Keypress: down
602.9680 	EXP 	unnamed TextStim: height = 25.0
602.9680 	EXP 	unnamed TextStim: height = 25.0
602.9680 	EXP 	unnamed TextStim: height = 25.0
602.9680 	EXP 	unnamed TextStim: text = '←'
604.4518 	DATA 	Keypress: left
604.4680 	EXP 	unnamed TextStim: height = 25.0
604.4680 	EXP 	unnamed TextStim: height = 25.0
604.4680 	EXP 	unnamed TextStim: height = 25.0
604.4680 	EXP 	unnamed TextStim: text = '↑'
606.5848 	EXP 	unnamed TextStim: height = 25.0
606.5848 	EXP 	unnamed TextStim: height = 25.0
606.5848 	EXP 	unnamed TextStim: height = 25.0
606.5848 	EXP 	unnamed TextStim: text = '→'
606.6859 	DATA 	Keypress: up
608.1020 	DATA 	Keypress: right
608.1182 	EXP 	unnamed TextStim: height = 25.0
608.1182 	EXP 	unnamed TextStim: height = 25.0
608.1182 	EXP 	unnamed TextStim: height = 25.0
608.1182 	EXP 	unnamed TextStim: text = '←'
609.9021 	DATA 	Keypress: left
609.9183 	EXP 	unnamed TextStim: text = '←'
611.7688 	DATA 	Keypress: left
611.7848 	EXP 	unnamed TextStim: height = 25.0
611.7848 	EXP 	unnamed TextStim: height = 25.0
611.7848 	EXP 	unnamed TextStim: height = 25.0
611.7848 	EXP 	unnamed TextStim: text = '→'
613.5350 	DATA 	Keypress: right
613.5516 	EXP 	unnamed TextStim: text = '→'
614.8689 	DATA 	Keypress: right
614.8851 	EXP 	unnamed TextStim: height = 25.0
614.8851 	EXP 	unnamed TextStim: height = 25.0
614.8851 	EXP 	unnamed TextStim: height = 25.0
614.8851 	EXP 	unnamed TextStim: text = '↑'
616.3023 	DATA 	Keypress: up
616.3184 	EXP 	unnamed TextStim: height = 25.0
616.3184 	EXP 	unnamed TextStim: height = 25.0
616.3184 	EXP 	unnamed TextStim: height = 25.0
616.3184 	EXP 	unnamed TextStim: text = '→'
617.5687 	DATA 	Keypress: right
617.5849 	EXP 	unnamed TextStim: height = 25.0
617.5849 	EXP 	unnamed TextStim: height = 25.0
617.5849 	EXP 	unnamed TextStim: height = 25.0
617.5849 	EXP 	unnamed TextStim: text = '←'
619.4358 	DATA 	Keypress: left
619.4519 	EXP 	unnamed TextStim: height = 25.0
619.4519 	EXP 	unnamed TextStim: height = 25.0
619.4519 	EXP 	unnamed TextStim: height = 25.0
619.4519 	EXP 	unnamed TextStim: text = '↓'
621.1858 	DATA 	Keypress: down
621.2019 	EXP 	unnamed TextStim: height = 25.0
621.2019 	EXP 	unnamed TextStim: height = 25.0
621.2019 	EXP 	unnamed TextStim: height = 25.0
621.2019 	EXP 	unnamed TextStim: text = '←'
622.6360 	DATA 	Keypress: left
622.6520 	EXP 	unnamed TextStim: text = '←'
624.1360 	DATA 	Keypress: right
624.3019 	EXP 	Created unnamed ImageStim = ImageStim(__class__=<class 'psychopy.visual.image.ImageStim'>, anchor=('center', 'center'), autoLog=True, color=array([1., 1., 1.]), colorSpace='rgb', contrast=1.0, depth=0, flipHoriz=False, flipVert=False, image='break.jpg', interpolate=True, mask=None, maskParams=None, name='unnamed ImageStim', opacity=1.0, ori=0.0, pos=array([0., 0.]), size=array([1536.,  864.]), texRes=128, units='pix', win=Window(...))
625.4924 	DATA 	Keypress: space
625.5017 	EXP 	unnamed TextStim: text = '←'
627.0693 	DATA 	Keypress: left
627.0854 	EXP 	unnamed TextStim: text = '←'
628.7692 	DATA 	Keypress: left
628.7855 	EXP 	unnamed TextStim: height = 25.0
628.7855 	EXP 	unnamed TextStim: height = 25.0
628.7855 	EXP 	unnamed TextStim: height = 25.0
628.7855 	EXP 	unnamed TextStim: text = '↓'
630.2527 	DATA 	Keypress: down
630.2690 	EXP 	unnamed TextStim: height = 25.0
630.2690 	EXP 	unnamed TextStim: height = 25.0
630.2690 	EXP 	unnamed TextStim: height = 25.0
630.2690 	EXP 	unnamed TextStim: text = '↑'
632.2023 	EXP 	unnamed TextStim: height = 25.0
632.2023 	EXP 	unnamed TextStim: height = 25.0
632.2023 	EXP 	unnamed TextStim: height = 25.0
632.2023 	EXP 	unnamed TextStim: text = '↓'
633.9545 	DATA 	Keypress: down
633.9857 	EXP 	unnamed TextStim: height = 25.0
633.9857 	EXP 	unnamed TextStim: height = 25.0
633.9857 	EXP 	unnamed TextStim: height = 25.0
633.9857 	EXP 	unnamed TextStim: text = '←'
635.6529 	DATA 	Keypress: left
635.6691 	EXP 	unnamed TextStim: height = 25.0
635.6691 	EXP 	unnamed TextStim: height = 25.0
635.6691 	EXP 	unnamed TextStim: height = 25.0
635.6691 	EXP 	unnamed TextStim: text = '↓'
637.1531 	DATA 	Keypress: down
637.1533 	DATA 	Keypress: up
637.1692 	EXP 	unnamed TextStim: text = '↓'
638.6532 	DATA 	Keypress: down
638.6692 	EXP 	unnamed TextStim: height = 25.0
638.6692 	EXP 	unnamed TextStim: height = 25.0
638.6692 	EXP 	unnamed TextStim: height = 25.0
638.6692 	EXP 	unnamed TextStim: text = '↑'
640.5699 	DATA 	Keypress: up
640.5860 	EXP 	unnamed TextStim: height = 25.0
640.5860 	EXP 	unnamed TextStim: height = 25.0
640.5860 	EXP 	unnamed TextStim: height = 25.0
640.5860 	EXP 	unnamed TextStim: text = '←'
642.4533 	DATA 	Keypress: left
642.4693 	EXP 	unnamed TextStim: text = '←'
643.9364 	DATA 	Keypress: left
643.9528 	EXP 	unnamed TextStim: height = 25.0
643.9528 	EXP 	unnamed TextStim: height = 25.0
643.9528 	EXP 	unnamed TextStim: height = 25.0
643.9528 	EXP 	unnamed TextStim: text = '↑'
645.6532 	DATA 	Keypress: up
645.6695 	EXP 	unnamed TextStim: text = '↑'
647.1368 	DATA 	Keypress: up
647.1529 	EXP 	unnamed TextStim: height = 25.0
647.1529 	EXP 	unnamed TextStim: height = 25.0
647.1529 	EXP 	unnamed TextStim: height = 25.0
647.1529 	EXP 	unnamed TextStim: text = '←'
648.6201 	DATA 	Keypress: left
648.6363 	EXP 	unnamed TextStim: height = 25.0
648.6363 	EXP 	unnamed TextStim: height = 25.0
648.6363 	EXP 	unnamed TextStim: height = 25.0
648.6363 	EXP 	unnamed TextStim: text = '↑'
649.9703 	DATA 	Keypress: up
649.9864 	EXP 	unnamed TextStim: height = 25.0
649.9864 	EXP 	unnamed TextStim: height = 25.0
649.9864 	EXP 	unnamed TextStim: height = 25.0
649.9864 	EXP 	unnamed TextStim: text = '→'
651.3535 	DATA 	Keypress: left
651.3697 	EXP 	unnamed TextStim: height = 25.0
651.3697 	EXP 	unnamed TextStim: height = 25.0
651.3697 	EXP 	unnamed TextStim: height = 25.0
651.3697 	EXP 	unnamed TextStim: text = '←'
652.8368 	DATA 	Keypress: left
652.8532 	EXP 	unnamed TextStim: height = 25.0
652.8532 	EXP 	unnamed TextStim: height = 25.0
652.8532 	EXP 	unnamed TextStim: height = 25.0
652.8532 	EXP 	unnamed TextStim: text = '↑'
654.3705 	DATA 	Keypress: up
654.3866 	EXP 	unnamed TextStim: height = 25.0
654.3866 	EXP 	unnamed TextStim: height = 25.0
654.3866 	EXP 	unnamed TextStim: height = 25.0
654.3866 	EXP 	unnamed TextStim: text = '→'
655.8871 	DATA 	Keypress: right
656.0447 	EXP 	Created unnamed ImageStim = ImageStim(__class__=<class 'psychopy.visual.image.ImageStim'>, anchor=('center', 'center'), autoLog=True, color=array([1., 1., 1.]), colorSpace='rgb', contrast=1.0, depth=0, flipHoriz=False, flipVert=False, image='break.jpg', interpolate=True, mask=None, maskParams=None, name='unnamed ImageStim', opacity=1.0, ori=0.0, pos=array([0., 0.]), size=array([1536.,  864.]), texRes=128, units='pix', win=Window(...))
657.2678 	DATA 	Keypress: space
657.2880 	EXP 	Created unnamed TextStim = TextStim(__class__=<class 'psychopy.visual.text.TextStim'>, alignHoriz=method-wrapper(...), alignText='center', alignVert=method-wrapper(...), anchorHoriz='center', anchorVert='center', antialias=True, autoDraw=False, autoLog=True, bold=False, color=array([-1, -1, -1]), colorSpace='rgb', contrast=1.0, depth=0, flipHoriz=False, flipVert=False, font='', fontFiles=[], height=28.0, italic=False, languageStyle='LTR', name='unnamed TextStim', opacity=1.0, ori=0.0, pos=array([0., 0.]), rgb=UNKNOWN, text=str(...), units='pix', win=Window(...), wrapWidth=1536)
660.8253 	DATA 	Keypress: return
660.9168 	EXP 	window1: mouseVisible = True
