13.8391 	INFO 	FRAME RATE: 60
13.8392 	INFO 	SCREEN RES: [1920, 1080]
13.8397 	EXP 	window1: mouseVisible = False
13.9051 	EXP 	Created unnamed TextStim = TextStim(__class__=<class 'psychopy.visual.text.TextStim'>, alignHoriz=method-wrapper(...), alignText='center', alignVert=method-wrapper(...), anchorHoriz='center', anchorVert='center', antialias=True, autoDraw=False, autoLog=True, bold=False, color=array([0.89803922, 0.89803922, 0.89803922]), colorSpace='rgb', contrast=1.0, depth=0, draggable=False, flipHoriz=False, flipVert=False, font='', fontFiles=[], height=40.0, italic=False, languageStyle='LTR', name='unnamed TextStim', opacity=1.0, ori=0.0, pos=array([0., 0.]), rgb=UNKNOWN, text='Poprawna odpowiedź', units='pix', win=Window(...), wrapWidth=500)
13.9052 	EXP 	window1: mouseVisible = False
13.9093 	EXP 	Created unnamed TextStim = TextStim(__class__=<class 'psychopy.visual.text.TextStim'>, alignHoriz=method-wrapper(...), alignText='center', alignVert=method-wrapper(...), anchorHoriz='center', anchorVert='center', antialias=True, autoDraw=False, autoLog=True, bold=False, color=array([0.89803922, 0.89803922, 0.89803922]), colorSpace='rgb', contrast=1.0, depth=0, draggable=False, flipHoriz=False, flipVert=False, font='', fontFiles=[], height=40.0, italic=False, languageStyle='LTR', name='unnamed TextStim', opacity=1.0, ori=0.0, pos=array([0., 0.]), rgb=UNKNOWN, text='Niepoprawna odpowiedź', units='pix', win=Window(...), wrapWidth=500)
13.9094 	EXP 	window1: mouseVisible = False
13.9133 	EXP 	Created unnamed TextStim = TextStim(__class__=<class 'psychopy.visual.text.TextStim'>, alignHoriz=method-wrapper(...), alignText='center', alignVert=method-wrapper(...), anchorHoriz='center', anchorVert='center', antialias=True, autoDraw=False, autoLog=True, bold=False, color=array([0.89803922, 0.89803922, 0.89803922]), colorSpace='rgb', contrast=1.0, depth=0, draggable=False, flipHoriz=False, flipVert=False, font='', fontFiles=[], height=40.0, italic=False, languageStyle='LTR', name='unnamed TextStim', opacity=1.0, ori=0.0, pos=array([0., 0.]), rgb=UNKNOWN, text='Nie udzieliłeś odpowiedzi', units='pix', win=Window(...), wrapWidth=500)
13.9134 	EXP 	window1: mouseVisible = False
13.9144 	EXP 	Created unnamed Rect = Rect(__class__=<class 'psychopy.visual.rect.Rect'>, anchor=('center', 'center'), autoDraw=False, autoLog=True, closeShape=True, color=method-wrapper(...), colorSpace='rgb', contrast=None, depth=0, draggable=False, fillColor=array([0.89803922, 0.89803922, 0.89803922]), fillColorSpace='rgb', fillRGB=array([0.89803922, 0.89803922, 0.89803922]), interpolate=True, lineColor=array([0.89803922, 0.89803922, 0.89803922]), lineColorSpace='rgb', lineRGB=array([0.89803922, 0.89803922, 0.89803922]), lineWidth=1.5, name='unnamed Rect', opacity=1, ori=0.0, pos=array([-60.,   0.]), size=array([80., 80.]), units='pix', vertices=ndarray(...), win=Window(...))
13.9144 	EXP 	window1: mouseVisible = False
13.9153 	EXP 	Created unnamed Rect = Rect(__class__=<class 'psychopy.visual.rect.Rect'>, anchor=('center', 'center'), autoDraw=False, autoLog=True, closeShape=True, color=method-wrapper(...), colorSpace='rgb', contrast=None, depth=0, draggable=False, fillColor=array([0.89803922, 0.89803922, 0.89803922]), fillColorSpace='rgb', fillRGB=array([0.89803922, 0.89803922, 0.89803922]), interpolate=True, lineColor=array([0.89803922, 0.89803922, 0.89803922]), lineColorSpace='rgb', lineRGB=array([0.89803922, 0.89803922, 0.89803922]), lineWidth=1.5, name='unnamed Rect', opacity=1, ori=0.0, pos=array([60.,  0.]), size=array([80., 80.]), units='pix', vertices=ndarray(...), win=Window(...))
13.9154 	EXP 	window1: mouseVisible = False
13.9196 	EXP 	Created unnamed TextStim = TextStim(__class__=<class 'psychopy.visual.text.TextStim'>, alignHoriz=method-wrapper(...), alignText='center', alignVert=method-wrapper(...), anchorHoriz='center', anchorVert='center', antialias=True, autoDraw=False, autoLog=True, bold=False, color=array([0.89803922, 0.89803922, 0.89803922]), colorSpace='rgb', contrast=1.0, depth=0, draggable=False, flipHoriz=False, flipVert=False, font='', fontFiles=[], height=100.0, italic=False, languageStyle='LTR', name='unnamed TextStim', opacity=1.0, ori=0.0, pos=array([0., 0.]), rgb=UNKNOWN, text='+', units='pix', win=Window(...), wrapWidth=500)
13.9197 	EXP 	window1: mouseVisible = False
13.9245 	EXP 	Created unnamed TextStim = TextStim(__class__=<class 'psychopy.visual.text.TextStim'>, alignHoriz=method-wrapper(...), alignText='center', alignVert=method-wrapper(...), anchorHoriz='center', anchorVert='center', antialias=True, autoDraw=False, autoLog=True, bold=False, color=array([0.89803922, 0.89803922, 0.89803922]), colorSpace='rgb', contrast=1.0, depth=0, draggable=False, flipHoriz=False, flipVert=False, font='', fontFiles=[], height=30.0, italic=False, languageStyle='LTR', name='unnamed TextStim', opacity=1.0, ori=0.0, pos=array([   0., -200.]), rgb=UNKNOWN, text='←       →', units='pix', win=Window(...), wrapWidth=500)
13.9246 	EXP 	window1: mouseVisible = False
13.9333 	EXP 	Created unnamed TextStim = TextStim(__class__=<class 'psychopy.visual.text.TextStim'>, alignHoriz=method-wrapper(...), alignText='center', alignVert=method-wrapper(...), anchorHoriz='center', anchorVert='center', antialias=True, autoDraw=False, autoLog=True, bold=False, color=array([0.89803922, 0.89803922, 0.89803922]), colorSpace='rgb', contrast=1.0, depth=0, draggable=False, flipHoriz=False, flipVert=False, font='', fontFiles=[], height=20.0, italic=False, languageStyle='LTR', name='unnamed TextStim', opacity=1.0, ori=0.0, pos=array([   0., -180.]), rgb=UNKNOWN, text='Który kwadrat pojawił się pierwszy?', units='pix', win=Window(...), wrapWidth=500)
13.9473 	EXP 	window1: mouseVisible = False
13.9767 	EXP 	Created unnamed TextStim = TextStim(__class__=<class 'psychopy.visual.text.TextStim'>, alignHoriz=method-wrapper(...), alignText='center', alignVert=method-wrapper(...), anchorHoriz='center', anchorVert='center', antialias=True, autoDraw=False, autoLog=True, bold=False, color=array([0.00392157, 0.00392157, 0.00392157]), colorSpace='rgb', contrast=1.0, depth=0, draggable=False, flipHoriz=False, flipVert=False, font='', fontFiles=[], height=30.0, italic=False, languageStyle='LTR', name='unnamed TextStim', opacity=1.0, ori=0.0, pos=array([0., 0.]), rgb=UNKNOWN, text=str(...), units='pix', win=Window(...), wrapWidth=1920)
31.5052 	DATA 	Keypress: space
33.9192 	DATA 	Keypress: right
36.8213 	DATA 	Keypress: right
39.5359 	DATA 	Keypress: left
42.4859 	DATA 	Keypress: right
45.3365 	DATA 	Keypress: left
48.3197 	DATA 	Keypress: right
51.2868 	DATA 	Keypress: right
54.4860 	DATA 	Keypress: right
57.3208 	DATA 	Keypress: left
59.9704 	DATA 	Keypress: right
62.5038 	DATA 	Keypress: right
64.2037 	DATA 	Keypress: right
65.0040 	DATA 	Keypress: right
65.5371 	DATA 	Keypress: left
67.6704 	DATA 	Keypress: left
68.0381 	DATA 	Keypress: left
68.2538 	DATA 	Keypress: left
69.0657 	DATA 	Keypress: right
69.3887 	DATA 	Keypress: left
69.6537 	DATA 	Keypress: right
70.9872 	DATA 	Keypress: right
71.8204 	DATA 	Keypress: left
72.0784 	DATA 	Keypress: right
72.8379 	DATA 	Keypress: left
73.5874 	DATA 	Keypress: left
73.9378 	DATA 	Keypress: right
74.2855 	DATA 	Keypress: left
74.6262 	DATA 	Keypress: right
75.3542 	DATA 	Keypress: left
76.0546 	DATA 	Keypress: left
76.2881 	DATA 	Keypress: left
76.6212 	DATA 	Keypress: left
76.8310 	DATA 	Keypress: left
77.0797 	DATA 	Keypress: left
77.4164 	DATA 	Keypress: right
78.1043 	DATA 	Keypress: left
78.3712 	DATA 	Keypress: right
79.1043 	DATA 	Keypress: right
79.9697 	DATA 	Keypress: right
80.2084 	DATA 	Keypress: right
81.5544 	DATA 	Keypress: right
81.8381 	DATA 	Keypress: left
83.3212 	DATA 	Keypress: left
84.3217 	DATA 	Keypress: left
84.6884 	DATA 	Keypress: right
87.3546 	DATA 	Keypress: left
88.0329 	DATA 	Keypress: right
88.6766 	DATA 	Keypress: left
88.7997 	EXP 	window1: mouseVisible = False
88.8112 	EXP 	Created unnamed TextStim = TextStim(__class__=<class 'psychopy.visual.text.TextStim'>, alignHoriz=method-wrapper(...), alignText='center', alignVert=method-wrapper(...), anchorHoriz='center', anchorVert='center', antialias=True, autoDraw=False, autoLog=True, bold=False, color=array([0.00392157, 0.00392157, 0.00392157]), colorSpace='rgb', contrast=1.0, depth=0, draggable=False, flipHoriz=False, flipVert=False, font='', fontFiles=[], height=30.0, italic=False, languageStyle='LTR', name='unnamed TextStim', opacity=1.0, ori=0.0, pos=array([0., 0.]), rgb=UNKNOWN, text=str(...), units='pix', win=Window(...), wrapWidth=1920)
93.0497 	DATA 	Keypress: space
94.9717 	DATA 	Keypress: right
97.0887 	DATA 	Keypress: right
98.9052 	DATA 	Keypress: right
101.4218 	DATA 	Keypress: left
103.4554 	DATA 	Keypress: right
105.3045 	DATA 	Keypress: left
106.6722 	DATA 	Keypress: left
108.8054 	DATA 	Keypress: right
111.0729 	DATA 	Keypress: left
113.3387 	DATA 	Keypress: right
115.6890 	DATA 	Keypress: left
118.1894 	DATA 	Keypress: right
120.2226 	DATA 	Keypress: left
122.3226 	DATA 	Keypress: left
126.0065 	DATA 	Keypress: left
128.1064 	DATA 	Keypress: right
129.3063 	DATA 	Keypress: right
130.7895 	DATA 	Keypress: left
133.3395 	DATA 	Keypress: right
137.4398 	DATA 	Keypress: left
138.0782 	DATA 	Keypress: left
140.0909 	DATA 	Keypress: right
140.9906 	DATA 	Keypress: right
143.0236 	DATA 	Keypress: right
143.8594 	DATA 	Keypress: right
145.2902 	DATA 	Keypress: right
147.3236 	DATA 	Keypress: right
149.1735 	DATA 	Keypress: right
149.7072 	DATA 	Keypress: right
149.8059 	DATA 	Keypress: left
152.2576 	DATA 	Keypress: left
152.5641 	DATA 	Keypress: right
155.2572 	DATA 	Keypress: left
157.2579 	DATA 	Keypress: right
157.6242 	DATA 	Keypress: left
159.8409 	DATA 	Keypress: left
160.0944 	DATA 	Keypress: right
162.0075 	DATA 	Keypress: right
163.7743 	DATA 	Keypress: right
164.1577 	DATA 	Keypress: left
164.6260 	DATA 	Keypress: left
167.0744 	DATA 	Keypress: left
169.1744 	DATA 	Keypress: right
169.4078 	DATA 	Keypress: left
170.1562 	DATA 	Keypress: left
170.8081 	DATA 	Keypress: left
172.6913 	DATA 	Keypress: left
172.9771 	DATA 	Keypress: right
174.1579 	DATA 	Keypress: left
174.4414 	DATA 	Keypress: right
176.1080 	DATA 	Keypress: left
178.0921 	DATA 	Keypress: right
178.5747 	DATA 	Keypress: left
179.6416 	DATA 	Keypress: left
180.0749 	DATA 	Keypress: right
180.7584 	DATA 	Keypress: left
181.5916 	DATA 	Keypress: left
182.3535 	DATA 	Keypress: left
183.9922 	DATA 	Keypress: left
184.6650 	DATA 	Keypress: left
185.6586 	DATA 	Keypress: left
186.3100 	DATA 	Keypress: left
190.6586 	DATA 	Keypress: right
199.5084 	DATA 	Keypress: right
203.8758 	DATA 	Keypress: left
206.6769 	DATA 	Keypress: right
209.2426 	DATA 	Keypress: left
211.4594 	DATA 	Keypress: left
212.1431 	DATA 	Keypress: left
214.8764 	DATA 	Keypress: left
217.4597 	DATA 	Keypress: left
220.1265 	DATA 	Keypress: left
222.1600 	DATA 	Keypress: right
222.4266 	DATA 	Keypress: right
222.6833 	DATA 	Keypress: right
225.0766 	DATA 	Keypress: right
227.0935 	DATA 	Keypress: left
227.8762 	DATA 	Keypress: left
230.3101 	DATA 	Keypress: left
232.9606 	DATA 	Keypress: left
235.1436 	DATA 	Keypress: right
235.7939 	DATA 	Keypress: right
238.0772 	DATA 	Keypress: left
238.6267 	DATA 	Keypress: left
241.1439 	DATA 	Keypress: left
243.6441 	DATA 	Keypress: left
246.3115 	DATA 	Keypress: right
248.8443 	DATA 	Keypress: right
251.2279 	DATA 	Keypress: left
253.7450 	DATA 	Keypress: left
256.6446 	DATA 	Keypress: left
259.0778 	DATA 	Keypress: right
261.6282 	DATA 	Keypress: left
264.4614 	DATA 	Keypress: right
267.0615 	DATA 	Keypress: right
269.5124 	DATA 	Keypress: left
272.0619 	DATA 	Keypress: left
274.5950 	DATA 	Keypress: left
275.4613 	DATA 	Keypress: left
276.4120 	DATA 	Keypress: right
276.9622 	DATA 	Keypress: right
278.8788 	DATA 	Keypress: right
279.2121 	DATA 	Keypress: right
283.2457 	DATA 	Keypress: right
285.3793 	DATA 	Keypress: left
286.4971 	DATA 	Keypress: left
287.3580 	DATA 	Keypress: left
287.7123 	DATA 	Keypress: left
288.2958 	DATA 	Keypress: left
289.2457 	DATA 	Keypress: left
291.6461 	DATA 	Keypress: left
296.6627 	DATA 	Keypress: left
301.7797 	DATA 	Keypress: left
302.5705 	DATA 	Keypress: left
303.7802 	DATA 	Keypress: left
304.9962 	DATA 	Keypress: left
308.2464 	DATA 	Keypress: left
310.3968 	DATA 	Keypress: left
312.5632 	DATA 	Keypress: right
313.2133 	DATA 	Keypress: right
313.6941 	DATA 	Keypress: right
315.8468 	DATA 	Keypress: left
316.4840 	DATA 	Keypress: left
317.0467 	DATA 	Keypress: left
317.8969 	DATA 	Keypress: left
318.2136 	DATA 	Keypress: left
318.5594 	DATA 	Keypress: left
318.8772 	DATA 	Keypress: left
319.3969 	DATA 	Keypress: left
320.0637 	DATA 	Keypress: left
321.0470 	DATA 	Keypress: left
321.5925 	DATA 	Keypress: left
321.8969 	DATA 	Keypress: left
322.1973 	DATA 	Keypress: left
322.5136 	DATA 	Keypress: left
322.8304 	DATA 	Keypress: left
323.1807 	DATA 	Keypress: left
323.3973 	DATA 	Keypress: left
323.7982 	DATA 	Keypress: left
324.2097 	DATA 	Keypress: left
324.5973 	DATA 	Keypress: right
325.0970 	DATA 	Keypress: left
325.2821 	DATA 	Keypress: right
325.7639 	DATA 	Keypress: left
326.5638 	DATA 	Keypress: left
326.8274 	DATA 	Keypress: right
327.4399 	DATA 	Keypress: left
328.9140 	DATA 	Keypress: left
329.7639 	DATA 	Keypress: left
329.8308 	DATA 	Keypress: right
332.1807 	DATA 	Keypress: right
337.0642 	DATA 	Keypress: right
339.9977 	DATA 	Keypress: right
345.3646 	DATA 	Keypress: right
354.2648 	DATA 	Keypress: right
357.2150 	DATA 	Keypress: right
362.7318 	DATA 	Keypress: left
380.0494 	DATA 	Keypress: left
382.5995 	DATA 	Keypress: left
386.4327 	DATA 	Keypress: right
389.7664 	DATA 	Keypress: right
392.4331 	DATA 	Keypress: left
395.1332 	DATA 	Keypress: num_0
396.0834 	DATA 	Keypress: right
399.5667 	DATA 	Keypress: right
402.1334 	DATA 	Keypress: right
404.7669 	DATA 	Keypress: right
407.5669 	DATA 	Keypress: left
410.5004 	DATA 	Keypress: left
413.1173 	DATA 	Keypress: right
415.7172 	DATA 	Keypress: right
418.4008 	DATA 	Keypress: right
420.9676 	DATA 	Keypress: left
423.5010 	DATA 	Keypress: right
426.0844 	DATA 	Keypress: left
428.8845 	DATA 	Keypress: left
431.3847 	DATA 	Keypress: left
431.7002 	DATA 	Keypress: left
431.9894 	DATA 	Keypress: left
432.4344 	DATA 	Keypress: left
433.4850 	DATA 	Keypress: right
434.1681 	DATA 	Keypress: left
434.3705 	DATA 	Keypress: right
434.6721 	DATA 	Keypress: left
435.1144 	EXP 	window1: mouseVisible = False
435.1188 	EXP 	Created unnamed Circle = Circle(__class__=<class 'psychopy.visual.circle.Circle'>, anchor=('center', 'center'), autoDraw=False, autoLog=True, closeShape=True, color=method-wrapper(...), colorSpace='rgb', contrast=None, depth=0, draggable=False, fillColor=array([0.89803922, 0.89803922, 0.89803922]), fillColorSpace='rgb', fillRGB=array([0.89803922, 0.89803922, 0.89803922]), interpolate=True, lineColor=array([0.89803922, 0.89803922, 0.89803922]), lineColorSpace='rgb', lineRGB=array([0.89803922, 0.89803922, 0.89803922]), lineWidth=1.5, name='unnamed Circle', opacity=1, ori=0.0, pos=array([-60.,   0.]), size=array([1., 1.]), units='pix', vertices=ndarray(...), win=Window(...))
435.1210 	EXP 	window1: mouseVisible = False
435.1249 	EXP 	Created unnamed Circle = Circle(__class__=<class 'psychopy.visual.circle.Circle'>, anchor=('center', 'center'), autoDraw=False, autoLog=True, closeShape=True, color=method-wrapper(...), colorSpace='rgb', contrast=None, depth=0, draggable=False, fillColor=array([0.89803922, 0.89803922, 0.89803922]), fillColorSpace='rgb', fillRGB=array([0.89803922, 0.89803922, 0.89803922]), interpolate=True, lineColor=array([0.89803922, 0.89803922, 0.89803922]), lineColorSpace='rgb', lineRGB=array([0.89803922, 0.89803922, 0.89803922]), lineWidth=1.5, name='unnamed Circle', opacity=1, ori=0.0, pos=array([60.,  0.]), size=array([1., 1.]), units='pix', vertices=ndarray(...), win=Window(...))
435.1250 	EXP 	window1: mouseVisible = False
435.1288 	EXP 	Created unnamed TextStim = TextStim(__class__=<class 'psychopy.visual.text.TextStim'>, alignHoriz=method-wrapper(...), alignText='center', alignVert=method-wrapper(...), anchorHoriz='center', anchorVert='center', antialias=True, autoDraw=False, autoLog=True, bold=False, color=array([0.89803922, 0.89803922, 0.89803922]), colorSpace='rgb', contrast=1.0, depth=0, draggable=False, flipHoriz=False, flipVert=False, font='', fontFiles=[], height=100.0, italic=False, languageStyle='LTR', name='unnamed TextStim', opacity=1.0, ori=0.0, pos=array([0., 0.]), rgb=UNKNOWN, text='+', units='pix', win=Window(...), wrapWidth=500)
435.1289 	EXP 	window1: mouseVisible = False
435.1336 	EXP 	Created unnamed TextStim = TextStim(__class__=<class 'psychopy.visual.text.TextStim'>, alignHoriz=method-wrapper(...), alignText='center', alignVert=method-wrapper(...), anchorHoriz='center', anchorVert='center', antialias=True, autoDraw=False, autoLog=True, bold=False, color=array([0.89803922, 0.89803922, 0.89803922]), colorSpace='rgb', contrast=1.0, depth=0, draggable=False, flipHoriz=False, flipVert=False, font='', fontFiles=[], height=30.0, italic=False, languageStyle='LTR', name='unnamed TextStim', opacity=1.0, ori=0.0, pos=array([   0., -200.]), rgb=UNKNOWN, text='←       →', units='pix', win=Window(...), wrapWidth=500)
435.1338 	EXP 	window1: mouseVisible = False
435.1390 	EXP 	Created unnamed TextStim = TextStim(__class__=<class 'psychopy.visual.text.TextStim'>, alignHoriz=method-wrapper(...), alignText='center', alignVert=method-wrapper(...), anchorHoriz='center', anchorVert='center', antialias=True, autoDraw=False, autoLog=True, bold=False, color=array([0.89803922, 0.89803922, 0.89803922]), colorSpace='rgb', contrast=1.0, depth=0, draggable=False, flipHoriz=False, flipVert=False, font='', fontFiles=[], height=20.0, italic=False, languageStyle='LTR', name='unnamed TextStim', opacity=1.0, ori=0.0, pos=array([   0., -180.]), rgb=UNKNOWN, text='Które kółko znikneło pierwsze?', units='pix', win=Window(...), wrapWidth=500)
435.1503 	EXP 	window1: mouseVisible = False
435.1746 	EXP 	Created unnamed TextStim = TextStim(__class__=<class 'psychopy.visual.text.TextStim'>, alignHoriz=method-wrapper(...), alignText='center', alignVert=method-wrapper(...), anchorHoriz='center', anchorVert='center', antialias=True, autoDraw=False, autoLog=True, bold=False, color=array([0.00392157, 0.00392157, 0.00392157]), colorSpace='rgb', contrast=1.0, depth=0, draggable=False, flipHoriz=False, flipVert=False, font='', fontFiles=[], height=30.0, italic=False, languageStyle='LTR', name='unnamed TextStim', opacity=1.0, ori=0.0, pos=array([0., 0.]), rgb=UNKNOWN, text=str(...), units='pix', win=Window(...), wrapWidth=1920)
435.2999 	DATA 	Keypress: left
435.5181 	DATA 	Keypress: right
437.4014 	DATA 	Keypress: left
437.7518 	DATA 	Keypress: right
439.2182 	DATA 	Keypress: left
441.6016 	DATA 	Keypress: right
445.0187 	DATA 	Keypress: right
447.5521 	DATA 	Keypress: left
447.6521 	DATA 	Keypress: right
449.5351 	DATA 	Keypress: left
449.7353 	DATA 	Keypress: right
450.1687 	DATA 	Keypress: left
452.5193 	DATA 	Keypress: right
452.6187 	DATA 	Keypress: left
453.2020 	DATA 	Keypress: right
455.7692 	DATA 	Keypress: left
455.9188 	DATA 	Keypress: right
458.7024 	DATA 	Keypress: left
461.0687 	DATA 	Keypress: right
461.8023 	DATA 	Keypress: right
462.6032 	DATA 	Keypress: right
463.7359 	DATA 	Keypress: left
463.9524 	DATA 	Keypress: right
464.5191 	DATA 	Keypress: left
464.7862 	DATA 	Keypress: right
466.0524 	DATA 	Keypress: left
466.2524 	DATA 	Keypress: right
466.7191 	DATA 	Keypress: left
467.1359 	DATA 	Keypress: left
467.3550 	DATA 	Keypress: right
468.5027 	DATA 	Keypress: left
468.7026 	DATA 	Keypress: right
469.1359 	DATA 	Keypress: left
469.5028 	DATA 	Keypress: right
469.7861 	DATA 	Keypress: left
470.2863 	DATA 	Keypress: left
470.6274 	DATA 	Keypress: right
470.9396 	DATA 	Keypress: left
471.3194 	DATA 	Keypress: left
471.6861 	DATA 	Keypress: left
472.3197 	DATA 	Keypress: left
472.6700 	DATA 	Keypress: left
472.9880 	DATA 	Keypress: left
473.2970 	DATA 	Keypress: left
473.6652 	DATA 	Keypress: left
474.0196 	DATA 	Keypress: left
474.0361 	DATA 	Keypress: right
474.9543 	DATA 	Keypress: left
475.5133 	DATA 	Keypress: right
475.8434 	DATA 	Keypress: left
476.1097 	DATA 	Keypress: left
476.4367 	DATA 	Keypress: left
476.7363 	DATA 	Keypress: left
477.1364 	DATA 	Keypress: left
477.4363 	DATA 	Keypress: left
477.6863 	DATA 	Keypress: left
478.4856 	DATA 	Keypress: left
478.6925 	DATA 	Keypress: right
479.0595 	DATA 	Keypress: left
480.7366 	DATA 	Keypress: left
481.4864 	DATA 	Keypress: left
482.4035 	DATA 	Keypress: left
483.0365 	DATA 	Keypress: left
483.3867 	DATA 	Keypress: left
483.9031 	DATA 	Keypress: left
484.3534 	DATA 	Keypress: left
484.9865 	DATA 	Keypress: left
485.1868 	DATA 	Keypress: right
485.4205 	DATA 	Keypress: left
485.8366 	DATA 	Keypress: left
486.2033 	DATA 	Keypress: left
486.6036 	DATA 	Keypress: left
486.8906 	DATA 	Keypress: left
487.1482 	DATA 	Keypress: left
487.4253 	DATA 	Keypress: left
487.7536 	DATA 	Keypress: left
488.0032 	DATA 	Keypress: left
488.5372 	DATA 	Keypress: left
488.9368 	DATA 	Keypress: left
489.4039 	DATA 	Keypress: left
490.0287 	DATA 	Keypress: left
490.3201 	DATA 	Keypress: left
490.7036 	DATA 	Keypress: left
491.2038 	DATA 	Keypress: left
491.6701 	DATA 	Keypress: right
491.8871 	DATA 	Keypress: left
492.1541 	DATA 	Keypress: right
492.2342 	DATA 	Keypress: left
492.7003 	DATA 	Keypress: left
492.8507 	DATA 	Keypress: right
492.9657 	EXP 	window1: mouseVisible = False
492.9738 	EXP 	Created unnamed TextStim = TextStim(__class__=<class 'psychopy.visual.text.TextStim'>, alignHoriz=method-wrapper(...), alignText='center', alignVert=method-wrapper(...), anchorHoriz='center', anchorVert='center', antialias=True, autoDraw=False, autoLog=True, bold=False, color=array([0.00392157, 0.00392157, 0.00392157]), colorSpace='rgb', contrast=1.0, depth=0, draggable=False, flipHoriz=False, flipVert=False, font='', fontFiles=[], height=30.0, italic=False, languageStyle='LTR', name='unnamed TextStim', opacity=1.0, ori=0.0, pos=array([0., 0.]), rgb=UNKNOWN, text=str(...), units='pix', win=Window(...), wrapWidth=1920)
493.2998 	DATA 	Keypress: left
494.2197 	DATA 	Keypress: left
494.4371 	DATA 	Keypress: right
494.7929 	DATA 	Keypress: left
494.9568 	DATA 	Keypress: right
495.1958 	DATA 	Keypress: left
495.5036 	DATA 	Keypress: left
495.9371 	DATA 	Keypress: left
496.9037 	DATA 	Keypress: left
497.6604 	DATA 	Keypress: left
499.1538 	DATA 	Keypress: left
499.3867 	DATA 	Keypress: right
499.6127 	DATA 	Keypress: left
499.9874 	DATA 	Keypress: left
500.3873 	DATA 	Keypress: left
501.3872 	DATA 	Keypress: left
501.6047 	DATA 	Keypress: right
501.9967 	DATA 	Keypress: left
502.7374 	DATA 	Keypress: left
503.0207 	DATA 	Keypress: right
503.3540 	DATA 	Keypress: left
503.6373 	DATA 	Keypress: right
503.8386 	DATA 	Keypress: left
505.1872 	DATA 	Keypress: left
505.6207 	DATA 	Keypress: left
505.8534 	DATA 	Keypress: right
507.5383 	DATA 	Keypress: left
507.8208 	DATA 	Keypress: right
509.6876 	DATA 	Keypress: left
509.8709 	DATA 	Keypress: right
511.8879 	DATA 	Keypress: left
512.2042 	DATA 	Keypress: right
514.5713 	DATA 	Keypress: left
514.6702 	DATA 	Keypress: right
517.1212 	DATA 	Keypress: left
517.2731 	DATA 	Keypress: right
519.4546 	DATA 	Keypress: right
521.8383 	DATA 	Keypress: left
524.2215 	DATA 	Keypress: left
526.2882 	DATA 	Keypress: left
528.5385 	DATA 	Keypress: left
529.2012 	DATA 	Keypress: left
529.6048 	DATA 	Keypress: left
529.9718 	DATA 	Keypress: left
530.3217 	DATA 	Keypress: left
530.9724 	DATA 	Keypress: left
532.4717 	DATA 	Keypress: right
533.3720 	DATA 	Keypress: left
537.0218 	DATA 	Keypress: left
539.3219 	DATA 	Keypress: left
541.1720 	DATA 	Keypress: left
541.4054 	DATA 	Keypress: left
541.6298 	DATA 	Keypress: left
541.9690 	DATA 	Keypress: left
542.8884 	DATA 	Keypress: left
543.1387 	DATA 	Keypress: left
543.3721 	DATA 	Keypress: left
543.6362 	DATA 	Keypress: left
543.8098 	DATA 	Keypress: left
544.0193 	DATA 	Keypress: left
544.3342 	DATA 	Keypress: left
544.5222 	DATA 	Keypress: left
544.8223 	DATA 	Keypress: left
545.0556 	DATA 	Keypress: left
545.2725 	DATA 	Keypress: left
545.5227 	DATA 	Keypress: left
545.7658 	DATA 	Keypress: left
545.9942 	DATA 	Keypress: left
546.2401 	DATA 	Keypress: left
546.5223 	DATA 	Keypress: right
547.1054 	DATA 	Keypress: right
547.4390 	DATA 	Keypress: right
550.0888 	DATA 	Keypress: left
550.2932 	DATA 	Keypress: right
551.8559 	DATA 	Keypress: left
552.0726 	DATA 	Keypress: left
552.3391 	DATA 	Keypress: left
552.5499 	DATA 	Keypress: left
552.7573 	DATA 	Keypress: left
553.0139 	DATA 	Keypress: left
553.2725 	DATA 	Keypress: left
553.5225 	DATA 	Keypress: left
553.7393 	DATA 	Keypress: left
554.0228 	DATA 	Keypress: left
554.2393 	DATA 	Keypress: left
554.4727 	DATA 	Keypress: left
554.7057 	DATA 	Keypress: left
554.9527 	DATA 	Keypress: left
555.1704 	DATA 	Keypress: left
555.5560 	DATA 	Keypress: right
555.9225 	DATA 	Keypress: left
556.2062 	DATA 	Keypress: right
556.5727 	DATA 	Keypress: left
556.7735 	DATA 	Keypress: right
557.1308 	DATA 	Keypress: right
557.3884 	DATA 	Keypress: left
557.6200 	DATA 	Keypress: right
558.1571 	DATA 	Keypress: left
558.4561 	DATA 	Keypress: left
558.7228 	DATA 	Keypress: left
558.9564 	DATA 	Keypress: left
559.2083 	DATA 	Keypress: left
559.4877 	DATA 	Keypress: left
559.7652 	DATA 	Keypress: left
560.0227 	DATA 	Keypress: left
560.2897 	DATA 	Keypress: left
560.5061 	DATA 	Keypress: left
561.0895 	DATA 	Keypress: left
561.3394 	DATA 	Keypress: left
561.6424 	DATA 	Keypress: left
561.8995 	DATA 	Keypress: left
562.1396 	DATA 	Keypress: left
562.4061 	DATA 	Keypress: left
562.6729 	DATA 	Keypress: left
563.0230 	DATA 	Keypress: left
563.2228 	DATA 	Keypress: right
563.4563 	DATA 	Keypress: left
563.6382 	DATA 	Keypress: right
564.1214 	DATA 	Keypress: right
564.4230 	DATA 	Keypress: left
565.0231 	DATA 	Keypress: left
565.2895 	DATA 	Keypress: right
565.5731 	DATA 	Keypress: left
565.8064 	DATA 	Keypress: right
566.0667 	DATA 	Keypress: left
567.4231 	DATA 	Keypress: right
567.6228 	DATA 	Keypress: left
567.9564 	DATA 	Keypress: left
568.3530 	DATA 	Keypress: left
569.1898 	DATA 	Keypress: left
569.5232 	DATA 	Keypress: right
569.8564 	DATA 	Keypress: left
570.0406 	DATA 	Keypress: right
570.4897 	DATA 	Keypress: right
572.1240 	DATA 	Keypress: left
572.3246 	DATA 	Keypress: right
574.3068 	DATA 	Keypress: left
574.5573 	DATA 	Keypress: right
577.0567 	DATA 	Keypress: left
577.2587 	DATA 	Keypress: right
579.1236 	DATA 	Keypress: left
579.4402 	DATA 	Keypress: right
581.4403 	DATA 	Keypress: right
581.8576 	DATA 	Keypress: left
583.2736 	DATA 	Keypress: left
583.5406 	DATA 	Keypress: right
583.8404 	DATA 	Keypress: left
584.1740 	DATA 	Keypress: right
587.1072 	DATA 	Keypress: left
587.3921 	DATA 	Keypress: right
589.8239 	DATA 	Keypress: left
590.1089 	DATA 	Keypress: right
590.3874 	DATA 	Keypress: left
591.2408 	DATA 	Keypress: left
591.7573 	DATA 	Keypress: left
592.1903 	DATA 	Keypress: left
592.5287 	DATA 	Keypress: left
592.8120 	DATA 	Keypress: left
593.3408 	DATA 	Keypress: left
593.6241 	DATA 	Keypress: left
593.9077 	DATA 	Keypress: left
594.1575 	DATA 	Keypress: left
594.4250 	DATA 	Keypress: left
594.6755 	DATA 	Keypress: left
594.9535 	DATA 	Keypress: left
595.2242 	DATA 	Keypress: left
595.5073 	DATA 	Keypress: left
595.7907 	DATA 	Keypress: left
596.3741 	DATA 	Keypress: right
596.8410 	DATA 	Keypress: left
597.8738 	DATA 	Keypress: left
598.1078 	DATA 	Keypress: right
598.7078 	DATA 	Keypress: left
598.9578 	DATA 	Keypress: right
600.5746 	DATA 	Keypress: right
601.9576 	DATA 	Keypress: right
602.6411 	DATA 	Keypress: left
603.3244 	DATA 	Keypress: right
603.8538 	DATA 	Keypress: left
603.8946 	DATA 	Keypress: right
605.3746 	DATA 	Keypress: left
605.8578 	DATA 	Keypress: right
608.2247 	DATA 	Keypress: left
610.4916 	DATA 	Keypress: left
610.7127 	DATA 	Keypress: right
611.4082 	DATA 	Keypress: left
612.9912 	DATA 	Keypress: left
613.6095 	DATA 	Keypress: left
614.0414 	DATA 	Keypress: left
614.3579 	DATA 	Keypress: left
615.0417 	DATA 	Keypress: left
615.3913 	DATA 	Keypress: left
615.7083 	DATA 	Keypress: left
616.2537 	DATA 	Keypress: left
616.5273 	DATA 	Keypress: left
617.2082 	DATA 	Keypress: left
617.5083 	DATA 	Keypress: right
617.7418 	DATA 	Keypress: left
617.9916 	DATA 	Keypress: left
618.4084 	DATA 	Keypress: left
618.8153 	DATA 	Keypress: left
619.0453 	DATA 	Keypress: right
619.1897 	DATA 	Keypress: left
619.4419 	DATA 	Keypress: right
619.8087 	DATA 	Keypress: left
620.3919 	DATA 	Keypress: left
620.7584 	DATA 	Keypress: right
621.0586 	DATA 	Keypress: left
631.1589 	DATA 	Keypress: right
635.3093 	DATA 	Keypress: right
635.5948 	DATA 	Keypress: right
635.9156 	DATA 	Keypress: right
636.1511 	DATA 	Keypress: right
636.4591 	DATA 	Keypress: right
637.3591 	DATA 	Keypress: left
637.6590 	DATA 	Keypress: right
637.9593 	DATA 	Keypress: left
638.3564 	DATA 	Keypress: right
638.6274 	DATA 	Keypress: left
638.9255 	DATA 	Keypress: left
639.1260 	DATA 	Keypress: right
639.3425 	DATA 	Keypress: left
639.4596 	DATA 	Keypress: right
639.6423 	DATA 	Keypress: left
640.0426 	DATA 	Keypress: left
640.4590 	DATA 	Keypress: left
641.6595 	DATA 	Keypress: left
641.9090 	DATA 	Keypress: right
642.3425 	DATA 	Keypress: left
642.7928 	DATA 	Keypress: left
643.0927 	DATA 	Keypress: left
646.1599 	DATA 	Keypress: left
646.3094 	DATA 	Keypress: right
647.9429 	DATA 	Keypress: left
648.2433 	DATA 	Keypress: left
648.4599 	DATA 	Keypress: right
649.0097 	DATA 	Keypress: left
649.2139 	DATA 	Keypress: right
650.3263 	DATA 	Keypress: left
650.6095 	DATA 	Keypress: right
651.0264 	DATA 	Keypress: left
651.0598 	DATA 	Keypress: right
651.3931 	DATA 	Keypress: right
651.6096 	DATA 	Keypress: left
651.9768 	DATA 	Keypress: left
652.2578 	DATA 	Keypress: right
652.5195 	DATA 	Keypress: left
652.7429 	DATA 	Keypress: right
653.2099 	DATA 	Keypress: left
653.4596 	DATA 	Keypress: right
653.5936 	DATA 	Keypress: left
653.8930 	DATA 	Keypress: right
653.9595 	DATA 	Keypress: left
654.3930 	DATA 	Keypress: left
654.7800 	DATA 	Keypress: right
654.8105 	DATA 	Keypress: left
655.2100 	DATA 	Keypress: left
655.5930 	DATA 	Keypress: left
655.8264 	DATA 	Keypress: right
656.1430 	DATA 	Keypress: left
656.4758 	DATA 	Keypress: right
656.6930 	DATA 	Keypress: left
657.0086 	DATA 	Keypress: right
657.1205 	DATA 	Keypress: left
657.5404 	DATA 	Keypress: left
657.8432 	DATA 	Keypress: right
658.0431 	DATA 	Keypress: left
658.3765 	DATA 	Keypress: left
658.7101 	DATA 	Keypress: right
659.0099 	DATA 	Keypress: left
659.3600 	DATA 	Keypress: left
659.7677 	DATA 	Keypress: right
659.9625 	DATA 	Keypress: left
660.3267 	DATA 	Keypress: left
660.6101 	DATA 	Keypress: right
661.3433 	DATA 	Keypress: right
661.7435 	DATA 	Keypress: right
662.1434 	DATA 	Keypress: right
664.8268 	DATA 	Keypress: left
665.0581 	DATA 	Keypress: right
665.4283 	DATA 	Keypress: left
665.6769 	DATA 	Keypress: right
665.8436 	DATA 	Keypress: left
666.2769 	DATA 	Keypress: left
667.2270 	DATA 	Keypress: left
667.3961 	DATA 	Keypress: right
667.7166 	DATA 	Keypress: left
667.8707 	DATA 	Keypress: right
669.5281 	DATA 	Keypress: left
669.7270 	DATA 	Keypress: right
670.7438 	DATA 	Keypress: right
671.5897 	DATA 	Keypress: left
672.4268 	DATA 	Keypress: right
672.6604 	DATA 	Keypress: left
672.9772 	DATA 	Keypress: right
673.1607 	DATA 	Keypress: left
673.5771 	DATA 	Keypress: left
674.0872 	DATA 	Keypress: left
674.3939 	DATA 	Keypress: left
674.6773 	DATA 	Keypress: left
674.9602 	DATA 	Keypress: left
675.2272 	DATA 	Keypress: left
675.9773 	DATA 	Keypress: left
676.2739 	DATA 	Keypress: left
676.5319 	DATA 	Keypress: left
676.7847 	DATA 	Keypress: left
680.5453 	DATA 	Keypress: left
680.7422 	DATA 	Keypress: right
683.0275 	DATA 	Keypress: left
684.6939 	DATA 	Keypress: left
685.3941 	DATA 	Keypress: left
686.1110 	DATA 	Keypress: left
688.0111 	DATA 	Keypress: left
688.3278 	DATA 	Keypress: left
688.5944 	DATA 	Keypress: right
688.9443 	DATA 	Keypress: left
689.1679 	DATA 	Keypress: right
689.3622 	DATA 	Keypress: left
689.7573 	DATA 	Keypress: left
690.4950 	DATA 	Keypress: left
690.7773 	DATA 	Keypress: left
691.0447 	DATA 	Keypress: left
691.3278 	DATA 	Keypress: left
691.8124 	DATA 	Keypress: left
692.1219 	DATA 	Keypress: left
692.3906 	DATA 	Keypress: left
692.7447 	DATA 	Keypress: left
692.9947 	DATA 	Keypress: left
693.4612 	DATA 	Keypress: left
693.6947 	DATA 	Keypress: right
693.8781 	DATA 	Keypress: left
694.5777 	DATA 	Keypress: left
694.7703 	DATA 	Keypress: right
694.9799 	DATA 	Keypress: left
695.6447 	DATA 	Keypress: left
696.3114 	DATA 	Keypress: left
696.5280 	DATA 	Keypress: right
696.7279 	DATA 	Keypress: left
697.0618 	DATA 	Keypress: left
697.5279 	DATA 	Keypress: left
698.1220 	DATA 	Keypress: left
698.3580 	DATA 	Keypress: left
698.6281 	DATA 	Keypress: left
698.8788 	DATA 	Keypress: left
699.1781 	DATA 	Keypress: left
699.4615 	DATA 	Keypress: left
699.7113 	DATA 	Keypress: left
700.0116 	DATA 	Keypress: left
700.6874 	DATA 	Keypress: left
701.2285 	DATA 	Keypress: left
702.5613 	DATA 	Keypress: right
704.9451 	DATA 	Keypress: left
705.3117 	DATA 	Keypress: left
707.4286 	DATA 	Keypress: left
707.8451 	DATA 	Keypress: left
708.3784 	DATA 	Keypress: left
710.2285 	DATA 	Keypress: left
710.5287 	DATA 	Keypress: left
710.8288 	DATA 	Keypress: left
711.2164 	DATA 	Keypress: right
711.4544 	DATA 	Keypress: left
713.4969 	DATA 	Keypress: left
713.9712 	DATA 	Keypress: right
714.4100 	DATA 	Keypress: left
714.7454 	DATA 	Keypress: left
715.0955 	DATA 	Keypress: left
715.5962 	DATA 	Keypress: left
715.8787 	DATA 	Keypress: left
716.1787 	DATA 	Keypress: left
716.3798 	DATA 	Keypress: left
716.6272 	DATA 	Keypress: left
716.8878 	DATA 	Keypress: left
717.1016 	DATA 	Keypress: left
717.3289 	DATA 	Keypress: left
717.6127 	DATA 	Keypress: left
718.3121 	DATA 	Keypress: left
718.5297 	DATA 	Keypress: right
719.2801 	DATA 	Keypress: left
719.2954 	DATA 	Keypress: right
722.2793 	DATA 	Keypress: left
724.3960 	DATA 	Keypress: right
724.6957 	DATA 	Keypress: left
724.8791 	DATA 	Keypress: right
725.3625 	DATA 	Keypress: right
725.4396 	DATA 	Keypress: left
728.1960 	DATA 	Keypress: left
728.3466 	DATA 	Keypress: right
730.1462 	DATA 	Keypress: right
732.5973 	DATA 	Keypress: left
733.3550 	DATA 	Keypress: left
733.6461 	DATA 	Keypress: right
734.0461 	DATA 	Keypress: left
734.5127 	DATA 	Keypress: left
735.6131 	DATA 	Keypress: right
739.9796 	DATA 	Keypress: left
744.1966 	DATA 	Keypress: left
744.3659 	DATA 	Keypress: right
744.9477 	DATA 	Keypress: left
745.2465 	DATA 	Keypress: right
745.7633 	DATA 	Keypress: left
746.0465 	DATA 	Keypress: right
746.3299 	DATA 	Keypress: left
746.7800 	DATA 	Keypress: left
747.1799 	DATA 	Keypress: left
747.4523 	DATA 	Keypress: left
747.6901 	DATA 	Keypress: left
747.9720 	DATA 	Keypress: left
748.1754 	DATA 	Keypress: left
748.4300 	DATA 	Keypress: left
748.9633 	DATA 	Keypress: left
749.7468 	DATA 	Keypress: left
750.0134 	DATA 	Keypress: left
750.5467 	DATA 	Keypress: left
750.8120 	DATA 	Keypress: left
751.0639 	DATA 	Keypress: left
751.3470 	DATA 	Keypress: left
751.6468 	DATA 	Keypress: left
751.9802 	DATA 	Keypress: left
753.0134 	DATA 	Keypress: right
753.4058 	DATA 	Keypress: left
753.6541 	DATA 	Keypress: left
754.0470 	DATA 	Keypress: left
754.3469 	DATA 	Keypress: left
754.6638 	DATA 	Keypress: left
755.5803 	DATA 	Keypress: left
760.5990 	DATA 	Keypress: left
761.1307 	DATA 	Keypress: left
761.8475 	DATA 	Keypress: right
762.2638 	DATA 	Keypress: left
762.9307 	DATA 	Keypress: left
763.5911 	DATA 	Keypress: right
765.2806 	DATA 	Keypress: left
773.7310 	DATA 	Keypress: left
774.2436 	DATA 	Keypress: right
774.9811 	DATA 	Keypress: left
775.4145 	DATA 	Keypress: right
776.1475 	DATA 	Keypress: left
776.7979 	DATA 	Keypress: right
777.4040 	DATA 	Keypress: left
778.6478 	DATA 	Keypress: left
779.3313 	DATA 	Keypress: right
781.6481 	DATA 	Keypress: left
782.0569 	DATA 	Keypress: right
782.3477 	DATA 	Keypress: left
782.9144 	DATA 	Keypress: left
783.1152 	DATA 	Keypress: right
783.9813 	DATA 	Keypress: left
784.6485 	DATA 	Keypress: left
789.9651 	DATA 	Keypress: left
791.5982 	DATA 	Keypress: left
792.0318 	DATA 	Keypress: right
792.3651 	DATA 	Keypress: left
792.7479 	DATA 	Keypress: right
793.0854 	DATA 	Keypress: left
793.3555 	DATA 	Keypress: right
798.4154 	DATA 	Keypress: left
798.9565 	DATA 	Keypress: right
799.2918 	DATA 	Keypress: left
799.9152 	DATA 	Keypress: right
800.3319 	DATA 	Keypress: left
801.0487 	DATA 	Keypress: left
801.5321 	DATA 	Keypress: left
801.8249 	DATA 	Keypress: left
802.0729 	DATA 	Keypress: left
802.3703 	DATA 	Keypress: left
802.6487 	DATA 	Keypress: left
802.8826 	DATA 	Keypress: left
803.1325 	DATA 	Keypress: left
803.3987 	DATA 	Keypress: left
804.0323 	DATA 	Keypress: right
804.4485 	DATA 	Keypress: left
805.4154 	DATA 	Keypress: left
806.2156 	DATA 	Keypress: left
808.9158 	DATA 	Keypress: left
809.1905 	DATA 	Keypress: right
809.5688 	DATA 	Keypress: left
809.9490 	DATA 	Keypress: left
810.2157 	DATA 	Keypress: left
810.4668 	DATA 	Keypress: left
810.9825 	DATA 	Keypress: left
811.2491 	DATA 	Keypress: left
811.6334 	DATA 	Keypress: left
811.9166 	DATA 	Keypress: left
812.2585 	DATA 	Keypress: left
812.5492 	DATA 	Keypress: left
812.8323 	DATA 	Keypress: left
813.1657 	DATA 	Keypress: left
813.4162 	DATA 	Keypress: left
813.7998 	DATA 	Keypress: left
815.3005 	DATA 	Keypress: left
818.5163 	DATA 	Keypress: right
821.8671 	DATA 	Keypress: left
824.0163 	DATA 	Keypress: left
824.3328 	DATA 	Keypress: left
824.8161 	DATA 	Keypress: right
826.0331 	DATA 	Keypress: right
826.8504 	DATA 	Keypress: right
827.4004 	DATA 	Keypress: right
827.8663 	DATA 	Keypress: right
829.1332 	DATA 	Keypress: right
829.4664 	DATA 	Keypress: right
829.8164 	DATA 	Keypress: left
830.1833 	DATA 	Keypress: left
830.6843 	DATA 	Keypress: left
832.9500 	DATA 	Keypress: left
833.2338 	DATA 	Keypress: right
833.9001 	DATA 	Keypress: left
836.6501 	DATA 	Keypress: left
836.9833 	DATA 	Keypress: left
840.1505 	DATA 	Keypress: left
850.0507 	DATA 	Keypress: right
852.7006 	DATA 	Keypress: right
857.4973 	DATA 	Keypress: right
858.6513 	DATA 	Keypress: right
858.7676 	DATA 	Keypress: right
859.4677 	DATA 	Keypress: right
863.3677 	DATA 	Keypress: right
866.4179 	DATA 	Keypress: right
870.1682 	DATA 	Keypress: right
872.4515 	DATA 	Keypress: down
876.2019 	DATA 	Keypress: down
877.9183 	DATA 	Keypress: down
878.9684 	DATA 	Keypress: down
880.9185 	DATA 	Keypress: down
887.1871 	DATA 	Keypress: down
887.8683 	DATA 	Keypress: down
888.7355 	DATA 	Keypress: down
889.7356 	DATA 	Keypress: down
890.3854 	DATA 	Keypress: down
896.8524 	DATA 	Keypress: left
902.8195 	DATA 	Keypress: left
903.6359 	DATA 	Keypress: right
905.9528 	DATA 	Keypress: left
906.5351 	DATA 	Keypress: right
907.4029 	DATA 	Keypress: left
907.6695 	DATA 	Keypress: right
908.4534 	DATA 	Keypress: right
910.2860 	DATA 	Keypress: right
911.9196 	DATA 	Keypress: left
915.0865 	DATA 	Keypress: left
916.6864 	DATA 	Keypress: left
917.5699 	DATA 	Keypress: left
918.0368 	DATA 	Keypress: left
918.3627 	DATA 	Keypress: left
918.6626 	DATA 	Keypress: left
918.8442 	DATA 	Keypress: left
920.5534 	DATA 	Keypress: left
920.9533 	DATA 	Keypress: left
923.2702 	DATA 	Keypress: left
924.1534 	DATA 	Keypress: right
926.9702 	DATA 	Keypress: left
928.9037 	DATA 	Keypress: right
930.3040 	DATA 	Keypress: left
930.7639 	DATA 	Keypress: right
931.7373 	DATA 	Keypress: right
935.0704 	DATA 	Keypress: right
936.3878 	DATA 	Keypress: left
938.1874 	DATA 	Keypress: left
939.1290 	DATA 	Keypress: left
941.3388 	DATA 	Keypress: right
941.6051 	DATA 	Keypress: left
943.6708 	DATA 	Keypress: left
944.7378 	DATA 	Keypress: left
947.6381 	DATA 	Keypress: left
948.2909 	DATA 	Keypress: left
948.5709 	DATA 	Keypress: left
948.8049 	DATA 	Keypress: left
949.0210 	DATA 	Keypress: left
949.3210 	DATA 	Keypress: left
949.7709 	DATA 	Keypress: left
951.5714 	DATA 	Keypress: right
951.6074 	DATA 	Keypress: left
953.4878 	DATA 	Keypress: left
954.1213 	DATA 	Keypress: left
954.1379 	DATA 	Keypress: right
954.9379 	DATA 	Keypress: left
955.2572 	DATA 	Keypress: left
955.4736 	DATA 	Keypress: left
955.6964 	DATA 	Keypress: left
955.9547 	DATA 	Keypress: left
956.1879 	DATA 	Keypress: left
956.4049 	DATA 	Keypress: left
956.6382 	DATA 	Keypress: left
956.8713 	DATA 	Keypress: left
957.1053 	DATA 	Keypress: left
957.3880 	DATA 	Keypress: left
957.6881 	DATA 	Keypress: left
957.9547 	DATA 	Keypress: left
958.1544 	DATA 	Keypress: left
958.9884 	DATA 	Keypress: left
960.1047 	DATA 	Keypress: right
960.5221 	DATA 	Keypress: left
961.0721 	DATA 	Keypress: right
972.5389 	DATA 	Keypress: right
975.1719 	DATA 	Keypress: right
975.7221 	DATA 	Keypress: right
978.2057 	DATA 	Keypress: right
978.5556 	DATA 	Keypress: right
979.1055 	DATA 	Keypress: right
984.9891 	DATA 	Keypress: right
986.9226 	DATA 	Keypress: right
987.4891 	DATA 	Keypress: right
988.1392 	DATA 	Keypress: right
989.3894 	DATA 	Keypress: right
990.3557 	DATA 	Keypress: right
991.2893 	DATA 	Keypress: right
992.5057 	DATA 	Keypress: right
992.9397 	DATA 	Keypress: right
994.7895 	DATA 	Keypress: left
997.0229 	DATA 	Keypress: right
998.3578 	DATA 	Keypress: right
1000.5067 	DATA 	Keypress: left
1001.4899 	DATA 	Keypress: left
1001.7333 	DATA 	Keypress: left
1003.1564 	DATA 	Keypress: left
1003.4399 	DATA 	Keypress: left
1003.6565 	DATA 	Keypress: left
1003.8897 	DATA 	Keypress: left
1004.8058 	DATA 	Keypress: left
1009.5396 	DATA 	Keypress: right
1011.8735 	DATA 	Keypress: left
1013.1570 	DATA 	Keypress: left
1014.8075 	DATA 	Keypress: right
1015.3403 	DATA 	Keypress: right
1015.6239 	DATA 	Keypress: right
1015.8901 	DATA 	Keypress: right
1016.6236 	DATA 	Keypress: right
1016.8459 	DATA 	Keypress: right
1020.7072 	DATA 	Keypress: left
1023.7906 	DATA 	Keypress: right
1027.4574 	DATA 	Keypress: left
1030.8242 	DATA 	Keypress: left
1031.8038 	EXP 	window1: mouseVisible = False
1031.8074 	EXP 	Created unnamed TextStim = TextStim(__class__=<class 'psychopy.visual.text.TextStim'>, alignHoriz=method-wrapper(...), alignText='center', alignVert=method-wrapper(...), anchorHoriz='center', anchorVert='center', antialias=True, autoDraw=False, autoLog=True, bold=False, color=array([0.00392157, 0.00392157, 0.00392157]), colorSpace='rgb', contrast=1.0, depth=0, draggable=False, flipHoriz=False, flipVert=False, font='', fontFiles=[], height=30.0, italic=False, languageStyle='LTR', name='unnamed TextStim', opacity=1.0, ori=0.0, pos=array([0., 0.]), rgb=UNKNOWN, text=str(...), units='pix', win=Window(...), wrapWidth=1920)
1036.0880 	DATA 	Keypress: space
1036.1888 	EXP 	window1: mouseVisible = True
