10.5667 	INFO 	FRAME RATE: 60
10.5667 	INFO 	SCREEN RES: [1920, 1080]
10.5671 	EXP 	window1: mouseVisible = False
10.7881 	EXP 	Created unnamed TextStim = TextStim(__class__=<class 'psychopy.visual.text.TextStim'>, alignHoriz=method-wrapper(...), alignText='center', alignVert=method-wrapper(...), anchorHoriz='center', anchorVert='center', antialias=True, autoDraw=False, autoLog=True, bold=False, color=array([0.00392157, 0.00392157, 0.00392157]), colorSpace='rgb', contrast=1.0, depth=0, draggable=False, flipHoriz=False, flipVert=False, font='', fontFiles=[], height=40.0, italic=False, languageStyle='LTR', name='unnamed TextStim', opacity=1.0, ori=0.0, pos=array([0., 0.]), rgb=UNKNOWN, text='Poprawna odpowiedź', units='pix', win=Window(...), wrapWidth=500)
10.7882 	EXP 	window1: mouseVisible = False
10.7912 	EXP 	Created unnamed TextStim = TextStim(__class__=<class 'psychopy.visual.text.TextStim'>, alignHoriz=method-wrapper(...), alignText='center', alignVert=method-wrapper(...), anchorHoriz='center', anchorVert='center', antialias=True, autoDraw=False, autoLog=True, bold=False, color=array([0.00392157, 0.00392157, 0.00392157]), colorSpace='rgb', contrast=1.0, depth=0, draggable=False, flipHoriz=False, flipVert=False, font='', fontFiles=[], height=40.0, italic=False, languageStyle='LTR', name='unnamed TextStim', opacity=1.0, ori=0.0, pos=array([0., 0.]), rgb=UNKNOWN, text='Niepoprawna odpowiedź', units='pix', win=Window(...), wrapWidth=500)
10.7912 	EXP 	window1: mouseVisible = False
10.7950 	EXP 	Created unnamed TextStim = TextStim(__class__=<class 'psychopy.visual.text.TextStim'>, alignHoriz=method-wrapper(...), alignText='center', alignVert=method-wrapper(...), anchorHoriz='center', anchorVert='center', antialias=True, autoDraw=False, autoLog=True, bold=False, color=array([0.00392157, 0.00392157, 0.00392157]), colorSpace='rgb', contrast=1.0, depth=0, draggable=False, flipHoriz=False, flipVert=False, font='', fontFiles=[], height=40.0, italic=False, languageStyle='LTR', name='unnamed TextStim', opacity=1.0, ori=0.0, pos=array([0., 0.]), rgb=UNKNOWN, text='Nie udzieliłeś odpowiedzi', units='pix', win=Window(...), wrapWidth=500)
10.7950 	EXP 	window1: mouseVisible = False
10.8188 	EXP 	Created unnamed ImageStim = ImageStim(__class__=<class 'psychopy.visual.image.ImageStim'>, anchor=('center', 'center'), autoLog=True, color=array([1., 1., 1.]), colorSpace='rgb', contrast=1.0, depth=0, draggable=False, flipHoriz=False, flipVert=False, image='.\\stims\\SQUARES_LEFT.bmp', interpolate=False, mask=None, maskParams=None, name='unnamed ImageStim', opacity=1, ori=0.0, pos=array([0., 0.]), size=array([960., 720.]), texRes=128, units='pix', win=Window(...))
10.8189 	EXP 	window1: mouseVisible = False
10.8407 	EXP 	Created unnamed ImageStim = ImageStim(__class__=<class 'psychopy.visual.image.ImageStim'>, anchor=('center', 'center'), autoLog=True, color=array([1., 1., 1.]), colorSpace='rgb', contrast=1.0, depth=0, draggable=False, flipHoriz=False, flipVert=False, image='.\\stims\\SQUARES_RIGHT.bmp', interpolate=False, mask=None, maskParams=None, name='unnamed ImageStim', opacity=1, ori=0.0, pos=array([0., 0.]), size=array([960., 720.]), texRes=128, units='pix', win=Window(...))
10.8408 	EXP 	window1: mouseVisible = False
10.8632 	EXP 	Created unnamed ImageStim = ImageStim(__class__=<class 'psychopy.visual.image.ImageStim'>, anchor=('center', 'center'), autoLog=True, color=array([1., 1., 1.]), colorSpace='rgb', contrast=1.0, depth=0, draggable=False, flipHoriz=False, flipVert=False, image='.\\stims\\SQUARES_MASK.bmp', interpolate=False, mask=None, maskParams=None, name='unnamed ImageStim', opacity=1, ori=0.0, pos=array([0., 0.]), size=array([960., 720.]), texRes=128, units='pix', win=Window(...))
10.8633 	EXP 	window1: mouseVisible = False
10.8761 	EXP 	Created unnamed TextStim = TextStim(__class__=<class 'psychopy.visual.text.TextStim'>, alignHoriz=method-wrapper(...), alignText='center', alignVert=method-wrapper(...), anchorHoriz='center', anchorVert='center', antialias=True, autoDraw=False, autoLog=True, bold=False, color=array([0.00392157, 0.00392157, 0.00392157]), colorSpace='rgb', contrast=1.0, depth=0, draggable=False, flipHoriz=False, flipVert=False, font='', fontFiles=[], height=100.0, italic=False, languageStyle='LTR', name='unnamed TextStim', opacity=1.0, ori=0.0, pos=array([0., 0.]), rgb=UNKNOWN, text='+', units='pix', win=Window(...), wrapWidth=500)
10.8762 	EXP 	window1: mouseVisible = False
10.8816 	EXP 	Created unnamed TextStim = TextStim(__class__=<class 'psychopy.visual.text.TextStim'>, alignHoriz=method-wrapper(...), alignText='center', alignVert=method-wrapper(...), anchorHoriz='center', anchorVert='center', antialias=True, autoDraw=False, autoLog=True, bold=False, color=array([0.00392157, 0.00392157, 0.00392157]), colorSpace='rgb', contrast=1.0, depth=0, draggable=False, flipHoriz=False, flipVert=False, font='', fontFiles=[], height=30.0, italic=False, languageStyle='LTR', name='unnamed TextStim', opacity=1.0, ori=0.0, pos=array([   0., -200.]), rgb=UNKNOWN, text='←       →', units='pix', win=Window(...), wrapWidth=500)
10.8816 	EXP 	window1: mouseVisible = False
10.8917 	EXP 	Created unnamed TextStim = TextStim(__class__=<class 'psychopy.visual.text.TextStim'>, alignHoriz=method-wrapper(...), alignText='center', alignVert=method-wrapper(...), anchorHoriz='center', anchorVert='center', antialias=True, autoDraw=False, autoLog=True, bold=False, color=array([0.00392157, 0.00392157, 0.00392157]), colorSpace='rgb', contrast=1.0, depth=0, draggable=False, flipHoriz=False, flipVert=False, font='', fontFiles=[], height=20.0, italic=False, languageStyle='LTR', name='unnamed TextStim', opacity=1.0, ori=0.0, pos=array([   0., -180.]), rgb=UNKNOWN, text='Gdzie pojawił się OBROCONY kwadrat?', units='pix', win=Window(...), wrapWidth=500)
10.9052 	EXP 	window1: mouseVisible = False
10.9321 	EXP 	Created unnamed TextStim = TextStim(__class__=<class 'psychopy.visual.text.TextStim'>, alignHoriz=method-wrapper(...), alignText='center', alignVert=method-wrapper(...), anchorHoriz='center', anchorVert='center', antialias=True, autoDraw=False, autoLog=True, bold=False, color=array([0.00392157, 0.00392157, 0.00392157]), colorSpace='rgb', contrast=1.0, depth=0, draggable=False, flipHoriz=False, flipVert=False, font='', fontFiles=[], height=20.0, italic=False, languageStyle='LTR', name='unnamed TextStim', opacity=1.0, ori=0.0, pos=array([0., 0.]), rgb=UNKNOWN, text=str(...), units='pix', win=Window(...), wrapWidth=1920)
46.5392 	DATA 	Keypress: space
49.3678 	DATA 	Keypress: right
52.7825 	DATA 	Keypress: left
56.6827 	DATA 	Keypress: right
60.2995 	DATA 	Keypress: left
63.6832 	DATA 	Keypress: left
66.8832 	DATA 	Keypress: left
69.8166 	DATA 	Keypress: up
70.2667 	DATA 	Keypress: right
73.3336 	DATA 	Keypress: right
76.7666 	DATA 	Keypress: left
79.7838 	DATA 	Keypress: right
82.9339 	DATA 	Keypress: right
86.3171 	DATA 	Keypress: right
89.6184 	DATA 	Keypress: left
93.0343 	DATA 	Keypress: left
96.0344 	DATA 	Keypress: left
99.2845 	DATA 	Keypress: left
102.4513 	DATA 	Keypress: left
105.4348 	DATA 	Keypress: left
109.7182 	DATA 	Keypress: left
112.6348 	DATA 	Keypress: left
114.0120 	EXP 	window1: mouseVisible = False
114.0200 	EXP 	Created unnamed TextStim = TextStim(__class__=<class 'psychopy.visual.text.TextStim'>, alignHoriz=method-wrapper(...), alignText='center', alignVert=method-wrapper(...), anchorHoriz='center', anchorVert='center', antialias=True, autoDraw=False, autoLog=True, bold=False, color=array([0.00392157, 0.00392157, 0.00392157]), colorSpace='rgb', contrast=1.0, depth=0, draggable=False, flipHoriz=False, flipVert=False, font='', fontFiles=[], height=20.0, italic=False, languageStyle='LTR', name='unnamed TextStim', opacity=1.0, ori=0.0, pos=array([0., 0.]), rgb=UNKNOWN, text=str(...), units='pix', win=Window(...), wrapWidth=1920)
120.3882 	DATA 	Keypress: space
121.8019 	DATA 	Keypress: left
124.1517 	DATA 	Keypress: left
127.3855 	DATA 	Keypress: right
129.5190 	DATA 	Keypress: left
133.1689 	DATA 	Keypress: right
135.4190 	DATA 	Keypress: left
137.7691 	DATA 	Keypress: left
141.1193 	DATA 	Keypress: right
143.5360 	DATA 	Keypress: left
146.4696 	DATA 	Keypress: left
148.9530 	DATA 	Keypress: left
151.5696 	DATA 	Keypress: right
154.0866 	DATA 	Keypress: left
156.5032 	DATA 	Keypress: left
158.9533 	DATA 	Keypress: left
162.2701 	DATA 	Keypress: left
164.7048 	DATA 	Keypress: right
167.1537 	DATA 	Keypress: left
169.8037 	DATA 	Keypress: left
172.2205 	DATA 	Keypress: left
174.8205 	DATA 	Keypress: right
177.2705 	DATA 	Keypress: left
180.6206 	DATA 	Keypress: right
183.3710 	DATA 	Keypress: left
186.1218 	DATA 	Keypress: left
189.0378 	DATA 	Keypress: right
191.4545 	DATA 	Keypress: left
194.3891 	DATA 	Keypress: right
197.2547 	DATA 	Keypress: left
199.8380 	DATA 	Keypress: left
202.6715 	DATA 	Keypress: left
205.3548 	DATA 	Keypress: right
208.0385 	DATA 	Keypress: right
210.5218 	DATA 	Keypress: left
213.1054 	DATA 	Keypress: right
215.7220 	DATA 	Keypress: left
218.6389 	DATA 	Keypress: right
221.3055 	DATA 	Keypress: left
224.0890 	DATA 	Keypress: right
226.9557 	DATA 	Keypress: right
229.3892 	DATA 	Keypress: right
232.2226 	DATA 	Keypress: right
234.6894 	DATA 	Keypress: left
236.8395 	DATA 	Keypress: left
239.0897 	DATA 	Keypress: left
241.6230 	DATA 	Keypress: right
243.9409 	DATA 	Keypress: left
246.1899 	DATA 	Keypress: left
248.3565 	DATA 	Keypress: left
250.5900 	DATA 	Keypress: left
252.9067 	DATA 	Keypress: right
255.3064 	DATA 	Keypress: left
257.8413 	DATA 	Keypress: right
260.1905 	DATA 	Keypress: left
262.3738 	DATA 	Keypress: left
264.5905 	DATA 	Keypress: left
266.7075 	DATA 	Keypress: left
269.5408 	DATA 	Keypress: left
271.7741 	DATA 	Keypress: left
274.6076 	DATA 	Keypress: right
276.8908 	DATA 	Keypress: left
277.6579 	EXP 	window1: mouseVisible = False
277.6864 	EXP 	Created unnamed ImageStim = ImageStim(__class__=<class 'psychopy.visual.image.ImageStim'>, anchor=('center', 'center'), autoLog=True, color=array([1., 1., 1.]), colorSpace='rgb', contrast=1.0, depth=0, draggable=False, flipHoriz=False, flipVert=False, image='.\\stims\\CIRCLES_LEFT.bmp', interpolate=False, mask=None, maskParams=None, name='unnamed ImageStim', opacity=1, ori=0.0, pos=array([0., 0.]), size=array([960., 720.]), texRes=128, units='pix', win=Window(...))
277.6872 	EXP 	window1: mouseVisible = False
277.7093 	EXP 	Created unnamed ImageStim = ImageStim(__class__=<class 'psychopy.visual.image.ImageStim'>, anchor=('center', 'center'), autoLog=True, color=array([1., 1., 1.]), colorSpace='rgb', contrast=1.0, depth=0, draggable=False, flipHoriz=False, flipVert=False, image='.\\stims\\CIRCLES_RIGHT.bmp', interpolate=False, mask=None, maskParams=None, name='unnamed ImageStim', opacity=1, ori=0.0, pos=array([0., 0.]), size=array([960., 720.]), texRes=128, units='pix', win=Window(...))
277.7094 	EXP 	window1: mouseVisible = False
277.7312 	EXP 	Created unnamed ImageStim = ImageStim(__class__=<class 'psychopy.visual.image.ImageStim'>, anchor=('center', 'center'), autoLog=True, color=array([1., 1., 1.]), colorSpace='rgb', contrast=1.0, depth=0, draggable=False, flipHoriz=False, flipVert=False, image='.\\stims\\CIRCLES_MASK.bmp', interpolate=False, mask=None, maskParams=None, name='unnamed ImageStim', opacity=1, ori=0.0, pos=array([0., 0.]), size=array([960., 720.]), texRes=128, units='pix', win=Window(...))
277.7313 	EXP 	window1: mouseVisible = False
277.7370 	EXP 	Created unnamed TextStim = TextStim(__class__=<class 'psychopy.visual.text.TextStim'>, alignHoriz=method-wrapper(...), alignText='center', alignVert=method-wrapper(...), anchorHoriz='center', anchorVert='center', antialias=True, autoDraw=False, autoLog=True, bold=False, color=array([0.00392157, 0.00392157, 0.00392157]), colorSpace='rgb', contrast=1.0, depth=0, draggable=False, flipHoriz=False, flipVert=False, font='', fontFiles=[], height=100.0, italic=False, languageStyle='LTR', name='unnamed TextStim', opacity=1.0, ori=0.0, pos=array([0., 0.]), rgb=UNKNOWN, text='+', units='pix', win=Window(...), wrapWidth=500)
277.7371 	EXP 	window1: mouseVisible = False
277.7415 	EXP 	Created unnamed TextStim = TextStim(__class__=<class 'psychopy.visual.text.TextStim'>, alignHoriz=method-wrapper(...), alignText='center', alignVert=method-wrapper(...), anchorHoriz='center', anchorVert='center', antialias=True, autoDraw=False, autoLog=True, bold=False, color=array([0.00392157, 0.00392157, 0.00392157]), colorSpace='rgb', contrast=1.0, depth=0, draggable=False, flipHoriz=False, flipVert=False, font='', fontFiles=[], height=30.0, italic=False, languageStyle='LTR', name='unnamed TextStim', opacity=1.0, ori=0.0, pos=array([   0., -200.]), rgb=UNKNOWN, text='←       →', units='pix', win=Window(...), wrapWidth=500)
277.7417 	EXP 	window1: mouseVisible = False
277.7469 	EXP 	Created unnamed TextStim = TextStim(__class__=<class 'psychopy.visual.text.TextStim'>, alignHoriz=method-wrapper(...), alignText='center', alignVert=method-wrapper(...), anchorHoriz='center', anchorVert='center', antialias=True, autoDraw=False, autoLog=True, bold=False, color=array([0.00392157, 0.00392157, 0.00392157]), colorSpace='rgb', contrast=1.0, depth=0, draggable=False, flipHoriz=False, flipVert=False, font='', fontFiles=[], height=20.0, italic=False, languageStyle='LTR', name='unnamed TextStim', opacity=1.0, ori=0.0, pos=array([   0., -180.]), rgb=UNKNOWN, text='Gdzie pojawił się WIĘKSZY okręg?', units='pix', win=Window(...), wrapWidth=500)
277.7595 	EXP 	window1: mouseVisible = False
277.7714 	EXP 	Created unnamed TextStim = TextStim(__class__=<class 'psychopy.visual.text.TextStim'>, alignHoriz=method-wrapper(...), alignText='center', alignVert=method-wrapper(...), anchorHoriz='center', anchorVert='center', antialias=True, autoDraw=False, autoLog=True, bold=False, color=array([0.00392157, 0.00392157, 0.00392157]), colorSpace='rgb', contrast=1.0, depth=0, draggable=False, flipHoriz=False, flipVert=False, font='', fontFiles=[], height=20.0, italic=False, languageStyle='LTR', name='unnamed TextStim', opacity=1.0, ori=0.0, pos=array([0., 0.]), rgb=UNKNOWN, text=str(...), units='pix', win=Window(...), wrapWidth=1920)
293.9874 	DATA 	Keypress: space
295.8917 	DATA 	Keypress: right
298.6597 	DATA 	Keypress: right
301.1416 	DATA 	Keypress: right
302.3254 	DATA 	Keypress: right
305.7755 	DATA 	Keypress: left
309.3092 	DATA 	Keypress: left
312.1923 	DATA 	Keypress: right
315.1257 	DATA 	Keypress: left
317.7425 	DATA 	Keypress: right
318.4926 	DATA 	Keypress: right
322.3926 	DATA 	Keypress: left
325.0927 	DATA 	Keypress: right
325.8094 	DATA 	Keypress: right
329.1429 	DATA 	Keypress: left
331.7930 	DATA 	Keypress: right
334.4929 	DATA 	Keypress: right
337.3266 	DATA 	Keypress: right
340.0265 	DATA 	Keypress: left
342.6268 	DATA 	Keypress: right
345.5603 	DATA 	Keypress: left
348.2438 	DATA 	Keypress: right
350.9609 	DATA 	Keypress: right
353.8938 	DATA 	Keypress: left
355.2361 	EXP 	window1: mouseVisible = False
355.2426 	EXP 	Created unnamed TextStim = TextStim(__class__=<class 'psychopy.visual.text.TextStim'>, alignHoriz=method-wrapper(...), alignText='center', alignVert=method-wrapper(...), anchorHoriz='center', anchorVert='center', antialias=True, autoDraw=False, autoLog=True, bold=False, color=array([0.00392157, 0.00392157, 0.00392157]), colorSpace='rgb', contrast=1.0, depth=0, draggable=False, flipHoriz=False, flipVert=False, font='', fontFiles=[], height=20.0, italic=False, languageStyle='LTR', name='unnamed TextStim', opacity=1.0, ori=0.0, pos=array([0., 0.]), rgb=UNKNOWN, text=str(...), units='pix', win=Window(...), wrapWidth=1920)
357.4767 	DATA 	Mouse: Left button down, pos=(1919,1080)
357.6903 	DATA 	Mouse:  Left button up, pos=(1919,1080)
357.8257 	DATA 	Keypress: space
359.1107 	DATA 	Keypress: right
361.3109 	DATA 	Keypress: right
363.4944 	DATA 	Keypress: right
365.6442 	DATA 	Keypress: left
367.9446 	DATA 	Keypress: right
370.1611 	DATA 	Keypress: right
372.7944 	DATA 	Keypress: left
376.4447 	DATA 	Keypress: right
378.6612 	DATA 	Keypress: right
381.1450 	DATA 	Keypress: right
383.5115 	DATA 	Keypress: left
385.6953 	DATA 	Keypress: right
388.0289 	DATA 	Keypress: right
390.2952 	DATA 	Keypress: right
392.5285 	DATA 	Keypress: left
394.7797 	DATA 	Keypress: right
396.8288 	DATA 	Keypress: right
399.5957 	DATA 	Keypress: right
401.7957 	DATA 	Keypress: right
404.0626 	DATA 	Keypress: right
406.6458 	DATA 	Keypress: left
409.8961 	DATA 	Keypress: left
412.2962 	DATA 	Keypress: right
414.4963 	DATA 	Keypress: right
416.8139 	DATA 	Keypress: right
419.6798 	DATA 	Keypress: right
421.9465 	DATA 	Keypress: left
424.1631 	DATA 	Keypress: right
426.4634 	DATA 	Keypress: left
428.8967 	DATA 	Keypress: right
431.2633 	DATA 	Keypress: left
433.9635 	DATA 	Keypress: right
437.0136 	DATA 	Keypress: left
439.3804 	DATA 	Keypress: right
441.5972 	DATA 	Keypress: left
444.2304 	DATA 	Keypress: right
446.3641 	DATA 	Keypress: right
447.1215 	DATA 	Keypress: right
449.7974 	DATA 	Keypress: right
452.3808 	DATA 	Keypress: right
454.7308 	DATA 	Keypress: right
457.1311 	DATA 	Keypress: right
459.5644 	DATA 	Keypress: left
461.7478 	DATA 	Keypress: right
464.2980 	DATA 	Keypress: left
466.5982 	DATA 	Keypress: right
468.7982 	DATA 	Keypress: right
471.6484 	DATA 	Keypress: right
473.8982 	DATA 	Keypress: right
476.1485 	DATA 	Keypress: left
478.7151 	DATA 	Keypress: right
481.0995 	DATA 	Keypress: left
483.3988 	DATA 	Keypress: right
485.8322 	DATA 	Keypress: right
488.1822 	DATA 	Keypress: right
490.4324 	DATA 	Keypress: right
492.8326 	DATA 	Keypress: left
495.2659 	DATA 	Keypress: right
497.4325 	DATA 	Keypress: left
499.6327 	DATA 	Keypress: right
501.8161 	DATA 	Keypress: left
503.8493 	DATA 	Keypress: right
506.1990 	DATA 	Keypress: right
509.3496 	DATA 	Keypress: right
511.7332 	DATA 	Keypress: right
514.1164 	DATA 	Keypress: left
516.4833 	DATA 	Keypress: right
518.9333 	DATA 	Keypress: left
521.3334 	DATA 	Keypress: right
523.5335 	DATA 	Keypress: left
526.0003 	DATA 	Keypress: left
528.3338 	DATA 	Keypress: right
530.7506 	DATA 	Keypress: left
532.9505 	DATA 	Keypress: right
535.4007 	DATA 	Keypress: right
537.5672 	DATA 	Keypress: left
539.4842 	DATA 	Keypress: right
541.8006 	DATA 	Keypress: left
543.8844 	DATA 	Keypress: right
546.5678 	DATA 	Keypress: right
548.7346 	DATA 	Keypress: right
551.1843 	DATA 	Keypress: left
553.3181 	DATA 	Keypress: right
555.5513 	DATA 	Keypress: right
557.7515 	DATA 	Keypress: left
560.2017 	DATA 	Keypress: right
562.9350 	DATA 	Keypress: left
565.2350 	DATA 	Keypress: right
567.4850 	DATA 	Keypress: right
568.2980 	EXP 	window1: mouseVisible = False
568.3020 	EXP 	Created unnamed TextStim = TextStim(__class__=<class 'psychopy.visual.text.TextStim'>, alignHoriz=method-wrapper(...), alignText='center', alignVert=method-wrapper(...), anchorHoriz='center', anchorVert='center', antialias=True, autoDraw=False, autoLog=True, bold=False, color=array([0.00392157, 0.00392157, 0.00392157]), colorSpace='rgb', contrast=1.0, depth=0, draggable=False, flipHoriz=False, flipVert=False, font='', fontFiles=[], height=20.0, italic=False, languageStyle='LTR', name='unnamed TextStim', opacity=1.0, ori=0.0, pos=array([0., 0.]), rgb=UNKNOWN, text=str(...), units='pix', win=Window(...), wrapWidth=1920)
577.8676 	DATA 	Keypress: return
577.9777 	EXP 	window1: mouseVisible = True
