12.8515 	INFO 	FRAME RATE: 60
12.8515 	INFO 	SCREEN RES: [1920, 1080]
12.8520 	EXP 	window1: mouseVisible = False
13.1500 	EXP 	Created unnamed TextStim = TextStim(__class__=<class 'psychopy.visual.text.TextStim'>, alignHoriz=method-wrapper(...), alignText='center', alignVert=method-wrapper(...), anchorHoriz='center', anchorVert='center', antialias=True, autoDraw=False, autoLog=True, bold=False, color=array([0.00392157, 0.00392157, 0.00392157]), colorSpace='rgb', contrast=1.0, depth=0, draggable=False, flipHoriz=False, flipVert=False, font='', fontFiles=[], height=40.0, italic=False, languageStyle='LTR', name='unnamed TextStim', opacity=1.0, ori=0.0, pos=array([0., 0.]), rgb=UNKNOWN, text='Poprawna odpowiedź', units='pix', win=Window(...), wrapWidth=500)
13.1501 	EXP 	window1: mouseVisible = False
13.1542 	EXP 	Created unnamed TextStim = TextStim(__class__=<class 'psychopy.visual.text.TextStim'>, alignHoriz=method-wrapper(...), alignText='center', alignVert=method-wrapper(...), anchorHoriz='center', anchorVert='center', antialias=True, autoDraw=False, autoLog=True, bold=False, color=array([0.00392157, 0.00392157, 0.00392157]), colorSpace='rgb', contrast=1.0, depth=0, draggable=False, flipHoriz=False, flipVert=False, font='', fontFiles=[], height=40.0, italic=False, languageStyle='LTR', name='unnamed TextStim', opacity=1.0, ori=0.0, pos=array([0., 0.]), rgb=UNKNOWN, text='Niepoprawna odpowiedź', units='pix', win=Window(...), wrapWidth=500)
13.1543 	EXP 	window1: mouseVisible = False
13.1591 	EXP 	Created unnamed TextStim = TextStim(__class__=<class 'psychopy.visual.text.TextStim'>, alignHoriz=method-wrapper(...), alignText='center', alignVert=method-wrapper(...), anchorHoriz='center', anchorVert='center', antialias=True, autoDraw=False, autoLog=True, bold=False, color=array([0.00392157, 0.00392157, 0.00392157]), colorSpace='rgb', contrast=1.0, depth=0, draggable=False, flipHoriz=False, flipVert=False, font='', fontFiles=[], height=40.0, italic=False, languageStyle='LTR', name='unnamed TextStim', opacity=1.0, ori=0.0, pos=array([0., 0.]), rgb=UNKNOWN, text='Nie udzieliłeś odpowiedzi', units='pix', win=Window(...), wrapWidth=500)
13.1592 	EXP 	window1: mouseVisible = False
13.1835 	EXP 	Created unnamed ImageStim = ImageStim(__class__=<class 'psychopy.visual.image.ImageStim'>, anchor=('center', 'center'), autoLog=True, color=array([1., 1., 1.]), colorSpace='rgb', contrast=1.0, depth=0, draggable=False, flipHoriz=False, flipVert=False, image='.\\stims\\SQUARES_LEFT.bmp', interpolate=False, mask=None, maskParams=None, name='unnamed ImageStim', opacity=1, ori=0.0, pos=array([0., 0.]), size=array([960., 720.]), texRes=128, units='pix', win=Window(...))
13.1836 	EXP 	window1: mouseVisible = False
13.2037 	EXP 	Created unnamed ImageStim = ImageStim(__class__=<class 'psychopy.visual.image.ImageStim'>, anchor=('center', 'center'), autoLog=True, color=array([1., 1., 1.]), colorSpace='rgb', contrast=1.0, depth=0, draggable=False, flipHoriz=False, flipVert=False, image='.\\stims\\SQUARES_RIGHT.bmp', interpolate=False, mask=None, maskParams=None, name='unnamed ImageStim', opacity=1, ori=0.0, pos=array([0., 0.]), size=array([960., 720.]), texRes=128, units='pix', win=Window(...))
13.2038 	EXP 	window1: mouseVisible = False
13.2226 	EXP 	Created unnamed ImageStim = ImageStim(__class__=<class 'psychopy.visual.image.ImageStim'>, anchor=('center', 'center'), autoLog=True, color=array([1., 1., 1.]), colorSpace='rgb', contrast=1.0, depth=0, draggable=False, flipHoriz=False, flipVert=False, image='.\\stims\\SQUARES_MASK.bmp', interpolate=False, mask=None, maskParams=None, name='unnamed ImageStim', opacity=1, ori=0.0, pos=array([0., 0.]), size=array([960., 720.]), texRes=128, units='pix', win=Window(...))
13.2227 	EXP 	window1: mouseVisible = False
13.2341 	EXP 	Created unnamed TextStim = TextStim(__class__=<class 'psychopy.visual.text.TextStim'>, alignHoriz=method-wrapper(...), alignText='center', alignVert=method-wrapper(...), anchorHoriz='center', anchorVert='center', antialias=True, autoDraw=False, autoLog=True, bold=False, color=array([0.00392157, 0.00392157, 0.00392157]), colorSpace='rgb', contrast=1.0, depth=0, draggable=False, flipHoriz=False, flipVert=False, font='', fontFiles=[], height=100.0, italic=False, languageStyle='LTR', name='unnamed TextStim', opacity=1.0, ori=0.0, pos=array([0., 0.]), rgb=UNKNOWN, text='+', units='pix', win=Window(...), wrapWidth=500)
13.2342 	EXP 	window1: mouseVisible = False
13.2391 	EXP 	Created unnamed TextStim = TextStim(__class__=<class 'psychopy.visual.text.TextStim'>, alignHoriz=method-wrapper(...), alignText='center', alignVert=method-wrapper(...), anchorHoriz='center', anchorVert='center', antialias=True, autoDraw=False, autoLog=True, bold=False, color=array([0.00392157, 0.00392157, 0.00392157]), colorSpace='rgb', contrast=1.0, depth=0, draggable=False, flipHoriz=False, flipVert=False, font='', fontFiles=[], height=30.0, italic=False, languageStyle='LTR', name='unnamed TextStim', opacity=1.0, ori=0.0, pos=array([   0., -200.]), rgb=UNKNOWN, text='←       →', units='pix', win=Window(...), wrapWidth=500)
13.2391 	EXP 	window1: mouseVisible = False
13.2509 	EXP 	Created unnamed TextStim = TextStim(__class__=<class 'psychopy.visual.text.TextStim'>, alignHoriz=method-wrapper(...), alignText='center', alignVert=method-wrapper(...), anchorHoriz='center', anchorVert='center', antialias=True, autoDraw=False, autoLog=True, bold=False, color=array([0.00392157, 0.00392157, 0.00392157]), colorSpace='rgb', contrast=1.0, depth=0, draggable=False, flipHoriz=False, flipVert=False, font='', fontFiles=[], height=20.0, italic=False, languageStyle='LTR', name='unnamed TextStim', opacity=1.0, ori=0.0, pos=array([   0., -180.]), rgb=UNKNOWN, text='Gdzie pojawił się OBROCONY kwadrat?', units='pix', win=Window(...), wrapWidth=500)
13.2650 	EXP 	window1: mouseVisible = False
13.2940 	EXP 	Created unnamed TextStim = TextStim(__class__=<class 'psychopy.visual.text.TextStim'>, alignHoriz=method-wrapper(...), alignText='center', alignVert=method-wrapper(...), anchorHoriz='center', anchorVert='center', antialias=True, autoDraw=False, autoLog=True, bold=False, color=array([0.00392157, 0.00392157, 0.00392157]), colorSpace='rgb', contrast=1.0, depth=0, draggable=False, flipHoriz=False, flipVert=False, font='', fontFiles=[], height=20.0, italic=False, languageStyle='LTR', name='unnamed TextStim', opacity=1.0, ori=0.0, pos=array([0., 0.]), rgb=UNKNOWN, text=str(...), units='pix', win=Window(...), wrapWidth=1920)
51.9702 	DATA 	Keypress: space
54.1826 	DATA 	Keypress: right
56.8828 	DATA 	Keypress: left
58.3338 	DATA 	Keypress: left
61.2164 	DATA 	Keypress: left
64.1331 	DATA 	Keypress: left
66.8162 	DATA 	Keypress: left
67.6333 	DATA 	Keypress: left
70.8833 	DATA 	Keypress: left
73.5167 	DATA 	Keypress: right
76.1175 	DATA 	Keypress: right
78.6003 	DATA 	Keypress: right
79.6837 	DATA 	Keypress: right
82.8505 	DATA 	Keypress: right
85.6838 	DATA 	Keypress: right
88.7174 	DATA 	Keypress: right
91.6510 	DATA 	Keypress: right
94.5668 	DATA 	Keypress: right
97.4676 	DATA 	Keypress: right
100.3010 	DATA 	Keypress: right
102.9678 	DATA 	Keypress: left
105.8514 	DATA 	Keypress: right
108.8341 	DATA 	Keypress: left
111.7186 	DATA 	Keypress: left
113.1132 	EXP 	window1: mouseVisible = False
113.1216 	EXP 	Created unnamed TextStim = TextStim(__class__=<class 'psychopy.visual.text.TextStim'>, alignHoriz=method-wrapper(...), alignText='center', alignVert=method-wrapper(...), anchorHoriz='center', anchorVert='center', antialias=True, autoDraw=False, autoLog=True, bold=False, color=array([0.00392157, 0.00392157, 0.00392157]), colorSpace='rgb', contrast=1.0, depth=0, draggable=False, flipHoriz=False, flipVert=False, font='', fontFiles=[], height=20.0, italic=False, languageStyle='LTR', name='unnamed TextStim', opacity=1.0, ori=0.0, pos=array([0., 0.]), rgb=UNKNOWN, text=str(...), units='pix', win=Window(...), wrapWidth=1920)
119.4197 	DATA 	Keypress: space
120.8014 	DATA 	Keypress: left
123.1684 	DATA 	Keypress: right
125.5188 	DATA 	Keypress: left
127.8856 	DATA 	Keypress: right
130.2186 	DATA 	Keypress: left
132.5857 	DATA 	Keypress: right
134.9187 	DATA 	Keypress: right
137.0024 	DATA 	Keypress: left
139.3025 	DATA 	Keypress: left
141.8693 	DATA 	Keypress: left
143.9364 	DATA 	Keypress: left
146.4863 	DATA 	Keypress: right
148.8696 	DATA 	Keypress: right
151.0530 	DATA 	Keypress: left
153.4198 	DATA 	Keypress: left
155.8198 	DATA 	Keypress: left
158.5033 	DATA 	Keypress: left
160.7201 	DATA 	Keypress: left
163.0535 	DATA 	Keypress: left
165.9536 	DATA 	Keypress: right
168.2372 	DATA 	Keypress: left
170.6540 	DATA 	Keypress: right
172.9539 	DATA 	Keypress: left
175.5371 	DATA 	Keypress: left
177.9041 	DATA 	Keypress: left
180.0542 	DATA 	Keypress: right
182.0543 	DATA 	Keypress: left
184.5544 	DATA 	Keypress: left
186.9213 	DATA 	Keypress: right
187.1207 	DATA 	Keypress: down
189.2046 	DATA 	Keypress: right
191.3380 	DATA 	Keypress: left
193.4381 	DATA 	Keypress: right
195.5714 	DATA 	Keypress: left
197.6881 	DATA 	Keypress: left
199.7382 	DATA 	Keypress: left
201.7216 	DATA 	Keypress: left
203.9218 	DATA 	Keypress: left
205.9550 	DATA 	Keypress: right
208.0553 	DATA 	Keypress: right
210.7717 	DATA 	Keypress: right
213.0722 	DATA 	Keypress: right
215.7054 	DATA 	Keypress: right
219.1390 	DATA 	Keypress: right
221.1724 	DATA 	Keypress: left
223.2892 	DATA 	Keypress: left
225.3893 	DATA 	Keypress: right
227.7393 	DATA 	Keypress: left
229.7392 	DATA 	Keypress: right
231.9389 	DATA 	Keypress: left
234.2405 	DATA 	Keypress: right
236.2230 	DATA 	Keypress: left
238.2732 	DATA 	Keypress: left
240.3731 	DATA 	Keypress: right
242.3397 	DATA 	Keypress: left
244.2896 	DATA 	Keypress: right
245.3232 	DATA 	Keypress: right
247.5902 	DATA 	Keypress: left
249.6069 	DATA 	Keypress: right
251.7236 	DATA 	Keypress: right
253.7910 	DATA 	Keypress: left
255.6737 	DATA 	Keypress: right
257.5737 	DATA 	Keypress: left
259.4737 	DATA 	Keypress: right
260.2571 	DATA 	Keypress: right
262.4573 	DATA 	Keypress: left
264.7240 	DATA 	Keypress: left
266.8075 	DATA 	Keypress: right
269.0244 	DATA 	Keypress: left
271.2073 	DATA 	Keypress: right
273.3911 	DATA 	Keypress: left
275.9078 	DATA 	Keypress: right
277.9745 	DATA 	Keypress: left
280.0417 	DATA 	Keypress: right
282.2081 	DATA 	Keypress: left
284.3579 	DATA 	Keypress: right
286.3252 	DATA 	Keypress: left
288.3750 	DATA 	Keypress: right
290.8584 	DATA 	Keypress: right
292.7743 	DATA 	Keypress: left
294.8756 	DATA 	Keypress: left
296.9263 	DATA 	Keypress: left
299.0921 	DATA 	Keypress: left
301.1755 	DATA 	Keypress: right
303.4427 	DATA 	Keypress: right
305.4091 	DATA 	Keypress: left
307.5424 	DATA 	Keypress: left
309.5590 	DATA 	Keypress: left
311.6928 	DATA 	Keypress: left
313.7260 	DATA 	Keypress: left
315.8260 	DATA 	Keypress: right
317.8762 	DATA 	Keypress: right
320.0097 	DATA 	Keypress: left
322.1430 	DATA 	Keypress: right
324.0930 	DATA 	Keypress: right
326.2763 	DATA 	Keypress: right
328.8101 	DATA 	Keypress: right
331.1764 	DATA 	Keypress: right
333.1102 	DATA 	Keypress: right
335.3267 	DATA 	Keypress: left
337.2102 	DATA 	Keypress: right
337.9766 	DATA 	Keypress: right
340.1436 	DATA 	Keypress: left
342.3770 	DATA 	Keypress: left
344.5605 	DATA 	Keypress: right
346.8940 	DATA 	Keypress: left
349.2440 	DATA 	Keypress: left
351.5276 	DATA 	Keypress: left
353.8953 	DATA 	Keypress: left
356.2108 	DATA 	Keypress: right
358.4943 	DATA 	Keypress: right
360.6277 	DATA 	Keypress: right
361.5445 	EXP 	window1: mouseVisible = False
361.5760 	EXP 	Created unnamed ImageStim = ImageStim(__class__=<class 'psychopy.visual.image.ImageStim'>, anchor=('center', 'center'), autoLog=True, color=array([1., 1., 1.]), colorSpace='rgb', contrast=1.0, depth=0, draggable=False, flipHoriz=False, flipVert=False, image='.\\stims\\CIRCLES_LEFT.bmp', interpolate=False, mask=None, maskParams=None, name='unnamed ImageStim', opacity=1, ori=0.0, pos=array([0., 0.]), size=array([960., 720.]), texRes=128, units='pix', win=Window(...))
361.5760 	EXP 	window1: mouseVisible = False
361.5987 	EXP 	Created unnamed ImageStim = ImageStim(__class__=<class 'psychopy.visual.image.ImageStim'>, anchor=('center', 'center'), autoLog=True, color=array([1., 1., 1.]), colorSpace='rgb', contrast=1.0, depth=0, draggable=False, flipHoriz=False, flipVert=False, image='.\\stims\\CIRCLES_RIGHT.bmp', interpolate=False, mask=None, maskParams=None, name='unnamed ImageStim', opacity=1, ori=0.0, pos=array([0., 0.]), size=array([960., 720.]), texRes=128, units='pix', win=Window(...))
361.5987 	EXP 	window1: mouseVisible = False
361.6206 	EXP 	Created unnamed ImageStim = ImageStim(__class__=<class 'psychopy.visual.image.ImageStim'>, anchor=('center', 'center'), autoLog=True, color=array([1., 1., 1.]), colorSpace='rgb', contrast=1.0, depth=0, draggable=False, flipHoriz=False, flipVert=False, image='.\\stims\\CIRCLES_MASK.bmp', interpolate=False, mask=None, maskParams=None, name='unnamed ImageStim', opacity=1, ori=0.0, pos=array([0., 0.]), size=array([960., 720.]), texRes=128, units='pix', win=Window(...))
361.6207 	EXP 	window1: mouseVisible = False
361.6274 	EXP 	Created unnamed TextStim = TextStim(__class__=<class 'psychopy.visual.text.TextStim'>, alignHoriz=method-wrapper(...), alignText='center', alignVert=method-wrapper(...), anchorHoriz='center', anchorVert='center', antialias=True, autoDraw=False, autoLog=True, bold=False, color=array([0.00392157, 0.00392157, 0.00392157]), colorSpace='rgb', contrast=1.0, depth=0, draggable=False, flipHoriz=False, flipVert=False, font='', fontFiles=[], height=100.0, italic=False, languageStyle='LTR', name='unnamed TextStim', opacity=1.0, ori=0.0, pos=array([0., 0.]), rgb=UNKNOWN, text='+', units='pix', win=Window(...), wrapWidth=500)
361.6276 	EXP 	window1: mouseVisible = False
361.6322 	EXP 	Created unnamed TextStim = TextStim(__class__=<class 'psychopy.visual.text.TextStim'>, alignHoriz=method-wrapper(...), alignText='center', alignVert=method-wrapper(...), anchorHoriz='center', anchorVert='center', antialias=True, autoDraw=False, autoLog=True, bold=False, color=array([0.00392157, 0.00392157, 0.00392157]), colorSpace='rgb', contrast=1.0, depth=0, draggable=False, flipHoriz=False, flipVert=False, font='', fontFiles=[], height=30.0, italic=False, languageStyle='LTR', name='unnamed TextStim', opacity=1.0, ori=0.0, pos=array([   0., -200.]), rgb=UNKNOWN, text='←       →', units='pix', win=Window(...), wrapWidth=500)
361.6323 	EXP 	window1: mouseVisible = False
361.6381 	EXP 	Created unnamed TextStim = TextStim(__class__=<class 'psychopy.visual.text.TextStim'>, alignHoriz=method-wrapper(...), alignText='center', alignVert=method-wrapper(...), anchorHoriz='center', anchorVert='center', antialias=True, autoDraw=False, autoLog=True, bold=False, color=array([0.00392157, 0.00392157, 0.00392157]), colorSpace='rgb', contrast=1.0, depth=0, draggable=False, flipHoriz=False, flipVert=False, font='', fontFiles=[], height=20.0, italic=False, languageStyle='LTR', name='unnamed TextStim', opacity=1.0, ori=0.0, pos=array([   0., -180.]), rgb=UNKNOWN, text='Gdzie pojawił się WIĘKSZY okręg?', units='pix', win=Window(...), wrapWidth=500)
361.6528 	EXP 	window1: mouseVisible = False
361.6653 	EXP 	Created unnamed TextStim = TextStim(__class__=<class 'psychopy.visual.text.TextStim'>, alignHoriz=method-wrapper(...), alignText='center', alignVert=method-wrapper(...), anchorHoriz='center', anchorVert='center', antialias=True, autoDraw=False, autoLog=True, bold=False, color=array([0.00392157, 0.00392157, 0.00392157]), colorSpace='rgb', contrast=1.0, depth=0, draggable=False, flipHoriz=False, flipVert=False, font='', fontFiles=[], height=20.0, italic=False, languageStyle='LTR', name='unnamed TextStim', opacity=1.0, ori=0.0, pos=array([0., 0.]), rgb=UNKNOWN, text=str(...), units='pix', win=Window(...), wrapWidth=1920)
373.9117 	DATA 	Keypress: space
375.3116 	DATA 	Keypress: right
377.8114 	DATA 	Keypress: right
378.9618 	DATA 	Keypress: right
381.7780 	DATA 	Keypress: left
384.2625 	DATA 	Keypress: left
385.0619 	DATA 	Keypress: left
388.3123 	DATA 	Keypress: left
391.2288 	DATA 	Keypress: right
394.2624 	DATA 	Keypress: right
397.2791 	DATA 	Keypress: right
400.2959 	DATA 	Keypress: right
403.2139 	DATA 	Keypress: left
406.0964 	DATA 	Keypress: left
408.9974 	DATA 	Keypress: left
411.9131 	DATA 	Keypress: right
414.7298 	DATA 	Keypress: right
417.7634 	DATA 	Keypress: left
421.1312 	DATA 	Keypress: left
424.1472 	DATA 	Keypress: left
427.0472 	DATA 	Keypress: right
429.9469 	DATA 	Keypress: right
432.8468 	DATA 	Keypress: right
434.2632 	EXP 	window1: mouseVisible = False
434.2700 	EXP 	Created unnamed TextStim = TextStim(__class__=<class 'psychopy.visual.text.TextStim'>, alignHoriz=method-wrapper(...), alignText='center', alignVert=method-wrapper(...), anchorHoriz='center', anchorVert='center', antialias=True, autoDraw=False, autoLog=True, bold=False, color=array([0.00392157, 0.00392157, 0.00392157]), colorSpace='rgb', contrast=1.0, depth=0, draggable=False, flipHoriz=False, flipVert=False, font='', fontFiles=[], height=20.0, italic=False, languageStyle='LTR', name='unnamed TextStim', opacity=1.0, ori=0.0, pos=array([0., 0.]), rgb=UNKNOWN, text=str(...), units='pix', win=Window(...), wrapWidth=1920)
436.7467 	DATA 	Mouse: Left button down, pos=(0,360)
436.7824 	DATA 	Keypress: space
436.9646 	DATA 	Mouse:  Left button up, pos=(0,360)
438.2318 	DATA 	Keypress: left
440.7807 	DATA 	Keypress: left
443.1641 	DATA 	Keypress: right
445.5643 	DATA 	Keypress: right
447.9477 	DATA 	Keypress: left
450.3310 	DATA 	Keypress: right
452.6648 	DATA 	Keypress: right
454.9980 	DATA 	Keypress: right
457.3980 	DATA 	Keypress: left
459.6317 	DATA 	Keypress: left
461.6817 	DATA 	Keypress: right
463.9149 	DATA 	Keypress: right
465.9832 	DATA 	Keypress: right
468.2818 	DATA 	Keypress: left
470.3984 	DATA 	Keypress: left
472.3819 	DATA 	Keypress: right
473.0488 	DATA 	Keypress: right
475.1983 	DATA 	Keypress: left
477.2652 	DATA 	Keypress: left
479.4154 	DATA 	Keypress: left
481.3490 	DATA 	Keypress: right
481.9658 	DATA 	Keypress: right
484.1992 	DATA 	Keypress: left
486.2493 	DATA 	Keypress: left
488.4158 	DATA 	Keypress: right
490.6328 	DATA 	Keypress: right
492.6158 	DATA 	Keypress: left
494.7991 	DATA 	Keypress: left
496.9164 	DATA 	Keypress: left
499.2497 	DATA 	Keypress: right
501.5496 	DATA 	Keypress: right
503.7330 	DATA 	Keypress: right
505.8332 	DATA 	Keypress: left
508.0502 	DATA 	Keypress: right
510.2002 	DATA 	Keypress: right
512.1002 	DATA 	Keypress: left
514.1168 	DATA 	Keypress: right
516.2670 	DATA 	Keypress: left
518.2006 	DATA 	Keypress: left
520.3009 	DATA 	Keypress: left
522.4673 	DATA 	Keypress: left
524.4842 	DATA 	Keypress: right
526.7675 	DATA 	Keypress: right
528.9508 	DATA 	Keypress: right
531.0341 	DATA 	Keypress: right
533.3011 	DATA 	Keypress: right
535.5178 	DATA 	Keypress: left
537.7020 	DATA 	Keypress: left
540.0347 	DATA 	Keypress: right
542.2181 	DATA 	Keypress: right
544.4185 	DATA 	Keypress: left
546.3850 	DATA 	Keypress: right
548.5190 	DATA 	Keypress: left
550.5679 	DATA 	Keypress: right
551.1184 	DATA 	Keypress: right
553.3184 	DATA 	Keypress: left
556.0684 	DATA 	Keypress: right
558.2854 	DATA 	Keypress: right
560.3521 	DATA 	Keypress: left
562.5355 	DATA 	Keypress: right
565.0023 	DATA 	Keypress: right
567.0857 	DATA 	Keypress: left
569.2020 	DATA 	Keypress: right
571.3857 	DATA 	Keypress: left
573.4526 	DATA 	Keypress: right
575.5694 	DATA 	Keypress: right
577.6027 	DATA 	Keypress: right
580.0360 	DATA 	Keypress: left
582.1194 	DATA 	Keypress: right
584.4030 	DATA 	Keypress: left
586.9196 	DATA 	Keypress: right
589.0864 	DATA 	Keypress: right
591.3863 	DATA 	Keypress: right
593.8368 	DATA 	Keypress: right
596.1369 	DATA 	Keypress: right
598.1036 	DATA 	Keypress: left
600.1536 	DATA 	Keypress: right
602.2036 	DATA 	Keypress: left
604.3381 	DATA 	Keypress: right
606.5871 	DATA 	Keypress: right
608.5873 	DATA 	Keypress: left
610.5372 	DATA 	Keypress: right
612.4205 	DATA 	Keypress: right
614.5210 	DATA 	Keypress: right
616.4553 	DATA 	Keypress: right
618.4711 	DATA 	Keypress: right
620.4379 	DATA 	Keypress: right
622.3891 	DATA 	Keypress: right
624.6876 	DATA 	Keypress: right
625.4703 	EXP 	window1: mouseVisible = False
625.4744 	EXP 	Created unnamed TextStim = TextStim(__class__=<class 'psychopy.visual.text.TextStim'>, alignHoriz=method-wrapper(...), alignText='center', alignVert=method-wrapper(...), anchorHoriz='center', anchorVert='center', antialias=True, autoDraw=False, autoLog=True, bold=False, color=array([0.00392157, 0.00392157, 0.00392157]), colorSpace='rgb', contrast=1.0, depth=0, draggable=False, flipHoriz=False, flipVert=False, font='', fontFiles=[], height=20.0, italic=False, languageStyle='LTR', name='unnamed TextStim', opacity=1.0, ori=0.0, pos=array([0., 0.]), rgb=UNKNOWN, text=str(...), units='pix', win=Window(...), wrapWidth=1920)
635.5603 	DATA 	Keypress: return
635.6790 	EXP 	window1: mouseVisible = True
