22.0741 	INFO 	FRAME RATE: 60
22.0742 	INFO 	SCREEN RES: [1920, 1080]
22.0746 	EXP 	window1: mouseVisible = False
22.3750 	EXP 	Created unnamed TextStim = TextStim(__class__=<class 'psychopy.visual.text.TextStim'>, alignHoriz=method-wrapper(...), alignText='center', alignVert=method-wrapper(...), anchorHoriz='center', anchorVert='center', antialias=True, autoDraw=False, autoLog=True, bold=False, color=array([0.00392157, 0.00392157, 0.00392157]), colorSpace='rgb', contrast=1.0, depth=0, draggable=False, flipHoriz=False, flipVert=False, font='', fontFiles=[], height=40.0, italic=False, languageStyle='LTR', name='unnamed TextStim', opacity=1.0, ori=0.0, pos=array([0., 0.]), rgb=UNKNOWN, text='Poprawna odpowiedź', units='pix', win=Window(...), wrapWidth=500)
22.3751 	EXP 	window1: mouseVisible = False
22.3797 	EXP 	Created unnamed TextStim = TextStim(__class__=<class 'psychopy.visual.text.TextStim'>, alignHoriz=method-wrapper(...), alignText='center', alignVert=method-wrapper(...), anchorHoriz='center', anchorVert='center', antialias=True, autoDraw=False, autoLog=True, bold=False, color=array([0.00392157, 0.00392157, 0.00392157]), colorSpace='rgb', contrast=1.0, depth=0, draggable=False, flipHoriz=False, flipVert=False, font='', fontFiles=[], height=40.0, italic=False, languageStyle='LTR', name='unnamed TextStim', opacity=1.0, ori=0.0, pos=array([0., 0.]), rgb=UNKNOWN, text='Niepoprawna odpowiedź', units='pix', win=Window(...), wrapWidth=500)
22.3797 	EXP 	window1: mouseVisible = False
22.3847 	EXP 	Created unnamed TextStim = TextStim(__class__=<class 'psychopy.visual.text.TextStim'>, alignHoriz=method-wrapper(...), alignText='center', alignVert=method-wrapper(...), anchorHoriz='center', anchorVert='center', antialias=True, autoDraw=False, autoLog=True, bold=False, color=array([0.00392157, 0.00392157, 0.00392157]), colorSpace='rgb', contrast=1.0, depth=0, draggable=False, flipHoriz=False, flipVert=False, font='', fontFiles=[], height=40.0, italic=False, languageStyle='LTR', name='unnamed TextStim', opacity=1.0, ori=0.0, pos=array([0., 0.]), rgb=UNKNOWN, text='Nie udzieliłeś odpowiedzi', units='pix', win=Window(...), wrapWidth=500)
22.3848 	EXP 	window1: mouseVisible = False
22.4113 	EXP 	Created unnamed ImageStim = ImageStim(__class__=<class 'psychopy.visual.image.ImageStim'>, anchor=('center', 'center'), autoLog=True, color=array([1., 1., 1.]), colorSpace='rgb', contrast=1.0, depth=0, draggable=False, flipHoriz=False, flipVert=False, image='.\\stims\\SQUARES_LEFT.bmp', interpolate=False, mask=None, maskParams=None, name='unnamed ImageStim', opacity=1, ori=0.0, pos=array([0., 0.]), size=array([960., 720.]), texRes=128, units='pix', win=Window(...))
22.4114 	EXP 	window1: mouseVisible = False
22.4324 	EXP 	Created unnamed ImageStim = ImageStim(__class__=<class 'psychopy.visual.image.ImageStim'>, anchor=('center', 'center'), autoLog=True, color=array([1., 1., 1.]), colorSpace='rgb', contrast=1.0, depth=0, draggable=False, flipHoriz=False, flipVert=False, image='.\\stims\\SQUARES_RIGHT.bmp', interpolate=False, mask=None, maskParams=None, name='unnamed ImageStim', opacity=1, ori=0.0, pos=array([0., 0.]), size=array([960., 720.]), texRes=128, units='pix', win=Window(...))
22.4325 	EXP 	window1: mouseVisible = False
22.4541 	EXP 	Created unnamed ImageStim = ImageStim(__class__=<class 'psychopy.visual.image.ImageStim'>, anchor=('center', 'center'), autoLog=True, color=array([1., 1., 1.]), colorSpace='rgb', contrast=1.0, depth=0, draggable=False, flipHoriz=False, flipVert=False, image='.\\stims\\SQUARES_MASK.bmp', interpolate=False, mask=None, maskParams=None, name='unnamed ImageStim', opacity=1, ori=0.0, pos=array([0., 0.]), size=array([960., 720.]), texRes=128, units='pix', win=Window(...))
22.4542 	EXP 	window1: mouseVisible = False
22.4669 	EXP 	Created unnamed TextStim = TextStim(__class__=<class 'psychopy.visual.text.TextStim'>, alignHoriz=method-wrapper(...), alignText='center', alignVert=method-wrapper(...), anchorHoriz='center', anchorVert='center', antialias=True, autoDraw=False, autoLog=True, bold=False, color=array([0.00392157, 0.00392157, 0.00392157]), colorSpace='rgb', contrast=1.0, depth=0, draggable=False, flipHoriz=False, flipVert=False, font='', fontFiles=[], height=100.0, italic=False, languageStyle='LTR', name='unnamed TextStim', opacity=1.0, ori=0.0, pos=array([0., 0.]), rgb=UNKNOWN, text='+', units='pix', win=Window(...), wrapWidth=500)
22.4670 	EXP 	window1: mouseVisible = False
22.4723 	EXP 	Created unnamed TextStim = TextStim(__class__=<class 'psychopy.visual.text.TextStim'>, alignHoriz=method-wrapper(...), alignText='center', alignVert=method-wrapper(...), anchorHoriz='center', anchorVert='center', antialias=True, autoDraw=False, autoLog=True, bold=False, color=array([0.00392157, 0.00392157, 0.00392157]), colorSpace='rgb', contrast=1.0, depth=0, draggable=False, flipHoriz=False, flipVert=False, font='', fontFiles=[], height=30.0, italic=False, languageStyle='LTR', name='unnamed TextStim', opacity=1.0, ori=0.0, pos=array([   0., -200.]), rgb=UNKNOWN, text='←       →', units='pix', win=Window(...), wrapWidth=500)
22.4723 	EXP 	window1: mouseVisible = False
22.4844 	EXP 	Created unnamed TextStim = TextStim(__class__=<class 'psychopy.visual.text.TextStim'>, alignHoriz=method-wrapper(...), alignText='center', alignVert=method-wrapper(...), anchorHoriz='center', anchorVert='center', antialias=True, autoDraw=False, autoLog=True, bold=False, color=array([0.00392157, 0.00392157, 0.00392157]), colorSpace='rgb', contrast=1.0, depth=0, draggable=False, flipHoriz=False, flipVert=False, font='', fontFiles=[], height=20.0, italic=False, languageStyle='LTR', name='unnamed TextStim', opacity=1.0, ori=0.0, pos=array([   0., -180.]), rgb=UNKNOWN, text='Gdzie pojawił się OBROCONY kwadrat?', units='pix', win=Window(...), wrapWidth=500)
22.4984 	EXP 	window1: mouseVisible = False
22.5275 	EXP 	Created unnamed TextStim = TextStim(__class__=<class 'psychopy.visual.text.TextStim'>, alignHoriz=method-wrapper(...), alignText='center', alignVert=method-wrapper(...), anchorHoriz='center', anchorVert='center', antialias=True, autoDraw=False, autoLog=True, bold=False, color=array([0.00392157, 0.00392157, 0.00392157]), colorSpace='rgb', contrast=1.0, depth=0, draggable=False, flipHoriz=False, flipVert=False, font='', fontFiles=[], height=20.0, italic=False, languageStyle='LTR', name='unnamed TextStim', opacity=1.0, ori=0.0, pos=array([0., 0.]), rgb=UNKNOWN, text=str(...), units='pix', win=Window(...), wrapWidth=1920)
62.7444 	DATA 	Keypress: space
64.2072 	DATA 	Keypress: right
67.1241 	DATA 	Keypress: right
69.8574 	DATA 	Keypress: right
72.5743 	DATA 	Keypress: left
75.3240 	DATA 	Keypress: left
78.1078 	DATA 	Keypress: left
80.5913 	DATA 	Keypress: right
83.2579 	DATA 	Keypress: right
86.1911 	DATA 	Keypress: right
88.8417 	DATA 	Keypress: left
90.3916 	DATA 	Keypress: left
93.3414 	DATA 	Keypress: left
96.2251 	DATA 	Keypress: right
98.9586 	DATA 	Keypress: left
101.6763 	DATA 	Keypress: left
104.4587 	DATA 	Keypress: right
107.2923 	DATA 	Keypress: left
110.1587 	DATA 	Keypress: right
112.9424 	DATA 	Keypress: right
115.4590 	DATA 	Keypress: right
118.0253 	DATA 	Keypress: right
120.6762 	DATA 	Keypress: left
122.0392 	EXP 	window1: mouseVisible = False
122.0473 	EXP 	Created unnamed TextStim = TextStim(__class__=<class 'psychopy.visual.text.TextStim'>, alignHoriz=method-wrapper(...), alignText='center', alignVert=method-wrapper(...), anchorHoriz='center', anchorVert='center', antialias=True, autoDraw=False, autoLog=True, bold=False, color=array([0.00392157, 0.00392157, 0.00392157]), colorSpace='rgb', contrast=1.0, depth=0, draggable=False, flipHoriz=False, flipVert=False, font='', fontFiles=[], height=20.0, italic=False, languageStyle='LTR', name='unnamed TextStim', opacity=1.0, ori=0.0, pos=array([0., 0.]), rgb=UNKNOWN, text=str(...), units='pix', win=Window(...), wrapWidth=1920)
126.2369 	DATA 	Keypress: space
127.6095 	DATA 	Keypress: left
129.8432 	DATA 	Keypress: right
131.7263 	DATA 	Keypress: right
132.5935 	DATA 	Keypress: right
134.7433 	DATA 	Keypress: left
137.1267 	DATA 	Keypress: left
139.4599 	DATA 	Keypress: left
141.7267 	DATA 	Keypress: left
144.2436 	DATA 	Keypress: right
146.4937 	DATA 	Keypress: right
148.8105 	DATA 	Keypress: left
151.1939 	DATA 	Keypress: left
153.5947 	DATA 	Keypress: left
155.7941 	DATA 	Keypress: right
158.0944 	DATA 	Keypress: right
160.3109 	DATA 	Keypress: left
162.5610 	DATA 	Keypress: left
164.9945 	DATA 	Keypress: right
167.2446 	DATA 	Keypress: left
169.3780 	DATA 	Keypress: left
171.6281 	DATA 	Keypress: left
173.8114 	DATA 	Keypress: left
176.1119 	DATA 	Keypress: left
178.5116 	DATA 	Keypress: right
180.9284 	DATA 	Keypress: left
182.9617 	DATA 	Keypress: right
185.1623 	DATA 	Keypress: right
187.5633 	DATA 	Keypress: right
189.6619 	DATA 	Keypress: left
192.0119 	DATA 	Keypress: left
194.3623 	DATA 	Keypress: left
196.7620 	DATA 	Keypress: right
198.8455 	DATA 	Keypress: left
201.4292 	DATA 	Keypress: left
203.7626 	DATA 	Keypress: left
205.9806 	DATA 	Keypress: right
208.2462 	DATA 	Keypress: left
210.5795 	DATA 	Keypress: left
212.8296 	DATA 	Keypress: right
215.4464 	DATA 	Keypress: right
217.6299 	DATA 	Keypress: left
219.8297 	DATA 	Keypress: left
222.0300 	DATA 	Keypress: left
224.1301 	DATA 	Keypress: left
226.2303 	DATA 	Keypress: right
228.3133 	DATA 	Keypress: left
230.5968 	DATA 	Keypress: left
233.0134 	DATA 	Keypress: left
235.2134 	DATA 	Keypress: left
237.4636 	DATA 	Keypress: left
239.6807 	DATA 	Keypress: right
242.0310 	DATA 	Keypress: left
244.2974 	DATA 	Keypress: left
246.4309 	DATA 	Keypress: left
248.6802 	DATA 	Keypress: left
251.0810 	DATA 	Keypress: left
253.1643 	DATA 	Keypress: left
255.2479 	DATA 	Keypress: left
257.3479 	DATA 	Keypress: left
259.5481 	DATA 	Keypress: left
261.6993 	DATA 	Keypress: left
263.9323 	DATA 	Keypress: right
265.9318 	DATA 	Keypress: left
266.7153 	EXP 	window1: mouseVisible = False
266.7466 	EXP 	Created unnamed ImageStim = ImageStim(__class__=<class 'psychopy.visual.image.ImageStim'>, anchor=('center', 'center'), autoLog=True, color=array([1., 1., 1.]), colorSpace='rgb', contrast=1.0, depth=0, draggable=False, flipHoriz=False, flipVert=False, image='.\\stims\\CIRCLES_LEFT.bmp', interpolate=False, mask=None, maskParams=None, name='unnamed ImageStim', opacity=1, ori=0.0, pos=array([0., 0.]), size=array([960., 720.]), texRes=128, units='pix', win=Window(...))
266.7466 	EXP 	window1: mouseVisible = False
266.7699 	EXP 	Created unnamed ImageStim = ImageStim(__class__=<class 'psychopy.visual.image.ImageStim'>, anchor=('center', 'center'), autoLog=True, color=array([1., 1., 1.]), colorSpace='rgb', contrast=1.0, depth=0, draggable=False, flipHoriz=False, flipVert=False, image='.\\stims\\CIRCLES_RIGHT.bmp', interpolate=False, mask=None, maskParams=None, name='unnamed ImageStim', opacity=1, ori=0.0, pos=array([0., 0.]), size=array([960., 720.]), texRes=128, units='pix', win=Window(...))
266.7700 	EXP 	window1: mouseVisible = False
266.7931 	EXP 	Created unnamed ImageStim = ImageStim(__class__=<class 'psychopy.visual.image.ImageStim'>, anchor=('center', 'center'), autoLog=True, color=array([1., 1., 1.]), colorSpace='rgb', contrast=1.0, depth=0, draggable=False, flipHoriz=False, flipVert=False, image='.\\stims\\CIRCLES_MASK.bmp', interpolate=False, mask=None, maskParams=None, name='unnamed ImageStim', opacity=1, ori=0.0, pos=array([0., 0.]), size=array([960., 720.]), texRes=128, units='pix', win=Window(...))
266.7932 	EXP 	window1: mouseVisible = False
266.7997 	EXP 	Created unnamed TextStim = TextStim(__class__=<class 'psychopy.visual.text.TextStim'>, alignHoriz=method-wrapper(...), alignText='center', alignVert=method-wrapper(...), anchorHoriz='center', anchorVert='center', antialias=True, autoDraw=False, autoLog=True, bold=False, color=array([0.00392157, 0.00392157, 0.00392157]), colorSpace='rgb', contrast=1.0, depth=0, draggable=False, flipHoriz=False, flipVert=False, font='', fontFiles=[], height=100.0, italic=False, languageStyle='LTR', name='unnamed TextStim', opacity=1.0, ori=0.0, pos=array([0., 0.]), rgb=UNKNOWN, text='+', units='pix', win=Window(...), wrapWidth=500)
266.7999 	EXP 	window1: mouseVisible = False
266.8041 	EXP 	Created unnamed TextStim = TextStim(__class__=<class 'psychopy.visual.text.TextStim'>, alignHoriz=method-wrapper(...), alignText='center', alignVert=method-wrapper(...), anchorHoriz='center', anchorVert='center', antialias=True, autoDraw=False, autoLog=True, bold=False, color=array([0.00392157, 0.00392157, 0.00392157]), colorSpace='rgb', contrast=1.0, depth=0, draggable=False, flipHoriz=False, flipVert=False, font='', fontFiles=[], height=30.0, italic=False, languageStyle='LTR', name='unnamed TextStim', opacity=1.0, ori=0.0, pos=array([   0., -200.]), rgb=UNKNOWN, text='←       →', units='pix', win=Window(...), wrapWidth=500)
266.8042 	EXP 	window1: mouseVisible = False
266.8099 	EXP 	Created unnamed TextStim = TextStim(__class__=<class 'psychopy.visual.text.TextStim'>, alignHoriz=method-wrapper(...), alignText='center', alignVert=method-wrapper(...), anchorHoriz='center', anchorVert='center', antialias=True, autoDraw=False, autoLog=True, bold=False, color=array([0.00392157, 0.00392157, 0.00392157]), colorSpace='rgb', contrast=1.0, depth=0, draggable=False, flipHoriz=False, flipVert=False, font='', fontFiles=[], height=20.0, italic=False, languageStyle='LTR', name='unnamed TextStim', opacity=1.0, ori=0.0, pos=array([   0., -180.]), rgb=UNKNOWN, text='Gdzie pojawił się WIĘKSZY okręg?', units='pix', win=Window(...), wrapWidth=500)
266.8241 	EXP 	window1: mouseVisible = False
266.8379 	EXP 	Created unnamed TextStim = TextStim(__class__=<class 'psychopy.visual.text.TextStim'>, alignHoriz=method-wrapper(...), alignText='center', alignVert=method-wrapper(...), anchorHoriz='center', anchorVert='center', antialias=True, autoDraw=False, autoLog=True, bold=False, color=array([0.00392157, 0.00392157, 0.00392157]), colorSpace='rgb', contrast=1.0, depth=0, draggable=False, flipHoriz=False, flipVert=False, font='', fontFiles=[], height=20.0, italic=False, languageStyle='LTR', name='unnamed TextStim', opacity=1.0, ori=0.0, pos=array([0., 0.]), rgb=UNKNOWN, text=str(...), units='pix', win=Window(...), wrapWidth=1920)
281.4721 	DATA 	Keypress: space
282.7990 	DATA 	Keypress: left
283.7333 	DATA 	Keypress: left
286.3825 	DATA 	Keypress: right
286.9825 	DATA 	Keypress: right
290.3159 	DATA 	Keypress: left
293.0993 	DATA 	Keypress: left
293.7827 	DATA 	Keypress: left
297.1162 	DATA 	Keypress: left
300.1830 	DATA 	Keypress: left
302.6998 	DATA 	Keypress: left
303.3498 	DATA 	Keypress: left
306.5502 	DATA 	Keypress: right
309.5667 	DATA 	Keypress: left
312.6168 	DATA 	Keypress: left
315.5500 	DATA 	Keypress: right
318.5002 	DATA 	Keypress: right
321.3170 	DATA 	Keypress: left
324.3006 	DATA 	Keypress: right
327.1664 	DATA 	Keypress: left
330.1340 	DATA 	Keypress: right
333.0343 	DATA 	Keypress: left
336.1012 	DATA 	Keypress: right
339.1844 	DATA 	Keypress: right
342.0180 	DATA 	Keypress: right
343.4452 	EXP 	window1: mouseVisible = False
343.4528 	EXP 	Created unnamed TextStim = TextStim(__class__=<class 'psychopy.visual.text.TextStim'>, alignHoriz=method-wrapper(...), alignText='center', alignVert=method-wrapper(...), anchorHoriz='center', anchorVert='center', antialias=True, autoDraw=False, autoLog=True, bold=False, color=array([0.00392157, 0.00392157, 0.00392157]), colorSpace='rgb', contrast=1.0, depth=0, draggable=False, flipHoriz=False, flipVert=False, font='', fontFiles=[], height=20.0, italic=False, languageStyle='LTR', name='unnamed TextStim', opacity=1.0, ori=0.0, pos=array([0., 0.]), rgb=UNKNOWN, text=str(...), units='pix', win=Window(...), wrapWidth=1920)
347.4667 	DATA 	Keypress: space
349.2847 	DATA 	Keypress: right
351.9184 	DATA 	Keypress: left
354.3683 	DATA 	Keypress: left
356.8185 	DATA 	Keypress: left
359.1691 	DATA 	Keypress: left
361.6351 	DATA 	Keypress: right
363.9855 	DATA 	Keypress: right
366.4523 	DATA 	Keypress: left
368.8023 	DATA 	Keypress: right
371.1357 	DATA 	Keypress: right
373.4526 	DATA 	Keypress: left
375.8024 	DATA 	Keypress: right
378.1192 	DATA 	Keypress: left
380.4526 	DATA 	Keypress: left
382.7031 	DATA 	Keypress: right
385.1031 	DATA 	Keypress: right
387.3696 	DATA 	Keypress: right
389.8865 	DATA 	Keypress: right
392.2531 	DATA 	Keypress: left
394.5364 	DATA 	Keypress: right
397.0366 	DATA 	Keypress: left
399.3201 	DATA 	Keypress: left
401.4369 	DATA 	Keypress: right
403.8367 	DATA 	Keypress: left
406.0705 	DATA 	Keypress: left
408.2038 	DATA 	Keypress: right
410.8374 	DATA 	Keypress: left
413.0372 	DATA 	Keypress: right
415.2207 	DATA 	Keypress: right
417.5042 	DATA 	Keypress: right
419.7376 	DATA 	Keypress: left
422.0211 	DATA 	Keypress: left
424.3379 	DATA 	Keypress: right
426.6379 	DATA 	Keypress: right
429.1213 	DATA 	Keypress: right
431.4727 	DATA 	Keypress: left
434.0396 	DATA 	Keypress: left
436.3382 	DATA 	Keypress: left
438.6550 	DATA 	Keypress: right
440.9381 	DATA 	Keypress: left
443.2889 	DATA 	Keypress: right
445.3887 	DATA 	Keypress: right
447.9387 	DATA 	Keypress: right
450.2057 	DATA 	Keypress: right
452.6722 	DATA 	Keypress: left
455.0724 	DATA 	Keypress: right
457.5887 	DATA 	Keypress: right
459.7725 	DATA 	Keypress: right
462.1223 	DATA 	Keypress: right
464.2227 	DATA 	Keypress: right
466.6725 	DATA 	Keypress: right
468.9725 	DATA 	Keypress: left
471.3229 	DATA 	Keypress: right
473.8230 	DATA 	Keypress: right
476.0731 	DATA 	Keypress: right
478.8898 	DATA 	Keypress: right
481.8899 	DATA 	Keypress: left
484.1066 	DATA 	Keypress: left
486.5235 	DATA 	Keypress: left
488.7070 	DATA 	Keypress: right
491.0900 	DATA 	Keypress: right
493.2406 	DATA 	Keypress: right
495.4736 	DATA 	Keypress: left
497.7750 	DATA 	Keypress: right
500.3072 	DATA 	Keypress: right
502.7251 	DATA 	Keypress: right
505.0917 	DATA 	Keypress: left
507.5409 	DATA 	Keypress: right
510.0577 	DATA 	Keypress: right
512.3591 	DATA 	Keypress: right
514.7742 	DATA 	Keypress: left
517.0911 	DATA 	Keypress: left
518.0920 	EXP 	window1: mouseVisible = False
518.0958 	EXP 	Created unnamed TextStim = TextStim(__class__=<class 'psychopy.visual.text.TextStim'>, alignHoriz=method-wrapper(...), alignText='center', alignVert=method-wrapper(...), anchorHoriz='center', anchorVert='center', antialias=True, autoDraw=False, autoLog=True, bold=False, color=array([0.00392157, 0.00392157, 0.00392157]), colorSpace='rgb', contrast=1.0, depth=0, draggable=False, flipHoriz=False, flipVert=False, font='', fontFiles=[], height=20.0, italic=False, languageStyle='LTR', name='unnamed TextStim', opacity=1.0, ori=0.0, pos=array([0., 0.]), rgb=UNKNOWN, text=str(...), units='pix', win=Window(...), wrapWidth=1920)
528.0992 	DATA 	Keypress: return
528.1708 	EXP 	window1: mouseVisible = True
