18.0364 	INFO 	FRAME RATE: 60
18.0364 	INFO 	SCREEN RES: [1920, 1080]
18.1063 	EXP 	Created unnamed TextStim = TextStim(__class__=<class 'psychopy.visual.text.TextStim'>, alignHoriz=method-wrapper(...), alignText='center', alignVert=method-wrapper(...), anchorHoriz='center', anchorVert='center', antialias=True, autoDraw=False, autoLog=True, bold=False, color=array([0.00392157, 0.00392157, 0.00392157]), colorSpace='rgb', contrast=1.0, depth=0, flipHoriz=False, flipVert=False, font='', fontFiles=[], height=40.0, italic=False, languageStyle='LTR', name='unnamed TextStim', opacity=1.0, ori=0.0, pos=array([0., 0.]), rgb=UNKNOWN, text='Poprawna odpowiedź', units='pix', win=Window(...), wrapWidth=500)
18.1092 	EXP 	Created unnamed TextStim = TextStim(__class__=<class 'psychopy.visual.text.TextStim'>, alignHoriz=method-wrapper(...), alignText='center', alignVert=method-wrapper(...), anchorHoriz='center', anchorVert='center', antialias=True, autoDraw=False, autoLog=True, bold=False, color=array([0.00392157, 0.00392157, 0.00392157]), colorSpace='rgb', contrast=1.0, depth=0, flipHoriz=False, flipVert=False, font='', fontFiles=[], height=40.0, italic=False, languageStyle='LTR', name='unnamed TextStim', opacity=1.0, ori=0.0, pos=array([0., 0.]), rgb=UNKNOWN, text='Niepoprawna odpowiedź', units='pix', win=Window(...), wrapWidth=500)
18.1133 	EXP 	Created unnamed TextStim = TextStim(__class__=<class 'psychopy.visual.text.TextStim'>, alignHoriz=method-wrapper(...), alignText='center', alignVert=method-wrapper(...), anchorHoriz='center', anchorVert='center', antialias=True, autoDraw=False, autoLog=True, bold=False, color=array([0.00392157, 0.00392157, 0.00392157]), colorSpace='rgb', contrast=1.0, depth=0, flipHoriz=False, flipVert=False, font='', fontFiles=[], height=40.0, italic=False, languageStyle='LTR', name='unnamed TextStim', opacity=1.0, ori=0.0, pos=array([0., 0.]), rgb=UNKNOWN, text='Nie udzieliłeś odpowiedzi', units='pix', win=Window(...), wrapWidth=500)
18.1748 	EXP 	Created unnamed ImageStim = ImageStim(__class__=<class 'psychopy.visual.image.ImageStim'>, anchor=('center', 'center'), autoLog=True, color=array([1., 1., 1.]), colorSpace='rgb', contrast=1.0, depth=0, flipHoriz=False, flipVert=False, image='.\\stims\\SQUARES_LEFT.bmp', interpolate=False, mask=None, maskParams=None, name='unnamed ImageStim', opacity=1.0, ori=0.0, pos=array([0., 0.]), size=array([960., 720.]), texRes=128, units='pix', win=Window(...))
18.2387 	EXP 	Created unnamed ImageStim = ImageStim(__class__=<class 'psychopy.visual.image.ImageStim'>, anchor=('center', 'center'), autoLog=True, color=array([1., 1., 1.]), colorSpace='rgb', contrast=1.0, depth=0, flipHoriz=False, flipVert=False, image='.\\stims\\SQUARES_RIGHT.bmp', interpolate=False, mask=None, maskParams=None, name='unnamed ImageStim', opacity=1.0, ori=0.0, pos=array([0., 0.]), size=array([960., 720.]), texRes=128, units='pix', win=Window(...))
18.2934 	EXP 	Created unnamed ImageStim = ImageStim(__class__=<class 'psychopy.visual.image.ImageStim'>, anchor=('center', 'center'), autoLog=True, color=array([1., 1., 1.]), colorSpace='rgb', contrast=1.0, depth=0, flipHoriz=False, flipVert=False, image='.\\stims\\SQUARES_MASK.bmp', interpolate=False, mask=None, maskParams=None, name='unnamed ImageStim', opacity=1.0, ori=0.0, pos=array([0., 0.]), size=array([960., 720.]), texRes=128, units='pix', win=Window(...))
18.3089 	EXP 	Created unnamed TextStim = TextStim(__class__=<class 'psychopy.visual.text.TextStim'>, alignHoriz=method-wrapper(...), alignText='center', alignVert=method-wrapper(...), anchorHoriz='center', anchorVert='center', antialias=True, autoDraw=False, autoLog=True, bold=False, color=array([0.00392157, 0.00392157, 0.00392157]), colorSpace='rgb', contrast=1.0, depth=0, flipHoriz=False, flipVert=False, font='', fontFiles=[], height=100.0, italic=False, languageStyle='LTR', name='unnamed TextStim', opacity=1.0, ori=0.0, pos=array([0., 0.]), rgb=UNKNOWN, text='+', units='pix', win=Window(...), wrapWidth=500)
18.3144 	EXP 	Created unnamed TextStim = TextStim(__class__=<class 'psychopy.visual.text.TextStim'>, alignHoriz=method-wrapper(...), alignText='center', alignVert=method-wrapper(...), anchorHoriz='center', anchorVert='center', antialias=True, autoDraw=False, autoLog=True, bold=False, color=array([0.00392157, 0.00392157, 0.00392157]), colorSpace='rgb', contrast=1.0, depth=0, flipHoriz=False, flipVert=False, font='', fontFiles=[], height=30.0, italic=False, languageStyle='LTR', name='unnamed TextStim', opacity=1.0, ori=0.0, pos=array([   0., -200.]), rgb=UNKNOWN, text='←       →', units='pix', win=Window(...), wrapWidth=500)
18.3259 	EXP 	Created unnamed TextStim = TextStim(__class__=<class 'psychopy.visual.text.TextStim'>, alignHoriz=method-wrapper(...), alignText='center', alignVert=method-wrapper(...), anchorHoriz='center', anchorVert='center', antialias=True, autoDraw=False, autoLog=True, bold=False, color=array([0.00392157, 0.00392157, 0.00392157]), colorSpace='rgb', contrast=1.0, depth=0, flipHoriz=False, flipVert=False, font='', fontFiles=[], height=20.0, italic=False, languageStyle='LTR', name='unnamed TextStim', opacity=1.0, ori=0.0, pos=array([   0., -180.]), rgb=UNKNOWN, text='Gdzie pojawił się OBROCONY kwadrat?', units='pix', win=Window(...), wrapWidth=500)
18.3687 	EXP 	Created unnamed TextStim = TextStim(__class__=<class 'psychopy.visual.text.TextStim'>, alignHoriz=method-wrapper(...), alignText='center', alignVert=method-wrapper(...), anchorHoriz='center', anchorVert='center', antialias=True, autoDraw=False, autoLog=True, bold=False, color=array([0.00392157, 0.00392157, 0.00392157]), colorSpace='rgb', contrast=1.0, depth=0, flipHoriz=False, flipVert=False, font='', fontFiles=[], height=20.0, italic=False, languageStyle='LTR', name='unnamed TextStim', opacity=1.0, ori=0.0, pos=array([0., 0.]), rgb=UNKNOWN, text=str(...), units='pix', win=Window(...), wrapWidth=1920)
60.4411 	DATA 	Keypress: space
62.0866 	DATA 	Keypress: right
64.7701 	DATA 	Keypress: left
66.0368 	DATA 	Keypress: left
68.9199 	DATA 	Keypress: right
71.5037 	DATA 	Keypress: right
72.1369 	DATA 	Keypress: right
75.2538 	DATA 	Keypress: left
78.2037 	DATA 	Keypress: left
81.0372 	DATA 	Keypress: left
83.8706 	DATA 	Keypress: right
86.8708 	DATA 	Keypress: right
89.7375 	DATA 	Keypress: left
92.4387 	DATA 	Keypress: right
95.1888 	DATA 	Keypress: left
97.9877 	DATA 	Keypress: left
100.4545 	DATA 	Keypress: right
101.0378 	DATA 	Keypress: right
103.8047 	DATA 	Keypress: left
106.4546 	DATA 	Keypress: right
109.4548 	DATA 	Keypress: right
112.0882 	DATA 	Keypress: right
114.6215 	DATA 	Keypress: left
117.3885 	DATA 	Keypress: left
118.7978 	EXP 	Created unnamed TextStim = TextStim(__class__=<class 'psychopy.visual.text.TextStim'>, alignHoriz=method-wrapper(...), alignText='center', alignVert=method-wrapper(...), anchorHoriz='center', anchorVert='center', antialias=True, autoDraw=False, autoLog=True, bold=False, color=array([0.00392157, 0.00392157, 0.00392157]), colorSpace='rgb', contrast=1.0, depth=0, flipHoriz=False, flipVert=False, font='', fontFiles=[], height=20.0, italic=False, languageStyle='LTR', name='unnamed TextStim', opacity=1.0, ori=0.0, pos=array([0., 0.]), rgb=UNKNOWN, text=str(...), units='pix', win=Window(...), wrapWidth=1920)
124.0889 	DATA 	Keypress: space
125.4386 	DATA 	Keypress: right
127.6221 	DATA 	Keypress: left
129.7552 	DATA 	Keypress: right
131.7056 	DATA 	Keypress: left
133.7889 	DATA 	Keypress: right
135.9391 	DATA 	Keypress: left
138.0557 	DATA 	Keypress: right
140.1224 	DATA 	Keypress: left
142.2392 	DATA 	Keypress: right
144.3894 	DATA 	Keypress: left
146.4560 	DATA 	Keypress: right
148.6561 	DATA 	Keypress: right
150.8231 	DATA 	Keypress: left
153.1395 	DATA 	Keypress: right
155.4562 	DATA 	Keypress: left
157.4730 	DATA 	Keypress: right
159.7564 	DATA 	Keypress: left
162.0733 	DATA 	Keypress: right
164.3400 	DATA 	Keypress: left
167.2734 	DATA 	Keypress: right
169.4900 	DATA 	Keypress: left
171.5570 	DATA 	Keypress: left
173.7736 	DATA 	Keypress: right
175.9236 	DATA 	Keypress: right
177.8737 	DATA 	Keypress: left
179.9404 	DATA 	Keypress: right
182.3572 	DATA 	Keypress: right
184.5402 	DATA 	Keypress: right
186.5574 	DATA 	Keypress: left
188.7241 	DATA 	Keypress: right
190.9409 	DATA 	Keypress: right
193.0576 	DATA 	Keypress: left
195.1743 	DATA 	Keypress: right
197.2911 	DATA 	Keypress: right
199.2244 	DATA 	Keypress: left
201.2412 	DATA 	Keypress: left
203.5077 	DATA 	Keypress: right
205.7247 	DATA 	Keypress: left
207.9247 	DATA 	Keypress: left
209.9248 	DATA 	Keypress: right
210.9074 	EXP 	Created unnamed ImageStim = ImageStim(__class__=<class 'psychopy.visual.image.ImageStim'>, anchor=('center', 'center'), autoLog=True, color=array([1., 1., 1.]), colorSpace='rgb', contrast=1.0, depth=0, flipHoriz=False, flipVert=False, image='.\\stims\\CIRCLES_LEFT.bmp', interpolate=False, mask=None, maskParams=None, name='unnamed ImageStim', opacity=1.0, ori=0.0, pos=array([0., 0.]), size=array([960., 720.]), texRes=128, units='pix', win=Window(...))
210.9553 	EXP 	Created unnamed ImageStim = ImageStim(__class__=<class 'psychopy.visual.image.ImageStim'>, anchor=('center', 'center'), autoLog=True, color=array([1., 1., 1.]), colorSpace='rgb', contrast=1.0, depth=0, flipHoriz=False, flipVert=False, image='.\\stims\\CIRCLES_RIGHT.bmp', interpolate=False, mask=None, maskParams=None, name='unnamed ImageStim', opacity=1.0, ori=0.0, pos=array([0., 0.]), size=array([960., 720.]), texRes=128, units='pix', win=Window(...))
211.0059 	EXP 	Created unnamed ImageStim = ImageStim(__class__=<class 'psychopy.visual.image.ImageStim'>, anchor=('center', 'center'), autoLog=True, color=array([1., 1., 1.]), colorSpace='rgb', contrast=1.0, depth=0, flipHoriz=False, flipVert=False, image='.\\stims\\CIRCLES_MASK.bmp', interpolate=False, mask=None, maskParams=None, name='unnamed ImageStim', opacity=1.0, ori=0.0, pos=array([0., 0.]), size=array([960., 720.]), texRes=128, units='pix', win=Window(...))
211.0186 	EXP 	Created unnamed TextStim = TextStim(__class__=<class 'psychopy.visual.text.TextStim'>, alignHoriz=method-wrapper(...), alignText='center', alignVert=method-wrapper(...), anchorHoriz='center', anchorVert='center', antialias=True, autoDraw=False, autoLog=True, bold=False, color=array([0.00392157, 0.00392157, 0.00392157]), colorSpace='rgb', contrast=1.0, depth=0, flipHoriz=False, flipVert=False, font='', fontFiles=[], height=100.0, italic=False, languageStyle='LTR', name='unnamed TextStim', opacity=1.0, ori=0.0, pos=array([0., 0.]), rgb=UNKNOWN, text='+', units='pix', win=Window(...), wrapWidth=500)
211.0288 	EXP 	Created unnamed TextStim = TextStim(__class__=<class 'psychopy.visual.text.TextStim'>, alignHoriz=method-wrapper(...), alignText='center', alignVert=method-wrapper(...), anchorHoriz='center', anchorVert='center', antialias=True, autoDraw=False, autoLog=True, bold=False, color=array([0.00392157, 0.00392157, 0.00392157]), colorSpace='rgb', contrast=1.0, depth=0, flipHoriz=False, flipVert=False, font='', fontFiles=[], height=30.0, italic=False, languageStyle='LTR', name='unnamed TextStim', opacity=1.0, ori=0.0, pos=array([   0., -200.]), rgb=UNKNOWN, text='←       →', units='pix', win=Window(...), wrapWidth=500)
211.0340 	EXP 	Created unnamed TextStim = TextStim(__class__=<class 'psychopy.visual.text.TextStim'>, alignHoriz=method-wrapper(...), alignText='center', alignVert=method-wrapper(...), anchorHoriz='center', anchorVert='center', antialias=True, autoDraw=False, autoLog=True, bold=False, color=array([0.00392157, 0.00392157, 0.00392157]), colorSpace='rgb', contrast=1.0, depth=0, flipHoriz=False, flipVert=False, font='', fontFiles=[], height=20.0, italic=False, languageStyle='LTR', name='unnamed TextStim', opacity=1.0, ori=0.0, pos=array([   0., -180.]), rgb=UNKNOWN, text='Gdzie pojawił się WIĘKSZY okręg?', units='pix', win=Window(...), wrapWidth=500)
211.0553 	EXP 	Created unnamed TextStim = TextStim(__class__=<class 'psychopy.visual.text.TextStim'>, alignHoriz=method-wrapper(...), alignText='center', alignVert=method-wrapper(...), anchorHoriz='center', anchorVert='center', antialias=True, autoDraw=False, autoLog=True, bold=False, color=array([0.00392157, 0.00392157, 0.00392157]), colorSpace='rgb', contrast=1.0, depth=0, flipHoriz=False, flipVert=False, font='', fontFiles=[], height=20.0, italic=False, languageStyle='LTR', name='unnamed TextStim', opacity=1.0, ori=0.0, pos=array([0., 0.]), rgb=UNKNOWN, text=str(...), units='pix', win=Window(...), wrapWidth=1920)
219.8363 	DATA 	Keypress: space
221.0584 	DATA 	Keypress: right
222.0418 	DATA 	Keypress: right
224.5419 	DATA 	Keypress: left
225.1753 	DATA 	Keypress: left
227.6920 	DATA 	Keypress: left
228.2254 	DATA 	Keypress: left
230.9421 	DATA 	Keypress: left
231.5087 	DATA 	Keypress: left
234.6422 	DATA 	Keypress: right
237.6589 	DATA 	Keypress: right
240.7425 	DATA 	Keypress: right
243.8593 	DATA 	Keypress: left
247.3760 	DATA 	Keypress: right
250.0594 	DATA 	Keypress: left
251.2094 	DATA 	Keypress: left
254.1595 	DATA 	Keypress: right
257.0596 	DATA 	Keypress: left
259.9430 	DATA 	Keypress: right
262.9599 	DATA 	Keypress: right
266.0097 	DATA 	Keypress: left
268.9600 	DATA 	Keypress: left
271.8767 	DATA 	Keypress: right
274.7604 	DATA 	Keypress: left
277.7104 	DATA 	Keypress: right
280.6936 	DATA 	Keypress: right
282.1739 	EXP 	Created unnamed TextStim = TextStim(__class__=<class 'psychopy.visual.text.TextStim'>, alignHoriz=method-wrapper(...), alignText='center', alignVert=method-wrapper(...), anchorHoriz='center', anchorVert='center', antialias=True, autoDraw=False, autoLog=True, bold=False, color=array([0.00392157, 0.00392157, 0.00392157]), colorSpace='rgb', contrast=1.0, depth=0, flipHoriz=False, flipVert=False, font='', fontFiles=[], height=20.0, italic=False, languageStyle='LTR', name='unnamed TextStim', opacity=1.0, ori=0.0, pos=array([0., 0.]), rgb=UNKNOWN, text=str(...), units='pix', win=Window(...), wrapWidth=1920)
286.9565 	DATA 	Keypress: space
288.1774 	DATA 	Keypress: left
290.5772 	DATA 	Keypress: right
292.8775 	DATA 	Keypress: left
295.1941 	DATA 	Keypress: right
297.3943 	DATA 	Keypress: left
299.5777 	DATA 	Keypress: right
301.9956 	DATA 	Keypress: left
305.0777 	DATA 	Keypress: left
307.3446 	DATA 	Keypress: right
309.7280 	DATA 	Keypress: right
311.9780 	DATA 	Keypress: right
314.1282 	DATA 	Keypress: left
316.3780 	DATA 	Keypress: right
318.7282 	DATA 	Keypress: left
320.9449 	DATA 	Keypress: left
323.2118 	DATA 	Keypress: left
325.3285 	DATA 	Keypress: right
327.6453 	DATA 	Keypress: right
329.7620 	DATA 	Keypress: right
331.7454 	DATA 	Keypress: left
332.4787 	DATA 	Keypress: left
334.6621 	DATA 	Keypress: left
336.4456 	DATA 	Keypress: right
337.0120 	DATA 	Keypress: right
339.2291 	DATA 	Keypress: right
341.1290 	DATA 	Keypress: left
341.7291 	DATA 	Keypress: left
344.0637 	DATA 	Keypress: right
346.2458 	DATA 	Keypress: right
348.4471 	DATA 	Keypress: right
350.4626 	DATA 	Keypress: left
350.9794 	DATA 	Keypress: left
353.2627 	DATA 	Keypress: right
355.5296 	DATA 	Keypress: right
357.6296 	DATA 	Keypress: left
359.6797 	DATA 	Keypress: right
361.8963 	DATA 	Keypress: left
364.0466 	DATA 	Keypress: left
366.3477 	DATA 	Keypress: right
368.5645 	DATA 	Keypress: left
370.7801 	DATA 	Keypress: right
372.8301 	DATA 	Keypress: left
375.0302 	DATA 	Keypress: left
377.4479 	DATA 	Keypress: right
378.4717 	EXP 	Created unnamed TextStim = TextStim(__class__=<class 'psychopy.visual.text.TextStim'>, alignHoriz=method-wrapper(...), alignText='center', alignVert=method-wrapper(...), anchorHoriz='center', anchorVert='center', antialias=True, autoDraw=False, autoLog=True, bold=False, color=array([0.00392157, 0.00392157, 0.00392157]), colorSpace='rgb', contrast=1.0, depth=0, flipHoriz=False, flipVert=False, font='', fontFiles=[], height=20.0, italic=False, languageStyle='LTR', name='unnamed TextStim', opacity=1.0, ori=0.0, pos=array([0., 0.]), rgb=UNKNOWN, text=str(...), units='pix', win=Window(...), wrapWidth=1920)
870.0879 	DATA 	Keypress: return
870.1873 	EXP 	window1: mouseVisible = True
