30.1068 	INFO 	FRAME RATE: 60
30.1068 	INFO 	SCREEN RES: [1920, 1080]
30.2456 	EXP 	Created unnamed TextStim = TextStim(__class__=<class 'psychopy.visual.text.TextStim'>, alignHoriz=method-wrapper(...), alignText='center', alignVert=method-wrapper(...), anchorHoriz='center', anchorVert='center', antialias=True, autoDraw=False, autoLog=True, bold=False, color=array([0.00392157, 0.00392157, 0.00392157]), colorSpace='rgb', contrast=1.0, depth=0, flipHoriz=False, flipVert=False, font='', fontFiles=[], height=40.0, italic=False, languageStyle='LTR', name='unnamed TextStim', opacity=1.0, ori=0.0, pos=array([0., 0.]), rgb=UNKNOWN, text='Poprawna odpowiedź', units='pix', win=Window(...), wrapWidth=500)
30.2493 	EXP 	Created unnamed TextStim = TextStim(__class__=<class 'psychopy.visual.text.TextStim'>, alignHoriz=method-wrapper(...), alignText='center', alignVert=method-wrapper(...), anchorHoriz='center', anchorVert='center', antialias=True, autoDraw=False, autoLog=True, bold=False, color=array([0.00392157, 0.00392157, 0.00392157]), colorSpace='rgb', contrast=1.0, depth=0, flipHoriz=False, flipVert=False, font='', fontFiles=[], height=40.0, italic=False, languageStyle='LTR', name='unnamed TextStim', opacity=1.0, ori=0.0, pos=array([0., 0.]), rgb=UNKNOWN, text='Niepoprawna odpowiedź', units='pix', win=Window(...), wrapWidth=500)
30.2561 	EXP 	Created unnamed TextStim = TextStim(__class__=<class 'psychopy.visual.text.TextStim'>, alignHoriz=method-wrapper(...), alignText='center', alignVert=method-wrapper(...), anchorHoriz='center', anchorVert='center', antialias=True, autoDraw=False, autoLog=True, bold=False, color=array([0.00392157, 0.00392157, 0.00392157]), colorSpace='rgb', contrast=1.0, depth=0, flipHoriz=False, flipVert=False, font='', fontFiles=[], height=40.0, italic=False, languageStyle='LTR', name='unnamed TextStim', opacity=1.0, ori=0.0, pos=array([0., 0.]), rgb=UNKNOWN, text='Nie udzieliłeś odpowiedzi', units='pix', win=Window(...), wrapWidth=500)
30.3471 	EXP 	Created unnamed ImageStim = ImageStim(__class__=<class 'psychopy.visual.image.ImageStim'>, anchor=('center', 'center'), autoLog=True, color=array([1., 1., 1.]), colorSpace='rgb', contrast=1.0, depth=0, flipHoriz=False, flipVert=False, image='.\\stims\\SQUARES_LEFT.bmp', interpolate=False, mask=None, maskParams=None, name='unnamed ImageStim', opacity=1.0, ori=0.0, pos=array([0., 0.]), size=array([960., 720.]), texRes=128, units='pix', win=Window(...))
30.4314 	EXP 	Created unnamed ImageStim = ImageStim(__class__=<class 'psychopy.visual.image.ImageStim'>, anchor=('center', 'center'), autoLog=True, color=array([1., 1., 1.]), colorSpace='rgb', contrast=1.0, depth=0, flipHoriz=False, flipVert=False, image='.\\stims\\SQUARES_RIGHT.bmp', interpolate=False, mask=None, maskParams=None, name='unnamed ImageStim', opacity=1.0, ori=0.0, pos=array([0., 0.]), size=array([960., 720.]), texRes=128, units='pix', win=Window(...))
30.5273 	EXP 	Created unnamed ImageStim = ImageStim(__class__=<class 'psychopy.visual.image.ImageStim'>, anchor=('center', 'center'), autoLog=True, color=array([1., 1., 1.]), colorSpace='rgb', contrast=1.0, depth=0, flipHoriz=False, flipVert=False, image='.\\stims\\SQUARES_MASK.bmp', interpolate=False, mask=None, maskParams=None, name='unnamed ImageStim', opacity=1.0, ori=0.0, pos=array([0., 0.]), size=array([960., 720.]), texRes=128, units='pix', win=Window(...))
30.5415 	EXP 	Created unnamed TextStim = TextStim(__class__=<class 'psychopy.visual.text.TextStim'>, alignHoriz=method-wrapper(...), alignText='center', alignVert=method-wrapper(...), anchorHoriz='center', anchorVert='center', antialias=True, autoDraw=False, autoLog=True, bold=False, color=array([0.00392157, 0.00392157, 0.00392157]), colorSpace='rgb', contrast=1.0, depth=0, flipHoriz=False, flipVert=False, font='', fontFiles=[], height=100.0, italic=False, languageStyle='LTR', name='unnamed TextStim', opacity=1.0, ori=0.0, pos=array([0., 0.]), rgb=UNKNOWN, text='+', units='pix', win=Window(...), wrapWidth=500)
30.5483 	EXP 	Created unnamed TextStim = TextStim(__class__=<class 'psychopy.visual.text.TextStim'>, alignHoriz=method-wrapper(...), alignText='center', alignVert=method-wrapper(...), anchorHoriz='center', anchorVert='center', antialias=True, autoDraw=False, autoLog=True, bold=False, color=array([0.00392157, 0.00392157, 0.00392157]), colorSpace='rgb', contrast=1.0, depth=0, flipHoriz=False, flipVert=False, font='', fontFiles=[], height=30.0, italic=False, languageStyle='LTR', name='unnamed TextStim', opacity=1.0, ori=0.0, pos=array([   0., -200.]), rgb=UNKNOWN, text='←       →', units='pix', win=Window(...), wrapWidth=500)
30.5711 	EXP 	Created unnamed TextStim = TextStim(__class__=<class 'psychopy.visual.text.TextStim'>, alignHoriz=method-wrapper(...), alignText='center', alignVert=method-wrapper(...), anchorHoriz='center', anchorVert='center', antialias=True, autoDraw=False, autoLog=True, bold=False, color=array([0.00392157, 0.00392157, 0.00392157]), colorSpace='rgb', contrast=1.0, depth=0, flipHoriz=False, flipVert=False, font='', fontFiles=[], height=20.0, italic=False, languageStyle='LTR', name='unnamed TextStim', opacity=1.0, ori=0.0, pos=array([   0., -180.]), rgb=UNKNOWN, text='Gdzie pojawił się OBROCONY kwadrat?', units='pix', win=Window(...), wrapWidth=500)
30.6245 	EXP 	Created unnamed TextStim = TextStim(__class__=<class 'psychopy.visual.text.TextStim'>, alignHoriz=method-wrapper(...), alignText='center', alignVert=method-wrapper(...), anchorHoriz='center', anchorVert='center', antialias=True, autoDraw=False, autoLog=True, bold=False, color=array([0.00392157, 0.00392157, 0.00392157]), colorSpace='rgb', contrast=1.0, depth=0, flipHoriz=False, flipVert=False, font='', fontFiles=[], height=20.0, italic=False, languageStyle='LTR', name='unnamed TextStim', opacity=1.0, ori=0.0, pos=array([0., 0.]), rgb=UNKNOWN, text=str(...), units='pix', win=Window(...), wrapWidth=1920)
83.4517 	DATA 	Keypress: space
87.2556 	DATA 	Keypress: right
91.0225 	DATA 	Keypress: left
94.1726 	DATA 	Keypress: left
97.0726 	DATA 	Keypress: right
100.1561 	DATA 	Keypress: right
102.8728 	DATA 	Keypress: left
105.8395 	DATA 	Keypress: left
108.8397 	DATA 	Keypress: right
112.1398 	DATA 	Keypress: left
114.9900 	DATA 	Keypress: right
117.7399 	DATA 	Keypress: right
120.5901 	DATA 	Keypress: right
120.8741 	DATA 	Keypress: right
123.2236 	DATA 	Keypress: right
126.0078 	DATA 	Keypress: left
128.7071 	DATA 	Keypress: right
131.5737 	DATA 	Keypress: left
134.4073 	DATA 	Keypress: right
137.2407 	DATA 	Keypress: left
140.2910 	DATA 	Keypress: left
142.8243 	DATA 	Keypress: right
144.1786 	EXP 	Created unnamed TextStim = TextStim(__class__=<class 'psychopy.visual.text.TextStim'>, alignHoriz=method-wrapper(...), alignText='center', alignVert=method-wrapper(...), anchorHoriz='center', anchorVert='center', antialias=True, autoDraw=False, autoLog=True, bold=False, color=array([0.00392157, 0.00392157, 0.00392157]), colorSpace='rgb', contrast=1.0, depth=0, flipHoriz=False, flipVert=False, font='', fontFiles=[], height=20.0, italic=False, languageStyle='LTR', name='unnamed TextStim', opacity=1.0, ori=0.0, pos=array([0., 0.]), rgb=UNKNOWN, text=str(...), units='pix', win=Window(...), wrapWidth=1920)
158.2477 	DATA 	Keypress: space
159.7914 	DATA 	Keypress: left
162.2750 	DATA 	Keypress: right
164.4752 	DATA 	Keypress: right
166.6752 	DATA 	Keypress: right
168.7419 	DATA 	Keypress: right
170.8754 	DATA 	Keypress: left
173.3754 	DATA 	Keypress: left
175.7918 	DATA 	Keypress: left
178.0089 	DATA 	Keypress: right
180.2924 	DATA 	Keypress: left
182.9937 	DATA 	Keypress: right
185.8603 	DATA 	Keypress: right
189.1427 	DATA 	Keypress: left
191.8594 	DATA 	Keypress: right
194.4596 	DATA 	Keypress: right
197.4929 	DATA 	Keypress: left
200.7429 	DATA 	Keypress: left
202.9598 	DATA 	Keypress: left
205.6100 	DATA 	Keypress: left
208.1434 	DATA 	Keypress: left
210.5603 	DATA 	Keypress: right
212.7769 	DATA 	Keypress: left
215.0272 	DATA 	Keypress: left
217.5270 	DATA 	Keypress: left
220.5105 	DATA 	Keypress: left
222.7616 	DATA 	Keypress: left
225.9774 	DATA 	Keypress: right
228.4773 	DATA 	Keypress: right
230.7776 	DATA 	Keypress: left
233.3777 	DATA 	Keypress: right
235.9943 	DATA 	Keypress: right
238.3111 	DATA 	Keypress: left
241.0945 	DATA 	Keypress: left
244.2447 	DATA 	Keypress: left
246.9281 	DATA 	Keypress: left
249.6282 	DATA 	Keypress: right
252.1616 	DATA 	Keypress: right
255.3449 	DATA 	Keypress: right
258.0453 	DATA 	Keypress: left
260.6286 	DATA 	Keypress: right
263.3958 	DATA 	Keypress: right
266.3790 	DATA 	Keypress: left
268.9289 	DATA 	Keypress: left
271.3791 	DATA 	Keypress: left
272.2819 	EXP 	Created unnamed ImageStim = ImageStim(__class__=<class 'psychopy.visual.image.ImageStim'>, anchor=('center', 'center'), autoLog=True, color=array([1., 1., 1.]), colorSpace='rgb', contrast=1.0, depth=0, flipHoriz=False, flipVert=False, image='.\\stims\\CIRCLES_LEFT.bmp', interpolate=False, mask=None, maskParams=None, name='unnamed ImageStim', opacity=1.0, ori=0.0, pos=array([0., 0.]), size=array([960., 720.]), texRes=128, units='pix', win=Window(...))
272.3378 	EXP 	Created unnamed ImageStim = ImageStim(__class__=<class 'psychopy.visual.image.ImageStim'>, anchor=('center', 'center'), autoLog=True, color=array([1., 1., 1.]), colorSpace='rgb', contrast=1.0, depth=0, flipHoriz=False, flipVert=False, image='.\\stims\\CIRCLES_RIGHT.bmp', interpolate=False, mask=None, maskParams=None, name='unnamed ImageStim', opacity=1.0, ori=0.0, pos=array([0., 0.]), size=array([960., 720.]), texRes=128, units='pix', win=Window(...))
272.4240 	EXP 	Created unnamed ImageStim = ImageStim(__class__=<class 'psychopy.visual.image.ImageStim'>, anchor=('center', 'center'), autoLog=True, color=array([1., 1., 1.]), colorSpace='rgb', contrast=1.0, depth=0, flipHoriz=False, flipVert=False, image='.\\stims\\CIRCLES_MASK.bmp', interpolate=False, mask=None, maskParams=None, name='unnamed ImageStim', opacity=1.0, ori=0.0, pos=array([0., 0.]), size=array([960., 720.]), texRes=128, units='pix', win=Window(...))
272.4329 	EXP 	Created unnamed TextStim = TextStim(__class__=<class 'psychopy.visual.text.TextStim'>, alignHoriz=method-wrapper(...), alignText='center', alignVert=method-wrapper(...), anchorHoriz='center', anchorVert='center', antialias=True, autoDraw=False, autoLog=True, bold=False, color=array([0.00392157, 0.00392157, 0.00392157]), colorSpace='rgb', contrast=1.0, depth=0, flipHoriz=False, flipVert=False, font='', fontFiles=[], height=100.0, italic=False, languageStyle='LTR', name='unnamed TextStim', opacity=1.0, ori=0.0, pos=array([0., 0.]), rgb=UNKNOWN, text='+', units='pix', win=Window(...), wrapWidth=500)
272.4446 	EXP 	Created unnamed TextStim = TextStim(__class__=<class 'psychopy.visual.text.TextStim'>, alignHoriz=method-wrapper(...), alignText='center', alignVert=method-wrapper(...), anchorHoriz='center', anchorVert='center', antialias=True, autoDraw=False, autoLog=True, bold=False, color=array([0.00392157, 0.00392157, 0.00392157]), colorSpace='rgb', contrast=1.0, depth=0, flipHoriz=False, flipVert=False, font='', fontFiles=[], height=30.0, italic=False, languageStyle='LTR', name='unnamed TextStim', opacity=1.0, ori=0.0, pos=array([   0., -200.]), rgb=UNKNOWN, text='←       →', units='pix', win=Window(...), wrapWidth=500)
272.4502 	EXP 	Created unnamed TextStim = TextStim(__class__=<class 'psychopy.visual.text.TextStim'>, alignHoriz=method-wrapper(...), alignText='center', alignVert=method-wrapper(...), anchorHoriz='center', anchorVert='center', antialias=True, autoDraw=False, autoLog=True, bold=False, color=array([0.00392157, 0.00392157, 0.00392157]), colorSpace='rgb', contrast=1.0, depth=0, flipHoriz=False, flipVert=False, font='', fontFiles=[], height=20.0, italic=False, languageStyle='LTR', name='unnamed TextStim', opacity=1.0, ori=0.0, pos=array([   0., -180.]), rgb=UNKNOWN, text='Gdzie pojawił się WIĘKSZY okręg?', units='pix', win=Window(...), wrapWidth=500)
272.4671 	EXP 	Created unnamed TextStim = TextStim(__class__=<class 'psychopy.visual.text.TextStim'>, alignHoriz=method-wrapper(...), alignText='center', alignVert=method-wrapper(...), anchorHoriz='center', anchorVert='center', antialias=True, autoDraw=False, autoLog=True, bold=False, color=array([0.00392157, 0.00392157, 0.00392157]), colorSpace='rgb', contrast=1.0, depth=0, flipHoriz=False, flipVert=False, font='', fontFiles=[], height=20.0, italic=False, languageStyle='LTR', name='unnamed TextStim', opacity=1.0, ori=0.0, pos=array([0., 0.]), rgb=UNKNOWN, text=str(...), units='pix', win=Window(...), wrapWidth=1920)
283.5061 	DATA 	Keypress: space
285.6296 	DATA 	Keypress: left
288.6961 	DATA 	Keypress: left
291.4630 	DATA 	Keypress: left
293.8959 	DATA 	Keypress: left
296.6133 	DATA 	Keypress: right
298.4135 	DATA 	Keypress: right
301.2966 	DATA 	Keypress: left
304.1804 	DATA 	Keypress: left
306.9968 	DATA 	Keypress: right
310.3638 	DATA 	Keypress: right
313.5972 	DATA 	Keypress: right
317.0318 	DATA 	Keypress: right
320.0808 	DATA 	Keypress: left
322.8808 	DATA 	Keypress: right
325.8812 	DATA 	Keypress: left
328.7478 	DATA 	Keypress: right
331.6811 	DATA 	Keypress: left
334.4980 	DATA 	Keypress: right
337.6825 	DATA 	Keypress: left
340.7481 	DATA 	Keypress: left
343.5484 	DATA 	Keypress: right
346.9150 	DATA 	Keypress: right
348.2420 	EXP 	Created unnamed TextStim = TextStim(__class__=<class 'psychopy.visual.text.TextStim'>, alignHoriz=method-wrapper(...), alignText='center', alignVert=method-wrapper(...), anchorHoriz='center', anchorVert='center', antialias=True, autoDraw=False, autoLog=True, bold=False, color=array([0.00392157, 0.00392157, 0.00392157]), colorSpace='rgb', contrast=1.0, depth=0, flipHoriz=False, flipVert=False, font='', fontFiles=[], height=20.0, italic=False, languageStyle='LTR', name='unnamed TextStim', opacity=1.0, ori=0.0, pos=array([0., 0.]), rgb=UNKNOWN, text=str(...), units='pix', win=Window(...), wrapWidth=1920)
355.3408 	DATA 	Keypress: space
357.0154 	DATA 	Keypress: right
359.4320 	DATA 	Keypress: right
361.7656 	DATA 	Keypress: right
364.1157 	DATA 	Keypress: right
366.1324 	DATA 	Keypress: left
368.7327 	DATA 	Keypress: left
370.8836 	DATA 	Keypress: left
373.2494 	DATA 	Keypress: left
375.5504 	DATA 	Keypress: right
377.8995 	DATA 	Keypress: left
380.3163 	DATA 	Keypress: right
382.4497 	DATA 	Keypress: right
385.0332 	DATA 	Keypress: right
387.2168 	DATA 	Keypress: left
389.9167 	DATA 	Keypress: right
392.2834 	DATA 	Keypress: right
394.5336 	DATA 	Keypress: left
396.6834 	DATA 	Keypress: left
400.2838 	DATA 	Keypress: right
404.2671 	DATA 	Keypress: right
407.9840 	DATA 	Keypress: right
410.8340 	DATA 	Keypress: left
413.6341 	DATA 	Keypress: right
416.9675 	DATA 	Keypress: left
419.8179 	DATA 	Keypress: left
423.2176 	DATA 	Keypress: right
426.0179 	DATA 	Keypress: right
428.4515 	DATA 	Keypress: left
431.0849 	DATA 	Keypress: right
433.4517 	DATA 	Keypress: right
435.6016 	DATA 	Keypress: right
438.0351 	DATA 	Keypress: left
440.4852 	DATA 	Keypress: left
442.7018 	DATA 	Keypress: right
445.1687 	DATA 	Keypress: right
448.2689 	DATA 	Keypress: right
451.0856 	DATA 	Keypress: left
454.0858 	DATA 	Keypress: left
456.5859 	DATA 	Keypress: right
459.6193 	DATA 	Keypress: right
461.9026 	DATA 	Keypress: right
464.3858 	DATA 	Keypress: left
466.8693 	DATA 	Keypress: right
467.5528 	DATA 	Keypress: right
469.9196 	DATA 	Keypress: left
472.4698 	DATA 	Keypress: left
474.9709 	DATA 	Keypress: right
477.9030 	DATA 	Keypress: left
480.3866 	DATA 	Keypress: left
482.8545 	DATA 	Keypress: left
485.3701 	DATA 	Keypress: right
487.7703 	DATA 	Keypress: left
490.2202 	DATA 	Keypress: left
492.6039 	DATA 	Keypress: left
495.1705 	DATA 	Keypress: left
496.1446 	EXP 	Created unnamed TextStim = TextStim(__class__=<class 'psychopy.visual.text.TextStim'>, alignHoriz=method-wrapper(...), alignText='center', alignVert=method-wrapper(...), anchorHoriz='center', anchorVert='center', antialias=True, autoDraw=False, autoLog=True, bold=False, color=array([0.00392157, 0.00392157, 0.00392157]), colorSpace='rgb', contrast=1.0, depth=0, flipHoriz=False, flipVert=False, font='', fontFiles=[], height=20.0, italic=False, languageStyle='LTR', name='unnamed TextStim', opacity=1.0, ori=0.0, pos=array([0., 0.]), rgb=UNKNOWN, text=str(...), units='pix', win=Window(...), wrapWidth=1920)
557.4907 	DATA 	Keypress: return
557.5527 	EXP 	window1: mouseVisible = True
