8.9189 	WARNING 	User requested fullscreen with size [1536  864], but screen is actually [1920, 1080]. Using actual size
10.4149 	INFO 	FRAME RATE: 60
10.4150 	INFO 	SCREEN RES: odict_values([1536, 864])
10.4730 	EXP 	Created unnamed TextStim = TextStim(__class__=<class 'psychopy.visual.text.TextStim'>, alignHoriz=method-wrapper(...), alignText='center', alignVert=method-wrapper(...), anchorHoriz='center', anchorVert='center', antialias=True, autoDraw=False, autoLog=True, bold=False, color=array([-1, -1, -1]), colorSpace='rgb', contrast=1.0, depth=0, flipHoriz=False, flipVert=False, font='', fontFiles=[], height=100.0, italic=False, languageStyle='LTR', name='unnamed TextStim', opacity=1.0, ori=0.0, pos=array([0., 0.]), rgb=UNKNOWN, text='+', units='pix', win=Window(...), wrapWidth=500)
10.4771 	EXP 	Created unnamed Circle = Circle(__class__=<class 'psychopy.visual.circle.Circle'>, anchor=('center', 'center'), autoDraw=False, autoLog=True, closeShape=True, color=method-wrapper(...), colorSpace='rgb', contrast=None, depth=0, fillColor=array([ 0.09019608, -1.        , -1.        ]), fillColorSpace='rgb', fillRGB=array([ 0.09019608, -1.        , -1.        ]), interpolate=True, lineColor=array([ 0.09019608, -1.        , -1.        ]), lineColorSpace='rgb', lineRGB=array([ 0.09019608, -1.        , -1.        ]), lineWidth=1.5, name='unnamed Circle', opacity=1.0, ori=0.0, pos=array([0., 0.]), size=array([1., 1.]), units='pix', vertices=ndarray(...), win=Window(...))
10.4783 	EXP 	Created unnamed TextStim = TextStim(__class__=<class 'psychopy.visual.text.TextStim'>, alignHoriz=method-wrapper(...), alignText='center', alignVert=method-wrapper(...), anchorHoriz='center', anchorVert='center', antialias=True, autoDraw=False, autoLog=True, bold=False, color=array([-0.17647059, -0.17647059, -0.17647059]), colorSpace='rgb', contrast=1.0, depth=0, flipHoriz=False, flipVert=False, font='', fontFiles=[], height=25, italic=False, languageStyle='LTR', name='unnamed TextStim', opacity=1.0, ori=0.0, pos=array([0., 0.]), rgb=UNKNOWN, text='', units='pix', win=Window(...), wrapWidth=500)
10.4864 	EXP 	Created unnamed ImageStim = ImageStim(__class__=<class 'psychopy.visual.image.ImageStim'>, anchor=('center', 'center'), autoLog=True, color=array([1., 1., 1.]), colorSpace='rgb', contrast=1.0, depth=0, flipHoriz=False, flipVert=False, image='mask4.png', interpolate=False, mask=None, maskParams=None, name='unnamed ImageStim', opacity=1.0, ori=0.0, pos=array([0., 0.]), size=array([25., 25.]), texRes=128, units='pix', win=Window(...))
10.4940 	EXP 	Created unnamed TextStim = TextStim(__class__=<class 'psychopy.visual.text.TextStim'>, alignHoriz=method-wrapper(...), alignText='center', alignVert=method-wrapper(...), anchorHoriz='center', anchorVert='center', antialias=True, autoDraw=False, autoLog=True, bold=False, color=array([-1, -1, -1]), colorSpace='rgb', contrast=1.0, depth=0, flipHoriz=False, flipVert=False, font='', fontFiles=[], height=30.0, italic=False, languageStyle='LTR', name='unnamed TextStim', opacity=1.0, ori=0.0, pos=array([ 100., -300.]), rgb=UNKNOWN, text=str(...), units='pix', win=Window(...), wrapWidth=10000)
10.5051 	EXP 	Created unnamed TextStim = TextStim(__class__=<class 'psychopy.visual.text.TextStim'>, alignHoriz=method-wrapper(...), alignText='center', alignVert=method-wrapper(...), anchorHoriz='center', anchorVert='center', antialias=True, autoDraw=False, autoLog=True, bold=False, color=array([-1, -1, -1]), colorSpace='rgb', contrast=1.0, depth=0, flipHoriz=False, flipVert=False, font='', fontFiles=[], height=30.0, italic=False, languageStyle='LTR', name='unnamed TextStim', opacity=1.0, ori=0.0, pos=array([ 100., -330.]), rgb=UNKNOWN, text=str(...), units='pix', win=Window(...), wrapWidth=10000)
10.5433 	EXP 	Created unnamed TextStim = TextStim(__class__=<class 'psychopy.visual.text.TextStim'>, alignHoriz=method-wrapper(...), alignText='center', alignVert=method-wrapper(...), anchorHoriz='center', anchorVert='center', antialias=True, autoDraw=False, autoLog=True, bold=False, color=array([-1, -1, -1]), colorSpace='rgb', contrast=1.0, depth=0, flipHoriz=False, flipVert=False, font='', fontFiles=[], height=28.0, italic=False, languageStyle='LTR', name='unnamed TextStim', opacity=1.0, ori=0.0, pos=array([0., 0.]), rgb=UNKNOWN, text=str(...), units='pix', win=Window(...), wrapWidth=1536)
48.2945 	DATA 	Keypress: space
48.3005 	EXP 	unnamed TextStim: height = 25.0
48.3005 	EXP 	unnamed TextStim: height = 25.0
48.3005 	EXP 	unnamed TextStim: height = 25.0
48.3005 	EXP 	unnamed TextStim: text = '→'
50.1114 	EXP 	Created unnamed TextStim = TextStim(__class__=<class 'psychopy.visual.text.TextStim'>, alignHoriz=method-wrapper(...), alignText='center', alignVert=method-wrapper(...), anchorHoriz='center', anchorVert='center', antialias=True, autoDraw=False, autoLog=True, bold=False, color=array([-1, -1, -1]), colorSpace='rgb', contrast=1.0, depth=0, flipHoriz=False, flipVert=False, font='', fontFiles=[], height=50.0, italic=False, languageStyle='LTR', name='unnamed TextStim', opacity=1.0, ori=0.0, pos=array([0., 0.]), rgb=UNKNOWN, text='Brak reakcji', units='pix', win=Window(...), wrapWidth=500)
51.3393 	DATA 	Keypress: right
51.5419 	EXP 	unnamed TextStim: height = 25.0
51.5419 	EXP 	unnamed TextStim: height = 25.0
51.5419 	EXP 	unnamed TextStim: height = 25.0
51.5419 	EXP 	unnamed TextStim: text = '←'
52.9323 	DATA 	Keypress: left
52.9407 	EXP 	Created unnamed TextStim = TextStim(__class__=<class 'psychopy.visual.text.TextStim'>, alignHoriz=method-wrapper(...), alignText='center', alignVert=method-wrapper(...), anchorHoriz='center', anchorVert='center', antialias=True, autoDraw=False, autoLog=True, bold=False, color=array([-1, -1, -1]), colorSpace='rgb', contrast=1.0, depth=0, flipHoriz=False, flipVert=False, font='', fontFiles=[], height=50.0, italic=False, languageStyle='LTR', name='unnamed TextStim', opacity=1.0, ori=0.0, pos=array([0., 0.]), rgb=UNKNOWN, text='Poprawnie', units='pix', win=Window(...), wrapWidth=500)
54.5932 	EXP 	unnamed TextStim: text = '←'
55.9324 	DATA 	Keypress: left
55.9372 	EXP 	Created unnamed TextStim = TextStim(__class__=<class 'psychopy.visual.text.TextStim'>, alignHoriz=method-wrapper(...), alignText='center', alignVert=method-wrapper(...), anchorHoriz='center', anchorVert='center', antialias=True, autoDraw=False, autoLog=True, bold=False, color=array([-1, -1, -1]), colorSpace='rgb', contrast=1.0, depth=0, flipHoriz=False, flipVert=False, font='', fontFiles=[], height=50.0, italic=False, languageStyle='LTR', name='unnamed TextStim', opacity=1.0, ori=0.0, pos=array([0., 0.]), rgb=UNKNOWN, text='Poprawnie', units='pix', win=Window(...), wrapWidth=500)
57.4392 	EXP 	unnamed TextStim: height = 25.0
57.4392 	EXP 	unnamed TextStim: height = 25.0
57.4392 	EXP 	unnamed TextStim: height = 25.0
57.4392 	EXP 	unnamed TextStim: text = '→'
58.6990 	DATA 	Keypress: right
58.7037 	EXP 	Created unnamed TextStim = TextStim(__class__=<class 'psychopy.visual.text.TextStim'>, alignHoriz=method-wrapper(...), alignText='center', alignVert=method-wrapper(...), anchorHoriz='center', anchorVert='center', antialias=True, autoDraw=False, autoLog=True, bold=False, color=array([-1, -1, -1]), colorSpace='rgb', contrast=1.0, depth=0, flipHoriz=False, flipVert=False, font='', fontFiles=[], height=50.0, italic=False, languageStyle='LTR', name='unnamed TextStim', opacity=1.0, ori=0.0, pos=array([0., 0.]), rgb=UNKNOWN, text='Poprawnie', units='pix', win=Window(...), wrapWidth=500)
60.3565 	EXP 	unnamed TextStim: height = 25.0
60.3565 	EXP 	unnamed TextStim: height = 25.0
60.3565 	EXP 	unnamed TextStim: height = 25.0
60.3565 	EXP 	unnamed TextStim: text = '←'
61.5494 	DATA 	Keypress: left
61.5540 	EXP 	Created unnamed TextStim = TextStim(__class__=<class 'psychopy.visual.text.TextStim'>, alignHoriz=method-wrapper(...), alignText='center', alignVert=method-wrapper(...), anchorHoriz='center', anchorVert='center', antialias=True, autoDraw=False, autoLog=True, bold=False, color=array([-1, -1, -1]), colorSpace='rgb', contrast=1.0, depth=0, flipHoriz=False, flipVert=False, font='', fontFiles=[], height=50.0, italic=False, languageStyle='LTR', name='unnamed TextStim', opacity=1.0, ori=0.0, pos=array([0., 0.]), rgb=UNKNOWN, text='Poprawnie', units='pix', win=Window(...), wrapWidth=500)
63.1712 	EXP 	unnamed TextStim: height = 25.0
63.1712 	EXP 	unnamed TextStim: height = 25.0
63.1712 	EXP 	unnamed TextStim: height = 25.0
63.1712 	EXP 	unnamed TextStim: text = '↓'
64.6681 	DATA 	Keypress: down
64.6880 	EXP 	Created unnamed TextStim = TextStim(__class__=<class 'psychopy.visual.text.TextStim'>, alignHoriz=method-wrapper(...), alignText='center', alignVert=method-wrapper(...), anchorHoriz='center', anchorVert='center', antialias=True, autoDraw=False, autoLog=True, bold=False, color=array([-1, -1, -1]), colorSpace='rgb', contrast=1.0, depth=0, flipHoriz=False, flipVert=False, font='', fontFiles=[], height=50.0, italic=False, languageStyle='LTR', name='unnamed TextStim', opacity=1.0, ori=0.0, pos=array([0., 0.]), rgb=UNKNOWN, text='Poprawnie', units='pix', win=Window(...), wrapWidth=500)
66.1185 	EXP 	unnamed TextStim: text = '↓'
67.8663 	DATA 	Keypress: down
67.8712 	EXP 	Created unnamed TextStim = TextStim(__class__=<class 'psychopy.visual.text.TextStim'>, alignHoriz=method-wrapper(...), alignText='center', alignVert=method-wrapper(...), anchorHoriz='center', anchorVert='center', antialias=True, autoDraw=False, autoLog=True, bold=False, color=array([-1, -1, -1]), colorSpace='rgb', contrast=1.0, depth=0, flipHoriz=False, flipVert=False, font='', fontFiles=[], height=50.0, italic=False, languageStyle='LTR', name='unnamed TextStim', opacity=1.0, ori=0.0, pos=array([0., 0.]), rgb=UNKNOWN, text='Poprawnie', units='pix', win=Window(...), wrapWidth=500)
69.0946 	DATA 	Keypress: down
69.2951 	EXP 	unnamed TextStim: text = '↓'
70.7498 	DATA 	Keypress: down
70.7550 	EXP 	Created unnamed TextStim = TextStim(__class__=<class 'psychopy.visual.text.TextStim'>, alignHoriz=method-wrapper(...), alignText='center', alignVert=method-wrapper(...), anchorHoriz='center', anchorVert='center', antialias=True, autoDraw=False, autoLog=True, bold=False, color=array([-1, -1, -1]), colorSpace='rgb', contrast=1.0, depth=0, flipHoriz=False, flipVert=False, font='', fontFiles=[], height=50.0, italic=False, languageStyle='LTR', name='unnamed TextStim', opacity=1.0, ori=0.0, pos=array([0., 0.]), rgb=UNKNOWN, text='Poprawnie', units='pix', win=Window(...), wrapWidth=500)
72.4559 	EXP 	Created unnamed TextStim = TextStim(__class__=<class 'psychopy.visual.text.TextStim'>, alignHoriz=method-wrapper(...), alignText='center', alignVert=method-wrapper(...), anchorHoriz='center', anchorVert='center', antialias=True, autoDraw=False, autoLog=True, bold=False, color=array([-1, -1, -1]), colorSpace='rgb', contrast=1.0, depth=0, flipHoriz=False, flipVert=False, font='', fontFiles=[], height=28.0, italic=False, languageStyle='LTR', name='unnamed TextStim', opacity=1.0, ori=0.0, pos=array([0., 0.]), rgb=UNKNOWN, text=str(...), units='pix', win=Window(...), wrapWidth=1536)
73.7285 	DATA 	Keypress: space
73.7324 	EXP 	unnamed TextStim: text = '↓'
75.2999 	DATA 	Keypress: down
75.3160 	EXP 	unnamed TextStim: height = 25.0
75.3160 	EXP 	unnamed TextStim: height = 25.0
75.3160 	EXP 	unnamed TextStim: height = 25.0
75.3160 	EXP 	unnamed TextStim: text = '→'
76.9665 	DATA 	Keypress: left
76.9828 	EXP 	unnamed TextStim: text = '→'
78.3499 	DATA 	Keypress: right
78.3661 	EXP 	unnamed TextStim: text = '→'
80.0832 	DATA 	Keypress: right
80.0995 	EXP 	unnamed TextStim: height = 25.0
80.0995 	EXP 	unnamed TextStim: height = 25.0
80.0995 	EXP 	unnamed TextStim: height = 25.0
80.0995 	EXP 	unnamed TextStim: text = '←'
81.5836 	DATA 	Keypress: left
81.5995 	EXP 	unnamed TextStim: text = '←'
83.0682 	DATA 	Keypress: left
83.0995 	EXP 	unnamed TextStim: height = 25.0
83.0995 	EXP 	unnamed TextStim: height = 25.0
83.0995 	EXP 	unnamed TextStim: height = 25.0
83.0995 	EXP 	unnamed TextStim: text = '↓'
84.8668 	DATA 	Keypress: down
84.8828 	EXP 	unnamed TextStim: height = 25.0
84.8828 	EXP 	unnamed TextStim: height = 25.0
84.8828 	EXP 	unnamed TextStim: height = 25.0
84.8828 	EXP 	unnamed TextStim: text = '←'
86.4669 	DATA 	Keypress: left
86.4831 	EXP 	unnamed TextStim: height = 25.0
86.4831 	EXP 	unnamed TextStim: height = 25.0
86.4831 	EXP 	unnamed TextStim: height = 25.0
86.4831 	EXP 	unnamed TextStim: text = '↓'
87.8337 	DATA 	Keypress: down
87.8498 	EXP 	unnamed TextStim: height = 25.0
87.8498 	EXP 	unnamed TextStim: height = 25.0
87.8498 	EXP 	unnamed TextStim: height = 25.0
87.8498 	EXP 	unnamed TextStim: text = '↑'
89.8004 	DATA 	Keypress: up
89.8166 	EXP 	unnamed TextStim: text = '↑'
91.4355 	DATA 	Keypress: up
91.4665 	EXP 	unnamed TextStim: height = 25.0
91.4665 	EXP 	unnamed TextStim: height = 25.0
91.4665 	EXP 	unnamed TextStim: height = 25.0
91.4665 	EXP 	unnamed TextStim: text = '↓'
93.2339 	DATA 	Keypress: down
93.2500 	EXP 	unnamed TextStim: height = 25.0
93.2500 	EXP 	unnamed TextStim: height = 25.0
93.2500 	EXP 	unnamed TextStim: height = 25.0
93.2500 	EXP 	unnamed TextStim: text = '→'
94.8673 	DATA 	Keypress: right
94.8834 	EXP 	unnamed TextStim: height = 25.0
94.8834 	EXP 	unnamed TextStim: height = 25.0
94.8834 	EXP 	unnamed TextStim: height = 25.0
94.8834 	EXP 	unnamed TextStim: text = '←'
96.3691 	DATA 	Keypress: left
96.4002 	EXP 	unnamed TextStim: height = 25.0
96.4002 	EXP 	unnamed TextStim: height = 25.0
96.4002 	EXP 	unnamed TextStim: height = 25.0
96.4002 	EXP 	unnamed TextStim: text = '↓'
98.1506 	DATA 	Keypress: down
98.1669 	EXP 	unnamed TextStim: height = 25.0
98.1669 	EXP 	unnamed TextStim: height = 25.0
98.1669 	EXP 	unnamed TextStim: height = 25.0
98.1669 	EXP 	unnamed TextStim: text = '→'
99.8173 	DATA 	Keypress: right
99.8335 	EXP 	unnamed TextStim: height = 25.0
99.8335 	EXP 	unnamed TextStim: height = 25.0
99.8335 	EXP 	unnamed TextStim: height = 25.0
99.8335 	EXP 	unnamed TextStim: text = '←'
101.5509 	DATA 	Keypress: left
101.5668 	EXP 	unnamed TextStim: height = 25.0
101.5668 	EXP 	unnamed TextStim: height = 25.0
101.5668 	EXP 	unnamed TextStim: height = 25.0
101.5668 	EXP 	unnamed TextStim: text = '↓'
103.5343 	DATA 	Keypress: down
103.5504 	EXP 	unnamed TextStim: height = 25.0
103.5504 	EXP 	unnamed TextStim: height = 25.0
103.5504 	EXP 	unnamed TextStim: height = 25.0
103.5504 	EXP 	unnamed TextStim: text = '→'
105.2341 	DATA 	Keypress: right
105.3846 	EXP 	Created unnamed ImageStim = ImageStim(__class__=<class 'psychopy.visual.image.ImageStim'>, anchor=('center', 'center'), autoLog=True, color=array([1., 1., 1.]), colorSpace='rgb', contrast=1.0, depth=0, flipHoriz=False, flipVert=False, image='break.jpg', interpolate=True, mask=None, maskParams=None, name='unnamed ImageStim', opacity=1.0, ori=0.0, pos=array([0., 0.]), size=array([1536.,  864.]), texRes=128, units='pix', win=Window(...))
107.1590 	DATA 	Keypress: space
107.1669 	EXP 	unnamed TextStim: height = 25.0
107.1669 	EXP 	unnamed TextStim: height = 25.0
107.1669 	EXP 	unnamed TextStim: height = 25.0
107.1669 	EXP 	unnamed TextStim: text = '↓'
108.6844 	DATA 	Keypress: down
108.7005 	EXP 	unnamed TextStim: height = 25.0
108.7005 	EXP 	unnamed TextStim: height = 25.0
108.7005 	EXP 	unnamed TextStim: height = 25.0
108.7005 	EXP 	unnamed TextStim: text = '←'
108.9019 	DATA 	Keypress: down
110.1679 	DATA 	Keypress: left
110.1839 	EXP 	unnamed TextStim: text = '←'
111.8511 	DATA 	Keypress: right
111.8671 	EXP 	unnamed TextStim: height = 25.0
111.8671 	EXP 	unnamed TextStim: height = 25.0
111.8671 	EXP 	unnamed TextStim: height = 25.0
111.8671 	EXP 	unnamed TextStim: text = '↑'
113.4013 	DATA 	Keypress: up
113.4174 	EXP 	unnamed TextStim: height = 25.0
113.4174 	EXP 	unnamed TextStim: height = 25.0
113.4174 	EXP 	unnamed TextStim: height = 25.0
113.4174 	EXP 	unnamed TextStim: text = '→'
114.9846 	DATA 	Keypress: right
115.0007 	EXP 	unnamed TextStim: height = 25.0
115.0007 	EXP 	unnamed TextStim: height = 25.0
115.0007 	EXP 	unnamed TextStim: height = 25.0
115.0007 	EXP 	unnamed TextStim: text = '↑'
116.4847 	DATA 	Keypress: up
116.5009 	EXP 	unnamed TextStim: text = '↑'
118.3682 	DATA 	Keypress: up
118.3843 	EXP 	unnamed TextStim: text = '↑'
119.9181 	DATA 	Keypress: up
119.9341 	EXP 	unnamed TextStim: height = 25.0
119.9341 	EXP 	unnamed TextStim: height = 25.0
119.9341 	EXP 	unnamed TextStim: height = 25.0
119.9341 	EXP 	unnamed TextStim: text = '→'
121.4514 	DATA 	Keypress: right
121.4676 	EXP 	unnamed TextStim: height = 25.0
121.4676 	EXP 	unnamed TextStim: height = 25.0
121.4676 	EXP 	unnamed TextStim: height = 25.0
121.4676 	EXP 	unnamed TextStim: text = '←'
122.9517 	DATA 	Keypress: left
122.9678 	EXP 	unnamed TextStim: text = '←'
124.6683 	DATA 	Keypress: left
124.6846 	EXP 	unnamed TextStim: height = 25.0
124.6846 	EXP 	unnamed TextStim: height = 25.0
124.6846 	EXP 	unnamed TextStim: height = 25.0
124.6846 	EXP 	unnamed TextStim: text = '↓'
126.3350 	DATA 	Keypress: down
126.3510 	EXP 	unnamed TextStim: height = 25.0
126.3510 	EXP 	unnamed TextStim: height = 25.0
126.3510 	EXP 	unnamed TextStim: height = 25.0
126.3510 	EXP 	unnamed TextStim: text = '←'
127.8851 	DATA 	Keypress: left
127.9012 	EXP 	unnamed TextStim: height = 25.0
127.9012 	EXP 	unnamed TextStim: height = 25.0
127.9012 	EXP 	unnamed TextStim: height = 25.0
127.9012 	EXP 	unnamed TextStim: text = '↓'
129.5186 	DATA 	Keypress: down
129.5347 	EXP 	unnamed TextStim: height = 25.0
129.5347 	EXP 	unnamed TextStim: height = 25.0
129.5347 	EXP 	unnamed TextStim: height = 25.0
129.5347 	EXP 	unnamed TextStim: text = '←'
131.4186 	DATA 	Keypress: left
131.4347 	EXP 	unnamed TextStim: text = '←'
133.1521 	DATA 	Keypress: left
133.1681 	EXP 	unnamed TextStim: height = 25.0
133.1681 	EXP 	unnamed TextStim: height = 25.0
133.1681 	EXP 	unnamed TextStim: height = 25.0
133.1681 	EXP 	unnamed TextStim: text = '↑'
135.1688 	DATA 	Keypress: up
135.1849 	EXP 	unnamed TextStim: text = '↑'
136.9021 	DATA 	Keypress: up
136.9183 	EXP 	unnamed TextStim: height = 25.0
136.9183 	EXP 	unnamed TextStim: height = 25.0
136.9183 	EXP 	unnamed TextStim: height = 25.0
136.9183 	EXP 	unnamed TextStim: text = '→'
138.5705 	DATA 	Keypress: right
138.7312 	EXP 	Created unnamed ImageStim = ImageStim(__class__=<class 'psychopy.visual.image.ImageStim'>, anchor=('center', 'center'), autoLog=True, color=array([1., 1., 1.]), colorSpace='rgb', contrast=1.0, depth=0, flipHoriz=False, flipVert=False, image='break.jpg', interpolate=True, mask=None, maskParams=None, name='unnamed ImageStim', opacity=1.0, ori=0.0, pos=array([0., 0.]), size=array([1536.,  864.]), texRes=128, units='pix', win=Window(...))
139.3635 	DATA 	Keypress: space
139.3679 	EXP 	unnamed TextStim: height = 25.0
139.3679 	EXP 	unnamed TextStim: height = 25.0
139.3679 	EXP 	unnamed TextStim: height = 25.0
139.3679 	EXP 	unnamed TextStim: text = '↓'
140.9023 	DATA 	Keypress: down
140.9184 	EXP 	unnamed TextStim: text = '↓'
142.5191 	DATA 	Keypress: down
142.5352 	EXP 	unnamed TextStim: text = '↓'
144.0858 	DATA 	Keypress: down
144.1019 	EXP 	unnamed TextStim: text = '↓'
145.6858 	DATA 	Keypress: down
145.7019 	EXP 	unnamed TextStim: height = 25.0
145.7019 	EXP 	unnamed TextStim: height = 25.0
145.7019 	EXP 	unnamed TextStim: height = 25.0
145.7019 	EXP 	unnamed TextStim: text = '→'
147.2858 	DATA 	Keypress: right
147.3020 	EXP 	unnamed TextStim: text = '→'
148.8193 	DATA 	Keypress: right
148.8353 	EXP 	unnamed TextStim: height = 25.0
148.8353 	EXP 	unnamed TextStim: height = 25.0
148.8353 	EXP 	unnamed TextStim: height = 25.0
148.8353 	EXP 	unnamed TextStim: text = '↓'
150.6526 	DATA 	Keypress: down
150.6688 	EXP 	unnamed TextStim: height = 25.0
150.6688 	EXP 	unnamed TextStim: height = 25.0
150.6688 	EXP 	unnamed TextStim: height = 25.0
150.6688 	EXP 	unnamed TextStim: text = '←'
152.4544 	DATA 	Keypress: left
152.4855 	EXP 	unnamed TextStim: height = 25.0
152.4855 	EXP 	unnamed TextStim: height = 25.0
152.4855 	EXP 	unnamed TextStim: height = 25.0
152.4855 	EXP 	unnamed TextStim: text = '→'
154.0027 	DATA 	Keypress: right
154.0189 	EXP 	unnamed TextStim: text = '→'
155.5193 	DATA 	Keypress: left
155.5357 	EXP 	unnamed TextStim: height = 25.0
155.5357 	EXP 	unnamed TextStim: height = 25.0
155.5357 	EXP 	unnamed TextStim: height = 25.0
155.5357 	EXP 	unnamed TextStim: text = '←'
156.9862 	DATA 	Keypress: left
157.0024 	EXP 	unnamed TextStim: height = 25.0
157.0024 	EXP 	unnamed TextStim: height = 25.0
157.0024 	EXP 	unnamed TextStim: height = 25.0
157.0024 	EXP 	unnamed TextStim: text = '↑'
158.8530 	DATA 	Keypress: up
158.8691 	EXP 	unnamed TextStim: height = 25.0
158.8691 	EXP 	unnamed TextStim: height = 25.0
158.8691 	EXP 	unnamed TextStim: height = 25.0
158.8691 	EXP 	unnamed TextStim: text = '→'
160.4193 	DATA 	Keypress: right
160.4359 	EXP 	unnamed TextStim: height = 25.0
160.4359 	EXP 	unnamed TextStim: height = 25.0
160.4359 	EXP 	unnamed TextStim: height = 25.0
160.4359 	EXP 	unnamed TextStim: text = '↑'
162.1361 	DATA 	Keypress: up
162.1525 	EXP 	unnamed TextStim: height = 25.0
162.1525 	EXP 	unnamed TextStim: height = 25.0
162.1525 	EXP 	unnamed TextStim: height = 25.0
162.1525 	EXP 	unnamed TextStim: text = '↓'
163.7197 	DATA 	Keypress: down
163.7359 	EXP 	unnamed TextStim: height = 25.0
163.7359 	EXP 	unnamed TextStim: height = 25.0
163.7359 	EXP 	unnamed TextStim: height = 25.0
163.7359 	EXP 	unnamed TextStim: text = '→'
165.3031 	DATA 	Keypress: right
165.3193 	EXP 	unnamed TextStim: text = '→'
166.8032 	DATA 	Keypress: right
166.8194 	EXP 	unnamed TextStim: height = 25.0
166.8194 	EXP 	unnamed TextStim: height = 25.0
166.8194 	EXP 	unnamed TextStim: height = 25.0
166.8194 	EXP 	unnamed TextStim: text = '↑'
168.4034 	DATA 	Keypress: up
168.4195 	EXP 	unnamed TextStim: text = '↑'
170.2866 	DATA 	Keypress: up
170.4328 	EXP 	Created unnamed ImageStim = ImageStim(__class__=<class 'psychopy.visual.image.ImageStim'>, anchor=('center', 'center'), autoLog=True, color=array([1., 1., 1.]), colorSpace='rgb', contrast=1.0, depth=0, flipHoriz=False, flipVert=False, image='break.jpg', interpolate=True, mask=None, maskParams=None, name='unnamed ImageStim', opacity=1.0, ori=0.0, pos=array([0., 0.]), size=array([1536.,  864.]), texRes=128, units='pix', win=Window(...))
171.2991 	DATA 	Keypress: space
171.3025 	EXP 	unnamed TextStim: height = 25.0
171.3025 	EXP 	unnamed TextStim: height = 25.0
171.3025 	EXP 	unnamed TextStim: height = 25.0
171.3025 	EXP 	unnamed TextStim: text = '←'
172.7867 	DATA 	Keypress: left
172.8030 	EXP 	unnamed TextStim: text = '←'
174.3700 	DATA 	Keypress: left
174.3864 	EXP 	unnamed TextStim: height = 25.0
174.3864 	EXP 	unnamed TextStim: height = 25.0
174.3864 	EXP 	unnamed TextStim: height = 25.0
174.3864 	EXP 	unnamed TextStim: text = '→'
176.1215 	DATA 	Keypress: right
176.1364 	EXP 	unnamed TextStim: height = 25.0
176.1364 	EXP 	unnamed TextStim: height = 25.0
176.1364 	EXP 	unnamed TextStim: height = 25.0
176.1364 	EXP 	unnamed TextStim: text = '←'
177.7202 	DATA 	Keypress: left
177.7365 	EXP 	unnamed TextStim: text = '←'
179.1204 	DATA 	Keypress: left
179.1366 	EXP 	unnamed TextStim: height = 25.0
179.1366 	EXP 	unnamed TextStim: height = 25.0
179.1366 	EXP 	unnamed TextStim: height = 25.0
179.1366 	EXP 	unnamed TextStim: text = '↓'
180.7038 	DATA 	Keypress: down
180.7199 	EXP 	unnamed TextStim: text = '↓'
182.1870 	DATA 	Keypress: down
182.2034 	EXP 	unnamed TextStim: height = 25.0
182.2034 	EXP 	unnamed TextStim: height = 25.0
182.2034 	EXP 	unnamed TextStim: height = 25.0
182.2034 	EXP 	unnamed TextStim: text = '←'
183.5372 	DATA 	Keypress: left
183.5534 	EXP 	unnamed TextStim: height = 25.0
183.5534 	EXP 	unnamed TextStim: height = 25.0
183.5534 	EXP 	unnamed TextStim: height = 25.0
183.5534 	EXP 	unnamed TextStim: text = '↑'
185.2374 	DATA 	Keypress: up
185.2535 	EXP 	unnamed TextStim: text = '↑'
186.9206 	DATA 	Keypress: up
186.9368 	EXP 	unnamed TextStim: height = 25.0
186.9368 	EXP 	unnamed TextStim: height = 25.0
186.9368 	EXP 	unnamed TextStim: height = 25.0
186.9368 	EXP 	unnamed TextStim: text = '→'
188.5875 	DATA 	Keypress: right
188.6036 	EXP 	unnamed TextStim: text = '→'
190.0873 	DATA 	Keypress: right
190.1036 	EXP 	unnamed TextStim: height = 25.0
190.1036 	EXP 	unnamed TextStim: height = 25.0
190.1036 	EXP 	unnamed TextStim: height = 25.0
190.1036 	EXP 	unnamed TextStim: text = '↓'
191.6208 	DATA 	Keypress: down
191.6370 	EXP 	unnamed TextStim: height = 25.0
191.6370 	EXP 	unnamed TextStim: height = 25.0
191.6370 	EXP 	unnamed TextStim: height = 25.0
191.6370 	EXP 	unnamed TextStim: text = '↑'
193.0375 	DATA 	Keypress: up
193.0538 	EXP 	unnamed TextStim: height = 25.0
193.0538 	EXP 	unnamed TextStim: height = 25.0
193.0538 	EXP 	unnamed TextStim: height = 25.0
193.0538 	EXP 	unnamed TextStim: text = '←'
194.6211 	DATA 	Keypress: left
194.6371 	EXP 	unnamed TextStim: text = '←'
196.2226 	DATA 	Keypress: left
196.2539 	EXP 	unnamed TextStim: height = 25.0
196.2539 	EXP 	unnamed TextStim: height = 25.0
196.2539 	EXP 	unnamed TextStim: height = 25.0
196.2539 	EXP 	unnamed TextStim: text = '↑'
197.9706 	EXP 	unnamed TextStim: height = 25.0
197.9706 	EXP 	unnamed TextStim: height = 25.0
197.9706 	EXP 	unnamed TextStim: height = 25.0
197.9706 	EXP 	unnamed TextStim: text = '↓'
198.0550 	DATA 	Keypress: up
199.6540 	EXP 	unnamed TextStim: text = '↓'
199.7550 	DATA 	Keypress: down
201.3211 	DATA 	Keypress: down
201.4654 	EXP 	Created unnamed ImageStim = ImageStim(__class__=<class 'psychopy.visual.image.ImageStim'>, anchor=('center', 'center'), autoLog=True, color=array([1., 1., 1.]), colorSpace='rgb', contrast=1.0, depth=0, flipHoriz=False, flipVert=False, image='break.jpg', interpolate=True, mask=None, maskParams=None, name='unnamed ImageStim', opacity=1.0, ori=0.0, pos=array([0., 0.]), size=array([1536.,  864.]), texRes=128, units='pix', win=Window(...))
202.1810 	DATA 	Keypress: space
202.1870 	EXP 	unnamed TextStim: height = 25.0
202.1870 	EXP 	unnamed TextStim: height = 25.0
202.1870 	EXP 	unnamed TextStim: height = 25.0
202.1870 	EXP 	unnamed TextStim: text = '←'
203.8041 	EXP 	unnamed TextStim: height = 25.0
203.8041 	EXP 	unnamed TextStim: height = 25.0
203.8041 	EXP 	unnamed TextStim: height = 25.0
203.8041 	EXP 	unnamed TextStim: text = '↓'
203.9220 	DATA 	Keypress: left
205.5880 	DATA 	Keypress: down
205.6041 	EXP 	unnamed TextStim: text = '↓'
207.0214 	DATA 	Keypress: down
207.0377 	EXP 	unnamed TextStim: height = 25.0
207.0377 	EXP 	unnamed TextStim: height = 25.0
207.0377 	EXP 	unnamed TextStim: height = 25.0
207.0377 	EXP 	unnamed TextStim: text = '→'
208.5883 	DATA 	Keypress: right
208.6042 	EXP 	unnamed TextStim: text = '→'
210.2549 	DATA 	Keypress: right
210.2710 	EXP 	unnamed TextStim: height = 25.0
210.2710 	EXP 	unnamed TextStim: height = 25.0
210.2710 	EXP 	unnamed TextStim: height = 25.0
210.2710 	EXP 	unnamed TextStim: text = '←'
211.6881 	DATA 	Keypress: left
211.7043 	EXP 	unnamed TextStim: text = '←'
213.3215 	DATA 	Keypress: left
213.3379 	EXP 	unnamed TextStim: height = 25.0
213.3379 	EXP 	unnamed TextStim: height = 25.0
213.3379 	EXP 	unnamed TextStim: height = 25.0
213.3379 	EXP 	unnamed TextStim: text = '→'
215.1045 	EXP 	unnamed TextStim: height = 25.0
215.1045 	EXP 	unnamed TextStim: height = 25.0
215.1045 	EXP 	unnamed TextStim: height = 25.0
215.1045 	EXP 	unnamed TextStim: text = '←'
215.1223 	DATA 	Keypress: right
216.5051 	DATA 	Keypress: left
216.5213 	EXP 	unnamed TextStim: height = 25.0
216.5213 	EXP 	unnamed TextStim: height = 25.0
216.5213 	EXP 	unnamed TextStim: height = 25.0
216.5213 	EXP 	unnamed TextStim: text = '↑'
218.0884 	DATA 	Keypress: up
218.1046 	EXP 	unnamed TextStim: text = '↑'
219.3717 	DATA 	Keypress: up
219.3880 	EXP 	unnamed TextStim: height = 25.0
219.3880 	EXP 	unnamed TextStim: height = 25.0
219.3880 	EXP 	unnamed TextStim: height = 25.0
219.3880 	EXP 	unnamed TextStim: text = '←'
220.7218 	DATA 	Keypress: left
220.7380 	EXP 	unnamed TextStim: height = 25.0
220.7380 	EXP 	unnamed TextStim: height = 25.0
220.7380 	EXP 	unnamed TextStim: height = 25.0
220.7380 	EXP 	unnamed TextStim: text = '↓'
222.3048 	EXP 	unnamed TextStim: text = '↓'
222.3394 	DATA 	Keypress: up
223.9883 	DATA 	Keypress: down
224.0049 	EXP 	unnamed TextStim: height = 25.0
224.0049 	EXP 	unnamed TextStim: height = 25.0
224.0049 	EXP 	unnamed TextStim: height = 25.0
224.0049 	EXP 	unnamed TextStim: text = '→'
225.7215 	EXP 	unnamed TextStim: text = '→'
225.8728 	DATA 	Keypress: right
227.2390 	DATA 	Keypress: right
227.2550 	EXP 	unnamed TextStim: text = '→'
228.7055 	DATA 	Keypress: right
228.7216 	EXP 	unnamed TextStim: height = 25.0
228.7216 	EXP 	unnamed TextStim: height = 25.0
228.7216 	EXP 	unnamed TextStim: height = 25.0
228.7216 	EXP 	unnamed TextStim: text = '←'
230.3051 	EXP 	unnamed TextStim: text = '←'
230.5062 	DATA 	Keypress: left
232.0735 	EXP 	Created unnamed ImageStim = ImageStim(__class__=<class 'psychopy.visual.image.ImageStim'>, anchor=('center', 'center'), autoLog=True, color=array([1., 1., 1.]), colorSpace='rgb', contrast=1.0, depth=0, flipHoriz=False, flipVert=False, image='break.jpg', interpolate=True, mask=None, maskParams=None, name='unnamed ImageStim', opacity=1.0, ori=0.0, pos=array([0., 0.]), size=array([1536.,  864.]), texRes=128, units='pix', win=Window(...))
232.0740 	DATA 	Keypress: left
233.1120 	DATA 	Keypress: space
233.1216 	EXP 	unnamed TextStim: height = 25.0
233.1216 	EXP 	unnamed TextStim: height = 25.0
233.1216 	EXP 	unnamed TextStim: height = 25.0
233.1216 	EXP 	unnamed TextStim: text = '↓'
234.6225 	DATA 	Keypress: down
234.6386 	EXP 	unnamed TextStim: height = 25.0
234.6386 	EXP 	unnamed TextStim: height = 25.0
234.6386 	EXP 	unnamed TextStim: height = 25.0
234.6386 	EXP 	unnamed TextStim: text = '←'
236.1724 	DATA 	Keypress: left
236.1886 	EXP 	unnamed TextStim: height = 25.0
236.1886 	EXP 	unnamed TextStim: height = 25.0
236.1886 	EXP 	unnamed TextStim: height = 25.0
236.1886 	EXP 	unnamed TextStim: text = '↓'
237.5574 	DATA 	Keypress: down
237.5888 	EXP 	unnamed TextStim: height = 25.0
237.5888 	EXP 	unnamed TextStim: height = 25.0
237.5888 	EXP 	unnamed TextStim: height = 25.0
237.5888 	EXP 	unnamed TextStim: text = '←'
239.2393 	DATA 	Keypress: left
239.2555 	EXP 	unnamed TextStim: text = '←'
240.8560 	DATA 	Keypress: left
240.8722 	EXP 	unnamed TextStim: text = '←'
242.4242 	DATA 	Keypress: left
242.4556 	EXP 	unnamed TextStim: height = 25.0
242.4556 	EXP 	unnamed TextStim: height = 25.0
242.4556 	EXP 	unnamed TextStim: height = 25.0
242.4556 	EXP 	unnamed TextStim: text = '↓'
243.9562 	DATA 	Keypress: down
243.9723 	EXP 	unnamed TextStim: height = 25.0
243.9723 	EXP 	unnamed TextStim: height = 25.0
243.9723 	EXP 	unnamed TextStim: height = 25.0
243.9723 	EXP 	unnamed TextStim: text = '↑'
245.6230 	DATA 	Keypress: up
245.6390 	EXP 	unnamed TextStim: height = 25.0
245.6390 	EXP 	unnamed TextStim: height = 25.0
245.6390 	EXP 	unnamed TextStim: height = 25.0
245.6390 	EXP 	unnamed TextStim: text = '←'
246.9730 	DATA 	Keypress: left
246.9890 	EXP 	unnamed TextStim: height = 25.0
246.9890 	EXP 	unnamed TextStim: height = 25.0
246.9890 	EXP 	unnamed TextStim: height = 25.0
246.9890 	EXP 	unnamed TextStim: text = '→'
248.4063 	DATA 	Keypress: right
248.4224 	EXP 	unnamed TextStim: height = 25.0
248.4224 	EXP 	unnamed TextStim: height = 25.0
248.4224 	EXP 	unnamed TextStim: height = 25.0
248.4224 	EXP 	unnamed TextStim: text = '↑'
250.0232 	DATA 	Keypress: up
250.0392 	EXP 	unnamed TextStim: text = '↑'
251.8231 	DATA 	Keypress: up
251.8393 	EXP 	unnamed TextStim: height = 25.0
251.8393 	EXP 	unnamed TextStim: height = 25.0
251.8393 	EXP 	unnamed TextStim: height = 25.0
251.8393 	EXP 	unnamed TextStim: text = '→'
253.3897 	DATA 	Keypress: right
253.4060 	EXP 	unnamed TextStim: text = '→'
254.9400 	DATA 	Keypress: right
254.9560 	EXP 	unnamed TextStim: text = '→'
256.3066 	DATA 	Keypress: right
256.3227 	EXP 	unnamed TextStim: height = 25.0
256.3227 	EXP 	unnamed TextStim: height = 25.0
256.3227 	EXP 	unnamed TextStim: height = 25.0
256.3227 	EXP 	unnamed TextStim: text = '↑'
257.9734 	DATA 	Keypress: down
257.9894 	EXP 	unnamed TextStim: height = 25.0
257.9894 	EXP 	unnamed TextStim: height = 25.0
257.9894 	EXP 	unnamed TextStim: height = 25.0
257.9894 	EXP 	unnamed TextStim: text = '←'
259.4068 	DATA 	Keypress: right
259.4228 	EXP 	unnamed TextStim: height = 25.0
259.4228 	EXP 	unnamed TextStim: height = 25.0
259.4228 	EXP 	unnamed TextStim: height = 25.0
259.4228 	EXP 	unnamed TextStim: text = '↓'
260.8401 	DATA 	Keypress: right
260.8561 	EXP 	unnamed TextStim: height = 25.0
260.8561 	EXP 	unnamed TextStim: height = 25.0
260.8561 	EXP 	unnamed TextStim: height = 25.0
260.8561 	EXP 	unnamed TextStim: text = '↑'
263.0391 	EXP 	Created unnamed ImageStim = ImageStim(__class__=<class 'psychopy.visual.image.ImageStim'>, anchor=('center', 'center'), autoLog=True, color=array([1., 1., 1.]), colorSpace='rgb', contrast=1.0, depth=0, flipHoriz=False, flipVert=False, image='break.jpg', interpolate=True, mask=None, maskParams=None, name='unnamed ImageStim', opacity=1.0, ori=0.0, pos=array([0., 0.]), size=array([1536.,  864.]), texRes=128, units='pix', win=Window(...))
263.0396 	DATA 	Keypress: up
263.9992 	DATA 	Keypress: space
264.0060 	EXP 	unnamed TextStim: height = 25.0
264.0060 	EXP 	unnamed TextStim: height = 25.0
264.0060 	EXP 	unnamed TextStim: height = 25.0
264.0060 	EXP 	unnamed TextStim: text = '↓'
265.4570 	DATA 	Keypress: down
265.4731 	EXP 	unnamed TextStim: height = 25.0
265.4731 	EXP 	unnamed TextStim: height = 25.0
265.4731 	EXP 	unnamed TextStim: height = 25.0
265.4731 	EXP 	unnamed TextStim: text = '←'
267.0255 	DATA 	Keypress: left
267.0565 	EXP 	unnamed TextStim: height = 25.0
267.0565 	EXP 	unnamed TextStim: height = 25.0
267.0565 	EXP 	unnamed TextStim: height = 25.0
267.0565 	EXP 	unnamed TextStim: text = '↑'
268.4070 	DATA 	Keypress: up
268.4232 	EXP 	unnamed TextStim: height = 25.0
268.4232 	EXP 	unnamed TextStim: height = 25.0
268.4232 	EXP 	unnamed TextStim: height = 25.0
268.4232 	EXP 	unnamed TextStim: text = '→'
269.8570 	DATA 	Keypress: right
269.8733 	EXP 	unnamed TextStim: height = 25.0
269.8733 	EXP 	unnamed TextStim: height = 25.0
269.8733 	EXP 	unnamed TextStim: height = 25.0
269.8733 	EXP 	unnamed TextStim: text = '←'
271.6905 	DATA 	Keypress: left
271.7067 	EXP 	unnamed TextStim: height = 25.0
271.7067 	EXP 	unnamed TextStim: height = 25.0
271.7067 	EXP 	unnamed TextStim: height = 25.0
271.7067 	EXP 	unnamed TextStim: text = '↑'
273.1739 	DATA 	Keypress: up
273.1899 	EXP 	unnamed TextStim: height = 25.0
273.1899 	EXP 	unnamed TextStim: height = 25.0
273.1899 	EXP 	unnamed TextStim: height = 25.0
273.1899 	EXP 	unnamed TextStim: text = '→'
274.7572 	DATA 	Keypress: right
274.7734 	EXP 	unnamed TextStim: height = 25.0
274.7734 	EXP 	unnamed TextStim: height = 25.0
274.7734 	EXP 	unnamed TextStim: height = 25.0
274.7734 	EXP 	unnamed TextStim: text = '↑'
276.4908 	DATA 	Keypress: up
276.5069 	EXP 	unnamed TextStim: height = 25.0
276.5069 	EXP 	unnamed TextStim: height = 25.0
276.5069 	EXP 	unnamed TextStim: height = 25.0
276.5069 	EXP 	unnamed TextStim: text = '↓'
278.3905 	DATA 	Keypress: down
278.4066 	EXP 	unnamed TextStim: height = 25.0
278.4066 	EXP 	unnamed TextStim: height = 25.0
278.4066 	EXP 	unnamed TextStim: height = 25.0
278.4066 	EXP 	unnamed TextStim: text = '↑'
280.2242 	DATA 	Keypress: up
280.2402 	EXP 	unnamed TextStim: height = 25.0
280.2402 	EXP 	unnamed TextStim: height = 25.0
280.2402 	EXP 	unnamed TextStim: height = 25.0
280.2402 	EXP 	unnamed TextStim: text = '→'
281.7430 	DATA 	Keypress: right
281.7734 	EXP 	unnamed TextStim: text = '→'
283.3762 	DATA 	Keypress: right
283.4070 	EXP 	unnamed TextStim: text = '→'
285.1744 	DATA 	Keypress: right
285.1905 	EXP 	unnamed TextStim: height = 25.0
285.1905 	EXP 	unnamed TextStim: height = 25.0
285.1905 	EXP 	unnamed TextStim: height = 25.0
285.1905 	EXP 	unnamed TextStim: text = '↓'
286.5577 	DATA 	Keypress: down
286.5738 	EXP 	unnamed TextStim: height = 25.0
286.5738 	EXP 	unnamed TextStim: height = 25.0
286.5738 	EXP 	unnamed TextStim: height = 25.0
286.5738 	EXP 	unnamed TextStim: text = '→'
288.1244 	DATA 	Keypress: right
288.1406 	EXP 	unnamed TextStim: height = 25.0
288.1406 	EXP 	unnamed TextStim: height = 25.0
288.1406 	EXP 	unnamed TextStim: height = 25.0
288.1406 	EXP 	unnamed TextStim: text = '↑'
289.7411 	DATA 	Keypress: up
289.7574 	EXP 	unnamed TextStim: height = 25.0
289.7574 	EXP 	unnamed TextStim: height = 25.0
289.7574 	EXP 	unnamed TextStim: height = 25.0
289.7574 	EXP 	unnamed TextStim: text = '↓'
291.4910 	DATA 	Keypress: down
291.5073 	EXP 	unnamed TextStim: height = 25.0
291.5073 	EXP 	unnamed TextStim: height = 25.0
291.5073 	EXP 	unnamed TextStim: height = 25.0
291.5073 	EXP 	unnamed TextStim: text = '←'
293.3579 	DATA 	Keypress: left
293.3741 	EXP 	unnamed TextStim: text = '←'
295.2414 	DATA 	Keypress: left
295.3832 	EXP 	Created unnamed ImageStim = ImageStim(__class__=<class 'psychopy.visual.image.ImageStim'>, anchor=('center', 'center'), autoLog=True, color=array([1., 1., 1.]), colorSpace='rgb', contrast=1.0, depth=0, flipHoriz=False, flipVert=False, image='break.jpg', interpolate=True, mask=None, maskParams=None, name='unnamed ImageStim', opacity=1.0, ori=0.0, pos=array([0., 0.]), size=array([1536.,  864.]), texRes=128, units='pix', win=Window(...))
296.1100 	DATA 	Keypress: space
296.1239 	EXP 	unnamed TextStim: text = '←'
297.4584 	DATA 	Keypress: left
297.4742 	EXP 	unnamed TextStim: height = 25.0
297.4742 	EXP 	unnamed TextStim: height = 25.0
297.4742 	EXP 	unnamed TextStim: height = 25.0
297.4742 	EXP 	unnamed TextStim: text = '↑'
299.0917 	DATA 	Keypress: up
299.1075 	EXP 	unnamed TextStim: height = 25.0
299.1075 	EXP 	unnamed TextStim: height = 25.0
299.1075 	EXP 	unnamed TextStim: height = 25.0
299.1075 	EXP 	unnamed TextStim: text = '→'
300.6748 	DATA 	Keypress: right
300.6910 	EXP 	unnamed TextStim: height = 25.0
300.6910 	EXP 	unnamed TextStim: height = 25.0
300.6910 	EXP 	unnamed TextStim: height = 25.0
300.6910 	EXP 	unnamed TextStim: text = '↓'
302.2082 	DATA 	Keypress: down
302.2245 	EXP 	unnamed TextStim: height = 25.0
302.2245 	EXP 	unnamed TextStim: height = 25.0
302.2245 	EXP 	unnamed TextStim: height = 25.0
302.2245 	EXP 	unnamed TextStim: text = '←'
303.7085 	DATA 	Keypress: left
303.7252 	EXP 	unnamed TextStim: height = 25.0
303.7252 	EXP 	unnamed TextStim: height = 25.0
303.7252 	EXP 	unnamed TextStim: height = 25.0
303.7252 	EXP 	unnamed TextStim: text = '→'
305.4269 	DATA 	Keypress: right
305.4578 	EXP 	unnamed TextStim: height = 25.0
305.4578 	EXP 	unnamed TextStim: height = 25.0
305.4578 	EXP 	unnamed TextStim: height = 25.0
305.4578 	EXP 	unnamed TextStim: text = '↑'
307.0418 	DATA 	Keypress: up
307.0579 	EXP 	unnamed TextStim: text = '↑'
308.7585 	DATA 	Keypress: up
308.7746 	EXP 	unnamed TextStim: height = 25.0
308.7746 	EXP 	unnamed TextStim: height = 25.0
308.7746 	EXP 	unnamed TextStim: height = 25.0
308.7746 	EXP 	unnamed TextStim: text = '←'
310.6253 	DATA 	Keypress: left
310.6415 	EXP 	unnamed TextStim: height = 25.0
310.6415 	EXP 	unnamed TextStim: height = 25.0
310.6415 	EXP 	unnamed TextStim: height = 25.0
310.6415 	EXP 	unnamed TextStim: text = '↓'
312.4753 	DATA 	Keypress: down
312.4915 	EXP 	unnamed TextStim: text = '↓'
314.2272 	DATA 	Keypress: down
314.2582 	EXP 	unnamed TextStim: height = 25.0
314.2582 	EXP 	unnamed TextStim: height = 25.0
314.2582 	EXP 	unnamed TextStim: height = 25.0
314.2582 	EXP 	unnamed TextStim: text = '←'
315.8253 	DATA 	Keypress: left
315.8416 	EXP 	unnamed TextStim: height = 25.0
315.8416 	EXP 	unnamed TextStim: height = 25.0
315.8416 	EXP 	unnamed TextStim: height = 25.0
315.8416 	EXP 	unnamed TextStim: text = '↓'
317.5589 	DATA 	Keypress: down
317.5750 	EXP 	unnamed TextStim: height = 25.0
317.5750 	EXP 	unnamed TextStim: height = 25.0
317.5750 	EXP 	unnamed TextStim: height = 25.0
317.5750 	EXP 	unnamed TextStim: text = '←'
319.0923 	DATA 	Keypress: right
319.1085 	EXP 	unnamed TextStim: height = 25.0
319.1085 	EXP 	unnamed TextStim: height = 25.0
319.1085 	EXP 	unnamed TextStim: height = 25.0
319.1085 	EXP 	unnamed TextStim: text = '↑'
320.6757 	DATA 	Keypress: up
320.6918 	EXP 	unnamed TextStim: height = 25.0
320.6918 	EXP 	unnamed TextStim: height = 25.0
320.6918 	EXP 	unnamed TextStim: height = 25.0
320.6918 	EXP 	unnamed TextStim: text = '←'
322.1922 	DATA 	Keypress: left
322.2086 	EXP 	unnamed TextStim: height = 25.0
322.2086 	EXP 	unnamed TextStim: height = 25.0
322.2086 	EXP 	unnamed TextStim: height = 25.0
322.2086 	EXP 	unnamed TextStim: text = '↓'
323.7259 	DATA 	Keypress: down
323.7419 	EXP 	unnamed TextStim: height = 25.0
323.7419 	EXP 	unnamed TextStim: height = 25.0
323.7419 	EXP 	unnamed TextStim: height = 25.0
323.7419 	EXP 	unnamed TextStim: text = '←'
325.5426 	DATA 	Keypress: left
325.5586 	EXP 	unnamed TextStim: height = 25.0
325.5586 	EXP 	unnamed TextStim: height = 25.0
325.5586 	EXP 	unnamed TextStim: height = 25.0
325.5586 	EXP 	unnamed TextStim: text = '↑'
327.1759 	DATA 	Keypress: up
327.3199 	EXP 	Created unnamed ImageStim = ImageStim(__class__=<class 'psychopy.visual.image.ImageStim'>, anchor=('center', 'center'), autoLog=True, color=array([1., 1., 1.]), colorSpace='rgb', contrast=1.0, depth=0, flipHoriz=False, flipVert=False, image='break.jpg', interpolate=True, mask=None, maskParams=None, name='unnamed ImageStim', opacity=1.0, ori=0.0, pos=array([0., 0.]), size=array([1536.,  864.]), texRes=128, units='pix', win=Window(...))
328.3322 	DATA 	Keypress: space
328.3417 	EXP 	unnamed TextStim: text = '↑'
330.0593 	DATA 	Keypress: up
330.0756 	EXP 	unnamed TextStim: text = '↑'
331.4926 	DATA 	Keypress: up
331.5089 	EXP 	unnamed TextStim: height = 25.0
331.5089 	EXP 	unnamed TextStim: height = 25.0
331.5089 	EXP 	unnamed TextStim: height = 25.0
331.5089 	EXP 	unnamed TextStim: text = '←'
333.0427 	DATA 	Keypress: left
333.0589 	EXP 	unnamed TextStim: height = 25.0
333.0589 	EXP 	unnamed TextStim: height = 25.0
333.0589 	EXP 	unnamed TextStim: height = 25.0
333.0589 	EXP 	unnamed TextStim: text = '→'
334.5112 	DATA 	Keypress: right
334.5424 	EXP 	unnamed TextStim: height = 25.0
334.5424 	EXP 	unnamed TextStim: height = 25.0
334.5424 	EXP 	unnamed TextStim: height = 25.0
334.5424 	EXP 	unnamed TextStim: text = '←'
336.2430 	DATA 	Keypress: left
336.2590 	EXP 	unnamed TextStim: height = 25.0
336.2590 	EXP 	unnamed TextStim: height = 25.0
336.2590 	EXP 	unnamed TextStim: height = 25.0
336.2590 	EXP 	unnamed TextStim: text = '↑'
337.8597 	DATA 	Keypress: up
337.8758 	EXP 	unnamed TextStim: height = 25.0
337.8758 	EXP 	unnamed TextStim: height = 25.0
337.8758 	EXP 	unnamed TextStim: height = 25.0
337.8758 	EXP 	unnamed TextStim: text = '↓'
339.3264 	DATA 	Keypress: down
339.3425 	EXP 	unnamed TextStim: height = 25.0
339.3425 	EXP 	unnamed TextStim: height = 25.0
339.3425 	EXP 	unnamed TextStim: height = 25.0
339.3425 	EXP 	unnamed TextStim: text = '→'
340.9606 	DATA 	Keypress: right
340.9758 	EXP 	unnamed TextStim: height = 25.0
340.9758 	EXP 	unnamed TextStim: height = 25.0
340.9758 	EXP 	unnamed TextStim: height = 25.0
340.9758 	EXP 	unnamed TextStim: text = '←'
342.6431 	DATA 	Keypress: left
342.6593 	EXP 	unnamed TextStim: height = 25.0
342.6593 	EXP 	unnamed TextStim: height = 25.0
342.6593 	EXP 	unnamed TextStim: height = 25.0
342.6593 	EXP 	unnamed TextStim: text = '↑'
344.2615 	DATA 	Keypress: up
344.2927 	EXP 	unnamed TextStim: height = 25.0
344.2927 	EXP 	unnamed TextStim: height = 25.0
344.2927 	EXP 	unnamed TextStim: height = 25.0
344.2927 	EXP 	unnamed TextStim: text = '←'
345.9934 	DATA 	Keypress: left
346.0093 	EXP 	unnamed TextStim: height = 25.0
346.0093 	EXP 	unnamed TextStim: height = 25.0
346.0093 	EXP 	unnamed TextStim: height = 25.0
346.0093 	EXP 	unnamed TextStim: text = '↑'
347.7266 	DATA 	Keypress: up
347.7428 	EXP 	unnamed TextStim: height = 25.0
347.7428 	EXP 	unnamed TextStim: height = 25.0
347.7428 	EXP 	unnamed TextStim: height = 25.0
347.7428 	EXP 	unnamed TextStim: text = '←'
349.4600 	DATA 	Keypress: left
349.4760 	EXP 	unnamed TextStim: height = 25.0
349.4760 	EXP 	unnamed TextStim: height = 25.0
349.4760 	EXP 	unnamed TextStim: height = 25.0
349.4760 	EXP 	unnamed TextStim: text = '↓'
351.2768 	DATA 	Keypress: down
351.2930 	EXP 	unnamed TextStim: height = 25.0
351.2930 	EXP 	unnamed TextStim: height = 25.0
351.2930 	EXP 	unnamed TextStim: height = 25.0
351.2930 	EXP 	unnamed TextStim: text = '↑'
352.5602 	DATA 	Keypress: up
352.5763 	EXP 	unnamed TextStim: text = '↑'
354.6936 	DATA 	Keypress: up
354.7098 	EXP 	unnamed TextStim: height = 25.0
354.7098 	EXP 	unnamed TextStim: height = 25.0
354.7098 	EXP 	unnamed TextStim: height = 25.0
354.7098 	EXP 	unnamed TextStim: text = '↓'
356.3271 	DATA 	Keypress: down
356.3431 	EXP 	unnamed TextStim: height = 25.0
356.3431 	EXP 	unnamed TextStim: height = 25.0
356.3431 	EXP 	unnamed TextStim: height = 25.0
356.3431 	EXP 	unnamed TextStim: text = '→'
358.0938 	DATA 	Keypress: right
358.1100 	EXP 	unnamed TextStim: height = 25.0
358.1100 	EXP 	unnamed TextStim: height = 25.0
358.1100 	EXP 	unnamed TextStim: height = 25.0
358.1100 	EXP 	unnamed TextStim: text = '←'
359.5438 	DATA 	Keypress: left
359.6869 	EXP 	Created unnamed ImageStim = ImageStim(__class__=<class 'psychopy.visual.image.ImageStim'>, anchor=('center', 'center'), autoLog=True, color=array([1., 1., 1.]), colorSpace='rgb', contrast=1.0, depth=0, flipHoriz=False, flipVert=False, image='break.jpg', interpolate=True, mask=None, maskParams=None, name='unnamed ImageStim', opacity=1.0, ori=0.0, pos=array([0., 0.]), size=array([1536.,  864.]), texRes=128, units='pix', win=Window(...))
361.0649 	DATA 	Keypress: space
361.0763 	EXP 	unnamed TextStim: text = '←'
362.7273 	DATA 	Keypress: right
362.7434 	EXP 	unnamed TextStim: height = 25.0
362.7434 	EXP 	unnamed TextStim: height = 25.0
362.7434 	EXP 	unnamed TextStim: height = 25.0
362.7434 	EXP 	unnamed TextStim: text = '→'
364.0605 	DATA 	Keypress: right
364.0768 	EXP 	unnamed TextStim: height = 25.0
364.0768 	EXP 	unnamed TextStim: height = 25.0
364.0768 	EXP 	unnamed TextStim: height = 25.0
364.0768 	EXP 	unnamed TextStim: text = '↓'
365.8106 	DATA 	Keypress: down
365.8269 	EXP 	unnamed TextStim: text = '↓'
367.2105 	DATA 	Keypress: down
367.2269 	EXP 	unnamed TextStim: height = 25.0
367.2269 	EXP 	unnamed TextStim: height = 25.0
367.2269 	EXP 	unnamed TextStim: height = 25.0
367.2269 	EXP 	unnamed TextStim: text = '←'
368.7275 	DATA 	Keypress: left
368.7437 	EXP 	unnamed TextStim: height = 25.0
368.7437 	EXP 	unnamed TextStim: height = 25.0
368.7437 	EXP 	unnamed TextStim: height = 25.0
368.7437 	EXP 	unnamed TextStim: text = '→'
370.2773 	DATA 	Keypress: right
370.2937 	EXP 	unnamed TextStim: height = 25.0
370.2937 	EXP 	unnamed TextStim: height = 25.0
370.2937 	EXP 	unnamed TextStim: height = 25.0
370.2937 	EXP 	unnamed TextStim: text = '←'
371.9777 	DATA 	Keypress: right
371.9938 	EXP 	unnamed TextStim: height = 25.0
371.9938 	EXP 	unnamed TextStim: height = 25.0
371.9938 	EXP 	unnamed TextStim: height = 25.0
371.9938 	EXP 	unnamed TextStim: text = '→'
373.5442 	DATA 	Keypress: right
373.5605 	EXP 	unnamed TextStim: height = 25.0
373.5605 	EXP 	unnamed TextStim: height = 25.0
373.5605 	EXP 	unnamed TextStim: height = 25.0
373.5605 	EXP 	unnamed TextStim: text = '←'
375.6271 	EXP 	unnamed TextStim: text = '←'
377.5278 	DATA 	Keypress: left
377.5439 	EXP 	unnamed TextStim: height = 25.0
377.5439 	EXP 	unnamed TextStim: height = 25.0
377.5439 	EXP 	unnamed TextStim: height = 25.0
377.5439 	EXP 	unnamed TextStim: text = '↑'
379.4446 	DATA 	Keypress: up
379.4607 	EXP 	unnamed TextStim: height = 25.0
379.4607 	EXP 	unnamed TextStim: height = 25.0
379.4607 	EXP 	unnamed TextStim: height = 25.0
379.4607 	EXP 	unnamed TextStim: text = '→'
380.8280 	DATA 	Keypress: right
380.8441 	EXP 	unnamed TextStim: height = 25.0
380.8441 	EXP 	unnamed TextStim: height = 25.0
380.8441 	EXP 	unnamed TextStim: height = 25.0
380.8441 	EXP 	unnamed TextStim: text = '←'
382.3946 	DATA 	Keypress: left
382.4107 	EXP 	unnamed TextStim: height = 25.0
382.4107 	EXP 	unnamed TextStim: height = 25.0
382.4107 	EXP 	unnamed TextStim: height = 25.0
382.4107 	EXP 	unnamed TextStim: text = '↓'
384.2781 	DATA 	Keypress: down
384.2942 	EXP 	unnamed TextStim: height = 25.0
384.2942 	EXP 	unnamed TextStim: height = 25.0
384.2942 	EXP 	unnamed TextStim: height = 25.0
384.2942 	EXP 	unnamed TextStim: text = '→'
385.8114 	DATA 	Keypress: right
385.8276 	EXP 	unnamed TextStim: height = 25.0
385.8276 	EXP 	unnamed TextStim: height = 25.0
385.8276 	EXP 	unnamed TextStim: height = 25.0
385.8276 	EXP 	unnamed TextStim: text = '←'
387.4467 	DATA 	Keypress: left
387.4777 	EXP 	unnamed TextStim: text = '←'
389.0448 	DATA 	Keypress: left
389.0609 	EXP 	unnamed TextStim: height = 25.0
389.0609 	EXP 	unnamed TextStim: height = 25.0
389.0609 	EXP 	unnamed TextStim: height = 25.0
389.0609 	EXP 	unnamed TextStim: text = '↓'
390.4615 	DATA 	Keypress: right
390.4777 	EXP 	unnamed TextStim: height = 25.0
390.4777 	EXP 	unnamed TextStim: height = 25.0
390.4777 	EXP 	unnamed TextStim: height = 25.0
390.4777 	EXP 	unnamed TextStim: text = '↑'
392.5284 	DATA 	Keypress: up
392.6811 	EXP 	Created unnamed ImageStim = ImageStim(__class__=<class 'psychopy.visual.image.ImageStim'>, anchor=('center', 'center'), autoLog=True, color=array([1., 1., 1.]), colorSpace='rgb', contrast=1.0, depth=0, flipHoriz=False, flipVert=False, image='break.jpg', interpolate=True, mask=None, maskParams=None, name='unnamed ImageStim', opacity=1.0, ori=0.0, pos=array([0., 0.]), size=array([1536.,  864.]), texRes=128, units='pix', win=Window(...))
392.6816 	DATA 	Keypress: up
393.3011 	DATA 	Keypress: space
393.3108 	EXP 	unnamed TextStim: height = 25.0
393.3108 	EXP 	unnamed TextStim: height = 25.0
393.3108 	EXP 	unnamed TextStim: height = 25.0
393.3108 	EXP 	unnamed TextStim: text = '→'
394.9785 	DATA 	Keypress: right
394.9946 	EXP 	unnamed TextStim: height = 25.0
394.9946 	EXP 	unnamed TextStim: height = 25.0
394.9946 	EXP 	unnamed TextStim: height = 25.0
394.9946 	EXP 	unnamed TextStim: text = '←'
396.2619 	DATA 	Keypress: left
396.2780 	EXP 	unnamed TextStim: height = 25.0
396.2780 	EXP 	unnamed TextStim: height = 25.0
396.2780 	EXP 	unnamed TextStim: height = 25.0
396.2780 	EXP 	unnamed TextStim: text = '↑'
398.4303 	DATA 	Keypress: up
398.4614 	EXP 	unnamed TextStim: height = 25.0
398.4614 	EXP 	unnamed TextStim: height = 25.0
398.4614 	EXP 	unnamed TextStim: height = 25.0
398.4614 	EXP 	unnamed TextStim: text = '←'
399.9453 	DATA 	Keypress: left
399.9614 	EXP 	unnamed TextStim: height = 25.0
399.9614 	EXP 	unnamed TextStim: height = 25.0
399.9614 	EXP 	unnamed TextStim: height = 25.0
399.9614 	EXP 	unnamed TextStim: text = '→'
401.5801 	DATA 	Keypress: right
401.6115 	EXP 	unnamed TextStim: height = 25.0
401.6115 	EXP 	unnamed TextStim: height = 25.0
401.6115 	EXP 	unnamed TextStim: height = 25.0
401.6115 	EXP 	unnamed TextStim: text = '↑'
403.2970 	DATA 	Keypress: up
403.3282 	EXP 	unnamed TextStim: height = 25.0
403.3282 	EXP 	unnamed TextStim: height = 25.0
403.3282 	EXP 	unnamed TextStim: height = 25.0
403.3282 	EXP 	unnamed TextStim: text = '→'
404.7289 	DATA 	Keypress: left
404.7450 	EXP 	unnamed TextStim: height = 25.0
404.7450 	EXP 	unnamed TextStim: height = 25.0
404.7450 	EXP 	unnamed TextStim: height = 25.0
404.7450 	EXP 	unnamed TextStim: text = '↓'
406.1637 	DATA 	Keypress: down
406.1950 	EXP 	unnamed TextStim: height = 25.0
406.1950 	EXP 	unnamed TextStim: height = 25.0
406.1950 	EXP 	unnamed TextStim: height = 25.0
406.1950 	EXP 	unnamed TextStim: text = '→'
407.9789 	DATA 	Keypress: right
407.9951 	EXP 	unnamed TextStim: height = 25.0
407.9951 	EXP 	unnamed TextStim: height = 25.0
407.9951 	EXP 	unnamed TextStim: height = 25.0
407.9951 	EXP 	unnamed TextStim: text = '←'
409.6472 	DATA 	Keypress: left
409.6786 	EXP 	unnamed TextStim: height = 25.0
409.6786 	EXP 	unnamed TextStim: height = 25.0
409.6786 	EXP 	unnamed TextStim: height = 25.0
409.6786 	EXP 	unnamed TextStim: text = '→'
411.1306 	DATA 	Keypress: right
411.1618 	EXP 	unnamed TextStim: height = 25.0
411.1618 	EXP 	unnamed TextStim: height = 25.0
411.1618 	EXP 	unnamed TextStim: height = 25.0
411.1618 	EXP 	unnamed TextStim: text = '↓'
412.7625 	DATA 	Keypress: down
412.7785 	EXP 	unnamed TextStim: height = 25.0
412.7785 	EXP 	unnamed TextStim: height = 25.0
412.7785 	EXP 	unnamed TextStim: height = 25.0
412.7785 	EXP 	unnamed TextStim: text = '←'
414.5291 	DATA 	Keypress: left
414.5453 	EXP 	unnamed TextStim: height = 25.0
414.5453 	EXP 	unnamed TextStim: height = 25.0
414.5453 	EXP 	unnamed TextStim: height = 25.0
414.5453 	EXP 	unnamed TextStim: text = '→'
416.3793 	DATA 	Keypress: right
416.3954 	EXP 	unnamed TextStim: text = '→'
418.2127 	DATA 	Keypress: right
418.2288 	EXP 	unnamed TextStim: height = 25.0
418.2288 	EXP 	unnamed TextStim: height = 25.0
418.2288 	EXP 	unnamed TextStim: height = 25.0
418.2288 	EXP 	unnamed TextStim: text = '←'
419.9287 	DATA 	Keypress: left
419.9453 	EXP 	unnamed TextStim: height = 25.0
419.9453 	EXP 	unnamed TextStim: height = 25.0
419.9453 	EXP 	unnamed TextStim: height = 25.0
419.9453 	EXP 	unnamed TextStim: text = '→'
421.6148 	DATA 	Keypress: right
421.6455 	EXP 	unnamed TextStim: height = 25.0
421.6455 	EXP 	unnamed TextStim: height = 25.0
421.6455 	EXP 	unnamed TextStim: height = 25.0
421.6455 	EXP 	unnamed TextStim: text = '←'
423.1128 	DATA 	Keypress: left
423.1289 	EXP 	unnamed TextStim: height = 25.0
423.1289 	EXP 	unnamed TextStim: height = 25.0
423.1289 	EXP 	unnamed TextStim: height = 25.0
423.1289 	EXP 	unnamed TextStim: text = '→'
424.5961 	DATA 	Keypress: right
424.7420 	EXP 	Created unnamed ImageStim = ImageStim(__class__=<class 'psychopy.visual.image.ImageStim'>, anchor=('center', 'center'), autoLog=True, color=array([1., 1., 1.]), colorSpace='rgb', contrast=1.0, depth=0, flipHoriz=False, flipVert=False, image='break.jpg', interpolate=True, mask=None, maskParams=None, name='unnamed ImageStim', opacity=1.0, ori=0.0, pos=array([0., 0.]), size=array([1536.,  864.]), texRes=128, units='pix', win=Window(...))
425.5761 	DATA 	Keypress: space
425.5788 	EXP 	unnamed TextStim: height = 25.0
425.5788 	EXP 	unnamed TextStim: height = 25.0
425.5788 	EXP 	unnamed TextStim: height = 25.0
425.5788 	EXP 	unnamed TextStim: text = '←'
427.4298 	DATA 	Keypress: left
427.4458 	EXP 	unnamed TextStim: height = 25.0
427.4458 	EXP 	unnamed TextStim: height = 25.0
427.4458 	EXP 	unnamed TextStim: height = 25.0
427.4458 	EXP 	unnamed TextStim: text = '→'
428.7963 	DATA 	Keypress: right
428.8126 	EXP 	unnamed TextStim: height = 25.0
428.8126 	EXP 	unnamed TextStim: height = 25.0
428.8126 	EXP 	unnamed TextStim: height = 25.0
428.8126 	EXP 	unnamed TextStim: text = '←'
430.4797 	DATA 	Keypress: left
430.4959 	EXP 	unnamed TextStim: text = '←'
432.0465 	DATA 	Keypress: left
432.0626 	EXP 	unnamed TextStim: height = 25.0
432.0626 	EXP 	unnamed TextStim: height = 25.0
432.0626 	EXP 	unnamed TextStim: height = 25.0
432.0626 	EXP 	unnamed TextStim: text = '→'
433.8633 	DATA 	Keypress: right
433.8793 	EXP 	unnamed TextStim: height = 25.0
433.8793 	EXP 	unnamed TextStim: height = 25.0
433.8793 	EXP 	unnamed TextStim: height = 25.0
433.8793 	EXP 	unnamed TextStim: text = '↓'
435.9965 	DATA 	Keypress: down
436.0128 	EXP 	unnamed TextStim: height = 25.0
436.0128 	EXP 	unnamed TextStim: height = 25.0
436.0128 	EXP 	unnamed TextStim: height = 25.0
436.0128 	EXP 	unnamed TextStim: text = '←'
437.8135 	DATA 	Keypress: left
437.8296 	EXP 	unnamed TextStim: height = 25.0
437.8296 	EXP 	unnamed TextStim: height = 25.0
437.8296 	EXP 	unnamed TextStim: height = 25.0
437.8296 	EXP 	unnamed TextStim: text = '↑'
439.5133 	DATA 	Keypress: up
439.5297 	EXP 	unnamed TextStim: height = 25.0
439.5297 	EXP 	unnamed TextStim: height = 25.0
439.5297 	EXP 	unnamed TextStim: height = 25.0
439.5297 	EXP 	unnamed TextStim: text = '←'
441.1135 	DATA 	Keypress: left
441.1297 	EXP 	unnamed TextStim: height = 25.0
441.1297 	EXP 	unnamed TextStim: height = 25.0
441.1297 	EXP 	unnamed TextStim: height = 25.0
441.1297 	EXP 	unnamed TextStim: text = '↑'
442.6469 	DATA 	Keypress: up
442.6631 	EXP 	unnamed TextStim: text = '↑'
444.0304 	DATA 	Keypress: up
444.0465 	EXP 	unnamed TextStim: text = '↑'
445.5636 	DATA 	Keypress: up
445.5798 	EXP 	unnamed TextStim: height = 25.0
445.5798 	EXP 	unnamed TextStim: height = 25.0
445.5798 	EXP 	unnamed TextStim: height = 25.0
445.5798 	EXP 	unnamed TextStim: text = '←'
446.9970 	DATA 	Keypress: left
447.0131 	EXP 	unnamed TextStim: height = 25.0
447.0131 	EXP 	unnamed TextStim: height = 25.0
447.0131 	EXP 	unnamed TextStim: height = 25.0
447.0131 	EXP 	unnamed TextStim: text = '↑'
448.7473 	DATA 	Keypress: up
448.7633 	EXP 	unnamed TextStim: text = '↑'
450.2139 	DATA 	Keypress: up
450.2300 	EXP 	unnamed TextStim: height = 25.0
450.2300 	EXP 	unnamed TextStim: height = 25.0
450.2300 	EXP 	unnamed TextStim: height = 25.0
450.2300 	EXP 	unnamed TextStim: text = '←'
451.9639 	DATA 	Keypress: left
451.9800 	EXP 	unnamed TextStim: height = 25.0
451.9800 	EXP 	unnamed TextStim: height = 25.0
451.9800 	EXP 	unnamed TextStim: height = 25.0
451.9800 	EXP 	unnamed TextStim: text = '↓'
453.4972 	DATA 	Keypress: down
453.5134 	EXP 	unnamed TextStim: height = 25.0
453.5134 	EXP 	unnamed TextStim: height = 25.0
453.5134 	EXP 	unnamed TextStim: height = 25.0
453.5134 	EXP 	unnamed TextStim: text = '→'
455.0972 	DATA 	Keypress: right
455.1136 	EXP 	unnamed TextStim: text = '→'
456.9142 	DATA 	Keypress: right
457.0605 	EXP 	Created unnamed ImageStim = ImageStim(__class__=<class 'psychopy.visual.image.ImageStim'>, anchor=('center', 'center'), autoLog=True, color=array([1., 1., 1.]), colorSpace='rgb', contrast=1.0, depth=0, flipHoriz=False, flipVert=False, image='break.jpg', interpolate=True, mask=None, maskParams=None, name='unnamed ImageStim', opacity=1.0, ori=0.0, pos=array([0., 0.]), size=array([1536.,  864.]), texRes=128, units='pix', win=Window(...))
457.8948 	DATA 	Keypress: space
457.8964 	EXP 	unnamed TextStim: text = '→'
459.4806 	DATA 	Keypress: right
459.4970 	EXP 	unnamed TextStim: height = 25.0
459.4970 	EXP 	unnamed TextStim: height = 25.0
459.4970 	EXP 	unnamed TextStim: height = 25.0
459.4970 	EXP 	unnamed TextStim: text = '↓'
461.1141 	DATA 	Keypress: down
461.1304 	EXP 	unnamed TextStim: height = 25.0
461.1304 	EXP 	unnamed TextStim: height = 25.0
461.1304 	EXP 	unnamed TextStim: height = 25.0
461.1304 	EXP 	unnamed TextStim: text = '→'
462.8477 	DATA 	Keypress: right
462.8638 	EXP 	unnamed TextStim: height = 25.0
462.8638 	EXP 	unnamed TextStim: height = 25.0
462.8638 	EXP 	unnamed TextStim: height = 25.0
462.8638 	EXP 	unnamed TextStim: text = '↓'
464.6644 	DATA 	Keypress: down
464.6806 	EXP 	unnamed TextStim: text = '↓'
466.4478 	DATA 	Keypress: down
466.4639 	EXP 	unnamed TextStim: text = '↓'
468.2979 	DATA 	Keypress: down
468.3140 	EXP 	unnamed TextStim: height = 25.0
468.3140 	EXP 	unnamed TextStim: height = 25.0
468.3140 	EXP 	unnamed TextStim: height = 25.0
468.3140 	EXP 	unnamed TextStim: text = '↑'
469.9827 	DATA 	Keypress: up
470.0140 	EXP 	unnamed TextStim: text = '↑'
471.8647 	DATA 	Keypress: up
471.8809 	EXP 	unnamed TextStim: text = '↑'
473.4647 	DATA 	Keypress: up
473.4809 	EXP 	unnamed TextStim: height = 25.0
473.4809 	EXP 	unnamed TextStim: height = 25.0
473.4809 	EXP 	unnamed TextStim: height = 25.0
473.4809 	EXP 	unnamed TextStim: text = '↓'
475.1145 	DATA 	Keypress: down
475.1308 	EXP 	unnamed TextStim: height = 25.0
475.1308 	EXP 	unnamed TextStim: height = 25.0
475.1308 	EXP 	unnamed TextStim: height = 25.0
475.1308 	EXP 	unnamed TextStim: text = '↑'
476.5981 	DATA 	Keypress: up
476.6143 	EXP 	unnamed TextStim: height = 25.0
476.6143 	EXP 	unnamed TextStim: height = 25.0
476.6143 	EXP 	unnamed TextStim: height = 25.0
476.6143 	EXP 	unnamed TextStim: text = '→'
478.5499 	DATA 	Keypress: right
478.5644 	EXP 	unnamed TextStim: text = '→'
480.3316 	DATA 	Keypress: right
480.3478 	EXP 	unnamed TextStim: height = 25.0
480.3478 	EXP 	unnamed TextStim: height = 25.0
480.3478 	EXP 	unnamed TextStim: height = 25.0
480.3478 	EXP 	unnamed TextStim: text = '←'
481.9483 	DATA 	Keypress: left
481.9645 	EXP 	unnamed TextStim: height = 25.0
481.9645 	EXP 	unnamed TextStim: height = 25.0
481.9645 	EXP 	unnamed TextStim: height = 25.0
481.9645 	EXP 	unnamed TextStim: text = '↓'
483.3667 	DATA 	Keypress: down
483.3979 	EXP 	unnamed TextStim: height = 25.0
483.3979 	EXP 	unnamed TextStim: height = 25.0
483.3979 	EXP 	unnamed TextStim: height = 25.0
483.3979 	EXP 	unnamed TextStim: text = '←'
484.9818 	DATA 	Keypress: left
484.9980 	EXP 	unnamed TextStim: height = 25.0
484.9980 	EXP 	unnamed TextStim: height = 25.0
484.9980 	EXP 	unnamed TextStim: height = 25.0
484.9980 	EXP 	unnamed TextStim: text = '↓'
487.0313 	EXP 	unnamed TextStim: text = '↓'
487.0325 	DATA 	Keypress: down
488.7819 	DATA 	Keypress: down
488.7981 	EXP 	unnamed TextStim: height = 25.0
488.7981 	EXP 	unnamed TextStim: height = 25.0
488.7981 	EXP 	unnamed TextStim: height = 25.0
488.7981 	EXP 	unnamed TextStim: text = '←'
490.5487 	DATA 	Keypress: left
490.6952 	EXP 	Created unnamed ImageStim = ImageStim(__class__=<class 'psychopy.visual.image.ImageStim'>, anchor=('center', 'center'), autoLog=True, color=array([1., 1., 1.]), colorSpace='rgb', contrast=1.0, depth=0, flipHoriz=False, flipVert=False, image='break.jpg', interpolate=True, mask=None, maskParams=None, name='unnamed ImageStim', opacity=1.0, ori=0.0, pos=array([0., 0.]), size=array([1536.,  864.]), texRes=128, units='pix', win=Window(...))
491.3241 	DATA 	Keypress: space
491.3312 	EXP 	unnamed TextStim: height = 25.0
491.3312 	EXP 	unnamed TextStim: height = 25.0
491.3312 	EXP 	unnamed TextStim: height = 25.0
491.3312 	EXP 	unnamed TextStim: text = '↑'
492.8655 	DATA 	Keypress: up
492.8816 	EXP 	unnamed TextStim: height = 25.0
492.8816 	EXP 	unnamed TextStim: height = 25.0
492.8816 	EXP 	unnamed TextStim: height = 25.0
492.8816 	EXP 	unnamed TextStim: text = '→'
494.2822 	DATA 	Keypress: right
494.2983 	EXP 	unnamed TextStim: height = 25.0
494.2983 	EXP 	unnamed TextStim: height = 25.0
494.2983 	EXP 	unnamed TextStim: height = 25.0
494.2983 	EXP 	unnamed TextStim: text = '↓'
496.1990 	DATA 	Keypress: down
496.2151 	EXP 	unnamed TextStim: text = '↓'
498.0657 	DATA 	Keypress: down
498.0819 	EXP 	unnamed TextStim: height = 25.0
498.0819 	EXP 	unnamed TextStim: height = 25.0
498.0819 	EXP 	unnamed TextStim: height = 25.0
498.0819 	EXP 	unnamed TextStim: text = '→'
499.6325 	DATA 	Keypress: right
499.6485 	EXP 	unnamed TextStim: height = 25.0
499.6485 	EXP 	unnamed TextStim: height = 25.0
499.6485 	EXP 	unnamed TextStim: height = 25.0
499.6485 	EXP 	unnamed TextStim: text = '↓'
501.3992 	DATA 	Keypress: down
501.4152 	EXP 	unnamed TextStim: height = 25.0
501.4152 	EXP 	unnamed TextStim: height = 25.0
501.4152 	EXP 	unnamed TextStim: height = 25.0
501.4152 	EXP 	unnamed TextStim: text = '←'
502.9491 	DATA 	Keypress: left
502.9652 	EXP 	unnamed TextStim: height = 25.0
502.9652 	EXP 	unnamed TextStim: height = 25.0
502.9652 	EXP 	unnamed TextStim: height = 25.0
502.9652 	EXP 	unnamed TextStim: text = '↑'
504.4326 	DATA 	Keypress: up
504.4485 	EXP 	unnamed TextStim: text = '↑'
506.4494 	DATA 	Keypress: up
506.4655 	EXP 	unnamed TextStim: height = 25.0
506.4655 	EXP 	unnamed TextStim: height = 25.0
506.4655 	EXP 	unnamed TextStim: height = 25.0
506.4655 	EXP 	unnamed TextStim: text = '←'
508.1994 	DATA 	Keypress: left
508.2155 	EXP 	unnamed TextStim: height = 25.0
508.2155 	EXP 	unnamed TextStim: height = 25.0
508.2155 	EXP 	unnamed TextStim: height = 25.0
508.2155 	EXP 	unnamed TextStim: text = '→'
510.0493 	DATA 	Keypress: right
510.0656 	EXP 	unnamed TextStim: text = '→'
512.0162 	DATA 	Keypress: right
512.0322 	EXP 	unnamed TextStim: height = 25.0
512.0322 	EXP 	unnamed TextStim: height = 25.0
512.0322 	EXP 	unnamed TextStim: height = 25.0
512.0322 	EXP 	unnamed TextStim: text = '↑'
513.5829 	DATA 	Keypress: up
513.5991 	EXP 	unnamed TextStim: height = 25.0
513.5991 	EXP 	unnamed TextStim: height = 25.0
513.5991 	EXP 	unnamed TextStim: height = 25.0
513.5991 	EXP 	unnamed TextStim: text = '→'
515.1330 	DATA 	Keypress: right
515.1491 	EXP 	unnamed TextStim: height = 25.0
515.1491 	EXP 	unnamed TextStim: height = 25.0
515.1491 	EXP 	unnamed TextStim: height = 25.0
515.1491 	EXP 	unnamed TextStim: text = '↓'
516.6012 	DATA 	Keypress: down
516.6159 	EXP 	unnamed TextStim: height = 25.0
516.6159 	EXP 	unnamed TextStim: height = 25.0
516.6159 	EXP 	unnamed TextStim: height = 25.0
516.6159 	EXP 	unnamed TextStim: text = '↑'
518.7331 	DATA 	Keypress: up
518.7493 	EXP 	unnamed TextStim: text = '↑'
520.2998 	DATA 	Keypress: up
520.3159 	EXP 	unnamed TextStim: height = 25.0
520.3159 	EXP 	unnamed TextStim: height = 25.0
520.3159 	EXP 	unnamed TextStim: height = 25.0
520.3159 	EXP 	unnamed TextStim: text = '↓'
521.8000 	DATA 	Keypress: down
521.8161 	EXP 	unnamed TextStim: height = 25.0
521.8161 	EXP 	unnamed TextStim: height = 25.0
521.8161 	EXP 	unnamed TextStim: height = 25.0
521.8161 	EXP 	unnamed TextStim: text = '→'
523.5333 	DATA 	Keypress: right
523.6788 	EXP 	Created unnamed ImageStim = ImageStim(__class__=<class 'psychopy.visual.image.ImageStim'>, anchor=('center', 'center'), autoLog=True, color=array([1., 1., 1.]), colorSpace='rgb', contrast=1.0, depth=0, flipHoriz=False, flipVert=False, image='break.jpg', interpolate=True, mask=None, maskParams=None, name='unnamed ImageStim', opacity=1.0, ori=0.0, pos=array([0., 0.]), size=array([1536.,  864.]), texRes=128, units='pix', win=Window(...))
524.3183 	DATA 	Keypress: space
524.3324 	EXP 	unnamed TextStim: text = '→'
525.7667 	DATA 	Keypress: right
525.7826 	EXP 	unnamed TextStim: height = 25.0
525.7826 	EXP 	unnamed TextStim: height = 25.0
525.7826 	EXP 	unnamed TextStim: height = 25.0
525.7826 	EXP 	unnamed TextStim: text = '↑'
527.4667 	DATA 	Keypress: up
527.4828 	EXP 	unnamed TextStim: height = 25.0
527.4828 	EXP 	unnamed TextStim: height = 25.0
527.4828 	EXP 	unnamed TextStim: height = 25.0
527.4828 	EXP 	unnamed TextStim: text = '←'
529.2169 	DATA 	Keypress: down
529.2330 	EXP 	unnamed TextStim: text = '←'
530.8170 	DATA 	Keypress: left
530.8330 	EXP 	unnamed TextStim: height = 25.0
530.8330 	EXP 	unnamed TextStim: height = 25.0
530.8330 	EXP 	unnamed TextStim: height = 25.0
530.8330 	EXP 	unnamed TextStim: text = '↑'
532.5170 	DATA 	Keypress: up
532.5331 	EXP 	unnamed TextStim: height = 25.0
532.5331 	EXP 	unnamed TextStim: height = 25.0
532.5331 	EXP 	unnamed TextStim: height = 25.0
532.5331 	EXP 	unnamed TextStim: text = '←'
534.1006 	DATA 	Keypress: left
534.1161 	EXP 	unnamed TextStim: height = 25.0
534.1161 	EXP 	unnamed TextStim: height = 25.0
534.1161 	EXP 	unnamed TextStim: height = 25.0
534.1161 	EXP 	unnamed TextStim: text = '→'
535.6172 	DATA 	Keypress: right
535.6332 	EXP 	unnamed TextStim: text = '→'
537.1004 	DATA 	Keypress: right
537.1166 	EXP 	unnamed TextStim: height = 25.0
537.1166 	EXP 	unnamed TextStim: height = 25.0
537.1166 	EXP 	unnamed TextStim: height = 25.0
537.1166 	EXP 	unnamed TextStim: text = '↓'
538.5172 	DATA 	Keypress: down
538.5333 	EXP 	unnamed TextStim: height = 25.0
538.5333 	EXP 	unnamed TextStim: height = 25.0
538.5333 	EXP 	unnamed TextStim: height = 25.0
538.5333 	EXP 	unnamed TextStim: text = '→'
540.3340 	DATA 	Keypress: right
540.3500 	EXP 	unnamed TextStim: height = 25.0
540.3500 	EXP 	unnamed TextStim: height = 25.0
540.3500 	EXP 	unnamed TextStim: height = 25.0
540.3500 	EXP 	unnamed TextStim: text = '↓'
542.1336 	DATA 	Keypress: down
542.1501 	EXP 	unnamed TextStim: height = 25.0
542.1501 	EXP 	unnamed TextStim: height = 25.0
542.1501 	EXP 	unnamed TextStim: height = 25.0
542.1501 	EXP 	unnamed TextStim: text = '←'
543.4340 	DATA 	Keypress: left
543.4501 	EXP 	unnamed TextStim: height = 25.0
543.4501 	EXP 	unnamed TextStim: height = 25.0
543.4501 	EXP 	unnamed TextStim: height = 25.0
543.4501 	EXP 	unnamed TextStim: text = '↑'
545.1841 	DATA 	Keypress: up
545.2002 	EXP 	unnamed TextStim: text = '↑'
546.5343 	DATA 	Keypress: up
546.5502 	EXP 	unnamed TextStim: height = 25.0
546.5502 	EXP 	unnamed TextStim: height = 25.0
546.5502 	EXP 	unnamed TextStim: height = 25.0
546.5502 	EXP 	unnamed TextStim: text = '→'
548.0172 	DATA 	Keypress: right
548.0337 	EXP 	unnamed TextStim: height = 25.0
548.0337 	EXP 	unnamed TextStim: height = 25.0
548.0337 	EXP 	unnamed TextStim: height = 25.0
548.0337 	EXP 	unnamed TextStim: text = '↑'
549.4676 	DATA 	Keypress: up
549.4836 	EXP 	unnamed TextStim: text = '↑'
551.3842 	DATA 	Keypress: up
551.4005 	EXP 	unnamed TextStim: text = '↑'
553.1677 	DATA 	Keypress: up
553.1839 	EXP 	unnamed TextStim: height = 25.0
553.1839 	EXP 	unnamed TextStim: height = 25.0
553.1839 	EXP 	unnamed TextStim: height = 25.0
553.1839 	EXP 	unnamed TextStim: text = '←'
554.7679 	DATA 	Keypress: left
554.9111 	EXP 	Created unnamed ImageStim = ImageStim(__class__=<class 'psychopy.visual.image.ImageStim'>, anchor=('center', 'center'), autoLog=True, color=array([1., 1., 1.]), colorSpace='rgb', contrast=1.0, depth=0, flipHoriz=False, flipVert=False, image='break.jpg', interpolate=True, mask=None, maskParams=None, name='unnamed ImageStim', opacity=1.0, ori=0.0, pos=array([0., 0.]), size=array([1536.,  864.]), texRes=128, units='pix', win=Window(...))
555.7019 	DATA 	Keypress: space
555.7169 	EXP 	unnamed TextStim: text = '←'
557.1510 	DATA 	Keypress: left
557.1672 	EXP 	unnamed TextStim: height = 25.0
557.1672 	EXP 	unnamed TextStim: height = 25.0
557.1672 	EXP 	unnamed TextStim: height = 25.0
557.1672 	EXP 	unnamed TextStim: text = '↓'
558.9178 	DATA 	Keypress: down
558.9340 	EXP 	unnamed TextStim: height = 25.0
558.9340 	EXP 	unnamed TextStim: height = 25.0
558.9340 	EXP 	unnamed TextStim: height = 25.0
558.9340 	EXP 	unnamed TextStim: text = '↑'
560.4846 	DATA 	Keypress: up
560.5007 	EXP 	unnamed TextStim: height = 25.0
560.5007 	EXP 	unnamed TextStim: height = 25.0
560.5007 	EXP 	unnamed TextStim: height = 25.0
560.5007 	EXP 	unnamed TextStim: text = '↓'
562.0680 	DATA 	Keypress: down
562.0837 	EXP 	unnamed TextStim: text = '↓'
563.7015 	DATA 	Keypress: down
563.7176 	EXP 	unnamed TextStim: height = 25.0
563.7176 	EXP 	unnamed TextStim: height = 25.0
563.7176 	EXP 	unnamed TextStim: height = 25.0
563.7176 	EXP 	unnamed TextStim: text = '→'
565.0032 	DATA 	Keypress: right
565.0343 	EXP 	unnamed TextStim: height = 25.0
565.0343 	EXP 	unnamed TextStim: height = 25.0
565.0343 	EXP 	unnamed TextStim: height = 25.0
565.0343 	EXP 	unnamed TextStim: text = '↑'
566.4015 	DATA 	Keypress: up
566.4177 	EXP 	unnamed TextStim: height = 25.0
566.4177 	EXP 	unnamed TextStim: height = 25.0
566.4177 	EXP 	unnamed TextStim: height = 25.0
566.4177 	EXP 	unnamed TextStim: text = '↓'
568.4015 	DATA 	Keypress: down
568.4178 	EXP 	unnamed TextStim: height = 25.0
568.4178 	EXP 	unnamed TextStim: height = 25.0
568.4178 	EXP 	unnamed TextStim: height = 25.0
568.4178 	EXP 	unnamed TextStim: text = '→'
570.0684 	DATA 	Keypress: right
570.0842 	EXP 	unnamed TextStim: height = 25.0
570.0842 	EXP 	unnamed TextStim: height = 25.0
570.0842 	EXP 	unnamed TextStim: height = 25.0
570.0842 	EXP 	unnamed TextStim: text = '↑'
571.8032 	DATA 	Keypress: down
571.8345 	EXP 	unnamed TextStim: height = 25.0
571.8345 	EXP 	unnamed TextStim: height = 25.0
571.8345 	EXP 	unnamed TextStim: height = 25.0
571.8345 	EXP 	unnamed TextStim: text = '→'
573.4351 	DATA 	Keypress: right
573.4513 	EXP 	unnamed TextStim: height = 25.0
573.4513 	EXP 	unnamed TextStim: height = 25.0
573.4513 	EXP 	unnamed TextStim: height = 25.0
573.4513 	EXP 	unnamed TextStim: text = '←'
574.8185 	DATA 	Keypress: left
574.8346 	EXP 	unnamed TextStim: height = 25.0
574.8346 	EXP 	unnamed TextStim: height = 25.0
574.8346 	EXP 	unnamed TextStim: height = 25.0
574.8346 	EXP 	unnamed TextStim: text = '→'
576.2698 	DATA 	Keypress: right
576.3014 	EXP 	unnamed TextStim: height = 25.0
576.3014 	EXP 	unnamed TextStim: height = 25.0
576.3014 	EXP 	unnamed TextStim: height = 25.0
576.3014 	EXP 	unnamed TextStim: text = '↑'
577.6685 	DATA 	Keypress: up
577.6848 	EXP 	unnamed TextStim: height = 25.0
577.6848 	EXP 	unnamed TextStim: height = 25.0
577.6848 	EXP 	unnamed TextStim: height = 25.0
577.6848 	EXP 	unnamed TextStim: text = '→'
579.0703 	DATA 	Keypress: right
579.1014 	EXP 	unnamed TextStim: height = 25.0
579.1014 	EXP 	unnamed TextStim: height = 25.0
579.1014 	EXP 	unnamed TextStim: height = 25.0
579.1014 	EXP 	unnamed TextStim: text = '↑'
580.8022 	DATA 	Keypress: up
580.8181 	EXP 	unnamed TextStim: height = 25.0
580.8181 	EXP 	unnamed TextStim: height = 25.0
580.8181 	EXP 	unnamed TextStim: height = 25.0
580.8181 	EXP 	unnamed TextStim: text = '→'
582.7354 	DATA 	Keypress: right
582.7517 	EXP 	unnamed TextStim: height = 25.0
582.7517 	EXP 	unnamed TextStim: height = 25.0
582.7517 	EXP 	unnamed TextStim: height = 25.0
582.7517 	EXP 	unnamed TextStim: text = '↑'
584.2856 	DATA 	Keypress: up
584.3016 	EXP 	unnamed TextStim: height = 25.0
584.3016 	EXP 	unnamed TextStim: height = 25.0
584.3016 	EXP 	unnamed TextStim: height = 25.0
584.3016 	EXP 	unnamed TextStim: text = '→'
586.2357 	DATA 	Keypress: right
586.3825 	EXP 	Created unnamed ImageStim = ImageStim(__class__=<class 'psychopy.visual.image.ImageStim'>, anchor=('center', 'center'), autoLog=True, color=array([1., 1., 1.]), colorSpace='rgb', contrast=1.0, depth=0, flipHoriz=False, flipVert=False, image='break.jpg', interpolate=True, mask=None, maskParams=None, name='unnamed ImageStim', opacity=1.0, ori=0.0, pos=array([0., 0.]), size=array([1536.,  864.]), texRes=128, units='pix', win=Window(...))
588.2364 	DATA 	Keypress: space
588.2516 	EXP 	unnamed TextStim: height = 25.0
588.2516 	EXP 	unnamed TextStim: height = 25.0
588.2516 	EXP 	unnamed TextStim: height = 25.0
588.2516 	EXP 	unnamed TextStim: text = '↓'
589.7690 	DATA 	Keypress: down
589.7852 	EXP 	unnamed TextStim: text = '↓'
591.2523 	DATA 	Keypress: down
591.2686 	EXP 	unnamed TextStim: height = 25.0
591.2686 	EXP 	unnamed TextStim: height = 25.0
591.2686 	EXP 	unnamed TextStim: height = 25.0
591.2686 	EXP 	unnamed TextStim: text = '→'
592.7858 	DATA 	Keypress: right
592.8020 	EXP 	unnamed TextStim: text = '→'
594.7359 	DATA 	Keypress: right
594.7521 	EXP 	unnamed TextStim: height = 25.0
594.7521 	EXP 	unnamed TextStim: height = 25.0
594.7521 	EXP 	unnamed TextStim: height = 25.0
594.7521 	EXP 	unnamed TextStim: text = '↑'
596.3193 	DATA 	Keypress: up
596.3355 	EXP 	unnamed TextStim: height = 25.0
596.3355 	EXP 	unnamed TextStim: height = 25.0
596.3355 	EXP 	unnamed TextStim: height = 25.0
596.3355 	EXP 	unnamed TextStim: text = '←'
598.0693 	DATA 	Keypress: right
598.0855 	EXP 	unnamed TextStim: text = '←'
599.8196 	DATA 	Keypress: left
599.8355 	EXP 	unnamed TextStim: height = 25.0
599.8355 	EXP 	unnamed TextStim: height = 25.0
599.8355 	EXP 	unnamed TextStim: height = 25.0
599.8355 	EXP 	unnamed TextStim: text = '→'
601.5028 	DATA 	Keypress: right
601.5190 	EXP 	unnamed TextStim: height = 25.0
601.5190 	EXP 	unnamed TextStim: height = 25.0
601.5190 	EXP 	unnamed TextStim: height = 25.0
601.5190 	EXP 	unnamed TextStim: text = '←'
603.2695 	DATA 	Keypress: left
603.2858 	EXP 	unnamed TextStim: height = 25.0
603.2858 	EXP 	unnamed TextStim: height = 25.0
603.2858 	EXP 	unnamed TextStim: height = 25.0
603.2858 	EXP 	unnamed TextStim: text = '→'
605.0362 	DATA 	Keypress: right
605.0526 	EXP 	unnamed TextStim: height = 25.0
605.0526 	EXP 	unnamed TextStim: height = 25.0
605.0526 	EXP 	unnamed TextStim: height = 25.0
605.0526 	EXP 	unnamed TextStim: text = '↓'
606.7030 	DATA 	Keypress: down
606.7191 	EXP 	unnamed TextStim: height = 25.0
606.7191 	EXP 	unnamed TextStim: height = 25.0
606.7191 	EXP 	unnamed TextStim: height = 25.0
606.7191 	EXP 	unnamed TextStim: text = '↑'
608.0864 	DATA 	Keypress: up
608.1025 	EXP 	unnamed TextStim: text = '↑'
609.8199 	DATA 	Keypress: up
609.8360 	EXP 	unnamed TextStim: text = '↑'
611.3865 	DATA 	Keypress: up
611.4027 	EXP 	unnamed TextStim: text = '↑'
613.1700 	DATA 	Keypress: up
613.1861 	EXP 	unnamed TextStim: height = 25.0
613.1861 	EXP 	unnamed TextStim: height = 25.0
613.1861 	EXP 	unnamed TextStim: height = 25.0
613.1861 	EXP 	unnamed TextStim: text = '↓'
614.8033 	DATA 	Keypress: down
614.8195 	EXP 	unnamed TextStim: height = 25.0
614.8195 	EXP 	unnamed TextStim: height = 25.0
614.8195 	EXP 	unnamed TextStim: height = 25.0
614.8195 	EXP 	unnamed TextStim: text = '←'
616.9695 	EXP 	unnamed TextStim: height = 25.0
616.9695 	EXP 	unnamed TextStim: height = 25.0
616.9695 	EXP 	unnamed TextStim: height = 25.0
616.9695 	EXP 	unnamed TextStim: text = '→'
617.0708 	DATA 	Keypress: left
618.8368 	DATA 	Keypress: right
618.8529 	EXP 	unnamed TextStim: height = 25.0
618.8529 	EXP 	unnamed TextStim: height = 25.0
618.8529 	EXP 	unnamed TextStim: height = 25.0
618.8529 	EXP 	unnamed TextStim: text = '↓'
620.4869 	DATA 	Keypress: down
620.6348 	EXP 	Created unnamed ImageStim = ImageStim(__class__=<class 'psychopy.visual.image.ImageStim'>, anchor=('center', 'center'), autoLog=True, color=array([1., 1., 1.]), colorSpace='rgb', contrast=1.0, depth=0, flipHoriz=False, flipVert=False, image='break.jpg', interpolate=True, mask=None, maskParams=None, name='unnamed ImageStim', opacity=1.0, ori=0.0, pos=array([0., 0.]), size=array([1536.,  864.]), texRes=128, units='pix', win=Window(...))
622.1347 	DATA 	Keypress: space
622.1376 	EXP 	unnamed TextStim: height = 25.0
622.1376 	EXP 	unnamed TextStim: height = 25.0
622.1376 	EXP 	unnamed TextStim: height = 25.0
622.1376 	EXP 	unnamed TextStim: text = '→'
623.7386 	DATA 	Keypress: right
623.7698 	EXP 	unnamed TextStim: height = 25.0
623.7698 	EXP 	unnamed TextStim: height = 25.0
623.7698 	EXP 	unnamed TextStim: height = 25.0
623.7698 	EXP 	unnamed TextStim: text = '↑'
625.5538 	DATA 	Keypress: up
625.5699 	EXP 	unnamed TextStim: height = 25.0
625.5699 	EXP 	unnamed TextStim: height = 25.0
625.5699 	EXP 	unnamed TextStim: height = 25.0
625.5699 	EXP 	unnamed TextStim: text = '←'
627.1205 	DATA 	Keypress: left
627.1366 	EXP 	unnamed TextStim: height = 25.0
627.1366 	EXP 	unnamed TextStim: height = 25.0
627.1366 	EXP 	unnamed TextStim: height = 25.0
627.1366 	EXP 	unnamed TextStim: text = '→'
628.5371 	DATA 	Keypress: right
628.5533 	EXP 	unnamed TextStim: height = 25.0
628.5533 	EXP 	unnamed TextStim: height = 25.0
628.5533 	EXP 	unnamed TextStim: height = 25.0
628.5533 	EXP 	unnamed TextStim: text = '←'
630.4539 	DATA 	Keypress: left
630.4701 	EXP 	unnamed TextStim: height = 25.0
630.4701 	EXP 	unnamed TextStim: height = 25.0
630.4701 	EXP 	unnamed TextStim: height = 25.0
630.4701 	EXP 	unnamed TextStim: text = '↓'
632.2372 	DATA 	Keypress: down
632.2534 	EXP 	unnamed TextStim: height = 25.0
632.2534 	EXP 	unnamed TextStim: height = 25.0
632.2534 	EXP 	unnamed TextStim: height = 25.0
632.2534 	EXP 	unnamed TextStim: text = '↑'
633.6706 	DATA 	Keypress: up
633.6869 	EXP 	unnamed TextStim: text = '↑'
635.3373 	DATA 	Keypress: up
635.3536 	EXP 	unnamed TextStim: height = 25.0
635.3536 	EXP 	unnamed TextStim: height = 25.0
635.3536 	EXP 	unnamed TextStim: height = 25.0
635.3536 	EXP 	unnamed TextStim: text = '→'
636.9042 	DATA 	Keypress: right
636.9203 	EXP 	unnamed TextStim: height = 25.0
636.9203 	EXP 	unnamed TextStim: height = 25.0
636.9203 	EXP 	unnamed TextStim: height = 25.0
636.9203 	EXP 	unnamed TextStim: text = '↓'
638.4542 	DATA 	Keypress: down
638.4703 	EXP 	unnamed TextStim: text = '↓'
640.3704 	EXP 	unnamed TextStim: height = 25.0
640.3704 	EXP 	unnamed TextStim: height = 25.0
640.3704 	EXP 	unnamed TextStim: height = 25.0
640.3704 	EXP 	unnamed TextStim: text = '↑'
640.4216 	DATA 	Keypress: down
641.9897 	DATA 	Keypress: up
642.0205 	EXP 	unnamed TextStim: height = 25.0
642.0205 	EXP 	unnamed TextStim: height = 25.0
642.0205 	EXP 	unnamed TextStim: height = 25.0
642.0205 	EXP 	unnamed TextStim: text = '↓'
643.9373 	EXP 	unnamed TextStim: height = 25.0
643.9373 	EXP 	unnamed TextStim: height = 25.0
643.9373 	EXP 	unnamed TextStim: height = 25.0
643.9373 	EXP 	unnamed TextStim: text = '↑'
643.9550 	DATA 	Keypress: down
645.8044 	DATA 	Keypress: up
645.8207 	EXP 	unnamed TextStim: text = '↑'
647.3045 	DATA 	Keypress: up
647.3206 	EXP 	unnamed TextStim: text = '↑'
648.7382 	DATA 	Keypress: down
648.7542 	EXP 	unnamed TextStim: height = 25.0
648.7542 	EXP 	unnamed TextStim: height = 25.0
648.7542 	EXP 	unnamed TextStim: height = 25.0
648.7542 	EXP 	unnamed TextStim: text = '↓'
650.4213 	DATA 	Keypress: down
650.4376 	EXP 	unnamed TextStim: height = 25.0
650.4376 	EXP 	unnamed TextStim: height = 25.0
650.4376 	EXP 	unnamed TextStim: height = 25.0
650.4376 	EXP 	unnamed TextStim: text = '→'
652.2542 	EXP 	unnamed TextStim: height = 25.0
652.2542 	EXP 	unnamed TextStim: height = 25.0
652.2542 	EXP 	unnamed TextStim: height = 25.0
652.2542 	EXP 	unnamed TextStim: text = '↑'
653.7547 	DATA 	Keypress: up
653.8970 	EXP 	Created unnamed ImageStim = ImageStim(__class__=<class 'psychopy.visual.image.ImageStim'>, anchor=('center', 'center'), autoLog=True, color=array([1., 1., 1.]), colorSpace='rgb', contrast=1.0, depth=0, flipHoriz=False, flipVert=False, image='break.jpg', interpolate=True, mask=None, maskParams=None, name='unnamed ImageStim', opacity=1.0, ori=0.0, pos=array([0., 0.]), size=array([1536.,  864.]), texRes=128, units='pix', win=Window(...))
654.4414 	DATA 	Keypress: space
654.4619 	EXP 	Created unnamed TextStim = TextStim(__class__=<class 'psychopy.visual.text.TextStim'>, alignHoriz=method-wrapper(...), alignText='center', alignVert=method-wrapper(...), anchorHoriz='center', anchorVert='center', antialias=True, autoDraw=False, autoLog=True, bold=False, color=array([-1, -1, -1]), colorSpace='rgb', contrast=1.0, depth=0, flipHoriz=False, flipVert=False, font='', fontFiles=[], height=28.0, italic=False, languageStyle='LTR', name='unnamed TextStim', opacity=1.0, ori=0.0, pos=array([0., 0.]), rgb=UNKNOWN, text=str(...), units='pix', win=Window(...), wrapWidth=1536)
664.8533 	DATA 	Keypress: return
664.9525 	EXP 	window1: mouseVisible = True
