9.1487 	WARNING 	User requested fullscreen with size [1536  864], but screen is actually [1920, 1080]. Using actual size
10.7075 	INFO 	FRAME RATE: 60
10.7075 	INFO 	SCREEN RES: odict_values([1536, 864])
10.7719 	EXP 	Created unnamed TextStim = TextStim(__class__=<class 'psychopy.visual.text.TextStim'>, alignHoriz=method-wrapper(...), alignText='center', alignVert=method-wrapper(...), anchorHoriz='center', anchorVert='center', antialias=True, autoDraw=False, autoLog=True, bold=False, color=array([-1, -1, -1]), colorSpace='rgb', contrast=1.0, depth=0, flipHoriz=False, flipVert=False, font='', fontFiles=[], height=100.0, italic=False, languageStyle='LTR', name='unnamed TextStim', opacity=1.0, ori=0.0, pos=array([0., 0.]), rgb=UNKNOWN, text='+', units='pix', win=Window(...), wrapWidth=500)
10.7758 	EXP 	Created unnamed Circle = Circle(__class__=<class 'psychopy.visual.circle.Circle'>, anchor=('center', 'center'), autoDraw=False, autoLog=True, closeShape=True, color=method-wrapper(...), colorSpace='rgb', contrast=None, depth=0, fillColor=array([ 0.09019608, -1.        , -1.        ]), fillColorSpace='rgb', fillRGB=array([ 0.09019608, -1.        , -1.        ]), interpolate=True, lineColor=array([ 0.09019608, -1.        , -1.        ]), lineColorSpace='rgb', lineRGB=array([ 0.09019608, -1.        , -1.        ]), lineWidth=1.5, name='unnamed Circle', opacity=1.0, ori=0.0, pos=array([0., 0.]), size=array([1., 1.]), units='pix', vertices=ndarray(...), win=Window(...))
10.7768 	EXP 	Created unnamed TextStim = TextStim(__class__=<class 'psychopy.visual.text.TextStim'>, alignHoriz=method-wrapper(...), alignText='center', alignVert=method-wrapper(...), anchorHoriz='center', anchorVert='center', antialias=True, autoDraw=False, autoLog=True, bold=False, color=array([-0.17647059, -0.17647059, -0.17647059]), colorSpace='rgb', contrast=1.0, depth=0, flipHoriz=False, flipVert=False, font='', fontFiles=[], height=25, italic=False, languageStyle='LTR', name='unnamed TextStim', opacity=1.0, ori=0.0, pos=array([0., 0.]), rgb=UNKNOWN, text='', units='pix', win=Window(...), wrapWidth=500)
10.7844 	EXP 	Created unnamed ImageStim = ImageStim(__class__=<class 'psychopy.visual.image.ImageStim'>, anchor=('center', 'center'), autoLog=True, color=array([1., 1., 1.]), colorSpace='rgb', contrast=1.0, depth=0, flipHoriz=False, flipVert=False, image='mask4.png', interpolate=False, mask=None, maskParams=None, name='unnamed ImageStim', opacity=1.0, ori=0.0, pos=array([0., 0.]), size=array([25., 25.]), texRes=128, units='pix', win=Window(...))
10.7918 	EXP 	Created unnamed TextStim = TextStim(__class__=<class 'psychopy.visual.text.TextStim'>, alignHoriz=method-wrapper(...), alignText='center', alignVert=method-wrapper(...), anchorHoriz='center', anchorVert='center', antialias=True, autoDraw=False, autoLog=True, bold=False, color=array([-1, -1, -1]), colorSpace='rgb', contrast=1.0, depth=0, flipHoriz=False, flipVert=False, font='', fontFiles=[], height=30.0, italic=False, languageStyle='LTR', name='unnamed TextStim', opacity=1.0, ori=0.0, pos=array([ 100., -300.]), rgb=UNKNOWN, text=str(...), units='pix', win=Window(...), wrapWidth=10000)
10.8015 	EXP 	Created unnamed TextStim = TextStim(__class__=<class 'psychopy.visual.text.TextStim'>, alignHoriz=method-wrapper(...), alignText='center', alignVert=method-wrapper(...), anchorHoriz='center', anchorVert='center', antialias=True, autoDraw=False, autoLog=True, bold=False, color=array([-1, -1, -1]), colorSpace='rgb', contrast=1.0, depth=0, flipHoriz=False, flipVert=False, font='', fontFiles=[], height=30.0, italic=False, languageStyle='LTR', name='unnamed TextStim', opacity=1.0, ori=0.0, pos=array([ 100., -330.]), rgb=UNKNOWN, text=str(...), units='pix', win=Window(...), wrapWidth=10000)
10.8406 	EXP 	Created unnamed TextStim = TextStim(__class__=<class 'psychopy.visual.text.TextStim'>, alignHoriz=method-wrapper(...), alignText='center', alignVert=method-wrapper(...), anchorHoriz='center', anchorVert='center', antialias=True, autoDraw=False, autoLog=True, bold=False, color=array([-1, -1, -1]), colorSpace='rgb', contrast=1.0, depth=0, flipHoriz=False, flipVert=False, font='', fontFiles=[], height=28.0, italic=False, languageStyle='LTR', name='unnamed TextStim', opacity=1.0, ori=0.0, pos=array([0., 0.]), rgb=UNKNOWN, text=str(...), units='pix', win=Window(...), wrapWidth=1536)
35.2570 	DATA 	Keypress: space
35.2739 	EXP 	unnamed TextStim: height = 25.0
35.2739 	EXP 	unnamed TextStim: height = 25.0
35.2739 	EXP 	unnamed TextStim: height = 25.0
35.2739 	EXP 	unnamed TextStim: text = '→'
37.0876 	EXP 	Created unnamed TextStim = TextStim(__class__=<class 'psychopy.visual.text.TextStim'>, alignHoriz=method-wrapper(...), alignText='center', alignVert=method-wrapper(...), anchorHoriz='center', anchorVert='center', antialias=True, autoDraw=False, autoLog=True, bold=False, color=array([-1, -1, -1]), colorSpace='rgb', contrast=1.0, depth=0, flipHoriz=False, flipVert=False, font='', fontFiles=[], height=50.0, italic=False, languageStyle='LTR', name='unnamed TextStim', opacity=1.0, ori=0.0, pos=array([0., 0.]), rgb=UNKNOWN, text='Brak reakcji', units='pix', win=Window(...), wrapWidth=500)
38.5424 	DATA 	Keypress: right
38.7450 	EXP 	unnamed TextStim: height = 25.0
38.7450 	EXP 	unnamed TextStim: height = 25.0
38.7450 	EXP 	unnamed TextStim: height = 25.0
38.7450 	EXP 	unnamed TextStim: text = '←'
40.1912 	DATA 	Keypress: left
40.2003 	EXP 	Created unnamed TextStim = TextStim(__class__=<class 'psychopy.visual.text.TextStim'>, alignHoriz=method-wrapper(...), alignText='center', alignVert=method-wrapper(...), anchorHoriz='center', anchorVert='center', antialias=True, autoDraw=False, autoLog=True, bold=False, color=array([-1, -1, -1]), colorSpace='rgb', contrast=1.0, depth=0, flipHoriz=False, flipVert=False, font='', fontFiles=[], height=50.0, italic=False, languageStyle='LTR', name='unnamed TextStim', opacity=1.0, ori=0.0, pos=array([0., 0.]), rgb=UNKNOWN, text='Poprawnie', units='pix', win=Window(...), wrapWidth=500)
41.9005 	EXP 	unnamed TextStim: height = 25.0
41.9005 	EXP 	unnamed TextStim: height = 25.0
41.9005 	EXP 	unnamed TextStim: height = 25.0
41.9005 	EXP 	unnamed TextStim: text = '↓'
43.4581 	DATA 	Keypress: down
43.4632 	EXP 	Created unnamed TextStim = TextStim(__class__=<class 'psychopy.visual.text.TextStim'>, alignHoriz=method-wrapper(...), alignText='center', alignVert=method-wrapper(...), anchorHoriz='center', anchorVert='center', antialias=True, autoDraw=False, autoLog=True, bold=False, color=array([-1, -1, -1]), colorSpace='rgb', contrast=1.0, depth=0, flipHoriz=False, flipVert=False, font='', fontFiles=[], height=50.0, italic=False, languageStyle='LTR', name='unnamed TextStim', opacity=1.0, ori=0.0, pos=array([0., 0.]), rgb=UNKNOWN, text='Poprawnie', units='pix', win=Window(...), wrapWidth=500)
45.0744 	EXP 	unnamed TextStim: height = 25.0
45.0744 	EXP 	unnamed TextStim: height = 25.0
45.0744 	EXP 	unnamed TextStim: height = 25.0
45.0744 	EXP 	unnamed TextStim: text = '→'
46.6915 	DATA 	Keypress: right
46.6960 	EXP 	Created unnamed TextStim = TextStim(__class__=<class 'psychopy.visual.text.TextStim'>, alignHoriz=method-wrapper(...), alignText='center', alignVert=method-wrapper(...), anchorHoriz='center', anchorVert='center', antialias=True, autoDraw=False, autoLog=True, bold=False, color=array([-1, -1, -1]), colorSpace='rgb', contrast=1.0, depth=0, flipHoriz=False, flipVert=False, font='', fontFiles=[], height=50.0, italic=False, languageStyle='LTR', name='unnamed TextStim', opacity=1.0, ori=0.0, pos=array([0., 0.]), rgb=UNKNOWN, text='Poprawnie', units='pix', win=Window(...), wrapWidth=500)
48.1244 	EXP 	unnamed TextStim: text = '→'
49.5081 	DATA 	Keypress: right
49.5129 	EXP 	Created unnamed TextStim = TextStim(__class__=<class 'psychopy.visual.text.TextStim'>, alignHoriz=method-wrapper(...), alignText='center', alignVert=method-wrapper(...), anchorHoriz='center', anchorVert='center', antialias=True, autoDraw=False, autoLog=True, bold=False, color=array([-1, -1, -1]), colorSpace='rgb', contrast=1.0, depth=0, flipHoriz=False, flipVert=False, font='', fontFiles=[], height=50.0, italic=False, languageStyle='LTR', name='unnamed TextStim', opacity=1.0, ori=0.0, pos=array([0., 0.]), rgb=UNKNOWN, text='Poprawnie', units='pix', win=Window(...), wrapWidth=500)
51.1364 	EXP 	unnamed TextStim: height = 25.0
51.1364 	EXP 	unnamed TextStim: height = 25.0
51.1364 	EXP 	unnamed TextStim: height = 25.0
51.1364 	EXP 	unnamed TextStim: text = '↑'
52.5084 	DATA 	Keypress: up
52.5138 	EXP 	Created unnamed TextStim = TextStim(__class__=<class 'psychopy.visual.text.TextStim'>, alignHoriz=method-wrapper(...), alignText='center', alignVert=method-wrapper(...), anchorHoriz='center', anchorVert='center', antialias=True, autoDraw=False, autoLog=True, bold=False, color=array([-1, -1, -1]), colorSpace='rgb', contrast=1.0, depth=0, flipHoriz=False, flipVert=False, font='', fontFiles=[], height=50.0, italic=False, languageStyle='LTR', name='unnamed TextStim', opacity=1.0, ori=0.0, pos=array([0., 0.]), rgb=UNKNOWN, text='Poprawnie', units='pix', win=Window(...), wrapWidth=500)
54.1373 	EXP 	unnamed TextStim: height = 25.0
54.1373 	EXP 	unnamed TextStim: height = 25.0
54.1373 	EXP 	unnamed TextStim: height = 25.0
54.1373 	EXP 	unnamed TextStim: text = '←'
55.4086 	DATA 	Keypress: left
55.4137 	EXP 	Created unnamed TextStim = TextStim(__class__=<class 'psychopy.visual.text.TextStim'>, alignHoriz=method-wrapper(...), alignText='center', alignVert=method-wrapper(...), anchorHoriz='center', anchorVert='center', antialias=True, autoDraw=False, autoLog=True, bold=False, color=array([-1, -1, -1]), colorSpace='rgb', contrast=1.0, depth=0, flipHoriz=False, flipVert=False, font='', fontFiles=[], height=50.0, italic=False, languageStyle='LTR', name='unnamed TextStim', opacity=1.0, ori=0.0, pos=array([0., 0.]), rgb=UNKNOWN, text='Poprawnie', units='pix', win=Window(...), wrapWidth=500)
57.0111 	EXP 	unnamed TextStim: height = 25.0
57.0111 	EXP 	unnamed TextStim: height = 25.0
57.0111 	EXP 	unnamed TextStim: height = 25.0
57.0111 	EXP 	unnamed TextStim: text = '→'
58.3251 	DATA 	Keypress: right
58.3300 	EXP 	Created unnamed TextStim = TextStim(__class__=<class 'psychopy.visual.text.TextStim'>, alignHoriz=method-wrapper(...), alignText='center', alignVert=method-wrapper(...), anchorHoriz='center', anchorVert='center', antialias=True, autoDraw=False, autoLog=True, bold=False, color=array([-1, -1, -1]), colorSpace='rgb', contrast=1.0, depth=0, flipHoriz=False, flipVert=False, font='', fontFiles=[], height=50.0, italic=False, languageStyle='LTR', name='unnamed TextStim', opacity=1.0, ori=0.0, pos=array([0., 0.]), rgb=UNKNOWN, text='Poprawnie', units='pix', win=Window(...), wrapWidth=500)
59.9181 	EXP 	Created unnamed TextStim = TextStim(__class__=<class 'psychopy.visual.text.TextStim'>, alignHoriz=method-wrapper(...), alignText='center', alignVert=method-wrapper(...), anchorHoriz='center', anchorVert='center', antialias=True, autoDraw=False, autoLog=True, bold=False, color=array([-1, -1, -1]), colorSpace='rgb', contrast=1.0, depth=0, flipHoriz=False, flipVert=False, font='', fontFiles=[], height=28.0, italic=False, languageStyle='LTR', name='unnamed TextStim', opacity=1.0, ori=0.0, pos=array([0., 0.]), rgb=UNKNOWN, text=str(...), units='pix', win=Window(...), wrapWidth=1536)
68.7239 	DATA 	Keypress: space
68.7418 	EXP 	unnamed TextStim: height = 25.0
68.7418 	EXP 	unnamed TextStim: height = 25.0
68.7418 	EXP 	unnamed TextStim: height = 25.0
68.7418 	EXP 	unnamed TextStim: text = '↑'
70.6089 	DATA 	Keypress: up
70.6253 	EXP 	unnamed TextStim: text = '↑'
72.0256 	DATA 	Keypress: up
72.0419 	EXP 	unnamed TextStim: text = '↑'
73.5758 	DATA 	Keypress: left
73.5917 	EXP 	unnamed TextStim: height = 25.0
73.5917 	EXP 	unnamed TextStim: height = 25.0
73.5917 	EXP 	unnamed TextStim: height = 25.0
73.5917 	EXP 	unnamed TextStim: text = '→'
73.6766 	DATA 	Keypress: up
75.0926 	DATA 	Keypress: right
75.1087 	EXP 	unnamed TextStim: height = 25.0
75.1087 	EXP 	unnamed TextStim: height = 25.0
75.1087 	EXP 	unnamed TextStim: height = 25.0
75.1087 	EXP 	unnamed TextStim: text = '←'
76.8093 	DATA 	Keypress: left
76.8255 	EXP 	unnamed TextStim: height = 25.0
76.8255 	EXP 	unnamed TextStim: height = 25.0
76.8255 	EXP 	unnamed TextStim: height = 25.0
76.8255 	EXP 	unnamed TextStim: text = '↑'
78.4429 	DATA 	Keypress: up
78.4588 	EXP 	unnamed TextStim: height = 25.0
78.4588 	EXP 	unnamed TextStim: height = 25.0
78.4588 	EXP 	unnamed TextStim: height = 25.0
78.4588 	EXP 	unnamed TextStim: text = '→'
79.9109 	DATA 	Keypress: right
79.9422 	EXP 	unnamed TextStim: height = 25.0
79.9422 	EXP 	unnamed TextStim: height = 25.0
79.9422 	EXP 	unnamed TextStim: height = 25.0
79.9422 	EXP 	unnamed TextStim: text = '←'
81.3261 	DATA 	Keypress: left
81.3423 	EXP 	unnamed TextStim: height = 25.0
81.3423 	EXP 	unnamed TextStim: height = 25.0
81.3423 	EXP 	unnamed TextStim: height = 25.0
81.3423 	EXP 	unnamed TextStim: text = '→'
83.0261 	DATA 	Keypress: right
83.0423 	EXP 	unnamed TextStim: height = 25.0
83.0423 	EXP 	unnamed TextStim: height = 25.0
83.0423 	EXP 	unnamed TextStim: height = 25.0
83.0423 	EXP 	unnamed TextStim: text = '←'
84.7595 	DATA 	Keypress: left
84.7758 	EXP 	unnamed TextStim: height = 25.0
84.7758 	EXP 	unnamed TextStim: height = 25.0
84.7758 	EXP 	unnamed TextStim: height = 25.0
84.7758 	EXP 	unnamed TextStim: text = '→'
86.5429 	DATA 	Keypress: right
86.5590 	EXP 	unnamed TextStim: height = 25.0
86.5590 	EXP 	unnamed TextStim: height = 25.0
86.5590 	EXP 	unnamed TextStim: height = 25.0
86.5590 	EXP 	unnamed TextStim: text = '←'
88.3598 	DATA 	Keypress: left
88.3760 	EXP 	unnamed TextStim: height = 25.0
88.3760 	EXP 	unnamed TextStim: height = 25.0
88.3760 	EXP 	unnamed TextStim: height = 25.0
88.3760 	EXP 	unnamed TextStim: text = '→'
90.2431 	DATA 	Keypress: right
90.2592 	EXP 	unnamed TextStim: text = '→'
91.8429 	DATA 	Keypress: right
91.8593 	EXP 	unnamed TextStim: height = 25.0
91.8593 	EXP 	unnamed TextStim: height = 25.0
91.8593 	EXP 	unnamed TextStim: height = 25.0
91.8593 	EXP 	unnamed TextStim: text = '←'
93.6600 	DATA 	Keypress: left
93.6761 	EXP 	unnamed TextStim: height = 25.0
93.6761 	EXP 	unnamed TextStim: height = 25.0
93.6761 	EXP 	unnamed TextStim: height = 25.0
93.6761 	EXP 	unnamed TextStim: text = '↓'
95.1599 	DATA 	Keypress: down
95.1761 	EXP 	unnamed TextStim: height = 25.0
95.1761 	EXP 	unnamed TextStim: height = 25.0
95.1761 	EXP 	unnamed TextStim: height = 25.0
95.1761 	EXP 	unnamed TextStim: text = '→'
96.5600 	DATA 	Keypress: right
96.5762 	EXP 	unnamed TextStim: height = 25.0
96.5762 	EXP 	unnamed TextStim: height = 25.0
96.5762 	EXP 	unnamed TextStim: height = 25.0
96.5762 	EXP 	unnamed TextStim: text = '↑'
98.3101 	DATA 	Keypress: up
98.3263 	EXP 	unnamed TextStim: height = 25.0
98.3263 	EXP 	unnamed TextStim: height = 25.0
98.3263 	EXP 	unnamed TextStim: height = 25.0
98.3263 	EXP 	unnamed TextStim: text = '↓'
100.0602 	DATA 	Keypress: down
100.2188 	EXP 	Created unnamed ImageStim = ImageStim(__class__=<class 'psychopy.visual.image.ImageStim'>, anchor=('center', 'center'), autoLog=True, color=array([1., 1., 1.]), colorSpace='rgb', contrast=1.0, depth=0, flipHoriz=False, flipVert=False, image='break.jpg', interpolate=True, mask=None, maskParams=None, name='unnamed ImageStim', opacity=1.0, ori=0.0, pos=array([0., 0.]), size=array([1536.,  864.]), texRes=128, units='pix', win=Window(...))
105.7861 	DATA 	Keypress: space
105.7931 	EXP 	unnamed TextStim: text = '↓'
107.4772 	DATA 	Keypress: down
107.4932 	EXP 	unnamed TextStim: height = 25.0
107.4932 	EXP 	unnamed TextStim: height = 25.0
107.4932 	EXP 	unnamed TextStim: height = 25.0
107.4932 	EXP 	unnamed TextStim: text = '↑'
109.1272 	DATA 	Keypress: up
109.1433 	EXP 	unnamed TextStim: height = 25.0
109.1433 	EXP 	unnamed TextStim: height = 25.0
109.1433 	EXP 	unnamed TextStim: height = 25.0
109.1433 	EXP 	unnamed TextStim: text = '↓'
110.7606 	DATA 	Keypress: down
110.7765 	EXP 	unnamed TextStim: text = '↓'
112.4272 	DATA 	Keypress: down
112.4435 	EXP 	unnamed TextStim: text = '↓'
114.3441 	DATA 	Keypress: down
114.3602 	EXP 	unnamed TextStim: height = 25.0
114.3602 	EXP 	unnamed TextStim: height = 25.0
114.3602 	EXP 	unnamed TextStim: height = 25.0
114.3602 	EXP 	unnamed TextStim: text = '←'
115.7775 	DATA 	Keypress: left
115.7936 	EXP 	unnamed TextStim: text = '←'
117.3441 	DATA 	Keypress: left
117.3602 	EXP 	unnamed TextStim: height = 25.0
117.3602 	EXP 	unnamed TextStim: height = 25.0
117.3602 	EXP 	unnamed TextStim: height = 25.0
117.3602 	EXP 	unnamed TextStim: text = '↑'
118.7958 	DATA 	Keypress: right
118.8271 	EXP 	unnamed TextStim: height = 25.0
118.8271 	EXP 	unnamed TextStim: height = 25.0
118.8271 	EXP 	unnamed TextStim: height = 25.0
118.8271 	EXP 	unnamed TextStim: text = '→'
120.6943 	DATA 	Keypress: right
120.7105 	EXP 	unnamed TextStim: text = '→'
122.3776 	DATA 	Keypress: right
122.3936 	EXP 	unnamed TextStim: height = 25.0
122.3936 	EXP 	unnamed TextStim: height = 25.0
122.3936 	EXP 	unnamed TextStim: height = 25.0
122.3936 	EXP 	unnamed TextStim: text = '←'
124.3112 	DATA 	Keypress: left
124.3273 	EXP 	unnamed TextStim: height = 25.0
124.3273 	EXP 	unnamed TextStim: height = 25.0
124.3273 	EXP 	unnamed TextStim: height = 25.0
124.3273 	EXP 	unnamed TextStim: text = '↑'
126.2279 	DATA 	Keypress: up
126.2439 	EXP 	unnamed TextStim: height = 25.0
126.2439 	EXP 	unnamed TextStim: height = 25.0
126.2439 	EXP 	unnamed TextStim: height = 25.0
126.2439 	EXP 	unnamed TextStim: text = '↓'
127.7278 	DATA 	Keypress: down
127.7440 	EXP 	unnamed TextStim: text = '↓'
129.5612 	DATA 	Keypress: down
129.5775 	EXP 	unnamed TextStim: height = 25.0
129.5775 	EXP 	unnamed TextStim: height = 25.0
129.5775 	EXP 	unnamed TextStim: height = 25.0
129.5775 	EXP 	unnamed TextStim: text = '←'
131.2613 	DATA 	Keypress: left
131.2775 	EXP 	unnamed TextStim: height = 25.0
131.2775 	EXP 	unnamed TextStim: height = 25.0
131.2775 	EXP 	unnamed TextStim: height = 25.0
131.2775 	EXP 	unnamed TextStim: text = '→'
132.8281 	DATA 	Keypress: right
132.8442 	EXP 	unnamed TextStim: height = 25.0
132.8442 	EXP 	unnamed TextStim: height = 25.0
132.8442 	EXP 	unnamed TextStim: height = 25.0
132.8442 	EXP 	unnamed TextStim: text = '↑'
134.5282 	DATA 	Keypress: up
134.5442 	EXP 	unnamed TextStim: height = 25.0
134.5442 	EXP 	unnamed TextStim: height = 25.0
134.5442 	EXP 	unnamed TextStim: height = 25.0
134.5442 	EXP 	unnamed TextStim: text = '↓'
136.3116 	DATA 	Keypress: down
136.3278 	EXP 	unnamed TextStim: height = 25.0
136.3278 	EXP 	unnamed TextStim: height = 25.0
136.3278 	EXP 	unnamed TextStim: height = 25.0
136.3278 	EXP 	unnamed TextStim: text = '↑'
137.8281 	DATA 	Keypress: up
137.9884 	EXP 	Created unnamed ImageStim = ImageStim(__class__=<class 'psychopy.visual.image.ImageStim'>, anchor=('center', 'center'), autoLog=True, color=array([1., 1., 1.]), colorSpace='rgb', contrast=1.0, depth=0, flipHoriz=False, flipVert=False, image='break.jpg', interpolate=True, mask=None, maskParams=None, name='unnamed ImageStim', opacity=1.0, ori=0.0, pos=array([0., 0.]), size=array([1536.,  864.]), texRes=128, units='pix', win=Window(...))
146.9169 	DATA 	Keypress: space
146.9279 	EXP 	unnamed TextStim: text = '↑'
148.6787 	DATA 	Keypress: up
148.6948 	EXP 	unnamed TextStim: text = '↑'
150.1788 	DATA 	Keypress: up
150.1949 	EXP 	unnamed TextStim: height = 25.0
150.1949 	EXP 	unnamed TextStim: height = 25.0
150.1949 	EXP 	unnamed TextStim: height = 25.0
150.1949 	EXP 	unnamed TextStim: text = '→'
151.6955 	DATA 	Keypress: right
151.7117 	EXP 	unnamed TextStim: height = 25.0
151.7117 	EXP 	unnamed TextStim: height = 25.0
151.7117 	EXP 	unnamed TextStim: height = 25.0
151.7117 	EXP 	unnamed TextStim: text = '←'
153.4289 	DATA 	Keypress: left
153.4449 	EXP 	unnamed TextStim: height = 25.0
153.4449 	EXP 	unnamed TextStim: height = 25.0
153.4449 	EXP 	unnamed TextStim: height = 25.0
153.4449 	EXP 	unnamed TextStim: text = '→'
155.0624 	DATA 	Keypress: right
155.0784 	EXP 	unnamed TextStim: text = '→'
156.4456 	DATA 	Keypress: left
156.4618 	EXP 	unnamed TextStim: height = 25.0
156.4618 	EXP 	unnamed TextStim: height = 25.0
156.4618 	EXP 	unnamed TextStim: height = 25.0
156.4618 	EXP 	unnamed TextStim: text = '↑'
158.2305 	DATA 	Keypress: up
158.2618 	EXP 	unnamed TextStim: height = 25.0
158.2618 	EXP 	unnamed TextStim: height = 25.0
158.2618 	EXP 	unnamed TextStim: height = 25.0
158.2618 	EXP 	unnamed TextStim: text = '←'
160.2120 	EXP 	unnamed TextStim: height = 25.0
160.2120 	EXP 	unnamed TextStim: height = 25.0
160.2120 	EXP 	unnamed TextStim: height = 25.0
160.2120 	EXP 	unnamed TextStim: text = '↑'
160.2797 	DATA 	Keypress: left
162.0644 	DATA 	Keypress: up
162.0951 	EXP 	unnamed TextStim: text = '↑'
164.0292 	DATA 	Keypress: up
164.0454 	EXP 	unnamed TextStim: height = 25.0
164.0454 	EXP 	unnamed TextStim: height = 25.0
164.0454 	EXP 	unnamed TextStim: height = 25.0
164.0454 	EXP 	unnamed TextStim: text = '→'
165.8310 	DATA 	Keypress: right
165.8621 	EXP 	unnamed TextStim: height = 25.0
165.8621 	EXP 	unnamed TextStim: height = 25.0
165.8621 	EXP 	unnamed TextStim: height = 25.0
165.8621 	EXP 	unnamed TextStim: text = '↑'
167.4794 	DATA 	Keypress: right
167.4955 	EXP 	unnamed TextStim: height = 25.0
167.4955 	EXP 	unnamed TextStim: height = 25.0
167.4955 	EXP 	unnamed TextStim: height = 25.0
167.4955 	EXP 	unnamed TextStim: text = '→'
169.0795 	DATA 	Keypress: right
169.0956 	EXP 	unnamed TextStim: height = 25.0
169.0956 	EXP 	unnamed TextStim: height = 25.0
169.0956 	EXP 	unnamed TextStim: height = 25.0
169.0956 	EXP 	unnamed TextStim: text = '↓'
170.9626 	DATA 	Keypress: down
170.9789 	EXP 	unnamed TextStim: text = '↓'
172.4795 	DATA 	Keypress: down
172.4958 	EXP 	unnamed TextStim: height = 25.0
172.4958 	EXP 	unnamed TextStim: height = 25.0
172.4958 	EXP 	unnamed TextStim: height = 25.0
172.4958 	EXP 	unnamed TextStim: text = '→'
174.2130 	DATA 	Keypress: right
174.2291 	EXP 	unnamed TextStim: height = 25.0
174.2291 	EXP 	unnamed TextStim: height = 25.0
174.2291 	EXP 	unnamed TextStim: height = 25.0
174.2291 	EXP 	unnamed TextStim: text = '←'
176.1959 	EXP 	unnamed TextStim: text = '←'
176.3137 	DATA 	Keypress: left
177.7981 	DATA 	Keypress: left
177.8292 	EXP 	unnamed TextStim: text = '←'
179.2463 	DATA 	Keypress: left
179.4016 	EXP 	Created unnamed ImageStim = ImageStim(__class__=<class 'psychopy.visual.image.ImageStim'>, anchor=('center', 'center'), autoLog=True, color=array([1., 1., 1.]), colorSpace='rgb', contrast=1.0, depth=0, flipHoriz=False, flipVert=False, image='break.jpg', interpolate=True, mask=None, maskParams=None, name='unnamed ImageStim', opacity=1.0, ori=0.0, pos=array([0., 0.]), size=array([1536.,  864.]), texRes=128, units='pix', win=Window(...))
182.5025 	DATA 	Keypress: space
182.5126 	EXP 	unnamed TextStim: text = '←'
184.0802 	DATA 	Keypress: left
184.0961 	EXP 	unnamed TextStim: height = 25.0
184.0961 	EXP 	unnamed TextStim: height = 25.0
184.0961 	EXP 	unnamed TextStim: height = 25.0
184.0961 	EXP 	unnamed TextStim: text = '→'
185.8636 	DATA 	Keypress: right
185.8795 	EXP 	unnamed TextStim: text = '→'
187.4134 	DATA 	Keypress: right
187.4294 	EXP 	unnamed TextStim: height = 25.0
187.4294 	EXP 	unnamed TextStim: height = 25.0
187.4294 	EXP 	unnamed TextStim: height = 25.0
187.4294 	EXP 	unnamed TextStim: text = '←'
189.1302 	DATA 	Keypress: right
189.1464 	EXP 	unnamed TextStim: text = '←'
190.7803 	DATA 	Keypress: left
190.7964 	EXP 	unnamed TextStim: height = 25.0
190.7964 	EXP 	unnamed TextStim: height = 25.0
190.7964 	EXP 	unnamed TextStim: height = 25.0
190.7964 	EXP 	unnamed TextStim: text = '→'
192.3802 	DATA 	Keypress: left
192.3964 	EXP 	unnamed TextStim: height = 25.0
192.3964 	EXP 	unnamed TextStim: height = 25.0
192.3964 	EXP 	unnamed TextStim: height = 25.0
192.3964 	EXP 	unnamed TextStim: text = '←'
193.7804 	DATA 	Keypress: left
193.7965 	EXP 	unnamed TextStim: height = 25.0
193.7965 	EXP 	unnamed TextStim: height = 25.0
193.7965 	EXP 	unnamed TextStim: height = 25.0
193.7965 	EXP 	unnamed TextStim: text = '→'
195.4970 	DATA 	Keypress: right
195.5132 	EXP 	unnamed TextStim: text = '→'
197.1658 	DATA 	Keypress: left
197.1964 	EXP 	unnamed TextStim: height = 25.0
197.1964 	EXP 	unnamed TextStim: height = 25.0
197.1964 	EXP 	unnamed TextStim: height = 25.0
197.1964 	EXP 	unnamed TextStim: text = '↓'
199.0305 	DATA 	Keypress: down
199.0466 	EXP 	unnamed TextStim: height = 25.0
199.0466 	EXP 	unnamed TextStim: height = 25.0
199.0466 	EXP 	unnamed TextStim: height = 25.0
199.0466 	EXP 	unnamed TextStim: text = '↑'
200.6473 	DATA 	Keypress: up
200.6633 	EXP 	unnamed TextStim: height = 25.0
200.6633 	EXP 	unnamed TextStim: height = 25.0
200.6633 	EXP 	unnamed TextStim: height = 25.0
200.6633 	EXP 	unnamed TextStim: text = '→'
202.0474 	DATA 	Keypress: right
202.0636 	EXP 	unnamed TextStim: text = '→'
203.4473 	DATA 	Keypress: right
203.4636 	EXP 	unnamed TextStim: height = 25.0
203.4636 	EXP 	unnamed TextStim: height = 25.0
203.4636 	EXP 	unnamed TextStim: height = 25.0
203.4636 	EXP 	unnamed TextStim: text = '↓'
205.2311 	DATA 	Keypress: down
205.2468 	EXP 	unnamed TextStim: height = 25.0
205.2468 	EXP 	unnamed TextStim: height = 25.0
205.2468 	EXP 	unnamed TextStim: height = 25.0
205.2468 	EXP 	unnamed TextStim: text = '↑'
207.0976 	DATA 	Keypress: up
207.1137 	EXP 	unnamed TextStim: text = '↑'
208.7974 	DATA 	Keypress: up
208.8138 	EXP 	unnamed TextStim: text = '↑'
210.4476 	DATA 	Keypress: up
210.4637 	EXP 	unnamed TextStim: text = '↑'
211.8643 	DATA 	Keypress: up
211.8805 	EXP 	unnamed TextStim: height = 25.0
211.8805 	EXP 	unnamed TextStim: height = 25.0
211.8805 	EXP 	unnamed TextStim: height = 25.0
211.8805 	EXP 	unnamed TextStim: text = '↓'
213.8809 	DATA 	Keypress: down
214.0370 	EXP 	Created unnamed ImageStim = ImageStim(__class__=<class 'psychopy.visual.image.ImageStim'>, anchor=('center', 'center'), autoLog=True, color=array([1., 1., 1.]), colorSpace='rgb', contrast=1.0, depth=0, flipHoriz=False, flipVert=False, image='break.jpg', interpolate=True, mask=None, maskParams=None, name='unnamed ImageStim', opacity=1.0, ori=0.0, pos=array([0., 0.]), size=array([1536.,  864.]), texRes=128, units='pix', win=Window(...))
219.4909 	DATA 	Keypress: space
219.4974 	EXP 	unnamed TextStim: height = 25.0
219.4974 	EXP 	unnamed TextStim: height = 25.0
219.4974 	EXP 	unnamed TextStim: height = 25.0
219.4974 	EXP 	unnamed TextStim: text = '→'
221.2648 	DATA 	Keypress: right
221.2809 	EXP 	unnamed TextStim: text = '→'
222.9147 	DATA 	Keypress: right
222.9313 	EXP 	unnamed TextStim: height = 25.0
222.9313 	EXP 	unnamed TextStim: height = 25.0
222.9313 	EXP 	unnamed TextStim: height = 25.0
222.9313 	EXP 	unnamed TextStim: text = '←'
224.6482 	DATA 	Keypress: left
224.6643 	EXP 	unnamed TextStim: height = 25.0
224.6643 	EXP 	unnamed TextStim: height = 25.0
224.6643 	EXP 	unnamed TextStim: height = 25.0
224.6643 	EXP 	unnamed TextStim: text = '→'
226.3649 	DATA 	Keypress: right
226.3811 	EXP 	unnamed TextStim: height = 25.0
226.3811 	EXP 	unnamed TextStim: height = 25.0
226.3811 	EXP 	unnamed TextStim: height = 25.0
226.3811 	EXP 	unnamed TextStim: text = '↑'
228.2484 	DATA 	Keypress: up
228.2642 	EXP 	unnamed TextStim: height = 25.0
228.2642 	EXP 	unnamed TextStim: height = 25.0
228.2642 	EXP 	unnamed TextStim: height = 25.0
228.2642 	EXP 	unnamed TextStim: text = '→'
229.9830 	DATA 	Keypress: right
230.0146 	EXP 	unnamed TextStim: text = '→'
231.6151 	DATA 	Keypress: right
231.6312 	EXP 	unnamed TextStim: height = 25.0
231.6312 	EXP 	unnamed TextStim: height = 25.0
231.6312 	EXP 	unnamed TextStim: height = 25.0
231.6312 	EXP 	unnamed TextStim: text = '↑'
233.2817 	DATA 	Keypress: up
233.2979 	EXP 	unnamed TextStim: height = 25.0
233.2979 	EXP 	unnamed TextStim: height = 25.0
233.2979 	EXP 	unnamed TextStim: height = 25.0
233.2979 	EXP 	unnamed TextStim: text = '↓'
235.1486 	DATA 	Keypress: down
235.1648 	EXP 	unnamed TextStim: height = 25.0
235.1648 	EXP 	unnamed TextStim: height = 25.0
235.1648 	EXP 	unnamed TextStim: height = 25.0
235.1648 	EXP 	unnamed TextStim: text = '←'
237.0002 	DATA 	Keypress: left
237.0314 	EXP 	unnamed TextStim: height = 25.0
237.0314 	EXP 	unnamed TextStim: height = 25.0
237.0314 	EXP 	unnamed TextStim: height = 25.0
237.0314 	EXP 	unnamed TextStim: text = '↑'
238.9655 	DATA 	Keypress: up
238.9816 	EXP 	unnamed TextStim: height = 25.0
238.9816 	EXP 	unnamed TextStim: height = 25.0
238.9816 	EXP 	unnamed TextStim: height = 25.0
238.9816 	EXP 	unnamed TextStim: text = '→'
240.7171 	DATA 	Keypress: right
240.7482 	EXP 	unnamed TextStim: height = 25.0
240.7482 	EXP 	unnamed TextStim: height = 25.0
240.7482 	EXP 	unnamed TextStim: height = 25.0
240.7482 	EXP 	unnamed TextStim: text = '↓'
242.6982 	EXP 	unnamed TextStim: height = 25.0
242.6982 	EXP 	unnamed TextStim: height = 25.0
242.6982 	EXP 	unnamed TextStim: height = 25.0
242.6982 	EXP 	unnamed TextStim: text = '→'
242.7329 	DATA 	Keypress: down
244.3489 	DATA 	Keypress: right
244.3651 	EXP 	unnamed TextStim: text = '→'
246.3006 	DATA 	Keypress: right
246.3317 	EXP 	unnamed TextStim: text = '→'
247.8324 	DATA 	Keypress: right
247.8485 	EXP 	unnamed TextStim: height = 25.0
247.8485 	EXP 	unnamed TextStim: height = 25.0
247.8485 	EXP 	unnamed TextStim: height = 25.0
247.8485 	EXP 	unnamed TextStim: text = '↑'
249.2825 	DATA 	Keypress: right
249.2985 	EXP 	unnamed TextStim: height = 25.0
249.2985 	EXP 	unnamed TextStim: height = 25.0
249.2985 	EXP 	unnamed TextStim: height = 25.0
249.2985 	EXP 	unnamed TextStim: text = '↓'
250.9160 	DATA 	Keypress: down
250.9321 	EXP 	unnamed TextStim: height = 25.0
250.9321 	EXP 	unnamed TextStim: height = 25.0
250.9321 	EXP 	unnamed TextStim: height = 25.0
250.9321 	EXP 	unnamed TextStim: text = '←'
252.5676 	DATA 	Keypress: left
252.7334 	EXP 	Created unnamed ImageStim = ImageStim(__class__=<class 'psychopy.visual.image.ImageStim'>, anchor=('center', 'center'), autoLog=True, color=array([1., 1., 1.]), colorSpace='rgb', contrast=1.0, depth=0, flipHoriz=False, flipVert=False, image='break.jpg', interpolate=True, mask=None, maskParams=None, name='unnamed ImageStim', opacity=1.0, ori=0.0, pos=array([0., 0.]), size=array([1536.,  864.]), texRes=128, units='pix', win=Window(...))
255.2152 	DATA 	Keypress: space
255.2318 	EXP 	unnamed TextStim: height = 25.0
255.2318 	EXP 	unnamed TextStim: height = 25.0
255.2318 	EXP 	unnamed TextStim: height = 25.0
255.2318 	EXP 	unnamed TextStim: text = '→'
256.7326 	DATA 	Keypress: right
256.7489 	EXP 	unnamed TextStim: height = 25.0
256.7489 	EXP 	unnamed TextStim: height = 25.0
256.7489 	EXP 	unnamed TextStim: height = 25.0
256.7489 	EXP 	unnamed TextStim: text = '←'
258.0828 	DATA 	Keypress: right
258.0989 	EXP 	unnamed TextStim: text = '←'
259.7160 	DATA 	Keypress: left
259.7323 	EXP 	unnamed TextStim: height = 25.0
259.7323 	EXP 	unnamed TextStim: height = 25.0
259.7323 	EXP 	unnamed TextStim: height = 25.0
259.7323 	EXP 	unnamed TextStim: text = '→'
261.3495 	DATA 	Keypress: right
261.3657 	EXP 	unnamed TextStim: text = '→'
263.0346 	DATA 	Keypress: right
263.0657 	EXP 	unnamed TextStim: text = '→'
264.8164 	DATA 	Keypress: right
264.8325 	EXP 	unnamed TextStim: height = 25.0
264.8325 	EXP 	unnamed TextStim: height = 25.0
264.8325 	EXP 	unnamed TextStim: height = 25.0
264.8325 	EXP 	unnamed TextStim: text = '←'
266.4998 	DATA 	Keypress: left
266.5158 	EXP 	unnamed TextStim: height = 25.0
266.5158 	EXP 	unnamed TextStim: height = 25.0
266.5158 	EXP 	unnamed TextStim: height = 25.0
266.5158 	EXP 	unnamed TextStim: text = '→'
267.8664 	DATA 	Keypress: right
267.8826 	EXP 	unnamed TextStim: text = '→'
269.6999 	DATA 	Keypress: right
269.7160 	EXP 	unnamed TextStim: height = 25.0
269.7160 	EXP 	unnamed TextStim: height = 25.0
269.7160 	EXP 	unnamed TextStim: height = 25.0
269.7160 	EXP 	unnamed TextStim: text = '↑'
271.3000 	DATA 	Keypress: up
271.3160 	EXP 	unnamed TextStim: height = 25.0
271.3160 	EXP 	unnamed TextStim: height = 25.0
271.3160 	EXP 	unnamed TextStim: height = 25.0
271.3160 	EXP 	unnamed TextStim: text = '←'
272.8999 	DATA 	Keypress: left
272.9162 	EXP 	unnamed TextStim: height = 25.0
272.9162 	EXP 	unnamed TextStim: height = 25.0
272.9162 	EXP 	unnamed TextStim: height = 25.0
272.9162 	EXP 	unnamed TextStim: text = '↑'
274.7667 	DATA 	Keypress: up
274.7829 	EXP 	unnamed TextStim: height = 25.0
274.7829 	EXP 	unnamed TextStim: height = 25.0
274.7829 	EXP 	unnamed TextStim: height = 25.0
274.7829 	EXP 	unnamed TextStim: text = '→'
276.2665 	DATA 	Keypress: right
276.2828 	EXP 	unnamed TextStim: height = 25.0
276.2828 	EXP 	unnamed TextStim: height = 25.0
276.2828 	EXP 	unnamed TextStim: height = 25.0
276.2828 	EXP 	unnamed TextStim: text = '↓'
278.0335 	DATA 	Keypress: down
278.0496 	EXP 	unnamed TextStim: height = 25.0
278.0496 	EXP 	unnamed TextStim: height = 25.0
278.0496 	EXP 	unnamed TextStim: height = 25.0
278.0496 	EXP 	unnamed TextStim: text = '←'
279.7836 	DATA 	Keypress: left
279.7998 	EXP 	unnamed TextStim: height = 25.0
279.7998 	EXP 	unnamed TextStim: height = 25.0
279.7998 	EXP 	unnamed TextStim: height = 25.0
279.7998 	EXP 	unnamed TextStim: text = '→'
281.5838 	DATA 	Keypress: right
281.5999 	EXP 	unnamed TextStim: height = 25.0
281.5999 	EXP 	unnamed TextStim: height = 25.0
281.5999 	EXP 	unnamed TextStim: height = 25.0
281.5999 	EXP 	unnamed TextStim: text = '←'
283.2837 	DATA 	Keypress: left
283.2998 	EXP 	unnamed TextStim: height = 25.0
283.2998 	EXP 	unnamed TextStim: height = 25.0
283.2998 	EXP 	unnamed TextStim: height = 25.0
283.2998 	EXP 	unnamed TextStim: text = '→'
284.7504 	DATA 	Keypress: right
284.7665 	EXP 	unnamed TextStim: text = '→'
286.3839 	DATA 	Keypress: left
286.5403 	EXP 	Created unnamed ImageStim = ImageStim(__class__=<class 'psychopy.visual.image.ImageStim'>, anchor=('center', 'center'), autoLog=True, color=array([1., 1., 1.]), colorSpace='rgb', contrast=1.0, depth=0, flipHoriz=False, flipVert=False, image='break.jpg', interpolate=True, mask=None, maskParams=None, name='unnamed ImageStim', opacity=1.0, ori=0.0, pos=array([0., 0.]), size=array([1536.,  864.]), texRes=128, units='pix', win=Window(...))
288.2239 	DATA 	Keypress: space
288.2330 	EXP 	unnamed TextStim: text = '→'
289.8673 	DATA 	Keypress: right
289.8834 	EXP 	unnamed TextStim: height = 25.0
289.8834 	EXP 	unnamed TextStim: height = 25.0
289.8834 	EXP 	unnamed TextStim: height = 25.0
289.8834 	EXP 	unnamed TextStim: text = '↓'
291.5007 	DATA 	Keypress: down
291.5167 	EXP 	unnamed TextStim: height = 25.0
291.5167 	EXP 	unnamed TextStim: height = 25.0
291.5167 	EXP 	unnamed TextStim: height = 25.0
291.5167 	EXP 	unnamed TextStim: text = '→'
293.2341 	DATA 	Keypress: right
293.2501 	EXP 	unnamed TextStim: height = 25.0
293.2501 	EXP 	unnamed TextStim: height = 25.0
293.2501 	EXP 	unnamed TextStim: height = 25.0
293.2501 	EXP 	unnamed TextStim: text = '←'
294.7675 	DATA 	Keypress: left
294.7836 	EXP 	unnamed TextStim: height = 25.0
294.7836 	EXP 	unnamed TextStim: height = 25.0
294.7836 	EXP 	unnamed TextStim: height = 25.0
294.7836 	EXP 	unnamed TextStim: text = '↓'
296.3840 	DATA 	Keypress: right
296.4003 	EXP 	unnamed TextStim: height = 25.0
296.4003 	EXP 	unnamed TextStim: height = 25.0
296.4003 	EXP 	unnamed TextStim: height = 25.0
296.4003 	EXP 	unnamed TextStim: text = '→'
298.2010 	DATA 	Keypress: right
298.2171 	EXP 	unnamed TextStim: height = 25.0
298.2171 	EXP 	unnamed TextStim: height = 25.0
298.2171 	EXP 	unnamed TextStim: height = 25.0
298.2171 	EXP 	unnamed TextStim: text = '←'
299.9691 	DATA 	Keypress: left
300.0006 	EXP 	unnamed TextStim: height = 25.0
300.0006 	EXP 	unnamed TextStim: height = 25.0
300.0006 	EXP 	unnamed TextStim: height = 25.0
300.0006 	EXP 	unnamed TextStim: text = '→'
301.4342 	DATA 	Keypress: right
301.4505 	EXP 	unnamed TextStim: height = 25.0
301.4505 	EXP 	unnamed TextStim: height = 25.0
301.4505 	EXP 	unnamed TextStim: height = 25.0
301.4505 	EXP 	unnamed TextStim: text = '↓'
303.0529 	DATA 	Keypress: down
303.0839 	EXP 	unnamed TextStim: height = 25.0
303.0839 	EXP 	unnamed TextStim: height = 25.0
303.0839 	EXP 	unnamed TextStim: height = 25.0
303.0839 	EXP 	unnamed TextStim: text = '→'
304.8011 	DATA 	Keypress: right
304.8174 	EXP 	unnamed TextStim: height = 25.0
304.8174 	EXP 	unnamed TextStim: height = 25.0
304.8174 	EXP 	unnamed TextStim: height = 25.0
304.8174 	EXP 	unnamed TextStim: text = '↑'
306.4678 	DATA 	Keypress: up
306.4840 	EXP 	unnamed TextStim: height = 25.0
306.4840 	EXP 	unnamed TextStim: height = 25.0
306.4840 	EXP 	unnamed TextStim: height = 25.0
306.4840 	EXP 	unnamed TextStim: text = '↓'
308.0178 	DATA 	Keypress: down
308.0341 	EXP 	unnamed TextStim: height = 25.0
308.0341 	EXP 	unnamed TextStim: height = 25.0
308.0341 	EXP 	unnamed TextStim: height = 25.0
308.0341 	EXP 	unnamed TextStim: text = '↑'
309.7027 	DATA 	Keypress: up
309.7342 	EXP 	unnamed TextStim: height = 25.0
309.7342 	EXP 	unnamed TextStim: height = 25.0
309.7342 	EXP 	unnamed TextStim: height = 25.0
309.7342 	EXP 	unnamed TextStim: text = '←'
311.2848 	DATA 	Keypress: left
311.3009 	EXP 	unnamed TextStim: height = 25.0
311.3009 	EXP 	unnamed TextStim: height = 25.0
311.3009 	EXP 	unnamed TextStim: height = 25.0
311.3009 	EXP 	unnamed TextStim: text = '↓'
312.8347 	DATA 	Keypress: down
312.8510 	EXP 	unnamed TextStim: height = 25.0
312.8510 	EXP 	unnamed TextStim: height = 25.0
312.8510 	EXP 	unnamed TextStim: height = 25.0
312.8510 	EXP 	unnamed TextStim: text = '←'
314.4514 	DATA 	Keypress: left
314.4676 	EXP 	unnamed TextStim: height = 25.0
314.4676 	EXP 	unnamed TextStim: height = 25.0
314.4676 	EXP 	unnamed TextStim: height = 25.0
314.4676 	EXP 	unnamed TextStim: text = '↑'
315.9516 	DATA 	Keypress: up
315.9677 	EXP 	unnamed TextStim: height = 25.0
315.9677 	EXP 	unnamed TextStim: height = 25.0
315.9677 	EXP 	unnamed TextStim: height = 25.0
315.9677 	EXP 	unnamed TextStim: text = '↓'
317.7017 	DATA 	Keypress: down
317.7178 	EXP 	unnamed TextStim: height = 25.0
317.7178 	EXP 	unnamed TextStim: height = 25.0
317.7178 	EXP 	unnamed TextStim: height = 25.0
317.7178 	EXP 	unnamed TextStim: text = '←'
319.0183 	DATA 	Keypress: left
319.1726 	EXP 	Created unnamed ImageStim = ImageStim(__class__=<class 'psychopy.visual.image.ImageStim'>, anchor=('center', 'center'), autoLog=True, color=array([1., 1., 1.]), colorSpace='rgb', contrast=1.0, depth=0, flipHoriz=False, flipVert=False, image='break.jpg', interpolate=True, mask=None, maskParams=None, name='unnamed ImageStim', opacity=1.0, ori=0.0, pos=array([0., 0.]), size=array([1536.,  864.]), texRes=128, units='pix', win=Window(...))
326.4261 	DATA 	Keypress: space
326.4346 	EXP 	unnamed TextStim: height = 25.0
326.4346 	EXP 	unnamed TextStim: height = 25.0
326.4346 	EXP 	unnamed TextStim: height = 25.0
326.4346 	EXP 	unnamed TextStim: text = '→'
327.7852 	DATA 	Keypress: left
327.8014 	EXP 	unnamed TextStim: text = '→'
329.6854 	DATA 	Keypress: right
329.7015 	EXP 	unnamed TextStim: height = 25.0
329.7015 	EXP 	unnamed TextStim: height = 25.0
329.7015 	EXP 	unnamed TextStim: height = 25.0
329.7015 	EXP 	unnamed TextStim: text = '↓'
331.3688 	DATA 	Keypress: down
331.3849 	EXP 	unnamed TextStim: text = '↓'
333.0522 	DATA 	Keypress: down
333.0683 	EXP 	unnamed TextStim: height = 25.0
333.0683 	EXP 	unnamed TextStim: height = 25.0
333.0683 	EXP 	unnamed TextStim: height = 25.0
333.0683 	EXP 	unnamed TextStim: text = '→'
334.8687 	DATA 	Keypress: right
334.8851 	EXP 	unnamed TextStim: height = 25.0
334.8851 	EXP 	unnamed TextStim: height = 25.0
334.8851 	EXP 	unnamed TextStim: height = 25.0
334.8851 	EXP 	unnamed TextStim: text = '↑'
336.6024 	DATA 	Keypress: up
336.6185 	EXP 	unnamed TextStim: height = 25.0
336.6185 	EXP 	unnamed TextStim: height = 25.0
336.6185 	EXP 	unnamed TextStim: height = 25.0
336.6185 	EXP 	unnamed TextStim: text = '←'
338.3685 	EXP 	unnamed TextStim: height = 25.0
338.3685 	EXP 	unnamed TextStim: height = 25.0
338.3685 	EXP 	unnamed TextStim: height = 25.0
338.3685 	EXP 	unnamed TextStim: text = '↓'
338.3698 	DATA 	Keypress: left
340.0891 	DATA 	Keypress: down
340.1019 	EXP 	unnamed TextStim: height = 25.0
340.1019 	EXP 	unnamed TextStim: height = 25.0
340.1019 	EXP 	unnamed TextStim: height = 25.0
340.1019 	EXP 	unnamed TextStim: text = '↑'
341.5693 	DATA 	Keypress: down
341.5854 	EXP 	unnamed TextStim: text = '↑'
343.0525 	DATA 	Keypress: up
343.0687 	EXP 	unnamed TextStim: text = '↑'
344.7194 	DATA 	Keypress: up
344.7355 	EXP 	unnamed TextStim: height = 25.0
344.7355 	EXP 	unnamed TextStim: height = 25.0
344.7355 	EXP 	unnamed TextStim: height = 25.0
344.7355 	EXP 	unnamed TextStim: text = '↓'
346.3526 	DATA 	Keypress: down
346.3689 	EXP 	unnamed TextStim: height = 25.0
346.3689 	EXP 	unnamed TextStim: height = 25.0
346.3689 	EXP 	unnamed TextStim: height = 25.0
346.3689 	EXP 	unnamed TextStim: text = '↑'
348.2856 	EXP 	unnamed TextStim: height = 25.0
348.2856 	EXP 	unnamed TextStim: height = 25.0
348.2856 	EXP 	unnamed TextStim: height = 25.0
348.2856 	EXP 	unnamed TextStim: text = '→'
348.3197 	DATA 	Keypress: up
349.9194 	DATA 	Keypress: left
349.9356 	EXP 	unnamed TextStim: height = 25.0
349.9356 	EXP 	unnamed TextStim: height = 25.0
349.9356 	EXP 	unnamed TextStim: height = 25.0
349.9356 	EXP 	unnamed TextStim: text = '↑'
351.7857 	EXP 	unnamed TextStim: text = '↑'
351.8204 	DATA 	Keypress: up
353.2863 	DATA 	Keypress: up
353.3025 	EXP 	unnamed TextStim: height = 25.0
353.3025 	EXP 	unnamed TextStim: height = 25.0
353.3025 	EXP 	unnamed TextStim: height = 25.0
353.3025 	EXP 	unnamed TextStim: text = '↓'
355.2540 	DATA 	Keypress: down
355.2692 	EXP 	unnamed TextStim: text = '↓'
356.9693 	EXP 	unnamed TextStim: height = 25.0
356.9693 	EXP 	unnamed TextStim: height = 25.0
356.9693 	EXP 	unnamed TextStim: height = 25.0
356.9693 	EXP 	unnamed TextStim: text = '←'
356.9705 	DATA 	Keypress: down
358.4199 	DATA 	Keypress: left
358.5740 	EXP 	Created unnamed ImageStim = ImageStim(__class__=<class 'psychopy.visual.image.ImageStim'>, anchor=('center', 'center'), autoLog=True, color=array([1., 1., 1.]), colorSpace='rgb', contrast=1.0, depth=0, flipHoriz=False, flipVert=False, image='break.jpg', interpolate=True, mask=None, maskParams=None, name='unnamed ImageStim', opacity=1.0, ori=0.0, pos=array([0., 0.]), size=array([1536.,  864.]), texRes=128, units='pix', win=Window(...))
363.5637 	DATA 	Keypress: space
363.5694 	EXP 	unnamed TextStim: text = '←'
365.0868 	DATA 	Keypress: left
365.1027 	EXP 	unnamed TextStim: height = 25.0
365.1027 	EXP 	unnamed TextStim: height = 25.0
365.1027 	EXP 	unnamed TextStim: height = 25.0
365.1027 	EXP 	unnamed TextStim: text = '→'
366.7368 	DATA 	Keypress: right
366.7528 	EXP 	unnamed TextStim: text = '→'
368.3208 	DATA 	Keypress: right
368.3363 	EXP 	unnamed TextStim: height = 25.0
368.3363 	EXP 	unnamed TextStim: height = 25.0
368.3363 	EXP 	unnamed TextStim: height = 25.0
368.3363 	EXP 	unnamed TextStim: text = '↓'
369.9530 	DATA 	Keypress: down
369.9693 	EXP 	unnamed TextStim: height = 25.0
369.9693 	EXP 	unnamed TextStim: height = 25.0
369.9693 	EXP 	unnamed TextStim: height = 25.0
369.9693 	EXP 	unnamed TextStim: text = '→'
371.5537 	DATA 	Keypress: right
371.5699 	EXP 	unnamed TextStim: height = 25.0
371.5699 	EXP 	unnamed TextStim: height = 25.0
371.5699 	EXP 	unnamed TextStim: height = 25.0
371.5699 	EXP 	unnamed TextStim: text = '←'
373.4370 	DATA 	Keypress: left
373.4532 	EXP 	unnamed TextStim: height = 25.0
373.4532 	EXP 	unnamed TextStim: height = 25.0
373.4532 	EXP 	unnamed TextStim: height = 25.0
373.4532 	EXP 	unnamed TextStim: text = '↓'
375.1206 	DATA 	Keypress: down
375.1367 	EXP 	unnamed TextStim: height = 25.0
375.1367 	EXP 	unnamed TextStim: height = 25.0
375.1367 	EXP 	unnamed TextStim: height = 25.0
375.1367 	EXP 	unnamed TextStim: text = '↑'
376.9538 	DATA 	Keypress: up
376.9697 	EXP 	unnamed TextStim: height = 25.0
376.9697 	EXP 	unnamed TextStim: height = 25.0
376.9697 	EXP 	unnamed TextStim: height = 25.0
376.9697 	EXP 	unnamed TextStim: text = '↓'
378.7206 	DATA 	Keypress: down
378.7368 	EXP 	unnamed TextStim: height = 25.0
378.7368 	EXP 	unnamed TextStim: height = 25.0
378.7368 	EXP 	unnamed TextStim: height = 25.0
378.7368 	EXP 	unnamed TextStim: text = '↑'
380.5867 	EXP 	unnamed TextStim: text = '↑'
380.5883 	DATA 	Keypress: up
382.2874 	DATA 	Keypress: up
382.3035 	EXP 	unnamed TextStim: height = 25.0
382.3035 	EXP 	unnamed TextStim: height = 25.0
382.3035 	EXP 	unnamed TextStim: height = 25.0
382.3035 	EXP 	unnamed TextStim: text = '←'
383.9208 	DATA 	Keypress: left
383.9370 	EXP 	unnamed TextStim: height = 25.0
383.9370 	EXP 	unnamed TextStim: height = 25.0
383.9370 	EXP 	unnamed TextStim: height = 25.0
383.9370 	EXP 	unnamed TextStim: text = '→'
385.4374 	DATA 	Keypress: left
385.4537 	EXP 	unnamed TextStim: text = '→'
386.9376 	DATA 	Keypress: right
386.9537 	EXP 	unnamed TextStim: height = 25.0
386.9537 	EXP 	unnamed TextStim: height = 25.0
386.9537 	EXP 	unnamed TextStim: height = 25.0
386.9537 	EXP 	unnamed TextStim: text = '↑'
388.6558 	DATA 	Keypress: up
388.6871 	EXP 	unnamed TextStim: height = 25.0
388.6871 	EXP 	unnamed TextStim: height = 25.0
388.6871 	EXP 	unnamed TextStim: height = 25.0
388.6871 	EXP 	unnamed TextStim: text = '↓'
390.5377 	DATA 	Keypress: down
390.5538 	EXP 	unnamed TextStim: height = 25.0
390.5538 	EXP 	unnamed TextStim: height = 25.0
390.5538 	EXP 	unnamed TextStim: height = 25.0
390.5538 	EXP 	unnamed TextStim: text = '↑'
391.9544 	DATA 	Keypress: up
391.9705 	EXP 	unnamed TextStim: height = 25.0
391.9705 	EXP 	unnamed TextStim: height = 25.0
391.9705 	EXP 	unnamed TextStim: height = 25.0
391.9705 	EXP 	unnamed TextStim: text = '→'
393.6211 	DATA 	Keypress: right
393.6374 	EXP 	unnamed TextStim: height = 25.0
393.6374 	EXP 	unnamed TextStim: height = 25.0
393.6374 	EXP 	unnamed TextStim: height = 25.0
393.6374 	EXP 	unnamed TextStim: text = '↓'
395.3878 	DATA 	Keypress: down
395.5435 	EXP 	Created unnamed ImageStim = ImageStim(__class__=<class 'psychopy.visual.image.ImageStim'>, anchor=('center', 'center'), autoLog=True, color=array([1., 1., 1.]), colorSpace='rgb', contrast=1.0, depth=0, flipHoriz=False, flipVert=False, image='break.jpg', interpolate=True, mask=None, maskParams=None, name='unnamed ImageStim', opacity=1.0, ori=0.0, pos=array([0., 0.]), size=array([1536.,  864.]), texRes=128, units='pix', win=Window(...))
405.4889 	DATA 	Keypress: space
405.5043 	EXP 	unnamed TextStim: height = 25.0
405.5043 	EXP 	unnamed TextStim: height = 25.0
405.5043 	EXP 	unnamed TextStim: height = 25.0
405.5043 	EXP 	unnamed TextStim: text = '↑'
407.3711 	EXP 	unnamed TextStim: height = 25.0
407.3711 	EXP 	unnamed TextStim: height = 25.0
407.3711 	EXP 	unnamed TextStim: height = 25.0
407.3711 	EXP 	unnamed TextStim: text = '←'
407.3891 	DATA 	Keypress: up
408.7717 	DATA 	Keypress: up
408.7879 	EXP 	unnamed TextStim: height = 25.0
408.7879 	EXP 	unnamed TextStim: height = 25.0
408.7879 	EXP 	unnamed TextStim: height = 25.0
408.7879 	EXP 	unnamed TextStim: text = '↑'
410.3384 	DATA 	Keypress: up
410.3546 	EXP 	unnamed TextStim: height = 25.0
410.3546 	EXP 	unnamed TextStim: height = 25.0
410.3546 	EXP 	unnamed TextStim: height = 25.0
410.3546 	EXP 	unnamed TextStim: text = '→'
411.7218 	DATA 	Keypress: right
411.7380 	EXP 	unnamed TextStim: height = 25.0
411.7380 	EXP 	unnamed TextStim: height = 25.0
411.7380 	EXP 	unnamed TextStim: height = 25.0
411.7380 	EXP 	unnamed TextStim: text = '←'
413.4218 	DATA 	Keypress: left
413.4381 	EXP 	unnamed TextStim: height = 25.0
413.4381 	EXP 	unnamed TextStim: height = 25.0
413.4381 	EXP 	unnamed TextStim: height = 25.0
413.4381 	EXP 	unnamed TextStim: text = '→'
415.0234 	DATA 	Keypress: right
415.0547 	EXP 	unnamed TextStim: height = 25.0
415.0547 	EXP 	unnamed TextStim: height = 25.0
415.0547 	EXP 	unnamed TextStim: height = 25.0
415.0547 	EXP 	unnamed TextStim: text = '↑'
416.8721 	DATA 	Keypress: up
416.8882 	EXP 	unnamed TextStim: height = 25.0
416.8882 	EXP 	unnamed TextStim: height = 25.0
416.8882 	EXP 	unnamed TextStim: height = 25.0
416.8882 	EXP 	unnamed TextStim: text = '←'
418.6886 	DATA 	Keypress: left
418.7049 	EXP 	unnamed TextStim: height = 25.0
418.7049 	EXP 	unnamed TextStim: height = 25.0
418.7049 	EXP 	unnamed TextStim: height = 25.0
418.7049 	EXP 	unnamed TextStim: text = '→'
420.0724 	DATA 	Keypress: left
420.0882 	EXP 	unnamed TextStim: text = '→'
421.6721 	DATA 	Keypress: right
421.6883 	EXP 	unnamed TextStim: height = 25.0
421.6883 	EXP 	unnamed TextStim: height = 25.0
421.6883 	EXP 	unnamed TextStim: height = 25.0
421.6883 	EXP 	unnamed TextStim: text = '↓'
423.3224 	DATA 	Keypress: down
423.3385 	EXP 	unnamed TextStim: text = '↓'
425.1889 	DATA 	Keypress: down
425.2051 	EXP 	unnamed TextStim: height = 25.0
425.2051 	EXP 	unnamed TextStim: height = 25.0
425.2051 	EXP 	unnamed TextStim: height = 25.0
425.2051 	EXP 	unnamed TextStim: text = '↑'
426.8391 	DATA 	Keypress: up
426.8552 	EXP 	unnamed TextStim: height = 25.0
426.8552 	EXP 	unnamed TextStim: height = 25.0
426.8552 	EXP 	unnamed TextStim: height = 25.0
426.8552 	EXP 	unnamed TextStim: text = '↓'
428.6248 	DATA 	Keypress: down
428.6552 	EXP 	unnamed TextStim: height = 25.0
428.6552 	EXP 	unnamed TextStim: height = 25.0
428.6552 	EXP 	unnamed TextStim: height = 25.0
428.6552 	EXP 	unnamed TextStim: text = '→'
430.3891 	DATA 	Keypress: right
430.4054 	EXP 	unnamed TextStim: height = 25.0
430.4054 	EXP 	unnamed TextStim: height = 25.0
430.4054 	EXP 	unnamed TextStim: height = 25.0
430.4054 	EXP 	unnamed TextStim: text = '←'
432.3060 	DATA 	Keypress: left
432.3221 	EXP 	unnamed TextStim: text = '←'
433.8560 	DATA 	Keypress: left
433.8721 	EXP 	unnamed TextStim: height = 25.0
433.8721 	EXP 	unnamed TextStim: height = 25.0
433.8721 	EXP 	unnamed TextStim: height = 25.0
433.8721 	EXP 	unnamed TextStim: text = '→'
435.7889 	EXP 	unnamed TextStim: height = 25.0
435.7889 	EXP 	unnamed TextStim: height = 25.0
435.7889 	EXP 	unnamed TextStim: height = 25.0
435.7889 	EXP 	unnamed TextStim: text = '←'
437.6562 	DATA 	Keypress: left
437.8068 	EXP 	Created unnamed ImageStim = ImageStim(__class__=<class 'psychopy.visual.image.ImageStim'>, anchor=('center', 'center'), autoLog=True, color=array([1., 1., 1.]), colorSpace='rgb', contrast=1.0, depth=0, flipHoriz=False, flipVert=False, image='break.jpg', interpolate=True, mask=None, maskParams=None, name='unnamed ImageStim', opacity=1.0, ori=0.0, pos=array([0., 0.]), size=array([1536.,  864.]), texRes=128, units='pix', win=Window(...))
439.9595 	DATA 	Keypress: space
439.9723 	EXP 	unnamed TextStim: height = 25.0
439.9723 	EXP 	unnamed TextStim: height = 25.0
439.9723 	EXP 	unnamed TextStim: height = 25.0
439.9723 	EXP 	unnamed TextStim: text = '↑'
441.8729 	DATA 	Keypress: up
441.8891 	EXP 	unnamed TextStim: height = 25.0
441.8891 	EXP 	unnamed TextStim: height = 25.0
441.8891 	EXP 	unnamed TextStim: height = 25.0
441.8891 	EXP 	unnamed TextStim: text = '←'
443.5062 	DATA 	Keypress: left
443.5225 	EXP 	unnamed TextStim: height = 25.0
443.5225 	EXP 	unnamed TextStim: height = 25.0
443.5225 	EXP 	unnamed TextStim: height = 25.0
443.5225 	EXP 	unnamed TextStim: text = '↑'
445.0230 	DATA 	Keypress: up
445.0391 	EXP 	unnamed TextStim: height = 25.0
445.0391 	EXP 	unnamed TextStim: height = 25.0
445.0391 	EXP 	unnamed TextStim: height = 25.0
445.0391 	EXP 	unnamed TextStim: text = '←'
446.3565 	DATA 	Keypress: left
446.3726 	EXP 	unnamed TextStim: height = 25.0
446.3726 	EXP 	unnamed TextStim: height = 25.0
446.3726 	EXP 	unnamed TextStim: height = 25.0
446.3726 	EXP 	unnamed TextStim: text = '↓'
448.0566 	DATA 	Keypress: down
448.0727 	EXP 	unnamed TextStim: height = 25.0
448.0727 	EXP 	unnamed TextStim: height = 25.0
448.0727 	EXP 	unnamed TextStim: height = 25.0
448.0727 	EXP 	unnamed TextStim: text = '↑'
449.8899 	DATA 	Keypress: up
449.9059 	EXP 	unnamed TextStim: height = 25.0
449.9059 	EXP 	unnamed TextStim: height = 25.0
449.9059 	EXP 	unnamed TextStim: height = 25.0
449.9059 	EXP 	unnamed TextStim: text = '→'
451.5232 	DATA 	Keypress: right
451.5395 	EXP 	unnamed TextStim: text = '→'
452.8401 	DATA 	Keypress: right
452.8562 	EXP 	unnamed TextStim: height = 25.0
452.8562 	EXP 	unnamed TextStim: height = 25.0
452.8562 	EXP 	unnamed TextStim: height = 25.0
452.8562 	EXP 	unnamed TextStim: text = '←'
454.2900 	DATA 	Keypress: right
454.3063 	EXP 	unnamed TextStim: height = 25.0
454.3063 	EXP 	unnamed TextStim: height = 25.0
454.3063 	EXP 	unnamed TextStim: height = 25.0
454.3063 	EXP 	unnamed TextStim: text = '↑'
455.9236 	DATA 	Keypress: up
455.9395 	EXP 	unnamed TextStim: height = 25.0
455.9395 	EXP 	unnamed TextStim: height = 25.0
455.9395 	EXP 	unnamed TextStim: height = 25.0
455.9395 	EXP 	unnamed TextStim: text = '→'
457.4068 	DATA 	Keypress: left
457.4230 	EXP 	unnamed TextStim: text = '→'
458.7902 	DATA 	Keypress: right
458.8063 	EXP 	unnamed TextStim: height = 25.0
458.8063 	EXP 	unnamed TextStim: height = 25.0
458.8063 	EXP 	unnamed TextStim: height = 25.0
458.8063 	EXP 	unnamed TextStim: text = '↑'
460.2588 	DATA 	Keypress: up
460.2898 	EXP 	unnamed TextStim: height = 25.0
460.2898 	EXP 	unnamed TextStim: height = 25.0
460.2898 	EXP 	unnamed TextStim: height = 25.0
460.2898 	EXP 	unnamed TextStim: text = '→'
461.6903 	DATA 	Keypress: left
461.7065 	EXP 	unnamed TextStim: height = 25.0
461.7065 	EXP 	unnamed TextStim: height = 25.0
461.7065 	EXP 	unnamed TextStim: height = 25.0
461.7065 	EXP 	unnamed TextStim: text = '↑'
463.6904 	DATA 	Keypress: up
463.7066 	EXP 	unnamed TextStim: height = 25.0
463.7066 	EXP 	unnamed TextStim: height = 25.0
463.7066 	EXP 	unnamed TextStim: height = 25.0
463.7066 	EXP 	unnamed TextStim: text = '←'
465.1737 	DATA 	Keypress: left
465.1897 	EXP 	unnamed TextStim: text = '←'
467.0405 	DATA 	Keypress: left
467.0568 	EXP 	unnamed TextStim: height = 25.0
467.0568 	EXP 	unnamed TextStim: height = 25.0
467.0568 	EXP 	unnamed TextStim: height = 25.0
467.0568 	EXP 	unnamed TextStim: text = '→'
468.6573 	DATA 	Keypress: left
468.6735 	EXP 	unnamed TextStim: height = 25.0
468.6735 	EXP 	unnamed TextStim: height = 25.0
468.6735 	EXP 	unnamed TextStim: height = 25.0
468.6735 	EXP 	unnamed TextStim: text = '↓'
470.4407 	DATA 	Keypress: down
470.5960 	EXP 	Created unnamed ImageStim = ImageStim(__class__=<class 'psychopy.visual.image.ImageStim'>, anchor=('center', 'center'), autoLog=True, color=array([1., 1., 1.]), colorSpace='rgb', contrast=1.0, depth=0, flipHoriz=False, flipVert=False, image='break.jpg', interpolate=True, mask=None, maskParams=None, name='unnamed ImageStim', opacity=1.0, ori=0.0, pos=array([0., 0.]), size=array([1536.,  864.]), texRes=128, units='pix', win=Window(...))
488.3632 	DATA 	Keypress: space
488.3741 	EXP 	unnamed TextStim: height = 25.0
488.3741 	EXP 	unnamed TextStim: height = 25.0
488.3741 	EXP 	unnamed TextStim: height = 25.0
488.3741 	EXP 	unnamed TextStim: text = '↑'
490.0915 	DATA 	Keypress: up
490.1076 	EXP 	unnamed TextStim: height = 25.0
490.1076 	EXP 	unnamed TextStim: height = 25.0
490.1076 	EXP 	unnamed TextStim: height = 25.0
490.1076 	EXP 	unnamed TextStim: text = '↓'
491.7413 	DATA 	Keypress: down
491.7575 	EXP 	unnamed TextStim: height = 25.0
491.7575 	EXP 	unnamed TextStim: height = 25.0
491.7575 	EXP 	unnamed TextStim: height = 25.0
491.7575 	EXP 	unnamed TextStim: text = '→'
493.3583 	DATA 	Keypress: right
493.3744 	EXP 	unnamed TextStim: height = 25.0
493.3744 	EXP 	unnamed TextStim: height = 25.0
493.3744 	EXP 	unnamed TextStim: height = 25.0
493.3744 	EXP 	unnamed TextStim: text = '←'
495.0750 	DATA 	Keypress: left
495.0912 	EXP 	unnamed TextStim: height = 25.0
495.0912 	EXP 	unnamed TextStim: height = 25.0
495.0912 	EXP 	unnamed TextStim: height = 25.0
495.0912 	EXP 	unnamed TextStim: text = '→'
496.8752 	DATA 	Keypress: right
496.8911 	EXP 	unnamed TextStim: height = 25.0
496.8911 	EXP 	unnamed TextStim: height = 25.0
496.8911 	EXP 	unnamed TextStim: height = 25.0
496.8911 	EXP 	unnamed TextStim: text = '↓'
498.3252 	DATA 	Keypress: down
498.3412 	EXP 	unnamed TextStim: height = 25.0
498.3412 	EXP 	unnamed TextStim: height = 25.0
498.3412 	EXP 	unnamed TextStim: height = 25.0
498.3412 	EXP 	unnamed TextStim: text = '→'
500.0251 	DATA 	Keypress: right
500.0413 	EXP 	unnamed TextStim: text = '→'
501.6252 	DATA 	Keypress: right
501.6414 	EXP 	unnamed TextStim: height = 25.0
501.6414 	EXP 	unnamed TextStim: height = 25.0
501.6414 	EXP 	unnamed TextStim: height = 25.0
501.6414 	EXP 	unnamed TextStim: text = '←'
503.1919 	DATA 	Keypress: left
503.2081 	EXP 	unnamed TextStim: height = 25.0
503.2081 	EXP 	unnamed TextStim: height = 25.0
503.2081 	EXP 	unnamed TextStim: height = 25.0
503.2081 	EXP 	unnamed TextStim: text = '↓'
504.8421 	DATA 	Keypress: down
504.8582 	EXP 	unnamed TextStim: height = 25.0
504.8582 	EXP 	unnamed TextStim: height = 25.0
504.8582 	EXP 	unnamed TextStim: height = 25.0
504.8582 	EXP 	unnamed TextStim: text = '↑'
506.2754 	DATA 	Keypress: up
506.2915 	EXP 	unnamed TextStim: height = 25.0
506.2915 	EXP 	unnamed TextStim: height = 25.0
506.2915 	EXP 	unnamed TextStim: height = 25.0
506.2915 	EXP 	unnamed TextStim: text = '→'
507.9755 	DATA 	Keypress: right
507.9915 	EXP 	unnamed TextStim: height = 25.0
507.9915 	EXP 	unnamed TextStim: height = 25.0
507.9915 	EXP 	unnamed TextStim: height = 25.0
507.9915 	EXP 	unnamed TextStim: text = '←'
509.4087 	DATA 	Keypress: left
509.4250 	EXP 	unnamed TextStim: height = 25.0
509.4250 	EXP 	unnamed TextStim: height = 25.0
509.4250 	EXP 	unnamed TextStim: height = 25.0
509.4250 	EXP 	unnamed TextStim: text = '↑'
511.1256 	DATA 	Keypress: up
511.1417 	EXP 	unnamed TextStim: height = 25.0
511.1417 	EXP 	unnamed TextStim: height = 25.0
511.1417 	EXP 	unnamed TextStim: height = 25.0
511.1417 	EXP 	unnamed TextStim: text = '←'
512.6758 	DATA 	Keypress: left
512.6917 	EXP 	unnamed TextStim: height = 25.0
512.6917 	EXP 	unnamed TextStim: height = 25.0
512.6917 	EXP 	unnamed TextStim: height = 25.0
512.6917 	EXP 	unnamed TextStim: text = '↓'
514.1588 	DATA 	Keypress: down
514.1751 	EXP 	unnamed TextStim: height = 25.0
514.1751 	EXP 	unnamed TextStim: height = 25.0
514.1751 	EXP 	unnamed TextStim: height = 25.0
514.1751 	EXP 	unnamed TextStim: text = '→'
515.6757 	DATA 	Keypress: right
515.6919 	EXP 	unnamed TextStim: height = 25.0
515.6919 	EXP 	unnamed TextStim: height = 25.0
515.6919 	EXP 	unnamed TextStim: height = 25.0
515.6919 	EXP 	unnamed TextStim: text = '↑'
517.3925 	DATA 	Keypress: up
517.4087 	EXP 	unnamed TextStim: text = '↑'
519.3093 	DATA 	Keypress: up
519.4751 	EXP 	Created unnamed ImageStim = ImageStim(__class__=<class 'psychopy.visual.image.ImageStim'>, anchor=('center', 'center'), autoLog=True, color=array([1., 1., 1.]), colorSpace='rgb', contrast=1.0, depth=0, flipHoriz=False, flipVert=False, image='break.jpg', interpolate=True, mask=None, maskParams=None, name='unnamed ImageStim', opacity=1.0, ori=0.0, pos=array([0., 0.]), size=array([1536.,  864.]), texRes=128, units='pix', win=Window(...))
525.6639 	DATA 	Keypress: space
525.6755 	EXP 	unnamed TextStim: height = 25.0
525.6755 	EXP 	unnamed TextStim: height = 25.0
525.6755 	EXP 	unnamed TextStim: height = 25.0
525.6755 	EXP 	unnamed TextStim: text = '←'
526.9427 	DATA 	Keypress: left
526.9590 	EXP 	unnamed TextStim: height = 25.0
526.9590 	EXP 	unnamed TextStim: height = 25.0
526.9590 	EXP 	unnamed TextStim: height = 25.0
526.9590 	EXP 	unnamed TextStim: text = '↑'
528.3428 	DATA 	Keypress: up
528.3590 	EXP 	unnamed TextStim: text = '↑'
530.2095 	DATA 	Keypress: up
530.2258 	EXP 	unnamed TextStim: height = 25.0
530.2258 	EXP 	unnamed TextStim: height = 25.0
530.2258 	EXP 	unnamed TextStim: height = 25.0
530.2258 	EXP 	unnamed TextStim: text = '→'
531.9263 	DATA 	Keypress: right
531.9426 	EXP 	unnamed TextStim: height = 25.0
531.9426 	EXP 	unnamed TextStim: height = 25.0
531.9426 	EXP 	unnamed TextStim: height = 25.0
531.9426 	EXP 	unnamed TextStim: text = '↑'
533.6763 	DATA 	Keypress: up
533.6925 	EXP 	unnamed TextStim: height = 25.0
533.6925 	EXP 	unnamed TextStim: height = 25.0
533.6925 	EXP 	unnamed TextStim: height = 25.0
533.6925 	EXP 	unnamed TextStim: text = '←'
535.1100 	DATA 	Keypress: left
535.1260 	EXP 	unnamed TextStim: height = 25.0
535.1260 	EXP 	unnamed TextStim: height = 25.0
535.1260 	EXP 	unnamed TextStim: height = 25.0
535.1260 	EXP 	unnamed TextStim: text = '↓'
536.9788 	DATA 	Keypress: down
537.0094 	EXP 	unnamed TextStim: text = '↓'
538.4265 	DATA 	Keypress: down
538.4427 	EXP 	unnamed TextStim: height = 25.0
538.4427 	EXP 	unnamed TextStim: height = 25.0
538.4427 	EXP 	unnamed TextStim: height = 25.0
538.4427 	EXP 	unnamed TextStim: text = '↑'
539.8598 	DATA 	Keypress: up
539.8757 	EXP 	unnamed TextStim: height = 25.0
539.8757 	EXP 	unnamed TextStim: height = 25.0
539.8757 	EXP 	unnamed TextStim: height = 25.0
539.8757 	EXP 	unnamed TextStim: text = '←'
541.1932 	DATA 	Keypress: left
541.2095 	EXP 	unnamed TextStim: height = 25.0
541.2095 	EXP 	unnamed TextStim: height = 25.0
541.2095 	EXP 	unnamed TextStim: height = 25.0
541.2095 	EXP 	unnamed TextStim: text = '↓'
542.8100 	DATA 	Keypress: down
542.8262 	EXP 	unnamed TextStim: height = 25.0
542.8262 	EXP 	unnamed TextStim: height = 25.0
542.8262 	EXP 	unnamed TextStim: height = 25.0
542.8262 	EXP 	unnamed TextStim: text = '←'
544.2433 	DATA 	Keypress: right
544.2596 	EXP 	unnamed TextStim: height = 25.0
544.2596 	EXP 	unnamed TextStim: height = 25.0
544.2596 	EXP 	unnamed TextStim: height = 25.0
544.2596 	EXP 	unnamed TextStim: text = '↑'
545.7267 	DATA 	Keypress: up
545.7430 	EXP 	unnamed TextStim: text = '↑'
547.4101 	DATA 	Keypress: up
547.4264 	EXP 	unnamed TextStim: height = 25.0
547.4264 	EXP 	unnamed TextStim: height = 25.0
547.4264 	EXP 	unnamed TextStim: height = 25.0
547.4264 	EXP 	unnamed TextStim: text = '→'
549.1268 	DATA 	Keypress: right
549.1431 	EXP 	unnamed TextStim: height = 25.0
549.1431 	EXP 	unnamed TextStim: height = 25.0
549.1431 	EXP 	unnamed TextStim: height = 25.0
549.1431 	EXP 	unnamed TextStim: text = '↓'
551.0436 	DATA 	Keypress: down
551.0599 	EXP 	unnamed TextStim: height = 25.0
551.0599 	EXP 	unnamed TextStim: height = 25.0
551.0599 	EXP 	unnamed TextStim: height = 25.0
551.0599 	EXP 	unnamed TextStim: text = '↑'
552.7771 	DATA 	Keypress: up
552.7933 	EXP 	unnamed TextStim: height = 25.0
552.7933 	EXP 	unnamed TextStim: height = 25.0
552.7933 	EXP 	unnamed TextStim: height = 25.0
552.7933 	EXP 	unnamed TextStim: text = '←'
554.2604 	DATA 	Keypress: left
554.2767 	EXP 	unnamed TextStim: height = 25.0
554.2767 	EXP 	unnamed TextStim: height = 25.0
554.2767 	EXP 	unnamed TextStim: height = 25.0
554.2767 	EXP 	unnamed TextStim: text = '→'
555.9936 	DATA 	Keypress: right
556.1465 	EXP 	Created unnamed ImageStim = ImageStim(__class__=<class 'psychopy.visual.image.ImageStim'>, anchor=('center', 'center'), autoLog=True, color=array([1., 1., 1.]), colorSpace='rgb', contrast=1.0, depth=0, flipHoriz=False, flipVert=False, image='break.jpg', interpolate=True, mask=None, maskParams=None, name='unnamed ImageStim', opacity=1.0, ori=0.0, pos=array([0., 0.]), size=array([1536.,  864.]), texRes=128, units='pix', win=Window(...))
577.3848 	DATA 	Keypress: space
577.3941 	EXP 	unnamed TextStim: text = '→'
579.2279 	DATA 	Keypress: right
579.2442 	EXP 	unnamed TextStim: text = '→'
580.8445 	DATA 	Keypress: right
580.8609 	EXP 	unnamed TextStim: height = 25.0
580.8609 	EXP 	unnamed TextStim: height = 25.0
580.8609 	EXP 	unnamed TextStim: height = 25.0
580.8609 	EXP 	unnamed TextStim: text = '↑'
582.4948 	DATA 	Keypress: up
582.5112 	EXP 	unnamed TextStim: height = 25.0
582.5112 	EXP 	unnamed TextStim: height = 25.0
582.5112 	EXP 	unnamed TextStim: height = 25.0
582.5112 	EXP 	unnamed TextStim: text = '←'
583.8449 	DATA 	Keypress: left
583.8609 	EXP 	unnamed TextStim: height = 25.0
583.8609 	EXP 	unnamed TextStim: height = 25.0
583.8609 	EXP 	unnamed TextStim: height = 25.0
583.8609 	EXP 	unnamed TextStim: text = '↓'
585.7451 	DATA 	Keypress: down
585.7611 	EXP 	unnamed TextStim: height = 25.0
585.7611 	EXP 	unnamed TextStim: height = 25.0
585.7611 	EXP 	unnamed TextStim: height = 25.0
585.7611 	EXP 	unnamed TextStim: text = '→'
587.5618 	DATA 	Keypress: right
587.5779 	EXP 	unnamed TextStim: height = 25.0
587.5779 	EXP 	unnamed TextStim: height = 25.0
587.5779 	EXP 	unnamed TextStim: height = 25.0
587.5779 	EXP 	unnamed TextStim: text = '↑'
589.0784 	DATA 	Keypress: up
589.0946 	EXP 	unnamed TextStim: height = 25.0
589.0946 	EXP 	unnamed TextStim: height = 25.0
589.0946 	EXP 	unnamed TextStim: height = 25.0
589.0946 	EXP 	unnamed TextStim: text = '↓'
590.8453 	DATA 	Keypress: down
590.8613 	EXP 	unnamed TextStim: text = '↓'
592.3285 	DATA 	Keypress: down
592.3448 	EXP 	unnamed TextStim: text = '↓'
593.8787 	DATA 	Keypress: down
593.8947 	EXP 	unnamed TextStim: height = 25.0
593.8947 	EXP 	unnamed TextStim: height = 25.0
593.8947 	EXP 	unnamed TextStim: height = 25.0
593.8947 	EXP 	unnamed TextStim: text = '↑'
595.6954 	DATA 	Keypress: up
595.7115 	EXP 	unnamed TextStim: text = '↑'
597.2621 	DATA 	Keypress: up
597.2782 	EXP 	unnamed TextStim: height = 25.0
597.2782 	EXP 	unnamed TextStim: height = 25.0
597.2782 	EXP 	unnamed TextStim: height = 25.0
597.2782 	EXP 	unnamed TextStim: text = '→'
598.7788 	DATA 	Keypress: right
598.7950 	EXP 	unnamed TextStim: text = '→'
600.4955 	DATA 	Keypress: right
600.5117 	EXP 	unnamed TextStim: text = '→'
601.9287 	DATA 	Keypress: right
601.9450 	EXP 	unnamed TextStim: height = 25.0
601.9450 	EXP 	unnamed TextStim: height = 25.0
601.9450 	EXP 	unnamed TextStim: height = 25.0
601.9450 	EXP 	unnamed TextStim: text = '←'
603.6457 	DATA 	Keypress: right
603.6619 	EXP 	unnamed TextStim: height = 25.0
603.6619 	EXP 	unnamed TextStim: height = 25.0
603.6619 	EXP 	unnamed TextStim: height = 25.0
603.6619 	EXP 	unnamed TextStim: text = '↓'
605.4791 	DATA 	Keypress: down
605.4953 	EXP 	unnamed TextStim: height = 25.0
605.4953 	EXP 	unnamed TextStim: height = 25.0
605.4953 	EXP 	unnamed TextStim: height = 25.0
605.4953 	EXP 	unnamed TextStim: text = '←'
607.1791 	DATA 	Keypress: left
607.1953 	EXP 	unnamed TextStim: text = '←'
608.8460 	DATA 	Keypress: left
608.9941 	EXP 	Created unnamed ImageStim = ImageStim(__class__=<class 'psychopy.visual.image.ImageStim'>, anchor=('center', 'center'), autoLog=True, color=array([1., 1., 1.]), colorSpace='rgb', contrast=1.0, depth=0, flipHoriz=False, flipVert=False, image='break.jpg', interpolate=True, mask=None, maskParams=None, name='unnamed ImageStim', opacity=1.0, ori=0.0, pos=array([0., 0.]), size=array([1536.,  864.]), texRes=128, units='pix', win=Window(...))
612.5509 	DATA 	Keypress: space
612.5621 	EXP 	unnamed TextStim: height = 25.0
612.5621 	EXP 	unnamed TextStim: height = 25.0
612.5621 	EXP 	unnamed TextStim: height = 25.0
612.5621 	EXP 	unnamed TextStim: text = '→'
614.2293 	DATA 	Keypress: right
614.2456 	EXP 	unnamed TextStim: text = '→'
615.7963 	DATA 	Keypress: right
615.8122 	EXP 	unnamed TextStim: text = '→'
617.2795 	DATA 	Keypress: right
617.2956 	EXP 	unnamed TextStim: height = 25.0
617.2956 	EXP 	unnamed TextStim: height = 25.0
617.2956 	EXP 	unnamed TextStim: height = 25.0
617.2956 	EXP 	unnamed TextStim: text = '↑'
618.9129 	DATA 	Keypress: up
618.9291 	EXP 	unnamed TextStim: height = 25.0
618.9291 	EXP 	unnamed TextStim: height = 25.0
618.9291 	EXP 	unnamed TextStim: height = 25.0
618.9291 	EXP 	unnamed TextStim: text = '→'
620.6465 	DATA 	Keypress: right
620.6625 	EXP 	unnamed TextStim: text = '→'
622.2311 	DATA 	Keypress: right
622.2625 	EXP 	unnamed TextStim: height = 25.0
622.2625 	EXP 	unnamed TextStim: height = 25.0
622.2625 	EXP 	unnamed TextStim: height = 25.0
622.2625 	EXP 	unnamed TextStim: text = '↓'
623.9632 	DATA 	Keypress: down
623.9793 	EXP 	unnamed TextStim: height = 25.0
623.9793 	EXP 	unnamed TextStim: height = 25.0
623.9793 	EXP 	unnamed TextStim: height = 25.0
623.9793 	EXP 	unnamed TextStim: text = '↑'
625.6464 	DATA 	Keypress: up
625.6626 	EXP 	unnamed TextStim: height = 25.0
625.6626 	EXP 	unnamed TextStim: height = 25.0
625.6626 	EXP 	unnamed TextStim: height = 25.0
625.6626 	EXP 	unnamed TextStim: text = '↓'
627.4299 	DATA 	Keypress: down
627.4460 	EXP 	unnamed TextStim: height = 25.0
627.4460 	EXP 	unnamed TextStim: height = 25.0
627.4460 	EXP 	unnamed TextStim: height = 25.0
627.4460 	EXP 	unnamed TextStim: text = '↑'
628.9632 	DATA 	Keypress: up
628.9794 	EXP 	unnamed TextStim: height = 25.0
628.9794 	EXP 	unnamed TextStim: height = 25.0
628.9794 	EXP 	unnamed TextStim: height = 25.0
628.9794 	EXP 	unnamed TextStim: text = '←'
630.6635 	DATA 	Keypress: left
630.6795 	EXP 	unnamed TextStim: height = 25.0
630.6795 	EXP 	unnamed TextStim: height = 25.0
630.6795 	EXP 	unnamed TextStim: height = 25.0
630.6795 	EXP 	unnamed TextStim: text = '→'
632.2800 	DATA 	Keypress: right
632.2963 	EXP 	unnamed TextStim: text = '→'
633.7802 	DATA 	Keypress: right
633.7964 	EXP 	unnamed TextStim: height = 25.0
633.7964 	EXP 	unnamed TextStim: height = 25.0
633.7964 	EXP 	unnamed TextStim: height = 25.0
633.7964 	EXP 	unnamed TextStim: text = '←'
635.2982 	DATA 	Keypress: left
635.3296 	EXP 	unnamed TextStim: height = 25.0
635.3296 	EXP 	unnamed TextStim: height = 25.0
635.3296 	EXP 	unnamed TextStim: height = 25.0
635.3296 	EXP 	unnamed TextStim: text = '↓'
637.0135 	DATA 	Keypress: left
637.0298 	EXP 	unnamed TextStim: height = 25.0
637.0298 	EXP 	unnamed TextStim: height = 25.0
637.0298 	EXP 	unnamed TextStim: height = 25.0
637.0298 	EXP 	unnamed TextStim: text = '←'
638.6969 	DATA 	Keypress: left
638.7131 	EXP 	unnamed TextStim: height = 25.0
638.7131 	EXP 	unnamed TextStim: height = 25.0
638.7131 	EXP 	unnamed TextStim: height = 25.0
638.7131 	EXP 	unnamed TextStim: text = '↓'
640.1471 	DATA 	Keypress: down
640.1632 	EXP 	unnamed TextStim: text = '↓'
642.0480 	DATA 	Keypress: down
642.0632 	EXP 	unnamed TextStim: height = 25.0
642.0632 	EXP 	unnamed TextStim: height = 25.0
642.0632 	EXP 	unnamed TextStim: height = 25.0
642.0632 	EXP 	unnamed TextStim: text = '←'
643.7971 	DATA 	Keypress: left
643.9551 	EXP 	Created unnamed ImageStim = ImageStim(__class__=<class 'psychopy.visual.image.ImageStim'>, anchor=('center', 'center'), autoLog=True, color=array([1., 1., 1.]), colorSpace='rgb', contrast=1.0, depth=0, flipHoriz=False, flipVert=False, image='break.jpg', interpolate=True, mask=None, maskParams=None, name='unnamed ImageStim', opacity=1.0, ori=0.0, pos=array([0., 0.]), size=array([1536.,  864.]), texRes=128, units='pix', win=Window(...))
651.6274 	DATA 	Keypress: space
651.6302 	EXP 	unnamed TextStim: height = 25.0
651.6302 	EXP 	unnamed TextStim: height = 25.0
651.6302 	EXP 	unnamed TextStim: height = 25.0
651.6302 	EXP 	unnamed TextStim: text = '↑'
653.4308 	DATA 	Keypress: up
653.4470 	EXP 	unnamed TextStim: text = '↑'
655.2476 	DATA 	Keypress: up
655.2637 	EXP 	unnamed TextStim: height = 25.0
655.2637 	EXP 	unnamed TextStim: height = 25.0
655.2637 	EXP 	unnamed TextStim: height = 25.0
655.2637 	EXP 	unnamed TextStim: text = '↓'
656.7144 	DATA 	Keypress: down
656.7306 	EXP 	unnamed TextStim: height = 25.0
656.7306 	EXP 	unnamed TextStim: height = 25.0
656.7306 	EXP 	unnamed TextStim: height = 25.0
656.7306 	EXP 	unnamed TextStim: text = '←'
658.0645 	DATA 	Keypress: left
658.0805 	EXP 	unnamed TextStim: height = 25.0
658.0805 	EXP 	unnamed TextStim: height = 25.0
658.0805 	EXP 	unnamed TextStim: height = 25.0
658.0805 	EXP 	unnamed TextStim: text = '↑'
659.8478 	DATA 	Keypress: up
659.8640 	EXP 	unnamed TextStim: height = 25.0
659.8640 	EXP 	unnamed TextStim: height = 25.0
659.8640 	EXP 	unnamed TextStim: height = 25.0
659.8640 	EXP 	unnamed TextStim: text = '←'
661.6478 	DATA 	Keypress: left
661.6639 	EXP 	unnamed TextStim: height = 25.0
661.6639 	EXP 	unnamed TextStim: height = 25.0
661.6639 	EXP 	unnamed TextStim: height = 25.0
661.6639 	EXP 	unnamed TextStim: text = '↑'
663.0811 	DATA 	Keypress: up
663.0974 	EXP 	unnamed TextStim: text = '↑'
664.7979 	DATA 	Keypress: up
664.8142 	EXP 	unnamed TextStim: height = 25.0
664.8142 	EXP 	unnamed TextStim: height = 25.0
664.8142 	EXP 	unnamed TextStim: height = 25.0
664.8142 	EXP 	unnamed TextStim: text = '→'
666.5493 	DATA 	Keypress: right
666.5808 	EXP 	unnamed TextStim: text = '→'
668.0315 	DATA 	Keypress: right
668.0476 	EXP 	unnamed TextStim: text = '→'
669.9315 	DATA 	Keypress: right
669.9476 	EXP 	unnamed TextStim: height = 25.0
669.9476 	EXP 	unnamed TextStim: height = 25.0
669.9476 	EXP 	unnamed TextStim: height = 25.0
669.9476 	EXP 	unnamed TextStim: text = '↑'
671.5149 	DATA 	Keypress: up
671.5310 	EXP 	unnamed TextStim: text = '↑'
673.1817 	DATA 	Keypress: up
673.1978 	EXP 	unnamed TextStim: height = 25.0
673.1978 	EXP 	unnamed TextStim: height = 25.0
673.1978 	EXP 	unnamed TextStim: height = 25.0
673.1978 	EXP 	unnamed TextStim: text = '←'
674.9650 	DATA 	Keypress: left
674.9811 	EXP 	unnamed TextStim: height = 25.0
674.9811 	EXP 	unnamed TextStim: height = 25.0
674.9811 	EXP 	unnamed TextStim: height = 25.0
674.9811 	EXP 	unnamed TextStim: text = '↓'
676.4985 	DATA 	Keypress: down
676.5146 	EXP 	unnamed TextStim: height = 25.0
676.5146 	EXP 	unnamed TextStim: height = 25.0
676.5146 	EXP 	unnamed TextStim: height = 25.0
676.5146 	EXP 	unnamed TextStim: text = '↑'
678.3318 	DATA 	Keypress: right
678.3479 	EXP 	unnamed TextStim: text = '↑'
679.7501 	DATA 	Keypress: up
679.7813 	EXP 	unnamed TextStim: height = 25.0
679.7813 	EXP 	unnamed TextStim: height = 25.0
679.7813 	EXP 	unnamed TextStim: height = 25.0
679.7813 	EXP 	unnamed TextStim: text = '←'
681.2169 	DATA 	Keypress: left
681.2481 	EXP 	unnamed TextStim: height = 25.0
681.2481 	EXP 	unnamed TextStim: height = 25.0
681.2481 	EXP 	unnamed TextStim: height = 25.0
681.2481 	EXP 	unnamed TextStim: text = '→'
682.9153 	DATA 	Keypress: right
683.0667 	EXP 	Created unnamed ImageStim = ImageStim(__class__=<class 'psychopy.visual.image.ImageStim'>, anchor=('center', 'center'), autoLog=True, color=array([1., 1., 1.]), colorSpace='rgb', contrast=1.0, depth=0, flipHoriz=False, flipVert=False, image='break.jpg', interpolate=True, mask=None, maskParams=None, name='unnamed ImageStim', opacity=1.0, ori=0.0, pos=array([0., 0.]), size=array([1536.,  864.]), texRes=128, units='pix', win=Window(...))
701.5789 	DATA 	Keypress: space
701.5820 	EXP 	unnamed TextStim: height = 25.0
701.5820 	EXP 	unnamed TextStim: height = 25.0
701.5820 	EXP 	unnamed TextStim: height = 25.0
701.5820 	EXP 	unnamed TextStim: text = '←'
703.3160 	DATA 	Keypress: left
703.3322 	EXP 	unnamed TextStim: height = 25.0
703.3322 	EXP 	unnamed TextStim: height = 25.0
703.3322 	EXP 	unnamed TextStim: height = 25.0
703.3322 	EXP 	unnamed TextStim: text = '↓'
704.9328 	DATA 	Keypress: down
704.9489 	EXP 	unnamed TextStim: height = 25.0
704.9489 	EXP 	unnamed TextStim: height = 25.0
704.9489 	EXP 	unnamed TextStim: height = 25.0
704.9489 	EXP 	unnamed TextStim: text = '←'
706.4661 	DATA 	Keypress: left
706.4824 	EXP 	unnamed TextStim: height = 25.0
706.4824 	EXP 	unnamed TextStim: height = 25.0
706.4824 	EXP 	unnamed TextStim: height = 25.0
706.4824 	EXP 	unnamed TextStim: text = '→'
708.0496 	DATA 	Keypress: right
708.0657 	EXP 	unnamed TextStim: height = 25.0
708.0657 	EXP 	unnamed TextStim: height = 25.0
708.0657 	EXP 	unnamed TextStim: height = 25.0
708.0657 	EXP 	unnamed TextStim: text = '↓'
709.7680 	DATA 	Keypress: down
709.7991 	EXP 	unnamed TextStim: height = 25.0
709.7991 	EXP 	unnamed TextStim: height = 25.0
709.7991 	EXP 	unnamed TextStim: height = 25.0
709.7991 	EXP 	unnamed TextStim: text = '←'
711.5330 	DATA 	Keypress: left
711.5490 	EXP 	unnamed TextStim: height = 25.0
711.5490 	EXP 	unnamed TextStim: height = 25.0
711.5490 	EXP 	unnamed TextStim: height = 25.0
711.5490 	EXP 	unnamed TextStim: text = '↓'
713.3329 	DATA 	Keypress: down
713.3493 	EXP 	unnamed TextStim: text = '↓'
714.9515 	DATA 	Keypress: down
714.9827 	EXP 	unnamed TextStim: height = 25.0
714.9827 	EXP 	unnamed TextStim: height = 25.0
714.9827 	EXP 	unnamed TextStim: height = 25.0
714.9827 	EXP 	unnamed TextStim: text = '→'
716.6497 	DATA 	Keypress: right
716.6661 	EXP 	unnamed TextStim: height = 25.0
716.6661 	EXP 	unnamed TextStim: height = 25.0
716.6661 	EXP 	unnamed TextStim: height = 25.0
716.6661 	EXP 	unnamed TextStim: text = '↑'
718.3168 	DATA 	Keypress: up
718.3328 	EXP 	unnamed TextStim: height = 25.0
718.3328 	EXP 	unnamed TextStim: height = 25.0
718.3328 	EXP 	unnamed TextStim: height = 25.0
718.3328 	EXP 	unnamed TextStim: text = '→'
719.8167 	DATA 	Keypress: right
719.8327 	EXP 	unnamed TextStim: height = 25.0
719.8327 	EXP 	unnamed TextStim: height = 25.0
719.8327 	EXP 	unnamed TextStim: height = 25.0
719.8327 	EXP 	unnamed TextStim: text = '↓'
721.7161 	EXP 	unnamed TextStim: text = '↓'
721.7173 	DATA 	Keypress: down
723.4502 	DATA 	Keypress: down
723.4664 	EXP 	unnamed TextStim: height = 25.0
723.4664 	EXP 	unnamed TextStim: height = 25.0
723.4664 	EXP 	unnamed TextStim: height = 25.0
723.4664 	EXP 	unnamed TextStim: text = '→'
725.2835 	DATA 	Keypress: left
725.2997 	EXP 	unnamed TextStim: text = '→'
727.0169 	DATA 	Keypress: right
727.0331 	EXP 	unnamed TextStim: text = '→'
728.5171 	DATA 	Keypress: right
728.5330 	EXP 	unnamed TextStim: height = 25.0
728.5330 	EXP 	unnamed TextStim: height = 25.0
728.5330 	EXP 	unnamed TextStim: height = 25.0
728.5330 	EXP 	unnamed TextStim: text = '↑'
730.1688 	DATA 	Keypress: up
730.1998 	EXP 	unnamed TextStim: height = 25.0
730.1998 	EXP 	unnamed TextStim: height = 25.0
730.1998 	EXP 	unnamed TextStim: height = 25.0
730.1998 	EXP 	unnamed TextStim: text = '←'
731.8671 	DATA 	Keypress: left
731.8833 	EXP 	unnamed TextStim: height = 25.0
731.8833 	EXP 	unnamed TextStim: height = 25.0
731.8833 	EXP 	unnamed TextStim: height = 25.0
731.8833 	EXP 	unnamed TextStim: text = '↓'
733.8000 	EXP 	Created unnamed ImageStim = ImageStim(__class__=<class 'psychopy.visual.image.ImageStim'>, anchor=('center', 'center'), autoLog=True, color=array([1., 1., 1.]), colorSpace='rgb', contrast=1.0, depth=0, flipHoriz=False, flipVert=False, image='break.jpg', interpolate=True, mask=None, maskParams=None, name='unnamed ImageStim', opacity=1.0, ori=0.0, pos=array([0., 0.]), size=array([1536.,  864.]), texRes=128, units='pix', win=Window(...))
743.8849 	DATA 	Keypress: space
743.9003 	EXP 	unnamed TextStim: text = '↓'
745.7843 	DATA 	Keypress: down
745.8003 	EXP 	unnamed TextStim: height = 25.0
745.8003 	EXP 	unnamed TextStim: height = 25.0
745.8003 	EXP 	unnamed TextStim: height = 25.0
745.8003 	EXP 	unnamed TextStim: text = '←'
747.5844 	DATA 	Keypress: left
747.6006 	EXP 	unnamed TextStim: height = 25.0
747.6006 	EXP 	unnamed TextStim: height = 25.0
747.6006 	EXP 	unnamed TextStim: height = 25.0
747.6006 	EXP 	unnamed TextStim: text = '→'
749.1178 	DATA 	Keypress: left
749.1339 	EXP 	unnamed TextStim: height = 25.0
749.1339 	EXP 	unnamed TextStim: height = 25.0
749.1339 	EXP 	unnamed TextStim: height = 25.0
749.1339 	EXP 	unnamed TextStim: text = '←'
750.5511 	DATA 	Keypress: left
750.5674 	EXP 	unnamed TextStim: height = 25.0
750.5674 	EXP 	unnamed TextStim: height = 25.0
750.5674 	EXP 	unnamed TextStim: height = 25.0
750.5674 	EXP 	unnamed TextStim: text = '→'
751.9032 	DATA 	Keypress: right
751.9341 	EXP 	unnamed TextStim: height = 25.0
751.9341 	EXP 	unnamed TextStim: height = 25.0
751.9341 	EXP 	unnamed TextStim: height = 25.0
751.9341 	EXP 	unnamed TextStim: text = '↑'
753.6014 	DATA 	Keypress: up
753.6174 	EXP 	unnamed TextStim: text = '↑'
755.1014 	DATA 	Keypress: up
755.1176 	EXP 	unnamed TextStim: height = 25.0
755.1176 	EXP 	unnamed TextStim: height = 25.0
755.1176 	EXP 	unnamed TextStim: height = 25.0
755.1176 	EXP 	unnamed TextStim: text = '↓'
756.9509 	EXP 	unnamed TextStim: height = 25.0
756.9509 	EXP 	unnamed TextStim: height = 25.0
756.9509 	EXP 	unnamed TextStim: height = 25.0
756.9509 	EXP 	unnamed TextStim: text = '↑'
757.0012 	DATA 	Keypress: down
758.5015 	DATA 	Keypress: up
758.5177 	EXP 	unnamed TextStim: text = '↑'
759.9683 	DATA 	Keypress: up
759.9844 	EXP 	unnamed TextStim: height = 25.0
759.9844 	EXP 	unnamed TextStim: height = 25.0
759.9844 	EXP 	unnamed TextStim: height = 25.0
759.9844 	EXP 	unnamed TextStim: text = '←'
761.6016 	DATA 	Keypress: left
761.6177 	EXP 	unnamed TextStim: height = 25.0
761.6177 	EXP 	unnamed TextStim: height = 25.0
761.6177 	EXP 	unnamed TextStim: height = 25.0
761.6177 	EXP 	unnamed TextStim: text = '↓'
763.2184 	DATA 	Keypress: down
763.2344 	EXP 	unnamed TextStim: height = 25.0
763.2344 	EXP 	unnamed TextStim: height = 25.0
763.2344 	EXP 	unnamed TextStim: height = 25.0
763.2344 	EXP 	unnamed TextStim: text = '↑'
764.8683 	DATA 	Keypress: up
764.8846 	EXP 	unnamed TextStim: height = 25.0
764.8846 	EXP 	unnamed TextStim: height = 25.0
764.8846 	EXP 	unnamed TextStim: height = 25.0
764.8846 	EXP 	unnamed TextStim: text = '←'
766.4852 	DATA 	Keypress: left
766.5013 	EXP 	unnamed TextStim: height = 25.0
766.5013 	EXP 	unnamed TextStim: height = 25.0
766.5013 	EXP 	unnamed TextStim: height = 25.0
766.5013 	EXP 	unnamed TextStim: text = '→'
768.1519 	DATA 	Keypress: left
768.1680 	EXP 	unnamed TextStim: height = 25.0
768.1680 	EXP 	unnamed TextStim: height = 25.0
768.1680 	EXP 	unnamed TextStim: height = 25.0
768.1680 	EXP 	unnamed TextStim: text = '←'
769.9367 	DATA 	Keypress: left
769.9681 	EXP 	unnamed TextStim: height = 25.0
769.9681 	EXP 	unnamed TextStim: height = 25.0
769.9681 	EXP 	unnamed TextStim: height = 25.0
769.9681 	EXP 	unnamed TextStim: text = '↑'
771.8681 	EXP 	unnamed TextStim: height = 25.0
771.8681 	EXP 	unnamed TextStim: height = 25.0
771.8681 	EXP 	unnamed TextStim: height = 25.0
771.8681 	EXP 	unnamed TextStim: text = '↓'
772.0026 	DATA 	Keypress: right
773.2187 	DATA 	Keypress: up
773.2349 	EXP 	unnamed TextStim: height = 25.0
773.2349 	EXP 	unnamed TextStim: height = 25.0
773.2349 	EXP 	unnamed TextStim: height = 25.0
773.2349 	EXP 	unnamed TextStim: text = '←'
774.8020 	DATA 	Keypress: left
774.9539 	EXP 	Created unnamed ImageStim = ImageStim(__class__=<class 'psychopy.visual.image.ImageStim'>, anchor=('center', 'center'), autoLog=True, color=array([1., 1., 1.]), colorSpace='rgb', contrast=1.0, depth=0, flipHoriz=False, flipVert=False, image='break.jpg', interpolate=True, mask=None, maskParams=None, name='unnamed ImageStim', opacity=1.0, ori=0.0, pos=array([0., 0.]), size=array([1536.,  864.]), texRes=128, units='pix', win=Window(...))
790.3823 	DATA 	Keypress: space
790.4061 	EXP 	Created unnamed TextStim = TextStim(__class__=<class 'psychopy.visual.text.TextStim'>, alignHoriz=method-wrapper(...), alignText='center', alignVert=method-wrapper(...), anchorHoriz='center', anchorVert='center', antialias=True, autoDraw=False, autoLog=True, bold=False, color=array([-1, -1, -1]), colorSpace='rgb', contrast=1.0, depth=0, flipHoriz=False, flipVert=False, font='', fontFiles=[], height=28.0, italic=False, languageStyle='LTR', name='unnamed TextStim', opacity=1.0, ori=0.0, pos=array([0., 0.]), rgb=UNKNOWN, text=str(...), units='pix', win=Window(...), wrapWidth=1536)
810.5699 	DATA 	Keypress: space
810.6656 	EXP 	window1: mouseVisible = True
