8.4225 	WARNING 	User requested fullscreen with size [1536  864], but screen is actually [1920, 1080]. Using actual size
9.9168 	INFO 	FRAME RATE: 60
9.9169 	INFO 	SCREEN RES: odict_values([1536, 864])
9.9757 	EXP 	Created unnamed TextStim = TextStim(__class__=<class 'psychopy.visual.text.TextStim'>, alignHoriz=method-wrapper(...), alignText='center', alignVert=method-wrapper(...), anchorHoriz='center', anchorVert='center', antialias=True, autoDraw=False, autoLog=True, bold=False, color=array([-1, -1, -1]), colorSpace='rgb', contrast=1.0, depth=0, flipHoriz=False, flipVert=False, font='', fontFiles=[], height=100.0, italic=False, languageStyle='LTR', name='unnamed TextStim', opacity=1.0, ori=0.0, pos=array([0., 0.]), rgb=UNKNOWN, text='+', units='pix', win=Window(...), wrapWidth=500)
9.9805 	EXP 	Created unnamed Circle = Circle(__class__=<class 'psychopy.visual.circle.Circle'>, anchor=('center', 'center'), autoDraw=False, autoLog=True, closeShape=True, color=method-wrapper(...), colorSpace='rgb', contrast=None, depth=0, fillColor=array([ 0.09019608, -1.        , -1.        ]), fillColorSpace='rgb', fillRGB=array([ 0.09019608, -1.        , -1.        ]), interpolate=True, lineColor=array([ 0.09019608, -1.        , -1.        ]), lineColorSpace='rgb', lineRGB=array([ 0.09019608, -1.        , -1.        ]), lineWidth=1.5, name='unnamed Circle', opacity=1.0, ori=0.0, pos=array([0., 0.]), size=array([1., 1.]), units='pix', vertices=ndarray(...), win=Window(...))
9.9817 	EXP 	Created unnamed TextStim = TextStim(__class__=<class 'psychopy.visual.text.TextStim'>, alignHoriz=method-wrapper(...), alignText='center', alignVert=method-wrapper(...), anchorHoriz='center', anchorVert='center', antialias=True, autoDraw=False, autoLog=True, bold=False, color=array([-0.17647059, -0.17647059, -0.17647059]), colorSpace='rgb', contrast=1.0, depth=0, flipHoriz=False, flipVert=False, font='', fontFiles=[], height=25, italic=False, languageStyle='LTR', name='unnamed TextStim', opacity=1.0, ori=0.0, pos=array([0., 0.]), rgb=UNKNOWN, text='', units='pix', win=Window(...), wrapWidth=500)
9.9905 	EXP 	Created unnamed ImageStim = ImageStim(__class__=<class 'psychopy.visual.image.ImageStim'>, anchor=('center', 'center'), autoLog=True, color=array([1., 1., 1.]), colorSpace='rgb', contrast=1.0, depth=0, flipHoriz=False, flipVert=False, image='mask4.png', interpolate=False, mask=None, maskParams=None, name='unnamed ImageStim', opacity=1.0, ori=0.0, pos=array([0., 0.]), size=array([25., 25.]), texRes=128, units='pix', win=Window(...))
9.9995 	EXP 	Created unnamed TextStim = TextStim(__class__=<class 'psychopy.visual.text.TextStim'>, alignHoriz=method-wrapper(...), alignText='center', alignVert=method-wrapper(...), anchorHoriz='center', anchorVert='center', antialias=True, autoDraw=False, autoLog=True, bold=False, color=array([-1, -1, -1]), colorSpace='rgb', contrast=1.0, depth=0, flipHoriz=False, flipVert=False, font='', fontFiles=[], height=30.0, italic=False, languageStyle='LTR', name='unnamed TextStim', opacity=1.0, ori=0.0, pos=array([ 100., -300.]), rgb=UNKNOWN, text=str(...), units='pix', win=Window(...), wrapWidth=10000)
10.0109 	EXP 	Created unnamed TextStim = TextStim(__class__=<class 'psychopy.visual.text.TextStim'>, alignHoriz=method-wrapper(...), alignText='center', alignVert=method-wrapper(...), anchorHoriz='center', anchorVert='center', antialias=True, autoDraw=False, autoLog=True, bold=False, color=array([-1, -1, -1]), colorSpace='rgb', contrast=1.0, depth=0, flipHoriz=False, flipVert=False, font='', fontFiles=[], height=30.0, italic=False, languageStyle='LTR', name='unnamed TextStim', opacity=1.0, ori=0.0, pos=array([ 100., -330.]), rgb=UNKNOWN, text=str(...), units='pix', win=Window(...), wrapWidth=10000)
10.0458 	EXP 	Created unnamed TextStim = TextStim(__class__=<class 'psychopy.visual.text.TextStim'>, alignHoriz=method-wrapper(...), alignText='center', alignVert=method-wrapper(...), anchorHoriz='center', anchorVert='center', antialias=True, autoDraw=False, autoLog=True, bold=False, color=array([-1, -1, -1]), colorSpace='rgb', contrast=1.0, depth=0, flipHoriz=False, flipVert=False, font='', fontFiles=[], height=28.0, italic=False, languageStyle='LTR', name='unnamed TextStim', opacity=1.0, ori=0.0, pos=array([0., 0.]), rgb=UNKNOWN, text=str(...), units='pix', win=Window(...), wrapWidth=1536)
21.4269 	DATA 	Keypress: space
21.4329 	EXP 	unnamed TextStim: height = 25.0
21.4329 	EXP 	unnamed TextStim: height = 25.0
21.4329 	EXP 	unnamed TextStim: height = 25.0
21.4329 	EXP 	unnamed TextStim: text = '↓'
22.9643 	DATA 	Keypress: down
22.9763 	EXP 	Created unnamed TextStim = TextStim(__class__=<class 'psychopy.visual.text.TextStim'>, alignHoriz=method-wrapper(...), alignText='center', alignVert=method-wrapper(...), anchorHoriz='center', anchorVert='center', antialias=True, autoDraw=False, autoLog=True, bold=False, color=array([-1, -1, -1]), colorSpace='rgb', contrast=1.0, depth=0, flipHoriz=False, flipVert=False, font='', fontFiles=[], height=50.0, italic=False, languageStyle='LTR', name='unnamed TextStim', opacity=1.0, ori=0.0, pos=array([0., 0.]), rgb=UNKNOWN, text='Poprawnie', units='pix', win=Window(...), wrapWidth=500)
24.5853 	EXP 	unnamed TextStim: height = 25.0
24.5853 	EXP 	unnamed TextStim: height = 25.0
24.5853 	EXP 	unnamed TextStim: height = 25.0
24.5853 	EXP 	unnamed TextStim: text = '→'
26.0980 	DATA 	Keypress: right
26.1037 	EXP 	Created unnamed TextStim = TextStim(__class__=<class 'psychopy.visual.text.TextStim'>, alignHoriz=method-wrapper(...), alignText='center', alignVert=method-wrapper(...), anchorHoriz='center', anchorVert='center', antialias=True, autoDraw=False, autoLog=True, bold=False, color=array([-1, -1, -1]), colorSpace='rgb', contrast=1.0, depth=0, flipHoriz=False, flipVert=False, font='', fontFiles=[], height=50.0, italic=False, languageStyle='LTR', name='unnamed TextStim', opacity=1.0, ori=0.0, pos=array([0., 0.]), rgb=UNKNOWN, text='Poprawnie', units='pix', win=Window(...), wrapWidth=500)
27.5976 	EXP 	unnamed TextStim: height = 25.0
27.5976 	EXP 	unnamed TextStim: height = 25.0
27.5976 	EXP 	unnamed TextStim: height = 25.0
27.5976 	EXP 	unnamed TextStim: text = '↑'
28.9814 	DATA 	Keypress: left
28.9874 	EXP 	Created unnamed TextStim = TextStim(__class__=<class 'psychopy.visual.text.TextStim'>, alignHoriz=method-wrapper(...), alignText='center', alignVert=method-wrapper(...), anchorHoriz='center', anchorVert='center', antialias=True, autoDraw=False, autoLog=True, bold=False, color=array([-1, -1, -1]), colorSpace='rgb', contrast=1.0, depth=0, flipHoriz=False, flipVert=False, font='', fontFiles=[], height=50.0, italic=False, languageStyle='LTR', name='unnamed TextStim', opacity=1.0, ori=0.0, pos=array([0., 0.]), rgb=UNKNOWN, text='Niepoprawnie', units='pix', win=Window(...), wrapWidth=500)
30.5661 	EXP 	unnamed TextStim: height = 25.0
30.5661 	EXP 	unnamed TextStim: height = 25.0
30.5661 	EXP 	unnamed TextStim: height = 25.0
30.5661 	EXP 	unnamed TextStim: text = '←'
32.0310 	DATA 	Keypress: left
32.0345 	EXP 	Created unnamed TextStim = TextStim(__class__=<class 'psychopy.visual.text.TextStim'>, alignHoriz=method-wrapper(...), alignText='center', alignVert=method-wrapper(...), anchorHoriz='center', anchorVert='center', antialias=True, autoDraw=False, autoLog=True, bold=False, color=array([-1, -1, -1]), colorSpace='rgb', contrast=1.0, depth=0, flipHoriz=False, flipVert=False, font='', fontFiles=[], height=50.0, italic=False, languageStyle='LTR', name='unnamed TextStim', opacity=1.0, ori=0.0, pos=array([0., 0.]), rgb=UNKNOWN, text='Poprawnie', units='pix', win=Window(...), wrapWidth=500)
33.7302 	EXP 	unnamed TextStim: text = '←'
34.9649 	DATA 	Keypress: left
34.9700 	EXP 	Created unnamed TextStim = TextStim(__class__=<class 'psychopy.visual.text.TextStim'>, alignHoriz=method-wrapper(...), alignText='center', alignVert=method-wrapper(...), anchorHoriz='center', anchorVert='center', antialias=True, autoDraw=False, autoLog=True, bold=False, color=array([-1, -1, -1]), colorSpace='rgb', contrast=1.0, depth=0, flipHoriz=False, flipVert=False, font='', fontFiles=[], height=50.0, italic=False, languageStyle='LTR', name='unnamed TextStim', opacity=1.0, ori=0.0, pos=array([0., 0.]), rgb=UNKNOWN, text='Poprawnie', units='pix', win=Window(...), wrapWidth=500)
36.4531 	EXP 	unnamed TextStim: height = 25.0
36.4531 	EXP 	unnamed TextStim: height = 25.0
36.4531 	EXP 	unnamed TextStim: height = 25.0
36.4531 	EXP 	unnamed TextStim: text = '↓'
37.9816 	DATA 	Keypress: down
37.9867 	EXP 	Created unnamed TextStim = TextStim(__class__=<class 'psychopy.visual.text.TextStim'>, alignHoriz=method-wrapper(...), alignText='center', alignVert=method-wrapper(...), anchorHoriz='center', anchorVert='center', antialias=True, autoDraw=False, autoLog=True, bold=False, color=array([-1, -1, -1]), colorSpace='rgb', contrast=1.0, depth=0, flipHoriz=False, flipVert=False, font='', fontFiles=[], height=50.0, italic=False, languageStyle='LTR', name='unnamed TextStim', opacity=1.0, ori=0.0, pos=array([0., 0.]), rgb=UNKNOWN, text='Poprawnie', units='pix', win=Window(...), wrapWidth=500)
39.4735 	EXP 	unnamed TextStim: height = 25.0
39.4735 	EXP 	unnamed TextStim: height = 25.0
39.4735 	EXP 	unnamed TextStim: height = 25.0
39.4735 	EXP 	unnamed TextStim: text = '→'
40.9818 	DATA 	Keypress: right
40.9867 	EXP 	Created unnamed TextStim = TextStim(__class__=<class 'psychopy.visual.text.TextStim'>, alignHoriz=method-wrapper(...), alignText='center', alignVert=method-wrapper(...), anchorHoriz='center', anchorVert='center', antialias=True, autoDraw=False, autoLog=True, bold=False, color=array([-1, -1, -1]), colorSpace='rgb', contrast=1.0, depth=0, flipHoriz=False, flipVert=False, font='', fontFiles=[], height=50.0, italic=False, languageStyle='LTR', name='unnamed TextStim', opacity=1.0, ori=0.0, pos=array([0., 0.]), rgb=UNKNOWN, text='Poprawnie', units='pix', win=Window(...), wrapWidth=500)
42.5138 	EXP 	unnamed TextStim: height = 25.0
42.5138 	EXP 	unnamed TextStim: height = 25.0
42.5138 	EXP 	unnamed TextStim: height = 25.0
42.5138 	EXP 	unnamed TextStim: text = '←'
44.3079 	EXP 	Created unnamed TextStim = TextStim(__class__=<class 'psychopy.visual.text.TextStim'>, alignHoriz=method-wrapper(...), alignText='center', alignVert=method-wrapper(...), anchorHoriz='center', anchorVert='center', antialias=True, autoDraw=False, autoLog=True, bold=False, color=array([-1, -1, -1]), colorSpace='rgb', contrast=1.0, depth=0, flipHoriz=False, flipVert=False, font='', fontFiles=[], height=50.0, italic=False, languageStyle='LTR', name='unnamed TextStim', opacity=1.0, ori=0.0, pos=array([0., 0.]), rgb=UNKNOWN, text='Brak reakcji', units='pix', win=Window(...), wrapWidth=500)
45.6263 	DATA 	Keypress: left
45.8473 	EXP 	Created unnamed TextStim = TextStim(__class__=<class 'psychopy.visual.text.TextStim'>, alignHoriz=method-wrapper(...), alignText='center', alignVert=method-wrapper(...), anchorHoriz='center', anchorVert='center', antialias=True, autoDraw=False, autoLog=True, bold=False, color=array([-1, -1, -1]), colorSpace='rgb', contrast=1.0, depth=0, flipHoriz=False, flipVert=False, font='', fontFiles=[], height=28.0, italic=False, languageStyle='LTR', name='unnamed TextStim', opacity=1.0, ori=0.0, pos=array([0., 0.]), rgb=UNKNOWN, text=str(...), units='pix', win=Window(...), wrapWidth=1536)
48.0081 	DATA 	Keypress: space
48.0146 	EXP 	unnamed TextStim: height = 25.0
48.0146 	EXP 	unnamed TextStim: height = 25.0
48.0146 	EXP 	unnamed TextStim: height = 25.0
48.0146 	EXP 	unnamed TextStim: text = '↑'
49.6320 	DATA 	Keypress: up
49.6482 	EXP 	unnamed TextStim: height = 25.0
49.6482 	EXP 	unnamed TextStim: height = 25.0
49.6482 	EXP 	unnamed TextStim: height = 25.0
49.6482 	EXP 	unnamed TextStim: text = '↓'
51.6816 	EXP 	unnamed TextStim: height = 25.0
51.6816 	EXP 	unnamed TextStim: height = 25.0
51.6816 	EXP 	unnamed TextStim: height = 25.0
51.6816 	EXP 	unnamed TextStim: text = '↑'
51.9496 	DATA 	Keypress: down
53.4156 	DATA 	Keypress: up
53.4317 	EXP 	unnamed TextStim: height = 25.0
53.4317 	EXP 	unnamed TextStim: height = 25.0
53.4317 	EXP 	unnamed TextStim: height = 25.0
53.4317 	EXP 	unnamed TextStim: text = '→'
55.0824 	DATA 	Keypress: right
55.0985 	EXP 	unnamed TextStim: height = 25.0
55.0985 	EXP 	unnamed TextStim: height = 25.0
55.0985 	EXP 	unnamed TextStim: height = 25.0
55.0985 	EXP 	unnamed TextStim: text = '↓'
56.9677 	DATA 	Keypress: down
56.9986 	EXP 	unnamed TextStim: height = 25.0
56.9986 	EXP 	unnamed TextStim: height = 25.0
56.9986 	EXP 	unnamed TextStim: height = 25.0
56.9986 	EXP 	unnamed TextStim: text = '←'
58.3825 	DATA 	Keypress: left
58.3986 	EXP 	unnamed TextStim: height = 25.0
58.3986 	EXP 	unnamed TextStim: height = 25.0
58.3986 	EXP 	unnamed TextStim: height = 25.0
58.3986 	EXP 	unnamed TextStim: text = '→'
59.7159 	DATA 	Keypress: left
59.7319 	EXP 	unnamed TextStim: height = 25.0
59.7319 	EXP 	unnamed TextStim: height = 25.0
59.7319 	EXP 	unnamed TextStim: height = 25.0
59.7319 	EXP 	unnamed TextStim: text = '↑'
61.4492 	DATA 	Keypress: up
61.4654 	EXP 	unnamed TextStim: height = 25.0
61.4654 	EXP 	unnamed TextStim: height = 25.0
61.4654 	EXP 	unnamed TextStim: height = 25.0
61.4654 	EXP 	unnamed TextStim: text = '←'
63.2993 	DATA 	Keypress: left
63.3154 	EXP 	unnamed TextStim: height = 25.0
63.3154 	EXP 	unnamed TextStim: height = 25.0
63.3154 	EXP 	unnamed TextStim: height = 25.0
63.3154 	EXP 	unnamed TextStim: text = '→'
64.7994 	DATA 	Keypress: right
64.8155 	EXP 	unnamed TextStim: text = '→'
66.5328 	DATA 	Keypress: right
66.5489 	EXP 	unnamed TextStim: text = '→'
68.1328 	DATA 	Keypress: right
68.1489 	EXP 	unnamed TextStim: height = 25.0
68.1489 	EXP 	unnamed TextStim: height = 25.0
68.1489 	EXP 	unnamed TextStim: height = 25.0
68.1489 	EXP 	unnamed TextStim: text = '↑'
69.8996 	DATA 	Keypress: up
69.9157 	EXP 	unnamed TextStim: height = 25.0
69.9157 	EXP 	unnamed TextStim: height = 25.0
69.9157 	EXP 	unnamed TextStim: height = 25.0
69.9157 	EXP 	unnamed TextStim: text = '↓'
71.7830 	DATA 	Keypress: down
71.7991 	EXP 	unnamed TextStim: height = 25.0
71.7991 	EXP 	unnamed TextStim: height = 25.0
71.7991 	EXP 	unnamed TextStim: height = 25.0
71.7991 	EXP 	unnamed TextStim: text = '↑'
73.3328 	DATA 	Keypress: up
73.3492 	EXP 	unnamed TextStim: text = '↑'
75.0164 	DATA 	Keypress: up
75.0326 	EXP 	unnamed TextStim: height = 25.0
75.0326 	EXP 	unnamed TextStim: height = 25.0
75.0326 	EXP 	unnamed TextStim: height = 25.0
75.0326 	EXP 	unnamed TextStim: text = '→'
76.6498 	DATA 	Keypress: right
76.6659 	EXP 	unnamed TextStim: height = 25.0
76.6659 	EXP 	unnamed TextStim: height = 25.0
76.6659 	EXP 	unnamed TextStim: height = 25.0
76.6659 	EXP 	unnamed TextStim: text = '↓'
78.3331 	DATA 	Keypress: down
78.3493 	EXP 	unnamed TextStim: height = 25.0
78.3493 	EXP 	unnamed TextStim: height = 25.0
78.3493 	EXP 	unnamed TextStim: height = 25.0
78.3493 	EXP 	unnamed TextStim: text = '→'
79.9832 	DATA 	Keypress: right
80.1494 	EXP 	Created unnamed ImageStim = ImageStim(__class__=<class 'psychopy.visual.image.ImageStim'>, anchor=('center', 'center'), autoLog=True, color=array([1., 1., 1.]), colorSpace='rgb', contrast=1.0, depth=0, flipHoriz=False, flipVert=False, image='break.jpg', interpolate=True, mask=None, maskParams=None, name='unnamed ImageStim', opacity=1.0, ori=0.0, pos=array([0., 0.]), size=array([1536.,  864.]), texRes=128, units='pix', win=Window(...))
81.5466 	DATA 	Keypress: space
81.5516 	EXP 	unnamed TextStim: height = 25.0
81.5516 	EXP 	unnamed TextStim: height = 25.0
81.5516 	EXP 	unnamed TextStim: height = 25.0
81.5516 	EXP 	unnamed TextStim: text = '←'
83.0667 	DATA 	Keypress: right
83.0829 	EXP 	unnamed TextStim: height = 25.0
83.0829 	EXP 	unnamed TextStim: height = 25.0
83.0829 	EXP 	unnamed TextStim: height = 25.0
83.0829 	EXP 	unnamed TextStim: text = '→'
84.8662 	DATA 	Keypress: right
84.8827 	EXP 	unnamed TextStim: height = 25.0
84.8827 	EXP 	unnamed TextStim: height = 25.0
84.8827 	EXP 	unnamed TextStim: height = 25.0
84.8827 	EXP 	unnamed TextStim: text = '↑'
86.7002 	DATA 	Keypress: up
86.7163 	EXP 	unnamed TextStim: text = '↑'
88.3835 	DATA 	Keypress: up
88.3997 	EXP 	unnamed TextStim: height = 25.0
88.3997 	EXP 	unnamed TextStim: height = 25.0
88.3997 	EXP 	unnamed TextStim: height = 25.0
88.3997 	EXP 	unnamed TextStim: text = '←'
89.9018 	DATA 	Keypress: left
89.9331 	EXP 	unnamed TextStim: height = 25.0
89.9331 	EXP 	unnamed TextStim: height = 25.0
89.9331 	EXP 	unnamed TextStim: height = 25.0
89.9331 	EXP 	unnamed TextStim: text = '↑'
91.6504 	DATA 	Keypress: up
91.6665 	EXP 	unnamed TextStim: height = 25.0
91.6665 	EXP 	unnamed TextStim: height = 25.0
91.6665 	EXP 	unnamed TextStim: height = 25.0
91.6665 	EXP 	unnamed TextStim: text = '←'
93.2173 	DATA 	Keypress: left
93.2332 	EXP 	unnamed TextStim: text = '←'
94.9672 	DATA 	Keypress: left
94.9834 	EXP 	unnamed TextStim: height = 25.0
94.9834 	EXP 	unnamed TextStim: height = 25.0
94.9834 	EXP 	unnamed TextStim: height = 25.0
94.9834 	EXP 	unnamed TextStim: text = '↓'
96.6005 	DATA 	Keypress: down
96.6167 	EXP 	unnamed TextStim: height = 25.0
96.6167 	EXP 	unnamed TextStim: height = 25.0
96.6167 	EXP 	unnamed TextStim: height = 25.0
96.6167 	EXP 	unnamed TextStim: text = '←'
98.2005 	DATA 	Keypress: left
98.2167 	EXP 	unnamed TextStim: height = 25.0
98.2167 	EXP 	unnamed TextStim: height = 25.0
98.2167 	EXP 	unnamed TextStim: height = 25.0
98.2167 	EXP 	unnamed TextStim: text = '→'
99.9506 	DATA 	Keypress: right
99.9669 	EXP 	unnamed TextStim: text = '→'
101.3672 	DATA 	Keypress: left
101.3833 	EXP 	unnamed TextStim: text = '→'
102.9341 	DATA 	Keypress: right
102.9503 	EXP 	unnamed TextStim: height = 25.0
102.9503 	EXP 	unnamed TextStim: height = 25.0
102.9503 	EXP 	unnamed TextStim: height = 25.0
102.9503 	EXP 	unnamed TextStim: text = '↑'
104.6844 	DATA 	Keypress: up
104.7002 	EXP 	unnamed TextStim: height = 25.0
104.7002 	EXP 	unnamed TextStim: height = 25.0
104.7002 	EXP 	unnamed TextStim: height = 25.0
104.7002 	EXP 	unnamed TextStim: text = '→'
106.3010 	DATA 	Keypress: right
106.3171 	EXP 	unnamed TextStim: text = '→'
108.0678 	DATA 	Keypress: right
108.0838 	EXP 	unnamed TextStim: height = 25.0
108.0838 	EXP 	unnamed TextStim: height = 25.0
108.0838 	EXP 	unnamed TextStim: height = 25.0
108.0838 	EXP 	unnamed TextStim: text = '↓'
109.7343 	DATA 	Keypress: down
109.7504 	EXP 	unnamed TextStim: height = 25.0
109.7504 	EXP 	unnamed TextStim: height = 25.0
109.7504 	EXP 	unnamed TextStim: height = 25.0
109.7504 	EXP 	unnamed TextStim: text = '→'
111.5011 	DATA 	Keypress: right
111.5173 	EXP 	unnamed TextStim: height = 25.0
111.5173 	EXP 	unnamed TextStim: height = 25.0
111.5173 	EXP 	unnamed TextStim: height = 25.0
111.5173 	EXP 	unnamed TextStim: text = '↓'
113.4483 	EXP 	Created unnamed ImageStim = ImageStim(__class__=<class 'psychopy.visual.image.ImageStim'>, anchor=('center', 'center'), autoLog=True, color=array([1., 1., 1.]), colorSpace='rgb', contrast=1.0, depth=0, flipHoriz=False, flipVert=False, image='break.jpg', interpolate=True, mask=None, maskParams=None, name='unnamed ImageStim', opacity=1.0, ori=0.0, pos=array([0., 0.]), size=array([1536.,  864.]), texRes=128, units='pix', win=Window(...))
113.4489 	DATA 	Keypress: down
114.1235 	DATA 	Keypress: space
114.1337 	EXP 	unnamed TextStim: text = '↓'
115.6678 	DATA 	Keypress: down
115.6841 	EXP 	unnamed TextStim: text = '↓'
117.1011 	DATA 	Keypress: down
117.1174 	EXP 	unnamed TextStim: height = 25.0
117.1174 	EXP 	unnamed TextStim: height = 25.0
117.1174 	EXP 	unnamed TextStim: height = 25.0
117.1174 	EXP 	unnamed TextStim: text = '↑'
118.4848 	DATA 	Keypress: up
118.5009 	EXP 	unnamed TextStim: height = 25.0
118.5009 	EXP 	unnamed TextStim: height = 25.0
118.5009 	EXP 	unnamed TextStim: height = 25.0
118.5009 	EXP 	unnamed TextStim: text = '→'
120.2182 	DATA 	Keypress: right
120.2343 	EXP 	unnamed TextStim: text = '→'
121.7680 	DATA 	Keypress: right
121.7844 	EXP 	unnamed TextStim: text = '→'
123.4514 	DATA 	Keypress: right
123.4676 	EXP 	unnamed TextStim: height = 25.0
123.4676 	EXP 	unnamed TextStim: height = 25.0
123.4676 	EXP 	unnamed TextStim: height = 25.0
123.4676 	EXP 	unnamed TextStim: text = '↓'
125.3183 	DATA 	Keypress: down
125.3344 	EXP 	unnamed TextStim: text = '↓'
126.8524 	DATA 	Keypress: down
126.8844 	EXP 	unnamed TextStim: height = 25.0
126.8844 	EXP 	unnamed TextStim: height = 25.0
126.8844 	EXP 	unnamed TextStim: height = 25.0
126.8844 	EXP 	unnamed TextStim: text = '←'
128.4849 	DATA 	Keypress: left
128.5012 	EXP 	unnamed TextStim: height = 25.0
128.5012 	EXP 	unnamed TextStim: height = 25.0
128.5012 	EXP 	unnamed TextStim: height = 25.0
128.5012 	EXP 	unnamed TextStim: text = '→'
130.1351 	DATA 	Keypress: right
130.1511 	EXP 	unnamed TextStim: height = 25.0
130.1511 	EXP 	unnamed TextStim: height = 25.0
130.1511 	EXP 	unnamed TextStim: height = 25.0
130.1511 	EXP 	unnamed TextStim: text = '↓'
132.0018 	DATA 	Keypress: down
132.0179 	EXP 	unnamed TextStim: height = 25.0
132.0179 	EXP 	unnamed TextStim: height = 25.0
132.0179 	EXP 	unnamed TextStim: height = 25.0
132.0179 	EXP 	unnamed TextStim: text = '→'
133.4184 	DATA 	Keypress: right
133.4348 	EXP 	unnamed TextStim: height = 25.0
133.4348 	EXP 	unnamed TextStim: height = 25.0
133.4348 	EXP 	unnamed TextStim: height = 25.0
133.4348 	EXP 	unnamed TextStim: text = '↑'
134.9520 	DATA 	Keypress: up
134.9681 	EXP 	unnamed TextStim: height = 25.0
134.9681 	EXP 	unnamed TextStim: height = 25.0
134.9681 	EXP 	unnamed TextStim: height = 25.0
134.9681 	EXP 	unnamed TextStim: text = '↓'
136.6020 	DATA 	Keypress: down
136.6181 	EXP 	unnamed TextStim: height = 25.0
136.6181 	EXP 	unnamed TextStim: height = 25.0
136.6181 	EXP 	unnamed TextStim: height = 25.0
136.6181 	EXP 	unnamed TextStim: text = '→'
138.1685 	DATA 	Keypress: left
138.1849 	EXP 	unnamed TextStim: height = 25.0
138.1849 	EXP 	unnamed TextStim: height = 25.0
138.1849 	EXP 	unnamed TextStim: height = 25.0
138.1849 	EXP 	unnamed TextStim: text = '←'
139.8190 	DATA 	Keypress: left
139.8350 	EXP 	unnamed TextStim: height = 25.0
139.8350 	EXP 	unnamed TextStim: height = 25.0
139.8350 	EXP 	unnamed TextStim: height = 25.0
139.8350 	EXP 	unnamed TextStim: text = '↑'
141.4188 	DATA 	Keypress: up
141.4351 	EXP 	unnamed TextStim: height = 25.0
141.4351 	EXP 	unnamed TextStim: height = 25.0
141.4351 	EXP 	unnamed TextStim: height = 25.0
141.4351 	EXP 	unnamed TextStim: text = '→'
143.1021 	DATA 	Keypress: right
143.1184 	EXP 	unnamed TextStim: text = '→'
145.0161 	EXP 	Created unnamed ImageStim = ImageStim(__class__=<class 'psychopy.visual.image.ImageStim'>, anchor=('center', 'center'), autoLog=True, color=array([1., 1., 1.]), colorSpace='rgb', contrast=1.0, depth=0, flipHoriz=False, flipVert=False, image='break.jpg', interpolate=True, mask=None, maskParams=None, name='unnamed ImageStim', opacity=1.0, ori=0.0, pos=array([0., 0.]), size=array([1536.,  864.]), texRes=128, units='pix', win=Window(...))
145.0753 	DATA 	Keypress: right
145.8377 	DATA 	Keypress: space
145.8517 	EXP 	unnamed TextStim: height = 25.0
145.8517 	EXP 	unnamed TextStim: height = 25.0
145.8517 	EXP 	unnamed TextStim: height = 25.0
145.8517 	EXP 	unnamed TextStim: text = '↑'
147.5191 	DATA 	Keypress: up
147.5353 	EXP 	unnamed TextStim: height = 25.0
147.5353 	EXP 	unnamed TextStim: height = 25.0
147.5353 	EXP 	unnamed TextStim: height = 25.0
147.5353 	EXP 	unnamed TextStim: text = '↓'
149.3191 	DATA 	Keypress: down
149.3354 	EXP 	unnamed TextStim: height = 25.0
149.3354 	EXP 	unnamed TextStim: height = 25.0
149.3354 	EXP 	unnamed TextStim: height = 25.0
149.3354 	EXP 	unnamed TextStim: text = '←'
150.8357 	DATA 	Keypress: left
150.8520 	EXP 	unnamed TextStim: height = 25.0
150.8520 	EXP 	unnamed TextStim: height = 25.0
150.8520 	EXP 	unnamed TextStim: height = 25.0
150.8520 	EXP 	unnamed TextStim: text = '→'
152.2021 	DATA 	Keypress: right
152.2186 	EXP 	unnamed TextStim: height = 25.0
152.2186 	EXP 	unnamed TextStim: height = 25.0
152.2186 	EXP 	unnamed TextStim: height = 25.0
152.2186 	EXP 	unnamed TextStim: text = '↑'
154.0693 	DATA 	Keypress: up
154.0855 	EXP 	unnamed TextStim: height = 25.0
154.0855 	EXP 	unnamed TextStim: height = 25.0
154.0855 	EXP 	unnamed TextStim: height = 25.0
154.0855 	EXP 	unnamed TextStim: text = '←'
155.8194 	DATA 	Keypress: left
155.8356 	EXP 	unnamed TextStim: height = 25.0
155.8356 	EXP 	unnamed TextStim: height = 25.0
155.8356 	EXP 	unnamed TextStim: height = 25.0
155.8356 	EXP 	unnamed TextStim: text = '↑'
157.3862 	DATA 	Keypress: up
157.4023 	EXP 	unnamed TextStim: height = 25.0
157.4023 	EXP 	unnamed TextStim: height = 25.0
157.4023 	EXP 	unnamed TextStim: height = 25.0
157.4023 	EXP 	unnamed TextStim: text = '↓'
158.8691 	DATA 	Keypress: down
158.8856 	EXP 	unnamed TextStim: height = 25.0
158.8856 	EXP 	unnamed TextStim: height = 25.0
158.8856 	EXP 	unnamed TextStim: height = 25.0
158.8856 	EXP 	unnamed TextStim: text = '←'
160.7539 	DATA 	Keypress: left
160.7691 	EXP 	unnamed TextStim: text = '←'
162.2531 	DATA 	Keypress: left
162.2692 	EXP 	unnamed TextStim: height = 25.0
162.2692 	EXP 	unnamed TextStim: height = 25.0
162.2692 	EXP 	unnamed TextStim: height = 25.0
162.2692 	EXP 	unnamed TextStim: text = '↓'
163.8698 	DATA 	Keypress: right
163.8859 	EXP 	unnamed TextStim: height = 25.0
163.8859 	EXP 	unnamed TextStim: height = 25.0
163.8859 	EXP 	unnamed TextStim: height = 25.0
163.8859 	EXP 	unnamed TextStim: text = '↑'
165.3863 	DATA 	Keypress: up
165.4024 	EXP 	unnamed TextStim: text = '↑'
167.0199 	DATA 	Keypress: up
167.0360 	EXP 	unnamed TextStim: height = 25.0
167.0360 	EXP 	unnamed TextStim: height = 25.0
167.0360 	EXP 	unnamed TextStim: height = 25.0
167.0360 	EXP 	unnamed TextStim: text = '→'
168.7532 	DATA 	Keypress: right
168.7694 	EXP 	unnamed TextStim: height = 25.0
168.7694 	EXP 	unnamed TextStim: height = 25.0
168.7694 	EXP 	unnamed TextStim: height = 25.0
168.7694 	EXP 	unnamed TextStim: text = '↓'
170.0864 	DATA 	Keypress: down
170.1027 	EXP 	unnamed TextStim: text = '↓'
171.7367 	DATA 	Keypress: down
171.7529 	EXP 	unnamed TextStim: text = '↓'
173.2035 	DATA 	Keypress: down
173.2195 	EXP 	unnamed TextStim: text = '↓'
174.7035 	DATA 	Keypress: down
174.7197 	EXP 	unnamed TextStim: text = '↓'
176.2868 	DATA 	Keypress: down
176.4606 	EXP 	Created unnamed ImageStim = ImageStim(__class__=<class 'psychopy.visual.image.ImageStim'>, anchor=('center', 'center'), autoLog=True, color=array([1., 1., 1.]), colorSpace='rgb', contrast=1.0, depth=0, flipHoriz=False, flipVert=False, image='break.jpg', interpolate=True, mask=None, maskParams=None, name='unnamed ImageStim', opacity=1.0, ori=0.0, pos=array([0., 0.]), size=array([1536.,  864.]), texRes=128, units='pix', win=Window(...))
177.1371 	DATA 	Keypress: space
177.1529 	EXP 	unnamed TextStim: text = '↓'
178.6203 	DATA 	Keypress: down
178.6365 	EXP 	unnamed TextStim: height = 25.0
178.6365 	EXP 	unnamed TextStim: height = 25.0
178.6365 	EXP 	unnamed TextStim: height = 25.0
178.6365 	EXP 	unnamed TextStim: text = '←'
180.1864 	EXP 	unnamed TextStim: height = 25.0
180.1864 	EXP 	unnamed TextStim: height = 25.0
180.1864 	EXP 	unnamed TextStim: height = 25.0
180.1864 	EXP 	unnamed TextStim: text = '↓'
180.2210 	DATA 	Keypress: left
181.9205 	DATA 	Keypress: down
181.9366 	EXP 	unnamed TextStim: text = '↓'
183.4206 	DATA 	Keypress: down
183.4367 	EXP 	unnamed TextStim: height = 25.0
183.4367 	EXP 	unnamed TextStim: height = 25.0
183.4367 	EXP 	unnamed TextStim: height = 25.0
183.4367 	EXP 	unnamed TextStim: text = '→'
185.1368 	DATA 	Keypress: right
185.1531 	EXP 	unnamed TextStim: height = 25.0
185.1531 	EXP 	unnamed TextStim: height = 25.0
185.1531 	EXP 	unnamed TextStim: height = 25.0
185.1531 	EXP 	unnamed TextStim: text = '↑'
186.8036 	DATA 	Keypress: up
186.8198 	EXP 	unnamed TextStim: text = '↑'
188.2035 	DATA 	Keypress: up
188.2197 	EXP 	unnamed TextStim: text = '↑'
189.7038 	DATA 	Keypress: up
189.7200 	EXP 	unnamed TextStim: text = '↑'
190.9538 	DATA 	Keypress: up
190.9699 	EXP 	unnamed TextStim: height = 25.0
190.9699 	EXP 	unnamed TextStim: height = 25.0
190.9699 	EXP 	unnamed TextStim: height = 25.0
190.9699 	EXP 	unnamed TextStim: text = '↓'
192.7200 	EXP 	unnamed TextStim: height = 25.0
192.7200 	EXP 	unnamed TextStim: height = 25.0
192.7200 	EXP 	unnamed TextStim: height = 25.0
192.7200 	EXP 	unnamed TextStim: text = '←'
192.7710 	DATA 	Keypress: down
194.1035 	DATA 	Keypress: left
194.1200 	EXP 	unnamed TextStim: height = 25.0
194.1200 	EXP 	unnamed TextStim: height = 25.0
194.1200 	EXP 	unnamed TextStim: height = 25.0
194.1200 	EXP 	unnamed TextStim: text = '↓'
195.5871 	DATA 	Keypress: down
195.6034 	EXP 	unnamed TextStim: height = 25.0
195.6034 	EXP 	unnamed TextStim: height = 25.0
195.6034 	EXP 	unnamed TextStim: height = 25.0
195.6034 	EXP 	unnamed TextStim: text = '↑'
197.1538 	DATA 	Keypress: up
197.1701 	EXP 	unnamed TextStim: height = 25.0
197.1701 	EXP 	unnamed TextStim: height = 25.0
197.1701 	EXP 	unnamed TextStim: height = 25.0
197.1701 	EXP 	unnamed TextStim: text = '←'
198.7705 	EXP 	unnamed TextStim: height = 25.0
198.7705 	EXP 	unnamed TextStim: height = 25.0
198.7705 	EXP 	unnamed TextStim: height = 25.0
198.7705 	EXP 	unnamed TextStim: text = '→'
198.8550 	DATA 	Keypress: left
200.1708 	DATA 	Keypress: right
200.1875 	EXP 	unnamed TextStim: text = '→'
201.6537 	DATA 	Keypress: right
201.6702 	EXP 	unnamed TextStim: height = 25.0
201.6702 	EXP 	unnamed TextStim: height = 25.0
201.6702 	EXP 	unnamed TextStim: height = 25.0
201.6702 	EXP 	unnamed TextStim: text = '↑'
203.4374 	DATA 	Keypress: up
203.4538 	EXP 	unnamed TextStim: height = 25.0
203.4538 	EXP 	unnamed TextStim: height = 25.0
203.4538 	EXP 	unnamed TextStim: height = 25.0
203.4538 	EXP 	unnamed TextStim: text = '←'
205.0543 	DATA 	Keypress: left
205.0706 	EXP 	unnamed TextStim: text = '←'
206.6542 	DATA 	Keypress: left
206.8216 	EXP 	Created unnamed ImageStim = ImageStim(__class__=<class 'psychopy.visual.image.ImageStim'>, anchor=('center', 'center'), autoLog=True, color=array([1., 1., 1.]), colorSpace='rgb', contrast=1.0, depth=0, flipHoriz=False, flipVert=False, image='break.jpg', interpolate=True, mask=None, maskParams=None, name='unnamed ImageStim', opacity=1.0, ori=0.0, pos=array([0., 0.]), size=array([1536.,  864.]), texRes=128, units='pix', win=Window(...))
207.4823 	DATA 	Keypress: space
207.4871 	EXP 	unnamed TextStim: height = 25.0
207.4871 	EXP 	unnamed TextStim: height = 25.0
207.4871 	EXP 	unnamed TextStim: height = 25.0
207.4871 	EXP 	unnamed TextStim: text = '↓'
209.2373 	EXP 	unnamed TextStim: height = 25.0
209.2373 	EXP 	unnamed TextStim: height = 25.0
209.2373 	EXP 	unnamed TextStim: height = 25.0
209.2373 	EXP 	unnamed TextStim: text = '↑'
209.3210 	DATA 	Keypress: down
210.8207 	EXP 	unnamed TextStim: height = 25.0
210.8207 	EXP 	unnamed TextStim: height = 25.0
210.8207 	EXP 	unnamed TextStim: height = 25.0
210.8207 	EXP 	unnamed TextStim: text = '↓'
210.8223 	DATA 	Keypress: up
212.4211 	DATA 	Keypress: down
212.4374 	EXP 	unnamed TextStim: height = 25.0
212.4374 	EXP 	unnamed TextStim: height = 25.0
212.4374 	EXP 	unnamed TextStim: height = 25.0
212.4374 	EXP 	unnamed TextStim: text = '→'
213.8045 	DATA 	Keypress: down
213.8209 	EXP 	unnamed TextStim: text = '→'
215.5376 	EXP 	unnamed TextStim: text = '→'
215.6220 	DATA 	Keypress: right
216.9392 	DATA 	Keypress: right
216.9709 	EXP 	unnamed TextStim: text = '→'
218.4377 	EXP 	unnamed TextStim: height = 25.0
218.4377 	EXP 	unnamed TextStim: height = 25.0
218.4377 	EXP 	unnamed TextStim: height = 25.0
218.4377 	EXP 	unnamed TextStim: text = '↑'
218.4885 	DATA 	Keypress: right
219.9210 	EXP 	unnamed TextStim: text = '↑'
219.9887 	DATA 	Keypress: up
221.5210 	EXP 	unnamed TextStim: height = 25.0
221.5210 	EXP 	unnamed TextStim: height = 25.0
221.5210 	EXP 	unnamed TextStim: height = 25.0
221.5210 	EXP 	unnamed TextStim: text = '→'
221.5384 	DATA 	Keypress: up
222.9546 	DATA 	Keypress: right
222.9712 	EXP 	unnamed TextStim: height = 25.0
222.9712 	EXP 	unnamed TextStim: height = 25.0
222.9712 	EXP 	unnamed TextStim: height = 25.0
222.9712 	EXP 	unnamed TextStim: text = '←'
224.5383 	DATA 	Keypress: left
224.5544 	EXP 	unnamed TextStim: text = '←'
226.1879 	EXP 	unnamed TextStim: height = 25.0
226.1879 	EXP 	unnamed TextStim: height = 25.0
226.1879 	EXP 	unnamed TextStim: height = 25.0
226.1879 	EXP 	unnamed TextStim: text = '↑'
227.8383 	EXP 	unnamed TextStim: height = 25.0
227.8383 	EXP 	unnamed TextStim: height = 25.0
227.8383 	EXP 	unnamed TextStim: height = 25.0
227.8383 	EXP 	unnamed TextStim: text = '↓'
229.2884 	DATA 	Keypress: left
229.3047 	EXP 	unnamed TextStim: height = 25.0
229.3047 	EXP 	unnamed TextStim: height = 25.0
229.3047 	EXP 	unnamed TextStim: height = 25.0
229.3047 	EXP 	unnamed TextStim: text = '→'
230.3717 	DATA 	Keypress: down
230.3880 	EXP 	unnamed TextStim: height = 25.0
230.3880 	EXP 	unnamed TextStim: height = 25.0
230.3880 	EXP 	unnamed TextStim: height = 25.0
230.3880 	EXP 	unnamed TextStim: text = '←'
231.8054 	DATA 	Keypress: left
231.8215 	EXP 	unnamed TextStim: height = 25.0
231.8215 	EXP 	unnamed TextStim: height = 25.0
231.8215 	EXP 	unnamed TextStim: height = 25.0
231.8215 	EXP 	unnamed TextStim: text = '↑'
233.2221 	DATA 	Keypress: up
233.2383 	EXP 	unnamed TextStim: height = 25.0
233.2383 	EXP 	unnamed TextStim: height = 25.0
233.2383 	EXP 	unnamed TextStim: height = 25.0
233.2383 	EXP 	unnamed TextStim: text = '→'
234.4887 	DATA 	Keypress: up
234.5051 	EXP 	unnamed TextStim: height = 25.0
234.5051 	EXP 	unnamed TextStim: height = 25.0
234.5051 	EXP 	unnamed TextStim: height = 25.0
234.5051 	EXP 	unnamed TextStim: text = '↑'
235.7388 	DATA 	Keypress: left
235.9019 	EXP 	Created unnamed ImageStim = ImageStim(__class__=<class 'psychopy.visual.image.ImageStim'>, anchor=('center', 'center'), autoLog=True, color=array([1., 1., 1.]), colorSpace='rgb', contrast=1.0, depth=0, flipHoriz=False, flipVert=False, image='break.jpg', interpolate=True, mask=None, maskParams=None, name='unnamed ImageStim', opacity=1.0, ori=0.0, pos=array([0., 0.]), size=array([1536.,  864.]), texRes=128, units='pix', win=Window(...))
235.9025 	DATA 	Keypress: up
236.6666 	DATA 	Keypress: space
236.6717 	EXP 	unnamed TextStim: height = 25.0
236.6717 	EXP 	unnamed TextStim: height = 25.0
236.6717 	EXP 	unnamed TextStim: height = 25.0
236.6717 	EXP 	unnamed TextStim: text = '→'
238.0056 	DATA 	Keypress: right
238.0218 	EXP 	unnamed TextStim: height = 25.0
238.0218 	EXP 	unnamed TextStim: height = 25.0
238.0218 	EXP 	unnamed TextStim: height = 25.0
238.0218 	EXP 	unnamed TextStim: text = '←'
239.3887 	DATA 	Keypress: up
239.4050 	EXP 	unnamed TextStim: text = '←'
240.7389 	DATA 	Keypress: right
240.7551 	EXP 	unnamed TextStim: height = 25.0
240.7551 	EXP 	unnamed TextStim: height = 25.0
240.7551 	EXP 	unnamed TextStim: height = 25.0
240.7551 	EXP 	unnamed TextStim: text = '→'
241.9557 	DATA 	Keypress: left
241.9719 	EXP 	unnamed TextStim: height = 25.0
241.9719 	EXP 	unnamed TextStim: height = 25.0
241.9719 	EXP 	unnamed TextStim: height = 25.0
241.9719 	EXP 	unnamed TextStim: text = '←'
243.5890 	DATA 	Keypress: left
243.6053 	EXP 	unnamed TextStim: text = '←'
245.6219 	EXP 	unnamed TextStim: height = 25.0
245.6219 	EXP 	unnamed TextStim: height = 25.0
245.6219 	EXP 	unnamed TextStim: height = 25.0
245.6219 	EXP 	unnamed TextStim: text = '→'
245.7891 	DATA 	Keypress: left
246.9559 	DATA 	Keypress: right
246.9720 	EXP 	unnamed TextStim: height = 25.0
246.9720 	EXP 	unnamed TextStim: height = 25.0
246.9720 	EXP 	unnamed TextStim: height = 25.0
246.9720 	EXP 	unnamed TextStim: text = '←'
248.4226 	DATA 	Keypress: right
248.4388 	EXP 	unnamed TextStim: text = '←'
249.8563 	DATA 	Keypress: left
249.8723 	EXP 	unnamed TextStim: text = '←'
251.1729 	DATA 	Keypress: right
251.1890 	EXP 	unnamed TextStim: text = '←'
252.8231 	DATA 	Keypress: left
252.8393 	EXP 	unnamed TextStim: text = '←'
254.5564 	DATA 	Keypress: left
254.5727 	EXP 	unnamed TextStim: height = 25.0
254.5727 	EXP 	unnamed TextStim: height = 25.0
254.5727 	EXP 	unnamed TextStim: height = 25.0
254.5727 	EXP 	unnamed TextStim: text = '↓'
255.8566 	DATA 	Keypress: left
255.8727 	EXP 	unnamed TextStim: height = 25.0
255.8727 	EXP 	unnamed TextStim: height = 25.0
255.8727 	EXP 	unnamed TextStim: height = 25.0
255.8727 	EXP 	unnamed TextStim: text = '→'
257.2398 	DATA 	Keypress: down
257.2560 	EXP 	unnamed TextStim: height = 25.0
257.2560 	EXP 	unnamed TextStim: height = 25.0
257.2560 	EXP 	unnamed TextStim: height = 25.0
257.2560 	EXP 	unnamed TextStim: text = '↑'
258.5900 	DATA 	Keypress: up
258.6060 	EXP 	unnamed TextStim: height = 25.0
258.6060 	EXP 	unnamed TextStim: height = 25.0
258.6060 	EXP 	unnamed TextStim: height = 25.0
258.6060 	EXP 	unnamed TextStim: text = '↓'
260.3901 	DATA 	Keypress: down
260.4062 	EXP 	unnamed TextStim: height = 25.0
260.4062 	EXP 	unnamed TextStim: height = 25.0
260.4062 	EXP 	unnamed TextStim: height = 25.0
260.4062 	EXP 	unnamed TextStim: text = '→'
261.9398 	DATA 	Keypress: left
261.9561 	EXP 	unnamed TextStim: height = 25.0
261.9561 	EXP 	unnamed TextStim: height = 25.0
261.9561 	EXP 	unnamed TextStim: height = 25.0
261.9561 	EXP 	unnamed TextStim: text = '↓'
263.4730 	DATA 	Keypress: down
263.4894 	EXP 	unnamed TextStim: height = 25.0
263.4894 	EXP 	unnamed TextStim: height = 25.0
263.4894 	EXP 	unnamed TextStim: height = 25.0
263.4894 	EXP 	unnamed TextStim: text = '↑'
265.0231 	DATA 	Keypress: up
265.1885 	EXP 	Created unnamed ImageStim = ImageStim(__class__=<class 'psychopy.visual.image.ImageStim'>, anchor=('center', 'center'), autoLog=True, color=array([1., 1., 1.]), colorSpace='rgb', contrast=1.0, depth=0, flipHoriz=False, flipVert=False, image='break.jpg', interpolate=True, mask=None, maskParams=None, name='unnamed ImageStim', opacity=1.0, ori=0.0, pos=array([0., 0.]), size=array([1536.,  864.]), texRes=128, units='pix', win=Window(...))
265.8718 	DATA 	Keypress: space
265.8895 	EXP 	unnamed TextStim: height = 25.0
265.8895 	EXP 	unnamed TextStim: height = 25.0
265.8895 	EXP 	unnamed TextStim: height = 25.0
265.8895 	EXP 	unnamed TextStim: text = '←'
267.3403 	DATA 	Keypress: left
267.3564 	EXP 	unnamed TextStim: height = 25.0
267.3564 	EXP 	unnamed TextStim: height = 25.0
267.3564 	EXP 	unnamed TextStim: height = 25.0
267.3564 	EXP 	unnamed TextStim: text = '↑'
268.5568 	DATA 	Keypress: right
268.5732 	EXP 	unnamed TextStim: height = 25.0
268.5732 	EXP 	unnamed TextStim: height = 25.0
268.5732 	EXP 	unnamed TextStim: height = 25.0
268.5732 	EXP 	unnamed TextStim: text = '→'
270.0905 	DATA 	Keypress: up
270.1066 	EXP 	unnamed TextStim: height = 25.0
270.1066 	EXP 	unnamed TextStim: height = 25.0
270.1066 	EXP 	unnamed TextStim: height = 25.0
270.1066 	EXP 	unnamed TextStim: text = '↓'
271.9406 	DATA 	Keypress: down
271.9565 	EXP 	unnamed TextStim: height = 25.0
271.9565 	EXP 	unnamed TextStim: height = 25.0
271.9565 	EXP 	unnamed TextStim: height = 25.0
271.9565 	EXP 	unnamed TextStim: text = '→'
273.4572 	DATA 	Keypress: down
273.4610 	DATA 	Keypress: right
273.4734 	EXP 	unnamed TextStim: height = 25.0
273.4734 	EXP 	unnamed TextStim: height = 25.0
273.4734 	EXP 	unnamed TextStim: height = 25.0
273.4734 	EXP 	unnamed TextStim: text = '↑'
274.8404 	DATA 	Keypress: left
274.8568 	EXP 	unnamed TextStim: height = 25.0
274.8568 	EXP 	unnamed TextStim: height = 25.0
274.8568 	EXP 	unnamed TextStim: height = 25.0
274.8568 	EXP 	unnamed TextStim: text = '←'
276.2758 	DATA 	Keypress: left
276.3068 	EXP 	unnamed TextStim: height = 25.0
276.3068 	EXP 	unnamed TextStim: height = 25.0
276.3068 	EXP 	unnamed TextStim: height = 25.0
276.3068 	EXP 	unnamed TextStim: text = '↑'
278.0907 	DATA 	Keypress: up
278.1069 	EXP 	unnamed TextStim: height = 25.0
278.1069 	EXP 	unnamed TextStim: height = 25.0
278.1069 	EXP 	unnamed TextStim: height = 25.0
278.1069 	EXP 	unnamed TextStim: text = '←'
279.6238 	DATA 	Keypress: left
279.6405 	EXP 	unnamed TextStim: height = 25.0
279.6405 	EXP 	unnamed TextStim: height = 25.0
279.6405 	EXP 	unnamed TextStim: height = 25.0
279.6405 	EXP 	unnamed TextStim: text = '↓'
281.5239 	DATA 	Keypress: down
281.5402 	EXP 	unnamed TextStim: text = '↓'
283.0074 	DATA 	Keypress: right
283.0237 	EXP 	unnamed TextStim: height = 25.0
283.0237 	EXP 	unnamed TextStim: height = 25.0
283.0237 	EXP 	unnamed TextStim: height = 25.0
283.0237 	EXP 	unnamed TextStim: text = '→'
284.5425 	DATA 	Keypress: left
284.5738 	EXP 	unnamed TextStim: height = 25.0
284.5738 	EXP 	unnamed TextStim: height = 25.0
284.5738 	EXP 	unnamed TextStim: height = 25.0
284.5738 	EXP 	unnamed TextStim: text = '↓'
286.0077 	DATA 	Keypress: down
286.0239 	EXP 	unnamed TextStim: text = '↓'
287.7576 	DATA 	Keypress: down
287.7739 	EXP 	unnamed TextStim: height = 25.0
287.7739 	EXP 	unnamed TextStim: height = 25.0
287.7739 	EXP 	unnamed TextStim: height = 25.0
287.7739 	EXP 	unnamed TextStim: text = '↑'
289.7573 	EXP 	unnamed TextStim: height = 25.0
289.7573 	EXP 	unnamed TextStim: height = 25.0
289.7573 	EXP 	unnamed TextStim: height = 25.0
289.7573 	EXP 	unnamed TextStim: text = '←'
291.1078 	DATA 	Keypress: up
291.1241 	EXP 	unnamed TextStim: text = '←'
292.7080 	DATA 	Keypress: right
292.7241 	EXP 	unnamed TextStim: height = 25.0
292.7241 	EXP 	unnamed TextStim: height = 25.0
292.7241 	EXP 	unnamed TextStim: height = 25.0
292.7241 	EXP 	unnamed TextStim: text = '↑'
294.2247 	DATA 	Keypress: up
294.2409 	EXP 	unnamed TextStim: height = 25.0
294.2409 	EXP 	unnamed TextStim: height = 25.0
294.2409 	EXP 	unnamed TextStim: height = 25.0
294.2409 	EXP 	unnamed TextStim: text = '↓'
295.6580 	DATA 	Keypress: down
295.8188 	EXP 	Created unnamed ImageStim = ImageStim(__class__=<class 'psychopy.visual.image.ImageStim'>, anchor=('center', 'center'), autoLog=True, color=array([1., 1., 1.]), colorSpace='rgb', contrast=1.0, depth=0, flipHoriz=False, flipVert=False, image='break.jpg', interpolate=True, mask=None, maskParams=None, name='unnamed ImageStim', opacity=1.0, ori=0.0, pos=array([0., 0.]), size=array([1536.,  864.]), texRes=128, units='pix', win=Window(...))
296.7638 	DATA 	Keypress: space
296.7740 	EXP 	unnamed TextStim: height = 25.0
296.7740 	EXP 	unnamed TextStim: height = 25.0
296.7740 	EXP 	unnamed TextStim: height = 25.0
296.7740 	EXP 	unnamed TextStim: text = '↑'
298.1914 	DATA 	Keypress: left
298.2076 	EXP 	unnamed TextStim: height = 25.0
298.2076 	EXP 	unnamed TextStim: height = 25.0
298.2076 	EXP 	unnamed TextStim: height = 25.0
298.2076 	EXP 	unnamed TextStim: text = '←'
298.2591 	DATA 	Keypress: up
299.7247 	DATA 	Keypress: left
299.7409 	EXP 	unnamed TextStim: text = '←'
301.0749 	DATA 	Keypress: left
301.0909 	EXP 	unnamed TextStim: height = 25.0
301.0909 	EXP 	unnamed TextStim: height = 25.0
301.0909 	EXP 	unnamed TextStim: height = 25.0
301.0909 	EXP 	unnamed TextStim: text = '↓'
302.2766 	DATA 	Keypress: left
302.3078 	EXP 	unnamed TextStim: height = 25.0
302.3078 	EXP 	unnamed TextStim: height = 25.0
302.3078 	EXP 	unnamed TextStim: height = 25.0
302.3078 	EXP 	unnamed TextStim: text = '↑'
304.3244 	EXP 	unnamed TextStim: height = 25.0
304.3244 	EXP 	unnamed TextStim: height = 25.0
304.3244 	EXP 	unnamed TextStim: height = 25.0
304.3244 	EXP 	unnamed TextStim: text = '→'
305.9417 	DATA 	Keypress: right
305.9579 	EXP 	unnamed TextStim: text = '→'
307.4584 	DATA 	Keypress: down
307.4747 	EXP 	unnamed TextStim: height = 25.0
307.4747 	EXP 	unnamed TextStim: height = 25.0
307.4747 	EXP 	unnamed TextStim: height = 25.0
307.4747 	EXP 	unnamed TextStim: text = '↓'
309.1085 	DATA 	Keypress: down
309.1247 	EXP 	unnamed TextStim: text = '↓'
310.5419 	DATA 	Keypress: down
310.5581 	EXP 	unnamed TextStim: height = 25.0
310.5581 	EXP 	unnamed TextStim: height = 25.0
310.5581 	EXP 	unnamed TextStim: height = 25.0
310.5581 	EXP 	unnamed TextStim: text = '→'
312.0420 	DATA 	Keypress: right
312.0582 	EXP 	unnamed TextStim: text = '→'
313.5754 	DATA 	Keypress: right
313.5914 	EXP 	unnamed TextStim: height = 25.0
313.5914 	EXP 	unnamed TextStim: height = 25.0
313.5914 	EXP 	unnamed TextStim: height = 25.0
313.5914 	EXP 	unnamed TextStim: text = '↓'
314.8754 	DATA 	Keypress: down
314.8916 	EXP 	unnamed TextStim: height = 25.0
314.8916 	EXP 	unnamed TextStim: height = 25.0
314.8916 	EXP 	unnamed TextStim: height = 25.0
314.8916 	EXP 	unnamed TextStim: text = '→'
316.2607 	DATA 	Keypress: right
316.2916 	EXP 	unnamed TextStim: text = '→'
318.0089 	DATA 	Keypress: right
318.0251 	EXP 	unnamed TextStim: text = '→'
319.5423 	DATA 	Keypress: down
319.5584 	EXP 	unnamed TextStim: height = 25.0
319.5584 	EXP 	unnamed TextStim: height = 25.0
319.5584 	EXP 	unnamed TextStim: height = 25.0
319.5584 	EXP 	unnamed TextStim: text = '↓'
319.6262 	DATA 	Keypress: right
320.7590 	DATA 	Keypress: down
320.7752 	EXP 	unnamed TextStim: text = '↓'
322.1423 	DATA 	Keypress: down
322.1585 	EXP 	unnamed TextStim: height = 25.0
322.1585 	EXP 	unnamed TextStim: height = 25.0
322.1585 	EXP 	unnamed TextStim: height = 25.0
322.1585 	EXP 	unnamed TextStim: text = '↑'
323.7091 	DATA 	Keypress: up
323.7253 	EXP 	unnamed TextStim: height = 25.0
323.7253 	EXP 	unnamed TextStim: height = 25.0
323.7253 	EXP 	unnamed TextStim: height = 25.0
323.7253 	EXP 	unnamed TextStim: text = '→'
325.3426 	DATA 	Keypress: right
325.5007 	EXP 	Created unnamed ImageStim = ImageStim(__class__=<class 'psychopy.visual.image.ImageStim'>, anchor=('center', 'center'), autoLog=True, color=array([1., 1., 1.]), colorSpace='rgb', contrast=1.0, depth=0, flipHoriz=False, flipVert=False, image='break.jpg', interpolate=True, mask=None, maskParams=None, name='unnamed ImageStim', opacity=1.0, ori=0.0, pos=array([0., 0.]), size=array([1536.,  864.]), texRes=128, units='pix', win=Window(...))
326.1637 	DATA 	Keypress: space
326.1752 	EXP 	unnamed TextStim: height = 25.0
326.1752 	EXP 	unnamed TextStim: height = 25.0
326.1752 	EXP 	unnamed TextStim: height = 25.0
326.1752 	EXP 	unnamed TextStim: text = '↓'
328.1587 	EXP 	unnamed TextStim: height = 25.0
328.1587 	EXP 	unnamed TextStim: height = 25.0
328.1587 	EXP 	unnamed TextStim: height = 25.0
328.1587 	EXP 	unnamed TextStim: text = '↑'
329.8093 	DATA 	Keypress: up
329.8254 	EXP 	unnamed TextStim: height = 25.0
329.8254 	EXP 	unnamed TextStim: height = 25.0
329.8254 	EXP 	unnamed TextStim: height = 25.0
329.8254 	EXP 	unnamed TextStim: text = '↓'
331.2760 	DATA 	Keypress: down
331.2923 	EXP 	unnamed TextStim: height = 25.0
331.2923 	EXP 	unnamed TextStim: height = 25.0
331.2923 	EXP 	unnamed TextStim: height = 25.0
331.2923 	EXP 	unnamed TextStim: text = '↑'
332.5762 	DATA 	Keypress: up
332.5923 	EXP 	unnamed TextStim: text = '↑'
334.3277 	DATA 	Keypress: up
334.3591 	EXP 	unnamed TextStim: height = 25.0
334.3591 	EXP 	unnamed TextStim: height = 25.0
334.3591 	EXP 	unnamed TextStim: height = 25.0
334.3591 	EXP 	unnamed TextStim: text = '↓'
336.1093 	DATA 	Keypress: down
336.1258 	EXP 	unnamed TextStim: text = '↓'
337.5263 	DATA 	Keypress: down
337.5424 	EXP 	unnamed TextStim: text = '↓'
338.9944 	DATA 	Keypress: down
339.0259 	EXP 	unnamed TextStim: height = 25.0
339.0259 	EXP 	unnamed TextStim: height = 25.0
339.0259 	EXP 	unnamed TextStim: height = 25.0
339.0259 	EXP 	unnamed TextStim: text = '←'
340.5265 	DATA 	Keypress: left
340.5424 	EXP 	unnamed TextStim: height = 25.0
340.5424 	EXP 	unnamed TextStim: height = 25.0
340.5424 	EXP 	unnamed TextStim: height = 25.0
340.5424 	EXP 	unnamed TextStim: text = '↓'
342.2099 	DATA 	Keypress: down
342.2258 	EXP 	unnamed TextStim: height = 25.0
342.2258 	EXP 	unnamed TextStim: height = 25.0
342.2258 	EXP 	unnamed TextStim: height = 25.0
342.2258 	EXP 	unnamed TextStim: text = '↑'
343.9598 	DATA 	Keypress: up
343.9761 	EXP 	unnamed TextStim: height = 25.0
343.9761 	EXP 	unnamed TextStim: height = 25.0
343.9761 	EXP 	unnamed TextStim: height = 25.0
343.9761 	EXP 	unnamed TextStim: text = '←'
345.4100 	DATA 	Keypress: left
345.4260 	EXP 	unnamed TextStim: height = 25.0
345.4260 	EXP 	unnamed TextStim: height = 25.0
345.4260 	EXP 	unnamed TextStim: height = 25.0
345.4260 	EXP 	unnamed TextStim: text = '↑'
346.9600 	DATA 	Keypress: up
346.9759 	EXP 	unnamed TextStim: text = '↑'
348.4768 	DATA 	Keypress: up
348.4928 	EXP 	unnamed TextStim: height = 25.0
348.4928 	EXP 	unnamed TextStim: height = 25.0
348.4928 	EXP 	unnamed TextStim: height = 25.0
348.4928 	EXP 	unnamed TextStim: text = '←'
350.1769 	DATA 	Keypress: left
350.1929 	EXP 	unnamed TextStim: height = 25.0
350.1929 	EXP 	unnamed TextStim: height = 25.0
350.1929 	EXP 	unnamed TextStim: height = 25.0
350.1929 	EXP 	unnamed TextStim: text = '→'
351.7102 	DATA 	Keypress: right
351.7263 	EXP 	unnamed TextStim: height = 25.0
351.7263 	EXP 	unnamed TextStim: height = 25.0
351.7263 	EXP 	unnamed TextStim: height = 25.0
351.7263 	EXP 	unnamed TextStim: text = '←'
353.0102 	DATA 	Keypress: left
353.0264 	EXP 	unnamed TextStim: height = 25.0
353.0264 	EXP 	unnamed TextStim: height = 25.0
353.0264 	EXP 	unnamed TextStim: height = 25.0
353.0264 	EXP 	unnamed TextStim: text = '↑'
354.7269 	DATA 	Keypress: left
354.7431 	EXP 	unnamed TextStim: height = 25.0
354.7431 	EXP 	unnamed TextStim: height = 25.0
354.7431 	EXP 	unnamed TextStim: height = 25.0
354.7431 	EXP 	unnamed TextStim: text = '→'
354.9276 	DATA 	Keypress: up
356.1104 	DATA 	Keypress: right
356.2689 	EXP 	Created unnamed ImageStim = ImageStim(__class__=<class 'psychopy.visual.image.ImageStim'>, anchor=('center', 'center'), autoLog=True, color=array([1., 1., 1.]), colorSpace='rgb', contrast=1.0, depth=0, flipHoriz=False, flipVert=False, image='break.jpg', interpolate=True, mask=None, maskParams=None, name='unnamed ImageStim', opacity=1.0, ori=0.0, pos=array([0., 0.]), size=array([1536.,  864.]), texRes=128, units='pix', win=Window(...))
356.9084 	DATA 	Keypress: space
356.9113 	EXP 	unnamed TextStim: height = 25.0
356.9113 	EXP 	unnamed TextStim: height = 25.0
356.9113 	EXP 	unnamed TextStim: height = 25.0
356.9113 	EXP 	unnamed TextStim: text = '←'
358.8605 	DATA 	Keypress: left
358.8764 	EXP 	unnamed TextStim: height = 25.0
358.8764 	EXP 	unnamed TextStim: height = 25.0
358.8764 	EXP 	unnamed TextStim: height = 25.0
358.8764 	EXP 	unnamed TextStim: text = '↓'
360.1787 	DATA 	Keypress: up
360.2100 	EXP 	unnamed TextStim: height = 25.0
360.2100 	EXP 	unnamed TextStim: height = 25.0
360.2100 	EXP 	unnamed TextStim: height = 25.0
360.2100 	EXP 	unnamed TextStim: text = '→'
361.8453 	DATA 	Keypress: right
361.8766 	EXP 	unnamed TextStim: height = 25.0
361.8766 	EXP 	unnamed TextStim: height = 25.0
361.8766 	EXP 	unnamed TextStim: height = 25.0
361.8766 	EXP 	unnamed TextStim: text = '←'
363.3288 	DATA 	Keypress: left
363.3601 	EXP 	unnamed TextStim: height = 25.0
363.3601 	EXP 	unnamed TextStim: height = 25.0
363.3601 	EXP 	unnamed TextStim: height = 25.0
363.3601 	EXP 	unnamed TextStim: text = '→'
365.0623 	DATA 	Keypress: right
365.0934 	EXP 	unnamed TextStim: height = 25.0
365.0934 	EXP 	unnamed TextStim: height = 25.0
365.0934 	EXP 	unnamed TextStim: height = 25.0
365.0934 	EXP 	unnamed TextStim: text = '↓'
366.6107 	DATA 	Keypress: down
366.6274 	EXP 	unnamed TextStim: text = '↓'
368.2942 	DATA 	Keypress: down
368.3103 	EXP 	unnamed TextStim: text = '↓'
369.8109 	DATA 	Keypress: down
369.8270 	EXP 	unnamed TextStim: text = '↓'
371.3110 	DATA 	Keypress: down
371.3271 	EXP 	unnamed TextStim: height = 25.0
371.3271 	EXP 	unnamed TextStim: height = 25.0
371.3271 	EXP 	unnamed TextStim: height = 25.0
371.3271 	EXP 	unnamed TextStim: text = '↑'
373.0444 	DATA 	Keypress: up
373.0605 	EXP 	unnamed TextStim: height = 25.0
373.0605 	EXP 	unnamed TextStim: height = 25.0
373.0605 	EXP 	unnamed TextStim: height = 25.0
373.0605 	EXP 	unnamed TextStim: text = '↓'
374.7778 	DATA 	Keypress: down
374.7939 	EXP 	unnamed TextStim: text = '↓'
376.4111 	DATA 	Keypress: down
376.4273 	EXP 	unnamed TextStim: height = 25.0
376.4273 	EXP 	unnamed TextStim: height = 25.0
376.4273 	EXP 	unnamed TextStim: height = 25.0
376.4273 	EXP 	unnamed TextStim: text = '←'
377.9130 	DATA 	Keypress: left
377.9440 	EXP 	unnamed TextStim: height = 25.0
377.9440 	EXP 	unnamed TextStim: height = 25.0
377.9440 	EXP 	unnamed TextStim: height = 25.0
377.9440 	EXP 	unnamed TextStim: text = '↓'
379.5295 	DATA 	Keypress: down
379.5607 	EXP 	unnamed TextStim: height = 25.0
379.5607 	EXP 	unnamed TextStim: height = 25.0
379.5607 	EXP 	unnamed TextStim: height = 25.0
379.5607 	EXP 	unnamed TextStim: text = '↑'
381.2948 	DATA 	Keypress: up
381.3108 	EXP 	unnamed TextStim: height = 25.0
381.3108 	EXP 	unnamed TextStim: height = 25.0
381.3108 	EXP 	unnamed TextStim: height = 25.0
381.3108 	EXP 	unnamed TextStim: text = '↓'
382.9280 	DATA 	Keypress: left
382.9442 	EXP 	unnamed TextStim: height = 25.0
382.9442 	EXP 	unnamed TextStim: height = 25.0
382.9442 	EXP 	unnamed TextStim: height = 25.0
382.9442 	EXP 	unnamed TextStim: text = '←'
384.4947 	DATA 	Keypress: left
384.5109 	EXP 	unnamed TextStim: height = 25.0
384.5109 	EXP 	unnamed TextStim: height = 25.0
384.5109 	EXP 	unnamed TextStim: height = 25.0
384.5109 	EXP 	unnamed TextStim: text = '↑'
386.1115 	DATA 	Keypress: up
386.1276 	EXP 	unnamed TextStim: height = 25.0
386.1276 	EXP 	unnamed TextStim: height = 25.0
386.1276 	EXP 	unnamed TextStim: height = 25.0
386.1276 	EXP 	unnamed TextStim: text = '↓'
387.7450 	DATA 	Keypress: down
387.9033 	EXP 	Created unnamed ImageStim = ImageStim(__class__=<class 'psychopy.visual.image.ImageStim'>, anchor=('center', 'center'), autoLog=True, color=array([1., 1., 1.]), colorSpace='rgb', contrast=1.0, depth=0, flipHoriz=False, flipVert=False, image='break.jpg', interpolate=True, mask=None, maskParams=None, name='unnamed ImageStim', opacity=1.0, ori=0.0, pos=array([0., 0.]), size=array([1536.,  864.]), texRes=128, units='pix', win=Window(...))
388.5844 	DATA 	Keypress: space
388.5942 	EXP 	unnamed TextStim: height = 25.0
388.5942 	EXP 	unnamed TextStim: height = 25.0
388.5942 	EXP 	unnamed TextStim: height = 25.0
388.5942 	EXP 	unnamed TextStim: text = '→'
390.0967 	DATA 	Keypress: left
390.1278 	EXP 	unnamed TextStim: height = 25.0
390.1278 	EXP 	unnamed TextStim: height = 25.0
390.1278 	EXP 	unnamed TextStim: height = 25.0
390.1278 	EXP 	unnamed TextStim: text = '↓'
391.8450 	DATA 	Keypress: down
391.8612 	EXP 	unnamed TextStim: height = 25.0
391.8612 	EXP 	unnamed TextStim: height = 25.0
391.8612 	EXP 	unnamed TextStim: height = 25.0
391.8612 	EXP 	unnamed TextStim: text = '←'
393.2950 	DATA 	Keypress: left
393.3112 	EXP 	unnamed TextStim: height = 25.0
393.3112 	EXP 	unnamed TextStim: height = 25.0
393.3112 	EXP 	unnamed TextStim: height = 25.0
393.3112 	EXP 	unnamed TextStim: text = '↑'
394.9785 	DATA 	Keypress: up
394.9944 	EXP 	unnamed TextStim: height = 25.0
394.9944 	EXP 	unnamed TextStim: height = 25.0
394.9944 	EXP 	unnamed TextStim: height = 25.0
394.9944 	EXP 	unnamed TextStim: text = '→'
396.6619 	DATA 	Keypress: right
396.6781 	EXP 	unnamed TextStim: height = 25.0
396.6781 	EXP 	unnamed TextStim: height = 25.0
396.6781 	EXP 	unnamed TextStim: height = 25.0
396.6781 	EXP 	unnamed TextStim: text = '↓'
398.6119 	DATA 	Keypress: down
398.6280 	EXP 	unnamed TextStim: text = '↓'
400.2286 	DATA 	Keypress: down
400.2448 	EXP 	unnamed TextStim: text = '↓'
401.6303 	DATA 	Keypress: down
401.6449 	EXP 	unnamed TextStim: height = 25.0
401.6449 	EXP 	unnamed TextStim: height = 25.0
401.6449 	EXP 	unnamed TextStim: height = 25.0
401.6449 	EXP 	unnamed TextStim: text = '←'
403.3287 	DATA 	Keypress: left
403.3449 	EXP 	unnamed TextStim: height = 25.0
403.3449 	EXP 	unnamed TextStim: height = 25.0
403.3449 	EXP 	unnamed TextStim: height = 25.0
403.3449 	EXP 	unnamed TextStim: text = '↑'
404.9121 	DATA 	Keypress: up
404.9283 	EXP 	unnamed TextStim: height = 25.0
404.9283 	EXP 	unnamed TextStim: height = 25.0
404.9283 	EXP 	unnamed TextStim: height = 25.0
404.9283 	EXP 	unnamed TextStim: text = '←'
406.5456 	DATA 	Keypress: left
406.5616 	EXP 	unnamed TextStim: height = 25.0
406.5616 	EXP 	unnamed TextStim: height = 25.0
406.5616 	EXP 	unnamed TextStim: height = 25.0
406.5616 	EXP 	unnamed TextStim: text = '↓'
408.1790 	DATA 	Keypress: down
408.1951 	EXP 	unnamed TextStim: height = 25.0
408.1951 	EXP 	unnamed TextStim: height = 25.0
408.1951 	EXP 	unnamed TextStim: height = 25.0
408.1951 	EXP 	unnamed TextStim: text = '↑'
409.8791 	DATA 	Keypress: up
409.8951 	EXP 	unnamed TextStim: height = 25.0
409.8951 	EXP 	unnamed TextStim: height = 25.0
409.8951 	EXP 	unnamed TextStim: height = 25.0
409.8951 	EXP 	unnamed TextStim: text = '↓'
411.3957 	DATA 	Keypress: down
411.4119 	EXP 	unnamed TextStim: height = 25.0
411.4119 	EXP 	unnamed TextStim: height = 25.0
411.4119 	EXP 	unnamed TextStim: height = 25.0
411.4119 	EXP 	unnamed TextStim: text = '↑'
413.0124 	DATA 	Keypress: left
413.0287 	EXP 	unnamed TextStim: height = 25.0
413.0287 	EXP 	unnamed TextStim: height = 25.0
413.0287 	EXP 	unnamed TextStim: height = 25.0
413.0287 	EXP 	unnamed TextStim: text = '←'
414.7790 	DATA 	Keypress: left
414.7951 	EXP 	unnamed TextStim: height = 25.0
414.7951 	EXP 	unnamed TextStim: height = 25.0
414.7951 	EXP 	unnamed TextStim: height = 25.0
414.7951 	EXP 	unnamed TextStim: text = '↓'
416.5979 	DATA 	Keypress: down
416.6287 	EXP 	unnamed TextStim: height = 25.0
416.6287 	EXP 	unnamed TextStim: height = 25.0
416.6287 	EXP 	unnamed TextStim: height = 25.0
416.6287 	EXP 	unnamed TextStim: text = '↑'
418.3792 	DATA 	Keypress: up
418.3955 	EXP 	unnamed TextStim: height = 25.0
418.3955 	EXP 	unnamed TextStim: height = 25.0
418.3955 	EXP 	unnamed TextStim: height = 25.0
418.3955 	EXP 	unnamed TextStim: text = '→'
420.2627 	DATA 	Keypress: right
420.4164 	EXP 	Created unnamed ImageStim = ImageStim(__class__=<class 'psychopy.visual.image.ImageStim'>, anchor=('center', 'center'), autoLog=True, color=array([1., 1., 1.]), colorSpace='rgb', contrast=1.0, depth=0, flipHoriz=False, flipVert=False, image='break.jpg', interpolate=True, mask=None, maskParams=None, name='unnamed ImageStim', opacity=1.0, ori=0.0, pos=array([0., 0.]), size=array([1536.,  864.]), texRes=128, units='pix', win=Window(...))
421.1002 	DATA 	Keypress: space
421.1122 	EXP 	unnamed TextStim: height = 25.0
421.1122 	EXP 	unnamed TextStim: height = 25.0
421.1122 	EXP 	unnamed TextStim: height = 25.0
421.1122 	EXP 	unnamed TextStim: text = '↓'
422.7628 	DATA 	Keypress: down
422.7790 	EXP 	unnamed TextStim: text = '↓'
424.6463 	DATA 	Keypress: down
424.6624 	EXP 	unnamed TextStim: height = 25.0
424.6624 	EXP 	unnamed TextStim: height = 25.0
424.6624 	EXP 	unnamed TextStim: height = 25.0
424.6624 	EXP 	unnamed TextStim: text = '←'
426.3130 	DATA 	Keypress: left
426.3292 	EXP 	unnamed TextStim: height = 25.0
426.3292 	EXP 	unnamed TextStim: height = 25.0
426.3292 	EXP 	unnamed TextStim: height = 25.0
426.3292 	EXP 	unnamed TextStim: text = '→'
427.9298 	DATA 	Keypress: right
427.9459 	EXP 	unnamed TextStim: height = 25.0
427.9459 	EXP 	unnamed TextStim: height = 25.0
427.9459 	EXP 	unnamed TextStim: height = 25.0
427.9459 	EXP 	unnamed TextStim: text = '←'
429.5646 	DATA 	Keypress: left
429.5959 	EXP 	unnamed TextStim: text = '←'
431.1632 	DATA 	Keypress: left
431.1800 	EXP 	unnamed TextStim: height = 25.0
431.1800 	EXP 	unnamed TextStim: height = 25.0
431.1800 	EXP 	unnamed TextStim: height = 25.0
431.1800 	EXP 	unnamed TextStim: text = '↓'
432.4466 	DATA 	Keypress: down
432.4627 	EXP 	unnamed TextStim: height = 25.0
432.4627 	EXP 	unnamed TextStim: height = 25.0
432.4627 	EXP 	unnamed TextStim: height = 25.0
432.4627 	EXP 	unnamed TextStim: text = '←'
434.2648 	DATA 	Keypress: left
434.2959 	EXP 	unnamed TextStim: height = 25.0
434.2959 	EXP 	unnamed TextStim: height = 25.0
434.2959 	EXP 	unnamed TextStim: height = 25.0
434.2959 	EXP 	unnamed TextStim: text = '→'
435.9302 	DATA 	Keypress: right
435.9461 	EXP 	unnamed TextStim: height = 25.0
435.9461 	EXP 	unnamed TextStim: height = 25.0
435.9461 	EXP 	unnamed TextStim: height = 25.0
435.9461 	EXP 	unnamed TextStim: text = '↑'
437.4650 	DATA 	Keypress: up
437.4962 	EXP 	unnamed TextStim: text = '↑'
439.2302 	DATA 	Keypress: up
439.2460 	EXP 	unnamed TextStim: height = 25.0
439.2460 	EXP 	unnamed TextStim: height = 25.0
439.2460 	EXP 	unnamed TextStim: height = 25.0
439.2460 	EXP 	unnamed TextStim: text = '↓'
441.1137 	DATA 	Keypress: down
441.1297 	EXP 	unnamed TextStim: height = 25.0
441.1297 	EXP 	unnamed TextStim: height = 25.0
441.1297 	EXP 	unnamed TextStim: height = 25.0
441.1297 	EXP 	unnamed TextStim: text = '←'
442.9303 	DATA 	Keypress: left
442.9465 	EXP 	unnamed TextStim: height = 25.0
442.9465 	EXP 	unnamed TextStim: height = 25.0
442.9465 	EXP 	unnamed TextStim: height = 25.0
442.9465 	EXP 	unnamed TextStim: text = '↓'
444.6135 	DATA 	Keypress: down
444.6298 	EXP 	unnamed TextStim: height = 25.0
444.6298 	EXP 	unnamed TextStim: height = 25.0
444.6298 	EXP 	unnamed TextStim: height = 25.0
444.6298 	EXP 	unnamed TextStim: text = '→'
446.2304 	DATA 	Keypress: right
446.2466 	EXP 	unnamed TextStim: text = '→'
447.7472 	DATA 	Keypress: left
447.7633 	EXP 	unnamed TextStim: height = 25.0
447.7633 	EXP 	unnamed TextStim: height = 25.0
447.7633 	EXP 	unnamed TextStim: height = 25.0
447.7633 	EXP 	unnamed TextStim: text = '↓'
449.5139 	DATA 	Keypress: down
449.5300 	EXP 	unnamed TextStim: height = 25.0
449.5300 	EXP 	unnamed TextStim: height = 25.0
449.5300 	EXP 	unnamed TextStim: height = 25.0
449.5300 	EXP 	unnamed TextStim: text = '←'
451.2804 	DATA 	Keypress: left
451.2967 	EXP 	unnamed TextStim: height = 25.0
451.2967 	EXP 	unnamed TextStim: height = 25.0
451.2967 	EXP 	unnamed TextStim: height = 25.0
451.2967 	EXP 	unnamed TextStim: text = '↑'
452.8656 	DATA 	Keypress: up
453.0431 	EXP 	Created unnamed ImageStim = ImageStim(__class__=<class 'psychopy.visual.image.ImageStim'>, anchor=('center', 'center'), autoLog=True, color=array([1., 1., 1.]), colorSpace='rgb', contrast=1.0, depth=0, flipHoriz=False, flipVert=False, image='break.jpg', interpolate=True, mask=None, maskParams=None, name='unnamed ImageStim', opacity=1.0, ori=0.0, pos=array([0., 0.]), size=array([1536.,  864.]), texRes=128, units='pix', win=Window(...))
453.0436 	DATA 	Keypress: right
454.3621 	DATA 	Keypress: space
454.3674 	EXP 	unnamed TextStim: height = 25.0
454.3674 	EXP 	unnamed TextStim: height = 25.0
454.3674 	EXP 	unnamed TextStim: height = 25.0
454.3674 	EXP 	unnamed TextStim: text = '←'
456.2309 	DATA 	Keypress: left
456.2470 	EXP 	unnamed TextStim: text = '←'
457.6641 	DATA 	Keypress: left
457.6803 	EXP 	unnamed TextStim: text = '←'
459.5642 	DATA 	Keypress: left
459.5804 	EXP 	unnamed TextStim: height = 25.0
459.5804 	EXP 	unnamed TextStim: height = 25.0
459.5804 	EXP 	unnamed TextStim: height = 25.0
459.5804 	EXP 	unnamed TextStim: text = '↓'
461.4145 	DATA 	Keypress: down
461.4305 	EXP 	unnamed TextStim: height = 25.0
461.4305 	EXP 	unnamed TextStim: height = 25.0
461.4305 	EXP 	unnamed TextStim: height = 25.0
461.4305 	EXP 	unnamed TextStim: text = '→'
462.8161 	DATA 	Keypress: left
462.8472 	EXP 	unnamed TextStim: text = '→'
464.1643 	DATA 	Keypress: right
464.1806 	EXP 	unnamed TextStim: text = '→'
465.6477 	DATA 	Keypress: right
465.6640 	EXP 	unnamed TextStim: height = 25.0
465.6640 	EXP 	unnamed TextStim: height = 25.0
465.6640 	EXP 	unnamed TextStim: height = 25.0
465.6640 	EXP 	unnamed TextStim: text = '↑'
467.1645 	DATA 	Keypress: up
467.1807 	EXP 	unnamed TextStim: height = 25.0
467.1807 	EXP 	unnamed TextStim: height = 25.0
467.1807 	EXP 	unnamed TextStim: height = 25.0
467.1807 	EXP 	unnamed TextStim: text = '←'
468.9812 	DATA 	Keypress: left
468.9975 	EXP 	unnamed TextStim: height = 25.0
468.9975 	EXP 	unnamed TextStim: height = 25.0
468.9975 	EXP 	unnamed TextStim: height = 25.0
468.9975 	EXP 	unnamed TextStim: text = '↓'
470.9480 	DATA 	Keypress: down
470.9642 	EXP 	unnamed TextStim: height = 25.0
470.9642 	EXP 	unnamed TextStim: height = 25.0
470.9642 	EXP 	unnamed TextStim: height = 25.0
470.9642 	EXP 	unnamed TextStim: text = '↑'
472.4814 	DATA 	Keypress: up
472.4976 	EXP 	unnamed TextStim: height = 25.0
472.4976 	EXP 	unnamed TextStim: height = 25.0
472.4976 	EXP 	unnamed TextStim: height = 25.0
472.4976 	EXP 	unnamed TextStim: text = '→'
473.9982 	DATA 	Keypress: left
474.0143 	EXP 	unnamed TextStim: text = '→'
475.6334 	DATA 	Keypress: right
475.6643 	EXP 	unnamed TextStim: height = 25.0
475.6643 	EXP 	unnamed TextStim: height = 25.0
475.6643 	EXP 	unnamed TextStim: height = 25.0
475.6643 	EXP 	unnamed TextStim: text = '↓'
477.3834 	DATA 	Keypress: down
477.4144 	EXP 	unnamed TextStim: height = 25.0
477.4144 	EXP 	unnamed TextStim: height = 25.0
477.4144 	EXP 	unnamed TextStim: height = 25.0
477.4144 	EXP 	unnamed TextStim: text = '↑'
479.0144 	DATA 	Keypress: up
479.0310 	EXP 	unnamed TextStim: text = '↑'
480.6651 	DATA 	Keypress: up
480.6812 	EXP 	unnamed TextStim: height = 25.0
480.6812 	EXP 	unnamed TextStim: height = 25.0
480.6812 	EXP 	unnamed TextStim: height = 25.0
480.6812 	EXP 	unnamed TextStim: text = '↓'
482.6479 	EXP 	unnamed TextStim: height = 25.0
482.6479 	EXP 	unnamed TextStim: height = 25.0
482.6479 	EXP 	unnamed TextStim: height = 25.0
482.6479 	EXP 	unnamed TextStim: text = '↑'
482.7658 	DATA 	Keypress: down
484.3319 	DATA 	Keypress: up
484.3479 	EXP 	unnamed TextStim: height = 25.0
484.3479 	EXP 	unnamed TextStim: height = 25.0
484.3479 	EXP 	unnamed TextStim: height = 25.0
484.3479 	EXP 	unnamed TextStim: text = '→'
485.9653 	DATA 	Keypress: right
486.1235 	EXP 	Created unnamed ImageStim = ImageStim(__class__=<class 'psychopy.visual.image.ImageStim'>, anchor=('center', 'center'), autoLog=True, color=array([1., 1., 1.]), colorSpace='rgb', contrast=1.0, depth=0, flipHoriz=False, flipVert=False, image='break.jpg', interpolate=True, mask=None, maskParams=None, name='unnamed ImageStim', opacity=1.0, ori=0.0, pos=array([0., 0.]), size=array([1536.,  864.]), texRes=128, units='pix', win=Window(...))
487.5665 	DATA 	Keypress: space
487.5813 	EXP 	unnamed TextStim: height = 25.0
487.5813 	EXP 	unnamed TextStim: height = 25.0
487.5813 	EXP 	unnamed TextStim: height = 25.0
487.5813 	EXP 	unnamed TextStim: text = '↑'
489.1154 	DATA 	Keypress: up
489.1315 	EXP 	unnamed TextStim: height = 25.0
489.1315 	EXP 	unnamed TextStim: height = 25.0
489.1315 	EXP 	unnamed TextStim: height = 25.0
489.1315 	EXP 	unnamed TextStim: text = '↓'
491.0321 	DATA 	Keypress: down
491.0483 	EXP 	unnamed TextStim: text = '↓'
492.7155 	DATA 	Keypress: down
492.7317 	EXP 	unnamed TextStim: height = 25.0
492.7317 	EXP 	unnamed TextStim: height = 25.0
492.7317 	EXP 	unnamed TextStim: height = 25.0
492.7317 	EXP 	unnamed TextStim: text = '←'
494.1491 	DATA 	Keypress: left
494.1651 	EXP 	unnamed TextStim: height = 25.0
494.1651 	EXP 	unnamed TextStim: height = 25.0
494.1651 	EXP 	unnamed TextStim: height = 25.0
494.1651 	EXP 	unnamed TextStim: text = '↑'
495.7656 	DATA 	Keypress: up
495.7818 	EXP 	unnamed TextStim: height = 25.0
495.7818 	EXP 	unnamed TextStim: height = 25.0
495.7818 	EXP 	unnamed TextStim: height = 25.0
495.7818 	EXP 	unnamed TextStim: text = '←'
497.4823 	DATA 	Keypress: left
497.4984 	EXP 	unnamed TextStim: height = 25.0
497.4984 	EXP 	unnamed TextStim: height = 25.0
497.4984 	EXP 	unnamed TextStim: height = 25.0
497.4984 	EXP 	unnamed TextStim: text = '↑'
499.1823 	DATA 	Keypress: up
499.1985 	EXP 	unnamed TextStim: height = 25.0
499.1985 	EXP 	unnamed TextStim: height = 25.0
499.1985 	EXP 	unnamed TextStim: height = 25.0
499.1985 	EXP 	unnamed TextStim: text = '→'
500.9658 	DATA 	Keypress: right
500.9820 	EXP 	unnamed TextStim: height = 25.0
500.9820 	EXP 	unnamed TextStim: height = 25.0
500.9820 	EXP 	unnamed TextStim: height = 25.0
500.9820 	EXP 	unnamed TextStim: text = '←'
502.5493 	DATA 	Keypress: left
502.5653 	EXP 	unnamed TextStim: text = '←'
503.9327 	DATA 	Keypress: left
503.9487 	EXP 	unnamed TextStim: height = 25.0
503.9487 	EXP 	unnamed TextStim: height = 25.0
503.9487 	EXP 	unnamed TextStim: height = 25.0
503.9487 	EXP 	unnamed TextStim: text = '↑'
505.7493 	DATA 	Keypress: up
505.7654 	EXP 	unnamed TextStim: height = 25.0
505.7654 	EXP 	unnamed TextStim: height = 25.0
505.7654 	EXP 	unnamed TextStim: height = 25.0
505.7654 	EXP 	unnamed TextStim: text = '↓'
507.6327 	DATA 	Keypress: down
507.6489 	EXP 	unnamed TextStim: height = 25.0
507.6489 	EXP 	unnamed TextStim: height = 25.0
507.6489 	EXP 	unnamed TextStim: height = 25.0
507.6489 	EXP 	unnamed TextStim: text = '→'
509.3826 	DATA 	Keypress: right
509.3989 	EXP 	unnamed TextStim: text = '→'
511.3496 	DATA 	Keypress: right
511.3657 	EXP 	unnamed TextStim: height = 25.0
511.3657 	EXP 	unnamed TextStim: height = 25.0
511.3657 	EXP 	unnamed TextStim: height = 25.0
511.3657 	EXP 	unnamed TextStim: text = '←'
513.3163 	DATA 	Keypress: left
513.3324 	EXP 	unnamed TextStim: height = 25.0
513.3324 	EXP 	unnamed TextStim: height = 25.0
513.3324 	EXP 	unnamed TextStim: height = 25.0
513.3324 	EXP 	unnamed TextStim: text = '↓'
514.8519 	DATA 	Keypress: down
514.8825 	EXP 	unnamed TextStim: text = '↓'
516.2164 	DATA 	Keypress: down
516.2326 	EXP 	unnamed TextStim: text = '↓'
517.9163 	DATA 	Keypress: down
517.9326 	EXP 	unnamed TextStim: text = '↓'
519.4998 	DATA 	Keypress: down
519.6764 	EXP 	Created unnamed ImageStim = ImageStim(__class__=<class 'psychopy.visual.image.ImageStim'>, anchor=('center', 'center'), autoLog=True, color=array([1., 1., 1.]), colorSpace='rgb', contrast=1.0, depth=0, flipHoriz=False, flipVert=False, image='break.jpg', interpolate=True, mask=None, maskParams=None, name='unnamed ImageStim', opacity=1.0, ori=0.0, pos=array([0., 0.]), size=array([1536.,  864.]), texRes=128, units='pix', win=Window(...))
520.8667 	DATA 	Keypress: space
520.8825 	EXP 	unnamed TextStim: text = '↓'
522.8499 	DATA 	Keypress: down
522.8659 	EXP 	unnamed TextStim: height = 25.0
522.8659 	EXP 	unnamed TextStim: height = 25.0
522.8659 	EXP 	unnamed TextStim: height = 25.0
522.8659 	EXP 	unnamed TextStim: text = '↑'
524.4167 	DATA 	Keypress: up
524.4329 	EXP 	unnamed TextStim: height = 25.0
524.4329 	EXP 	unnamed TextStim: height = 25.0
524.4329 	EXP 	unnamed TextStim: height = 25.0
524.4329 	EXP 	unnamed TextStim: text = '→'
526.1501 	DATA 	Keypress: right
526.1663 	EXP 	unnamed TextStim: text = '→'
527.7001 	DATA 	Keypress: left
527.7162 	EXP 	unnamed TextStim: height = 25.0
527.7162 	EXP 	unnamed TextStim: height = 25.0
527.7162 	EXP 	unnamed TextStim: height = 25.0
527.7162 	EXP 	unnamed TextStim: text = '↓'
529.3501 	DATA 	Keypress: down
529.3663 	EXP 	unnamed TextStim: text = '↓'
531.1335 	DATA 	Keypress: down
531.1497 	EXP 	unnamed TextStim: height = 25.0
531.1497 	EXP 	unnamed TextStim: height = 25.0
531.1497 	EXP 	unnamed TextStim: height = 25.0
531.1497 	EXP 	unnamed TextStim: text = '←'
532.8004 	DATA 	Keypress: left
532.8165 	EXP 	unnamed TextStim: height = 25.0
532.8165 	EXP 	unnamed TextStim: height = 25.0
532.8165 	EXP 	unnamed TextStim: height = 25.0
532.8165 	EXP 	unnamed TextStim: text = '↑'
534.5338 	DATA 	Keypress: up
534.5499 	EXP 	unnamed TextStim: height = 25.0
534.5499 	EXP 	unnamed TextStim: height = 25.0
534.5499 	EXP 	unnamed TextStim: height = 25.0
534.5499 	EXP 	unnamed TextStim: text = '←'
536.2504 	DATA 	Keypress: left
536.2667 	EXP 	unnamed TextStim: height = 25.0
536.2667 	EXP 	unnamed TextStim: height = 25.0
536.2667 	EXP 	unnamed TextStim: height = 25.0
536.2667 	EXP 	unnamed TextStim: text = '→'
537.9168 	DATA 	Keypress: right
537.9332 	EXP 	unnamed TextStim: text = '→'
539.6005 	DATA 	Keypress: right
539.6168 	EXP 	unnamed TextStim: height = 25.0
539.6168 	EXP 	unnamed TextStim: height = 25.0
539.6168 	EXP 	unnamed TextStim: height = 25.0
539.6168 	EXP 	unnamed TextStim: text = '↓'
541.2521 	DATA 	Keypress: down
541.2837 	EXP 	unnamed TextStim: height = 25.0
541.2837 	EXP 	unnamed TextStim: height = 25.0
541.2837 	EXP 	unnamed TextStim: height = 25.0
541.2837 	EXP 	unnamed TextStim: text = '←'
542.8173 	DATA 	Keypress: left
542.8335 	EXP 	unnamed TextStim: height = 25.0
542.8335 	EXP 	unnamed TextStim: height = 25.0
542.8335 	EXP 	unnamed TextStim: height = 25.0
542.8335 	EXP 	unnamed TextStim: text = '↓'
544.7669 	DATA 	Keypress: down
544.7834 	EXP 	unnamed TextStim: height = 25.0
544.7834 	EXP 	unnamed TextStim: height = 25.0
544.7834 	EXP 	unnamed TextStim: height = 25.0
544.7834 	EXP 	unnamed TextStim: text = '←'
546.5843 	DATA 	Keypress: left
546.6003 	EXP 	unnamed TextStim: height = 25.0
546.6003 	EXP 	unnamed TextStim: height = 25.0
546.6003 	EXP 	unnamed TextStim: height = 25.0
546.6003 	EXP 	unnamed TextStim: text = '↓'
548.1010 	DATA 	Keypress: down
548.1171 	EXP 	unnamed TextStim: height = 25.0
548.1171 	EXP 	unnamed TextStim: height = 25.0
548.1171 	EXP 	unnamed TextStim: height = 25.0
548.1171 	EXP 	unnamed TextStim: text = '→'
549.9839 	DATA 	Keypress: right
550.0002 	EXP 	unnamed TextStim: text = '→'
551.9192 	DATA 	Keypress: right
551.9505 	EXP 	unnamed TextStim: height = 25.0
551.9505 	EXP 	unnamed TextStim: height = 25.0
551.9505 	EXP 	unnamed TextStim: height = 25.0
551.9505 	EXP 	unnamed TextStim: text = '↑'
553.4344 	DATA 	Keypress: up
553.5917 	EXP 	Created unnamed ImageStim = ImageStim(__class__=<class 'psychopy.visual.image.ImageStim'>, anchor=('center', 'center'), autoLog=True, color=array([1., 1., 1.]), colorSpace='rgb', contrast=1.0, depth=0, flipHoriz=False, flipVert=False, image='break.jpg', interpolate=True, mask=None, maskParams=None, name='unnamed ImageStim', opacity=1.0, ori=0.0, pos=array([0., 0.]), size=array([1536.,  864.]), texRes=128, units='pix', win=Window(...))
556.1208 	DATA 	Keypress: space
556.1339 	EXP 	unnamed TextStim: text = '↑'
557.9008 	EXP 	unnamed TextStim: height = 25.0
557.9008 	EXP 	unnamed TextStim: height = 25.0
557.9008 	EXP 	unnamed TextStim: height = 25.0
557.9008 	EXP 	unnamed TextStim: text = '→'
558.1187 	DATA 	Keypress: up
559.6847 	DATA 	Keypress: right
559.7008 	EXP 	unnamed TextStim: height = 25.0
559.7008 	EXP 	unnamed TextStim: height = 25.0
559.7008 	EXP 	unnamed TextStim: height = 25.0
559.7008 	EXP 	unnamed TextStim: text = '↑'
561.2346 	DATA 	Keypress: up
561.2509 	EXP 	unnamed TextStim: height = 25.0
561.2509 	EXP 	unnamed TextStim: height = 25.0
561.2509 	EXP 	unnamed TextStim: height = 25.0
561.2509 	EXP 	unnamed TextStim: text = '←'
562.6681 	DATA 	Keypress: left
562.6843 	EXP 	unnamed TextStim: height = 25.0
562.6843 	EXP 	unnamed TextStim: height = 25.0
562.6843 	EXP 	unnamed TextStim: height = 25.0
562.6843 	EXP 	unnamed TextStim: text = '→'
564.0847 	DATA 	Keypress: right
564.1010 	EXP 	unnamed TextStim: text = '→'
565.6846 	DATA 	Keypress: left
565.7009 	EXP 	unnamed TextStim: height = 25.0
565.7009 	EXP 	unnamed TextStim: height = 25.0
565.7009 	EXP 	unnamed TextStim: height = 25.0
565.7009 	EXP 	unnamed TextStim: text = '←'
567.4683 	DATA 	Keypress: left
567.4845 	EXP 	unnamed TextStim: text = '←'
569.1350 	DATA 	Keypress: left
569.1512 	EXP 	unnamed TextStim: text = '←'
570.8518 	DATA 	Keypress: left
570.8679 	EXP 	unnamed TextStim: text = '←'
572.2851 	DATA 	Keypress: left
572.3013 	EXP 	unnamed TextStim: height = 25.0
572.3013 	EXP 	unnamed TextStim: height = 25.0
572.3013 	EXP 	unnamed TextStim: height = 25.0
572.3013 	EXP 	unnamed TextStim: text = '→'
574.0020 	DATA 	Keypress: right
574.0180 	EXP 	unnamed TextStim: height = 25.0
574.0180 	EXP 	unnamed TextStim: height = 25.0
574.0180 	EXP 	unnamed TextStim: height = 25.0
574.0180 	EXP 	unnamed TextStim: text = '↓'
575.5019 	DATA 	Keypress: down
575.5181 	EXP 	unnamed TextStim: height = 25.0
575.5181 	EXP 	unnamed TextStim: height = 25.0
575.5181 	EXP 	unnamed TextStim: height = 25.0
575.5181 	EXP 	unnamed TextStim: text = '←'
577.0187 	DATA 	Keypress: left
577.0348 	EXP 	unnamed TextStim: text = '←'
578.4522 	DATA 	Keypress: left
578.4682 	EXP 	unnamed TextStim: text = '←'
579.9021 	DATA 	Keypress: left
579.9182 	EXP 	unnamed TextStim: text = '←'
581.4021 	DATA 	Keypress: left
581.4182 	EXP 	unnamed TextStim: height = 25.0
581.4182 	EXP 	unnamed TextStim: height = 25.0
581.4182 	EXP 	unnamed TextStim: height = 25.0
581.4182 	EXP 	unnamed TextStim: text = '↑'
582.9356 	DATA 	Keypress: up
582.9517 	EXP 	unnamed TextStim: height = 25.0
582.9517 	EXP 	unnamed TextStim: height = 25.0
582.9517 	EXP 	unnamed TextStim: height = 25.0
582.9517 	EXP 	unnamed TextStim: text = '↓'
584.4537 	DATA 	Keypress: down
584.4851 	EXP 	unnamed TextStim: height = 25.0
584.4851 	EXP 	unnamed TextStim: height = 25.0
584.4851 	EXP 	unnamed TextStim: height = 25.0
584.4851 	EXP 	unnamed TextStim: text = '↑'
586.2521 	DATA 	Keypress: up
586.4085 	EXP 	Created unnamed ImageStim = ImageStim(__class__=<class 'psychopy.visual.image.ImageStim'>, anchor=('center', 'center'), autoLog=True, color=array([1., 1., 1.]), colorSpace='rgb', contrast=1.0, depth=0, flipHoriz=False, flipVert=False, image='break.jpg', interpolate=True, mask=None, maskParams=None, name='unnamed ImageStim', opacity=1.0, ori=0.0, pos=array([0., 0.]), size=array([1536.,  864.]), texRes=128, units='pix', win=Window(...))
586.9964 	DATA 	Keypress: space
587.0015 	EXP 	unnamed TextStim: height = 25.0
587.0015 	EXP 	unnamed TextStim: height = 25.0
587.0015 	EXP 	unnamed TextStim: height = 25.0
587.0015 	EXP 	unnamed TextStim: text = '→'
588.7358 	DATA 	Keypress: right
588.7518 	EXP 	unnamed TextStim: height = 25.0
588.7518 	EXP 	unnamed TextStim: height = 25.0
588.7518 	EXP 	unnamed TextStim: height = 25.0
588.7518 	EXP 	unnamed TextStim: text = '←'
590.5693 	DATA 	Keypress: left
590.5854 	EXP 	unnamed TextStim: text = '←'
592.5027 	DATA 	Keypress: left
592.5188 	EXP 	unnamed TextStim: height = 25.0
592.5188 	EXP 	unnamed TextStim: height = 25.0
592.5188 	EXP 	unnamed TextStim: height = 25.0
592.5188 	EXP 	unnamed TextStim: text = '↓'
594.1193 	DATA 	Keypress: down
594.1355 	EXP 	unnamed TextStim: height = 25.0
594.1355 	EXP 	unnamed TextStim: height = 25.0
594.1355 	EXP 	unnamed TextStim: height = 25.0
594.1355 	EXP 	unnamed TextStim: text = '→'
595.8694 	DATA 	Keypress: right
595.8855 	EXP 	unnamed TextStim: height = 25.0
595.8855 	EXP 	unnamed TextStim: height = 25.0
595.8855 	EXP 	unnamed TextStim: height = 25.0
595.8855 	EXP 	unnamed TextStim: text = '←'
597.4856 	DATA 	Keypress: left
597.5021 	EXP 	unnamed TextStim: height = 25.0
597.5021 	EXP 	unnamed TextStim: height = 25.0
597.5021 	EXP 	unnamed TextStim: height = 25.0
597.5021 	EXP 	unnamed TextStim: text = '↑'
599.3695 	DATA 	Keypress: up
599.3856 	EXP 	unnamed TextStim: height = 25.0
599.3856 	EXP 	unnamed TextStim: height = 25.0
599.3856 	EXP 	unnamed TextStim: height = 25.0
599.3856 	EXP 	unnamed TextStim: text = '→'
601.0196 	DATA 	Keypress: left
601.0357 	EXP 	unnamed TextStim: text = '→'
602.7030 	DATA 	Keypress: right
602.7191 	EXP 	unnamed TextStim: height = 25.0
602.7191 	EXP 	unnamed TextStim: height = 25.0
602.7191 	EXP 	unnamed TextStim: height = 25.0
602.7191 	EXP 	unnamed TextStim: text = '←'
604.3194 	DATA 	Keypress: left
604.3358 	EXP 	unnamed TextStim: height = 25.0
604.3358 	EXP 	unnamed TextStim: height = 25.0
604.3358 	EXP 	unnamed TextStim: height = 25.0
604.3358 	EXP 	unnamed TextStim: text = '↑'
605.9865 	DATA 	Keypress: up
606.0026 	EXP 	unnamed TextStim: height = 25.0
606.0026 	EXP 	unnamed TextStim: height = 25.0
606.0026 	EXP 	unnamed TextStim: height = 25.0
606.0026 	EXP 	unnamed TextStim: text = '↓'
607.5532 	DATA 	Keypress: down
607.5693 	EXP 	unnamed TextStim: text = '↓'
609.2033 	DATA 	Keypress: down
609.2194 	EXP 	unnamed TextStim: height = 25.0
609.2194 	EXP 	unnamed TextStim: height = 25.0
609.2194 	EXP 	unnamed TextStim: height = 25.0
609.2194 	EXP 	unnamed TextStim: text = '←'
610.8699 	DATA 	Keypress: left
610.8861 	EXP 	unnamed TextStim: height = 25.0
610.8861 	EXP 	unnamed TextStim: height = 25.0
610.8861 	EXP 	unnamed TextStim: height = 25.0
610.8861 	EXP 	unnamed TextStim: text = '↑'
612.5200 	DATA 	Keypress: up
612.5361 	EXP 	unnamed TextStim: height = 25.0
612.5361 	EXP 	unnamed TextStim: height = 25.0
612.5361 	EXP 	unnamed TextStim: height = 25.0
612.5361 	EXP 	unnamed TextStim: text = '←'
613.9868 	DATA 	Keypress: left
614.0029 	EXP 	unnamed TextStim: height = 25.0
614.0029 	EXP 	unnamed TextStim: height = 25.0
614.0029 	EXP 	unnamed TextStim: height = 25.0
614.0029 	EXP 	unnamed TextStim: text = '→'
615.6700 	DATA 	Keypress: right
615.6863 	EXP 	unnamed TextStim: height = 25.0
615.6863 	EXP 	unnamed TextStim: height = 25.0
615.6863 	EXP 	unnamed TextStim: height = 25.0
615.6863 	EXP 	unnamed TextStim: text = '↓'
617.1698 	DATA 	Keypress: down
617.1860 	EXP 	unnamed TextStim: text = '↓'
619.1035 	DATA 	Keypress: down
619.2669 	EXP 	Created unnamed ImageStim = ImageStim(__class__=<class 'psychopy.visual.image.ImageStim'>, anchor=('center', 'center'), autoLog=True, color=array([1., 1., 1.]), colorSpace='rgb', contrast=1.0, depth=0, flipHoriz=False, flipVert=False, image='break.jpg', interpolate=True, mask=None, maskParams=None, name='unnamed ImageStim', opacity=1.0, ori=0.0, pos=array([0., 0.]), size=array([1536.,  864.]), texRes=128, units='pix', win=Window(...))
620.1261 	DATA 	Keypress: space
620.1464 	EXP 	Created unnamed TextStim = TextStim(__class__=<class 'psychopy.visual.text.TextStim'>, alignHoriz=method-wrapper(...), alignText='center', alignVert=method-wrapper(...), anchorHoriz='center', anchorVert='center', antialias=True, autoDraw=False, autoLog=True, bold=False, color=array([-1, -1, -1]), colorSpace='rgb', contrast=1.0, depth=0, flipHoriz=False, flipVert=False, font='', fontFiles=[], height=28.0, italic=False, languageStyle='LTR', name='unnamed TextStim', opacity=1.0, ori=0.0, pos=array([0., 0.]), rgb=UNKNOWN, text=str(...), units='pix', win=Window(...), wrapWidth=1536)
636.2697 	DATA 	Keypress: space
636.3698 	EXP 	window1: mouseVisible = True
