21.2728 	INFO 	FRAME RATE: 60
21.2729 	INFO 	SCREEN RES: [1920, 1080]
21.3303 	EXP 	Created unnamed TextStim = TextStim(__class__=<class 'psychopy.visual.text.TextStim'>, alignHoriz=method-wrapper(...), alignText='center', alignVert=method-wrapper(...), anchorHoriz='center', anchorVert='center', antialias=True, autoDraw=False, autoLog=True, bold=False, color=array([0.00392157, 0.00392157, 0.00392157]), colorSpace='rgb', contrast=1.0, depth=0, flipHoriz=False, flipVert=False, font='', fontFiles=[], height=40.0, italic=False, languageStyle='LTR', name='unnamed TextStim', opacity=1.0, ori=0.0, pos=array([0., 0.]), rgb=UNKNOWN, text='Poprawna odpowiedź', units='pix', win=Window(...), wrapWidth=500)
21.3332 	EXP 	Created unnamed TextStim = TextStim(__class__=<class 'psychopy.visual.text.TextStim'>, alignHoriz=method-wrapper(...), alignText='center', alignVert=method-wrapper(...), anchorHoriz='center', anchorVert='center', antialias=True, autoDraw=False, autoLog=True, bold=False, color=array([0.00392157, 0.00392157, 0.00392157]), colorSpace='rgb', contrast=1.0, depth=0, flipHoriz=False, flipVert=False, font='', fontFiles=[], height=40.0, italic=False, languageStyle='LTR', name='unnamed TextStim', opacity=1.0, ori=0.0, pos=array([0., 0.]), rgb=UNKNOWN, text='Niepoprawna odpowiedź', units='pix', win=Window(...), wrapWidth=500)
21.3372 	EXP 	Created unnamed TextStim = TextStim(__class__=<class 'psychopy.visual.text.TextStim'>, alignHoriz=method-wrapper(...), alignText='center', alignVert=method-wrapper(...), anchorHoriz='center', anchorVert='center', antialias=True, autoDraw=False, autoLog=True, bold=False, color=array([0.00392157, 0.00392157, 0.00392157]), colorSpace='rgb', contrast=1.0, depth=0, flipHoriz=False, flipVert=False, font='', fontFiles=[], height=40.0, italic=False, languageStyle='LTR', name='unnamed TextStim', opacity=1.0, ori=0.0, pos=array([0., 0.]), rgb=UNKNOWN, text='Nie udzieliłeś odpowiedzi', units='pix', win=Window(...), wrapWidth=500)
21.4097 	EXP 	Created unnamed ImageStim = ImageStim(__class__=<class 'psychopy.visual.image.ImageStim'>, anchor=('center', 'center'), autoLog=True, color=array([1., 1., 1.]), colorSpace='rgb', contrast=1.0, depth=0, flipHoriz=False, flipVert=False, image='.\\stims\\SQUARES_LEFT.bmp', interpolate=False, mask=None, maskParams=None, name='unnamed ImageStim', opacity=1.0, ori=0.0, pos=array([0., 0.]), size=array([960., 720.]), texRes=128, units='pix', win=Window(...))
21.4813 	EXP 	Created unnamed ImageStim = ImageStim(__class__=<class 'psychopy.visual.image.ImageStim'>, anchor=('center', 'center'), autoLog=True, color=array([1., 1., 1.]), colorSpace='rgb', contrast=1.0, depth=0, flipHoriz=False, flipVert=False, image='.\\stims\\SQUARES_RIGHT.bmp', interpolate=False, mask=None, maskParams=None, name='unnamed ImageStim', opacity=1.0, ori=0.0, pos=array([0., 0.]), size=array([960., 720.]), texRes=128, units='pix', win=Window(...))
21.5496 	EXP 	Created unnamed ImageStim = ImageStim(__class__=<class 'psychopy.visual.image.ImageStim'>, anchor=('center', 'center'), autoLog=True, color=array([1., 1., 1.]), colorSpace='rgb', contrast=1.0, depth=0, flipHoriz=False, flipVert=False, image='.\\stims\\SQUARES_MASK.bmp', interpolate=False, mask=None, maskParams=None, name='unnamed ImageStim', opacity=1.0, ori=0.0, pos=array([0., 0.]), size=array([960., 720.]), texRes=128, units='pix', win=Window(...))
21.5618 	EXP 	Created unnamed TextStim = TextStim(__class__=<class 'psychopy.visual.text.TextStim'>, alignHoriz=method-wrapper(...), alignText='center', alignVert=method-wrapper(...), anchorHoriz='center', anchorVert='center', antialias=True, autoDraw=False, autoLog=True, bold=False, color=array([0.00392157, 0.00392157, 0.00392157]), colorSpace='rgb', contrast=1.0, depth=0, flipHoriz=False, flipVert=False, font='', fontFiles=[], height=100.0, italic=False, languageStyle='LTR', name='unnamed TextStim', opacity=1.0, ori=0.0, pos=array([0., 0.]), rgb=UNKNOWN, text='+', units='pix', win=Window(...), wrapWidth=500)
21.5671 	EXP 	Created unnamed TextStim = TextStim(__class__=<class 'psychopy.visual.text.TextStim'>, alignHoriz=method-wrapper(...), alignText='center', alignVert=method-wrapper(...), anchorHoriz='center', anchorVert='center', antialias=True, autoDraw=False, autoLog=True, bold=False, color=array([0.00392157, 0.00392157, 0.00392157]), colorSpace='rgb', contrast=1.0, depth=0, flipHoriz=False, flipVert=False, font='', fontFiles=[], height=30.0, italic=False, languageStyle='LTR', name='unnamed TextStim', opacity=1.0, ori=0.0, pos=array([   0., -200.]), rgb=UNKNOWN, text='←       →', units='pix', win=Window(...), wrapWidth=500)
21.5770 	EXP 	Created unnamed TextStim = TextStim(__class__=<class 'psychopy.visual.text.TextStim'>, alignHoriz=method-wrapper(...), alignText='center', alignVert=method-wrapper(...), anchorHoriz='center', anchorVert='center', antialias=True, autoDraw=False, autoLog=True, bold=False, color=array([0.00392157, 0.00392157, 0.00392157]), colorSpace='rgb', contrast=1.0, depth=0, flipHoriz=False, flipVert=False, font='', fontFiles=[], height=20.0, italic=False, languageStyle='LTR', name='unnamed TextStim', opacity=1.0, ori=0.0, pos=array([   0., -180.]), rgb=UNKNOWN, text='Gdzie pojawił się OBROCONY kwadrat?', units='pix', win=Window(...), wrapWidth=500)
21.6061 	EXP 	Created unnamed TextStim = TextStim(__class__=<class 'psychopy.visual.text.TextStim'>, alignHoriz=method-wrapper(...), alignText='center', alignVert=method-wrapper(...), anchorHoriz='center', anchorVert='center', antialias=True, autoDraw=False, autoLog=True, bold=False, color=array([0.00392157, 0.00392157, 0.00392157]), colorSpace='rgb', contrast=1.0, depth=0, flipHoriz=False, flipVert=False, font='', fontFiles=[], height=20.0, italic=False, languageStyle='LTR', name='unnamed TextStim', opacity=1.0, ori=0.0, pos=array([0., 0.]), rgb=UNKNOWN, text=str(...), units='pix', win=Window(...), wrapWidth=1920)
102.7738 	DATA 	Keypress: space
105.5772 	DATA 	Keypress: right
108.8928 	DATA 	Keypress: left
111.7763 	DATA 	Keypress: right
114.7762 	DATA 	Keypress: right
117.7931 	DATA 	Keypress: left
120.6433 	DATA 	Keypress: right
123.4767 	DATA 	Keypress: left
126.1769 	DATA 	Keypress: right
129.1602 	DATA 	Keypress: right
132.1773 	DATA 	Keypress: left
134.7437 	DATA 	Keypress: right
137.4771 	DATA 	Keypress: right
140.3107 	DATA 	Keypress: left
143.0441 	DATA 	Keypress: right
145.8274 	DATA 	Keypress: left
148.5944 	DATA 	Keypress: left
151.3111 	DATA 	Keypress: left
154.2279 	DATA 	Keypress: left
156.9779 	DATA 	Keypress: right
159.6948 	DATA 	Keypress: left
161.0388 	EXP 	Created unnamed TextStim = TextStim(__class__=<class 'psychopy.visual.text.TextStim'>, alignHoriz=method-wrapper(...), alignText='center', alignVert=method-wrapper(...), anchorHoriz='center', anchorVert='center', antialias=True, autoDraw=False, autoLog=True, bold=False, color=array([0.00392157, 0.00392157, 0.00392157]), colorSpace='rgb', contrast=1.0, depth=0, flipHoriz=False, flipVert=False, font='', fontFiles=[], height=20.0, italic=False, languageStyle='LTR', name='unnamed TextStim', opacity=1.0, ori=0.0, pos=array([0., 0.]), rgb=UNKNOWN, text=str(...), units='pix', win=Window(...), wrapWidth=1920)
180.5901 	DATA 	Keypress: space
186.9120 	DATA 	Keypress: left
188.2958 	DATA 	Keypress: right
190.8125 	DATA 	Keypress: right
194.9961 	DATA 	Keypress: right
197.5629 	DATA 	Keypress: right
200.8963 	DATA 	Keypress: right
203.0964 	DATA 	Keypress: left
205.2796 	DATA 	Keypress: left
207.6978 	DATA 	Keypress: right
210.4134 	DATA 	Keypress: right
213.6149 	DATA 	Keypress: left
216.0467 	DATA 	Keypress: right
218.9969 	DATA 	Keypress: right
221.1803 	DATA 	Keypress: right
223.5651 	DATA 	Keypress: left
226.4140 	DATA 	Keypress: right
231.2974 	DATA 	Keypress: left
234.1640 	DATA 	Keypress: right
236.8141 	DATA 	Keypress: right
239.1974 	DATA 	Keypress: right
241.5811 	DATA 	Keypress: left
244.3642 	DATA 	Keypress: left
246.8491 	DATA 	Keypress: right
250.9482 	DATA 	Keypress: right
254.2650 	DATA 	Keypress: left
268.4156 	DATA 	Keypress: left
271.1156 	DATA 	Keypress: right
273.6988 	DATA 	Keypress: right
276.9002 	DATA 	Keypress: left
283.9043 	EXP 	Created unnamed ImageStim = ImageStim(__class__=<class 'psychopy.visual.image.ImageStim'>, anchor=('center', 'center'), autoLog=True, color=array([1., 1., 1.]), colorSpace='rgb', contrast=1.0, depth=0, flipHoriz=False, flipVert=False, image='.\\stims\\CIRCLES_LEFT.bmp', interpolate=False, mask=None, maskParams=None, name='unnamed ImageStim', opacity=1.0, ori=0.0, pos=array([0., 0.]), size=array([960., 720.]), texRes=128, units='pix', win=Window(...))
283.9731 	EXP 	Created unnamed ImageStim = ImageStim(__class__=<class 'psychopy.visual.image.ImageStim'>, anchor=('center', 'center'), autoLog=True, color=array([1., 1., 1.]), colorSpace='rgb', contrast=1.0, depth=0, flipHoriz=False, flipVert=False, image='.\\stims\\CIRCLES_RIGHT.bmp', interpolate=False, mask=None, maskParams=None, name='unnamed ImageStim', opacity=1.0, ori=0.0, pos=array([0., 0.]), size=array([960., 720.]), texRes=128, units='pix', win=Window(...))
284.0398 	EXP 	Created unnamed ImageStim = ImageStim(__class__=<class 'psychopy.visual.image.ImageStim'>, anchor=('center', 'center'), autoLog=True, color=array([1., 1., 1.]), colorSpace='rgb', contrast=1.0, depth=0, flipHoriz=False, flipVert=False, image='.\\stims\\CIRCLES_MASK.bmp', interpolate=False, mask=None, maskParams=None, name='unnamed ImageStim', opacity=1.0, ori=0.0, pos=array([0., 0.]), size=array([960., 720.]), texRes=128, units='pix', win=Window(...))
284.0483 	EXP 	Created unnamed TextStim = TextStim(__class__=<class 'psychopy.visual.text.TextStim'>, alignHoriz=method-wrapper(...), alignText='center', alignVert=method-wrapper(...), anchorHoriz='center', anchorVert='center', antialias=True, autoDraw=False, autoLog=True, bold=False, color=array([0.00392157, 0.00392157, 0.00392157]), colorSpace='rgb', contrast=1.0, depth=0, flipHoriz=False, flipVert=False, font='', fontFiles=[], height=100.0, italic=False, languageStyle='LTR', name='unnamed TextStim', opacity=1.0, ori=0.0, pos=array([0., 0.]), rgb=UNKNOWN, text='+', units='pix', win=Window(...), wrapWidth=500)
284.0602 	EXP 	Created unnamed TextStim = TextStim(__class__=<class 'psychopy.visual.text.TextStim'>, alignHoriz=method-wrapper(...), alignText='center', alignVert=method-wrapper(...), anchorHoriz='center', anchorVert='center', antialias=True, autoDraw=False, autoLog=True, bold=False, color=array([0.00392157, 0.00392157, 0.00392157]), colorSpace='rgb', contrast=1.0, depth=0, flipHoriz=False, flipVert=False, font='', fontFiles=[], height=30.0, italic=False, languageStyle='LTR', name='unnamed TextStim', opacity=1.0, ori=0.0, pos=array([   0., -200.]), rgb=UNKNOWN, text='←       →', units='pix', win=Window(...), wrapWidth=500)
284.0655 	EXP 	Created unnamed TextStim = TextStim(__class__=<class 'psychopy.visual.text.TextStim'>, alignHoriz=method-wrapper(...), alignText='center', alignVert=method-wrapper(...), anchorHoriz='center', anchorVert='center', antialias=True, autoDraw=False, autoLog=True, bold=False, color=array([0.00392157, 0.00392157, 0.00392157]), colorSpace='rgb', contrast=1.0, depth=0, flipHoriz=False, flipVert=False, font='', fontFiles=[], height=20.0, italic=False, languageStyle='LTR', name='unnamed TextStim', opacity=1.0, ori=0.0, pos=array([   0., -180.]), rgb=UNKNOWN, text='Gdzie pojawił się WIĘKSZY okręg?', units='pix', win=Window(...), wrapWidth=500)
284.0802 	EXP 	Created unnamed TextStim = TextStim(__class__=<class 'psychopy.visual.text.TextStim'>, alignHoriz=method-wrapper(...), alignText='center', alignVert=method-wrapper(...), anchorHoriz='center', anchorVert='center', antialias=True, autoDraw=False, autoLog=True, bold=False, color=array([0.00392157, 0.00392157, 0.00392157]), colorSpace='rgb', contrast=1.0, depth=0, flipHoriz=False, flipVert=False, font='', fontFiles=[], height=20.0, italic=False, languageStyle='LTR', name='unnamed TextStim', opacity=1.0, ori=0.0, pos=array([0., 0.]), rgb=UNKNOWN, text=str(...), units='pix', win=Window(...), wrapWidth=1920)
298.1311 	DATA 	Keypress: space
299.4162 	DATA 	Keypress: left
302.1165 	DATA 	Keypress: left
305.3833 	DATA 	Keypress: left
308.1670 	DATA 	Keypress: right
309.4666 	DATA 	Keypress: right
312.0003 	DATA 	Keypress: left
313.2171 	DATA 	Keypress: left
316.4838 	DATA 	Keypress: right
319.7007 	DATA 	Keypress: right
322.7007 	DATA 	Keypress: left
325.8509 	DATA 	Keypress: right
328.8677 	DATA 	Keypress: right
331.8177 	DATA 	Keypress: right
334.5844 	DATA 	Keypress: right
337.3345 	DATA 	Keypress: right
340.3349 	DATA 	Keypress: right
343.1350 	DATA 	Keypress: left
346.1184 	DATA 	Keypress: right
348.9685 	DATA 	Keypress: left
351.8020 	DATA 	Keypress: left
354.8017 	DATA 	Keypress: right
357.6686 	DATA 	Keypress: right
360.5355 	DATA 	Keypress: left
361.9939 	EXP 	Created unnamed TextStim = TextStim(__class__=<class 'psychopy.visual.text.TextStim'>, alignHoriz=method-wrapper(...), alignText='center', alignVert=method-wrapper(...), anchorHoriz='center', anchorVert='center', antialias=True, autoDraw=False, autoLog=True, bold=False, color=array([0.00392157, 0.00392157, 0.00392157]), colorSpace='rgb', contrast=1.0, depth=0, flipHoriz=False, flipVert=False, font='', fontFiles=[], height=20.0, italic=False, languageStyle='LTR', name='unnamed TextStim', opacity=1.0, ori=0.0, pos=array([0., 0.]), rgb=UNKNOWN, text=str(...), units='pix', win=Window(...), wrapWidth=1920)
381.2049 	DATA 	Keypress: space
382.4698 	DATA 	Keypress: left
384.7864 	DATA 	Keypress: left
387.0199 	DATA 	Keypress: right
389.4866 	DATA 	Keypress: right
391.7197 	DATA 	Keypress: right
394.0701 	DATA 	Keypress: right
396.2702 	DATA 	Keypress: left
398.5536 	DATA 	Keypress: right
401.0702 	DATA 	Keypress: right
403.6203 	DATA 	Keypress: left
406.4038 	DATA 	Keypress: left
409.0873 	DATA 	Keypress: left
411.6708 	DATA 	Keypress: right
414.1042 	DATA 	Keypress: right
416.4709 	DATA 	Keypress: left
419.0544 	DATA 	Keypress: left
421.6211 	DATA 	Keypress: right
424.7380 	DATA 	Keypress: right
427.2046 	DATA 	Keypress: left
430.0547 	DATA 	Keypress: right
432.4214 	DATA 	Keypress: left
437.5218 	DATA 	Keypress: left
440.0552 	DATA 	Keypress: left
445.0718 	DATA 	Keypress: right
447.9387 	DATA 	Keypress: right
450.8389 	DATA 	Keypress: left
453.7056 	DATA 	Keypress: right
456.9558 	DATA 	Keypress: right
459.4725 	DATA 	Keypress: left
461.6893 	DATA 	Keypress: right
464.6395 	DATA 	Keypress: right
467.2063 	DATA 	Keypress: right
469.4562 	DATA 	Keypress: left
470.4516 	EXP 	Created unnamed TextStim = TextStim(__class__=<class 'psychopy.visual.text.TextStim'>, alignHoriz=method-wrapper(...), alignText='center', alignVert=method-wrapper(...), anchorHoriz='center', anchorVert='center', antialias=True, autoDraw=False, autoLog=True, bold=False, color=array([0.00392157, 0.00392157, 0.00392157]), colorSpace='rgb', contrast=1.0, depth=0, flipHoriz=False, flipVert=False, font='', fontFiles=[], height=20.0, italic=False, languageStyle='LTR', name='unnamed TextStim', opacity=1.0, ori=0.0, pos=array([0., 0.]), rgb=UNKNOWN, text=str(...), units='pix', win=Window(...), wrapWidth=1920)
479.2399 	DATA 	Keypress: space
479.3031 	EXP 	window1: mouseVisible = True
